[2025-03-30T13:57:16.210+0000] {processor.py:186} INFO - Started process (PID=85) to work on /home/airflow/.local/lib/python3.12/site-packages/airflow/example_dags/example_external_task_marker_dag.py
[2025-03-30T13:57:16.211+0000] {processor.py:914} INFO - Processing file /home/airflow/.local/lib/python3.12/site-packages/airflow/example_dags/example_external_task_marker_dag.py for tasks to queue
[2025-03-30T13:57:16.214+0000] {logging_mixin.py:190} INFO - [2025-03-30T13:57:16.213+0000] {dagbag.py:588} INFO - Filling up the DagBag from /home/airflow/.local/lib/python3.12/site-packages/airflow/example_dags/example_external_task_marker_dag.py
[2025-03-30T13:57:16.222+0000] {processor.py:925} INFO - DAG(s) 'example_external_task_marker_child', 'example_external_task_marker_parent' retrieved from /home/airflow/.local/lib/python3.12/site-packages/airflow/example_dags/example_external_task_marker_dag.py
[2025-03-30T13:57:16.249+0000] {logging_mixin.py:190} INFO - [2025-03-30T13:57:16.249+0000] {dag.py:3239} INFO - Sync 2 DAGs
[2025-03-30T13:57:16.266+0000] {logging_mixin.py:190} INFO - [2025-03-30T13:57:16.265+0000] {dag.py:4180} INFO - Setting next_dagrun for example_external_task_marker_child to None, run_after=None
[2025-03-30T13:57:16.271+0000] {logging_mixin.py:190} INFO - [2025-03-30T13:57:16.270+0000] {dag.py:4180} INFO - Setting next_dagrun for example_external_task_marker_parent to None, run_after=None
[2025-03-30T13:57:16.294+0000] {processor.py:208} INFO - Processing /home/airflow/.local/lib/python3.12/site-packages/airflow/example_dags/example_external_task_marker_dag.py took 0.090 seconds
[2025-03-30T13:57:47.162+0000] {processor.py:186} INFO - Started process (PID=159) to work on /home/airflow/.local/lib/python3.12/site-packages/airflow/example_dags/example_external_task_marker_dag.py
[2025-03-30T13:57:47.164+0000] {processor.py:914} INFO - Processing file /home/airflow/.local/lib/python3.12/site-packages/airflow/example_dags/example_external_task_marker_dag.py for tasks to queue
[2025-03-30T13:57:47.167+0000] {logging_mixin.py:190} INFO - [2025-03-30T13:57:47.167+0000] {dagbag.py:588} INFO - Filling up the DagBag from /home/airflow/.local/lib/python3.12/site-packages/airflow/example_dags/example_external_task_marker_dag.py
[2025-03-30T13:57:47.176+0000] {processor.py:925} INFO - DAG(s) 'example_external_task_marker_child', 'example_external_task_marker_parent' retrieved from /home/airflow/.local/lib/python3.12/site-packages/airflow/example_dags/example_external_task_marker_dag.py
[2025-03-30T13:57:47.206+0000] {logging_mixin.py:190} INFO - [2025-03-30T13:57:47.206+0000] {dag.py:3239} INFO - Sync 2 DAGs
[2025-03-30T13:57:47.223+0000] {logging_mixin.py:190} INFO - [2025-03-30T13:57:47.223+0000] {dag.py:4180} INFO - Setting next_dagrun for example_external_task_marker_child to None, run_after=None
[2025-03-30T13:57:47.228+0000] {logging_mixin.py:190} INFO - [2025-03-30T13:57:47.228+0000] {dag.py:4180} INFO - Setting next_dagrun for example_external_task_marker_parent to None, run_after=None
[2025-03-30T13:57:47.247+0000] {processor.py:208} INFO - Processing /home/airflow/.local/lib/python3.12/site-packages/airflow/example_dags/example_external_task_marker_dag.py took 0.090 seconds
[2025-03-30T13:58:17.943+0000] {processor.py:186} INFO - Started process (PID=235) to work on /home/airflow/.local/lib/python3.12/site-packages/airflow/example_dags/example_external_task_marker_dag.py
[2025-03-30T13:58:17.944+0000] {processor.py:914} INFO - Processing file /home/airflow/.local/lib/python3.12/site-packages/airflow/example_dags/example_external_task_marker_dag.py for tasks to queue
[2025-03-30T13:58:17.946+0000] {logging_mixin.py:190} INFO - [2025-03-30T13:58:17.946+0000] {dagbag.py:588} INFO - Filling up the DagBag from /home/airflow/.local/lib/python3.12/site-packages/airflow/example_dags/example_external_task_marker_dag.py
[2025-03-30T13:58:17.955+0000] {processor.py:925} INFO - DAG(s) 'example_external_task_marker_parent', 'example_external_task_marker_child' retrieved from /home/airflow/.local/lib/python3.12/site-packages/airflow/example_dags/example_external_task_marker_dag.py
[2025-03-30T13:58:17.976+0000] {logging_mixin.py:190} INFO - [2025-03-30T13:58:17.975+0000] {dag.py:3239} INFO - Sync 2 DAGs
[2025-03-30T13:58:17.989+0000] {logging_mixin.py:190} INFO - [2025-03-30T13:58:17.989+0000] {dag.py:4180} INFO - Setting next_dagrun for example_external_task_marker_child to None, run_after=None
[2025-03-30T13:58:17.993+0000] {logging_mixin.py:190} INFO - [2025-03-30T13:58:17.992+0000] {dag.py:4180} INFO - Setting next_dagrun for example_external_task_marker_parent to None, run_after=None
[2025-03-30T13:58:18.007+0000] {processor.py:208} INFO - Processing /home/airflow/.local/lib/python3.12/site-packages/airflow/example_dags/example_external_task_marker_dag.py took 0.071 seconds
[2025-03-30T13:58:48.674+0000] {processor.py:186} INFO - Started process (PID=310) to work on /home/airflow/.local/lib/python3.12/site-packages/airflow/example_dags/example_external_task_marker_dag.py
[2025-03-30T13:58:48.675+0000] {processor.py:914} INFO - Processing file /home/airflow/.local/lib/python3.12/site-packages/airflow/example_dags/example_external_task_marker_dag.py for tasks to queue
[2025-03-30T13:58:48.677+0000] {logging_mixin.py:190} INFO - [2025-03-30T13:58:48.677+0000] {dagbag.py:588} INFO - Filling up the DagBag from /home/airflow/.local/lib/python3.12/site-packages/airflow/example_dags/example_external_task_marker_dag.py
[2025-03-30T13:58:48.685+0000] {processor.py:925} INFO - DAG(s) 'example_external_task_marker_child', 'example_external_task_marker_parent' retrieved from /home/airflow/.local/lib/python3.12/site-packages/airflow/example_dags/example_external_task_marker_dag.py
[2025-03-30T13:58:48.704+0000] {logging_mixin.py:190} INFO - [2025-03-30T13:58:48.704+0000] {dag.py:3239} INFO - Sync 2 DAGs
[2025-03-30T13:58:48.719+0000] {logging_mixin.py:190} INFO - [2025-03-30T13:58:48.718+0000] {dag.py:4180} INFO - Setting next_dagrun for example_external_task_marker_child to None, run_after=None
[2025-03-30T13:58:48.722+0000] {logging_mixin.py:190} INFO - [2025-03-30T13:58:48.722+0000] {dag.py:4180} INFO - Setting next_dagrun for example_external_task_marker_parent to None, run_after=None
[2025-03-30T13:58:48.737+0000] {processor.py:208} INFO - Processing /home/airflow/.local/lib/python3.12/site-packages/airflow/example_dags/example_external_task_marker_dag.py took 0.069 seconds
[2025-03-30T13:59:19.075+0000] {processor.py:186} INFO - Started process (PID=373) to work on /home/airflow/.local/lib/python3.12/site-packages/airflow/example_dags/example_external_task_marker_dag.py
[2025-03-30T13:59:19.076+0000] {processor.py:914} INFO - Processing file /home/airflow/.local/lib/python3.12/site-packages/airflow/example_dags/example_external_task_marker_dag.py for tasks to queue
[2025-03-30T13:59:19.078+0000] {logging_mixin.py:190} INFO - [2025-03-30T13:59:19.078+0000] {dagbag.py:588} INFO - Filling up the DagBag from /home/airflow/.local/lib/python3.12/site-packages/airflow/example_dags/example_external_task_marker_dag.py
[2025-03-30T13:59:19.085+0000] {processor.py:925} INFO - DAG(s) 'example_external_task_marker_parent', 'example_external_task_marker_child' retrieved from /home/airflow/.local/lib/python3.12/site-packages/airflow/example_dags/example_external_task_marker_dag.py
[2025-03-30T13:59:19.104+0000] {logging_mixin.py:190} INFO - [2025-03-30T13:59:19.104+0000] {dag.py:3239} INFO - Sync 2 DAGs
[2025-03-30T13:59:19.117+0000] {logging_mixin.py:190} INFO - [2025-03-30T13:59:19.116+0000] {dag.py:4180} INFO - Setting next_dagrun for example_external_task_marker_child to None, run_after=None
[2025-03-30T13:59:19.120+0000] {logging_mixin.py:190} INFO - [2025-03-30T13:59:19.120+0000] {dag.py:4180} INFO - Setting next_dagrun for example_external_task_marker_parent to None, run_after=None
[2025-03-30T13:59:19.134+0000] {processor.py:208} INFO - Processing /home/airflow/.local/lib/python3.12/site-packages/airflow/example_dags/example_external_task_marker_dag.py took 0.064 seconds
[2025-03-30T13:59:49.512+0000] {processor.py:186} INFO - Started process (PID=448) to work on /home/airflow/.local/lib/python3.12/site-packages/airflow/example_dags/example_external_task_marker_dag.py
[2025-03-30T13:59:49.513+0000] {processor.py:914} INFO - Processing file /home/airflow/.local/lib/python3.12/site-packages/airflow/example_dags/example_external_task_marker_dag.py for tasks to queue
[2025-03-30T13:59:49.515+0000] {logging_mixin.py:190} INFO - [2025-03-30T13:59:49.515+0000] {dagbag.py:588} INFO - Filling up the DagBag from /home/airflow/.local/lib/python3.12/site-packages/airflow/example_dags/example_external_task_marker_dag.py
[2025-03-30T13:59:49.522+0000] {processor.py:925} INFO - DAG(s) 'example_external_task_marker_child', 'example_external_task_marker_parent' retrieved from /home/airflow/.local/lib/python3.12/site-packages/airflow/example_dags/example_external_task_marker_dag.py
[2025-03-30T13:59:49.541+0000] {logging_mixin.py:190} INFO - [2025-03-30T13:59:49.541+0000] {dag.py:3239} INFO - Sync 2 DAGs
[2025-03-30T13:59:49.555+0000] {logging_mixin.py:190} INFO - [2025-03-30T13:59:49.555+0000] {dag.py:4180} INFO - Setting next_dagrun for example_external_task_marker_child to None, run_after=None
[2025-03-30T13:59:49.560+0000] {logging_mixin.py:190} INFO - [2025-03-30T13:59:49.560+0000] {dag.py:4180} INFO - Setting next_dagrun for example_external_task_marker_parent to None, run_after=None
[2025-03-30T13:59:49.578+0000] {processor.py:208} INFO - Processing /home/airflow/.local/lib/python3.12/site-packages/airflow/example_dags/example_external_task_marker_dag.py took 0.070 seconds
[2025-03-30T14:00:19.721+0000] {processor.py:186} INFO - Started process (PID=535) to work on /home/airflow/.local/lib/python3.12/site-packages/airflow/example_dags/example_external_task_marker_dag.py
[2025-03-30T14:00:19.722+0000] {processor.py:914} INFO - Processing file /home/airflow/.local/lib/python3.12/site-packages/airflow/example_dags/example_external_task_marker_dag.py for tasks to queue
[2025-03-30T14:00:19.728+0000] {logging_mixin.py:190} INFO - [2025-03-30T14:00:19.727+0000] {dagbag.py:588} INFO - Filling up the DagBag from /home/airflow/.local/lib/python3.12/site-packages/airflow/example_dags/example_external_task_marker_dag.py
[2025-03-30T14:00:19.740+0000] {processor.py:925} INFO - DAG(s) 'example_external_task_marker_child', 'example_external_task_marker_parent' retrieved from /home/airflow/.local/lib/python3.12/site-packages/airflow/example_dags/example_external_task_marker_dag.py
[2025-03-30T14:00:19.769+0000] {logging_mixin.py:190} INFO - [2025-03-30T14:00:19.769+0000] {dag.py:3239} INFO - Sync 2 DAGs
[2025-03-30T14:00:19.787+0000] {logging_mixin.py:190} INFO - [2025-03-30T14:00:19.787+0000] {dag.py:4180} INFO - Setting next_dagrun for example_external_task_marker_child to None, run_after=None
[2025-03-30T14:00:19.793+0000] {logging_mixin.py:190} INFO - [2025-03-30T14:00:19.792+0000] {dag.py:4180} INFO - Setting next_dagrun for example_external_task_marker_parent to None, run_after=None
[2025-03-30T14:00:19.811+0000] {processor.py:208} INFO - Processing /home/airflow/.local/lib/python3.12/site-packages/airflow/example_dags/example_external_task_marker_dag.py took 0.098 seconds
[2025-03-30T14:00:50.341+0000] {processor.py:186} INFO - Started process (PID=610) to work on /home/airflow/.local/lib/python3.12/site-packages/airflow/example_dags/example_external_task_marker_dag.py
[2025-03-30T14:00:50.342+0000] {processor.py:914} INFO - Processing file /home/airflow/.local/lib/python3.12/site-packages/airflow/example_dags/example_external_task_marker_dag.py for tasks to queue
[2025-03-30T14:00:50.344+0000] {logging_mixin.py:190} INFO - [2025-03-30T14:00:50.344+0000] {dagbag.py:588} INFO - Filling up the DagBag from /home/airflow/.local/lib/python3.12/site-packages/airflow/example_dags/example_external_task_marker_dag.py
[2025-03-30T14:00:50.353+0000] {processor.py:925} INFO - DAG(s) 'example_external_task_marker_child', 'example_external_task_marker_parent' retrieved from /home/airflow/.local/lib/python3.12/site-packages/airflow/example_dags/example_external_task_marker_dag.py
[2025-03-30T14:00:50.375+0000] {logging_mixin.py:190} INFO - [2025-03-30T14:00:50.375+0000] {dag.py:3239} INFO - Sync 2 DAGs
[2025-03-30T14:00:50.390+0000] {logging_mixin.py:190} INFO - [2025-03-30T14:00:50.390+0000] {dag.py:4180} INFO - Setting next_dagrun for example_external_task_marker_child to None, run_after=None
[2025-03-30T14:00:50.395+0000] {logging_mixin.py:190} INFO - [2025-03-30T14:00:50.395+0000] {dag.py:4180} INFO - Setting next_dagrun for example_external_task_marker_parent to None, run_after=None
[2025-03-30T14:00:50.411+0000] {processor.py:208} INFO - Processing /home/airflow/.local/lib/python3.12/site-packages/airflow/example_dags/example_external_task_marker_dag.py took 0.075 seconds
[2025-03-30T14:01:21.250+0000] {processor.py:186} INFO - Started process (PID=685) to work on /home/airflow/.local/lib/python3.12/site-packages/airflow/example_dags/example_external_task_marker_dag.py
[2025-03-30T14:01:21.251+0000] {processor.py:914} INFO - Processing file /home/airflow/.local/lib/python3.12/site-packages/airflow/example_dags/example_external_task_marker_dag.py for tasks to queue
[2025-03-30T14:01:21.253+0000] {logging_mixin.py:190} INFO - [2025-03-30T14:01:21.252+0000] {dagbag.py:588} INFO - Filling up the DagBag from /home/airflow/.local/lib/python3.12/site-packages/airflow/example_dags/example_external_task_marker_dag.py
[2025-03-30T14:01:21.260+0000] {processor.py:925} INFO - DAG(s) 'example_external_task_marker_child', 'example_external_task_marker_parent' retrieved from /home/airflow/.local/lib/python3.12/site-packages/airflow/example_dags/example_external_task_marker_dag.py
[2025-03-30T14:01:21.282+0000] {logging_mixin.py:190} INFO - [2025-03-30T14:01:21.282+0000] {dag.py:3239} INFO - Sync 2 DAGs
[2025-03-30T14:01:21.295+0000] {logging_mixin.py:190} INFO - [2025-03-30T14:01:21.295+0000] {dag.py:4180} INFO - Setting next_dagrun for example_external_task_marker_child to None, run_after=None
[2025-03-30T14:01:21.298+0000] {logging_mixin.py:190} INFO - [2025-03-30T14:01:21.298+0000] {dag.py:4180} INFO - Setting next_dagrun for example_external_task_marker_parent to None, run_after=None
[2025-03-30T14:01:21.315+0000] {processor.py:208} INFO - Processing /home/airflow/.local/lib/python3.12/site-packages/airflow/example_dags/example_external_task_marker_dag.py took 0.070 seconds
[2025-03-30T14:01:51.604+0000] {processor.py:186} INFO - Started process (PID=772) to work on /home/airflow/.local/lib/python3.12/site-packages/airflow/example_dags/example_external_task_marker_dag.py
[2025-03-30T14:01:51.605+0000] {processor.py:914} INFO - Processing file /home/airflow/.local/lib/python3.12/site-packages/airflow/example_dags/example_external_task_marker_dag.py for tasks to queue
[2025-03-30T14:01:51.607+0000] {logging_mixin.py:190} INFO - [2025-03-30T14:01:51.607+0000] {dagbag.py:588} INFO - Filling up the DagBag from /home/airflow/.local/lib/python3.12/site-packages/airflow/example_dags/example_external_task_marker_dag.py
[2025-03-30T14:01:51.615+0000] {processor.py:925} INFO - DAG(s) 'example_external_task_marker_parent', 'example_external_task_marker_child' retrieved from /home/airflow/.local/lib/python3.12/site-packages/airflow/example_dags/example_external_task_marker_dag.py
[2025-03-30T14:01:51.642+0000] {logging_mixin.py:190} INFO - [2025-03-30T14:01:51.642+0000] {dag.py:3239} INFO - Sync 2 DAGs
[2025-03-30T14:01:51.660+0000] {logging_mixin.py:190} INFO - [2025-03-30T14:01:51.660+0000] {dag.py:4180} INFO - Setting next_dagrun for example_external_task_marker_child to None, run_after=None
[2025-03-30T14:01:51.664+0000] {logging_mixin.py:190} INFO - [2025-03-30T14:01:51.664+0000] {dag.py:4180} INFO - Setting next_dagrun for example_external_task_marker_parent to None, run_after=None
[2025-03-30T14:01:51.682+0000] {processor.py:208} INFO - Processing /home/airflow/.local/lib/python3.12/site-packages/airflow/example_dags/example_external_task_marker_dag.py took 0.084 seconds
[2025-03-30T14:02:22.898+0000] {processor.py:186} INFO - Started process (PID=847) to work on /home/airflow/.local/lib/python3.12/site-packages/airflow/example_dags/example_external_task_marker_dag.py
[2025-03-30T14:02:22.899+0000] {processor.py:914} INFO - Processing file /home/airflow/.local/lib/python3.12/site-packages/airflow/example_dags/example_external_task_marker_dag.py for tasks to queue
[2025-03-30T14:02:22.902+0000] {logging_mixin.py:190} INFO - [2025-03-30T14:02:22.901+0000] {dagbag.py:588} INFO - Filling up the DagBag from /home/airflow/.local/lib/python3.12/site-packages/airflow/example_dags/example_external_task_marker_dag.py
[2025-03-30T14:02:22.911+0000] {processor.py:925} INFO - DAG(s) 'example_external_task_marker_child', 'example_external_task_marker_parent' retrieved from /home/airflow/.local/lib/python3.12/site-packages/airflow/example_dags/example_external_task_marker_dag.py
[2025-03-30T14:02:22.938+0000] {logging_mixin.py:190} INFO - [2025-03-30T14:02:22.938+0000] {dag.py:3239} INFO - Sync 2 DAGs
[2025-03-30T14:02:22.955+0000] {logging_mixin.py:190} INFO - [2025-03-30T14:02:22.955+0000] {dag.py:4180} INFO - Setting next_dagrun for example_external_task_marker_child to None, run_after=None
[2025-03-30T14:02:22.960+0000] {logging_mixin.py:190} INFO - [2025-03-30T14:02:22.960+0000] {dag.py:4180} INFO - Setting next_dagrun for example_external_task_marker_parent to None, run_after=None
[2025-03-30T14:02:22.982+0000] {processor.py:208} INFO - Processing /home/airflow/.local/lib/python3.12/site-packages/airflow/example_dags/example_external_task_marker_dag.py took 0.090 seconds
[2025-03-30T14:02:53.287+0000] {processor.py:186} INFO - Started process (PID=922) to work on /home/airflow/.local/lib/python3.12/site-packages/airflow/example_dags/example_external_task_marker_dag.py
[2025-03-30T14:02:53.287+0000] {processor.py:914} INFO - Processing file /home/airflow/.local/lib/python3.12/site-packages/airflow/example_dags/example_external_task_marker_dag.py for tasks to queue
[2025-03-30T14:02:53.289+0000] {logging_mixin.py:190} INFO - [2025-03-30T14:02:53.289+0000] {dagbag.py:588} INFO - Filling up the DagBag from /home/airflow/.local/lib/python3.12/site-packages/airflow/example_dags/example_external_task_marker_dag.py
[2025-03-30T14:02:53.296+0000] {processor.py:925} INFO - DAG(s) 'example_external_task_marker_child', 'example_external_task_marker_parent' retrieved from /home/airflow/.local/lib/python3.12/site-packages/airflow/example_dags/example_external_task_marker_dag.py
[2025-03-30T14:02:53.314+0000] {logging_mixin.py:190} INFO - [2025-03-30T14:02:53.314+0000] {dag.py:3239} INFO - Sync 2 DAGs
[2025-03-30T14:02:53.326+0000] {logging_mixin.py:190} INFO - [2025-03-30T14:02:53.325+0000] {dag.py:4180} INFO - Setting next_dagrun for example_external_task_marker_child to None, run_after=None
[2025-03-30T14:02:53.329+0000] {logging_mixin.py:190} INFO - [2025-03-30T14:02:53.329+0000] {dag.py:4180} INFO - Setting next_dagrun for example_external_task_marker_parent to None, run_after=None
[2025-03-30T14:02:53.343+0000] {processor.py:208} INFO - Processing /home/airflow/.local/lib/python3.12/site-packages/airflow/example_dags/example_external_task_marker_dag.py took 0.061 seconds
[2025-03-30T14:03:23.523+0000] {processor.py:186} INFO - Started process (PID=985) to work on /home/airflow/.local/lib/python3.12/site-packages/airflow/example_dags/example_external_task_marker_dag.py
[2025-03-30T14:03:23.523+0000] {processor.py:914} INFO - Processing file /home/airflow/.local/lib/python3.12/site-packages/airflow/example_dags/example_external_task_marker_dag.py for tasks to queue
[2025-03-30T14:03:23.525+0000] {logging_mixin.py:190} INFO - [2025-03-30T14:03:23.525+0000] {dagbag.py:588} INFO - Filling up the DagBag from /home/airflow/.local/lib/python3.12/site-packages/airflow/example_dags/example_external_task_marker_dag.py
[2025-03-30T14:03:23.532+0000] {processor.py:925} INFO - DAG(s) 'example_external_task_marker_child', 'example_external_task_marker_parent' retrieved from /home/airflow/.local/lib/python3.12/site-packages/airflow/example_dags/example_external_task_marker_dag.py
[2025-03-30T14:03:23.552+0000] {logging_mixin.py:190} INFO - [2025-03-30T14:03:23.552+0000] {dag.py:3239} INFO - Sync 2 DAGs
[2025-03-30T14:03:23.564+0000] {logging_mixin.py:190} INFO - [2025-03-30T14:03:23.564+0000] {dag.py:4180} INFO - Setting next_dagrun for example_external_task_marker_child to None, run_after=None
[2025-03-30T14:03:23.568+0000] {logging_mixin.py:190} INFO - [2025-03-30T14:03:23.568+0000] {dag.py:4180} INFO - Setting next_dagrun for example_external_task_marker_parent to None, run_after=None
[2025-03-30T14:03:23.583+0000] {processor.py:208} INFO - Processing /home/airflow/.local/lib/python3.12/site-packages/airflow/example_dags/example_external_task_marker_dag.py took 0.065 seconds
[2025-03-30T14:03:53.997+0000] {processor.py:186} INFO - Started process (PID=1060) to work on /home/airflow/.local/lib/python3.12/site-packages/airflow/example_dags/example_external_task_marker_dag.py
[2025-03-30T14:03:53.998+0000] {processor.py:914} INFO - Processing file /home/airflow/.local/lib/python3.12/site-packages/airflow/example_dags/example_external_task_marker_dag.py for tasks to queue
[2025-03-30T14:03:54.000+0000] {logging_mixin.py:190} INFO - [2025-03-30T14:03:53.999+0000] {dagbag.py:588} INFO - Filling up the DagBag from /home/airflow/.local/lib/python3.12/site-packages/airflow/example_dags/example_external_task_marker_dag.py
[2025-03-30T14:03:54.006+0000] {processor.py:925} INFO - DAG(s) 'example_external_task_marker_parent', 'example_external_task_marker_child' retrieved from /home/airflow/.local/lib/python3.12/site-packages/airflow/example_dags/example_external_task_marker_dag.py
[2025-03-30T14:03:54.023+0000] {logging_mixin.py:190} INFO - [2025-03-30T14:03:54.023+0000] {dag.py:3239} INFO - Sync 2 DAGs
[2025-03-30T14:03:54.035+0000] {logging_mixin.py:190} INFO - [2025-03-30T14:03:54.035+0000] {dag.py:4180} INFO - Setting next_dagrun for example_external_task_marker_child to None, run_after=None
[2025-03-30T14:03:54.038+0000] {logging_mixin.py:190} INFO - [2025-03-30T14:03:54.038+0000] {dag.py:4180} INFO - Setting next_dagrun for example_external_task_marker_parent to None, run_after=None
[2025-03-30T14:03:54.052+0000] {processor.py:208} INFO - Processing /home/airflow/.local/lib/python3.12/site-packages/airflow/example_dags/example_external_task_marker_dag.py took 0.060 seconds
[2025-03-30T14:04:24.606+0000] {processor.py:186} INFO - Started process (PID=1135) to work on /home/airflow/.local/lib/python3.12/site-packages/airflow/example_dags/example_external_task_marker_dag.py
[2025-03-30T14:04:24.607+0000] {processor.py:914} INFO - Processing file /home/airflow/.local/lib/python3.12/site-packages/airflow/example_dags/example_external_task_marker_dag.py for tasks to queue
[2025-03-30T14:04:24.610+0000] {logging_mixin.py:190} INFO - [2025-03-30T14:04:24.610+0000] {dagbag.py:588} INFO - Filling up the DagBag from /home/airflow/.local/lib/python3.12/site-packages/airflow/example_dags/example_external_task_marker_dag.py
[2025-03-30T14:04:24.618+0000] {processor.py:925} INFO - DAG(s) 'example_external_task_marker_parent', 'example_external_task_marker_child' retrieved from /home/airflow/.local/lib/python3.12/site-packages/airflow/example_dags/example_external_task_marker_dag.py
[2025-03-30T14:04:24.641+0000] {logging_mixin.py:190} INFO - [2025-03-30T14:04:24.641+0000] {dag.py:3239} INFO - Sync 2 DAGs
[2025-03-30T14:04:24.654+0000] {logging_mixin.py:190} INFO - [2025-03-30T14:04:24.654+0000] {dag.py:4180} INFO - Setting next_dagrun for example_external_task_marker_child to None, run_after=None
[2025-03-30T14:04:24.658+0000] {logging_mixin.py:190} INFO - [2025-03-30T14:04:24.658+0000] {dag.py:4180} INFO - Setting next_dagrun for example_external_task_marker_parent to None, run_after=None
[2025-03-30T14:04:24.673+0000] {processor.py:208} INFO - Processing /home/airflow/.local/lib/python3.12/site-packages/airflow/example_dags/example_external_task_marker_dag.py took 0.073 seconds
[2025-03-30T14:04:55.609+0000] {processor.py:186} INFO - Started process (PID=1222) to work on /home/airflow/.local/lib/python3.12/site-packages/airflow/example_dags/example_external_task_marker_dag.py
[2025-03-30T14:04:55.610+0000] {processor.py:914} INFO - Processing file /home/airflow/.local/lib/python3.12/site-packages/airflow/example_dags/example_external_task_marker_dag.py for tasks to queue
[2025-03-30T14:04:55.613+0000] {logging_mixin.py:190} INFO - [2025-03-30T14:04:55.612+0000] {dagbag.py:588} INFO - Filling up the DagBag from /home/airflow/.local/lib/python3.12/site-packages/airflow/example_dags/example_external_task_marker_dag.py
[2025-03-30T14:04:55.622+0000] {processor.py:925} INFO - DAG(s) 'example_external_task_marker_parent', 'example_external_task_marker_child' retrieved from /home/airflow/.local/lib/python3.12/site-packages/airflow/example_dags/example_external_task_marker_dag.py
[2025-03-30T14:04:55.651+0000] {logging_mixin.py:190} INFO - [2025-03-30T14:04:55.650+0000] {dag.py:3239} INFO - Sync 2 DAGs
[2025-03-30T14:04:55.667+0000] {logging_mixin.py:190} INFO - [2025-03-30T14:04:55.667+0000] {dag.py:4180} INFO - Setting next_dagrun for example_external_task_marker_child to None, run_after=None
[2025-03-30T14:04:55.672+0000] {logging_mixin.py:190} INFO - [2025-03-30T14:04:55.671+0000] {dag.py:4180} INFO - Setting next_dagrun for example_external_task_marker_parent to None, run_after=None
[2025-03-30T14:04:55.692+0000] {processor.py:208} INFO - Processing /home/airflow/.local/lib/python3.12/site-packages/airflow/example_dags/example_external_task_marker_dag.py took 0.088 seconds
[2025-03-30T14:05:25.854+0000] {processor.py:186} INFO - Started process (PID=1297) to work on /home/airflow/.local/lib/python3.12/site-packages/airflow/example_dags/example_external_task_marker_dag.py
[2025-03-30T14:05:25.855+0000] {processor.py:914} INFO - Processing file /home/airflow/.local/lib/python3.12/site-packages/airflow/example_dags/example_external_task_marker_dag.py for tasks to queue
[2025-03-30T14:05:25.858+0000] {logging_mixin.py:190} INFO - [2025-03-30T14:05:25.857+0000] {dagbag.py:588} INFO - Filling up the DagBag from /home/airflow/.local/lib/python3.12/site-packages/airflow/example_dags/example_external_task_marker_dag.py
[2025-03-30T14:05:25.865+0000] {processor.py:925} INFO - DAG(s) 'example_external_task_marker_parent', 'example_external_task_marker_child' retrieved from /home/airflow/.local/lib/python3.12/site-packages/airflow/example_dags/example_external_task_marker_dag.py
[2025-03-30T14:05:25.891+0000] {logging_mixin.py:190} INFO - [2025-03-30T14:05:25.891+0000] {dag.py:3239} INFO - Sync 2 DAGs
[2025-03-30T14:05:25.906+0000] {logging_mixin.py:190} INFO - [2025-03-30T14:05:25.905+0000] {dag.py:4180} INFO - Setting next_dagrun for example_external_task_marker_child to None, run_after=None
[2025-03-30T14:05:25.910+0000] {logging_mixin.py:190} INFO - [2025-03-30T14:05:25.910+0000] {dag.py:4180} INFO - Setting next_dagrun for example_external_task_marker_parent to None, run_after=None
[2025-03-30T14:05:25.929+0000] {processor.py:208} INFO - Processing /home/airflow/.local/lib/python3.12/site-packages/airflow/example_dags/example_external_task_marker_dag.py took 0.080 seconds
[2025-03-30T14:05:56.807+0000] {processor.py:186} INFO - Started process (PID=1372) to work on /home/airflow/.local/lib/python3.12/site-packages/airflow/example_dags/example_external_task_marker_dag.py
[2025-03-30T14:05:56.808+0000] {processor.py:914} INFO - Processing file /home/airflow/.local/lib/python3.12/site-packages/airflow/example_dags/example_external_task_marker_dag.py for tasks to queue
[2025-03-30T14:05:56.811+0000] {logging_mixin.py:190} INFO - [2025-03-30T14:05:56.810+0000] {dagbag.py:588} INFO - Filling up the DagBag from /home/airflow/.local/lib/python3.12/site-packages/airflow/example_dags/example_external_task_marker_dag.py
[2025-03-30T14:05:56.818+0000] {processor.py:925} INFO - DAG(s) 'example_external_task_marker_child', 'example_external_task_marker_parent' retrieved from /home/airflow/.local/lib/python3.12/site-packages/airflow/example_dags/example_external_task_marker_dag.py
[2025-03-30T14:05:56.838+0000] {logging_mixin.py:190} INFO - [2025-03-30T14:05:56.838+0000] {dag.py:3239} INFO - Sync 2 DAGs
[2025-03-30T14:05:56.850+0000] {logging_mixin.py:190} INFO - [2025-03-30T14:05:56.850+0000] {dag.py:4180} INFO - Setting next_dagrun for example_external_task_marker_child to None, run_after=None
[2025-03-30T14:05:56.854+0000] {logging_mixin.py:190} INFO - [2025-03-30T14:05:56.853+0000] {dag.py:4180} INFO - Setting next_dagrun for example_external_task_marker_parent to None, run_after=None
[2025-03-30T14:05:56.869+0000] {processor.py:208} INFO - Processing /home/airflow/.local/lib/python3.12/site-packages/airflow/example_dags/example_external_task_marker_dag.py took 0.067 seconds
[2025-03-30T14:06:27.016+0000] {processor.py:186} INFO - Started process (PID=1447) to work on /home/airflow/.local/lib/python3.12/site-packages/airflow/example_dags/example_external_task_marker_dag.py
[2025-03-30T14:06:27.017+0000] {processor.py:914} INFO - Processing file /home/airflow/.local/lib/python3.12/site-packages/airflow/example_dags/example_external_task_marker_dag.py for tasks to queue
[2025-03-30T14:06:27.019+0000] {logging_mixin.py:190} INFO - [2025-03-30T14:06:27.019+0000] {dagbag.py:588} INFO - Filling up the DagBag from /home/airflow/.local/lib/python3.12/site-packages/airflow/example_dags/example_external_task_marker_dag.py
[2025-03-30T14:06:27.030+0000] {processor.py:925} INFO - DAG(s) 'example_external_task_marker_child', 'example_external_task_marker_parent' retrieved from /home/airflow/.local/lib/python3.12/site-packages/airflow/example_dags/example_external_task_marker_dag.py
[2025-03-30T14:06:27.055+0000] {logging_mixin.py:190} INFO - [2025-03-30T14:06:27.054+0000] {dag.py:3239} INFO - Sync 2 DAGs
[2025-03-30T14:06:27.073+0000] {logging_mixin.py:190} INFO - [2025-03-30T14:06:27.073+0000] {dag.py:4180} INFO - Setting next_dagrun for example_external_task_marker_child to None, run_after=None
[2025-03-30T14:06:27.079+0000] {logging_mixin.py:190} INFO - [2025-03-30T14:06:27.078+0000] {dag.py:4180} INFO - Setting next_dagrun for example_external_task_marker_parent to None, run_after=None
[2025-03-30T14:06:27.099+0000] {processor.py:208} INFO - Processing /home/airflow/.local/lib/python3.12/site-packages/airflow/example_dags/example_external_task_marker_dag.py took 0.090 seconds
[2025-03-30T14:06:57.987+0000] {processor.py:186} INFO - Started process (PID=1544) to work on /home/airflow/.local/lib/python3.12/site-packages/airflow/example_dags/example_external_task_marker_dag.py
[2025-03-30T14:06:57.988+0000] {processor.py:914} INFO - Processing file /home/airflow/.local/lib/python3.12/site-packages/airflow/example_dags/example_external_task_marker_dag.py for tasks to queue
[2025-03-30T14:06:57.990+0000] {logging_mixin.py:190} INFO - [2025-03-30T14:06:57.989+0000] {dagbag.py:588} INFO - Filling up the DagBag from /home/airflow/.local/lib/python3.12/site-packages/airflow/example_dags/example_external_task_marker_dag.py
[2025-03-30T14:06:57.997+0000] {processor.py:925} INFO - DAG(s) 'example_external_task_marker_parent', 'example_external_task_marker_child' retrieved from /home/airflow/.local/lib/python3.12/site-packages/airflow/example_dags/example_external_task_marker_dag.py
[2025-03-30T14:06:58.018+0000] {logging_mixin.py:190} INFO - [2025-03-30T14:06:58.018+0000] {dag.py:3239} INFO - Sync 2 DAGs
[2025-03-30T14:06:58.032+0000] {logging_mixin.py:190} INFO - [2025-03-30T14:06:58.032+0000] {dag.py:4180} INFO - Setting next_dagrun for example_external_task_marker_child to None, run_after=None
[2025-03-30T14:06:58.036+0000] {logging_mixin.py:190} INFO - [2025-03-30T14:06:58.036+0000] {dag.py:4180} INFO - Setting next_dagrun for example_external_task_marker_parent to None, run_after=None
[2025-03-30T14:06:58.050+0000] {processor.py:208} INFO - Processing /home/airflow/.local/lib/python3.12/site-packages/airflow/example_dags/example_external_task_marker_dag.py took 0.070 seconds
[2025-03-30T14:07:28.145+0000] {processor.py:186} INFO - Started process (PID=1619) to work on /home/airflow/.local/lib/python3.12/site-packages/airflow/example_dags/example_external_task_marker_dag.py
[2025-03-30T14:07:28.146+0000] {processor.py:914} INFO - Processing file /home/airflow/.local/lib/python3.12/site-packages/airflow/example_dags/example_external_task_marker_dag.py for tasks to queue
[2025-03-30T14:07:28.148+0000] {logging_mixin.py:190} INFO - [2025-03-30T14:07:28.147+0000] {dagbag.py:588} INFO - Filling up the DagBag from /home/airflow/.local/lib/python3.12/site-packages/airflow/example_dags/example_external_task_marker_dag.py
[2025-03-30T14:07:28.155+0000] {processor.py:925} INFO - DAG(s) 'example_external_task_marker_child', 'example_external_task_marker_parent' retrieved from /home/airflow/.local/lib/python3.12/site-packages/airflow/example_dags/example_external_task_marker_dag.py
[2025-03-30T14:07:28.174+0000] {logging_mixin.py:190} INFO - [2025-03-30T14:07:28.174+0000] {dag.py:3239} INFO - Sync 2 DAGs
[2025-03-30T14:07:28.187+0000] {logging_mixin.py:190} INFO - [2025-03-30T14:07:28.187+0000] {dag.py:4180} INFO - Setting next_dagrun for example_external_task_marker_child to None, run_after=None
[2025-03-30T14:07:28.191+0000] {logging_mixin.py:190} INFO - [2025-03-30T14:07:28.191+0000] {dag.py:4180} INFO - Setting next_dagrun for example_external_task_marker_parent to None, run_after=None
[2025-03-30T14:07:28.204+0000] {processor.py:208} INFO - Processing /home/airflow/.local/lib/python3.12/site-packages/airflow/example_dags/example_external_task_marker_dag.py took 0.067 seconds
[2025-03-30T14:07:58.649+0000] {processor.py:186} INFO - Started process (PID=1694) to work on /home/airflow/.local/lib/python3.12/site-packages/airflow/example_dags/example_external_task_marker_dag.py
[2025-03-30T14:07:58.650+0000] {processor.py:914} INFO - Processing file /home/airflow/.local/lib/python3.12/site-packages/airflow/example_dags/example_external_task_marker_dag.py for tasks to queue
[2025-03-30T14:07:58.651+0000] {logging_mixin.py:190} INFO - [2025-03-30T14:07:58.650+0000] {dagbag.py:588} INFO - Filling up the DagBag from /home/airflow/.local/lib/python3.12/site-packages/airflow/example_dags/example_external_task_marker_dag.py
[2025-03-30T14:07:58.657+0000] {processor.py:925} INFO - DAG(s) 'example_external_task_marker_parent', 'example_external_task_marker_child' retrieved from /home/airflow/.local/lib/python3.12/site-packages/airflow/example_dags/example_external_task_marker_dag.py
[2025-03-30T14:07:58.678+0000] {logging_mixin.py:190} INFO - [2025-03-30T14:07:58.678+0000] {dag.py:3239} INFO - Sync 2 DAGs
[2025-03-30T14:07:58.694+0000] {logging_mixin.py:190} INFO - [2025-03-30T14:07:58.694+0000] {dag.py:4180} INFO - Setting next_dagrun for example_external_task_marker_child to None, run_after=None
[2025-03-30T14:07:58.698+0000] {logging_mixin.py:190} INFO - [2025-03-30T14:07:58.698+0000] {dag.py:4180} INFO - Setting next_dagrun for example_external_task_marker_parent to None, run_after=None
[2025-03-30T14:07:58.714+0000] {processor.py:208} INFO - Processing /home/airflow/.local/lib/python3.12/site-packages/airflow/example_dags/example_external_task_marker_dag.py took 0.073 seconds
[2025-03-30T14:08:29.209+0000] {processor.py:186} INFO - Started process (PID=1769) to work on /home/airflow/.local/lib/python3.12/site-packages/airflow/example_dags/example_external_task_marker_dag.py
[2025-03-30T14:08:29.215+0000] {processor.py:914} INFO - Processing file /home/airflow/.local/lib/python3.12/site-packages/airflow/example_dags/example_external_task_marker_dag.py for tasks to queue
[2025-03-30T14:08:29.220+0000] {logging_mixin.py:190} INFO - [2025-03-30T14:08:29.219+0000] {dagbag.py:588} INFO - Filling up the DagBag from /home/airflow/.local/lib/python3.12/site-packages/airflow/example_dags/example_external_task_marker_dag.py
[2025-03-30T14:08:29.237+0000] {processor.py:925} INFO - DAG(s) 'example_external_task_marker_parent', 'example_external_task_marker_child' retrieved from /home/airflow/.local/lib/python3.12/site-packages/airflow/example_dags/example_external_task_marker_dag.py
[2025-03-30T14:08:29.275+0000] {logging_mixin.py:190} INFO - [2025-03-30T14:08:29.274+0000] {dag.py:3239} INFO - Sync 2 DAGs
[2025-03-30T14:08:29.296+0000] {logging_mixin.py:190} INFO - [2025-03-30T14:08:29.295+0000] {dag.py:4180} INFO - Setting next_dagrun for example_external_task_marker_child to None, run_after=None
[2025-03-30T14:08:29.301+0000] {logging_mixin.py:190} INFO - [2025-03-30T14:08:29.301+0000] {dag.py:4180} INFO - Setting next_dagrun for example_external_task_marker_parent to None, run_after=None
[2025-03-30T14:08:29.331+0000] {processor.py:208} INFO - Processing /home/airflow/.local/lib/python3.12/site-packages/airflow/example_dags/example_external_task_marker_dag.py took 0.146 seconds
[2025-03-30T14:08:59.870+0000] {processor.py:186} INFO - Started process (PID=1844) to work on /home/airflow/.local/lib/python3.12/site-packages/airflow/example_dags/example_external_task_marker_dag.py
[2025-03-30T14:08:59.871+0000] {processor.py:914} INFO - Processing file /home/airflow/.local/lib/python3.12/site-packages/airflow/example_dags/example_external_task_marker_dag.py for tasks to queue
[2025-03-30T14:08:59.873+0000] {logging_mixin.py:190} INFO - [2025-03-30T14:08:59.872+0000] {dagbag.py:588} INFO - Filling up the DagBag from /home/airflow/.local/lib/python3.12/site-packages/airflow/example_dags/example_external_task_marker_dag.py
[2025-03-30T14:08:59.880+0000] {processor.py:925} INFO - DAG(s) 'example_external_task_marker_child', 'example_external_task_marker_parent' retrieved from /home/airflow/.local/lib/python3.12/site-packages/airflow/example_dags/example_external_task_marker_dag.py
[2025-03-30T14:08:59.901+0000] {logging_mixin.py:190} INFO - [2025-03-30T14:08:59.901+0000] {dag.py:3239} INFO - Sync 2 DAGs
[2025-03-30T14:08:59.914+0000] {logging_mixin.py:190} INFO - [2025-03-30T14:08:59.914+0000] {dag.py:4180} INFO - Setting next_dagrun for example_external_task_marker_child to None, run_after=None
[2025-03-30T14:08:59.917+0000] {logging_mixin.py:190} INFO - [2025-03-30T14:08:59.917+0000] {dag.py:4180} INFO - Setting next_dagrun for example_external_task_marker_parent to None, run_after=None
[2025-03-30T14:08:59.933+0000] {processor.py:208} INFO - Processing /home/airflow/.local/lib/python3.12/site-packages/airflow/example_dags/example_external_task_marker_dag.py took 0.072 seconds
[2025-03-30T14:09:30.981+0000] {processor.py:186} INFO - Started process (PID=1919) to work on /home/airflow/.local/lib/python3.12/site-packages/airflow/example_dags/example_external_task_marker_dag.py
[2025-03-30T14:09:30.982+0000] {processor.py:914} INFO - Processing file /home/airflow/.local/lib/python3.12/site-packages/airflow/example_dags/example_external_task_marker_dag.py for tasks to queue
[2025-03-30T14:09:30.984+0000] {logging_mixin.py:190} INFO - [2025-03-30T14:09:30.983+0000] {dagbag.py:588} INFO - Filling up the DagBag from /home/airflow/.local/lib/python3.12/site-packages/airflow/example_dags/example_external_task_marker_dag.py
[2025-03-30T14:09:30.991+0000] {processor.py:925} INFO - DAG(s) 'example_external_task_marker_child', 'example_external_task_marker_parent' retrieved from /home/airflow/.local/lib/python3.12/site-packages/airflow/example_dags/example_external_task_marker_dag.py
[2025-03-30T14:09:31.013+0000] {logging_mixin.py:190} INFO - [2025-03-30T14:09:31.013+0000] {dag.py:3239} INFO - Sync 2 DAGs
[2025-03-30T14:09:31.027+0000] {logging_mixin.py:190} INFO - [2025-03-30T14:09:31.027+0000] {dag.py:4180} INFO - Setting next_dagrun for example_external_task_marker_child to None, run_after=None
[2025-03-30T14:09:31.031+0000] {logging_mixin.py:190} INFO - [2025-03-30T14:09:31.030+0000] {dag.py:4180} INFO - Setting next_dagrun for example_external_task_marker_parent to None, run_after=None
[2025-03-30T14:09:31.045+0000] {processor.py:208} INFO - Processing /home/airflow/.local/lib/python3.12/site-packages/airflow/example_dags/example_external_task_marker_dag.py took 0.072 seconds
[2025-03-30T14:10:01.285+0000] {processor.py:186} INFO - Started process (PID=1983) to work on /home/airflow/.local/lib/python3.12/site-packages/airflow/example_dags/example_external_task_marker_dag.py
[2025-03-30T14:10:01.287+0000] {processor.py:914} INFO - Processing file /home/airflow/.local/lib/python3.12/site-packages/airflow/example_dags/example_external_task_marker_dag.py for tasks to queue
[2025-03-30T14:10:01.291+0000] {logging_mixin.py:190} INFO - [2025-03-30T14:10:01.290+0000] {dagbag.py:588} INFO - Filling up the DagBag from /home/airflow/.local/lib/python3.12/site-packages/airflow/example_dags/example_external_task_marker_dag.py
[2025-03-30T14:10:01.309+0000] {processor.py:925} INFO - DAG(s) 'example_external_task_marker_parent', 'example_external_task_marker_child' retrieved from /home/airflow/.local/lib/python3.12/site-packages/airflow/example_dags/example_external_task_marker_dag.py
[2025-03-30T14:10:01.349+0000] {logging_mixin.py:190} INFO - [2025-03-30T14:10:01.348+0000] {dag.py:3239} INFO - Sync 2 DAGs
[2025-03-30T14:10:01.372+0000] {logging_mixin.py:190} INFO - [2025-03-30T14:10:01.371+0000] {dag.py:4180} INFO - Setting next_dagrun for example_external_task_marker_child to None, run_after=None
[2025-03-30T14:10:01.382+0000] {logging_mixin.py:190} INFO - [2025-03-30T14:10:01.382+0000] {dag.py:4180} INFO - Setting next_dagrun for example_external_task_marker_parent to None, run_after=None
[2025-03-30T14:10:01.407+0000] {processor.py:208} INFO - Processing /home/airflow/.local/lib/python3.12/site-packages/airflow/example_dags/example_external_task_marker_dag.py took 0.138 seconds
[2025-03-30T14:10:31.889+0000] {processor.py:186} INFO - Started process (PID=2057) to work on /home/airflow/.local/lib/python3.12/site-packages/airflow/example_dags/example_external_task_marker_dag.py
[2025-03-30T14:10:31.891+0000] {processor.py:914} INFO - Processing file /home/airflow/.local/lib/python3.12/site-packages/airflow/example_dags/example_external_task_marker_dag.py for tasks to queue
[2025-03-30T14:10:31.894+0000] {logging_mixin.py:190} INFO - [2025-03-30T14:10:31.894+0000] {dagbag.py:588} INFO - Filling up the DagBag from /home/airflow/.local/lib/python3.12/site-packages/airflow/example_dags/example_external_task_marker_dag.py
[2025-03-30T14:10:31.908+0000] {processor.py:925} INFO - DAG(s) 'example_external_task_marker_parent', 'example_external_task_marker_child' retrieved from /home/airflow/.local/lib/python3.12/site-packages/airflow/example_dags/example_external_task_marker_dag.py
[2025-03-30T14:10:31.950+0000] {logging_mixin.py:190} INFO - [2025-03-30T14:10:31.949+0000] {dag.py:3239} INFO - Sync 2 DAGs
[2025-03-30T14:10:31.973+0000] {logging_mixin.py:190} INFO - [2025-03-30T14:10:31.973+0000] {dag.py:4180} INFO - Setting next_dagrun for example_external_task_marker_child to None, run_after=None
[2025-03-30T14:10:31.981+0000] {logging_mixin.py:190} INFO - [2025-03-30T14:10:31.980+0000] {dag.py:4180} INFO - Setting next_dagrun for example_external_task_marker_parent to None, run_after=None
[2025-03-30T14:10:32.017+0000] {processor.py:208} INFO - Processing /home/airflow/.local/lib/python3.12/site-packages/airflow/example_dags/example_external_task_marker_dag.py took 0.144 seconds
[2025-03-30T14:11:02.779+0000] {processor.py:186} INFO - Started process (PID=2132) to work on /home/airflow/.local/lib/python3.12/site-packages/airflow/example_dags/example_external_task_marker_dag.py
[2025-03-30T14:11:02.782+0000] {processor.py:914} INFO - Processing file /home/airflow/.local/lib/python3.12/site-packages/airflow/example_dags/example_external_task_marker_dag.py for tasks to queue
[2025-03-30T14:11:02.785+0000] {logging_mixin.py:190} INFO - [2025-03-30T14:11:02.784+0000] {dagbag.py:588} INFO - Filling up the DagBag from /home/airflow/.local/lib/python3.12/site-packages/airflow/example_dags/example_external_task_marker_dag.py
[2025-03-30T14:11:02.799+0000] {processor.py:925} INFO - DAG(s) 'example_external_task_marker_parent', 'example_external_task_marker_child' retrieved from /home/airflow/.local/lib/python3.12/site-packages/airflow/example_dags/example_external_task_marker_dag.py
[2025-03-30T14:11:02.851+0000] {logging_mixin.py:190} INFO - [2025-03-30T14:11:02.851+0000] {dag.py:3239} INFO - Sync 2 DAGs
[2025-03-30T14:11:02.892+0000] {logging_mixin.py:190} INFO - [2025-03-30T14:11:02.892+0000] {dag.py:4180} INFO - Setting next_dagrun for example_external_task_marker_child to None, run_after=None
[2025-03-30T14:11:02.902+0000] {logging_mixin.py:190} INFO - [2025-03-30T14:11:02.902+0000] {dag.py:4180} INFO - Setting next_dagrun for example_external_task_marker_parent to None, run_after=None
[2025-03-30T14:11:02.929+0000] {processor.py:208} INFO - Processing /home/airflow/.local/lib/python3.12/site-packages/airflow/example_dags/example_external_task_marker_dag.py took 0.163 seconds
[2025-03-30T14:11:33.194+0000] {processor.py:186} INFO - Started process (PID=2207) to work on /home/airflow/.local/lib/python3.12/site-packages/airflow/example_dags/example_external_task_marker_dag.py
[2025-03-30T14:11:33.194+0000] {processor.py:914} INFO - Processing file /home/airflow/.local/lib/python3.12/site-packages/airflow/example_dags/example_external_task_marker_dag.py for tasks to queue
[2025-03-30T14:11:33.196+0000] {logging_mixin.py:190} INFO - [2025-03-30T14:11:33.196+0000] {dagbag.py:588} INFO - Filling up the DagBag from /home/airflow/.local/lib/python3.12/site-packages/airflow/example_dags/example_external_task_marker_dag.py
[2025-03-30T14:11:33.204+0000] {processor.py:925} INFO - DAG(s) 'example_external_task_marker_parent', 'example_external_task_marker_child' retrieved from /home/airflow/.local/lib/python3.12/site-packages/airflow/example_dags/example_external_task_marker_dag.py
[2025-03-30T14:11:33.224+0000] {logging_mixin.py:190} INFO - [2025-03-30T14:11:33.224+0000] {dag.py:3239} INFO - Sync 2 DAGs
[2025-03-30T14:11:33.240+0000] {logging_mixin.py:190} INFO - [2025-03-30T14:11:33.239+0000] {dag.py:4180} INFO - Setting next_dagrun for example_external_task_marker_child to None, run_after=None
[2025-03-30T14:11:33.243+0000] {logging_mixin.py:190} INFO - [2025-03-30T14:11:33.243+0000] {dag.py:4180} INFO - Setting next_dagrun for example_external_task_marker_parent to None, run_after=None
[2025-03-30T14:11:33.258+0000] {processor.py:208} INFO - Processing /home/airflow/.local/lib/python3.12/site-packages/airflow/example_dags/example_external_task_marker_dag.py took 0.072 seconds
[2025-03-30T14:12:03.736+0000] {processor.py:186} INFO - Started process (PID=2282) to work on /home/airflow/.local/lib/python3.12/site-packages/airflow/example_dags/example_external_task_marker_dag.py
[2025-03-30T14:12:03.738+0000] {processor.py:914} INFO - Processing file /home/airflow/.local/lib/python3.12/site-packages/airflow/example_dags/example_external_task_marker_dag.py for tasks to queue
[2025-03-30T14:12:03.741+0000] {logging_mixin.py:190} INFO - [2025-03-30T14:12:03.741+0000] {dagbag.py:588} INFO - Filling up the DagBag from /home/airflow/.local/lib/python3.12/site-packages/airflow/example_dags/example_external_task_marker_dag.py
[2025-03-30T14:12:03.757+0000] {processor.py:925} INFO - DAG(s) 'example_external_task_marker_child', 'example_external_task_marker_parent' retrieved from /home/airflow/.local/lib/python3.12/site-packages/airflow/example_dags/example_external_task_marker_dag.py
[2025-03-30T14:12:03.784+0000] {logging_mixin.py:190} INFO - [2025-03-30T14:12:03.784+0000] {dag.py:3239} INFO - Sync 2 DAGs
[2025-03-30T14:12:03.806+0000] {logging_mixin.py:190} INFO - [2025-03-30T14:12:03.806+0000] {dag.py:4180} INFO - Setting next_dagrun for example_external_task_marker_child to None, run_after=None
[2025-03-30T14:12:03.812+0000] {logging_mixin.py:190} INFO - [2025-03-30T14:12:03.811+0000] {dag.py:4180} INFO - Setting next_dagrun for example_external_task_marker_parent to None, run_after=None
[2025-03-30T14:12:03.844+0000] {processor.py:208} INFO - Processing /home/airflow/.local/lib/python3.12/site-packages/airflow/example_dags/example_external_task_marker_dag.py took 0.120 seconds
[2025-03-30T14:12:34.438+0000] {processor.py:186} INFO - Started process (PID=2357) to work on /home/airflow/.local/lib/python3.12/site-packages/airflow/example_dags/example_external_task_marker_dag.py
[2025-03-30T14:12:34.444+0000] {processor.py:914} INFO - Processing file /home/airflow/.local/lib/python3.12/site-packages/airflow/example_dags/example_external_task_marker_dag.py for tasks to queue
[2025-03-30T14:12:34.451+0000] {logging_mixin.py:190} INFO - [2025-03-30T14:12:34.450+0000] {dagbag.py:588} INFO - Filling up the DagBag from /home/airflow/.local/lib/python3.12/site-packages/airflow/example_dags/example_external_task_marker_dag.py
[2025-03-30T14:12:34.480+0000] {processor.py:925} INFO - DAG(s) 'example_external_task_marker_child', 'example_external_task_marker_parent' retrieved from /home/airflow/.local/lib/python3.12/site-packages/airflow/example_dags/example_external_task_marker_dag.py
[2025-03-30T14:12:34.549+0000] {logging_mixin.py:190} INFO - [2025-03-30T14:12:34.548+0000] {dag.py:3239} INFO - Sync 2 DAGs
[2025-03-30T14:12:34.589+0000] {logging_mixin.py:190} INFO - [2025-03-30T14:12:34.589+0000] {dag.py:4180} INFO - Setting next_dagrun for example_external_task_marker_child to None, run_after=None
[2025-03-30T14:12:34.601+0000] {logging_mixin.py:190} INFO - [2025-03-30T14:12:34.601+0000] {dag.py:4180} INFO - Setting next_dagrun for example_external_task_marker_parent to None, run_after=None
[2025-03-30T14:12:34.634+0000] {processor.py:208} INFO - Processing /home/airflow/.local/lib/python3.12/site-packages/airflow/example_dags/example_external_task_marker_dag.py took 0.217 seconds
[2025-03-30T14:13:05.058+0000] {processor.py:186} INFO - Started process (PID=2432) to work on /home/airflow/.local/lib/python3.12/site-packages/airflow/example_dags/example_external_task_marker_dag.py
[2025-03-30T14:13:05.059+0000] {processor.py:914} INFO - Processing file /home/airflow/.local/lib/python3.12/site-packages/airflow/example_dags/example_external_task_marker_dag.py for tasks to queue
[2025-03-30T14:13:05.060+0000] {logging_mixin.py:190} INFO - [2025-03-30T14:13:05.060+0000] {dagbag.py:588} INFO - Filling up the DagBag from /home/airflow/.local/lib/python3.12/site-packages/airflow/example_dags/example_external_task_marker_dag.py
[2025-03-30T14:13:05.068+0000] {processor.py:925} INFO - DAG(s) 'example_external_task_marker_child', 'example_external_task_marker_parent' retrieved from /home/airflow/.local/lib/python3.12/site-packages/airflow/example_dags/example_external_task_marker_dag.py
[2025-03-30T14:13:05.088+0000] {logging_mixin.py:190} INFO - [2025-03-30T14:13:05.088+0000] {dag.py:3239} INFO - Sync 2 DAGs
[2025-03-30T14:13:05.102+0000] {logging_mixin.py:190} INFO - [2025-03-30T14:13:05.102+0000] {dag.py:4180} INFO - Setting next_dagrun for example_external_task_marker_child to None, run_after=None
[2025-03-30T14:13:05.105+0000] {logging_mixin.py:190} INFO - [2025-03-30T14:13:05.105+0000] {dag.py:4180} INFO - Setting next_dagrun for example_external_task_marker_parent to None, run_after=None
[2025-03-30T14:13:05.120+0000] {processor.py:208} INFO - Processing /home/airflow/.local/lib/python3.12/site-packages/airflow/example_dags/example_external_task_marker_dag.py took 0.070 seconds
[2025-03-30T14:13:35.215+0000] {processor.py:186} INFO - Started process (PID=2507) to work on /home/airflow/.local/lib/python3.12/site-packages/airflow/example_dags/example_external_task_marker_dag.py
[2025-03-30T14:13:35.216+0000] {processor.py:914} INFO - Processing file /home/airflow/.local/lib/python3.12/site-packages/airflow/example_dags/example_external_task_marker_dag.py for tasks to queue
[2025-03-30T14:13:35.218+0000] {logging_mixin.py:190} INFO - [2025-03-30T14:13:35.217+0000] {dagbag.py:588} INFO - Filling up the DagBag from /home/airflow/.local/lib/python3.12/site-packages/airflow/example_dags/example_external_task_marker_dag.py
[2025-03-30T14:13:35.226+0000] {processor.py:925} INFO - DAG(s) 'example_external_task_marker_parent', 'example_external_task_marker_child' retrieved from /home/airflow/.local/lib/python3.12/site-packages/airflow/example_dags/example_external_task_marker_dag.py
[2025-03-30T14:13:35.246+0000] {logging_mixin.py:190} INFO - [2025-03-30T14:13:35.246+0000] {dag.py:3239} INFO - Sync 2 DAGs
[2025-03-30T14:13:35.258+0000] {logging_mixin.py:190} INFO - [2025-03-30T14:13:35.258+0000] {dag.py:4180} INFO - Setting next_dagrun for example_external_task_marker_child to None, run_after=None
[2025-03-30T14:13:35.261+0000] {logging_mixin.py:190} INFO - [2025-03-30T14:13:35.261+0000] {dag.py:4180} INFO - Setting next_dagrun for example_external_task_marker_parent to None, run_after=None
[2025-03-30T14:13:35.277+0000] {processor.py:208} INFO - Processing /home/airflow/.local/lib/python3.12/site-packages/airflow/example_dags/example_external_task_marker_dag.py took 0.071 seconds
[2025-03-30T14:14:05.970+0000] {processor.py:186} INFO - Started process (PID=2582) to work on /home/airflow/.local/lib/python3.12/site-packages/airflow/example_dags/example_external_task_marker_dag.py
[2025-03-30T14:14:05.970+0000] {processor.py:914} INFO - Processing file /home/airflow/.local/lib/python3.12/site-packages/airflow/example_dags/example_external_task_marker_dag.py for tasks to queue
[2025-03-30T14:14:05.971+0000] {logging_mixin.py:190} INFO - [2025-03-30T14:14:05.971+0000] {dagbag.py:588} INFO - Filling up the DagBag from /home/airflow/.local/lib/python3.12/site-packages/airflow/example_dags/example_external_task_marker_dag.py
[2025-03-30T14:14:05.978+0000] {processor.py:925} INFO - DAG(s) 'example_external_task_marker_parent', 'example_external_task_marker_child' retrieved from /home/airflow/.local/lib/python3.12/site-packages/airflow/example_dags/example_external_task_marker_dag.py
[2025-03-30T14:14:05.999+0000] {logging_mixin.py:190} INFO - [2025-03-30T14:14:05.999+0000] {dag.py:3239} INFO - Sync 2 DAGs
[2025-03-30T14:14:06.014+0000] {logging_mixin.py:190} INFO - [2025-03-30T14:14:06.013+0000] {dag.py:4180} INFO - Setting next_dagrun for example_external_task_marker_child to None, run_after=None
[2025-03-30T14:14:06.017+0000] {logging_mixin.py:190} INFO - [2025-03-30T14:14:06.017+0000] {dag.py:4180} INFO - Setting next_dagrun for example_external_task_marker_parent to None, run_after=None
[2025-03-30T14:14:06.033+0000] {processor.py:208} INFO - Processing /home/airflow/.local/lib/python3.12/site-packages/airflow/example_dags/example_external_task_marker_dag.py took 0.071 seconds
[2025-03-30T14:14:36.693+0000] {processor.py:186} INFO - Started process (PID=2657) to work on /home/airflow/.local/lib/python3.12/site-packages/airflow/example_dags/example_external_task_marker_dag.py
[2025-03-30T14:14:36.694+0000] {processor.py:914} INFO - Processing file /home/airflow/.local/lib/python3.12/site-packages/airflow/example_dags/example_external_task_marker_dag.py for tasks to queue
[2025-03-30T14:14:36.696+0000] {logging_mixin.py:190} INFO - [2025-03-30T14:14:36.695+0000] {dagbag.py:588} INFO - Filling up the DagBag from /home/airflow/.local/lib/python3.12/site-packages/airflow/example_dags/example_external_task_marker_dag.py
[2025-03-30T14:14:36.704+0000] {processor.py:925} INFO - DAG(s) 'example_external_task_marker_child', 'example_external_task_marker_parent' retrieved from /home/airflow/.local/lib/python3.12/site-packages/airflow/example_dags/example_external_task_marker_dag.py
[2025-03-30T14:14:36.729+0000] {logging_mixin.py:190} INFO - [2025-03-30T14:14:36.728+0000] {dag.py:3239} INFO - Sync 2 DAGs
[2025-03-30T14:14:36.748+0000] {logging_mixin.py:190} INFO - [2025-03-30T14:14:36.748+0000] {dag.py:4180} INFO - Setting next_dagrun for example_external_task_marker_child to None, run_after=None
[2025-03-30T14:14:36.754+0000] {logging_mixin.py:190} INFO - [2025-03-30T14:14:36.754+0000] {dag.py:4180} INFO - Setting next_dagrun for example_external_task_marker_parent to None, run_after=None
[2025-03-30T14:14:36.773+0000] {processor.py:208} INFO - Processing /home/airflow/.local/lib/python3.12/site-packages/airflow/example_dags/example_external_task_marker_dag.py took 0.090 seconds
[2025-03-30T14:15:06.818+0000] {processor.py:186} INFO - Started process (PID=2731) to work on /home/airflow/.local/lib/python3.12/site-packages/airflow/example_dags/example_external_task_marker_dag.py
[2025-03-30T14:15:06.819+0000] {processor.py:914} INFO - Processing file /home/airflow/.local/lib/python3.12/site-packages/airflow/example_dags/example_external_task_marker_dag.py for tasks to queue
[2025-03-30T14:15:06.820+0000] {logging_mixin.py:190} INFO - [2025-03-30T14:15:06.819+0000] {dagbag.py:588} INFO - Filling up the DagBag from /home/airflow/.local/lib/python3.12/site-packages/airflow/example_dags/example_external_task_marker_dag.py
[2025-03-30T14:15:06.827+0000] {processor.py:925} INFO - DAG(s) 'example_external_task_marker_child', 'example_external_task_marker_parent' retrieved from /home/airflow/.local/lib/python3.12/site-packages/airflow/example_dags/example_external_task_marker_dag.py
[2025-03-30T14:15:06.844+0000] {logging_mixin.py:190} INFO - [2025-03-30T14:15:06.844+0000] {dag.py:3239} INFO - Sync 2 DAGs
[2025-03-30T14:15:06.856+0000] {logging_mixin.py:190} INFO - [2025-03-30T14:15:06.856+0000] {dag.py:4180} INFO - Setting next_dagrun for example_external_task_marker_child to None, run_after=None
[2025-03-30T14:15:06.859+0000] {logging_mixin.py:190} INFO - [2025-03-30T14:15:06.859+0000] {dag.py:4180} INFO - Setting next_dagrun for example_external_task_marker_parent to None, run_after=None
[2025-03-30T14:15:06.877+0000] {processor.py:208} INFO - Processing /home/airflow/.local/lib/python3.12/site-packages/airflow/example_dags/example_external_task_marker_dag.py took 0.067 seconds
[2025-03-30T14:15:37.345+0000] {processor.py:186} INFO - Started process (PID=2807) to work on /home/airflow/.local/lib/python3.12/site-packages/airflow/example_dags/example_external_task_marker_dag.py
[2025-03-30T14:15:37.346+0000] {processor.py:914} INFO - Processing file /home/airflow/.local/lib/python3.12/site-packages/airflow/example_dags/example_external_task_marker_dag.py for tasks to queue
[2025-03-30T14:15:37.347+0000] {logging_mixin.py:190} INFO - [2025-03-30T14:15:37.347+0000] {dagbag.py:588} INFO - Filling up the DagBag from /home/airflow/.local/lib/python3.12/site-packages/airflow/example_dags/example_external_task_marker_dag.py
[2025-03-30T14:15:37.355+0000] {processor.py:925} INFO - DAG(s) 'example_external_task_marker_parent', 'example_external_task_marker_child' retrieved from /home/airflow/.local/lib/python3.12/site-packages/airflow/example_dags/example_external_task_marker_dag.py
[2025-03-30T14:15:37.373+0000] {logging_mixin.py:190} INFO - [2025-03-30T14:15:37.373+0000] {dag.py:3239} INFO - Sync 2 DAGs
[2025-03-30T14:15:37.387+0000] {logging_mixin.py:190} INFO - [2025-03-30T14:15:37.387+0000] {dag.py:4180} INFO - Setting next_dagrun for example_external_task_marker_child to None, run_after=None
[2025-03-30T14:15:37.390+0000] {logging_mixin.py:190} INFO - [2025-03-30T14:15:37.390+0000] {dag.py:4180} INFO - Setting next_dagrun for example_external_task_marker_parent to None, run_after=None
[2025-03-30T14:15:37.402+0000] {processor.py:208} INFO - Processing /home/airflow/.local/lib/python3.12/site-packages/airflow/example_dags/example_external_task_marker_dag.py took 0.065 seconds
[2025-03-30T14:16:07.976+0000] {processor.py:186} INFO - Started process (PID=2882) to work on /home/airflow/.local/lib/python3.12/site-packages/airflow/example_dags/example_external_task_marker_dag.py
[2025-03-30T14:16:07.977+0000] {processor.py:914} INFO - Processing file /home/airflow/.local/lib/python3.12/site-packages/airflow/example_dags/example_external_task_marker_dag.py for tasks to queue
[2025-03-30T14:16:07.978+0000] {logging_mixin.py:190} INFO - [2025-03-30T14:16:07.978+0000] {dagbag.py:588} INFO - Filling up the DagBag from /home/airflow/.local/lib/python3.12/site-packages/airflow/example_dags/example_external_task_marker_dag.py
[2025-03-30T14:16:07.986+0000] {processor.py:925} INFO - DAG(s) 'example_external_task_marker_parent', 'example_external_task_marker_child' retrieved from /home/airflow/.local/lib/python3.12/site-packages/airflow/example_dags/example_external_task_marker_dag.py
[2025-03-30T14:16:08.004+0000] {logging_mixin.py:190} INFO - [2025-03-30T14:16:08.004+0000] {dag.py:3239} INFO - Sync 2 DAGs
[2025-03-30T14:16:08.017+0000] {logging_mixin.py:190} INFO - [2025-03-30T14:16:08.017+0000] {dag.py:4180} INFO - Setting next_dagrun for example_external_task_marker_child to None, run_after=None
[2025-03-30T14:16:08.021+0000] {logging_mixin.py:190} INFO - [2025-03-30T14:16:08.021+0000] {dag.py:4180} INFO - Setting next_dagrun for example_external_task_marker_parent to None, run_after=None
[2025-03-30T14:16:08.036+0000] {processor.py:208} INFO - Processing /home/airflow/.local/lib/python3.12/site-packages/airflow/example_dags/example_external_task_marker_dag.py took 0.069 seconds
[2025-03-30T14:16:38.261+0000] {processor.py:186} INFO - Started process (PID=2957) to work on /home/airflow/.local/lib/python3.12/site-packages/airflow/example_dags/example_external_task_marker_dag.py
[2025-03-30T14:16:38.262+0000] {processor.py:914} INFO - Processing file /home/airflow/.local/lib/python3.12/site-packages/airflow/example_dags/example_external_task_marker_dag.py for tasks to queue
[2025-03-30T14:16:38.263+0000] {logging_mixin.py:190} INFO - [2025-03-30T14:16:38.263+0000] {dagbag.py:588} INFO - Filling up the DagBag from /home/airflow/.local/lib/python3.12/site-packages/airflow/example_dags/example_external_task_marker_dag.py
[2025-03-30T14:16:38.274+0000] {processor.py:925} INFO - DAG(s) 'example_external_task_marker_parent', 'example_external_task_marker_child' retrieved from /home/airflow/.local/lib/python3.12/site-packages/airflow/example_dags/example_external_task_marker_dag.py
[2025-03-30T14:16:38.294+0000] {logging_mixin.py:190} INFO - [2025-03-30T14:16:38.294+0000] {dag.py:3239} INFO - Sync 2 DAGs
[2025-03-30T14:16:38.307+0000] {logging_mixin.py:190} INFO - [2025-03-30T14:16:38.307+0000] {dag.py:4180} INFO - Setting next_dagrun for example_external_task_marker_child to None, run_after=None
[2025-03-30T14:16:38.310+0000] {logging_mixin.py:190} INFO - [2025-03-30T14:16:38.310+0000] {dag.py:4180} INFO - Setting next_dagrun for example_external_task_marker_parent to None, run_after=None
[2025-03-30T14:16:38.324+0000] {processor.py:208} INFO - Processing /home/airflow/.local/lib/python3.12/site-packages/airflow/example_dags/example_external_task_marker_dag.py took 0.070 seconds
[2025-03-30T14:17:08.485+0000] {processor.py:186} INFO - Started process (PID=3032) to work on /home/airflow/.local/lib/python3.12/site-packages/airflow/example_dags/example_external_task_marker_dag.py
[2025-03-30T14:17:08.486+0000] {processor.py:914} INFO - Processing file /home/airflow/.local/lib/python3.12/site-packages/airflow/example_dags/example_external_task_marker_dag.py for tasks to queue
[2025-03-30T14:17:08.487+0000] {logging_mixin.py:190} INFO - [2025-03-30T14:17:08.487+0000] {dagbag.py:588} INFO - Filling up the DagBag from /home/airflow/.local/lib/python3.12/site-packages/airflow/example_dags/example_external_task_marker_dag.py
[2025-03-30T14:17:08.494+0000] {processor.py:925} INFO - DAG(s) 'example_external_task_marker_parent', 'example_external_task_marker_child' retrieved from /home/airflow/.local/lib/python3.12/site-packages/airflow/example_dags/example_external_task_marker_dag.py
[2025-03-30T14:17:08.513+0000] {logging_mixin.py:190} INFO - [2025-03-30T14:17:08.512+0000] {dag.py:3239} INFO - Sync 2 DAGs
[2025-03-30T14:17:08.526+0000] {logging_mixin.py:190} INFO - [2025-03-30T14:17:08.525+0000] {dag.py:4180} INFO - Setting next_dagrun for example_external_task_marker_child to None, run_after=None
[2025-03-30T14:17:08.529+0000] {logging_mixin.py:190} INFO - [2025-03-30T14:17:08.529+0000] {dag.py:4180} INFO - Setting next_dagrun for example_external_task_marker_parent to None, run_after=None
[2025-03-30T14:17:08.543+0000] {processor.py:208} INFO - Processing /home/airflow/.local/lib/python3.12/site-packages/airflow/example_dags/example_external_task_marker_dag.py took 0.067 seconds
[2025-03-30T14:17:39.658+0000] {processor.py:186} INFO - Started process (PID=3107) to work on /home/airflow/.local/lib/python3.12/site-packages/airflow/example_dags/example_external_task_marker_dag.py
[2025-03-30T14:17:39.659+0000] {processor.py:914} INFO - Processing file /home/airflow/.local/lib/python3.12/site-packages/airflow/example_dags/example_external_task_marker_dag.py for tasks to queue
[2025-03-30T14:17:39.661+0000] {logging_mixin.py:190} INFO - [2025-03-30T14:17:39.660+0000] {dagbag.py:588} INFO - Filling up the DagBag from /home/airflow/.local/lib/python3.12/site-packages/airflow/example_dags/example_external_task_marker_dag.py
[2025-03-30T14:17:39.668+0000] {processor.py:925} INFO - DAG(s) 'example_external_task_marker_child', 'example_external_task_marker_parent' retrieved from /home/airflow/.local/lib/python3.12/site-packages/airflow/example_dags/example_external_task_marker_dag.py
[2025-03-30T14:17:39.698+0000] {logging_mixin.py:190} INFO - [2025-03-30T14:17:39.697+0000] {dag.py:3239} INFO - Sync 2 DAGs
[2025-03-30T14:17:39.720+0000] {logging_mixin.py:190} INFO - [2025-03-30T14:17:39.720+0000] {dag.py:4180} INFO - Setting next_dagrun for example_external_task_marker_child to None, run_after=None
[2025-03-30T14:17:39.726+0000] {logging_mixin.py:190} INFO - [2025-03-30T14:17:39.726+0000] {dag.py:4180} INFO - Setting next_dagrun for example_external_task_marker_parent to None, run_after=None
[2025-03-30T14:17:39.759+0000] {processor.py:208} INFO - Processing /home/airflow/.local/lib/python3.12/site-packages/airflow/example_dags/example_external_task_marker_dag.py took 0.108 seconds
[2025-03-30T14:18:10.839+0000] {processor.py:186} INFO - Started process (PID=3181) to work on /home/airflow/.local/lib/python3.12/site-packages/airflow/example_dags/example_external_task_marker_dag.py
[2025-03-30T14:18:10.841+0000] {processor.py:914} INFO - Processing file /home/airflow/.local/lib/python3.12/site-packages/airflow/example_dags/example_external_task_marker_dag.py for tasks to queue
[2025-03-30T14:18:10.843+0000] {logging_mixin.py:190} INFO - [2025-03-30T14:18:10.843+0000] {dagbag.py:588} INFO - Filling up the DagBag from /home/airflow/.local/lib/python3.12/site-packages/airflow/example_dags/example_external_task_marker_dag.py
[2025-03-30T14:18:10.853+0000] {processor.py:925} INFO - DAG(s) 'example_external_task_marker_parent', 'example_external_task_marker_child' retrieved from /home/airflow/.local/lib/python3.12/site-packages/airflow/example_dags/example_external_task_marker_dag.py
[2025-03-30T14:18:10.886+0000] {logging_mixin.py:190} INFO - [2025-03-30T14:18:10.885+0000] {dag.py:3239} INFO - Sync 2 DAGs
[2025-03-30T14:18:10.907+0000] {logging_mixin.py:190} INFO - [2025-03-30T14:18:10.906+0000] {dag.py:4180} INFO - Setting next_dagrun for example_external_task_marker_child to None, run_after=None
[2025-03-30T14:18:10.913+0000] {logging_mixin.py:190} INFO - [2025-03-30T14:18:10.913+0000] {dag.py:4180} INFO - Setting next_dagrun for example_external_task_marker_parent to None, run_after=None
[2025-03-30T14:18:10.934+0000] {processor.py:208} INFO - Processing /home/airflow/.local/lib/python3.12/site-packages/airflow/example_dags/example_external_task_marker_dag.py took 0.106 seconds
