[2025-03-30T13:57:18.433+0000] {processor.py:186} INFO - Started process (PID=98) to work on /home/airflow/.local/lib/python3.12/site-packages/airflow/example_dags/example_complex.py
[2025-03-30T13:57:18.434+0000] {processor.py:914} INFO - Processing file /home/airflow/.local/lib/python3.12/site-packages/airflow/example_dags/example_complex.py for tasks to queue
[2025-03-30T13:57:18.436+0000] {logging_mixin.py:190} INFO - [2025-03-30T13:57:18.436+0000] {dagbag.py:588} INFO - Filling up the DagBag from /home/airflow/.local/lib/python3.12/site-packages/airflow/example_dags/example_complex.py
[2025-03-30T13:57:18.448+0000] {processor.py:925} INFO - DAG(s) 'example_complex' retrieved from /home/airflow/.local/lib/python3.12/site-packages/airflow/example_dags/example_complex.py
[2025-03-30T13:57:18.483+0000] {logging_mixin.py:190} INFO - [2025-03-30T13:57:18.483+0000] {dag.py:3239} INFO - Sync 1 DAGs
[2025-03-30T13:57:18.498+0000] {logging_mixin.py:190} INFO - [2025-03-30T13:57:18.498+0000] {dag.py:4180} INFO - Setting next_dagrun for example_complex to None, run_after=None
[2025-03-30T13:57:18.551+0000] {processor.py:208} INFO - Processing /home/airflow/.local/lib/python3.12/site-packages/airflow/example_dags/example_complex.py took 0.123 seconds
[2025-03-30T13:57:49.558+0000] {processor.py:186} INFO - Started process (PID=173) to work on /home/airflow/.local/lib/python3.12/site-packages/airflow/example_dags/example_complex.py
[2025-03-30T13:57:49.561+0000] {processor.py:914} INFO - Processing file /home/airflow/.local/lib/python3.12/site-packages/airflow/example_dags/example_complex.py for tasks to queue
[2025-03-30T13:57:49.565+0000] {logging_mixin.py:190} INFO - [2025-03-30T13:57:49.565+0000] {dagbag.py:588} INFO - Filling up the DagBag from /home/airflow/.local/lib/python3.12/site-packages/airflow/example_dags/example_complex.py
[2025-03-30T13:57:49.584+0000] {processor.py:925} INFO - DAG(s) 'example_complex' retrieved from /home/airflow/.local/lib/python3.12/site-packages/airflow/example_dags/example_complex.py
[2025-03-30T13:57:49.623+0000] {logging_mixin.py:190} INFO - [2025-03-30T13:57:49.623+0000] {dag.py:3239} INFO - Sync 1 DAGs
[2025-03-30T13:57:49.644+0000] {logging_mixin.py:190} INFO - [2025-03-30T13:57:49.644+0000] {dag.py:4180} INFO - Setting next_dagrun for example_complex to None, run_after=None
[2025-03-30T13:57:49.669+0000] {processor.py:208} INFO - Processing /home/airflow/.local/lib/python3.12/site-packages/airflow/example_dags/example_complex.py took 0.119 seconds
[2025-03-30T13:58:19.742+0000] {processor.py:186} INFO - Started process (PID=248) to work on /home/airflow/.local/lib/python3.12/site-packages/airflow/example_dags/example_complex.py
[2025-03-30T13:58:19.743+0000] {processor.py:914} INFO - Processing file /home/airflow/.local/lib/python3.12/site-packages/airflow/example_dags/example_complex.py for tasks to queue
[2025-03-30T13:58:19.745+0000] {logging_mixin.py:190} INFO - [2025-03-30T13:58:19.745+0000] {dagbag.py:588} INFO - Filling up the DagBag from /home/airflow/.local/lib/python3.12/site-packages/airflow/example_dags/example_complex.py
[2025-03-30T13:58:19.755+0000] {processor.py:925} INFO - DAG(s) 'example_complex' retrieved from /home/airflow/.local/lib/python3.12/site-packages/airflow/example_dags/example_complex.py
[2025-03-30T13:58:19.781+0000] {logging_mixin.py:190} INFO - [2025-03-30T13:58:19.780+0000] {dag.py:3239} INFO - Sync 1 DAGs
[2025-03-30T13:58:19.799+0000] {logging_mixin.py:190} INFO - [2025-03-30T13:58:19.798+0000] {dag.py:4180} INFO - Setting next_dagrun for example_complex to None, run_after=None
[2025-03-30T13:58:19.814+0000] {processor.py:208} INFO - Processing /home/airflow/.local/lib/python3.12/site-packages/airflow/example_dags/example_complex.py took 0.076 seconds
[2025-03-30T13:58:50.777+0000] {processor.py:186} INFO - Started process (PID=323) to work on /home/airflow/.local/lib/python3.12/site-packages/airflow/example_dags/example_complex.py
[2025-03-30T13:58:50.777+0000] {processor.py:914} INFO - Processing file /home/airflow/.local/lib/python3.12/site-packages/airflow/example_dags/example_complex.py for tasks to queue
[2025-03-30T13:58:50.779+0000] {logging_mixin.py:190} INFO - [2025-03-30T13:58:50.779+0000] {dagbag.py:588} INFO - Filling up the DagBag from /home/airflow/.local/lib/python3.12/site-packages/airflow/example_dags/example_complex.py
[2025-03-30T13:58:50.788+0000] {processor.py:925} INFO - DAG(s) 'example_complex' retrieved from /home/airflow/.local/lib/python3.12/site-packages/airflow/example_dags/example_complex.py
[2025-03-30T13:58:50.812+0000] {logging_mixin.py:190} INFO - [2025-03-30T13:58:50.812+0000] {dag.py:3239} INFO - Sync 1 DAGs
[2025-03-30T13:58:50.825+0000] {logging_mixin.py:190} INFO - [2025-03-30T13:58:50.825+0000] {dag.py:4180} INFO - Setting next_dagrun for example_complex to None, run_after=None
[2025-03-30T13:58:50.839+0000] {processor.py:208} INFO - Processing /home/airflow/.local/lib/python3.12/site-packages/airflow/example_dags/example_complex.py took 0.067 seconds
[2025-03-30T13:59:21.062+0000] {processor.py:186} INFO - Started process (PID=398) to work on /home/airflow/.local/lib/python3.12/site-packages/airflow/example_dags/example_complex.py
[2025-03-30T13:59:21.063+0000] {processor.py:914} INFO - Processing file /home/airflow/.local/lib/python3.12/site-packages/airflow/example_dags/example_complex.py for tasks to queue
[2025-03-30T13:59:21.064+0000] {logging_mixin.py:190} INFO - [2025-03-30T13:59:21.064+0000] {dagbag.py:588} INFO - Filling up the DagBag from /home/airflow/.local/lib/python3.12/site-packages/airflow/example_dags/example_complex.py
[2025-03-30T13:59:21.073+0000] {processor.py:925} INFO - DAG(s) 'example_complex' retrieved from /home/airflow/.local/lib/python3.12/site-packages/airflow/example_dags/example_complex.py
[2025-03-30T13:59:21.101+0000] {logging_mixin.py:190} INFO - [2025-03-30T13:59:21.101+0000] {dag.py:3239} INFO - Sync 1 DAGs
[2025-03-30T13:59:21.116+0000] {logging_mixin.py:190} INFO - [2025-03-30T13:59:21.115+0000] {dag.py:4180} INFO - Setting next_dagrun for example_complex to None, run_after=None
[2025-03-30T13:59:21.134+0000] {processor.py:208} INFO - Processing /home/airflow/.local/lib/python3.12/site-packages/airflow/example_dags/example_complex.py took 0.076 seconds
[2025-03-30T13:59:51.411+0000] {processor.py:186} INFO - Started process (PID=472) to work on /home/airflow/.local/lib/python3.12/site-packages/airflow/example_dags/example_complex.py
[2025-03-30T13:59:51.412+0000] {processor.py:914} INFO - Processing file /home/airflow/.local/lib/python3.12/site-packages/airflow/example_dags/example_complex.py for tasks to queue
[2025-03-30T13:59:51.414+0000] {logging_mixin.py:190} INFO - [2025-03-30T13:59:51.414+0000] {dagbag.py:588} INFO - Filling up the DagBag from /home/airflow/.local/lib/python3.12/site-packages/airflow/example_dags/example_complex.py
[2025-03-30T13:59:51.424+0000] {processor.py:925} INFO - DAG(s) 'example_complex' retrieved from /home/airflow/.local/lib/python3.12/site-packages/airflow/example_dags/example_complex.py
[2025-03-30T13:59:51.452+0000] {logging_mixin.py:190} INFO - [2025-03-30T13:59:51.452+0000] {dag.py:3239} INFO - Sync 1 DAGs
[2025-03-30T13:59:51.467+0000] {logging_mixin.py:190} INFO - [2025-03-30T13:59:51.467+0000] {dag.py:4180} INFO - Setting next_dagrun for example_complex to None, run_after=None
[2025-03-30T13:59:51.487+0000] {processor.py:208} INFO - Processing /home/airflow/.local/lib/python3.12/site-packages/airflow/example_dags/example_complex.py took 0.080 seconds
[2025-03-30T14:00:21.603+0000] {processor.py:186} INFO - Started process (PID=547) to work on /home/airflow/.local/lib/python3.12/site-packages/airflow/example_dags/example_complex.py
[2025-03-30T14:00:21.604+0000] {processor.py:914} INFO - Processing file /home/airflow/.local/lib/python3.12/site-packages/airflow/example_dags/example_complex.py for tasks to queue
[2025-03-30T14:00:21.606+0000] {logging_mixin.py:190} INFO - [2025-03-30T14:00:21.606+0000] {dagbag.py:588} INFO - Filling up the DagBag from /home/airflow/.local/lib/python3.12/site-packages/airflow/example_dags/example_complex.py
[2025-03-30T14:00:21.616+0000] {processor.py:925} INFO - DAG(s) 'example_complex' retrieved from /home/airflow/.local/lib/python3.12/site-packages/airflow/example_dags/example_complex.py
[2025-03-30T14:00:21.641+0000] {logging_mixin.py:190} INFO - [2025-03-30T14:00:21.640+0000] {dag.py:3239} INFO - Sync 1 DAGs
[2025-03-30T14:00:21.652+0000] {logging_mixin.py:190} INFO - [2025-03-30T14:00:21.652+0000] {dag.py:4180} INFO - Setting next_dagrun for example_complex to None, run_after=None
[2025-03-30T14:00:21.667+0000] {processor.py:208} INFO - Processing /home/airflow/.local/lib/python3.12/site-packages/airflow/example_dags/example_complex.py took 0.069 seconds
[2025-03-30T14:00:52.056+0000] {processor.py:186} INFO - Started process (PID=622) to work on /home/airflow/.local/lib/python3.12/site-packages/airflow/example_dags/example_complex.py
[2025-03-30T14:00:52.057+0000] {processor.py:914} INFO - Processing file /home/airflow/.local/lib/python3.12/site-packages/airflow/example_dags/example_complex.py for tasks to queue
[2025-03-30T14:00:52.060+0000] {logging_mixin.py:190} INFO - [2025-03-30T14:00:52.059+0000] {dagbag.py:588} INFO - Filling up the DagBag from /home/airflow/.local/lib/python3.12/site-packages/airflow/example_dags/example_complex.py
[2025-03-30T14:00:52.070+0000] {processor.py:925} INFO - DAG(s) 'example_complex' retrieved from /home/airflow/.local/lib/python3.12/site-packages/airflow/example_dags/example_complex.py
[2025-03-30T14:00:52.096+0000] {logging_mixin.py:190} INFO - [2025-03-30T14:00:52.096+0000] {dag.py:3239} INFO - Sync 1 DAGs
[2025-03-30T14:00:52.108+0000] {logging_mixin.py:190} INFO - [2025-03-30T14:00:52.108+0000] {dag.py:4180} INFO - Setting next_dagrun for example_complex to None, run_after=None
[2025-03-30T14:00:52.126+0000] {processor.py:208} INFO - Processing /home/airflow/.local/lib/python3.12/site-packages/airflow/example_dags/example_complex.py took 0.074 seconds
[2025-03-30T14:01:22.843+0000] {processor.py:186} INFO - Started process (PID=697) to work on /home/airflow/.local/lib/python3.12/site-packages/airflow/example_dags/example_complex.py
[2025-03-30T14:01:22.844+0000] {processor.py:914} INFO - Processing file /home/airflow/.local/lib/python3.12/site-packages/airflow/example_dags/example_complex.py for tasks to queue
[2025-03-30T14:01:22.846+0000] {logging_mixin.py:190} INFO - [2025-03-30T14:01:22.846+0000] {dagbag.py:588} INFO - Filling up the DagBag from /home/airflow/.local/lib/python3.12/site-packages/airflow/example_dags/example_complex.py
[2025-03-30T14:01:22.855+0000] {processor.py:925} INFO - DAG(s) 'example_complex' retrieved from /home/airflow/.local/lib/python3.12/site-packages/airflow/example_dags/example_complex.py
[2025-03-30T14:01:22.879+0000] {logging_mixin.py:190} INFO - [2025-03-30T14:01:22.879+0000] {dag.py:3239} INFO - Sync 1 DAGs
[2025-03-30T14:01:22.892+0000] {logging_mixin.py:190} INFO - [2025-03-30T14:01:22.892+0000] {dag.py:4180} INFO - Setting next_dagrun for example_complex to None, run_after=None
[2025-03-30T14:01:22.909+0000] {processor.py:208} INFO - Processing /home/airflow/.local/lib/python3.12/site-packages/airflow/example_dags/example_complex.py took 0.070 seconds
[2025-03-30T14:01:53.203+0000] {processor.py:186} INFO - Started process (PID=784) to work on /home/airflow/.local/lib/python3.12/site-packages/airflow/example_dags/example_complex.py
[2025-03-30T14:01:53.204+0000] {processor.py:914} INFO - Processing file /home/airflow/.local/lib/python3.12/site-packages/airflow/example_dags/example_complex.py for tasks to queue
[2025-03-30T14:01:53.206+0000] {logging_mixin.py:190} INFO - [2025-03-30T14:01:53.206+0000] {dagbag.py:588} INFO - Filling up the DagBag from /home/airflow/.local/lib/python3.12/site-packages/airflow/example_dags/example_complex.py
[2025-03-30T14:01:53.217+0000] {processor.py:925} INFO - DAG(s) 'example_complex' retrieved from /home/airflow/.local/lib/python3.12/site-packages/airflow/example_dags/example_complex.py
[2025-03-30T14:01:53.243+0000] {logging_mixin.py:190} INFO - [2025-03-30T14:01:53.243+0000] {dag.py:3239} INFO - Sync 1 DAGs
[2025-03-30T14:01:53.267+0000] {logging_mixin.py:190} INFO - [2025-03-30T14:01:53.266+0000] {dag.py:4180} INFO - Setting next_dagrun for example_complex to None, run_after=None
[2025-03-30T14:01:53.291+0000] {processor.py:208} INFO - Processing /home/airflow/.local/lib/python3.12/site-packages/airflow/example_dags/example_complex.py took 0.092 seconds
[2025-03-30T14:02:23.592+0000] {processor.py:186} INFO - Started process (PID=859) to work on /home/airflow/.local/lib/python3.12/site-packages/airflow/example_dags/example_complex.py
[2025-03-30T14:02:23.593+0000] {processor.py:914} INFO - Processing file /home/airflow/.local/lib/python3.12/site-packages/airflow/example_dags/example_complex.py for tasks to queue
[2025-03-30T14:02:23.596+0000] {logging_mixin.py:190} INFO - [2025-03-30T14:02:23.595+0000] {dagbag.py:588} INFO - Filling up the DagBag from /home/airflow/.local/lib/python3.12/site-packages/airflow/example_dags/example_complex.py
[2025-03-30T14:02:23.609+0000] {processor.py:925} INFO - DAG(s) 'example_complex' retrieved from /home/airflow/.local/lib/python3.12/site-packages/airflow/example_dags/example_complex.py
[2025-03-30T14:02:23.644+0000] {logging_mixin.py:190} INFO - [2025-03-30T14:02:23.644+0000] {dag.py:3239} INFO - Sync 1 DAGs
[2025-03-30T14:02:23.663+0000] {logging_mixin.py:190} INFO - [2025-03-30T14:02:23.662+0000] {dag.py:4180} INFO - Setting next_dagrun for example_complex to None, run_after=None
[2025-03-30T14:02:23.685+0000] {processor.py:208} INFO - Processing /home/airflow/.local/lib/python3.12/site-packages/airflow/example_dags/example_complex.py took 0.101 seconds
[2025-03-30T14:02:54.030+0000] {processor.py:186} INFO - Started process (PID=934) to work on /home/airflow/.local/lib/python3.12/site-packages/airflow/example_dags/example_complex.py
[2025-03-30T14:02:54.031+0000] {processor.py:914} INFO - Processing file /home/airflow/.local/lib/python3.12/site-packages/airflow/example_dags/example_complex.py for tasks to queue
[2025-03-30T14:02:54.033+0000] {logging_mixin.py:190} INFO - [2025-03-30T14:02:54.033+0000] {dagbag.py:588} INFO - Filling up the DagBag from /home/airflow/.local/lib/python3.12/site-packages/airflow/example_dags/example_complex.py
[2025-03-30T14:02:54.042+0000] {processor.py:925} INFO - DAG(s) 'example_complex' retrieved from /home/airflow/.local/lib/python3.12/site-packages/airflow/example_dags/example_complex.py
[2025-03-30T14:02:54.065+0000] {logging_mixin.py:190} INFO - [2025-03-30T14:02:54.065+0000] {dag.py:3239} INFO - Sync 1 DAGs
[2025-03-30T14:02:54.076+0000] {logging_mixin.py:190} INFO - [2025-03-30T14:02:54.076+0000] {dag.py:4180} INFO - Setting next_dagrun for example_complex to None, run_after=None
[2025-03-30T14:02:54.089+0000] {processor.py:208} INFO - Processing /home/airflow/.local/lib/python3.12/site-packages/airflow/example_dags/example_complex.py took 0.063 seconds
[2025-03-30T14:03:24.660+0000] {processor.py:186} INFO - Started process (PID=1009) to work on /home/airflow/.local/lib/python3.12/site-packages/airflow/example_dags/example_complex.py
[2025-03-30T14:03:24.661+0000] {processor.py:914} INFO - Processing file /home/airflow/.local/lib/python3.12/site-packages/airflow/example_dags/example_complex.py for tasks to queue
[2025-03-30T14:03:24.663+0000] {logging_mixin.py:190} INFO - [2025-03-30T14:03:24.663+0000] {dagbag.py:588} INFO - Filling up the DagBag from /home/airflow/.local/lib/python3.12/site-packages/airflow/example_dags/example_complex.py
[2025-03-30T14:03:24.673+0000] {processor.py:925} INFO - DAG(s) 'example_complex' retrieved from /home/airflow/.local/lib/python3.12/site-packages/airflow/example_dags/example_complex.py
[2025-03-30T14:03:24.698+0000] {logging_mixin.py:190} INFO - [2025-03-30T14:03:24.698+0000] {dag.py:3239} INFO - Sync 1 DAGs
[2025-03-30T14:03:24.714+0000] {logging_mixin.py:190} INFO - [2025-03-30T14:03:24.714+0000] {dag.py:4180} INFO - Setting next_dagrun for example_complex to None, run_after=None
[2025-03-30T14:03:24.729+0000] {processor.py:208} INFO - Processing /home/airflow/.local/lib/python3.12/site-packages/airflow/example_dags/example_complex.py took 0.074 seconds
[2025-03-30T14:03:55.942+0000] {processor.py:186} INFO - Started process (PID=1084) to work on /home/airflow/.local/lib/python3.12/site-packages/airflow/example_dags/example_complex.py
[2025-03-30T14:03:55.943+0000] {processor.py:914} INFO - Processing file /home/airflow/.local/lib/python3.12/site-packages/airflow/example_dags/example_complex.py for tasks to queue
[2025-03-30T14:03:55.945+0000] {logging_mixin.py:190} INFO - [2025-03-30T14:03:55.944+0000] {dagbag.py:588} INFO - Filling up the DagBag from /home/airflow/.local/lib/python3.12/site-packages/airflow/example_dags/example_complex.py
[2025-03-30T14:03:55.956+0000] {processor.py:925} INFO - DAG(s) 'example_complex' retrieved from /home/airflow/.local/lib/python3.12/site-packages/airflow/example_dags/example_complex.py
[2025-03-30T14:03:55.987+0000] {logging_mixin.py:190} INFO - [2025-03-30T14:03:55.986+0000] {dag.py:3239} INFO - Sync 1 DAGs
[2025-03-30T14:03:56.004+0000] {logging_mixin.py:190} INFO - [2025-03-30T14:03:56.003+0000] {dag.py:4180} INFO - Setting next_dagrun for example_complex to None, run_after=None
[2025-03-30T14:03:56.029+0000] {processor.py:208} INFO - Processing /home/airflow/.local/lib/python3.12/site-packages/airflow/example_dags/example_complex.py took 0.092 seconds
[2025-03-30T14:04:26.279+0000] {processor.py:186} INFO - Started process (PID=1147) to work on /home/airflow/.local/lib/python3.12/site-packages/airflow/example_dags/example_complex.py
[2025-03-30T14:04:26.280+0000] {processor.py:914} INFO - Processing file /home/airflow/.local/lib/python3.12/site-packages/airflow/example_dags/example_complex.py for tasks to queue
[2025-03-30T14:04:26.282+0000] {logging_mixin.py:190} INFO - [2025-03-30T14:04:26.282+0000] {dagbag.py:588} INFO - Filling up the DagBag from /home/airflow/.local/lib/python3.12/site-packages/airflow/example_dags/example_complex.py
[2025-03-30T14:04:26.291+0000] {processor.py:925} INFO - DAG(s) 'example_complex' retrieved from /home/airflow/.local/lib/python3.12/site-packages/airflow/example_dags/example_complex.py
[2025-03-30T14:04:26.320+0000] {logging_mixin.py:190} INFO - [2025-03-30T14:04:26.320+0000] {dag.py:3239} INFO - Sync 1 DAGs
[2025-03-30T14:04:26.331+0000] {logging_mixin.py:190} INFO - [2025-03-30T14:04:26.331+0000] {dag.py:4180} INFO - Setting next_dagrun for example_complex to None, run_after=None
[2025-03-30T14:04:26.347+0000] {processor.py:208} INFO - Processing /home/airflow/.local/lib/python3.12/site-packages/airflow/example_dags/example_complex.py took 0.072 seconds
[2025-03-30T14:04:56.471+0000] {processor.py:186} INFO - Started process (PID=1234) to work on /home/airflow/.local/lib/python3.12/site-packages/airflow/example_dags/example_complex.py
[2025-03-30T14:04:56.472+0000] {processor.py:914} INFO - Processing file /home/airflow/.local/lib/python3.12/site-packages/airflow/example_dags/example_complex.py for tasks to queue
[2025-03-30T14:04:56.475+0000] {logging_mixin.py:190} INFO - [2025-03-30T14:04:56.475+0000] {dagbag.py:588} INFO - Filling up the DagBag from /home/airflow/.local/lib/python3.12/site-packages/airflow/example_dags/example_complex.py
[2025-03-30T14:04:56.488+0000] {processor.py:925} INFO - DAG(s) 'example_complex' retrieved from /home/airflow/.local/lib/python3.12/site-packages/airflow/example_dags/example_complex.py
[2025-03-30T14:04:56.522+0000] {logging_mixin.py:190} INFO - [2025-03-30T14:04:56.522+0000] {dag.py:3239} INFO - Sync 1 DAGs
[2025-03-30T14:04:56.540+0000] {logging_mixin.py:190} INFO - [2025-03-30T14:04:56.539+0000] {dag.py:4180} INFO - Setting next_dagrun for example_complex to None, run_after=None
[2025-03-30T14:04:56.567+0000] {processor.py:208} INFO - Processing /home/airflow/.local/lib/python3.12/site-packages/airflow/example_dags/example_complex.py took 0.103 seconds
[2025-03-30T14:05:26.639+0000] {processor.py:186} INFO - Started process (PID=1309) to work on /home/airflow/.local/lib/python3.12/site-packages/airflow/example_dags/example_complex.py
[2025-03-30T14:05:26.640+0000] {processor.py:914} INFO - Processing file /home/airflow/.local/lib/python3.12/site-packages/airflow/example_dags/example_complex.py for tasks to queue
[2025-03-30T14:05:26.643+0000] {logging_mixin.py:190} INFO - [2025-03-30T14:05:26.643+0000] {dagbag.py:588} INFO - Filling up the DagBag from /home/airflow/.local/lib/python3.12/site-packages/airflow/example_dags/example_complex.py
[2025-03-30T14:05:26.656+0000] {processor.py:925} INFO - DAG(s) 'example_complex' retrieved from /home/airflow/.local/lib/python3.12/site-packages/airflow/example_dags/example_complex.py
[2025-03-30T14:05:26.689+0000] {logging_mixin.py:190} INFO - [2025-03-30T14:05:26.689+0000] {dag.py:3239} INFO - Sync 1 DAGs
[2025-03-30T14:05:26.704+0000] {logging_mixin.py:190} INFO - [2025-03-30T14:05:26.704+0000] {dag.py:4180} INFO - Setting next_dagrun for example_complex to None, run_after=None
[2025-03-30T14:05:26.724+0000] {processor.py:208} INFO - Processing /home/airflow/.local/lib/python3.12/site-packages/airflow/example_dags/example_complex.py took 0.091 seconds
[2025-03-30T14:05:57.421+0000] {processor.py:186} INFO - Started process (PID=1384) to work on /home/airflow/.local/lib/python3.12/site-packages/airflow/example_dags/example_complex.py
[2025-03-30T14:05:57.422+0000] {processor.py:914} INFO - Processing file /home/airflow/.local/lib/python3.12/site-packages/airflow/example_dags/example_complex.py for tasks to queue
[2025-03-30T14:05:57.424+0000] {logging_mixin.py:190} INFO - [2025-03-30T14:05:57.424+0000] {dagbag.py:588} INFO - Filling up the DagBag from /home/airflow/.local/lib/python3.12/site-packages/airflow/example_dags/example_complex.py
[2025-03-30T14:05:57.434+0000] {processor.py:925} INFO - DAG(s) 'example_complex' retrieved from /home/airflow/.local/lib/python3.12/site-packages/airflow/example_dags/example_complex.py
[2025-03-30T14:05:57.460+0000] {logging_mixin.py:190} INFO - [2025-03-30T14:05:57.460+0000] {dag.py:3239} INFO - Sync 1 DAGs
[2025-03-30T14:05:57.472+0000] {logging_mixin.py:190} INFO - [2025-03-30T14:05:57.472+0000] {dag.py:4180} INFO - Setting next_dagrun for example_complex to None, run_after=None
[2025-03-30T14:05:57.493+0000] {processor.py:208} INFO - Processing /home/airflow/.local/lib/python3.12/site-packages/airflow/example_dags/example_complex.py took 0.076 seconds
[2025-03-30T14:06:27.778+0000] {processor.py:186} INFO - Started process (PID=1459) to work on /home/airflow/.local/lib/python3.12/site-packages/airflow/example_dags/example_complex.py
[2025-03-30T14:06:27.778+0000] {processor.py:914} INFO - Processing file /home/airflow/.local/lib/python3.12/site-packages/airflow/example_dags/example_complex.py for tasks to queue
[2025-03-30T14:06:27.779+0000] {logging_mixin.py:190} INFO - [2025-03-30T14:06:27.779+0000] {dagbag.py:588} INFO - Filling up the DagBag from /home/airflow/.local/lib/python3.12/site-packages/airflow/example_dags/example_complex.py
[2025-03-30T14:06:27.789+0000] {processor.py:925} INFO - DAG(s) 'example_complex' retrieved from /home/airflow/.local/lib/python3.12/site-packages/airflow/example_dags/example_complex.py
[2025-03-30T14:06:27.815+0000] {logging_mixin.py:190} INFO - [2025-03-30T14:06:27.815+0000] {dag.py:3239} INFO - Sync 1 DAGs
[2025-03-30T14:06:27.828+0000] {logging_mixin.py:190} INFO - [2025-03-30T14:06:27.828+0000] {dag.py:4180} INFO - Setting next_dagrun for example_complex to None, run_after=None
[2025-03-30T14:06:27.844+0000] {processor.py:208} INFO - Processing /home/airflow/.local/lib/python3.12/site-packages/airflow/example_dags/example_complex.py took 0.071 seconds
[2025-03-30T14:06:58.710+0000] {processor.py:186} INFO - Started process (PID=1556) to work on /home/airflow/.local/lib/python3.12/site-packages/airflow/example_dags/example_complex.py
[2025-03-30T14:06:58.711+0000] {processor.py:914} INFO - Processing file /home/airflow/.local/lib/python3.12/site-packages/airflow/example_dags/example_complex.py for tasks to queue
[2025-03-30T14:06:58.712+0000] {logging_mixin.py:190} INFO - [2025-03-30T14:06:58.712+0000] {dagbag.py:588} INFO - Filling up the DagBag from /home/airflow/.local/lib/python3.12/site-packages/airflow/example_dags/example_complex.py
[2025-03-30T14:06:58.723+0000] {processor.py:925} INFO - DAG(s) 'example_complex' retrieved from /home/airflow/.local/lib/python3.12/site-packages/airflow/example_dags/example_complex.py
[2025-03-30T14:06:58.749+0000] {logging_mixin.py:190} INFO - [2025-03-30T14:06:58.748+0000] {dag.py:3239} INFO - Sync 1 DAGs
[2025-03-30T14:06:58.762+0000] {logging_mixin.py:190} INFO - [2025-03-30T14:06:58.761+0000] {dag.py:4180} INFO - Setting next_dagrun for example_complex to None, run_after=None
[2025-03-30T14:06:58.778+0000] {processor.py:208} INFO - Processing /home/airflow/.local/lib/python3.12/site-packages/airflow/example_dags/example_complex.py took 0.076 seconds
[2025-03-30T14:07:28.841+0000] {processor.py:186} INFO - Started process (PID=1631) to work on /home/airflow/.local/lib/python3.12/site-packages/airflow/example_dags/example_complex.py
[2025-03-30T14:07:28.842+0000] {processor.py:914} INFO - Processing file /home/airflow/.local/lib/python3.12/site-packages/airflow/example_dags/example_complex.py for tasks to queue
[2025-03-30T14:07:28.844+0000] {logging_mixin.py:190} INFO - [2025-03-30T14:07:28.843+0000] {dagbag.py:588} INFO - Filling up the DagBag from /home/airflow/.local/lib/python3.12/site-packages/airflow/example_dags/example_complex.py
[2025-03-30T14:07:28.853+0000] {processor.py:925} INFO - DAG(s) 'example_complex' retrieved from /home/airflow/.local/lib/python3.12/site-packages/airflow/example_dags/example_complex.py
[2025-03-30T14:07:28.877+0000] {logging_mixin.py:190} INFO - [2025-03-30T14:07:28.876+0000] {dag.py:3239} INFO - Sync 1 DAGs
[2025-03-30T14:07:28.888+0000] {logging_mixin.py:190} INFO - [2025-03-30T14:07:28.888+0000] {dag.py:4180} INFO - Setting next_dagrun for example_complex to None, run_after=None
[2025-03-30T14:07:28.903+0000] {processor.py:208} INFO - Processing /home/airflow/.local/lib/python3.12/site-packages/airflow/example_dags/example_complex.py took 0.068 seconds
[2025-03-30T14:07:59.533+0000] {processor.py:186} INFO - Started process (PID=1706) to work on /home/airflow/.local/lib/python3.12/site-packages/airflow/example_dags/example_complex.py
[2025-03-30T14:07:59.534+0000] {processor.py:914} INFO - Processing file /home/airflow/.local/lib/python3.12/site-packages/airflow/example_dags/example_complex.py for tasks to queue
[2025-03-30T14:07:59.536+0000] {logging_mixin.py:190} INFO - [2025-03-30T14:07:59.536+0000] {dagbag.py:588} INFO - Filling up the DagBag from /home/airflow/.local/lib/python3.12/site-packages/airflow/example_dags/example_complex.py
[2025-03-30T14:07:59.549+0000] {processor.py:925} INFO - DAG(s) 'example_complex' retrieved from /home/airflow/.local/lib/python3.12/site-packages/airflow/example_dags/example_complex.py
[2025-03-30T14:07:59.586+0000] {logging_mixin.py:190} INFO - [2025-03-30T14:07:59.585+0000] {dag.py:3239} INFO - Sync 1 DAGs
[2025-03-30T14:07:59.605+0000] {logging_mixin.py:190} INFO - [2025-03-30T14:07:59.605+0000] {dag.py:4180} INFO - Setting next_dagrun for example_complex to None, run_after=None
[2025-03-30T14:07:59.632+0000] {processor.py:208} INFO - Processing /home/airflow/.local/lib/python3.12/site-packages/airflow/example_dags/example_complex.py took 0.109 seconds
[2025-03-30T14:08:30.362+0000] {processor.py:186} INFO - Started process (PID=1781) to work on /home/airflow/.local/lib/python3.12/site-packages/airflow/example_dags/example_complex.py
[2025-03-30T14:08:30.364+0000] {processor.py:914} INFO - Processing file /home/airflow/.local/lib/python3.12/site-packages/airflow/example_dags/example_complex.py for tasks to queue
[2025-03-30T14:08:30.365+0000] {logging_mixin.py:190} INFO - [2025-03-30T14:08:30.365+0000] {dagbag.py:588} INFO - Filling up the DagBag from /home/airflow/.local/lib/python3.12/site-packages/airflow/example_dags/example_complex.py
[2025-03-30T14:08:30.395+0000] {processor.py:925} INFO - DAG(s) 'example_complex' retrieved from /home/airflow/.local/lib/python3.12/site-packages/airflow/example_dags/example_complex.py
[2025-03-30T14:08:30.439+0000] {logging_mixin.py:190} INFO - [2025-03-30T14:08:30.439+0000] {dag.py:3239} INFO - Sync 1 DAGs
[2025-03-30T14:08:30.464+0000] {logging_mixin.py:190} INFO - [2025-03-30T14:08:30.463+0000] {dag.py:4180} INFO - Setting next_dagrun for example_complex to None, run_after=None
[2025-03-30T14:08:30.488+0000] {processor.py:208} INFO - Processing /home/airflow/.local/lib/python3.12/site-packages/airflow/example_dags/example_complex.py took 0.141 seconds
[2025-03-30T14:09:00.673+0000] {processor.py:186} INFO - Started process (PID=1856) to work on /home/airflow/.local/lib/python3.12/site-packages/airflow/example_dags/example_complex.py
[2025-03-30T14:09:00.673+0000] {processor.py:914} INFO - Processing file /home/airflow/.local/lib/python3.12/site-packages/airflow/example_dags/example_complex.py for tasks to queue
[2025-03-30T14:09:00.675+0000] {logging_mixin.py:190} INFO - [2025-03-30T14:09:00.674+0000] {dagbag.py:588} INFO - Filling up the DagBag from /home/airflow/.local/lib/python3.12/site-packages/airflow/example_dags/example_complex.py
[2025-03-30T14:09:00.683+0000] {processor.py:925} INFO - DAG(s) 'example_complex' retrieved from /home/airflow/.local/lib/python3.12/site-packages/airflow/example_dags/example_complex.py
[2025-03-30T14:09:00.708+0000] {logging_mixin.py:190} INFO - [2025-03-30T14:09:00.708+0000] {dag.py:3239} INFO - Sync 1 DAGs
[2025-03-30T14:09:00.720+0000] {logging_mixin.py:190} INFO - [2025-03-30T14:09:00.720+0000] {dag.py:4180} INFO - Setting next_dagrun for example_complex to None, run_after=None
[2025-03-30T14:09:00.734+0000] {processor.py:208} INFO - Processing /home/airflow/.local/lib/python3.12/site-packages/airflow/example_dags/example_complex.py took 0.068 seconds
[2025-03-30T14:09:31.674+0000] {processor.py:186} INFO - Started process (PID=1931) to work on /home/airflow/.local/lib/python3.12/site-packages/airflow/example_dags/example_complex.py
[2025-03-30T14:09:31.675+0000] {processor.py:914} INFO - Processing file /home/airflow/.local/lib/python3.12/site-packages/airflow/example_dags/example_complex.py for tasks to queue
[2025-03-30T14:09:31.676+0000] {logging_mixin.py:190} INFO - [2025-03-30T14:09:31.676+0000] {dagbag.py:588} INFO - Filling up the DagBag from /home/airflow/.local/lib/python3.12/site-packages/airflow/example_dags/example_complex.py
[2025-03-30T14:09:31.687+0000] {processor.py:925} INFO - DAG(s) 'example_complex' retrieved from /home/airflow/.local/lib/python3.12/site-packages/airflow/example_dags/example_complex.py
[2025-03-30T14:09:31.716+0000] {logging_mixin.py:190} INFO - [2025-03-30T14:09:31.716+0000] {dag.py:3239} INFO - Sync 1 DAGs
[2025-03-30T14:09:31.731+0000] {logging_mixin.py:190} INFO - [2025-03-30T14:09:31.731+0000] {dag.py:4180} INFO - Setting next_dagrun for example_complex to None, run_after=None
[2025-03-30T14:09:31.746+0000] {processor.py:208} INFO - Processing /home/airflow/.local/lib/python3.12/site-packages/airflow/example_dags/example_complex.py took 0.080 seconds
[2025-03-30T14:10:03.527+0000] {processor.py:186} INFO - Started process (PID=2006) to work on /home/airflow/.local/lib/python3.12/site-packages/airflow/example_dags/example_complex.py
[2025-03-30T14:10:03.529+0000] {processor.py:914} INFO - Processing file /home/airflow/.local/lib/python3.12/site-packages/airflow/example_dags/example_complex.py for tasks to queue
[2025-03-30T14:10:03.530+0000] {logging_mixin.py:190} INFO - [2025-03-30T14:10:03.530+0000] {dagbag.py:588} INFO - Filling up the DagBag from /home/airflow/.local/lib/python3.12/site-packages/airflow/example_dags/example_complex.py
[2025-03-30T14:10:03.552+0000] {processor.py:925} INFO - DAG(s) 'example_complex' retrieved from /home/airflow/.local/lib/python3.12/site-packages/airflow/example_dags/example_complex.py
[2025-03-30T14:10:03.600+0000] {logging_mixin.py:190} INFO - [2025-03-30T14:10:03.600+0000] {dag.py:3239} INFO - Sync 1 DAGs
[2025-03-30T14:10:03.621+0000] {logging_mixin.py:190} INFO - [2025-03-30T14:10:03.621+0000] {dag.py:4180} INFO - Setting next_dagrun for example_complex to None, run_after=None
[2025-03-30T14:10:03.646+0000] {processor.py:208} INFO - Processing /home/airflow/.local/lib/python3.12/site-packages/airflow/example_dags/example_complex.py took 0.130 seconds
[2025-03-30T14:10:33.887+0000] {processor.py:186} INFO - Started process (PID=2069) to work on /home/airflow/.local/lib/python3.12/site-packages/airflow/example_dags/example_complex.py
[2025-03-30T14:10:33.888+0000] {processor.py:914} INFO - Processing file /home/airflow/.local/lib/python3.12/site-packages/airflow/example_dags/example_complex.py for tasks to queue
[2025-03-30T14:10:33.890+0000] {logging_mixin.py:190} INFO - [2025-03-30T14:10:33.890+0000] {dagbag.py:588} INFO - Filling up the DagBag from /home/airflow/.local/lib/python3.12/site-packages/airflow/example_dags/example_complex.py
[2025-03-30T14:10:33.902+0000] {processor.py:925} INFO - DAG(s) 'example_complex' retrieved from /home/airflow/.local/lib/python3.12/site-packages/airflow/example_dags/example_complex.py
[2025-03-30T14:10:33.934+0000] {logging_mixin.py:190} INFO - [2025-03-30T14:10:33.933+0000] {dag.py:3239} INFO - Sync 1 DAGs
[2025-03-30T14:10:33.950+0000] {logging_mixin.py:190} INFO - [2025-03-30T14:10:33.950+0000] {dag.py:4180} INFO - Setting next_dagrun for example_complex to None, run_after=None
[2025-03-30T14:10:33.970+0000] {processor.py:208} INFO - Processing /home/airflow/.local/lib/python3.12/site-packages/airflow/example_dags/example_complex.py took 0.093 seconds
[2025-03-30T14:11:04.484+0000] {processor.py:186} INFO - Started process (PID=2144) to work on /home/airflow/.local/lib/python3.12/site-packages/airflow/example_dags/example_complex.py
[2025-03-30T14:11:04.486+0000] {processor.py:914} INFO - Processing file /home/airflow/.local/lib/python3.12/site-packages/airflow/example_dags/example_complex.py for tasks to queue
[2025-03-30T14:11:04.489+0000] {logging_mixin.py:190} INFO - [2025-03-30T14:11:04.488+0000] {dagbag.py:588} INFO - Filling up the DagBag from /home/airflow/.local/lib/python3.12/site-packages/airflow/example_dags/example_complex.py
[2025-03-30T14:11:04.513+0000] {processor.py:925} INFO - DAG(s) 'example_complex' retrieved from /home/airflow/.local/lib/python3.12/site-packages/airflow/example_dags/example_complex.py
[2025-03-30T14:11:04.642+0000] {logging_mixin.py:190} INFO - [2025-03-30T14:11:04.642+0000] {dag.py:3239} INFO - Sync 1 DAGs
[2025-03-30T14:11:04.667+0000] {logging_mixin.py:190} INFO - [2025-03-30T14:11:04.667+0000] {dag.py:4180} INFO - Setting next_dagrun for example_complex to None, run_after=None
[2025-03-30T14:11:04.705+0000] {processor.py:208} INFO - Processing /home/airflow/.local/lib/python3.12/site-packages/airflow/example_dags/example_complex.py took 0.234 seconds
[2025-03-30T14:11:34.969+0000] {processor.py:186} INFO - Started process (PID=2219) to work on /home/airflow/.local/lib/python3.12/site-packages/airflow/example_dags/example_complex.py
[2025-03-30T14:11:34.970+0000] {processor.py:914} INFO - Processing file /home/airflow/.local/lib/python3.12/site-packages/airflow/example_dags/example_complex.py for tasks to queue
[2025-03-30T14:11:34.971+0000] {logging_mixin.py:190} INFO - [2025-03-30T14:11:34.971+0000] {dagbag.py:588} INFO - Filling up the DagBag from /home/airflow/.local/lib/python3.12/site-packages/airflow/example_dags/example_complex.py
[2025-03-30T14:11:34.982+0000] {processor.py:925} INFO - DAG(s) 'example_complex' retrieved from /home/airflow/.local/lib/python3.12/site-packages/airflow/example_dags/example_complex.py
[2025-03-30T14:11:35.011+0000] {logging_mixin.py:190} INFO - [2025-03-30T14:11:35.011+0000] {dag.py:3239} INFO - Sync 1 DAGs
[2025-03-30T14:11:35.024+0000] {logging_mixin.py:190} INFO - [2025-03-30T14:11:35.024+0000] {dag.py:4180} INFO - Setting next_dagrun for example_complex to None, run_after=None
[2025-03-30T14:11:35.042+0000] {processor.py:208} INFO - Processing /home/airflow/.local/lib/python3.12/site-packages/airflow/example_dags/example_complex.py took 0.081 seconds
[2025-03-30T14:12:06.182+0000] {processor.py:186} INFO - Started process (PID=2294) to work on /home/airflow/.local/lib/python3.12/site-packages/airflow/example_dags/example_complex.py
[2025-03-30T14:12:06.183+0000] {processor.py:914} INFO - Processing file /home/airflow/.local/lib/python3.12/site-packages/airflow/example_dags/example_complex.py for tasks to queue
[2025-03-30T14:12:06.185+0000] {logging_mixin.py:190} INFO - [2025-03-30T14:12:06.185+0000] {dagbag.py:588} INFO - Filling up the DagBag from /home/airflow/.local/lib/python3.12/site-packages/airflow/example_dags/example_complex.py
[2025-03-30T14:12:06.201+0000] {processor.py:925} INFO - DAG(s) 'example_complex' retrieved from /home/airflow/.local/lib/python3.12/site-packages/airflow/example_dags/example_complex.py
[2025-03-30T14:12:06.259+0000] {logging_mixin.py:190} INFO - [2025-03-30T14:12:06.259+0000] {dag.py:3239} INFO - Sync 1 DAGs
[2025-03-30T14:12:06.283+0000] {logging_mixin.py:190} INFO - [2025-03-30T14:12:06.283+0000] {dag.py:4180} INFO - Setting next_dagrun for example_complex to None, run_after=None
[2025-03-30T14:12:06.317+0000] {processor.py:208} INFO - Processing /home/airflow/.local/lib/python3.12/site-packages/airflow/example_dags/example_complex.py took 0.155 seconds
[2025-03-30T14:12:37.273+0000] {processor.py:186} INFO - Started process (PID=2369) to work on /home/airflow/.local/lib/python3.12/site-packages/airflow/example_dags/example_complex.py
[2025-03-30T14:12:37.274+0000] {processor.py:914} INFO - Processing file /home/airflow/.local/lib/python3.12/site-packages/airflow/example_dags/example_complex.py for tasks to queue
[2025-03-30T14:12:37.275+0000] {logging_mixin.py:190} INFO - [2025-03-30T14:12:37.275+0000] {dagbag.py:588} INFO - Filling up the DagBag from /home/airflow/.local/lib/python3.12/site-packages/airflow/example_dags/example_complex.py
[2025-03-30T14:12:37.286+0000] {processor.py:925} INFO - DAG(s) 'example_complex' retrieved from /home/airflow/.local/lib/python3.12/site-packages/airflow/example_dags/example_complex.py
[2025-03-30T14:12:37.314+0000] {logging_mixin.py:190} INFO - [2025-03-30T14:12:37.313+0000] {dag.py:3239} INFO - Sync 1 DAGs
[2025-03-30T14:12:37.328+0000] {logging_mixin.py:190} INFO - [2025-03-30T14:12:37.327+0000] {dag.py:4180} INFO - Setting next_dagrun for example_complex to None, run_after=None
[2025-03-30T14:12:37.345+0000] {processor.py:208} INFO - Processing /home/airflow/.local/lib/python3.12/site-packages/airflow/example_dags/example_complex.py took 0.080 seconds
[2025-03-30T14:13:07.752+0000] {processor.py:186} INFO - Started process (PID=2444) to work on /home/airflow/.local/lib/python3.12/site-packages/airflow/example_dags/example_complex.py
[2025-03-30T14:13:07.752+0000] {processor.py:914} INFO - Processing file /home/airflow/.local/lib/python3.12/site-packages/airflow/example_dags/example_complex.py for tasks to queue
[2025-03-30T14:13:07.754+0000] {logging_mixin.py:190} INFO - [2025-03-30T14:13:07.754+0000] {dagbag.py:588} INFO - Filling up the DagBag from /home/airflow/.local/lib/python3.12/site-packages/airflow/example_dags/example_complex.py
[2025-03-30T14:13:07.766+0000] {processor.py:925} INFO - DAG(s) 'example_complex' retrieved from /home/airflow/.local/lib/python3.12/site-packages/airflow/example_dags/example_complex.py
[2025-03-30T14:13:07.792+0000] {logging_mixin.py:190} INFO - [2025-03-30T14:13:07.792+0000] {dag.py:3239} INFO - Sync 1 DAGs
[2025-03-30T14:13:07.809+0000] {logging_mixin.py:190} INFO - [2025-03-30T14:13:07.809+0000] {dag.py:4180} INFO - Setting next_dagrun for example_complex to None, run_after=None
[2025-03-30T14:13:07.831+0000] {processor.py:208} INFO - Processing /home/airflow/.local/lib/python3.12/site-packages/airflow/example_dags/example_complex.py took 0.087 seconds
[2025-03-30T14:13:37.869+0000] {processor.py:186} INFO - Started process (PID=2519) to work on /home/airflow/.local/lib/python3.12/site-packages/airflow/example_dags/example_complex.py
[2025-03-30T14:13:37.870+0000] {processor.py:914} INFO - Processing file /home/airflow/.local/lib/python3.12/site-packages/airflow/example_dags/example_complex.py for tasks to queue
[2025-03-30T14:13:37.871+0000] {logging_mixin.py:190} INFO - [2025-03-30T14:13:37.871+0000] {dagbag.py:588} INFO - Filling up the DagBag from /home/airflow/.local/lib/python3.12/site-packages/airflow/example_dags/example_complex.py
[2025-03-30T14:13:37.884+0000] {processor.py:925} INFO - DAG(s) 'example_complex' retrieved from /home/airflow/.local/lib/python3.12/site-packages/airflow/example_dags/example_complex.py
[2025-03-30T14:13:37.912+0000] {logging_mixin.py:190} INFO - [2025-03-30T14:13:37.911+0000] {dag.py:3239} INFO - Sync 1 DAGs
[2025-03-30T14:13:37.925+0000] {logging_mixin.py:190} INFO - [2025-03-30T14:13:37.925+0000] {dag.py:4180} INFO - Setting next_dagrun for example_complex to None, run_after=None
[2025-03-30T14:13:37.949+0000] {processor.py:208} INFO - Processing /home/airflow/.local/lib/python3.12/site-packages/airflow/example_dags/example_complex.py took 0.087 seconds
[2025-03-30T14:14:08.567+0000] {processor.py:186} INFO - Started process (PID=2594) to work on /home/airflow/.local/lib/python3.12/site-packages/airflow/example_dags/example_complex.py
[2025-03-30T14:14:08.568+0000] {processor.py:914} INFO - Processing file /home/airflow/.local/lib/python3.12/site-packages/airflow/example_dags/example_complex.py for tasks to queue
[2025-03-30T14:14:08.569+0000] {logging_mixin.py:190} INFO - [2025-03-30T14:14:08.569+0000] {dagbag.py:588} INFO - Filling up the DagBag from /home/airflow/.local/lib/python3.12/site-packages/airflow/example_dags/example_complex.py
[2025-03-30T14:14:08.581+0000] {processor.py:925} INFO - DAG(s) 'example_complex' retrieved from /home/airflow/.local/lib/python3.12/site-packages/airflow/example_dags/example_complex.py
[2025-03-30T14:14:08.610+0000] {logging_mixin.py:190} INFO - [2025-03-30T14:14:08.609+0000] {dag.py:3239} INFO - Sync 1 DAGs
[2025-03-30T14:14:08.624+0000] {logging_mixin.py:190} INFO - [2025-03-30T14:14:08.624+0000] {dag.py:4180} INFO - Setting next_dagrun for example_complex to None, run_after=None
[2025-03-30T14:14:08.656+0000] {processor.py:208} INFO - Processing /home/airflow/.local/lib/python3.12/site-packages/airflow/example_dags/example_complex.py took 0.097 seconds
[2025-03-30T14:14:39.335+0000] {processor.py:186} INFO - Started process (PID=2669) to work on /home/airflow/.local/lib/python3.12/site-packages/airflow/example_dags/example_complex.py
[2025-03-30T14:14:39.340+0000] {processor.py:914} INFO - Processing file /home/airflow/.local/lib/python3.12/site-packages/airflow/example_dags/example_complex.py for tasks to queue
[2025-03-30T14:14:39.342+0000] {logging_mixin.py:190} INFO - [2025-03-30T14:14:39.341+0000] {dagbag.py:588} INFO - Filling up the DagBag from /home/airflow/.local/lib/python3.12/site-packages/airflow/example_dags/example_complex.py
[2025-03-30T14:14:39.351+0000] {processor.py:925} INFO - DAG(s) 'example_complex' retrieved from /home/airflow/.local/lib/python3.12/site-packages/airflow/example_dags/example_complex.py
[2025-03-30T14:14:39.377+0000] {logging_mixin.py:190} INFO - [2025-03-30T14:14:39.377+0000] {dag.py:3239} INFO - Sync 1 DAGs
[2025-03-30T14:14:39.389+0000] {logging_mixin.py:190} INFO - [2025-03-30T14:14:39.389+0000] {dag.py:4180} INFO - Setting next_dagrun for example_complex to None, run_after=None
[2025-03-30T14:14:39.408+0000] {processor.py:208} INFO - Processing /home/airflow/.local/lib/python3.12/site-packages/airflow/example_dags/example_complex.py took 0.083 seconds
[2025-03-30T14:15:09.613+0000] {processor.py:186} INFO - Started process (PID=2744) to work on /home/airflow/.local/lib/python3.12/site-packages/airflow/example_dags/example_complex.py
[2025-03-30T14:15:09.614+0000] {processor.py:914} INFO - Processing file /home/airflow/.local/lib/python3.12/site-packages/airflow/example_dags/example_complex.py for tasks to queue
[2025-03-30T14:15:09.615+0000] {logging_mixin.py:190} INFO - [2025-03-30T14:15:09.615+0000] {dagbag.py:588} INFO - Filling up the DagBag from /home/airflow/.local/lib/python3.12/site-packages/airflow/example_dags/example_complex.py
[2025-03-30T14:15:09.626+0000] {processor.py:925} INFO - DAG(s) 'example_complex' retrieved from /home/airflow/.local/lib/python3.12/site-packages/airflow/example_dags/example_complex.py
[2025-03-30T14:15:09.652+0000] {logging_mixin.py:190} INFO - [2025-03-30T14:15:09.652+0000] {dag.py:3239} INFO - Sync 1 DAGs
[2025-03-30T14:15:09.665+0000] {logging_mixin.py:190} INFO - [2025-03-30T14:15:09.665+0000] {dag.py:4180} INFO - Setting next_dagrun for example_complex to None, run_after=None
[2025-03-30T14:15:09.696+0000] {processor.py:208} INFO - Processing /home/airflow/.local/lib/python3.12/site-packages/airflow/example_dags/example_complex.py took 0.091 seconds
[2025-03-30T14:15:39.920+0000] {processor.py:186} INFO - Started process (PID=2819) to work on /home/airflow/.local/lib/python3.12/site-packages/airflow/example_dags/example_complex.py
[2025-03-30T14:15:39.921+0000] {processor.py:914} INFO - Processing file /home/airflow/.local/lib/python3.12/site-packages/airflow/example_dags/example_complex.py for tasks to queue
[2025-03-30T14:15:39.922+0000] {logging_mixin.py:190} INFO - [2025-03-30T14:15:39.922+0000] {dagbag.py:588} INFO - Filling up the DagBag from /home/airflow/.local/lib/python3.12/site-packages/airflow/example_dags/example_complex.py
[2025-03-30T14:15:39.932+0000] {processor.py:925} INFO - DAG(s) 'example_complex' retrieved from /home/airflow/.local/lib/python3.12/site-packages/airflow/example_dags/example_complex.py
[2025-03-30T14:15:39.958+0000] {logging_mixin.py:190} INFO - [2025-03-30T14:15:39.958+0000] {dag.py:3239} INFO - Sync 1 DAGs
[2025-03-30T14:15:39.971+0000] {logging_mixin.py:190} INFO - [2025-03-30T14:15:39.971+0000] {dag.py:4180} INFO - Setting next_dagrun for example_complex to None, run_after=None
[2025-03-30T14:15:39.999+0000] {processor.py:208} INFO - Processing /home/airflow/.local/lib/python3.12/site-packages/airflow/example_dags/example_complex.py took 0.087 seconds
[2025-03-30T14:16:10.536+0000] {processor.py:186} INFO - Started process (PID=2894) to work on /home/airflow/.local/lib/python3.12/site-packages/airflow/example_dags/example_complex.py
[2025-03-30T14:16:10.537+0000] {processor.py:914} INFO - Processing file /home/airflow/.local/lib/python3.12/site-packages/airflow/example_dags/example_complex.py for tasks to queue
[2025-03-30T14:16:10.538+0000] {logging_mixin.py:190} INFO - [2025-03-30T14:16:10.538+0000] {dagbag.py:588} INFO - Filling up the DagBag from /home/airflow/.local/lib/python3.12/site-packages/airflow/example_dags/example_complex.py
[2025-03-30T14:16:10.548+0000] {processor.py:925} INFO - DAG(s) 'example_complex' retrieved from /home/airflow/.local/lib/python3.12/site-packages/airflow/example_dags/example_complex.py
[2025-03-30T14:16:10.572+0000] {logging_mixin.py:190} INFO - [2025-03-30T14:16:10.571+0000] {dag.py:3239} INFO - Sync 1 DAGs
[2025-03-30T14:16:10.583+0000] {logging_mixin.py:190} INFO - [2025-03-30T14:16:10.583+0000] {dag.py:4180} INFO - Setting next_dagrun for example_complex to None, run_after=None
[2025-03-30T14:16:10.612+0000] {processor.py:208} INFO - Processing /home/airflow/.local/lib/python3.12/site-packages/airflow/example_dags/example_complex.py took 0.083 seconds
[2025-03-30T14:16:40.925+0000] {processor.py:186} INFO - Started process (PID=2969) to work on /home/airflow/.local/lib/python3.12/site-packages/airflow/example_dags/example_complex.py
[2025-03-30T14:16:40.926+0000] {processor.py:914} INFO - Processing file /home/airflow/.local/lib/python3.12/site-packages/airflow/example_dags/example_complex.py for tasks to queue
[2025-03-30T14:16:40.927+0000] {logging_mixin.py:190} INFO - [2025-03-30T14:16:40.927+0000] {dagbag.py:588} INFO - Filling up the DagBag from /home/airflow/.local/lib/python3.12/site-packages/airflow/example_dags/example_complex.py
[2025-03-30T14:16:40.937+0000] {processor.py:925} INFO - DAG(s) 'example_complex' retrieved from /home/airflow/.local/lib/python3.12/site-packages/airflow/example_dags/example_complex.py
[2025-03-30T14:16:40.966+0000] {logging_mixin.py:190} INFO - [2025-03-30T14:16:40.966+0000] {dag.py:3239} INFO - Sync 1 DAGs
[2025-03-30T14:16:40.978+0000] {logging_mixin.py:190} INFO - [2025-03-30T14:16:40.978+0000] {dag.py:4180} INFO - Setting next_dagrun for example_complex to None, run_after=None
[2025-03-30T14:16:41.002+0000] {processor.py:208} INFO - Processing /home/airflow/.local/lib/python3.12/site-packages/airflow/example_dags/example_complex.py took 0.084 seconds
[2025-03-30T14:17:11.174+0000] {processor.py:186} INFO - Started process (PID=3044) to work on /home/airflow/.local/lib/python3.12/site-packages/airflow/example_dags/example_complex.py
[2025-03-30T14:17:11.175+0000] {processor.py:914} INFO - Processing file /home/airflow/.local/lib/python3.12/site-packages/airflow/example_dags/example_complex.py for tasks to queue
[2025-03-30T14:17:11.179+0000] {logging_mixin.py:190} INFO - [2025-03-30T14:17:11.179+0000] {dagbag.py:588} INFO - Filling up the DagBag from /home/airflow/.local/lib/python3.12/site-packages/airflow/example_dags/example_complex.py
[2025-03-30T14:17:11.189+0000] {processor.py:925} INFO - DAG(s) 'example_complex' retrieved from /home/airflow/.local/lib/python3.12/site-packages/airflow/example_dags/example_complex.py
[2025-03-30T14:17:11.216+0000] {logging_mixin.py:190} INFO - [2025-03-30T14:17:11.215+0000] {dag.py:3239} INFO - Sync 1 DAGs
[2025-03-30T14:17:11.227+0000] {logging_mixin.py:190} INFO - [2025-03-30T14:17:11.227+0000] {dag.py:4180} INFO - Setting next_dagrun for example_complex to None, run_after=None
[2025-03-30T14:17:11.254+0000] {processor.py:208} INFO - Processing /home/airflow/.local/lib/python3.12/site-packages/airflow/example_dags/example_complex.py took 0.090 seconds
[2025-03-30T14:17:41.674+0000] {processor.py:186} INFO - Started process (PID=3119) to work on /home/airflow/.local/lib/python3.12/site-packages/airflow/example_dags/example_complex.py
[2025-03-30T14:17:41.675+0000] {processor.py:914} INFO - Processing file /home/airflow/.local/lib/python3.12/site-packages/airflow/example_dags/example_complex.py for tasks to queue
[2025-03-30T14:17:41.676+0000] {logging_mixin.py:190} INFO - [2025-03-30T14:17:41.676+0000] {dagbag.py:588} INFO - Filling up the DagBag from /home/airflow/.local/lib/python3.12/site-packages/airflow/example_dags/example_complex.py
[2025-03-30T14:17:41.686+0000] {processor.py:925} INFO - DAG(s) 'example_complex' retrieved from /home/airflow/.local/lib/python3.12/site-packages/airflow/example_dags/example_complex.py
[2025-03-30T14:17:41.712+0000] {logging_mixin.py:190} INFO - [2025-03-30T14:17:41.712+0000] {dag.py:3239} INFO - Sync 1 DAGs
[2025-03-30T14:17:41.727+0000] {logging_mixin.py:190} INFO - [2025-03-30T14:17:41.726+0000] {dag.py:4180} INFO - Setting next_dagrun for example_complex to None, run_after=None
[2025-03-30T14:17:41.757+0000] {processor.py:208} INFO - Processing /home/airflow/.local/lib/python3.12/site-packages/airflow/example_dags/example_complex.py took 0.090 seconds
[2025-03-30T14:18:13.062+0000] {processor.py:186} INFO - Started process (PID=3194) to work on /home/airflow/.local/lib/python3.12/site-packages/airflow/example_dags/example_complex.py
[2025-03-30T14:18:13.063+0000] {processor.py:914} INFO - Processing file /home/airflow/.local/lib/python3.12/site-packages/airflow/example_dags/example_complex.py for tasks to queue
[2025-03-30T14:18:13.065+0000] {logging_mixin.py:190} INFO - [2025-03-30T14:18:13.064+0000] {dagbag.py:588} INFO - Filling up the DagBag from /home/airflow/.local/lib/python3.12/site-packages/airflow/example_dags/example_complex.py
[2025-03-30T14:18:13.079+0000] {processor.py:925} INFO - DAG(s) 'example_complex' retrieved from /home/airflow/.local/lib/python3.12/site-packages/airflow/example_dags/example_complex.py
[2025-03-30T14:18:13.113+0000] {logging_mixin.py:190} INFO - [2025-03-30T14:18:13.113+0000] {dag.py:3239} INFO - Sync 1 DAGs
[2025-03-30T14:18:13.131+0000] {logging_mixin.py:190} INFO - [2025-03-30T14:18:13.130+0000] {dag.py:4180} INFO - Setting next_dagrun for example_complex to None, run_after=None
[2025-03-30T14:18:13.163+0000] {processor.py:208} INFO - Processing /home/airflow/.local/lib/python3.12/site-packages/airflow/example_dags/example_complex.py took 0.111 seconds
