[2025-03-30T13:57:21.602+0000] {processor.py:186} INFO - Started process (PID=112) to work on /home/airflow/.local/lib/python3.12/site-packages/airflow/example_dags/example_subdag_operator.py
[2025-03-30T13:57:21.603+0000] {processor.py:914} INFO - Processing file /home/airflow/.local/lib/python3.12/site-packages/airflow/example_dags/example_subdag_operator.py for tasks to queue
[2025-03-30T13:57:21.606+0000] {logging_mixin.py:190} INFO - [2025-03-30T13:57:21.605+0000] {dagbag.py:588} INFO - Filling up the DagBag from /home/airflow/.local/lib/python3.12/site-packages/airflow/example_dags/example_subdag_operator.py
[2025-03-30T13:57:21.637+0000] {processor.py:925} INFO - DAG(s) 'example_subdag_operator.section-1', 'example_subdag_operator.section-2', 'example_subdag_operator' retrieved from /home/airflow/.local/lib/python3.12/site-packages/airflow/example_dags/example_subdag_operator.py
[2025-03-30T13:57:21.655+0000] {logging_mixin.py:190} INFO - [2025-03-30T13:57:21.655+0000] {dag.py:3239} INFO - Sync 3 DAGs
[2025-03-30T13:57:21.676+0000] {logging_mixin.py:190} INFO - [2025-03-30T13:57:21.675+0000] {dag.py:4180} INFO - Setting next_dagrun for example_subdag_operator to 2022-01-01 00:00:00+00:00, run_after=2022-01-01 00:00:00+00:00
[2025-03-30T13:57:21.679+0000] {logging_mixin.py:190} INFO - [2025-03-30T13:57:21.679+0000] {dag.py:4180} INFO - Setting next_dagrun for example_subdag_operator.section-1 to None, run_after=None
[2025-03-30T13:57:21.680+0000] {logging_mixin.py:190} INFO - [2025-03-30T13:57:21.680+0000] {dag.py:4180} INFO - Setting next_dagrun for example_subdag_operator.section-2 to None, run_after=None
[2025-03-30T13:57:21.687+0000] {logging_mixin.py:190} INFO - [2025-03-30T13:57:21.686+0000] {dag.py:3239} INFO - Sync 2 DAGs
[2025-03-30T13:57:21.692+0000] {logging_mixin.py:190} INFO - [2025-03-30T13:57:21.691+0000] {dag.py:4180} INFO - Setting next_dagrun for example_subdag_operator.section-1 to None, run_after=None
[2025-03-30T13:57:21.692+0000] {logging_mixin.py:190} INFO - [2025-03-30T13:57:21.692+0000] {dag.py:4180} INFO - Setting next_dagrun for example_subdag_operator.section-2 to None, run_after=None
[2025-03-30T13:57:21.703+0000] {processor.py:208} INFO - Processing /home/airflow/.local/lib/python3.12/site-packages/airflow/example_dags/example_subdag_operator.py took 0.106 seconds
[2025-03-30T13:57:53.976+0000] {processor.py:186} INFO - Started process (PID=187) to work on /home/airflow/.local/lib/python3.12/site-packages/airflow/example_dags/example_subdag_operator.py
[2025-03-30T13:57:53.977+0000] {processor.py:914} INFO - Processing file /home/airflow/.local/lib/python3.12/site-packages/airflow/example_dags/example_subdag_operator.py for tasks to queue
[2025-03-30T13:57:53.979+0000] {logging_mixin.py:190} INFO - [2025-03-30T13:57:53.979+0000] {dagbag.py:588} INFO - Filling up the DagBag from /home/airflow/.local/lib/python3.12/site-packages/airflow/example_dags/example_subdag_operator.py
[2025-03-30T13:57:54.008+0000] {processor.py:925} INFO - DAG(s) 'example_subdag_operator.section-1', 'example_subdag_operator.section-2', 'example_subdag_operator' retrieved from /home/airflow/.local/lib/python3.12/site-packages/airflow/example_dags/example_subdag_operator.py
[2025-03-30T13:57:54.023+0000] {logging_mixin.py:190} INFO - [2025-03-30T13:57:54.022+0000] {dag.py:3239} INFO - Sync 3 DAGs
[2025-03-30T13:57:54.046+0000] {logging_mixin.py:190} INFO - [2025-03-30T13:57:54.045+0000] {dag.py:4180} INFO - Setting next_dagrun for example_subdag_operator to 2022-01-01 00:00:00+00:00, run_after=2022-01-01 00:00:00+00:00
[2025-03-30T13:57:54.050+0000] {logging_mixin.py:190} INFO - [2025-03-30T13:57:54.050+0000] {dag.py:4180} INFO - Setting next_dagrun for example_subdag_operator.section-1 to None, run_after=None
[2025-03-30T13:57:54.052+0000] {logging_mixin.py:190} INFO - [2025-03-30T13:57:54.051+0000] {dag.py:4180} INFO - Setting next_dagrun for example_subdag_operator.section-2 to None, run_after=None
[2025-03-30T13:57:54.059+0000] {logging_mixin.py:190} INFO - [2025-03-30T13:57:54.059+0000] {dag.py:3239} INFO - Sync 2 DAGs
[2025-03-30T13:57:54.065+0000] {logging_mixin.py:190} INFO - [2025-03-30T13:57:54.064+0000] {dag.py:4180} INFO - Setting next_dagrun for example_subdag_operator.section-1 to None, run_after=None
[2025-03-30T13:57:54.065+0000] {logging_mixin.py:190} INFO - [2025-03-30T13:57:54.065+0000] {dag.py:4180} INFO - Setting next_dagrun for example_subdag_operator.section-2 to None, run_after=None
[2025-03-30T13:57:54.076+0000] {processor.py:208} INFO - Processing /home/airflow/.local/lib/python3.12/site-packages/airflow/example_dags/example_subdag_operator.py took 0.106 seconds
[2025-03-30T13:58:24.791+0000] {processor.py:186} INFO - Started process (PID=262) to work on /home/airflow/.local/lib/python3.12/site-packages/airflow/example_dags/example_subdag_operator.py
[2025-03-30T13:58:24.792+0000] {processor.py:914} INFO - Processing file /home/airflow/.local/lib/python3.12/site-packages/airflow/example_dags/example_subdag_operator.py for tasks to queue
[2025-03-30T13:58:24.795+0000] {logging_mixin.py:190} INFO - [2025-03-30T13:58:24.794+0000] {dagbag.py:588} INFO - Filling up the DagBag from /home/airflow/.local/lib/python3.12/site-packages/airflow/example_dags/example_subdag_operator.py
[2025-03-30T13:58:24.824+0000] {processor.py:925} INFO - DAG(s) 'example_subdag_operator.section-1', 'example_subdag_operator.section-2', 'example_subdag_operator' retrieved from /home/airflow/.local/lib/python3.12/site-packages/airflow/example_dags/example_subdag_operator.py
[2025-03-30T13:58:24.838+0000] {logging_mixin.py:190} INFO - [2025-03-30T13:58:24.838+0000] {dag.py:3239} INFO - Sync 3 DAGs
[2025-03-30T13:58:24.858+0000] {logging_mixin.py:190} INFO - [2025-03-30T13:58:24.858+0000] {dag.py:4180} INFO - Setting next_dagrun for example_subdag_operator to 2022-01-01 00:00:00+00:00, run_after=2022-01-01 00:00:00+00:00
[2025-03-30T13:58:24.862+0000] {logging_mixin.py:190} INFO - [2025-03-30T13:58:24.862+0000] {dag.py:4180} INFO - Setting next_dagrun for example_subdag_operator.section-1 to None, run_after=None
[2025-03-30T13:58:24.863+0000] {logging_mixin.py:190} INFO - [2025-03-30T13:58:24.863+0000] {dag.py:4180} INFO - Setting next_dagrun for example_subdag_operator.section-2 to None, run_after=None
[2025-03-30T13:58:24.868+0000] {logging_mixin.py:190} INFO - [2025-03-30T13:58:24.868+0000] {dag.py:3239} INFO - Sync 2 DAGs
[2025-03-30T13:58:24.873+0000] {logging_mixin.py:190} INFO - [2025-03-30T13:58:24.873+0000] {dag.py:4180} INFO - Setting next_dagrun for example_subdag_operator.section-1 to None, run_after=None
[2025-03-30T13:58:24.874+0000] {logging_mixin.py:190} INFO - [2025-03-30T13:58:24.874+0000] {dag.py:4180} INFO - Setting next_dagrun for example_subdag_operator.section-2 to None, run_after=None
[2025-03-30T13:58:24.884+0000] {processor.py:208} INFO - Processing /home/airflow/.local/lib/python3.12/site-packages/airflow/example_dags/example_subdag_operator.py took 0.104 seconds
[2025-03-30T13:58:56.135+0000] {processor.py:186} INFO - Started process (PID=337) to work on /home/airflow/.local/lib/python3.12/site-packages/airflow/example_dags/example_subdag_operator.py
[2025-03-30T13:58:56.136+0000] {processor.py:914} INFO - Processing file /home/airflow/.local/lib/python3.12/site-packages/airflow/example_dags/example_subdag_operator.py for tasks to queue
[2025-03-30T13:58:56.139+0000] {logging_mixin.py:190} INFO - [2025-03-30T13:58:56.138+0000] {dagbag.py:588} INFO - Filling up the DagBag from /home/airflow/.local/lib/python3.12/site-packages/airflow/example_dags/example_subdag_operator.py
[2025-03-30T13:58:56.169+0000] {processor.py:925} INFO - DAG(s) 'example_subdag_operator.section-1', 'example_subdag_operator.section-2', 'example_subdag_operator' retrieved from /home/airflow/.local/lib/python3.12/site-packages/airflow/example_dags/example_subdag_operator.py
[2025-03-30T13:58:56.187+0000] {logging_mixin.py:190} INFO - [2025-03-30T13:58:56.187+0000] {dag.py:3239} INFO - Sync 3 DAGs
[2025-03-30T13:58:56.215+0000] {logging_mixin.py:190} INFO - [2025-03-30T13:58:56.215+0000] {dag.py:4180} INFO - Setting next_dagrun for example_subdag_operator to 2022-01-01 00:00:00+00:00, run_after=2022-01-01 00:00:00+00:00
[2025-03-30T13:58:56.220+0000] {logging_mixin.py:190} INFO - [2025-03-30T13:58:56.220+0000] {dag.py:4180} INFO - Setting next_dagrun for example_subdag_operator.section-1 to None, run_after=None
[2025-03-30T13:58:56.222+0000] {logging_mixin.py:190} INFO - [2025-03-30T13:58:56.222+0000] {dag.py:4180} INFO - Setting next_dagrun for example_subdag_operator.section-2 to None, run_after=None
[2025-03-30T13:58:56.230+0000] {logging_mixin.py:190} INFO - [2025-03-30T13:58:56.230+0000] {dag.py:3239} INFO - Sync 2 DAGs
[2025-03-30T13:58:56.239+0000] {logging_mixin.py:190} INFO - [2025-03-30T13:58:56.238+0000] {dag.py:4180} INFO - Setting next_dagrun for example_subdag_operator.section-1 to None, run_after=None
[2025-03-30T13:58:56.239+0000] {logging_mixin.py:190} INFO - [2025-03-30T13:58:56.239+0000] {dag.py:4180} INFO - Setting next_dagrun for example_subdag_operator.section-2 to None, run_after=None
[2025-03-30T13:58:56.253+0000] {processor.py:208} INFO - Processing /home/airflow/.local/lib/python3.12/site-packages/airflow/example_dags/example_subdag_operator.py took 0.125 seconds
[2025-03-30T13:59:27.785+0000] {processor.py:186} INFO - Started process (PID=412) to work on /home/airflow/.local/lib/python3.12/site-packages/airflow/example_dags/example_subdag_operator.py
[2025-03-30T13:59:27.786+0000] {processor.py:914} INFO - Processing file /home/airflow/.local/lib/python3.12/site-packages/airflow/example_dags/example_subdag_operator.py for tasks to queue
[2025-03-30T13:59:27.789+0000] {logging_mixin.py:190} INFO - [2025-03-30T13:59:27.788+0000] {dagbag.py:588} INFO - Filling up the DagBag from /home/airflow/.local/lib/python3.12/site-packages/airflow/example_dags/example_subdag_operator.py
[2025-03-30T13:59:27.814+0000] {processor.py:925} INFO - DAG(s) 'example_subdag_operator.section-1', 'example_subdag_operator.section-2', 'example_subdag_operator' retrieved from /home/airflow/.local/lib/python3.12/site-packages/airflow/example_dags/example_subdag_operator.py
[2025-03-30T13:59:27.827+0000] {logging_mixin.py:190} INFO - [2025-03-30T13:59:27.826+0000] {dag.py:3239} INFO - Sync 3 DAGs
[2025-03-30T13:59:27.851+0000] {logging_mixin.py:190} INFO - [2025-03-30T13:59:27.851+0000] {dag.py:4180} INFO - Setting next_dagrun for example_subdag_operator to 2022-01-01 00:00:00+00:00, run_after=2022-01-01 00:00:00+00:00
[2025-03-30T13:59:27.856+0000] {logging_mixin.py:190} INFO - [2025-03-30T13:59:27.855+0000] {dag.py:4180} INFO - Setting next_dagrun for example_subdag_operator.section-1 to None, run_after=None
[2025-03-30T13:59:27.857+0000] {logging_mixin.py:190} INFO - [2025-03-30T13:59:27.857+0000] {dag.py:4180} INFO - Setting next_dagrun for example_subdag_operator.section-2 to None, run_after=None
[2025-03-30T13:59:27.864+0000] {logging_mixin.py:190} INFO - [2025-03-30T13:59:27.864+0000] {dag.py:3239} INFO - Sync 2 DAGs
[2025-03-30T13:59:27.871+0000] {logging_mixin.py:190} INFO - [2025-03-30T13:59:27.870+0000] {dag.py:4180} INFO - Setting next_dagrun for example_subdag_operator.section-1 to None, run_after=None
[2025-03-30T13:59:27.871+0000] {logging_mixin.py:190} INFO - [2025-03-30T13:59:27.871+0000] {dag.py:4180} INFO - Setting next_dagrun for example_subdag_operator.section-2 to None, run_after=None
[2025-03-30T13:59:27.882+0000] {processor.py:208} INFO - Processing /home/airflow/.local/lib/python3.12/site-packages/airflow/example_dags/example_subdag_operator.py took 0.103 seconds
[2025-03-30T13:59:59.909+0000] {processor.py:186} INFO - Started process (PID=499) to work on /home/airflow/.local/lib/python3.12/site-packages/airflow/example_dags/example_subdag_operator.py
[2025-03-30T13:59:59.910+0000] {processor.py:914} INFO - Processing file /home/airflow/.local/lib/python3.12/site-packages/airflow/example_dags/example_subdag_operator.py for tasks to queue
[2025-03-30T13:59:59.912+0000] {logging_mixin.py:190} INFO - [2025-03-30T13:59:59.912+0000] {dagbag.py:588} INFO - Filling up the DagBag from /home/airflow/.local/lib/python3.12/site-packages/airflow/example_dags/example_subdag_operator.py
[2025-03-30T13:59:59.942+0000] {processor.py:925} INFO - DAG(s) 'example_subdag_operator.section-1', 'example_subdag_operator.section-2', 'example_subdag_operator' retrieved from /home/airflow/.local/lib/python3.12/site-packages/airflow/example_dags/example_subdag_operator.py
[2025-03-30T13:59:59.959+0000] {logging_mixin.py:190} INFO - [2025-03-30T13:59:59.959+0000] {dag.py:3239} INFO - Sync 3 DAGs
[2025-03-30T13:59:59.987+0000] {logging_mixin.py:190} INFO - [2025-03-30T13:59:59.987+0000] {dag.py:4180} INFO - Setting next_dagrun for example_subdag_operator to 2022-01-01 00:00:00+00:00, run_after=2022-01-01 00:00:00+00:00
[2025-03-30T13:59:59.993+0000] {logging_mixin.py:190} INFO - [2025-03-30T13:59:59.993+0000] {dag.py:4180} INFO - Setting next_dagrun for example_subdag_operator.section-1 to None, run_after=None
[2025-03-30T13:59:59.995+0000] {logging_mixin.py:190} INFO - [2025-03-30T13:59:59.995+0000] {dag.py:4180} INFO - Setting next_dagrun for example_subdag_operator.section-2 to None, run_after=None
[2025-03-30T14:00:00.001+0000] {logging_mixin.py:190} INFO - [2025-03-30T14:00:00.001+0000] {dag.py:3239} INFO - Sync 2 DAGs
[2025-03-30T14:00:00.010+0000] {logging_mixin.py:190} INFO - [2025-03-30T14:00:00.010+0000] {dag.py:4180} INFO - Setting next_dagrun for example_subdag_operator.section-1 to None, run_after=None
[2025-03-30T14:00:00.011+0000] {logging_mixin.py:190} INFO - [2025-03-30T14:00:00.010+0000] {dag.py:4180} INFO - Setting next_dagrun for example_subdag_operator.section-2 to None, run_after=None
[2025-03-30T14:00:00.028+0000] {processor.py:208} INFO - Processing /home/airflow/.local/lib/python3.12/site-packages/airflow/example_dags/example_subdag_operator.py took 0.124 seconds
[2025-03-30T14:00:30.300+0000] {processor.py:186} INFO - Started process (PID=574) to work on /home/airflow/.local/lib/python3.12/site-packages/airflow/example_dags/example_subdag_operator.py
[2025-03-30T14:00:30.301+0000] {processor.py:914} INFO - Processing file /home/airflow/.local/lib/python3.12/site-packages/airflow/example_dags/example_subdag_operator.py for tasks to queue
[2025-03-30T14:00:30.303+0000] {logging_mixin.py:190} INFO - [2025-03-30T14:00:30.303+0000] {dagbag.py:588} INFO - Filling up the DagBag from /home/airflow/.local/lib/python3.12/site-packages/airflow/example_dags/example_subdag_operator.py
[2025-03-30T14:00:30.325+0000] {processor.py:925} INFO - DAG(s) 'example_subdag_operator.section-1', 'example_subdag_operator.section-2', 'example_subdag_operator' retrieved from /home/airflow/.local/lib/python3.12/site-packages/airflow/example_dags/example_subdag_operator.py
[2025-03-30T14:00:30.336+0000] {logging_mixin.py:190} INFO - [2025-03-30T14:00:30.336+0000] {dag.py:3239} INFO - Sync 3 DAGs
[2025-03-30T14:00:30.355+0000] {logging_mixin.py:190} INFO - [2025-03-30T14:00:30.354+0000] {dag.py:4180} INFO - Setting next_dagrun for example_subdag_operator to 2022-01-01 00:00:00+00:00, run_after=2022-01-01 00:00:00+00:00
[2025-03-30T14:00:30.357+0000] {logging_mixin.py:190} INFO - [2025-03-30T14:00:30.357+0000] {dag.py:4180} INFO - Setting next_dagrun for example_subdag_operator.section-1 to None, run_after=None
[2025-03-30T14:00:30.358+0000] {logging_mixin.py:190} INFO - [2025-03-30T14:00:30.358+0000] {dag.py:4180} INFO - Setting next_dagrun for example_subdag_operator.section-2 to None, run_after=None
[2025-03-30T14:00:30.364+0000] {logging_mixin.py:190} INFO - [2025-03-30T14:00:30.364+0000] {dag.py:3239} INFO - Sync 2 DAGs
[2025-03-30T14:00:30.368+0000] {logging_mixin.py:190} INFO - [2025-03-30T14:00:30.368+0000] {dag.py:4180} INFO - Setting next_dagrun for example_subdag_operator.section-1 to None, run_after=None
[2025-03-30T14:00:30.368+0000] {logging_mixin.py:190} INFO - [2025-03-30T14:00:30.368+0000] {dag.py:4180} INFO - Setting next_dagrun for example_subdag_operator.section-2 to None, run_after=None
[2025-03-30T14:00:30.376+0000] {processor.py:208} INFO - Processing /home/airflow/.local/lib/python3.12/site-packages/airflow/example_dags/example_subdag_operator.py took 0.081 seconds
[2025-03-30T14:01:01.162+0000] {processor.py:186} INFO - Started process (PID=648) to work on /home/airflow/.local/lib/python3.12/site-packages/airflow/example_dags/example_subdag_operator.py
[2025-03-30T14:01:01.163+0000] {processor.py:914} INFO - Processing file /home/airflow/.local/lib/python3.12/site-packages/airflow/example_dags/example_subdag_operator.py for tasks to queue
[2025-03-30T14:01:01.164+0000] {logging_mixin.py:190} INFO - [2025-03-30T14:01:01.164+0000] {dagbag.py:588} INFO - Filling up the DagBag from /home/airflow/.local/lib/python3.12/site-packages/airflow/example_dags/example_subdag_operator.py
[2025-03-30T14:01:01.191+0000] {processor.py:925} INFO - DAG(s) 'example_subdag_operator.section-1', 'example_subdag_operator.section-2', 'example_subdag_operator' retrieved from /home/airflow/.local/lib/python3.12/site-packages/airflow/example_dags/example_subdag_operator.py
[2025-03-30T14:01:01.208+0000] {logging_mixin.py:190} INFO - [2025-03-30T14:01:01.207+0000] {dag.py:3239} INFO - Sync 3 DAGs
[2025-03-30T14:01:01.236+0000] {logging_mixin.py:190} INFO - [2025-03-30T14:01:01.236+0000] {dag.py:4180} INFO - Setting next_dagrun for example_subdag_operator to 2022-01-01 00:00:00+00:00, run_after=2022-01-01 00:00:00+00:00
[2025-03-30T14:01:01.240+0000] {logging_mixin.py:190} INFO - [2025-03-30T14:01:01.240+0000] {dag.py:4180} INFO - Setting next_dagrun for example_subdag_operator.section-1 to None, run_after=None
[2025-03-30T14:01:01.242+0000] {logging_mixin.py:190} INFO - [2025-03-30T14:01:01.242+0000] {dag.py:4180} INFO - Setting next_dagrun for example_subdag_operator.section-2 to None, run_after=None
[2025-03-30T14:01:01.250+0000] {logging_mixin.py:190} INFO - [2025-03-30T14:01:01.249+0000] {dag.py:3239} INFO - Sync 2 DAGs
[2025-03-30T14:01:01.256+0000] {logging_mixin.py:190} INFO - [2025-03-30T14:01:01.256+0000] {dag.py:4180} INFO - Setting next_dagrun for example_subdag_operator.section-1 to None, run_after=None
[2025-03-30T14:01:01.257+0000] {logging_mixin.py:190} INFO - [2025-03-30T14:01:01.257+0000] {dag.py:4180} INFO - Setting next_dagrun for example_subdag_operator.section-2 to None, run_after=None
[2025-03-30T14:01:01.271+0000] {processor.py:208} INFO - Processing /home/airflow/.local/lib/python3.12/site-packages/airflow/example_dags/example_subdag_operator.py took 0.114 seconds
[2025-03-30T14:01:32.111+0000] {processor.py:186} INFO - Started process (PID=723) to work on /home/airflow/.local/lib/python3.12/site-packages/airflow/example_dags/example_subdag_operator.py
[2025-03-30T14:01:32.112+0000] {processor.py:914} INFO - Processing file /home/airflow/.local/lib/python3.12/site-packages/airflow/example_dags/example_subdag_operator.py for tasks to queue
[2025-03-30T14:01:32.114+0000] {logging_mixin.py:190} INFO - [2025-03-30T14:01:32.113+0000] {dagbag.py:588} INFO - Filling up the DagBag from /home/airflow/.local/lib/python3.12/site-packages/airflow/example_dags/example_subdag_operator.py
[2025-03-30T14:01:32.137+0000] {processor.py:925} INFO - DAG(s) 'example_subdag_operator.section-1', 'example_subdag_operator.section-2', 'example_subdag_operator' retrieved from /home/airflow/.local/lib/python3.12/site-packages/airflow/example_dags/example_subdag_operator.py
[2025-03-30T14:01:32.151+0000] {logging_mixin.py:190} INFO - [2025-03-30T14:01:32.151+0000] {dag.py:3239} INFO - Sync 3 DAGs
[2025-03-30T14:01:32.172+0000] {logging_mixin.py:190} INFO - [2025-03-30T14:01:32.172+0000] {dag.py:4180} INFO - Setting next_dagrun for example_subdag_operator to 2022-01-01 00:00:00+00:00, run_after=2022-01-01 00:00:00+00:00
[2025-03-30T14:01:32.176+0000] {logging_mixin.py:190} INFO - [2025-03-30T14:01:32.176+0000] {dag.py:4180} INFO - Setting next_dagrun for example_subdag_operator.section-1 to None, run_after=None
[2025-03-30T14:01:32.178+0000] {logging_mixin.py:190} INFO - [2025-03-30T14:01:32.178+0000] {dag.py:4180} INFO - Setting next_dagrun for example_subdag_operator.section-2 to None, run_after=None
[2025-03-30T14:01:32.186+0000] {logging_mixin.py:190} INFO - [2025-03-30T14:01:32.186+0000] {dag.py:3239} INFO - Sync 2 DAGs
[2025-03-30T14:01:32.195+0000] {logging_mixin.py:190} INFO - [2025-03-30T14:01:32.195+0000] {dag.py:4180} INFO - Setting next_dagrun for example_subdag_operator.section-1 to None, run_after=None
[2025-03-30T14:01:32.196+0000] {logging_mixin.py:190} INFO - [2025-03-30T14:01:32.196+0000] {dag.py:4180} INFO - Setting next_dagrun for example_subdag_operator.section-2 to None, run_after=None
[2025-03-30T14:01:32.218+0000] {processor.py:208} INFO - Processing /home/airflow/.local/lib/python3.12/site-packages/airflow/example_dags/example_subdag_operator.py took 0.112 seconds
[2025-03-30T14:02:02.455+0000] {processor.py:186} INFO - Started process (PID=798) to work on /home/airflow/.local/lib/python3.12/site-packages/airflow/example_dags/example_subdag_operator.py
[2025-03-30T14:02:02.456+0000] {processor.py:914} INFO - Processing file /home/airflow/.local/lib/python3.12/site-packages/airflow/example_dags/example_subdag_operator.py for tasks to queue
[2025-03-30T14:02:02.458+0000] {logging_mixin.py:190} INFO - [2025-03-30T14:02:02.457+0000] {dagbag.py:588} INFO - Filling up the DagBag from /home/airflow/.local/lib/python3.12/site-packages/airflow/example_dags/example_subdag_operator.py
[2025-03-30T14:02:02.479+0000] {processor.py:925} INFO - DAG(s) 'example_subdag_operator.section-1', 'example_subdag_operator.section-2', 'example_subdag_operator' retrieved from /home/airflow/.local/lib/python3.12/site-packages/airflow/example_dags/example_subdag_operator.py
[2025-03-30T14:02:02.491+0000] {logging_mixin.py:190} INFO - [2025-03-30T14:02:02.491+0000] {dag.py:3239} INFO - Sync 3 DAGs
[2025-03-30T14:02:02.509+0000] {logging_mixin.py:190} INFO - [2025-03-30T14:02:02.509+0000] {dag.py:4180} INFO - Setting next_dagrun for example_subdag_operator to 2022-01-01 00:00:00+00:00, run_after=2022-01-01 00:00:00+00:00
[2025-03-30T14:02:02.512+0000] {logging_mixin.py:190} INFO - [2025-03-30T14:02:02.512+0000] {dag.py:4180} INFO - Setting next_dagrun for example_subdag_operator.section-1 to None, run_after=None
[2025-03-30T14:02:02.513+0000] {logging_mixin.py:190} INFO - [2025-03-30T14:02:02.513+0000] {dag.py:4180} INFO - Setting next_dagrun for example_subdag_operator.section-2 to None, run_after=None
[2025-03-30T14:02:02.519+0000] {logging_mixin.py:190} INFO - [2025-03-30T14:02:02.519+0000] {dag.py:3239} INFO - Sync 2 DAGs
[2025-03-30T14:02:02.523+0000] {logging_mixin.py:190} INFO - [2025-03-30T14:02:02.523+0000] {dag.py:4180} INFO - Setting next_dagrun for example_subdag_operator.section-1 to None, run_after=None
[2025-03-30T14:02:02.523+0000] {logging_mixin.py:190} INFO - [2025-03-30T14:02:02.523+0000] {dag.py:4180} INFO - Setting next_dagrun for example_subdag_operator.section-2 to None, run_after=None
[2025-03-30T14:02:02.532+0000] {processor.py:208} INFO - Processing /home/airflow/.local/lib/python3.12/site-packages/airflow/example_dags/example_subdag_operator.py took 0.082 seconds
[2025-03-30T14:02:32.584+0000] {processor.py:186} INFO - Started process (PID=872) to work on /home/airflow/.local/lib/python3.12/site-packages/airflow/example_dags/example_subdag_operator.py
[2025-03-30T14:02:32.585+0000] {processor.py:914} INFO - Processing file /home/airflow/.local/lib/python3.12/site-packages/airflow/example_dags/example_subdag_operator.py for tasks to queue
[2025-03-30T14:02:32.588+0000] {logging_mixin.py:190} INFO - [2025-03-30T14:02:32.588+0000] {dagbag.py:588} INFO - Filling up the DagBag from /home/airflow/.local/lib/python3.12/site-packages/airflow/example_dags/example_subdag_operator.py
[2025-03-30T14:02:32.609+0000] {processor.py:925} INFO - DAG(s) 'example_subdag_operator.section-1', 'example_subdag_operator.section-2', 'example_subdag_operator' retrieved from /home/airflow/.local/lib/python3.12/site-packages/airflow/example_dags/example_subdag_operator.py
[2025-03-30T14:02:32.620+0000] {logging_mixin.py:190} INFO - [2025-03-30T14:02:32.620+0000] {dag.py:3239} INFO - Sync 3 DAGs
[2025-03-30T14:02:32.640+0000] {logging_mixin.py:190} INFO - [2025-03-30T14:02:32.640+0000] {dag.py:4180} INFO - Setting next_dagrun for example_subdag_operator to 2022-01-01 00:00:00+00:00, run_after=2022-01-01 00:00:00+00:00
[2025-03-30T14:02:32.643+0000] {logging_mixin.py:190} INFO - [2025-03-30T14:02:32.643+0000] {dag.py:4180} INFO - Setting next_dagrun for example_subdag_operator.section-1 to None, run_after=None
[2025-03-30T14:02:32.644+0000] {logging_mixin.py:190} INFO - [2025-03-30T14:02:32.644+0000] {dag.py:4180} INFO - Setting next_dagrun for example_subdag_operator.section-2 to None, run_after=None
[2025-03-30T14:02:32.649+0000] {logging_mixin.py:190} INFO - [2025-03-30T14:02:32.649+0000] {dag.py:3239} INFO - Sync 2 DAGs
[2025-03-30T14:02:32.653+0000] {logging_mixin.py:190} INFO - [2025-03-30T14:02:32.653+0000] {dag.py:4180} INFO - Setting next_dagrun for example_subdag_operator.section-1 to None, run_after=None
[2025-03-30T14:02:32.654+0000] {logging_mixin.py:190} INFO - [2025-03-30T14:02:32.653+0000] {dag.py:4180} INFO - Setting next_dagrun for example_subdag_operator.section-2 to None, run_after=None
[2025-03-30T14:02:32.662+0000] {processor.py:208} INFO - Processing /home/airflow/.local/lib/python3.12/site-packages/airflow/example_dags/example_subdag_operator.py took 0.083 seconds
[2025-03-30T14:03:03.227+0000] {processor.py:186} INFO - Started process (PID=947) to work on /home/airflow/.local/lib/python3.12/site-packages/airflow/example_dags/example_subdag_operator.py
[2025-03-30T14:03:03.228+0000] {processor.py:914} INFO - Processing file /home/airflow/.local/lib/python3.12/site-packages/airflow/example_dags/example_subdag_operator.py for tasks to queue
[2025-03-30T14:03:03.230+0000] {logging_mixin.py:190} INFO - [2025-03-30T14:03:03.230+0000] {dagbag.py:588} INFO - Filling up the DagBag from /home/airflow/.local/lib/python3.12/site-packages/airflow/example_dags/example_subdag_operator.py
[2025-03-30T14:03:03.256+0000] {processor.py:925} INFO - DAG(s) 'example_subdag_operator.section-1', 'example_subdag_operator.section-2', 'example_subdag_operator' retrieved from /home/airflow/.local/lib/python3.12/site-packages/airflow/example_dags/example_subdag_operator.py
[2025-03-30T14:03:03.269+0000] {logging_mixin.py:190} INFO - [2025-03-30T14:03:03.269+0000] {dag.py:3239} INFO - Sync 3 DAGs
[2025-03-30T14:03:03.300+0000] {logging_mixin.py:190} INFO - [2025-03-30T14:03:03.299+0000] {dag.py:4180} INFO - Setting next_dagrun for example_subdag_operator to 2022-01-01 00:00:00+00:00, run_after=2022-01-01 00:00:00+00:00
[2025-03-30T14:03:03.306+0000] {logging_mixin.py:190} INFO - [2025-03-30T14:03:03.306+0000] {dag.py:4180} INFO - Setting next_dagrun for example_subdag_operator.section-1 to None, run_after=None
[2025-03-30T14:03:03.309+0000] {logging_mixin.py:190} INFO - [2025-03-30T14:03:03.309+0000] {dag.py:4180} INFO - Setting next_dagrun for example_subdag_operator.section-2 to None, run_after=None
[2025-03-30T14:03:03.320+0000] {logging_mixin.py:190} INFO - [2025-03-30T14:03:03.319+0000] {dag.py:3239} INFO - Sync 2 DAGs
[2025-03-30T14:03:03.334+0000] {logging_mixin.py:190} INFO - [2025-03-30T14:03:03.334+0000] {dag.py:4180} INFO - Setting next_dagrun for example_subdag_operator.section-1 to None, run_after=None
[2025-03-30T14:03:03.337+0000] {logging_mixin.py:190} INFO - [2025-03-30T14:03:03.337+0000] {dag.py:4180} INFO - Setting next_dagrun for example_subdag_operator.section-2 to None, run_after=None
[2025-03-30T14:03:03.353+0000] {processor.py:208} INFO - Processing /home/airflow/.local/lib/python3.12/site-packages/airflow/example_dags/example_subdag_operator.py took 0.131 seconds
[2025-03-30T14:03:33.478+0000] {processor.py:186} INFO - Started process (PID=1022) to work on /home/airflow/.local/lib/python3.12/site-packages/airflow/example_dags/example_subdag_operator.py
[2025-03-30T14:03:33.479+0000] {processor.py:914} INFO - Processing file /home/airflow/.local/lib/python3.12/site-packages/airflow/example_dags/example_subdag_operator.py for tasks to queue
[2025-03-30T14:03:33.481+0000] {logging_mixin.py:190} INFO - [2025-03-30T14:03:33.481+0000] {dagbag.py:588} INFO - Filling up the DagBag from /home/airflow/.local/lib/python3.12/site-packages/airflow/example_dags/example_subdag_operator.py
[2025-03-30T14:03:33.504+0000] {processor.py:925} INFO - DAG(s) 'example_subdag_operator.section-1', 'example_subdag_operator.section-2', 'example_subdag_operator' retrieved from /home/airflow/.local/lib/python3.12/site-packages/airflow/example_dags/example_subdag_operator.py
[2025-03-30T14:03:33.519+0000] {logging_mixin.py:190} INFO - [2025-03-30T14:03:33.519+0000] {dag.py:3239} INFO - Sync 3 DAGs
[2025-03-30T14:03:33.540+0000] {logging_mixin.py:190} INFO - [2025-03-30T14:03:33.540+0000] {dag.py:4180} INFO - Setting next_dagrun for example_subdag_operator to 2022-01-01 00:00:00+00:00, run_after=2022-01-01 00:00:00+00:00
[2025-03-30T14:03:33.544+0000] {logging_mixin.py:190} INFO - [2025-03-30T14:03:33.544+0000] {dag.py:4180} INFO - Setting next_dagrun for example_subdag_operator.section-1 to None, run_after=None
[2025-03-30T14:03:33.546+0000] {logging_mixin.py:190} INFO - [2025-03-30T14:03:33.545+0000] {dag.py:4180} INFO - Setting next_dagrun for example_subdag_operator.section-2 to None, run_after=None
[2025-03-30T14:03:33.552+0000] {logging_mixin.py:190} INFO - [2025-03-30T14:03:33.552+0000] {dag.py:3239} INFO - Sync 2 DAGs
[2025-03-30T14:03:33.557+0000] {logging_mixin.py:190} INFO - [2025-03-30T14:03:33.557+0000] {dag.py:4180} INFO - Setting next_dagrun for example_subdag_operator.section-1 to None, run_after=None
[2025-03-30T14:03:33.557+0000] {logging_mixin.py:190} INFO - [2025-03-30T14:03:33.557+0000] {dag.py:4180} INFO - Setting next_dagrun for example_subdag_operator.section-2 to None, run_after=None
[2025-03-30T14:03:33.570+0000] {processor.py:208} INFO - Processing /home/airflow/.local/lib/python3.12/site-packages/airflow/example_dags/example_subdag_operator.py took 0.096 seconds
[2025-03-30T14:04:04.482+0000] {processor.py:186} INFO - Started process (PID=1097) to work on /home/airflow/.local/lib/python3.12/site-packages/airflow/example_dags/example_subdag_operator.py
[2025-03-30T14:04:04.483+0000] {processor.py:914} INFO - Processing file /home/airflow/.local/lib/python3.12/site-packages/airflow/example_dags/example_subdag_operator.py for tasks to queue
[2025-03-30T14:04:04.485+0000] {logging_mixin.py:190} INFO - [2025-03-30T14:04:04.485+0000] {dagbag.py:588} INFO - Filling up the DagBag from /home/airflow/.local/lib/python3.12/site-packages/airflow/example_dags/example_subdag_operator.py
[2025-03-30T14:04:04.515+0000] {processor.py:925} INFO - DAG(s) 'example_subdag_operator.section-1', 'example_subdag_operator.section-2', 'example_subdag_operator' retrieved from /home/airflow/.local/lib/python3.12/site-packages/airflow/example_dags/example_subdag_operator.py
[2025-03-30T14:04:04.528+0000] {logging_mixin.py:190} INFO - [2025-03-30T14:04:04.528+0000] {dag.py:3239} INFO - Sync 3 DAGs
[2025-03-30T14:04:04.547+0000] {logging_mixin.py:190} INFO - [2025-03-30T14:04:04.547+0000] {dag.py:4180} INFO - Setting next_dagrun for example_subdag_operator to 2022-01-01 00:00:00+00:00, run_after=2022-01-01 00:00:00+00:00
[2025-03-30T14:04:04.552+0000] {logging_mixin.py:190} INFO - [2025-03-30T14:04:04.551+0000] {dag.py:4180} INFO - Setting next_dagrun for example_subdag_operator.section-1 to None, run_after=None
[2025-03-30T14:04:04.553+0000] {logging_mixin.py:190} INFO - [2025-03-30T14:04:04.553+0000] {dag.py:4180} INFO - Setting next_dagrun for example_subdag_operator.section-2 to None, run_after=None
[2025-03-30T14:04:04.559+0000] {logging_mixin.py:190} INFO - [2025-03-30T14:04:04.559+0000] {dag.py:3239} INFO - Sync 2 DAGs
[2025-03-30T14:04:04.563+0000] {logging_mixin.py:190} INFO - [2025-03-30T14:04:04.563+0000] {dag.py:4180} INFO - Setting next_dagrun for example_subdag_operator.section-1 to None, run_after=None
[2025-03-30T14:04:04.564+0000] {logging_mixin.py:190} INFO - [2025-03-30T14:04:04.563+0000] {dag.py:4180} INFO - Setting next_dagrun for example_subdag_operator.section-2 to None, run_after=None
[2025-03-30T14:04:04.572+0000] {processor.py:208} INFO - Processing /home/airflow/.local/lib/python3.12/site-packages/airflow/example_dags/example_subdag_operator.py took 0.094 seconds
[2025-03-30T14:04:35.556+0000] {processor.py:186} INFO - Started process (PID=1172) to work on /home/airflow/.local/lib/python3.12/site-packages/airflow/example_dags/example_subdag_operator.py
[2025-03-30T14:04:35.558+0000] {processor.py:914} INFO - Processing file /home/airflow/.local/lib/python3.12/site-packages/airflow/example_dags/example_subdag_operator.py for tasks to queue
[2025-03-30T14:04:35.560+0000] {logging_mixin.py:190} INFO - [2025-03-30T14:04:35.560+0000] {dagbag.py:588} INFO - Filling up the DagBag from /home/airflow/.local/lib/python3.12/site-packages/airflow/example_dags/example_subdag_operator.py
[2025-03-30T14:04:35.587+0000] {processor.py:925} INFO - DAG(s) 'example_subdag_operator.section-1', 'example_subdag_operator.section-2', 'example_subdag_operator' retrieved from /home/airflow/.local/lib/python3.12/site-packages/airflow/example_dags/example_subdag_operator.py
[2025-03-30T14:04:35.603+0000] {logging_mixin.py:190} INFO - [2025-03-30T14:04:35.603+0000] {dag.py:3239} INFO - Sync 3 DAGs
[2025-03-30T14:04:35.628+0000] {logging_mixin.py:190} INFO - [2025-03-30T14:04:35.627+0000] {dag.py:4180} INFO - Setting next_dagrun for example_subdag_operator to 2022-01-01 00:00:00+00:00, run_after=2022-01-01 00:00:00+00:00
[2025-03-30T14:04:35.631+0000] {logging_mixin.py:190} INFO - [2025-03-30T14:04:35.631+0000] {dag.py:4180} INFO - Setting next_dagrun for example_subdag_operator.section-1 to None, run_after=None
[2025-03-30T14:04:35.633+0000] {logging_mixin.py:190} INFO - [2025-03-30T14:04:35.633+0000] {dag.py:4180} INFO - Setting next_dagrun for example_subdag_operator.section-2 to None, run_after=None
[2025-03-30T14:04:35.640+0000] {logging_mixin.py:190} INFO - [2025-03-30T14:04:35.640+0000] {dag.py:3239} INFO - Sync 2 DAGs
[2025-03-30T14:04:35.645+0000] {logging_mixin.py:190} INFO - [2025-03-30T14:04:35.645+0000] {dag.py:4180} INFO - Setting next_dagrun for example_subdag_operator.section-1 to None, run_after=None
[2025-03-30T14:04:35.646+0000] {logging_mixin.py:190} INFO - [2025-03-30T14:04:35.646+0000] {dag.py:4180} INFO - Setting next_dagrun for example_subdag_operator.section-2 to None, run_after=None
[2025-03-30T14:04:35.655+0000] {processor.py:208} INFO - Processing /home/airflow/.local/lib/python3.12/site-packages/airflow/example_dags/example_subdag_operator.py took 0.108 seconds
[2025-03-30T14:05:06.114+0000] {processor.py:186} INFO - Started process (PID=1259) to work on /home/airflow/.local/lib/python3.12/site-packages/airflow/example_dags/example_subdag_operator.py
[2025-03-30T14:05:06.115+0000] {processor.py:914} INFO - Processing file /home/airflow/.local/lib/python3.12/site-packages/airflow/example_dags/example_subdag_operator.py for tasks to queue
[2025-03-30T14:05:06.118+0000] {logging_mixin.py:190} INFO - [2025-03-30T14:05:06.117+0000] {dagbag.py:588} INFO - Filling up the DagBag from /home/airflow/.local/lib/python3.12/site-packages/airflow/example_dags/example_subdag_operator.py
[2025-03-30T14:05:06.143+0000] {processor.py:925} INFO - DAG(s) 'example_subdag_operator.section-1', 'example_subdag_operator.section-2', 'example_subdag_operator' retrieved from /home/airflow/.local/lib/python3.12/site-packages/airflow/example_dags/example_subdag_operator.py
[2025-03-30T14:05:06.158+0000] {logging_mixin.py:190} INFO - [2025-03-30T14:05:06.158+0000] {dag.py:3239} INFO - Sync 3 DAGs
[2025-03-30T14:05:06.182+0000] {logging_mixin.py:190} INFO - [2025-03-30T14:05:06.182+0000] {dag.py:4180} INFO - Setting next_dagrun for example_subdag_operator to 2022-01-01 00:00:00+00:00, run_after=2022-01-01 00:00:00+00:00
[2025-03-30T14:05:06.187+0000] {logging_mixin.py:190} INFO - [2025-03-30T14:05:06.187+0000] {dag.py:4180} INFO - Setting next_dagrun for example_subdag_operator.section-1 to None, run_after=None
[2025-03-30T14:05:06.188+0000] {logging_mixin.py:190} INFO - [2025-03-30T14:05:06.188+0000] {dag.py:4180} INFO - Setting next_dagrun for example_subdag_operator.section-2 to None, run_after=None
[2025-03-30T14:05:06.195+0000] {logging_mixin.py:190} INFO - [2025-03-30T14:05:06.195+0000] {dag.py:3239} INFO - Sync 2 DAGs
[2025-03-30T14:05:06.202+0000] {logging_mixin.py:190} INFO - [2025-03-30T14:05:06.201+0000] {dag.py:4180} INFO - Setting next_dagrun for example_subdag_operator.section-1 to None, run_after=None
[2025-03-30T14:05:06.202+0000] {logging_mixin.py:190} INFO - [2025-03-30T14:05:06.202+0000] {dag.py:4180} INFO - Setting next_dagrun for example_subdag_operator.section-2 to None, run_after=None
[2025-03-30T14:05:06.214+0000] {processor.py:208} INFO - Processing /home/airflow/.local/lib/python3.12/site-packages/airflow/example_dags/example_subdag_operator.py took 0.105 seconds
[2025-03-30T14:05:36.907+0000] {processor.py:186} INFO - Started process (PID=1334) to work on /home/airflow/.local/lib/python3.12/site-packages/airflow/example_dags/example_subdag_operator.py
[2025-03-30T14:05:36.908+0000] {processor.py:914} INFO - Processing file /home/airflow/.local/lib/python3.12/site-packages/airflow/example_dags/example_subdag_operator.py for tasks to queue
[2025-03-30T14:05:36.910+0000] {logging_mixin.py:190} INFO - [2025-03-30T14:05:36.910+0000] {dagbag.py:588} INFO - Filling up the DagBag from /home/airflow/.local/lib/python3.12/site-packages/airflow/example_dags/example_subdag_operator.py
[2025-03-30T14:05:36.934+0000] {processor.py:925} INFO - DAG(s) 'example_subdag_operator.section-1', 'example_subdag_operator.section-2', 'example_subdag_operator' retrieved from /home/airflow/.local/lib/python3.12/site-packages/airflow/example_dags/example_subdag_operator.py
[2025-03-30T14:05:36.946+0000] {logging_mixin.py:190} INFO - [2025-03-30T14:05:36.946+0000] {dag.py:3239} INFO - Sync 3 DAGs
[2025-03-30T14:05:36.966+0000] {logging_mixin.py:190} INFO - [2025-03-30T14:05:36.966+0000] {dag.py:4180} INFO - Setting next_dagrun for example_subdag_operator to 2022-01-01 00:00:00+00:00, run_after=2022-01-01 00:00:00+00:00
[2025-03-30T14:05:36.969+0000] {logging_mixin.py:190} INFO - [2025-03-30T14:05:36.969+0000] {dag.py:4180} INFO - Setting next_dagrun for example_subdag_operator.section-1 to None, run_after=None
[2025-03-30T14:05:36.970+0000] {logging_mixin.py:190} INFO - [2025-03-30T14:05:36.970+0000] {dag.py:4180} INFO - Setting next_dagrun for example_subdag_operator.section-2 to None, run_after=None
[2025-03-30T14:05:36.976+0000] {logging_mixin.py:190} INFO - [2025-03-30T14:05:36.976+0000] {dag.py:3239} INFO - Sync 2 DAGs
[2025-03-30T14:05:36.980+0000] {logging_mixin.py:190} INFO - [2025-03-30T14:05:36.980+0000] {dag.py:4180} INFO - Setting next_dagrun for example_subdag_operator.section-1 to None, run_after=None
[2025-03-30T14:05:36.980+0000] {logging_mixin.py:190} INFO - [2025-03-30T14:05:36.980+0000] {dag.py:4180} INFO - Setting next_dagrun for example_subdag_operator.section-2 to None, run_after=None
[2025-03-30T14:05:36.989+0000] {processor.py:208} INFO - Processing /home/airflow/.local/lib/python3.12/site-packages/airflow/example_dags/example_subdag_operator.py took 0.089 seconds
[2025-03-30T14:06:07.254+0000] {processor.py:186} INFO - Started process (PID=1397) to work on /home/airflow/.local/lib/python3.12/site-packages/airflow/example_dags/example_subdag_operator.py
[2025-03-30T14:06:07.255+0000] {processor.py:914} INFO - Processing file /home/airflow/.local/lib/python3.12/site-packages/airflow/example_dags/example_subdag_operator.py for tasks to queue
[2025-03-30T14:06:07.260+0000] {logging_mixin.py:190} INFO - [2025-03-30T14:06:07.259+0000] {dagbag.py:588} INFO - Filling up the DagBag from /home/airflow/.local/lib/python3.12/site-packages/airflow/example_dags/example_subdag_operator.py
[2025-03-30T14:06:07.283+0000] {processor.py:925} INFO - DAG(s) 'example_subdag_operator.section-1', 'example_subdag_operator.section-2', 'example_subdag_operator' retrieved from /home/airflow/.local/lib/python3.12/site-packages/airflow/example_dags/example_subdag_operator.py
[2025-03-30T14:06:07.297+0000] {logging_mixin.py:190} INFO - [2025-03-30T14:06:07.297+0000] {dag.py:3239} INFO - Sync 3 DAGs
[2025-03-30T14:06:07.318+0000] {logging_mixin.py:190} INFO - [2025-03-30T14:06:07.318+0000] {dag.py:4180} INFO - Setting next_dagrun for example_subdag_operator to 2022-01-01 00:00:00+00:00, run_after=2022-01-01 00:00:00+00:00
[2025-03-30T14:06:07.322+0000] {logging_mixin.py:190} INFO - [2025-03-30T14:06:07.321+0000] {dag.py:4180} INFO - Setting next_dagrun for example_subdag_operator.section-1 to None, run_after=None
[2025-03-30T14:06:07.323+0000] {logging_mixin.py:190} INFO - [2025-03-30T14:06:07.323+0000] {dag.py:4180} INFO - Setting next_dagrun for example_subdag_operator.section-2 to None, run_after=None
[2025-03-30T14:06:07.329+0000] {logging_mixin.py:190} INFO - [2025-03-30T14:06:07.328+0000] {dag.py:3239} INFO - Sync 2 DAGs
[2025-03-30T14:06:07.334+0000] {logging_mixin.py:190} INFO - [2025-03-30T14:06:07.333+0000] {dag.py:4180} INFO - Setting next_dagrun for example_subdag_operator.section-1 to None, run_after=None
[2025-03-30T14:06:07.334+0000] {logging_mixin.py:190} INFO - [2025-03-30T14:06:07.334+0000] {dag.py:4180} INFO - Setting next_dagrun for example_subdag_operator.section-2 to None, run_after=None
[2025-03-30T14:06:07.345+0000] {processor.py:208} INFO - Processing /home/airflow/.local/lib/python3.12/site-packages/airflow/example_dags/example_subdag_operator.py took 0.095 seconds
[2025-03-30T14:06:40.246+0000] {processor.py:186} INFO - Started process (PID=1507) to work on /home/airflow/.local/lib/python3.12/site-packages/airflow/example_dags/example_subdag_operator.py
[2025-03-30T14:06:40.247+0000] {processor.py:914} INFO - Processing file /home/airflow/.local/lib/python3.12/site-packages/airflow/example_dags/example_subdag_operator.py for tasks to queue
[2025-03-30T14:06:40.249+0000] {logging_mixin.py:190} INFO - [2025-03-30T14:06:40.248+0000] {dagbag.py:588} INFO - Filling up the DagBag from /home/airflow/.local/lib/python3.12/site-packages/airflow/example_dags/example_subdag_operator.py
[2025-03-30T14:06:40.280+0000] {processor.py:925} INFO - DAG(s) 'example_subdag_operator.section-1', 'example_subdag_operator.section-2', 'example_subdag_operator' retrieved from /home/airflow/.local/lib/python3.12/site-packages/airflow/example_dags/example_subdag_operator.py
[2025-03-30T14:06:40.295+0000] {logging_mixin.py:190} INFO - [2025-03-30T14:06:40.294+0000] {dag.py:3239} INFO - Sync 3 DAGs
[2025-03-30T14:06:40.321+0000] {logging_mixin.py:190} INFO - [2025-03-30T14:06:40.321+0000] {dag.py:4180} INFO - Setting next_dagrun for example_subdag_operator to 2022-01-01 00:00:00+00:00, run_after=2022-01-01 00:00:00+00:00
[2025-03-30T14:06:40.326+0000] {logging_mixin.py:190} INFO - [2025-03-30T14:06:40.325+0000] {dag.py:4180} INFO - Setting next_dagrun for example_subdag_operator.section-1 to None, run_after=None
[2025-03-30T14:06:40.327+0000] {logging_mixin.py:190} INFO - [2025-03-30T14:06:40.327+0000] {dag.py:4180} INFO - Setting next_dagrun for example_subdag_operator.section-2 to None, run_after=None
[2025-03-30T14:06:40.334+0000] {logging_mixin.py:190} INFO - [2025-03-30T14:06:40.334+0000] {dag.py:3239} INFO - Sync 2 DAGs
[2025-03-30T14:06:40.340+0000] {logging_mixin.py:190} INFO - [2025-03-30T14:06:40.339+0000] {dag.py:4180} INFO - Setting next_dagrun for example_subdag_operator.section-1 to None, run_after=None
[2025-03-30T14:06:40.340+0000] {logging_mixin.py:190} INFO - [2025-03-30T14:06:40.340+0000] {dag.py:4180} INFO - Setting next_dagrun for example_subdag_operator.section-2 to None, run_after=None
[2025-03-30T14:06:40.354+0000] {processor.py:208} INFO - Processing /home/airflow/.local/lib/python3.12/site-packages/airflow/example_dags/example_subdag_operator.py took 0.117 seconds
[2025-03-30T14:07:10.458+0000] {processor.py:186} INFO - Started process (PID=1569) to work on /home/airflow/.local/lib/python3.12/site-packages/airflow/example_dags/example_subdag_operator.py
[2025-03-30T14:07:10.459+0000] {processor.py:914} INFO - Processing file /home/airflow/.local/lib/python3.12/site-packages/airflow/example_dags/example_subdag_operator.py for tasks to queue
[2025-03-30T14:07:10.460+0000] {logging_mixin.py:190} INFO - [2025-03-30T14:07:10.459+0000] {dagbag.py:588} INFO - Filling up the DagBag from /home/airflow/.local/lib/python3.12/site-packages/airflow/example_dags/example_subdag_operator.py
[2025-03-30T14:07:10.480+0000] {processor.py:925} INFO - DAG(s) 'example_subdag_operator.section-1', 'example_subdag_operator.section-2', 'example_subdag_operator' retrieved from /home/airflow/.local/lib/python3.12/site-packages/airflow/example_dags/example_subdag_operator.py
[2025-03-30T14:07:10.491+0000] {logging_mixin.py:190} INFO - [2025-03-30T14:07:10.491+0000] {dag.py:3239} INFO - Sync 3 DAGs
[2025-03-30T14:07:10.512+0000] {logging_mixin.py:190} INFO - [2025-03-30T14:07:10.512+0000] {dag.py:4180} INFO - Setting next_dagrun for example_subdag_operator to 2022-01-01 00:00:00+00:00, run_after=2022-01-01 00:00:00+00:00
[2025-03-30T14:07:10.517+0000] {logging_mixin.py:190} INFO - [2025-03-30T14:07:10.517+0000] {dag.py:4180} INFO - Setting next_dagrun for example_subdag_operator.section-1 to None, run_after=None
[2025-03-30T14:07:10.518+0000] {logging_mixin.py:190} INFO - [2025-03-30T14:07:10.518+0000] {dag.py:4180} INFO - Setting next_dagrun for example_subdag_operator.section-2 to None, run_after=None
[2025-03-30T14:07:10.524+0000] {logging_mixin.py:190} INFO - [2025-03-30T14:07:10.524+0000] {dag.py:3239} INFO - Sync 2 DAGs
[2025-03-30T14:07:10.529+0000] {logging_mixin.py:190} INFO - [2025-03-30T14:07:10.529+0000] {dag.py:4180} INFO - Setting next_dagrun for example_subdag_operator.section-1 to None, run_after=None
[2025-03-30T14:07:10.530+0000] {logging_mixin.py:190} INFO - [2025-03-30T14:07:10.530+0000] {dag.py:4180} INFO - Setting next_dagrun for example_subdag_operator.section-2 to None, run_after=None
[2025-03-30T14:07:10.540+0000] {processor.py:208} INFO - Processing /home/airflow/.local/lib/python3.12/site-packages/airflow/example_dags/example_subdag_operator.py took 0.090 seconds
[2025-03-30T14:07:41.120+0000] {processor.py:186} INFO - Started process (PID=1644) to work on /home/airflow/.local/lib/python3.12/site-packages/airflow/example_dags/example_subdag_operator.py
[2025-03-30T14:07:41.121+0000] {processor.py:914} INFO - Processing file /home/airflow/.local/lib/python3.12/site-packages/airflow/example_dags/example_subdag_operator.py for tasks to queue
[2025-03-30T14:07:41.123+0000] {logging_mixin.py:190} INFO - [2025-03-30T14:07:41.123+0000] {dagbag.py:588} INFO - Filling up the DagBag from /home/airflow/.local/lib/python3.12/site-packages/airflow/example_dags/example_subdag_operator.py
[2025-03-30T14:07:41.157+0000] {processor.py:925} INFO - DAG(s) 'example_subdag_operator.section-1', 'example_subdag_operator.section-2', 'example_subdag_operator' retrieved from /home/airflow/.local/lib/python3.12/site-packages/airflow/example_dags/example_subdag_operator.py
[2025-03-30T14:07:41.172+0000] {logging_mixin.py:190} INFO - [2025-03-30T14:07:41.171+0000] {dag.py:3239} INFO - Sync 3 DAGs
[2025-03-30T14:07:41.207+0000] {logging_mixin.py:190} INFO - [2025-03-30T14:07:41.207+0000] {dag.py:4180} INFO - Setting next_dagrun for example_subdag_operator to 2022-01-01 00:00:00+00:00, run_after=2022-01-01 00:00:00+00:00
[2025-03-30T14:07:41.215+0000] {logging_mixin.py:190} INFO - [2025-03-30T14:07:41.215+0000] {dag.py:4180} INFO - Setting next_dagrun for example_subdag_operator.section-1 to None, run_after=None
[2025-03-30T14:07:41.218+0000] {logging_mixin.py:190} INFO - [2025-03-30T14:07:41.218+0000] {dag.py:4180} INFO - Setting next_dagrun for example_subdag_operator.section-2 to None, run_after=None
[2025-03-30T14:07:41.228+0000] {logging_mixin.py:190} INFO - [2025-03-30T14:07:41.228+0000] {dag.py:3239} INFO - Sync 2 DAGs
[2025-03-30T14:07:41.234+0000] {logging_mixin.py:190} INFO - [2025-03-30T14:07:41.234+0000] {dag.py:4180} INFO - Setting next_dagrun for example_subdag_operator.section-1 to None, run_after=None
[2025-03-30T14:07:41.235+0000] {logging_mixin.py:190} INFO - [2025-03-30T14:07:41.235+0000] {dag.py:4180} INFO - Setting next_dagrun for example_subdag_operator.section-2 to None, run_after=None
[2025-03-30T14:07:41.275+0000] {processor.py:208} INFO - Processing /home/airflow/.local/lib/python3.12/site-packages/airflow/example_dags/example_subdag_operator.py took 0.164 seconds
[2025-03-30T14:08:12.648+0000] {processor.py:186} INFO - Started process (PID=1719) to work on /home/airflow/.local/lib/python3.12/site-packages/airflow/example_dags/example_subdag_operator.py
[2025-03-30T14:08:12.649+0000] {processor.py:914} INFO - Processing file /home/airflow/.local/lib/python3.12/site-packages/airflow/example_dags/example_subdag_operator.py for tasks to queue
[2025-03-30T14:08:12.651+0000] {logging_mixin.py:190} INFO - [2025-03-30T14:08:12.651+0000] {dagbag.py:588} INFO - Filling up the DagBag from /home/airflow/.local/lib/python3.12/site-packages/airflow/example_dags/example_subdag_operator.py
[2025-03-30T14:08:12.694+0000] {processor.py:925} INFO - DAG(s) 'example_subdag_operator.section-1', 'example_subdag_operator.section-2', 'example_subdag_operator' retrieved from /home/airflow/.local/lib/python3.12/site-packages/airflow/example_dags/example_subdag_operator.py
[2025-03-30T14:08:12.713+0000] {logging_mixin.py:190} INFO - [2025-03-30T14:08:12.712+0000] {dag.py:3239} INFO - Sync 3 DAGs
[2025-03-30T14:08:12.750+0000] {logging_mixin.py:190} INFO - [2025-03-30T14:08:12.749+0000] {dag.py:4180} INFO - Setting next_dagrun for example_subdag_operator to 2022-01-01 00:00:00+00:00, run_after=2022-01-01 00:00:00+00:00
[2025-03-30T14:08:12.757+0000] {logging_mixin.py:190} INFO - [2025-03-30T14:08:12.757+0000] {dag.py:4180} INFO - Setting next_dagrun for example_subdag_operator.section-1 to None, run_after=None
[2025-03-30T14:08:12.764+0000] {logging_mixin.py:190} INFO - [2025-03-30T14:08:12.764+0000] {dag.py:4180} INFO - Setting next_dagrun for example_subdag_operator.section-2 to None, run_after=None
[2025-03-30T14:08:12.782+0000] {logging_mixin.py:190} INFO - [2025-03-30T14:08:12.782+0000] {dag.py:3239} INFO - Sync 2 DAGs
[2025-03-30T14:08:12.789+0000] {logging_mixin.py:190} INFO - [2025-03-30T14:08:12.789+0000] {dag.py:4180} INFO - Setting next_dagrun for example_subdag_operator.section-1 to None, run_after=None
[2025-03-30T14:08:12.791+0000] {logging_mixin.py:190} INFO - [2025-03-30T14:08:12.791+0000] {dag.py:4180} INFO - Setting next_dagrun for example_subdag_operator.section-2 to None, run_after=None
[2025-03-30T14:08:12.808+0000] {processor.py:208} INFO - Processing /home/airflow/.local/lib/python3.12/site-packages/airflow/example_dags/example_subdag_operator.py took 0.174 seconds
[2025-03-30T14:08:43.117+0000] {processor.py:186} INFO - Started process (PID=1793) to work on /home/airflow/.local/lib/python3.12/site-packages/airflow/example_dags/example_subdag_operator.py
[2025-03-30T14:08:43.118+0000] {processor.py:914} INFO - Processing file /home/airflow/.local/lib/python3.12/site-packages/airflow/example_dags/example_subdag_operator.py for tasks to queue
[2025-03-30T14:08:43.120+0000] {logging_mixin.py:190} INFO - [2025-03-30T14:08:43.120+0000] {dagbag.py:588} INFO - Filling up the DagBag from /home/airflow/.local/lib/python3.12/site-packages/airflow/example_dags/example_subdag_operator.py
[2025-03-30T14:08:43.157+0000] {processor.py:925} INFO - DAG(s) 'example_subdag_operator.section-1', 'example_subdag_operator.section-2', 'example_subdag_operator' retrieved from /home/airflow/.local/lib/python3.12/site-packages/airflow/example_dags/example_subdag_operator.py
[2025-03-30T14:08:43.171+0000] {logging_mixin.py:190} INFO - [2025-03-30T14:08:43.171+0000] {dag.py:3239} INFO - Sync 3 DAGs
[2025-03-30T14:08:43.194+0000] {logging_mixin.py:190} INFO - [2025-03-30T14:08:43.193+0000] {dag.py:4180} INFO - Setting next_dagrun for example_subdag_operator to 2022-01-01 00:00:00+00:00, run_after=2022-01-01 00:00:00+00:00
[2025-03-30T14:08:43.198+0000] {logging_mixin.py:190} INFO - [2025-03-30T14:08:43.198+0000] {dag.py:4180} INFO - Setting next_dagrun for example_subdag_operator.section-1 to None, run_after=None
[2025-03-30T14:08:43.199+0000] {logging_mixin.py:190} INFO - [2025-03-30T14:08:43.199+0000] {dag.py:4180} INFO - Setting next_dagrun for example_subdag_operator.section-2 to None, run_after=None
[2025-03-30T14:08:43.206+0000] {logging_mixin.py:190} INFO - [2025-03-30T14:08:43.206+0000] {dag.py:3239} INFO - Sync 2 DAGs
[2025-03-30T14:08:43.212+0000] {logging_mixin.py:190} INFO - [2025-03-30T14:08:43.212+0000] {dag.py:4180} INFO - Setting next_dagrun for example_subdag_operator.section-1 to None, run_after=None
[2025-03-30T14:08:43.213+0000] {logging_mixin.py:190} INFO - [2025-03-30T14:08:43.213+0000] {dag.py:4180} INFO - Setting next_dagrun for example_subdag_operator.section-2 to None, run_after=None
[2025-03-30T14:08:43.224+0000] {processor.py:208} INFO - Processing /home/airflow/.local/lib/python3.12/site-packages/airflow/example_dags/example_subdag_operator.py took 0.115 seconds
[2025-03-30T14:09:13.898+0000] {processor.py:186} INFO - Started process (PID=1868) to work on /home/airflow/.local/lib/python3.12/site-packages/airflow/example_dags/example_subdag_operator.py
[2025-03-30T14:09:13.899+0000] {processor.py:914} INFO - Processing file /home/airflow/.local/lib/python3.12/site-packages/airflow/example_dags/example_subdag_operator.py for tasks to queue
[2025-03-30T14:09:13.901+0000] {logging_mixin.py:190} INFO - [2025-03-30T14:09:13.900+0000] {dagbag.py:588} INFO - Filling up the DagBag from /home/airflow/.local/lib/python3.12/site-packages/airflow/example_dags/example_subdag_operator.py
[2025-03-30T14:09:13.926+0000] {processor.py:925} INFO - DAG(s) 'example_subdag_operator.section-1', 'example_subdag_operator.section-2', 'example_subdag_operator' retrieved from /home/airflow/.local/lib/python3.12/site-packages/airflow/example_dags/example_subdag_operator.py
[2025-03-30T14:09:13.943+0000] {logging_mixin.py:190} INFO - [2025-03-30T14:09:13.943+0000] {dag.py:3239} INFO - Sync 3 DAGs
[2025-03-30T14:09:13.969+0000] {logging_mixin.py:190} INFO - [2025-03-30T14:09:13.969+0000] {dag.py:4180} INFO - Setting next_dagrun for example_subdag_operator to 2022-01-01 00:00:00+00:00, run_after=2022-01-01 00:00:00+00:00
[2025-03-30T14:09:13.975+0000] {logging_mixin.py:190} INFO - [2025-03-30T14:09:13.974+0000] {dag.py:4180} INFO - Setting next_dagrun for example_subdag_operator.section-1 to None, run_after=None
[2025-03-30T14:09:13.976+0000] {logging_mixin.py:190} INFO - [2025-03-30T14:09:13.976+0000] {dag.py:4180} INFO - Setting next_dagrun for example_subdag_operator.section-2 to None, run_after=None
[2025-03-30T14:09:13.984+0000] {logging_mixin.py:190} INFO - [2025-03-30T14:09:13.984+0000] {dag.py:3239} INFO - Sync 2 DAGs
[2025-03-30T14:09:13.990+0000] {logging_mixin.py:190} INFO - [2025-03-30T14:09:13.989+0000] {dag.py:4180} INFO - Setting next_dagrun for example_subdag_operator.section-1 to None, run_after=None
[2025-03-30T14:09:13.990+0000] {logging_mixin.py:190} INFO - [2025-03-30T14:09:13.990+0000] {dag.py:4180} INFO - Setting next_dagrun for example_subdag_operator.section-2 to None, run_after=None
[2025-03-30T14:09:14.007+0000] {processor.py:208} INFO - Processing /home/airflow/.local/lib/python3.12/site-packages/airflow/example_dags/example_subdag_operator.py took 0.117 seconds
[2025-03-30T14:09:44.874+0000] {processor.py:186} INFO - Started process (PID=1943) to work on /home/airflow/.local/lib/python3.12/site-packages/airflow/example_dags/example_subdag_operator.py
[2025-03-30T14:09:44.875+0000] {processor.py:914} INFO - Processing file /home/airflow/.local/lib/python3.12/site-packages/airflow/example_dags/example_subdag_operator.py for tasks to queue
[2025-03-30T14:09:44.876+0000] {logging_mixin.py:190} INFO - [2025-03-30T14:09:44.876+0000] {dagbag.py:588} INFO - Filling up the DagBag from /home/airflow/.local/lib/python3.12/site-packages/airflow/example_dags/example_subdag_operator.py
[2025-03-30T14:09:44.908+0000] {processor.py:925} INFO - DAG(s) 'example_subdag_operator.section-1', 'example_subdag_operator.section-2', 'example_subdag_operator' retrieved from /home/airflow/.local/lib/python3.12/site-packages/airflow/example_dags/example_subdag_operator.py
[2025-03-30T14:09:44.924+0000] {logging_mixin.py:190} INFO - [2025-03-30T14:09:44.924+0000] {dag.py:3239} INFO - Sync 3 DAGs
[2025-03-30T14:09:44.950+0000] {logging_mixin.py:190} INFO - [2025-03-30T14:09:44.949+0000] {dag.py:4180} INFO - Setting next_dagrun for example_subdag_operator to 2022-01-01 00:00:00+00:00, run_after=2022-01-01 00:00:00+00:00
[2025-03-30T14:09:44.954+0000] {logging_mixin.py:190} INFO - [2025-03-30T14:09:44.954+0000] {dag.py:4180} INFO - Setting next_dagrun for example_subdag_operator.section-1 to None, run_after=None
[2025-03-30T14:09:44.956+0000] {logging_mixin.py:190} INFO - [2025-03-30T14:09:44.956+0000] {dag.py:4180} INFO - Setting next_dagrun for example_subdag_operator.section-2 to None, run_after=None
[2025-03-30T14:09:44.962+0000] {logging_mixin.py:190} INFO - [2025-03-30T14:09:44.962+0000] {dag.py:3239} INFO - Sync 2 DAGs
[2025-03-30T14:09:44.969+0000] {logging_mixin.py:190} INFO - [2025-03-30T14:09:44.968+0000] {dag.py:4180} INFO - Setting next_dagrun for example_subdag_operator.section-1 to None, run_after=None
[2025-03-30T14:09:44.969+0000] {logging_mixin.py:190} INFO - [2025-03-30T14:09:44.969+0000] {dag.py:4180} INFO - Setting next_dagrun for example_subdag_operator.section-2 to None, run_after=None
[2025-03-30T14:09:44.991+0000] {processor.py:208} INFO - Processing /home/airflow/.local/lib/python3.12/site-packages/airflow/example_dags/example_subdag_operator.py took 0.126 seconds
[2025-03-30T14:10:16.301+0000] {processor.py:186} INFO - Started process (PID=2024) to work on /home/airflow/.local/lib/python3.12/site-packages/airflow/example_dags/example_subdag_operator.py
[2025-03-30T14:10:16.302+0000] {processor.py:914} INFO - Processing file /home/airflow/.local/lib/python3.12/site-packages/airflow/example_dags/example_subdag_operator.py for tasks to queue
[2025-03-30T14:10:16.305+0000] {logging_mixin.py:190} INFO - [2025-03-30T14:10:16.304+0000] {dagbag.py:588} INFO - Filling up the DagBag from /home/airflow/.local/lib/python3.12/site-packages/airflow/example_dags/example_subdag_operator.py
[2025-03-30T14:10:16.343+0000] {processor.py:925} INFO - DAG(s) 'example_subdag_operator.section-1', 'example_subdag_operator.section-2', 'example_subdag_operator' retrieved from /home/airflow/.local/lib/python3.12/site-packages/airflow/example_dags/example_subdag_operator.py
[2025-03-30T14:10:16.370+0000] {logging_mixin.py:190} INFO - [2025-03-30T14:10:16.369+0000] {dag.py:3239} INFO - Sync 3 DAGs
[2025-03-30T14:10:16.411+0000] {logging_mixin.py:190} INFO - [2025-03-30T14:10:16.409+0000] {dag.py:4180} INFO - Setting next_dagrun for example_subdag_operator to 2022-01-01 00:00:00+00:00, run_after=2022-01-01 00:00:00+00:00
[2025-03-30T14:10:16.419+0000] {logging_mixin.py:190} INFO - [2025-03-30T14:10:16.419+0000] {dag.py:4180} INFO - Setting next_dagrun for example_subdag_operator.section-1 to None, run_after=None
[2025-03-30T14:10:16.421+0000] {logging_mixin.py:190} INFO - [2025-03-30T14:10:16.421+0000] {dag.py:4180} INFO - Setting next_dagrun for example_subdag_operator.section-2 to None, run_after=None
[2025-03-30T14:10:16.436+0000] {logging_mixin.py:190} INFO - [2025-03-30T14:10:16.436+0000] {dag.py:3239} INFO - Sync 2 DAGs
[2025-03-30T14:10:16.448+0000] {logging_mixin.py:190} INFO - [2025-03-30T14:10:16.448+0000] {dag.py:4180} INFO - Setting next_dagrun for example_subdag_operator.section-1 to None, run_after=None
[2025-03-30T14:10:16.449+0000] {logging_mixin.py:190} INFO - [2025-03-30T14:10:16.449+0000] {dag.py:4180} INFO - Setting next_dagrun for example_subdag_operator.section-2 to None, run_after=None
[2025-03-30T14:10:16.479+0000] {processor.py:208} INFO - Processing /home/airflow/.local/lib/python3.12/site-packages/airflow/example_dags/example_subdag_operator.py took 0.188 seconds
[2025-03-30T14:10:46.989+0000] {processor.py:186} INFO - Started process (PID=2098) to work on /home/airflow/.local/lib/python3.12/site-packages/airflow/example_dags/example_subdag_operator.py
[2025-03-30T14:10:46.991+0000] {processor.py:914} INFO - Processing file /home/airflow/.local/lib/python3.12/site-packages/airflow/example_dags/example_subdag_operator.py for tasks to queue
[2025-03-30T14:10:46.994+0000] {logging_mixin.py:190} INFO - [2025-03-30T14:10:46.993+0000] {dagbag.py:588} INFO - Filling up the DagBag from /home/airflow/.local/lib/python3.12/site-packages/airflow/example_dags/example_subdag_operator.py
[2025-03-30T14:10:47.046+0000] {processor.py:925} INFO - DAG(s) 'example_subdag_operator.section-1', 'example_subdag_operator.section-2', 'example_subdag_operator' retrieved from /home/airflow/.local/lib/python3.12/site-packages/airflow/example_dags/example_subdag_operator.py
[2025-03-30T14:10:47.069+0000] {logging_mixin.py:190} INFO - [2025-03-30T14:10:47.069+0000] {dag.py:3239} INFO - Sync 3 DAGs
[2025-03-30T14:10:47.112+0000] {logging_mixin.py:190} INFO - [2025-03-30T14:10:47.111+0000] {dag.py:4180} INFO - Setting next_dagrun for example_subdag_operator to 2022-01-01 00:00:00+00:00, run_after=2022-01-01 00:00:00+00:00
[2025-03-30T14:10:47.127+0000] {logging_mixin.py:190} INFO - [2025-03-30T14:10:47.127+0000] {dag.py:4180} INFO - Setting next_dagrun for example_subdag_operator.section-1 to None, run_after=None
[2025-03-30T14:10:47.132+0000] {logging_mixin.py:190} INFO - [2025-03-30T14:10:47.131+0000] {dag.py:4180} INFO - Setting next_dagrun for example_subdag_operator.section-2 to None, run_after=None
[2025-03-30T14:10:47.151+0000] {logging_mixin.py:190} INFO - [2025-03-30T14:10:47.150+0000] {dag.py:3239} INFO - Sync 2 DAGs
[2025-03-30T14:10:47.161+0000] {logging_mixin.py:190} INFO - [2025-03-30T14:10:47.161+0000] {dag.py:4180} INFO - Setting next_dagrun for example_subdag_operator.section-1 to None, run_after=None
[2025-03-30T14:10:47.162+0000] {logging_mixin.py:190} INFO - [2025-03-30T14:10:47.162+0000] {dag.py:4180} INFO - Setting next_dagrun for example_subdag_operator.section-2 to None, run_after=None
[2025-03-30T14:10:47.186+0000] {processor.py:208} INFO - Processing /home/airflow/.local/lib/python3.12/site-packages/airflow/example_dags/example_subdag_operator.py took 0.211 seconds
[2025-03-30T14:11:17.981+0000] {processor.py:186} INFO - Started process (PID=2173) to work on /home/airflow/.local/lib/python3.12/site-packages/airflow/example_dags/example_subdag_operator.py
[2025-03-30T14:11:17.984+0000] {processor.py:914} INFO - Processing file /home/airflow/.local/lib/python3.12/site-packages/airflow/example_dags/example_subdag_operator.py for tasks to queue
[2025-03-30T14:11:17.986+0000] {logging_mixin.py:190} INFO - [2025-03-30T14:11:17.985+0000] {dagbag.py:588} INFO - Filling up the DagBag from /home/airflow/.local/lib/python3.12/site-packages/airflow/example_dags/example_subdag_operator.py
[2025-03-30T14:11:18.059+0000] {processor.py:925} INFO - DAG(s) 'example_subdag_operator.section-1', 'example_subdag_operator.section-2', 'example_subdag_operator' retrieved from /home/airflow/.local/lib/python3.12/site-packages/airflow/example_dags/example_subdag_operator.py
[2025-03-30T14:11:18.100+0000] {logging_mixin.py:190} INFO - [2025-03-30T14:11:18.100+0000] {dag.py:3239} INFO - Sync 3 DAGs
[2025-03-30T14:11:18.143+0000] {logging_mixin.py:190} INFO - [2025-03-30T14:11:18.143+0000] {dag.py:4180} INFO - Setting next_dagrun for example_subdag_operator to 2022-01-01 00:00:00+00:00, run_after=2022-01-01 00:00:00+00:00
[2025-03-30T14:11:18.150+0000] {logging_mixin.py:190} INFO - [2025-03-30T14:11:18.150+0000] {dag.py:4180} INFO - Setting next_dagrun for example_subdag_operator.section-1 to None, run_after=None
[2025-03-30T14:11:18.155+0000] {logging_mixin.py:190} INFO - [2025-03-30T14:11:18.155+0000] {dag.py:4180} INFO - Setting next_dagrun for example_subdag_operator.section-2 to None, run_after=None
[2025-03-30T14:11:18.166+0000] {logging_mixin.py:190} INFO - [2025-03-30T14:11:18.166+0000] {dag.py:3239} INFO - Sync 2 DAGs
[2025-03-30T14:11:18.174+0000] {logging_mixin.py:190} INFO - [2025-03-30T14:11:18.174+0000] {dag.py:4180} INFO - Setting next_dagrun for example_subdag_operator.section-1 to None, run_after=None
[2025-03-30T14:11:18.175+0000] {logging_mixin.py:190} INFO - [2025-03-30T14:11:18.175+0000] {dag.py:4180} INFO - Setting next_dagrun for example_subdag_operator.section-2 to None, run_after=None
[2025-03-30T14:11:18.205+0000] {processor.py:208} INFO - Processing /home/airflow/.local/lib/python3.12/site-packages/airflow/example_dags/example_subdag_operator.py took 0.239 seconds
[2025-03-30T14:11:48.699+0000] {processor.py:186} INFO - Started process (PID=2247) to work on /home/airflow/.local/lib/python3.12/site-packages/airflow/example_dags/example_subdag_operator.py
[2025-03-30T14:11:48.700+0000] {processor.py:914} INFO - Processing file /home/airflow/.local/lib/python3.12/site-packages/airflow/example_dags/example_subdag_operator.py for tasks to queue
[2025-03-30T14:11:48.702+0000] {logging_mixin.py:190} INFO - [2025-03-30T14:11:48.701+0000] {dagbag.py:588} INFO - Filling up the DagBag from /home/airflow/.local/lib/python3.12/site-packages/airflow/example_dags/example_subdag_operator.py
[2025-03-30T14:11:48.729+0000] {processor.py:925} INFO - DAG(s) 'example_subdag_operator.section-1', 'example_subdag_operator.section-2', 'example_subdag_operator' retrieved from /home/airflow/.local/lib/python3.12/site-packages/airflow/example_dags/example_subdag_operator.py
[2025-03-30T14:11:48.742+0000] {logging_mixin.py:190} INFO - [2025-03-30T14:11:48.742+0000] {dag.py:3239} INFO - Sync 3 DAGs
[2025-03-30T14:11:48.764+0000] {logging_mixin.py:190} INFO - [2025-03-30T14:11:48.764+0000] {dag.py:4180} INFO - Setting next_dagrun for example_subdag_operator to 2022-01-01 00:00:00+00:00, run_after=2022-01-01 00:00:00+00:00
[2025-03-30T14:11:48.768+0000] {logging_mixin.py:190} INFO - [2025-03-30T14:11:48.768+0000] {dag.py:4180} INFO - Setting next_dagrun for example_subdag_operator.section-1 to None, run_after=None
[2025-03-30T14:11:48.770+0000] {logging_mixin.py:190} INFO - [2025-03-30T14:11:48.770+0000] {dag.py:4180} INFO - Setting next_dagrun for example_subdag_operator.section-2 to None, run_after=None
[2025-03-30T14:11:48.776+0000] {logging_mixin.py:190} INFO - [2025-03-30T14:11:48.776+0000] {dag.py:3239} INFO - Sync 2 DAGs
[2025-03-30T14:11:48.781+0000] {logging_mixin.py:190} INFO - [2025-03-30T14:11:48.781+0000] {dag.py:4180} INFO - Setting next_dagrun for example_subdag_operator.section-1 to None, run_after=None
[2025-03-30T14:11:48.782+0000] {logging_mixin.py:190} INFO - [2025-03-30T14:11:48.782+0000] {dag.py:4180} INFO - Setting next_dagrun for example_subdag_operator.section-2 to None, run_after=None
[2025-03-30T14:11:48.793+0000] {processor.py:208} INFO - Processing /home/airflow/.local/lib/python3.12/site-packages/airflow/example_dags/example_subdag_operator.py took 0.102 seconds
[2025-03-30T14:12:19.650+0000] {processor.py:186} INFO - Started process (PID=2322) to work on /home/airflow/.local/lib/python3.12/site-packages/airflow/example_dags/example_subdag_operator.py
[2025-03-30T14:12:19.652+0000] {processor.py:914} INFO - Processing file /home/airflow/.local/lib/python3.12/site-packages/airflow/example_dags/example_subdag_operator.py for tasks to queue
[2025-03-30T14:12:19.655+0000] {logging_mixin.py:190} INFO - [2025-03-30T14:12:19.654+0000] {dagbag.py:588} INFO - Filling up the DagBag from /home/airflow/.local/lib/python3.12/site-packages/airflow/example_dags/example_subdag_operator.py
[2025-03-30T14:12:19.706+0000] {processor.py:925} INFO - DAG(s) 'example_subdag_operator.section-1', 'example_subdag_operator.section-2', 'example_subdag_operator' retrieved from /home/airflow/.local/lib/python3.12/site-packages/airflow/example_dags/example_subdag_operator.py
[2025-03-30T14:12:19.737+0000] {logging_mixin.py:190} INFO - [2025-03-30T14:12:19.737+0000] {dag.py:3239} INFO - Sync 3 DAGs
[2025-03-30T14:12:19.783+0000] {logging_mixin.py:190} INFO - [2025-03-30T14:12:19.782+0000] {dag.py:4180} INFO - Setting next_dagrun for example_subdag_operator to 2022-01-01 00:00:00+00:00, run_after=2022-01-01 00:00:00+00:00
[2025-03-30T14:12:19.788+0000] {logging_mixin.py:190} INFO - [2025-03-30T14:12:19.788+0000] {dag.py:4180} INFO - Setting next_dagrun for example_subdag_operator.section-1 to None, run_after=None
[2025-03-30T14:12:19.791+0000] {logging_mixin.py:190} INFO - [2025-03-30T14:12:19.791+0000] {dag.py:4180} INFO - Setting next_dagrun for example_subdag_operator.section-2 to None, run_after=None
[2025-03-30T14:12:19.804+0000] {logging_mixin.py:190} INFO - [2025-03-30T14:12:19.804+0000] {dag.py:3239} INFO - Sync 2 DAGs
[2025-03-30T14:12:19.820+0000] {logging_mixin.py:190} INFO - [2025-03-30T14:12:19.820+0000] {dag.py:4180} INFO - Setting next_dagrun for example_subdag_operator.section-1 to None, run_after=None
[2025-03-30T14:12:19.823+0000] {logging_mixin.py:190} INFO - [2025-03-30T14:12:19.821+0000] {dag.py:4180} INFO - Setting next_dagrun for example_subdag_operator.section-2 to None, run_after=None
[2025-03-30T14:12:19.843+0000] {processor.py:208} INFO - Processing /home/airflow/.local/lib/python3.12/site-packages/airflow/example_dags/example_subdag_operator.py took 0.211 seconds
[2025-03-30T14:12:50.726+0000] {processor.py:186} INFO - Started process (PID=2397) to work on /home/airflow/.local/lib/python3.12/site-packages/airflow/example_dags/example_subdag_operator.py
[2025-03-30T14:12:50.727+0000] {processor.py:914} INFO - Processing file /home/airflow/.local/lib/python3.12/site-packages/airflow/example_dags/example_subdag_operator.py for tasks to queue
[2025-03-30T14:12:50.728+0000] {logging_mixin.py:190} INFO - [2025-03-30T14:12:50.728+0000] {dagbag.py:588} INFO - Filling up the DagBag from /home/airflow/.local/lib/python3.12/site-packages/airflow/example_dags/example_subdag_operator.py
[2025-03-30T14:12:50.753+0000] {processor.py:925} INFO - DAG(s) 'example_subdag_operator.section-1', 'example_subdag_operator.section-2', 'example_subdag_operator' retrieved from /home/airflow/.local/lib/python3.12/site-packages/airflow/example_dags/example_subdag_operator.py
[2025-03-30T14:12:50.766+0000] {logging_mixin.py:190} INFO - [2025-03-30T14:12:50.766+0000] {dag.py:3239} INFO - Sync 3 DAGs
[2025-03-30T14:12:50.790+0000] {logging_mixin.py:190} INFO - [2025-03-30T14:12:50.789+0000] {dag.py:4180} INFO - Setting next_dagrun for example_subdag_operator to 2022-01-01 00:00:00+00:00, run_after=2022-01-01 00:00:00+00:00
[2025-03-30T14:12:50.793+0000] {logging_mixin.py:190} INFO - [2025-03-30T14:12:50.793+0000] {dag.py:4180} INFO - Setting next_dagrun for example_subdag_operator.section-1 to None, run_after=None
[2025-03-30T14:12:50.794+0000] {logging_mixin.py:190} INFO - [2025-03-30T14:12:50.794+0000] {dag.py:4180} INFO - Setting next_dagrun for example_subdag_operator.section-2 to None, run_after=None
[2025-03-30T14:12:50.801+0000] {logging_mixin.py:190} INFO - [2025-03-30T14:12:50.801+0000] {dag.py:3239} INFO - Sync 2 DAGs
[2025-03-30T14:12:50.806+0000] {logging_mixin.py:190} INFO - [2025-03-30T14:12:50.806+0000] {dag.py:4180} INFO - Setting next_dagrun for example_subdag_operator.section-1 to None, run_after=None
[2025-03-30T14:12:50.807+0000] {logging_mixin.py:190} INFO - [2025-03-30T14:12:50.807+0000] {dag.py:4180} INFO - Setting next_dagrun for example_subdag_operator.section-2 to None, run_after=None
[2025-03-30T14:12:50.816+0000] {processor.py:208} INFO - Processing /home/airflow/.local/lib/python3.12/site-packages/airflow/example_dags/example_subdag_operator.py took 0.098 seconds
[2025-03-30T14:13:21.482+0000] {processor.py:186} INFO - Started process (PID=2472) to work on /home/airflow/.local/lib/python3.12/site-packages/airflow/example_dags/example_subdag_operator.py
[2025-03-30T14:13:21.483+0000] {processor.py:914} INFO - Processing file /home/airflow/.local/lib/python3.12/site-packages/airflow/example_dags/example_subdag_operator.py for tasks to queue
[2025-03-30T14:13:21.484+0000] {logging_mixin.py:190} INFO - [2025-03-30T14:13:21.484+0000] {dagbag.py:588} INFO - Filling up the DagBag from /home/airflow/.local/lib/python3.12/site-packages/airflow/example_dags/example_subdag_operator.py
[2025-03-30T14:13:21.512+0000] {processor.py:925} INFO - DAG(s) 'example_subdag_operator.section-1', 'example_subdag_operator.section-2', 'example_subdag_operator' retrieved from /home/airflow/.local/lib/python3.12/site-packages/airflow/example_dags/example_subdag_operator.py
[2025-03-30T14:13:21.527+0000] {logging_mixin.py:190} INFO - [2025-03-30T14:13:21.526+0000] {dag.py:3239} INFO - Sync 3 DAGs
[2025-03-30T14:13:21.557+0000] {logging_mixin.py:190} INFO - [2025-03-30T14:13:21.556+0000] {dag.py:4180} INFO - Setting next_dagrun for example_subdag_operator to 2022-01-01 00:00:00+00:00, run_after=2022-01-01 00:00:00+00:00
[2025-03-30T14:13:21.562+0000] {logging_mixin.py:190} INFO - [2025-03-30T14:13:21.561+0000] {dag.py:4180} INFO - Setting next_dagrun for example_subdag_operator.section-1 to None, run_after=None
[2025-03-30T14:13:21.564+0000] {logging_mixin.py:190} INFO - [2025-03-30T14:13:21.564+0000] {dag.py:4180} INFO - Setting next_dagrun for example_subdag_operator.section-2 to None, run_after=None
[2025-03-30T14:13:21.575+0000] {logging_mixin.py:190} INFO - [2025-03-30T14:13:21.575+0000] {dag.py:3239} INFO - Sync 2 DAGs
[2025-03-30T14:13:21.584+0000] {logging_mixin.py:190} INFO - [2025-03-30T14:13:21.583+0000] {dag.py:4180} INFO - Setting next_dagrun for example_subdag_operator.section-1 to None, run_after=None
[2025-03-30T14:13:21.585+0000] {logging_mixin.py:190} INFO - [2025-03-30T14:13:21.584+0000] {dag.py:4180} INFO - Setting next_dagrun for example_subdag_operator.section-2 to None, run_after=None
[2025-03-30T14:13:21.598+0000] {processor.py:208} INFO - Processing /home/airflow/.local/lib/python3.12/site-packages/airflow/example_dags/example_subdag_operator.py took 0.127 seconds
[2025-03-30T14:13:52.393+0000] {processor.py:186} INFO - Started process (PID=2535) to work on /home/airflow/.local/lib/python3.12/site-packages/airflow/example_dags/example_subdag_operator.py
[2025-03-30T14:13:52.394+0000] {processor.py:914} INFO - Processing file /home/airflow/.local/lib/python3.12/site-packages/airflow/example_dags/example_subdag_operator.py for tasks to queue
[2025-03-30T14:13:52.396+0000] {logging_mixin.py:190} INFO - [2025-03-30T14:13:52.395+0000] {dagbag.py:588} INFO - Filling up the DagBag from /home/airflow/.local/lib/python3.12/site-packages/airflow/example_dags/example_subdag_operator.py
[2025-03-30T14:13:52.419+0000] {processor.py:925} INFO - DAG(s) 'example_subdag_operator.section-1', 'example_subdag_operator.section-2', 'example_subdag_operator' retrieved from /home/airflow/.local/lib/python3.12/site-packages/airflow/example_dags/example_subdag_operator.py
[2025-03-30T14:13:52.431+0000] {logging_mixin.py:190} INFO - [2025-03-30T14:13:52.431+0000] {dag.py:3239} INFO - Sync 3 DAGs
[2025-03-30T14:13:52.451+0000] {logging_mixin.py:190} INFO - [2025-03-30T14:13:52.451+0000] {dag.py:4180} INFO - Setting next_dagrun for example_subdag_operator to 2022-01-01 00:00:00+00:00, run_after=2022-01-01 00:00:00+00:00
[2025-03-30T14:13:52.455+0000] {logging_mixin.py:190} INFO - [2025-03-30T14:13:52.455+0000] {dag.py:4180} INFO - Setting next_dagrun for example_subdag_operator.section-1 to None, run_after=None
[2025-03-30T14:13:52.456+0000] {logging_mixin.py:190} INFO - [2025-03-30T14:13:52.456+0000] {dag.py:4180} INFO - Setting next_dagrun for example_subdag_operator.section-2 to None, run_after=None
[2025-03-30T14:13:52.461+0000] {logging_mixin.py:190} INFO - [2025-03-30T14:13:52.461+0000] {dag.py:3239} INFO - Sync 2 DAGs
[2025-03-30T14:13:52.466+0000] {logging_mixin.py:190} INFO - [2025-03-30T14:13:52.466+0000] {dag.py:4180} INFO - Setting next_dagrun for example_subdag_operator.section-1 to None, run_after=None
[2025-03-30T14:13:52.466+0000] {logging_mixin.py:190} INFO - [2025-03-30T14:13:52.466+0000] {dag.py:4180} INFO - Setting next_dagrun for example_subdag_operator.section-2 to None, run_after=None
[2025-03-30T14:13:52.476+0000] {processor.py:208} INFO - Processing /home/airflow/.local/lib/python3.12/site-packages/airflow/example_dags/example_subdag_operator.py took 0.097 seconds
[2025-03-30T14:14:23.214+0000] {processor.py:186} INFO - Started process (PID=2610) to work on /home/airflow/.local/lib/python3.12/site-packages/airflow/example_dags/example_subdag_operator.py
[2025-03-30T14:14:23.215+0000] {processor.py:914} INFO - Processing file /home/airflow/.local/lib/python3.12/site-packages/airflow/example_dags/example_subdag_operator.py for tasks to queue
[2025-03-30T14:14:23.217+0000] {logging_mixin.py:190} INFO - [2025-03-30T14:14:23.217+0000] {dagbag.py:588} INFO - Filling up the DagBag from /home/airflow/.local/lib/python3.12/site-packages/airflow/example_dags/example_subdag_operator.py
[2025-03-30T14:14:23.239+0000] {processor.py:925} INFO - DAG(s) 'example_subdag_operator.section-1', 'example_subdag_operator.section-2', 'example_subdag_operator' retrieved from /home/airflow/.local/lib/python3.12/site-packages/airflow/example_dags/example_subdag_operator.py
[2025-03-30T14:14:23.254+0000] {logging_mixin.py:190} INFO - [2025-03-30T14:14:23.253+0000] {dag.py:3239} INFO - Sync 3 DAGs
[2025-03-30T14:14:23.277+0000] {logging_mixin.py:190} INFO - [2025-03-30T14:14:23.277+0000] {dag.py:4180} INFO - Setting next_dagrun for example_subdag_operator to 2022-01-01 00:00:00+00:00, run_after=2022-01-01 00:00:00+00:00
[2025-03-30T14:14:23.281+0000] {logging_mixin.py:190} INFO - [2025-03-30T14:14:23.281+0000] {dag.py:4180} INFO - Setting next_dagrun for example_subdag_operator.section-1 to None, run_after=None
[2025-03-30T14:14:23.283+0000] {logging_mixin.py:190} INFO - [2025-03-30T14:14:23.283+0000] {dag.py:4180} INFO - Setting next_dagrun for example_subdag_operator.section-2 to None, run_after=None
[2025-03-30T14:14:23.290+0000] {logging_mixin.py:190} INFO - [2025-03-30T14:14:23.290+0000] {dag.py:3239} INFO - Sync 2 DAGs
[2025-03-30T14:14:23.297+0000] {logging_mixin.py:190} INFO - [2025-03-30T14:14:23.297+0000] {dag.py:4180} INFO - Setting next_dagrun for example_subdag_operator.section-1 to None, run_after=None
[2025-03-30T14:14:23.298+0000] {logging_mixin.py:190} INFO - [2025-03-30T14:14:23.298+0000] {dag.py:4180} INFO - Setting next_dagrun for example_subdag_operator.section-2 to None, run_after=None
[2025-03-30T14:14:23.309+0000] {processor.py:208} INFO - Processing /home/airflow/.local/lib/python3.12/site-packages/airflow/example_dags/example_subdag_operator.py took 0.103 seconds
[2025-03-30T14:14:53.952+0000] {processor.py:186} INFO - Started process (PID=2685) to work on /home/airflow/.local/lib/python3.12/site-packages/airflow/example_dags/example_subdag_operator.py
[2025-03-30T14:14:53.953+0000] {processor.py:914} INFO - Processing file /home/airflow/.local/lib/python3.12/site-packages/airflow/example_dags/example_subdag_operator.py for tasks to queue
[2025-03-30T14:14:53.954+0000] {logging_mixin.py:190} INFO - [2025-03-30T14:14:53.954+0000] {dagbag.py:588} INFO - Filling up the DagBag from /home/airflow/.local/lib/python3.12/site-packages/airflow/example_dags/example_subdag_operator.py
[2025-03-30T14:14:53.973+0000] {processor.py:925} INFO - DAG(s) 'example_subdag_operator.section-1', 'example_subdag_operator.section-2', 'example_subdag_operator' retrieved from /home/airflow/.local/lib/python3.12/site-packages/airflow/example_dags/example_subdag_operator.py
[2025-03-30T14:14:53.985+0000] {logging_mixin.py:190} INFO - [2025-03-30T14:14:53.984+0000] {dag.py:3239} INFO - Sync 3 DAGs
[2025-03-30T14:14:54.004+0000] {logging_mixin.py:190} INFO - [2025-03-30T14:14:54.004+0000] {dag.py:4180} INFO - Setting next_dagrun for example_subdag_operator to 2022-01-01 00:00:00+00:00, run_after=2022-01-01 00:00:00+00:00
[2025-03-30T14:14:54.007+0000] {logging_mixin.py:190} INFO - [2025-03-30T14:14:54.007+0000] {dag.py:4180} INFO - Setting next_dagrun for example_subdag_operator.section-1 to None, run_after=None
[2025-03-30T14:14:54.008+0000] {logging_mixin.py:190} INFO - [2025-03-30T14:14:54.008+0000] {dag.py:4180} INFO - Setting next_dagrun for example_subdag_operator.section-2 to None, run_after=None
[2025-03-30T14:14:54.013+0000] {logging_mixin.py:190} INFO - [2025-03-30T14:14:54.013+0000] {dag.py:3239} INFO - Sync 2 DAGs
[2025-03-30T14:14:54.018+0000] {logging_mixin.py:190} INFO - [2025-03-30T14:14:54.018+0000] {dag.py:4180} INFO - Setting next_dagrun for example_subdag_operator.section-1 to None, run_after=None
[2025-03-30T14:14:54.019+0000] {logging_mixin.py:190} INFO - [2025-03-30T14:14:54.019+0000] {dag.py:4180} INFO - Setting next_dagrun for example_subdag_operator.section-2 to None, run_after=None
[2025-03-30T14:14:54.029+0000] {processor.py:208} INFO - Processing /home/airflow/.local/lib/python3.12/site-packages/airflow/example_dags/example_subdag_operator.py took 0.084 seconds
[2025-03-30T14:15:24.081+0000] {processor.py:186} INFO - Started process (PID=2760) to work on /home/airflow/.local/lib/python3.12/site-packages/airflow/example_dags/example_subdag_operator.py
[2025-03-30T14:15:24.082+0000] {processor.py:914} INFO - Processing file /home/airflow/.local/lib/python3.12/site-packages/airflow/example_dags/example_subdag_operator.py for tasks to queue
[2025-03-30T14:15:24.083+0000] {logging_mixin.py:190} INFO - [2025-03-30T14:15:24.083+0000] {dagbag.py:588} INFO - Filling up the DagBag from /home/airflow/.local/lib/python3.12/site-packages/airflow/example_dags/example_subdag_operator.py
[2025-03-30T14:15:24.104+0000] {processor.py:925} INFO - DAG(s) 'example_subdag_operator.section-1', 'example_subdag_operator.section-2', 'example_subdag_operator' retrieved from /home/airflow/.local/lib/python3.12/site-packages/airflow/example_dags/example_subdag_operator.py
[2025-03-30T14:15:24.116+0000] {logging_mixin.py:190} INFO - [2025-03-30T14:15:24.116+0000] {dag.py:3239} INFO - Sync 3 DAGs
[2025-03-30T14:15:24.140+0000] {logging_mixin.py:190} INFO - [2025-03-30T14:15:24.139+0000] {dag.py:4180} INFO - Setting next_dagrun for example_subdag_operator to 2022-01-01 00:00:00+00:00, run_after=2022-01-01 00:00:00+00:00
[2025-03-30T14:15:24.143+0000] {logging_mixin.py:190} INFO - [2025-03-30T14:15:24.143+0000] {dag.py:4180} INFO - Setting next_dagrun for example_subdag_operator.section-1 to None, run_after=None
[2025-03-30T14:15:24.145+0000] {logging_mixin.py:190} INFO - [2025-03-30T14:15:24.145+0000] {dag.py:4180} INFO - Setting next_dagrun for example_subdag_operator.section-2 to None, run_after=None
[2025-03-30T14:15:24.151+0000] {logging_mixin.py:190} INFO - [2025-03-30T14:15:24.151+0000] {dag.py:3239} INFO - Sync 2 DAGs
[2025-03-30T14:15:24.157+0000] {logging_mixin.py:190} INFO - [2025-03-30T14:15:24.157+0000] {dag.py:4180} INFO - Setting next_dagrun for example_subdag_operator.section-1 to None, run_after=None
[2025-03-30T14:15:24.158+0000] {logging_mixin.py:190} INFO - [2025-03-30T14:15:24.158+0000] {dag.py:4180} INFO - Setting next_dagrun for example_subdag_operator.section-2 to None, run_after=None
[2025-03-30T14:15:24.169+0000] {processor.py:208} INFO - Processing /home/airflow/.local/lib/python3.12/site-packages/airflow/example_dags/example_subdag_operator.py took 0.095 seconds
[2025-03-30T14:15:54.431+0000] {processor.py:186} INFO - Started process (PID=2835) to work on /home/airflow/.local/lib/python3.12/site-packages/airflow/example_dags/example_subdag_operator.py
[2025-03-30T14:15:54.431+0000] {processor.py:914} INFO - Processing file /home/airflow/.local/lib/python3.12/site-packages/airflow/example_dags/example_subdag_operator.py for tasks to queue
[2025-03-30T14:15:54.432+0000] {logging_mixin.py:190} INFO - [2025-03-30T14:15:54.432+0000] {dagbag.py:588} INFO - Filling up the DagBag from /home/airflow/.local/lib/python3.12/site-packages/airflow/example_dags/example_subdag_operator.py
[2025-03-30T14:15:54.452+0000] {processor.py:925} INFO - DAG(s) 'example_subdag_operator.section-1', 'example_subdag_operator.section-2', 'example_subdag_operator' retrieved from /home/airflow/.local/lib/python3.12/site-packages/airflow/example_dags/example_subdag_operator.py
[2025-03-30T14:15:54.463+0000] {logging_mixin.py:190} INFO - [2025-03-30T14:15:54.463+0000] {dag.py:3239} INFO - Sync 3 DAGs
[2025-03-30T14:15:54.483+0000] {logging_mixin.py:190} INFO - [2025-03-30T14:15:54.483+0000] {dag.py:4180} INFO - Setting next_dagrun for example_subdag_operator to 2022-01-01 00:00:00+00:00, run_after=2022-01-01 00:00:00+00:00
[2025-03-30T14:15:54.487+0000] {logging_mixin.py:190} INFO - [2025-03-30T14:15:54.486+0000] {dag.py:4180} INFO - Setting next_dagrun for example_subdag_operator.section-1 to None, run_after=None
[2025-03-30T14:15:54.488+0000] {logging_mixin.py:190} INFO - [2025-03-30T14:15:54.487+0000] {dag.py:4180} INFO - Setting next_dagrun for example_subdag_operator.section-2 to None, run_after=None
[2025-03-30T14:15:54.492+0000] {logging_mixin.py:190} INFO - [2025-03-30T14:15:54.492+0000] {dag.py:3239} INFO - Sync 2 DAGs
[2025-03-30T14:15:54.498+0000] {logging_mixin.py:190} INFO - [2025-03-30T14:15:54.498+0000] {dag.py:4180} INFO - Setting next_dagrun for example_subdag_operator.section-1 to None, run_after=None
[2025-03-30T14:15:54.498+0000] {logging_mixin.py:190} INFO - [2025-03-30T14:15:54.498+0000] {dag.py:4180} INFO - Setting next_dagrun for example_subdag_operator.section-2 to None, run_after=None
[2025-03-30T14:15:54.509+0000] {processor.py:208} INFO - Processing /home/airflow/.local/lib/python3.12/site-packages/airflow/example_dags/example_subdag_operator.py took 0.086 seconds
[2025-03-30T14:16:25.108+0000] {processor.py:186} INFO - Started process (PID=2910) to work on /home/airflow/.local/lib/python3.12/site-packages/airflow/example_dags/example_subdag_operator.py
[2025-03-30T14:16:25.109+0000] {processor.py:914} INFO - Processing file /home/airflow/.local/lib/python3.12/site-packages/airflow/example_dags/example_subdag_operator.py for tasks to queue
[2025-03-30T14:16:25.110+0000] {logging_mixin.py:190} INFO - [2025-03-30T14:16:25.110+0000] {dagbag.py:588} INFO - Filling up the DagBag from /home/airflow/.local/lib/python3.12/site-packages/airflow/example_dags/example_subdag_operator.py
[2025-03-30T14:16:25.131+0000] {processor.py:925} INFO - DAG(s) 'example_subdag_operator.section-1', 'example_subdag_operator.section-2', 'example_subdag_operator' retrieved from /home/airflow/.local/lib/python3.12/site-packages/airflow/example_dags/example_subdag_operator.py
[2025-03-30T14:16:25.143+0000] {logging_mixin.py:190} INFO - [2025-03-30T14:16:25.142+0000] {dag.py:3239} INFO - Sync 3 DAGs
[2025-03-30T14:16:25.163+0000] {logging_mixin.py:190} INFO - [2025-03-30T14:16:25.163+0000] {dag.py:4180} INFO - Setting next_dagrun for example_subdag_operator to 2022-01-01 00:00:00+00:00, run_after=2022-01-01 00:00:00+00:00
[2025-03-30T14:16:25.167+0000] {logging_mixin.py:190} INFO - [2025-03-30T14:16:25.167+0000] {dag.py:4180} INFO - Setting next_dagrun for example_subdag_operator.section-1 to None, run_after=None
[2025-03-30T14:16:25.168+0000] {logging_mixin.py:190} INFO - [2025-03-30T14:16:25.168+0000] {dag.py:4180} INFO - Setting next_dagrun for example_subdag_operator.section-2 to None, run_after=None
[2025-03-30T14:16:25.175+0000] {logging_mixin.py:190} INFO - [2025-03-30T14:16:25.175+0000] {dag.py:3239} INFO - Sync 2 DAGs
[2025-03-30T14:16:25.181+0000] {logging_mixin.py:190} INFO - [2025-03-30T14:16:25.180+0000] {dag.py:4180} INFO - Setting next_dagrun for example_subdag_operator.section-1 to None, run_after=None
[2025-03-30T14:16:25.181+0000] {logging_mixin.py:190} INFO - [2025-03-30T14:16:25.181+0000] {dag.py:4180} INFO - Setting next_dagrun for example_subdag_operator.section-2 to None, run_after=None
[2025-03-30T14:16:25.193+0000] {processor.py:208} INFO - Processing /home/airflow/.local/lib/python3.12/site-packages/airflow/example_dags/example_subdag_operator.py took 0.093 seconds
[2025-03-30T14:16:55.269+0000] {processor.py:186} INFO - Started process (PID=2985) to work on /home/airflow/.local/lib/python3.12/site-packages/airflow/example_dags/example_subdag_operator.py
[2025-03-30T14:16:55.270+0000] {processor.py:914} INFO - Processing file /home/airflow/.local/lib/python3.12/site-packages/airflow/example_dags/example_subdag_operator.py for tasks to queue
[2025-03-30T14:16:55.271+0000] {logging_mixin.py:190} INFO - [2025-03-30T14:16:55.271+0000] {dagbag.py:588} INFO - Filling up the DagBag from /home/airflow/.local/lib/python3.12/site-packages/airflow/example_dags/example_subdag_operator.py
[2025-03-30T14:16:55.294+0000] {processor.py:925} INFO - DAG(s) 'example_subdag_operator.section-1', 'example_subdag_operator.section-2', 'example_subdag_operator' retrieved from /home/airflow/.local/lib/python3.12/site-packages/airflow/example_dags/example_subdag_operator.py
[2025-03-30T14:16:55.306+0000] {logging_mixin.py:190} INFO - [2025-03-30T14:16:55.306+0000] {dag.py:3239} INFO - Sync 3 DAGs
[2025-03-30T14:16:55.324+0000] {logging_mixin.py:190} INFO - [2025-03-30T14:16:55.324+0000] {dag.py:4180} INFO - Setting next_dagrun for example_subdag_operator to 2022-01-01 00:00:00+00:00, run_after=2022-01-01 00:00:00+00:00
[2025-03-30T14:16:55.328+0000] {logging_mixin.py:190} INFO - [2025-03-30T14:16:55.328+0000] {dag.py:4180} INFO - Setting next_dagrun for example_subdag_operator.section-1 to None, run_after=None
[2025-03-30T14:16:55.330+0000] {logging_mixin.py:190} INFO - [2025-03-30T14:16:55.329+0000] {dag.py:4180} INFO - Setting next_dagrun for example_subdag_operator.section-2 to None, run_after=None
[2025-03-30T14:16:55.335+0000] {logging_mixin.py:190} INFO - [2025-03-30T14:16:55.335+0000] {dag.py:3239} INFO - Sync 2 DAGs
[2025-03-30T14:16:55.340+0000] {logging_mixin.py:190} INFO - [2025-03-30T14:16:55.340+0000] {dag.py:4180} INFO - Setting next_dagrun for example_subdag_operator.section-1 to None, run_after=None
[2025-03-30T14:16:55.340+0000] {logging_mixin.py:190} INFO - [2025-03-30T14:16:55.340+0000] {dag.py:4180} INFO - Setting next_dagrun for example_subdag_operator.section-2 to None, run_after=None
[2025-03-30T14:16:55.349+0000] {processor.py:208} INFO - Processing /home/airflow/.local/lib/python3.12/site-packages/airflow/example_dags/example_subdag_operator.py took 0.087 seconds
[2025-03-30T14:17:25.542+0000] {processor.py:186} INFO - Started process (PID=3060) to work on /home/airflow/.local/lib/python3.12/site-packages/airflow/example_dags/example_subdag_operator.py
[2025-03-30T14:17:25.543+0000] {processor.py:914} INFO - Processing file /home/airflow/.local/lib/python3.12/site-packages/airflow/example_dags/example_subdag_operator.py for tasks to queue
[2025-03-30T14:17:25.544+0000] {logging_mixin.py:190} INFO - [2025-03-30T14:17:25.544+0000] {dagbag.py:588} INFO - Filling up the DagBag from /home/airflow/.local/lib/python3.12/site-packages/airflow/example_dags/example_subdag_operator.py
[2025-03-30T14:17:25.569+0000] {processor.py:925} INFO - DAG(s) 'example_subdag_operator.section-1', 'example_subdag_operator.section-2', 'example_subdag_operator' retrieved from /home/airflow/.local/lib/python3.12/site-packages/airflow/example_dags/example_subdag_operator.py
[2025-03-30T14:17:25.582+0000] {logging_mixin.py:190} INFO - [2025-03-30T14:17:25.581+0000] {dag.py:3239} INFO - Sync 3 DAGs
[2025-03-30T14:17:25.601+0000] {logging_mixin.py:190} INFO - [2025-03-30T14:17:25.601+0000] {dag.py:4180} INFO - Setting next_dagrun for example_subdag_operator to 2022-01-01 00:00:00+00:00, run_after=2022-01-01 00:00:00+00:00
[2025-03-30T14:17:25.604+0000] {logging_mixin.py:190} INFO - [2025-03-30T14:17:25.604+0000] {dag.py:4180} INFO - Setting next_dagrun for example_subdag_operator.section-1 to None, run_after=None
[2025-03-30T14:17:25.605+0000] {logging_mixin.py:190} INFO - [2025-03-30T14:17:25.605+0000] {dag.py:4180} INFO - Setting next_dagrun for example_subdag_operator.section-2 to None, run_after=None
[2025-03-30T14:17:25.611+0000] {logging_mixin.py:190} INFO - [2025-03-30T14:17:25.611+0000] {dag.py:3239} INFO - Sync 2 DAGs
[2025-03-30T14:17:25.616+0000] {logging_mixin.py:190} INFO - [2025-03-30T14:17:25.616+0000] {dag.py:4180} INFO - Setting next_dagrun for example_subdag_operator.section-1 to None, run_after=None
[2025-03-30T14:17:25.616+0000] {logging_mixin.py:190} INFO - [2025-03-30T14:17:25.616+0000] {dag.py:4180} INFO - Setting next_dagrun for example_subdag_operator.section-2 to None, run_after=None
[2025-03-30T14:17:25.625+0000] {processor.py:208} INFO - Processing /home/airflow/.local/lib/python3.12/site-packages/airflow/example_dags/example_subdag_operator.py took 0.091 seconds
[2025-03-30T14:17:56.105+0000] {processor.py:186} INFO - Started process (PID=3135) to work on /home/airflow/.local/lib/python3.12/site-packages/airflow/example_dags/example_subdag_operator.py
[2025-03-30T14:17:56.106+0000] {processor.py:914} INFO - Processing file /home/airflow/.local/lib/python3.12/site-packages/airflow/example_dags/example_subdag_operator.py for tasks to queue
[2025-03-30T14:17:56.107+0000] {logging_mixin.py:190} INFO - [2025-03-30T14:17:56.107+0000] {dagbag.py:588} INFO - Filling up the DagBag from /home/airflow/.local/lib/python3.12/site-packages/airflow/example_dags/example_subdag_operator.py
[2025-03-30T14:17:56.128+0000] {processor.py:925} INFO - DAG(s) 'example_subdag_operator.section-1', 'example_subdag_operator.section-2', 'example_subdag_operator' retrieved from /home/airflow/.local/lib/python3.12/site-packages/airflow/example_dags/example_subdag_operator.py
[2025-03-30T14:17:56.139+0000] {logging_mixin.py:190} INFO - [2025-03-30T14:17:56.139+0000] {dag.py:3239} INFO - Sync 3 DAGs
[2025-03-30T14:17:56.161+0000] {logging_mixin.py:190} INFO - [2025-03-30T14:17:56.160+0000] {dag.py:4180} INFO - Setting next_dagrun for example_subdag_operator to 2022-01-01 00:00:00+00:00, run_after=2022-01-01 00:00:00+00:00
[2025-03-30T14:17:56.164+0000] {logging_mixin.py:190} INFO - [2025-03-30T14:17:56.164+0000] {dag.py:4180} INFO - Setting next_dagrun for example_subdag_operator.section-1 to None, run_after=None
[2025-03-30T14:17:56.165+0000] {logging_mixin.py:190} INFO - [2025-03-30T14:17:56.165+0000] {dag.py:4180} INFO - Setting next_dagrun for example_subdag_operator.section-2 to None, run_after=None
[2025-03-30T14:17:56.171+0000] {logging_mixin.py:190} INFO - [2025-03-30T14:17:56.171+0000] {dag.py:3239} INFO - Sync 2 DAGs
[2025-03-30T14:17:56.177+0000] {logging_mixin.py:190} INFO - [2025-03-30T14:17:56.177+0000] {dag.py:4180} INFO - Setting next_dagrun for example_subdag_operator.section-1 to None, run_after=None
[2025-03-30T14:17:56.180+0000] {logging_mixin.py:190} INFO - [2025-03-30T14:17:56.180+0000] {dag.py:4180} INFO - Setting next_dagrun for example_subdag_operator.section-2 to None, run_after=None
[2025-03-30T14:17:56.189+0000] {processor.py:208} INFO - Processing /home/airflow/.local/lib/python3.12/site-packages/airflow/example_dags/example_subdag_operator.py took 0.092 seconds
[2025-03-30T14:18:26.434+0000] {processor.py:186} INFO - Started process (PID=3210) to work on /home/airflow/.local/lib/python3.12/site-packages/airflow/example_dags/example_subdag_operator.py
[2025-03-30T14:18:26.435+0000] {processor.py:914} INFO - Processing file /home/airflow/.local/lib/python3.12/site-packages/airflow/example_dags/example_subdag_operator.py for tasks to queue
[2025-03-30T14:18:26.436+0000] {logging_mixin.py:190} INFO - [2025-03-30T14:18:26.436+0000] {dagbag.py:588} INFO - Filling up the DagBag from /home/airflow/.local/lib/python3.12/site-packages/airflow/example_dags/example_subdag_operator.py
[2025-03-30T14:18:26.458+0000] {processor.py:925} INFO - DAG(s) 'example_subdag_operator.section-1', 'example_subdag_operator.section-2', 'example_subdag_operator' retrieved from /home/airflow/.local/lib/python3.12/site-packages/airflow/example_dags/example_subdag_operator.py
[2025-03-30T14:18:26.469+0000] {logging_mixin.py:190} INFO - [2025-03-30T14:18:26.469+0000] {dag.py:3239} INFO - Sync 3 DAGs
[2025-03-30T14:18:26.488+0000] {logging_mixin.py:190} INFO - [2025-03-30T14:18:26.488+0000] {dag.py:4180} INFO - Setting next_dagrun for example_subdag_operator to 2022-01-01 00:00:00+00:00, run_after=2022-01-01 00:00:00+00:00
[2025-03-30T14:18:26.492+0000] {logging_mixin.py:190} INFO - [2025-03-30T14:18:26.491+0000] {dag.py:4180} INFO - Setting next_dagrun for example_subdag_operator.section-1 to None, run_after=None
[2025-03-30T14:18:26.492+0000] {logging_mixin.py:190} INFO - [2025-03-30T14:18:26.492+0000] {dag.py:4180} INFO - Setting next_dagrun for example_subdag_operator.section-2 to None, run_after=None
[2025-03-30T14:18:26.498+0000] {logging_mixin.py:190} INFO - [2025-03-30T14:18:26.497+0000] {dag.py:3239} INFO - Sync 2 DAGs
[2025-03-30T14:18:26.502+0000] {logging_mixin.py:190} INFO - [2025-03-30T14:18:26.502+0000] {dag.py:4180} INFO - Setting next_dagrun for example_subdag_operator.section-1 to None, run_after=None
[2025-03-30T14:18:26.502+0000] {logging_mixin.py:190} INFO - [2025-03-30T14:18:26.502+0000] {dag.py:4180} INFO - Setting next_dagrun for example_subdag_operator.section-2 to None, run_after=None
[2025-03-30T14:18:26.513+0000] {processor.py:208} INFO - Processing /home/airflow/.local/lib/python3.12/site-packages/airflow/example_dags/example_subdag_operator.py took 0.087 seconds
