[2025-03-30T13:57:16.340+0000] {processor.py:186} INFO - Started process (PID=86) to work on /home/airflow/.local/lib/python3.12/site-packages/airflow/example_dags/example_setup_teardown.py
[2025-03-30T13:57:16.341+0000] {processor.py:914} INFO - Processing file /home/airflow/.local/lib/python3.12/site-packages/airflow/example_dags/example_setup_teardown.py for tasks to queue
[2025-03-30T13:57:16.345+0000] {logging_mixin.py:190} INFO - [2025-03-30T13:57:16.344+0000] {dagbag.py:588} INFO - Filling up the DagBag from /home/airflow/.local/lib/python3.12/site-packages/airflow/example_dags/example_setup_teardown.py
[2025-03-30T13:57:16.358+0000] {processor.py:925} INFO - DAG(s) 'example_setup_teardown' retrieved from /home/airflow/.local/lib/python3.12/site-packages/airflow/example_dags/example_setup_teardown.py
[2025-03-30T13:57:16.391+0000] {logging_mixin.py:190} INFO - [2025-03-30T13:57:16.390+0000] {dag.py:3239} INFO - Sync 1 DAGs
[2025-03-30T13:57:16.416+0000] {logging_mixin.py:190} INFO - [2025-03-30T13:57:16.415+0000] {dag.py:4180} INFO - Setting next_dagrun for example_setup_teardown to None, run_after=None
[2025-03-30T13:57:16.448+0000] {processor.py:208} INFO - Processing /home/airflow/.local/lib/python3.12/site-packages/airflow/example_dags/example_setup_teardown.py took 0.119 seconds
[2025-03-30T13:57:47.284+0000] {processor.py:186} INFO - Started process (PID=161) to work on /home/airflow/.local/lib/python3.12/site-packages/airflow/example_dags/example_setup_teardown.py
[2025-03-30T13:57:47.286+0000] {processor.py:914} INFO - Processing file /home/airflow/.local/lib/python3.12/site-packages/airflow/example_dags/example_setup_teardown.py for tasks to queue
[2025-03-30T13:57:47.290+0000] {logging_mixin.py:190} INFO - [2025-03-30T13:57:47.289+0000] {dagbag.py:588} INFO - Filling up the DagBag from /home/airflow/.local/lib/python3.12/site-packages/airflow/example_dags/example_setup_teardown.py
[2025-03-30T13:57:47.302+0000] {processor.py:925} INFO - DAG(s) 'example_setup_teardown' retrieved from /home/airflow/.local/lib/python3.12/site-packages/airflow/example_dags/example_setup_teardown.py
[2025-03-30T13:57:47.330+0000] {logging_mixin.py:190} INFO - [2025-03-30T13:57:47.330+0000] {dag.py:3239} INFO - Sync 1 DAGs
[2025-03-30T13:57:47.349+0000] {logging_mixin.py:190} INFO - [2025-03-30T13:57:47.349+0000] {dag.py:4180} INFO - Setting next_dagrun for example_setup_teardown to None, run_after=None
[2025-03-30T13:57:47.373+0000] {processor.py:208} INFO - Processing /home/airflow/.local/lib/python3.12/site-packages/airflow/example_dags/example_setup_teardown.py took 0.094 seconds
[2025-03-30T13:58:18.032+0000] {processor.py:186} INFO - Started process (PID=236) to work on /home/airflow/.local/lib/python3.12/site-packages/airflow/example_dags/example_setup_teardown.py
[2025-03-30T13:58:18.033+0000] {processor.py:914} INFO - Processing file /home/airflow/.local/lib/python3.12/site-packages/airflow/example_dags/example_setup_teardown.py for tasks to queue
[2025-03-30T13:58:18.036+0000] {logging_mixin.py:190} INFO - [2025-03-30T13:58:18.035+0000] {dagbag.py:588} INFO - Filling up the DagBag from /home/airflow/.local/lib/python3.12/site-packages/airflow/example_dags/example_setup_teardown.py
[2025-03-30T13:58:18.045+0000] {processor.py:925} INFO - DAG(s) 'example_setup_teardown' retrieved from /home/airflow/.local/lib/python3.12/site-packages/airflow/example_dags/example_setup_teardown.py
[2025-03-30T13:58:18.067+0000] {logging_mixin.py:190} INFO - [2025-03-30T13:58:18.067+0000] {dag.py:3239} INFO - Sync 1 DAGs
[2025-03-30T13:58:18.083+0000] {logging_mixin.py:190} INFO - [2025-03-30T13:58:18.083+0000] {dag.py:4180} INFO - Setting next_dagrun for example_setup_teardown to None, run_after=None
[2025-03-30T13:58:18.102+0000] {processor.py:208} INFO - Processing /home/airflow/.local/lib/python3.12/site-packages/airflow/example_dags/example_setup_teardown.py took 0.075 seconds
[2025-03-30T13:58:48.765+0000] {processor.py:186} INFO - Started process (PID=311) to work on /home/airflow/.local/lib/python3.12/site-packages/airflow/example_dags/example_setup_teardown.py
[2025-03-30T13:58:48.767+0000] {processor.py:914} INFO - Processing file /home/airflow/.local/lib/python3.12/site-packages/airflow/example_dags/example_setup_teardown.py for tasks to queue
[2025-03-30T13:58:48.770+0000] {logging_mixin.py:190} INFO - [2025-03-30T13:58:48.769+0000] {dagbag.py:588} INFO - Filling up the DagBag from /home/airflow/.local/lib/python3.12/site-packages/airflow/example_dags/example_setup_teardown.py
[2025-03-30T13:58:48.781+0000] {processor.py:925} INFO - DAG(s) 'example_setup_teardown' retrieved from /home/airflow/.local/lib/python3.12/site-packages/airflow/example_dags/example_setup_teardown.py
[2025-03-30T13:58:48.805+0000] {logging_mixin.py:190} INFO - [2025-03-30T13:58:48.804+0000] {dag.py:3239} INFO - Sync 1 DAGs
[2025-03-30T13:58:48.817+0000] {logging_mixin.py:190} INFO - [2025-03-30T13:58:48.817+0000] {dag.py:4180} INFO - Setting next_dagrun for example_setup_teardown to None, run_after=None
[2025-03-30T13:58:48.841+0000] {processor.py:208} INFO - Processing /home/airflow/.local/lib/python3.12/site-packages/airflow/example_dags/example_setup_teardown.py took 0.083 seconds
[2025-03-30T13:59:19.148+0000] {processor.py:186} INFO - Started process (PID=374) to work on /home/airflow/.local/lib/python3.12/site-packages/airflow/example_dags/example_setup_teardown.py
[2025-03-30T13:59:19.149+0000] {processor.py:914} INFO - Processing file /home/airflow/.local/lib/python3.12/site-packages/airflow/example_dags/example_setup_teardown.py for tasks to queue
[2025-03-30T13:59:19.151+0000] {logging_mixin.py:190} INFO - [2025-03-30T13:59:19.151+0000] {dagbag.py:588} INFO - Filling up the DagBag from /home/airflow/.local/lib/python3.12/site-packages/airflow/example_dags/example_setup_teardown.py
[2025-03-30T13:59:19.159+0000] {processor.py:925} INFO - DAG(s) 'example_setup_teardown' retrieved from /home/airflow/.local/lib/python3.12/site-packages/airflow/example_dags/example_setup_teardown.py
[2025-03-30T13:59:19.176+0000] {logging_mixin.py:190} INFO - [2025-03-30T13:59:19.176+0000] {dag.py:3239} INFO - Sync 1 DAGs
[2025-03-30T13:59:19.189+0000] {logging_mixin.py:190} INFO - [2025-03-30T13:59:19.189+0000] {dag.py:4180} INFO - Setting next_dagrun for example_setup_teardown to None, run_after=None
[2025-03-30T13:59:19.206+0000] {processor.py:208} INFO - Processing /home/airflow/.local/lib/python3.12/site-packages/airflow/example_dags/example_setup_teardown.py took 0.063 seconds
[2025-03-30T13:59:49.603+0000] {processor.py:186} INFO - Started process (PID=449) to work on /home/airflow/.local/lib/python3.12/site-packages/airflow/example_dags/example_setup_teardown.py
[2025-03-30T13:59:49.606+0000] {processor.py:914} INFO - Processing file /home/airflow/.local/lib/python3.12/site-packages/airflow/example_dags/example_setup_teardown.py for tasks to queue
[2025-03-30T13:59:49.609+0000] {logging_mixin.py:190} INFO - [2025-03-30T13:59:49.608+0000] {dagbag.py:588} INFO - Filling up the DagBag from /home/airflow/.local/lib/python3.12/site-packages/airflow/example_dags/example_setup_teardown.py
[2025-03-30T13:59:49.618+0000] {processor.py:925} INFO - DAG(s) 'example_setup_teardown' retrieved from /home/airflow/.local/lib/python3.12/site-packages/airflow/example_dags/example_setup_teardown.py
[2025-03-30T13:59:49.640+0000] {logging_mixin.py:190} INFO - [2025-03-30T13:59:49.640+0000] {dag.py:3239} INFO - Sync 1 DAGs
[2025-03-30T13:59:49.658+0000] {logging_mixin.py:190} INFO - [2025-03-30T13:59:49.658+0000] {dag.py:4180} INFO - Setting next_dagrun for example_setup_teardown to None, run_after=None
[2025-03-30T13:59:49.678+0000] {processor.py:208} INFO - Processing /home/airflow/.local/lib/python3.12/site-packages/airflow/example_dags/example_setup_teardown.py took 0.079 seconds
[2025-03-30T14:00:19.843+0000] {processor.py:186} INFO - Started process (PID=536) to work on /home/airflow/.local/lib/python3.12/site-packages/airflow/example_dags/example_setup_teardown.py
[2025-03-30T14:00:19.845+0000] {processor.py:914} INFO - Processing file /home/airflow/.local/lib/python3.12/site-packages/airflow/example_dags/example_setup_teardown.py for tasks to queue
[2025-03-30T14:00:19.849+0000] {logging_mixin.py:190} INFO - [2025-03-30T14:00:19.848+0000] {dagbag.py:588} INFO - Filling up the DagBag from /home/airflow/.local/lib/python3.12/site-packages/airflow/example_dags/example_setup_teardown.py
[2025-03-30T14:00:19.861+0000] {processor.py:925} INFO - DAG(s) 'example_setup_teardown' retrieved from /home/airflow/.local/lib/python3.12/site-packages/airflow/example_dags/example_setup_teardown.py
[2025-03-30T14:00:19.894+0000] {logging_mixin.py:190} INFO - [2025-03-30T14:00:19.894+0000] {dag.py:3239} INFO - Sync 1 DAGs
[2025-03-30T14:00:19.916+0000] {logging_mixin.py:190} INFO - [2025-03-30T14:00:19.916+0000] {dag.py:4180} INFO - Setting next_dagrun for example_setup_teardown to None, run_after=None
[2025-03-30T14:00:19.943+0000] {processor.py:208} INFO - Processing /home/airflow/.local/lib/python3.12/site-packages/airflow/example_dags/example_setup_teardown.py took 0.106 seconds
[2025-03-30T14:00:50.428+0000] {processor.py:186} INFO - Started process (PID=611) to work on /home/airflow/.local/lib/python3.12/site-packages/airflow/example_dags/example_setup_teardown.py
[2025-03-30T14:00:50.429+0000] {processor.py:914} INFO - Processing file /home/airflow/.local/lib/python3.12/site-packages/airflow/example_dags/example_setup_teardown.py for tasks to queue
[2025-03-30T14:00:50.432+0000] {logging_mixin.py:190} INFO - [2025-03-30T14:00:50.431+0000] {dagbag.py:588} INFO - Filling up the DagBag from /home/airflow/.local/lib/python3.12/site-packages/airflow/example_dags/example_setup_teardown.py
[2025-03-30T14:00:50.439+0000] {processor.py:925} INFO - DAG(s) 'example_setup_teardown' retrieved from /home/airflow/.local/lib/python3.12/site-packages/airflow/example_dags/example_setup_teardown.py
[2025-03-30T14:00:50.457+0000] {logging_mixin.py:190} INFO - [2025-03-30T14:00:50.457+0000] {dag.py:3239} INFO - Sync 1 DAGs
[2025-03-30T14:00:50.469+0000] {logging_mixin.py:190} INFO - [2025-03-30T14:00:50.469+0000] {dag.py:4180} INFO - Setting next_dagrun for example_setup_teardown to None, run_after=None
[2025-03-30T14:00:50.483+0000] {processor.py:208} INFO - Processing /home/airflow/.local/lib/python3.12/site-packages/airflow/example_dags/example_setup_teardown.py took 0.059 seconds
[2025-03-30T14:01:21.340+0000] {processor.py:186} INFO - Started process (PID=686) to work on /home/airflow/.local/lib/python3.12/site-packages/airflow/example_dags/example_setup_teardown.py
[2025-03-30T14:01:21.341+0000] {processor.py:914} INFO - Processing file /home/airflow/.local/lib/python3.12/site-packages/airflow/example_dags/example_setup_teardown.py for tasks to queue
[2025-03-30T14:01:21.343+0000] {logging_mixin.py:190} INFO - [2025-03-30T14:01:21.343+0000] {dagbag.py:588} INFO - Filling up the DagBag from /home/airflow/.local/lib/python3.12/site-packages/airflow/example_dags/example_setup_teardown.py
[2025-03-30T14:01:21.350+0000] {processor.py:925} INFO - DAG(s) 'example_setup_teardown' retrieved from /home/airflow/.local/lib/python3.12/site-packages/airflow/example_dags/example_setup_teardown.py
[2025-03-30T14:01:21.369+0000] {logging_mixin.py:190} INFO - [2025-03-30T14:01:21.368+0000] {dag.py:3239} INFO - Sync 1 DAGs
[2025-03-30T14:01:21.383+0000] {logging_mixin.py:190} INFO - [2025-03-30T14:01:21.382+0000] {dag.py:4180} INFO - Setting next_dagrun for example_setup_teardown to None, run_after=None
[2025-03-30T14:01:21.400+0000] {processor.py:208} INFO - Processing /home/airflow/.local/lib/python3.12/site-packages/airflow/example_dags/example_setup_teardown.py took 0.065 seconds
[2025-03-30T14:01:51.642+0000] {processor.py:186} INFO - Started process (PID=773) to work on /home/airflow/.local/lib/python3.12/site-packages/airflow/example_dags/example_setup_teardown.py
[2025-03-30T14:01:51.642+0000] {processor.py:914} INFO - Processing file /home/airflow/.local/lib/python3.12/site-packages/airflow/example_dags/example_setup_teardown.py for tasks to queue
[2025-03-30T14:01:51.645+0000] {logging_mixin.py:190} INFO - [2025-03-30T14:01:51.645+0000] {dagbag.py:588} INFO - Filling up the DagBag from /home/airflow/.local/lib/python3.12/site-packages/airflow/example_dags/example_setup_teardown.py
[2025-03-30T14:01:51.655+0000] {processor.py:925} INFO - DAG(s) 'example_setup_teardown' retrieved from /home/airflow/.local/lib/python3.12/site-packages/airflow/example_dags/example_setup_teardown.py
[2025-03-30T14:01:51.679+0000] {logging_mixin.py:190} INFO - [2025-03-30T14:01:51.679+0000] {dag.py:3239} INFO - Sync 1 DAGs
[2025-03-30T14:01:51.697+0000] {logging_mixin.py:190} INFO - [2025-03-30T14:01:51.696+0000] {dag.py:4180} INFO - Setting next_dagrun for example_setup_teardown to None, run_after=None
[2025-03-30T14:01:51.719+0000] {processor.py:208} INFO - Processing /home/airflow/.local/lib/python3.12/site-packages/airflow/example_dags/example_setup_teardown.py took 0.082 seconds
[2025-03-30T14:02:22.942+0000] {processor.py:186} INFO - Started process (PID=848) to work on /home/airflow/.local/lib/python3.12/site-packages/airflow/example_dags/example_setup_teardown.py
[2025-03-30T14:02:22.943+0000] {processor.py:914} INFO - Processing file /home/airflow/.local/lib/python3.12/site-packages/airflow/example_dags/example_setup_teardown.py for tasks to queue
[2025-03-30T14:02:22.946+0000] {logging_mixin.py:190} INFO - [2025-03-30T14:02:22.946+0000] {dagbag.py:588} INFO - Filling up the DagBag from /home/airflow/.local/lib/python3.12/site-packages/airflow/example_dags/example_setup_teardown.py
[2025-03-30T14:02:22.955+0000] {processor.py:925} INFO - DAG(s) 'example_setup_teardown' retrieved from /home/airflow/.local/lib/python3.12/site-packages/airflow/example_dags/example_setup_teardown.py
[2025-03-30T14:02:22.980+0000] {logging_mixin.py:190} INFO - [2025-03-30T14:02:22.980+0000] {dag.py:3239} INFO - Sync 1 DAGs
[2025-03-30T14:02:22.996+0000] {logging_mixin.py:190} INFO - [2025-03-30T14:02:22.996+0000] {dag.py:4180} INFO - Setting next_dagrun for example_setup_teardown to None, run_after=None
[2025-03-30T14:02:23.017+0000] {processor.py:208} INFO - Processing /home/airflow/.local/lib/python3.12/site-packages/airflow/example_dags/example_setup_teardown.py took 0.082 seconds
[2025-03-30T14:02:53.367+0000] {processor.py:186} INFO - Started process (PID=923) to work on /home/airflow/.local/lib/python3.12/site-packages/airflow/example_dags/example_setup_teardown.py
[2025-03-30T14:02:53.368+0000] {processor.py:914} INFO - Processing file /home/airflow/.local/lib/python3.12/site-packages/airflow/example_dags/example_setup_teardown.py for tasks to queue
[2025-03-30T14:02:53.370+0000] {logging_mixin.py:190} INFO - [2025-03-30T14:02:53.369+0000] {dagbag.py:588} INFO - Filling up the DagBag from /home/airflow/.local/lib/python3.12/site-packages/airflow/example_dags/example_setup_teardown.py
[2025-03-30T14:02:53.377+0000] {processor.py:925} INFO - DAG(s) 'example_setup_teardown' retrieved from /home/airflow/.local/lib/python3.12/site-packages/airflow/example_dags/example_setup_teardown.py
[2025-03-30T14:02:53.393+0000] {logging_mixin.py:190} INFO - [2025-03-30T14:02:53.393+0000] {dag.py:3239} INFO - Sync 1 DAGs
[2025-03-30T14:02:53.405+0000] {logging_mixin.py:190} INFO - [2025-03-30T14:02:53.405+0000] {dag.py:4180} INFO - Setting next_dagrun for example_setup_teardown to None, run_after=None
[2025-03-30T14:02:53.418+0000] {processor.py:208} INFO - Processing /home/airflow/.local/lib/python3.12/site-packages/airflow/example_dags/example_setup_teardown.py took 0.056 seconds
[2025-03-30T14:03:23.599+0000] {processor.py:186} INFO - Started process (PID=986) to work on /home/airflow/.local/lib/python3.12/site-packages/airflow/example_dags/example_setup_teardown.py
[2025-03-30T14:03:23.600+0000] {processor.py:914} INFO - Processing file /home/airflow/.local/lib/python3.12/site-packages/airflow/example_dags/example_setup_teardown.py for tasks to queue
[2025-03-30T14:03:23.606+0000] {logging_mixin.py:190} INFO - [2025-03-30T14:03:23.605+0000] {dagbag.py:588} INFO - Filling up the DagBag from /home/airflow/.local/lib/python3.12/site-packages/airflow/example_dags/example_setup_teardown.py
[2025-03-30T14:03:23.616+0000] {processor.py:925} INFO - DAG(s) 'example_setup_teardown' retrieved from /home/airflow/.local/lib/python3.12/site-packages/airflow/example_dags/example_setup_teardown.py
[2025-03-30T14:03:23.637+0000] {logging_mixin.py:190} INFO - [2025-03-30T14:03:23.637+0000] {dag.py:3239} INFO - Sync 1 DAGs
[2025-03-30T14:03:23.653+0000] {logging_mixin.py:190} INFO - [2025-03-30T14:03:23.653+0000] {dag.py:4180} INFO - Setting next_dagrun for example_setup_teardown to None, run_after=None
[2025-03-30T14:03:23.674+0000] {processor.py:208} INFO - Processing /home/airflow/.local/lib/python3.12/site-packages/airflow/example_dags/example_setup_teardown.py took 0.080 seconds
[2025-03-30T14:03:54.076+0000] {processor.py:186} INFO - Started process (PID=1061) to work on /home/airflow/.local/lib/python3.12/site-packages/airflow/example_dags/example_setup_teardown.py
[2025-03-30T14:03:54.076+0000] {processor.py:914} INFO - Processing file /home/airflow/.local/lib/python3.12/site-packages/airflow/example_dags/example_setup_teardown.py for tasks to queue
[2025-03-30T14:03:54.078+0000] {logging_mixin.py:190} INFO - [2025-03-30T14:03:54.078+0000] {dagbag.py:588} INFO - Filling up the DagBag from /home/airflow/.local/lib/python3.12/site-packages/airflow/example_dags/example_setup_teardown.py
[2025-03-30T14:03:54.085+0000] {processor.py:925} INFO - DAG(s) 'example_setup_teardown' retrieved from /home/airflow/.local/lib/python3.12/site-packages/airflow/example_dags/example_setup_teardown.py
[2025-03-30T14:03:54.101+0000] {logging_mixin.py:190} INFO - [2025-03-30T14:03:54.101+0000] {dag.py:3239} INFO - Sync 1 DAGs
[2025-03-30T14:03:54.112+0000] {logging_mixin.py:190} INFO - [2025-03-30T14:03:54.112+0000] {dag.py:4180} INFO - Setting next_dagrun for example_setup_teardown to None, run_after=None
[2025-03-30T14:03:54.125+0000] {processor.py:208} INFO - Processing /home/airflow/.local/lib/python3.12/site-packages/airflow/example_dags/example_setup_teardown.py took 0.054 seconds
[2025-03-30T14:04:24.689+0000] {processor.py:186} INFO - Started process (PID=1136) to work on /home/airflow/.local/lib/python3.12/site-packages/airflow/example_dags/example_setup_teardown.py
[2025-03-30T14:04:24.689+0000] {processor.py:914} INFO - Processing file /home/airflow/.local/lib/python3.12/site-packages/airflow/example_dags/example_setup_teardown.py for tasks to queue
[2025-03-30T14:04:24.692+0000] {logging_mixin.py:190} INFO - [2025-03-30T14:04:24.691+0000] {dagbag.py:588} INFO - Filling up the DagBag from /home/airflow/.local/lib/python3.12/site-packages/airflow/example_dags/example_setup_teardown.py
[2025-03-30T14:04:24.699+0000] {processor.py:925} INFO - DAG(s) 'example_setup_teardown' retrieved from /home/airflow/.local/lib/python3.12/site-packages/airflow/example_dags/example_setup_teardown.py
[2025-03-30T14:04:24.717+0000] {logging_mixin.py:190} INFO - [2025-03-30T14:04:24.717+0000] {dag.py:3239} INFO - Sync 1 DAGs
[2025-03-30T14:04:24.729+0000] {logging_mixin.py:190} INFO - [2025-03-30T14:04:24.728+0000] {dag.py:4180} INFO - Setting next_dagrun for example_setup_teardown to None, run_after=None
[2025-03-30T14:04:24.743+0000] {processor.py:208} INFO - Processing /home/airflow/.local/lib/python3.12/site-packages/airflow/example_dags/example_setup_teardown.py took 0.060 seconds
[2025-03-30T14:04:55.712+0000] {processor.py:186} INFO - Started process (PID=1223) to work on /home/airflow/.local/lib/python3.12/site-packages/airflow/example_dags/example_setup_teardown.py
[2025-03-30T14:04:55.713+0000] {processor.py:914} INFO - Processing file /home/airflow/.local/lib/python3.12/site-packages/airflow/example_dags/example_setup_teardown.py for tasks to queue
[2025-03-30T14:04:55.715+0000] {logging_mixin.py:190} INFO - [2025-03-30T14:04:55.714+0000] {dagbag.py:588} INFO - Filling up the DagBag from /home/airflow/.local/lib/python3.12/site-packages/airflow/example_dags/example_setup_teardown.py
[2025-03-30T14:04:55.722+0000] {processor.py:925} INFO - DAG(s) 'example_setup_teardown' retrieved from /home/airflow/.local/lib/python3.12/site-packages/airflow/example_dags/example_setup_teardown.py
[2025-03-30T14:04:55.743+0000] {logging_mixin.py:190} INFO - [2025-03-30T14:04:55.742+0000] {dag.py:3239} INFO - Sync 1 DAGs
[2025-03-30T14:04:55.756+0000] {logging_mixin.py:190} INFO - [2025-03-30T14:04:55.756+0000] {dag.py:4180} INFO - Setting next_dagrun for example_setup_teardown to None, run_after=None
[2025-03-30T14:04:55.774+0000] {processor.py:208} INFO - Processing /home/airflow/.local/lib/python3.12/site-packages/airflow/example_dags/example_setup_teardown.py took 0.069 seconds
[2025-03-30T14:05:25.867+0000] {processor.py:186} INFO - Started process (PID=1298) to work on /home/airflow/.local/lib/python3.12/site-packages/airflow/example_dags/example_setup_teardown.py
[2025-03-30T14:05:25.868+0000] {processor.py:914} INFO - Processing file /home/airflow/.local/lib/python3.12/site-packages/airflow/example_dags/example_setup_teardown.py for tasks to queue
[2025-03-30T14:05:25.871+0000] {logging_mixin.py:190} INFO - [2025-03-30T14:05:25.870+0000] {dagbag.py:588} INFO - Filling up the DagBag from /home/airflow/.local/lib/python3.12/site-packages/airflow/example_dags/example_setup_teardown.py
[2025-03-30T14:05:25.879+0000] {processor.py:925} INFO - DAG(s) 'example_setup_teardown' retrieved from /home/airflow/.local/lib/python3.12/site-packages/airflow/example_dags/example_setup_teardown.py
[2025-03-30T14:05:25.897+0000] {logging_mixin.py:190} INFO - [2025-03-30T14:05:25.897+0000] {dag.py:3239} INFO - Sync 1 DAGs
[2025-03-30T14:05:25.910+0000] {logging_mixin.py:190} INFO - [2025-03-30T14:05:25.910+0000] {dag.py:4180} INFO - Setting next_dagrun for example_setup_teardown to None, run_after=None
[2025-03-30T14:05:25.929+0000] {processor.py:208} INFO - Processing /home/airflow/.local/lib/python3.12/site-packages/airflow/example_dags/example_setup_teardown.py took 0.067 seconds
[2025-03-30T14:05:56.814+0000] {processor.py:186} INFO - Started process (PID=1373) to work on /home/airflow/.local/lib/python3.12/site-packages/airflow/example_dags/example_setup_teardown.py
[2025-03-30T14:05:56.815+0000] {processor.py:914} INFO - Processing file /home/airflow/.local/lib/python3.12/site-packages/airflow/example_dags/example_setup_teardown.py for tasks to queue
[2025-03-30T14:05:56.818+0000] {logging_mixin.py:190} INFO - [2025-03-30T14:05:56.817+0000] {dagbag.py:588} INFO - Filling up the DagBag from /home/airflow/.local/lib/python3.12/site-packages/airflow/example_dags/example_setup_teardown.py
[2025-03-30T14:05:56.825+0000] {processor.py:925} INFO - DAG(s) 'example_setup_teardown' retrieved from /home/airflow/.local/lib/python3.12/site-packages/airflow/example_dags/example_setup_teardown.py
[2025-03-30T14:05:56.843+0000] {logging_mixin.py:190} INFO - [2025-03-30T14:05:56.843+0000] {dag.py:3239} INFO - Sync 1 DAGs
[2025-03-30T14:05:56.855+0000] {logging_mixin.py:190} INFO - [2025-03-30T14:05:56.855+0000] {dag.py:4180} INFO - Setting next_dagrun for example_setup_teardown to None, run_after=None
[2025-03-30T14:05:56.872+0000] {processor.py:208} INFO - Processing /home/airflow/.local/lib/python3.12/site-packages/airflow/example_dags/example_setup_teardown.py took 0.062 seconds
[2025-03-30T14:06:27.130+0000] {processor.py:186} INFO - Started process (PID=1448) to work on /home/airflow/.local/lib/python3.12/site-packages/airflow/example_dags/example_setup_teardown.py
[2025-03-30T14:06:27.131+0000] {processor.py:914} INFO - Processing file /home/airflow/.local/lib/python3.12/site-packages/airflow/example_dags/example_setup_teardown.py for tasks to queue
[2025-03-30T14:06:27.132+0000] {logging_mixin.py:190} INFO - [2025-03-30T14:06:27.132+0000] {dagbag.py:588} INFO - Filling up the DagBag from /home/airflow/.local/lib/python3.12/site-packages/airflow/example_dags/example_setup_teardown.py
[2025-03-30T14:06:27.141+0000] {processor.py:925} INFO - DAG(s) 'example_setup_teardown' retrieved from /home/airflow/.local/lib/python3.12/site-packages/airflow/example_dags/example_setup_teardown.py
[2025-03-30T14:06:27.164+0000] {logging_mixin.py:190} INFO - [2025-03-30T14:06:27.163+0000] {dag.py:3239} INFO - Sync 1 DAGs
[2025-03-30T14:06:27.181+0000] {logging_mixin.py:190} INFO - [2025-03-30T14:06:27.181+0000] {dag.py:4180} INFO - Setting next_dagrun for example_setup_teardown to None, run_after=None
[2025-03-30T14:06:27.204+0000] {processor.py:208} INFO - Processing /home/airflow/.local/lib/python3.12/site-packages/airflow/example_dags/example_setup_teardown.py took 0.079 seconds
[2025-03-30T14:06:57.993+0000] {processor.py:186} INFO - Started process (PID=1545) to work on /home/airflow/.local/lib/python3.12/site-packages/airflow/example_dags/example_setup_teardown.py
[2025-03-30T14:06:57.994+0000] {processor.py:914} INFO - Processing file /home/airflow/.local/lib/python3.12/site-packages/airflow/example_dags/example_setup_teardown.py for tasks to queue
[2025-03-30T14:06:57.995+0000] {logging_mixin.py:190} INFO - [2025-03-30T14:06:57.995+0000] {dagbag.py:588} INFO - Filling up the DagBag from /home/airflow/.local/lib/python3.12/site-packages/airflow/example_dags/example_setup_teardown.py
[2025-03-30T14:06:58.003+0000] {processor.py:925} INFO - DAG(s) 'example_setup_teardown' retrieved from /home/airflow/.local/lib/python3.12/site-packages/airflow/example_dags/example_setup_teardown.py
[2025-03-30T14:06:58.020+0000] {logging_mixin.py:190} INFO - [2025-03-30T14:06:58.020+0000] {dag.py:3239} INFO - Sync 1 DAGs
[2025-03-30T14:06:58.033+0000] {logging_mixin.py:190} INFO - [2025-03-30T14:06:58.033+0000] {dag.py:4180} INFO - Setting next_dagrun for example_setup_teardown to None, run_after=None
[2025-03-30T14:06:58.049+0000] {processor.py:208} INFO - Processing /home/airflow/.local/lib/python3.12/site-packages/airflow/example_dags/example_setup_teardown.py took 0.064 seconds
[2025-03-30T14:07:28.151+0000] {processor.py:186} INFO - Started process (PID=1620) to work on /home/airflow/.local/lib/python3.12/site-packages/airflow/example_dags/example_setup_teardown.py
[2025-03-30T14:07:28.152+0000] {processor.py:914} INFO - Processing file /home/airflow/.local/lib/python3.12/site-packages/airflow/example_dags/example_setup_teardown.py for tasks to queue
[2025-03-30T14:07:28.153+0000] {logging_mixin.py:190} INFO - [2025-03-30T14:07:28.152+0000] {dagbag.py:588} INFO - Filling up the DagBag from /home/airflow/.local/lib/python3.12/site-packages/airflow/example_dags/example_setup_teardown.py
[2025-03-30T14:07:28.160+0000] {processor.py:925} INFO - DAG(s) 'example_setup_teardown' retrieved from /home/airflow/.local/lib/python3.12/site-packages/airflow/example_dags/example_setup_teardown.py
[2025-03-30T14:07:28.178+0000] {logging_mixin.py:190} INFO - [2025-03-30T14:07:28.178+0000] {dag.py:3239} INFO - Sync 1 DAGs
[2025-03-30T14:07:28.189+0000] {logging_mixin.py:190} INFO - [2025-03-30T14:07:28.189+0000] {dag.py:4180} INFO - Setting next_dagrun for example_setup_teardown to None, run_after=None
[2025-03-30T14:07:28.206+0000] {processor.py:208} INFO - Processing /home/airflow/.local/lib/python3.12/site-packages/airflow/example_dags/example_setup_teardown.py took 0.063 seconds
[2025-03-30T14:07:58.743+0000] {processor.py:186} INFO - Started process (PID=1695) to work on /home/airflow/.local/lib/python3.12/site-packages/airflow/example_dags/example_setup_teardown.py
[2025-03-30T14:07:58.744+0000] {processor.py:914} INFO - Processing file /home/airflow/.local/lib/python3.12/site-packages/airflow/example_dags/example_setup_teardown.py for tasks to queue
[2025-03-30T14:07:58.745+0000] {logging_mixin.py:190} INFO - [2025-03-30T14:07:58.744+0000] {dagbag.py:588} INFO - Filling up the DagBag from /home/airflow/.local/lib/python3.12/site-packages/airflow/example_dags/example_setup_teardown.py
[2025-03-30T14:07:58.753+0000] {processor.py:925} INFO - DAG(s) 'example_setup_teardown' retrieved from /home/airflow/.local/lib/python3.12/site-packages/airflow/example_dags/example_setup_teardown.py
[2025-03-30T14:07:58.775+0000] {logging_mixin.py:190} INFO - [2025-03-30T14:07:58.775+0000] {dag.py:3239} INFO - Sync 1 DAGs
[2025-03-30T14:07:58.792+0000] {logging_mixin.py:190} INFO - [2025-03-30T14:07:58.791+0000] {dag.py:4180} INFO - Setting next_dagrun for example_setup_teardown to None, run_after=None
[2025-03-30T14:07:58.808+0000] {processor.py:208} INFO - Processing /home/airflow/.local/lib/python3.12/site-packages/airflow/example_dags/example_setup_teardown.py took 0.074 seconds
[2025-03-30T14:08:29.233+0000] {processor.py:186} INFO - Started process (PID=1770) to work on /home/airflow/.local/lib/python3.12/site-packages/airflow/example_dags/example_setup_teardown.py
[2025-03-30T14:08:29.241+0000] {processor.py:914} INFO - Processing file /home/airflow/.local/lib/python3.12/site-packages/airflow/example_dags/example_setup_teardown.py for tasks to queue
[2025-03-30T14:08:29.244+0000] {logging_mixin.py:190} INFO - [2025-03-30T14:08:29.244+0000] {dagbag.py:588} INFO - Filling up the DagBag from /home/airflow/.local/lib/python3.12/site-packages/airflow/example_dags/example_setup_teardown.py
[2025-03-30T14:08:29.260+0000] {processor.py:925} INFO - DAG(s) 'example_setup_teardown' retrieved from /home/airflow/.local/lib/python3.12/site-packages/airflow/example_dags/example_setup_teardown.py
[2025-03-30T14:08:29.291+0000] {logging_mixin.py:190} INFO - [2025-03-30T14:08:29.291+0000] {dag.py:3239} INFO - Sync 1 DAGs
[2025-03-30T14:08:29.325+0000] {logging_mixin.py:190} INFO - [2025-03-30T14:08:29.325+0000] {dag.py:4180} INFO - Setting next_dagrun for example_setup_teardown to None, run_after=None
[2025-03-30T14:08:29.354+0000] {processor.py:208} INFO - Processing /home/airflow/.local/lib/python3.12/site-packages/airflow/example_dags/example_setup_teardown.py took 0.143 seconds
[2025-03-30T14:08:59.955+0000] {processor.py:186} INFO - Started process (PID=1845) to work on /home/airflow/.local/lib/python3.12/site-packages/airflow/example_dags/example_setup_teardown.py
[2025-03-30T14:08:59.956+0000] {processor.py:914} INFO - Processing file /home/airflow/.local/lib/python3.12/site-packages/airflow/example_dags/example_setup_teardown.py for tasks to queue
[2025-03-30T14:08:59.957+0000] {logging_mixin.py:190} INFO - [2025-03-30T14:08:59.956+0000] {dagbag.py:588} INFO - Filling up the DagBag from /home/airflow/.local/lib/python3.12/site-packages/airflow/example_dags/example_setup_teardown.py
[2025-03-30T14:08:59.964+0000] {processor.py:925} INFO - DAG(s) 'example_setup_teardown' retrieved from /home/airflow/.local/lib/python3.12/site-packages/airflow/example_dags/example_setup_teardown.py
[2025-03-30T14:08:59.979+0000] {logging_mixin.py:190} INFO - [2025-03-30T14:08:59.979+0000] {dag.py:3239} INFO - Sync 1 DAGs
[2025-03-30T14:08:59.991+0000] {logging_mixin.py:190} INFO - [2025-03-30T14:08:59.991+0000] {dag.py:4180} INFO - Setting next_dagrun for example_setup_teardown to None, run_after=None
[2025-03-30T14:09:00.005+0000] {processor.py:208} INFO - Processing /home/airflow/.local/lib/python3.12/site-packages/airflow/example_dags/example_setup_teardown.py took 0.057 seconds
[2025-03-30T14:09:31.075+0000] {processor.py:186} INFO - Started process (PID=1920) to work on /home/airflow/.local/lib/python3.12/site-packages/airflow/example_dags/example_setup_teardown.py
[2025-03-30T14:09:31.076+0000] {processor.py:914} INFO - Processing file /home/airflow/.local/lib/python3.12/site-packages/airflow/example_dags/example_setup_teardown.py for tasks to queue
[2025-03-30T14:09:31.077+0000] {logging_mixin.py:190} INFO - [2025-03-30T14:09:31.077+0000] {dagbag.py:588} INFO - Filling up the DagBag from /home/airflow/.local/lib/python3.12/site-packages/airflow/example_dags/example_setup_teardown.py
[2025-03-30T14:09:31.085+0000] {processor.py:925} INFO - DAG(s) 'example_setup_teardown' retrieved from /home/airflow/.local/lib/python3.12/site-packages/airflow/example_dags/example_setup_teardown.py
[2025-03-30T14:09:31.105+0000] {logging_mixin.py:190} INFO - [2025-03-30T14:09:31.105+0000] {dag.py:3239} INFO - Sync 1 DAGs
[2025-03-30T14:09:31.120+0000] {logging_mixin.py:190} INFO - [2025-03-30T14:09:31.119+0000] {dag.py:4180} INFO - Setting next_dagrun for example_setup_teardown to None, run_after=None
[2025-03-30T14:09:31.140+0000] {processor.py:208} INFO - Processing /home/airflow/.local/lib/python3.12/site-packages/airflow/example_dags/example_setup_teardown.py took 0.074 seconds
[2025-03-30T14:10:01.523+0000] {processor.py:186} INFO - Started process (PID=1995) to work on /home/airflow/.local/lib/python3.12/site-packages/airflow/example_dags/example_setup_teardown.py
[2025-03-30T14:10:01.531+0000] {processor.py:914} INFO - Processing file /home/airflow/.local/lib/python3.12/site-packages/airflow/example_dags/example_setup_teardown.py for tasks to queue
[2025-03-30T14:10:01.533+0000] {logging_mixin.py:190} INFO - [2025-03-30T14:10:01.532+0000] {dagbag.py:588} INFO - Filling up the DagBag from /home/airflow/.local/lib/python3.12/site-packages/airflow/example_dags/example_setup_teardown.py
[2025-03-30T14:10:01.547+0000] {processor.py:925} INFO - DAG(s) 'example_setup_teardown' retrieved from /home/airflow/.local/lib/python3.12/site-packages/airflow/example_dags/example_setup_teardown.py
[2025-03-30T14:10:01.581+0000] {logging_mixin.py:190} INFO - [2025-03-30T14:10:01.580+0000] {dag.py:3239} INFO - Sync 1 DAGs
[2025-03-30T14:10:01.607+0000] {logging_mixin.py:190} INFO - [2025-03-30T14:10:01.607+0000] {dag.py:4180} INFO - Setting next_dagrun for example_setup_teardown to None, run_after=None
[2025-03-30T14:10:01.642+0000] {processor.py:208} INFO - Processing /home/airflow/.local/lib/python3.12/site-packages/airflow/example_dags/example_setup_teardown.py took 0.157 seconds
[2025-03-30T14:10:32.085+0000] {processor.py:186} INFO - Started process (PID=2058) to work on /home/airflow/.local/lib/python3.12/site-packages/airflow/example_dags/example_setup_teardown.py
[2025-03-30T14:10:32.088+0000] {processor.py:914} INFO - Processing file /home/airflow/.local/lib/python3.12/site-packages/airflow/example_dags/example_setup_teardown.py for tasks to queue
[2025-03-30T14:10:32.090+0000] {logging_mixin.py:190} INFO - [2025-03-30T14:10:32.090+0000] {dagbag.py:588} INFO - Filling up the DagBag from /home/airflow/.local/lib/python3.12/site-packages/airflow/example_dags/example_setup_teardown.py
[2025-03-30T14:10:32.104+0000] {processor.py:925} INFO - DAG(s) 'example_setup_teardown' retrieved from /home/airflow/.local/lib/python3.12/site-packages/airflow/example_dags/example_setup_teardown.py
[2025-03-30T14:10:32.133+0000] {logging_mixin.py:190} INFO - [2025-03-30T14:10:32.132+0000] {dag.py:3239} INFO - Sync 1 DAGs
[2025-03-30T14:10:32.157+0000] {logging_mixin.py:190} INFO - [2025-03-30T14:10:32.156+0000] {dag.py:4180} INFO - Setting next_dagrun for example_setup_teardown to None, run_after=None
[2025-03-30T14:10:32.197+0000] {processor.py:208} INFO - Processing /home/airflow/.local/lib/python3.12/site-packages/airflow/example_dags/example_setup_teardown.py took 0.133 seconds
[2025-03-30T14:11:02.971+0000] {processor.py:186} INFO - Started process (PID=2133) to work on /home/airflow/.local/lib/python3.12/site-packages/airflow/example_dags/example_setup_teardown.py
[2025-03-30T14:11:02.974+0000] {processor.py:914} INFO - Processing file /home/airflow/.local/lib/python3.12/site-packages/airflow/example_dags/example_setup_teardown.py for tasks to queue
[2025-03-30T14:11:02.978+0000] {logging_mixin.py:190} INFO - [2025-03-30T14:11:02.978+0000] {dagbag.py:588} INFO - Filling up the DagBag from /home/airflow/.local/lib/python3.12/site-packages/airflow/example_dags/example_setup_teardown.py
[2025-03-30T14:11:02.990+0000] {processor.py:925} INFO - DAG(s) 'example_setup_teardown' retrieved from /home/airflow/.local/lib/python3.12/site-packages/airflow/example_dags/example_setup_teardown.py
[2025-03-30T14:11:03.023+0000] {logging_mixin.py:190} INFO - [2025-03-30T14:11:03.022+0000] {dag.py:3239} INFO - Sync 1 DAGs
[2025-03-30T14:11:03.043+0000] {logging_mixin.py:190} INFO - [2025-03-30T14:11:03.042+0000] {dag.py:4180} INFO - Setting next_dagrun for example_setup_teardown to None, run_after=None
[2025-03-30T14:11:03.082+0000] {processor.py:208} INFO - Processing /home/airflow/.local/lib/python3.12/site-packages/airflow/example_dags/example_setup_teardown.py took 0.145 seconds
[2025-03-30T14:11:33.288+0000] {processor.py:186} INFO - Started process (PID=2208) to work on /home/airflow/.local/lib/python3.12/site-packages/airflow/example_dags/example_setup_teardown.py
[2025-03-30T14:11:33.289+0000] {processor.py:914} INFO - Processing file /home/airflow/.local/lib/python3.12/site-packages/airflow/example_dags/example_setup_teardown.py for tasks to queue
[2025-03-30T14:11:33.291+0000] {logging_mixin.py:190} INFO - [2025-03-30T14:11:33.290+0000] {dagbag.py:588} INFO - Filling up the DagBag from /home/airflow/.local/lib/python3.12/site-packages/airflow/example_dags/example_setup_teardown.py
[2025-03-30T14:11:33.301+0000] {processor.py:925} INFO - DAG(s) 'example_setup_teardown' retrieved from /home/airflow/.local/lib/python3.12/site-packages/airflow/example_dags/example_setup_teardown.py
[2025-03-30T14:11:33.322+0000] {logging_mixin.py:190} INFO - [2025-03-30T14:11:33.322+0000] {dag.py:3239} INFO - Sync 1 DAGs
[2025-03-30T14:11:33.337+0000] {logging_mixin.py:190} INFO - [2025-03-30T14:11:33.336+0000] {dag.py:4180} INFO - Setting next_dagrun for example_setup_teardown to None, run_after=None
[2025-03-30T14:11:33.354+0000] {processor.py:208} INFO - Processing /home/airflow/.local/lib/python3.12/site-packages/airflow/example_dags/example_setup_teardown.py took 0.074 seconds
[2025-03-30T14:12:03.897+0000] {processor.py:186} INFO - Started process (PID=2283) to work on /home/airflow/.local/lib/python3.12/site-packages/airflow/example_dags/example_setup_teardown.py
[2025-03-30T14:12:03.901+0000] {processor.py:914} INFO - Processing file /home/airflow/.local/lib/python3.12/site-packages/airflow/example_dags/example_setup_teardown.py for tasks to queue
[2025-03-30T14:12:03.903+0000] {logging_mixin.py:190} INFO - [2025-03-30T14:12:03.902+0000] {dagbag.py:588} INFO - Filling up the DagBag from /home/airflow/.local/lib/python3.12/site-packages/airflow/example_dags/example_setup_teardown.py
[2025-03-30T14:12:03.920+0000] {processor.py:925} INFO - DAG(s) 'example_setup_teardown' retrieved from /home/airflow/.local/lib/python3.12/site-packages/airflow/example_dags/example_setup_teardown.py
[2025-03-30T14:12:03.946+0000] {logging_mixin.py:190} INFO - [2025-03-30T14:12:03.946+0000] {dag.py:3239} INFO - Sync 1 DAGs
[2025-03-30T14:12:03.966+0000] {logging_mixin.py:190} INFO - [2025-03-30T14:12:03.965+0000] {dag.py:4180} INFO - Setting next_dagrun for example_setup_teardown to None, run_after=None
[2025-03-30T14:12:03.999+0000] {processor.py:208} INFO - Processing /home/airflow/.local/lib/python3.12/site-packages/airflow/example_dags/example_setup_teardown.py took 0.115 seconds
[2025-03-30T14:12:34.467+0000] {processor.py:186} INFO - Started process (PID=2358) to work on /home/airflow/.local/lib/python3.12/site-packages/airflow/example_dags/example_setup_teardown.py
[2025-03-30T14:12:34.470+0000] {processor.py:914} INFO - Processing file /home/airflow/.local/lib/python3.12/site-packages/airflow/example_dags/example_setup_teardown.py for tasks to queue
[2025-03-30T14:12:34.477+0000] {logging_mixin.py:190} INFO - [2025-03-30T14:12:34.476+0000] {dagbag.py:588} INFO - Filling up the DagBag from /home/airflow/.local/lib/python3.12/site-packages/airflow/example_dags/example_setup_teardown.py
[2025-03-30T14:12:34.501+0000] {processor.py:925} INFO - DAG(s) 'example_setup_teardown' retrieved from /home/airflow/.local/lib/python3.12/site-packages/airflow/example_dags/example_setup_teardown.py
[2025-03-30T14:12:34.557+0000] {logging_mixin.py:190} INFO - [2025-03-30T14:12:34.557+0000] {dag.py:3239} INFO - Sync 1 DAGs
[2025-03-30T14:12:34.593+0000] {logging_mixin.py:190} INFO - [2025-03-30T14:12:34.593+0000] {dag.py:4180} INFO - Setting next_dagrun for example_setup_teardown to None, run_after=None
[2025-03-30T14:12:34.626+0000] {processor.py:208} INFO - Processing /home/airflow/.local/lib/python3.12/site-packages/airflow/example_dags/example_setup_teardown.py took 0.195 seconds
[2025-03-30T14:13:05.147+0000] {processor.py:186} INFO - Started process (PID=2433) to work on /home/airflow/.local/lib/python3.12/site-packages/airflow/example_dags/example_setup_teardown.py
[2025-03-30T14:13:05.148+0000] {processor.py:914} INFO - Processing file /home/airflow/.local/lib/python3.12/site-packages/airflow/example_dags/example_setup_teardown.py for tasks to queue
[2025-03-30T14:13:05.149+0000] {logging_mixin.py:190} INFO - [2025-03-30T14:13:05.149+0000] {dagbag.py:588} INFO - Filling up the DagBag from /home/airflow/.local/lib/python3.12/site-packages/airflow/example_dags/example_setup_teardown.py
[2025-03-30T14:13:05.156+0000] {processor.py:925} INFO - DAG(s) 'example_setup_teardown' retrieved from /home/airflow/.local/lib/python3.12/site-packages/airflow/example_dags/example_setup_teardown.py
[2025-03-30T14:13:05.172+0000] {logging_mixin.py:190} INFO - [2025-03-30T14:13:05.172+0000] {dag.py:3239} INFO - Sync 1 DAGs
[2025-03-30T14:13:05.184+0000] {logging_mixin.py:190} INFO - [2025-03-30T14:13:05.184+0000] {dag.py:4180} INFO - Setting next_dagrun for example_setup_teardown to None, run_after=None
[2025-03-30T14:13:05.198+0000] {processor.py:208} INFO - Processing /home/airflow/.local/lib/python3.12/site-packages/airflow/example_dags/example_setup_teardown.py took 0.059 seconds
[2025-03-30T14:13:35.300+0000] {processor.py:186} INFO - Started process (PID=2508) to work on /home/airflow/.local/lib/python3.12/site-packages/airflow/example_dags/example_setup_teardown.py
[2025-03-30T14:13:35.301+0000] {processor.py:914} INFO - Processing file /home/airflow/.local/lib/python3.12/site-packages/airflow/example_dags/example_setup_teardown.py for tasks to queue
[2025-03-30T14:13:35.302+0000] {logging_mixin.py:190} INFO - [2025-03-30T14:13:35.302+0000] {dagbag.py:588} INFO - Filling up the DagBag from /home/airflow/.local/lib/python3.12/site-packages/airflow/example_dags/example_setup_teardown.py
[2025-03-30T14:13:35.309+0000] {processor.py:925} INFO - DAG(s) 'example_setup_teardown' retrieved from /home/airflow/.local/lib/python3.12/site-packages/airflow/example_dags/example_setup_teardown.py
[2025-03-30T14:13:35.326+0000] {logging_mixin.py:190} INFO - [2025-03-30T14:13:35.325+0000] {dag.py:3239} INFO - Sync 1 DAGs
[2025-03-30T14:13:35.337+0000] {logging_mixin.py:190} INFO - [2025-03-30T14:13:35.337+0000] {dag.py:4180} INFO - Setting next_dagrun for example_setup_teardown to None, run_after=None
[2025-03-30T14:13:35.350+0000] {processor.py:208} INFO - Processing /home/airflow/.local/lib/python3.12/site-packages/airflow/example_dags/example_setup_teardown.py took 0.056 seconds
[2025-03-30T14:14:06.061+0000] {processor.py:186} INFO - Started process (PID=2583) to work on /home/airflow/.local/lib/python3.12/site-packages/airflow/example_dags/example_setup_teardown.py
[2025-03-30T14:14:06.061+0000] {processor.py:914} INFO - Processing file /home/airflow/.local/lib/python3.12/site-packages/airflow/example_dags/example_setup_teardown.py for tasks to queue
[2025-03-30T14:14:06.062+0000] {logging_mixin.py:190} INFO - [2025-03-30T14:14:06.062+0000] {dagbag.py:588} INFO - Filling up the DagBag from /home/airflow/.local/lib/python3.12/site-packages/airflow/example_dags/example_setup_teardown.py
[2025-03-30T14:14:06.069+0000] {processor.py:925} INFO - DAG(s) 'example_setup_teardown' retrieved from /home/airflow/.local/lib/python3.12/site-packages/airflow/example_dags/example_setup_teardown.py
[2025-03-30T14:14:06.087+0000] {logging_mixin.py:190} INFO - [2025-03-30T14:14:06.087+0000] {dag.py:3239} INFO - Sync 1 DAGs
[2025-03-30T14:14:06.099+0000] {logging_mixin.py:190} INFO - [2025-03-30T14:14:06.099+0000] {dag.py:4180} INFO - Setting next_dagrun for example_setup_teardown to None, run_after=None
[2025-03-30T14:14:06.114+0000] {processor.py:208} INFO - Processing /home/airflow/.local/lib/python3.12/site-packages/airflow/example_dags/example_setup_teardown.py took 0.061 seconds
[2025-03-30T14:14:36.812+0000] {processor.py:186} INFO - Started process (PID=2658) to work on /home/airflow/.local/lib/python3.12/site-packages/airflow/example_dags/example_setup_teardown.py
[2025-03-30T14:14:36.814+0000] {processor.py:914} INFO - Processing file /home/airflow/.local/lib/python3.12/site-packages/airflow/example_dags/example_setup_teardown.py for tasks to queue
[2025-03-30T14:14:36.816+0000] {logging_mixin.py:190} INFO - [2025-03-30T14:14:36.815+0000] {dagbag.py:588} INFO - Filling up the DagBag from /home/airflow/.local/lib/python3.12/site-packages/airflow/example_dags/example_setup_teardown.py
[2025-03-30T14:14:36.826+0000] {processor.py:925} INFO - DAG(s) 'example_setup_teardown' retrieved from /home/airflow/.local/lib/python3.12/site-packages/airflow/example_dags/example_setup_teardown.py
[2025-03-30T14:14:36.849+0000] {logging_mixin.py:190} INFO - [2025-03-30T14:14:36.848+0000] {dag.py:3239} INFO - Sync 1 DAGs
[2025-03-30T14:14:36.862+0000] {logging_mixin.py:190} INFO - [2025-03-30T14:14:36.862+0000] {dag.py:4180} INFO - Setting next_dagrun for example_setup_teardown to None, run_after=None
[2025-03-30T14:14:36.879+0000] {processor.py:208} INFO - Processing /home/airflow/.local/lib/python3.12/site-packages/airflow/example_dags/example_setup_teardown.py took 0.080 seconds
[2025-03-30T14:15:06.994+0000] {processor.py:186} INFO - Started process (PID=2733) to work on /home/airflow/.local/lib/python3.12/site-packages/airflow/example_dags/example_setup_teardown.py
[2025-03-30T14:15:06.994+0000] {processor.py:914} INFO - Processing file /home/airflow/.local/lib/python3.12/site-packages/airflow/example_dags/example_setup_teardown.py for tasks to queue
[2025-03-30T14:15:06.995+0000] {logging_mixin.py:190} INFO - [2025-03-30T14:15:06.995+0000] {dagbag.py:588} INFO - Filling up the DagBag from /home/airflow/.local/lib/python3.12/site-packages/airflow/example_dags/example_setup_teardown.py
[2025-03-30T14:15:07.002+0000] {processor.py:925} INFO - DAG(s) 'example_setup_teardown' retrieved from /home/airflow/.local/lib/python3.12/site-packages/airflow/example_dags/example_setup_teardown.py
[2025-03-30T14:15:07.021+0000] {logging_mixin.py:190} INFO - [2025-03-30T14:15:07.021+0000] {dag.py:3239} INFO - Sync 1 DAGs
[2025-03-30T14:15:07.035+0000] {logging_mixin.py:190} INFO - [2025-03-30T14:15:07.034+0000] {dag.py:4180} INFO - Setting next_dagrun for example_setup_teardown to None, run_after=None
[2025-03-30T14:15:07.053+0000] {processor.py:208} INFO - Processing /home/airflow/.local/lib/python3.12/site-packages/airflow/example_dags/example_setup_teardown.py took 0.066 seconds
[2025-03-30T14:15:37.365+0000] {processor.py:186} INFO - Started process (PID=2808) to work on /home/airflow/.local/lib/python3.12/site-packages/airflow/example_dags/example_setup_teardown.py
[2025-03-30T14:15:37.366+0000] {processor.py:914} INFO - Processing file /home/airflow/.local/lib/python3.12/site-packages/airflow/example_dags/example_setup_teardown.py for tasks to queue
[2025-03-30T14:15:37.367+0000] {logging_mixin.py:190} INFO - [2025-03-30T14:15:37.367+0000] {dagbag.py:588} INFO - Filling up the DagBag from /home/airflow/.local/lib/python3.12/site-packages/airflow/example_dags/example_setup_teardown.py
[2025-03-30T14:15:37.374+0000] {processor.py:925} INFO - DAG(s) 'example_setup_teardown' retrieved from /home/airflow/.local/lib/python3.12/site-packages/airflow/example_dags/example_setup_teardown.py
[2025-03-30T14:15:37.393+0000] {logging_mixin.py:190} INFO - [2025-03-30T14:15:37.393+0000] {dag.py:3239} INFO - Sync 1 DAGs
[2025-03-30T14:15:37.406+0000] {logging_mixin.py:190} INFO - [2025-03-30T14:15:37.405+0000] {dag.py:4180} INFO - Setting next_dagrun for example_setup_teardown to None, run_after=None
[2025-03-30T14:15:37.420+0000] {processor.py:208} INFO - Processing /home/airflow/.local/lib/python3.12/site-packages/airflow/example_dags/example_setup_teardown.py took 0.063 seconds
[2025-03-30T14:16:08.061+0000] {processor.py:186} INFO - Started process (PID=2883) to work on /home/airflow/.local/lib/python3.12/site-packages/airflow/example_dags/example_setup_teardown.py
[2025-03-30T14:16:08.062+0000] {processor.py:914} INFO - Processing file /home/airflow/.local/lib/python3.12/site-packages/airflow/example_dags/example_setup_teardown.py for tasks to queue
[2025-03-30T14:16:08.063+0000] {logging_mixin.py:190} INFO - [2025-03-30T14:16:08.063+0000] {dagbag.py:588} INFO - Filling up the DagBag from /home/airflow/.local/lib/python3.12/site-packages/airflow/example_dags/example_setup_teardown.py
[2025-03-30T14:16:08.069+0000] {processor.py:925} INFO - DAG(s) 'example_setup_teardown' retrieved from /home/airflow/.local/lib/python3.12/site-packages/airflow/example_dags/example_setup_teardown.py
[2025-03-30T14:16:08.085+0000] {logging_mixin.py:190} INFO - [2025-03-30T14:16:08.084+0000] {dag.py:3239} INFO - Sync 1 DAGs
[2025-03-30T14:16:08.096+0000] {logging_mixin.py:190} INFO - [2025-03-30T14:16:08.096+0000] {dag.py:4180} INFO - Setting next_dagrun for example_setup_teardown to None, run_after=None
[2025-03-30T14:16:08.109+0000] {processor.py:208} INFO - Processing /home/airflow/.local/lib/python3.12/site-packages/airflow/example_dags/example_setup_teardown.py took 0.055 seconds
[2025-03-30T14:16:38.343+0000] {processor.py:186} INFO - Started process (PID=2958) to work on /home/airflow/.local/lib/python3.12/site-packages/airflow/example_dags/example_setup_teardown.py
[2025-03-30T14:16:38.344+0000] {processor.py:914} INFO - Processing file /home/airflow/.local/lib/python3.12/site-packages/airflow/example_dags/example_setup_teardown.py for tasks to queue
[2025-03-30T14:16:38.345+0000] {logging_mixin.py:190} INFO - [2025-03-30T14:16:38.345+0000] {dagbag.py:588} INFO - Filling up the DagBag from /home/airflow/.local/lib/python3.12/site-packages/airflow/example_dags/example_setup_teardown.py
[2025-03-30T14:16:38.353+0000] {processor.py:925} INFO - DAG(s) 'example_setup_teardown' retrieved from /home/airflow/.local/lib/python3.12/site-packages/airflow/example_dags/example_setup_teardown.py
[2025-03-30T14:16:38.370+0000] {logging_mixin.py:190} INFO - [2025-03-30T14:16:38.370+0000] {dag.py:3239} INFO - Sync 1 DAGs
[2025-03-30T14:16:38.382+0000] {logging_mixin.py:190} INFO - [2025-03-30T14:16:38.381+0000] {dag.py:4180} INFO - Setting next_dagrun for example_setup_teardown to None, run_after=None
[2025-03-30T14:16:38.403+0000] {processor.py:208} INFO - Processing /home/airflow/.local/lib/python3.12/site-packages/airflow/example_dags/example_setup_teardown.py took 0.067 seconds
[2025-03-30T14:17:08.567+0000] {processor.py:186} INFO - Started process (PID=3033) to work on /home/airflow/.local/lib/python3.12/site-packages/airflow/example_dags/example_setup_teardown.py
[2025-03-30T14:17:08.568+0000] {processor.py:914} INFO - Processing file /home/airflow/.local/lib/python3.12/site-packages/airflow/example_dags/example_setup_teardown.py for tasks to queue
[2025-03-30T14:17:08.569+0000] {logging_mixin.py:190} INFO - [2025-03-30T14:17:08.569+0000] {dagbag.py:588} INFO - Filling up the DagBag from /home/airflow/.local/lib/python3.12/site-packages/airflow/example_dags/example_setup_teardown.py
[2025-03-30T14:17:08.576+0000] {processor.py:925} INFO - DAG(s) 'example_setup_teardown' retrieved from /home/airflow/.local/lib/python3.12/site-packages/airflow/example_dags/example_setup_teardown.py
[2025-03-30T14:17:08.594+0000] {logging_mixin.py:190} INFO - [2025-03-30T14:17:08.594+0000] {dag.py:3239} INFO - Sync 1 DAGs
[2025-03-30T14:17:08.607+0000] {logging_mixin.py:190} INFO - [2025-03-30T14:17:08.606+0000] {dag.py:4180} INFO - Setting next_dagrun for example_setup_teardown to None, run_after=None
[2025-03-30T14:17:08.621+0000] {processor.py:208} INFO - Processing /home/airflow/.local/lib/python3.12/site-packages/airflow/example_dags/example_setup_teardown.py took 0.061 seconds
[2025-03-30T14:17:39.796+0000] {processor.py:186} INFO - Started process (PID=3108) to work on /home/airflow/.local/lib/python3.12/site-packages/airflow/example_dags/example_setup_teardown.py
[2025-03-30T14:17:39.798+0000] {processor.py:914} INFO - Processing file /home/airflow/.local/lib/python3.12/site-packages/airflow/example_dags/example_setup_teardown.py for tasks to queue
[2025-03-30T14:17:39.800+0000] {logging_mixin.py:190} INFO - [2025-03-30T14:17:39.800+0000] {dagbag.py:588} INFO - Filling up the DagBag from /home/airflow/.local/lib/python3.12/site-packages/airflow/example_dags/example_setup_teardown.py
[2025-03-30T14:17:39.812+0000] {processor.py:925} INFO - DAG(s) 'example_setup_teardown' retrieved from /home/airflow/.local/lib/python3.12/site-packages/airflow/example_dags/example_setup_teardown.py
[2025-03-30T14:17:39.840+0000] {logging_mixin.py:190} INFO - [2025-03-30T14:17:39.839+0000] {dag.py:3239} INFO - Sync 1 DAGs
[2025-03-30T14:17:39.855+0000] {logging_mixin.py:190} INFO - [2025-03-30T14:17:39.854+0000] {dag.py:4180} INFO - Setting next_dagrun for example_setup_teardown to None, run_after=None
[2025-03-30T14:17:39.870+0000] {processor.py:208} INFO - Processing /home/airflow/.local/lib/python3.12/site-packages/airflow/example_dags/example_setup_teardown.py took 0.086 seconds
[2025-03-30T14:18:10.976+0000] {processor.py:186} INFO - Started process (PID=3182) to work on /home/airflow/.local/lib/python3.12/site-packages/airflow/example_dags/example_setup_teardown.py
[2025-03-30T14:18:10.977+0000] {processor.py:914} INFO - Processing file /home/airflow/.local/lib/python3.12/site-packages/airflow/example_dags/example_setup_teardown.py for tasks to queue
[2025-03-30T14:18:10.979+0000] {logging_mixin.py:190} INFO - [2025-03-30T14:18:10.978+0000] {dagbag.py:588} INFO - Filling up the DagBag from /home/airflow/.local/lib/python3.12/site-packages/airflow/example_dags/example_setup_teardown.py
[2025-03-30T14:18:10.989+0000] {processor.py:925} INFO - DAG(s) 'example_setup_teardown' retrieved from /home/airflow/.local/lib/python3.12/site-packages/airflow/example_dags/example_setup_teardown.py
[2025-03-30T14:18:11.015+0000] {logging_mixin.py:190} INFO - [2025-03-30T14:18:11.015+0000] {dag.py:3239} INFO - Sync 1 DAGs
[2025-03-30T14:18:11.033+0000] {logging_mixin.py:190} INFO - [2025-03-30T14:18:11.033+0000] {dag.py:4180} INFO - Setting next_dagrun for example_setup_teardown to None, run_after=None
[2025-03-30T14:18:11.059+0000] {processor.py:208} INFO - Processing /home/airflow/.local/lib/python3.12/site-packages/airflow/example_dags/example_setup_teardown.py took 0.094 seconds
