[2025-03-30T13:57:20.382+0000] {processor.py:186} INFO - Started process (PID=106) to work on /home/airflow/.local/lib/python3.12/site-packages/airflow/example_dags/example_dataset_alias.py
[2025-03-30T13:57:20.383+0000] {processor.py:914} INFO - Processing file /home/airflow/.local/lib/python3.12/site-packages/airflow/example_dags/example_dataset_alias.py for tasks to queue
[2025-03-30T13:57:20.385+0000] {logging_mixin.py:190} INFO - [2025-03-30T13:57:20.385+0000] {dagbag.py:588} INFO - Filling up the DagBag from /home/airflow/.local/lib/python3.12/site-packages/airflow/example_dags/example_dataset_alias.py
[2025-03-30T13:57:20.773+0000] {processor.py:925} INFO - DAG(s) 'dataset_alias_example_alias_producer', 'dataset_s3_bucket_consumer', 'dataset_alias_example_alias_consumer', 'dataset_s3_bucket_producer' retrieved from /home/airflow/.local/lib/python3.12/site-packages/airflow/example_dags/example_dataset_alias.py
[2025-03-30T13:57:21.132+0000] {logging_mixin.py:190} INFO - [2025-03-30T13:57:21.131+0000] {dag.py:3239} INFO - Sync 4 DAGs
[2025-03-30T13:57:21.156+0000] {logging_mixin.py:190} INFO - [2025-03-30T13:57:21.156+0000] {dag.py:4180} INFO - Setting next_dagrun for dataset_alias_example_alias_consumer to None, run_after=None
[2025-03-30T13:57:21.159+0000] {logging_mixin.py:190} INFO - [2025-03-30T13:57:21.159+0000] {dag.py:4180} INFO - Setting next_dagrun for dataset_alias_example_alias_producer to None, run_after=None
[2025-03-30T13:57:21.165+0000] {logging_mixin.py:190} INFO - [2025-03-30T13:57:21.165+0000] {dag.py:4180} INFO - Setting next_dagrun for dataset_s3_bucket_consumer to None, run_after=None
[2025-03-30T13:57:21.167+0000] {logging_mixin.py:190} INFO - [2025-03-30T13:57:21.167+0000] {dag.py:4180} INFO - Setting next_dagrun for dataset_s3_bucket_producer to None, run_after=None
[2025-03-30T13:57:21.208+0000] {processor.py:208} INFO - Processing /home/airflow/.local/lib/python3.12/site-packages/airflow/example_dags/example_dataset_alias.py took 0.832 seconds
[2025-03-30T13:57:53.019+0000] {processor.py:186} INFO - Started process (PID=181) to work on /home/airflow/.local/lib/python3.12/site-packages/airflow/example_dags/example_dataset_alias.py
[2025-03-30T13:57:53.020+0000] {processor.py:914} INFO - Processing file /home/airflow/.local/lib/python3.12/site-packages/airflow/example_dags/example_dataset_alias.py for tasks to queue
[2025-03-30T13:57:53.025+0000] {logging_mixin.py:190} INFO - [2025-03-30T13:57:53.024+0000] {dagbag.py:588} INFO - Filling up the DagBag from /home/airflow/.local/lib/python3.12/site-packages/airflow/example_dags/example_dataset_alias.py
[2025-03-30T13:57:53.595+0000] {processor.py:925} INFO - DAG(s) 'dataset_alias_example_alias_producer', 'dataset_s3_bucket_producer', 'dataset_alias_example_alias_consumer', 'dataset_s3_bucket_consumer' retrieved from /home/airflow/.local/lib/python3.12/site-packages/airflow/example_dags/example_dataset_alias.py
[2025-03-30T13:57:53.617+0000] {logging_mixin.py:190} INFO - [2025-03-30T13:57:53.616+0000] {dag.py:3239} INFO - Sync 4 DAGs
[2025-03-30T13:57:53.634+0000] {logging_mixin.py:190} INFO - [2025-03-30T13:57:53.634+0000] {dag.py:4180} INFO - Setting next_dagrun for dataset_alias_example_alias_consumer to None, run_after=None
[2025-03-30T13:57:53.636+0000] {logging_mixin.py:190} INFO - [2025-03-30T13:57:53.636+0000] {dag.py:4180} INFO - Setting next_dagrun for dataset_alias_example_alias_producer to None, run_after=None
[2025-03-30T13:57:53.637+0000] {logging_mixin.py:190} INFO - [2025-03-30T13:57:53.637+0000] {dag.py:4180} INFO - Setting next_dagrun for dataset_s3_bucket_consumer to None, run_after=None
[2025-03-30T13:57:53.638+0000] {logging_mixin.py:190} INFO - [2025-03-30T13:57:53.638+0000] {dag.py:4180} INFO - Setting next_dagrun for dataset_s3_bucket_producer to None, run_after=None
[2025-03-30T13:57:53.682+0000] {processor.py:208} INFO - Processing /home/airflow/.local/lib/python3.12/site-packages/airflow/example_dags/example_dataset_alias.py took 0.672 seconds
[2025-03-30T13:58:23.856+0000] {processor.py:186} INFO - Started process (PID=256) to work on /home/airflow/.local/lib/python3.12/site-packages/airflow/example_dags/example_dataset_alias.py
[2025-03-30T13:58:23.857+0000] {processor.py:914} INFO - Processing file /home/airflow/.local/lib/python3.12/site-packages/airflow/example_dags/example_dataset_alias.py for tasks to queue
[2025-03-30T13:58:23.859+0000] {logging_mixin.py:190} INFO - [2025-03-30T13:58:23.858+0000] {dagbag.py:588} INFO - Filling up the DagBag from /home/airflow/.local/lib/python3.12/site-packages/airflow/example_dags/example_dataset_alias.py
[2025-03-30T13:58:24.406+0000] {processor.py:925} INFO - DAG(s) 'dataset_s3_bucket_producer', 'dataset_s3_bucket_consumer', 'dataset_alias_example_alias_producer', 'dataset_alias_example_alias_consumer' retrieved from /home/airflow/.local/lib/python3.12/site-packages/airflow/example_dags/example_dataset_alias.py
[2025-03-30T13:58:24.428+0000] {logging_mixin.py:190} INFO - [2025-03-30T13:58:24.427+0000] {dag.py:3239} INFO - Sync 4 DAGs
[2025-03-30T13:58:24.452+0000] {logging_mixin.py:190} INFO - [2025-03-30T13:58:24.452+0000] {dag.py:4180} INFO - Setting next_dagrun for dataset_alias_example_alias_consumer to None, run_after=None
[2025-03-30T13:58:24.455+0000] {logging_mixin.py:190} INFO - [2025-03-30T13:58:24.455+0000] {dag.py:4180} INFO - Setting next_dagrun for dataset_alias_example_alias_producer to None, run_after=None
[2025-03-30T13:58:24.457+0000] {logging_mixin.py:190} INFO - [2025-03-30T13:58:24.456+0000] {dag.py:4180} INFO - Setting next_dagrun for dataset_s3_bucket_consumer to None, run_after=None
[2025-03-30T13:58:24.458+0000] {logging_mixin.py:190} INFO - [2025-03-30T13:58:24.458+0000] {dag.py:4180} INFO - Setting next_dagrun for dataset_s3_bucket_producer to None, run_after=None
[2025-03-30T13:58:24.490+0000] {processor.py:208} INFO - Processing /home/airflow/.local/lib/python3.12/site-packages/airflow/example_dags/example_dataset_alias.py took 0.639 seconds
[2025-03-30T13:58:55.208+0000] {processor.py:186} INFO - Started process (PID=331) to work on /home/airflow/.local/lib/python3.12/site-packages/airflow/example_dags/example_dataset_alias.py
[2025-03-30T13:58:55.209+0000] {processor.py:914} INFO - Processing file /home/airflow/.local/lib/python3.12/site-packages/airflow/example_dags/example_dataset_alias.py for tasks to queue
[2025-03-30T13:58:55.210+0000] {logging_mixin.py:190} INFO - [2025-03-30T13:58:55.210+0000] {dagbag.py:588} INFO - Filling up the DagBag from /home/airflow/.local/lib/python3.12/site-packages/airflow/example_dags/example_dataset_alias.py
[2025-03-30T13:58:55.746+0000] {processor.py:925} INFO - DAG(s) 'dataset_s3_bucket_consumer', 'dataset_alias_example_alias_producer', 'dataset_s3_bucket_producer', 'dataset_alias_example_alias_consumer' retrieved from /home/airflow/.local/lib/python3.12/site-packages/airflow/example_dags/example_dataset_alias.py
[2025-03-30T13:58:55.763+0000] {logging_mixin.py:190} INFO - [2025-03-30T13:58:55.762+0000] {dag.py:3239} INFO - Sync 4 DAGs
[2025-03-30T13:58:55.780+0000] {logging_mixin.py:190} INFO - [2025-03-30T13:58:55.780+0000] {dag.py:4180} INFO - Setting next_dagrun for dataset_alias_example_alias_consumer to None, run_after=None
[2025-03-30T13:58:55.783+0000] {logging_mixin.py:190} INFO - [2025-03-30T13:58:55.782+0000] {dag.py:4180} INFO - Setting next_dagrun for dataset_alias_example_alias_producer to None, run_after=None
[2025-03-30T13:58:55.784+0000] {logging_mixin.py:190} INFO - [2025-03-30T13:58:55.784+0000] {dag.py:4180} INFO - Setting next_dagrun for dataset_s3_bucket_consumer to None, run_after=None
[2025-03-30T13:58:55.785+0000] {logging_mixin.py:190} INFO - [2025-03-30T13:58:55.785+0000] {dag.py:4180} INFO - Setting next_dagrun for dataset_s3_bucket_producer to None, run_after=None
[2025-03-30T13:58:55.816+0000] {processor.py:208} INFO - Processing /home/airflow/.local/lib/python3.12/site-packages/airflow/example_dags/example_dataset_alias.py took 0.613 seconds
[2025-03-30T13:59:26.531+0000] {processor.py:186} INFO - Started process (PID=406) to work on /home/airflow/.local/lib/python3.12/site-packages/airflow/example_dags/example_dataset_alias.py
[2025-03-30T13:59:26.533+0000] {processor.py:914} INFO - Processing file /home/airflow/.local/lib/python3.12/site-packages/airflow/example_dags/example_dataset_alias.py for tasks to queue
[2025-03-30T13:59:26.536+0000] {logging_mixin.py:190} INFO - [2025-03-30T13:59:26.535+0000] {dagbag.py:588} INFO - Filling up the DagBag from /home/airflow/.local/lib/python3.12/site-packages/airflow/example_dags/example_dataset_alias.py
[2025-03-30T13:59:27.402+0000] {processor.py:925} INFO - DAG(s) 'dataset_s3_bucket_producer', 'dataset_s3_bucket_consumer', 'dataset_alias_example_alias_producer', 'dataset_alias_example_alias_consumer' retrieved from /home/airflow/.local/lib/python3.12/site-packages/airflow/example_dags/example_dataset_alias.py
[2025-03-30T13:59:27.426+0000] {logging_mixin.py:190} INFO - [2025-03-30T13:59:27.425+0000] {dag.py:3239} INFO - Sync 4 DAGs
[2025-03-30T13:59:27.445+0000] {logging_mixin.py:190} INFO - [2025-03-30T13:59:27.445+0000] {dag.py:4180} INFO - Setting next_dagrun for dataset_alias_example_alias_consumer to None, run_after=None
[2025-03-30T13:59:27.447+0000] {logging_mixin.py:190} INFO - [2025-03-30T13:59:27.447+0000] {dag.py:4180} INFO - Setting next_dagrun for dataset_alias_example_alias_producer to None, run_after=None
[2025-03-30T13:59:27.449+0000] {logging_mixin.py:190} INFO - [2025-03-30T13:59:27.448+0000] {dag.py:4180} INFO - Setting next_dagrun for dataset_s3_bucket_consumer to None, run_after=None
[2025-03-30T13:59:27.450+0000] {logging_mixin.py:190} INFO - [2025-03-30T13:59:27.450+0000] {dag.py:4180} INFO - Setting next_dagrun for dataset_s3_bucket_producer to None, run_after=None
[2025-03-30T13:59:27.467+0000] {processor.py:208} INFO - Processing /home/airflow/.local/lib/python3.12/site-packages/airflow/example_dags/example_dataset_alias.py took 0.948 seconds
[2025-03-30T13:59:59.177+0000] {processor.py:186} INFO - Started process (PID=493) to work on /home/airflow/.local/lib/python3.12/site-packages/airflow/example_dags/example_dataset_alias.py
[2025-03-30T13:59:59.178+0000] {processor.py:914} INFO - Processing file /home/airflow/.local/lib/python3.12/site-packages/airflow/example_dags/example_dataset_alias.py for tasks to queue
[2025-03-30T13:59:59.180+0000] {logging_mixin.py:190} INFO - [2025-03-30T13:59:59.180+0000] {dagbag.py:588} INFO - Filling up the DagBag from /home/airflow/.local/lib/python3.12/site-packages/airflow/example_dags/example_dataset_alias.py
[2025-03-30T13:59:59.930+0000] {processor.py:925} INFO - DAG(s) 'dataset_s3_bucket_producer', 'dataset_s3_bucket_consumer', 'dataset_alias_example_alias_producer', 'dataset_alias_example_alias_consumer' retrieved from /home/airflow/.local/lib/python3.12/site-packages/airflow/example_dags/example_dataset_alias.py
[2025-03-30T13:59:59.957+0000] {logging_mixin.py:190} INFO - [2025-03-30T13:59:59.956+0000] {dag.py:3239} INFO - Sync 4 DAGs
[2025-03-30T13:59:59.980+0000] {logging_mixin.py:190} INFO - [2025-03-30T13:59:59.980+0000] {dag.py:4180} INFO - Setting next_dagrun for dataset_alias_example_alias_consumer to None, run_after=None
[2025-03-30T13:59:59.984+0000] {logging_mixin.py:190} INFO - [2025-03-30T13:59:59.984+0000] {dag.py:4180} INFO - Setting next_dagrun for dataset_alias_example_alias_producer to None, run_after=None
[2025-03-30T13:59:59.987+0000] {logging_mixin.py:190} INFO - [2025-03-30T13:59:59.987+0000] {dag.py:4180} INFO - Setting next_dagrun for dataset_s3_bucket_consumer to None, run_after=None
[2025-03-30T13:59:59.989+0000] {logging_mixin.py:190} INFO - [2025-03-30T13:59:59.989+0000] {dag.py:4180} INFO - Setting next_dagrun for dataset_s3_bucket_producer to None, run_after=None
[2025-03-30T14:00:00.027+0000] {processor.py:208} INFO - Processing /home/airflow/.local/lib/python3.12/site-packages/airflow/example_dags/example_dataset_alias.py took 0.855 seconds
[2025-03-30T14:00:30.294+0000] {processor.py:186} INFO - Started process (PID=573) to work on /home/airflow/.local/lib/python3.12/site-packages/airflow/example_dags/example_dataset_alias.py
[2025-03-30T14:00:30.295+0000] {processor.py:914} INFO - Processing file /home/airflow/.local/lib/python3.12/site-packages/airflow/example_dags/example_dataset_alias.py for tasks to queue
[2025-03-30T14:00:30.297+0000] {logging_mixin.py:190} INFO - [2025-03-30T14:00:30.297+0000] {dagbag.py:588} INFO - Filling up the DagBag from /home/airflow/.local/lib/python3.12/site-packages/airflow/example_dags/example_dataset_alias.py
[2025-03-30T14:00:30.879+0000] {processor.py:925} INFO - DAG(s) 'dataset_alias_example_alias_producer', 'dataset_s3_bucket_consumer', 'dataset_alias_example_alias_consumer', 'dataset_s3_bucket_producer' retrieved from /home/airflow/.local/lib/python3.12/site-packages/airflow/example_dags/example_dataset_alias.py
[2025-03-30T14:00:30.896+0000] {logging_mixin.py:190} INFO - [2025-03-30T14:00:30.896+0000] {dag.py:3239} INFO - Sync 4 DAGs
[2025-03-30T14:00:30.914+0000] {logging_mixin.py:190} INFO - [2025-03-30T14:00:30.913+0000] {dag.py:4180} INFO - Setting next_dagrun for dataset_alias_example_alias_consumer to None, run_after=None
[2025-03-30T14:00:30.916+0000] {logging_mixin.py:190} INFO - [2025-03-30T14:00:30.916+0000] {dag.py:4180} INFO - Setting next_dagrun for dataset_alias_example_alias_producer to None, run_after=None
[2025-03-30T14:00:30.919+0000] {logging_mixin.py:190} INFO - [2025-03-30T14:00:30.918+0000] {dag.py:4180} INFO - Setting next_dagrun for dataset_s3_bucket_consumer to None, run_after=None
[2025-03-30T14:00:30.920+0000] {logging_mixin.py:190} INFO - [2025-03-30T14:00:30.920+0000] {dag.py:4180} INFO - Setting next_dagrun for dataset_s3_bucket_producer to None, run_after=None
[2025-03-30T14:00:30.953+0000] {processor.py:208} INFO - Processing /home/airflow/.local/lib/python3.12/site-packages/airflow/example_dags/example_dataset_alias.py took 0.664 seconds
[2025-03-30T14:01:01.624+0000] {processor.py:186} INFO - Started process (PID=654) to work on /home/airflow/.local/lib/python3.12/site-packages/airflow/example_dags/example_dataset_alias.py
[2025-03-30T14:01:01.625+0000] {processor.py:914} INFO - Processing file /home/airflow/.local/lib/python3.12/site-packages/airflow/example_dags/example_dataset_alias.py for tasks to queue
[2025-03-30T14:01:01.626+0000] {logging_mixin.py:190} INFO - [2025-03-30T14:01:01.626+0000] {dagbag.py:588} INFO - Filling up the DagBag from /home/airflow/.local/lib/python3.12/site-packages/airflow/example_dags/example_dataset_alias.py
[2025-03-30T14:01:02.210+0000] {processor.py:925} INFO - DAG(s) 'dataset_s3_bucket_producer', 'dataset_alias_example_alias_producer', 'dataset_alias_example_alias_consumer', 'dataset_s3_bucket_consumer' retrieved from /home/airflow/.local/lib/python3.12/site-packages/airflow/example_dags/example_dataset_alias.py
[2025-03-30T14:01:02.239+0000] {logging_mixin.py:190} INFO - [2025-03-30T14:01:02.238+0000] {dag.py:3239} INFO - Sync 4 DAGs
[2025-03-30T14:01:02.262+0000] {logging_mixin.py:190} INFO - [2025-03-30T14:01:02.262+0000] {dag.py:4180} INFO - Setting next_dagrun for dataset_alias_example_alias_consumer to None, run_after=None
[2025-03-30T14:01:02.264+0000] {logging_mixin.py:190} INFO - [2025-03-30T14:01:02.264+0000] {dag.py:4180} INFO - Setting next_dagrun for dataset_alias_example_alias_producer to None, run_after=None
[2025-03-30T14:01:02.266+0000] {logging_mixin.py:190} INFO - [2025-03-30T14:01:02.266+0000] {dag.py:4180} INFO - Setting next_dagrun for dataset_s3_bucket_consumer to None, run_after=None
[2025-03-30T14:01:02.267+0000] {logging_mixin.py:190} INFO - [2025-03-30T14:01:02.267+0000] {dag.py:4180} INFO - Setting next_dagrun for dataset_s3_bucket_producer to None, run_after=None
[2025-03-30T14:01:02.294+0000] {processor.py:208} INFO - Processing /home/airflow/.local/lib/python3.12/site-packages/airflow/example_dags/example_dataset_alias.py took 0.674 seconds
[2025-03-30T14:01:32.586+0000] {processor.py:186} INFO - Started process (PID=728) to work on /home/airflow/.local/lib/python3.12/site-packages/airflow/example_dags/example_dataset_alias.py
[2025-03-30T14:01:32.587+0000] {processor.py:914} INFO - Processing file /home/airflow/.local/lib/python3.12/site-packages/airflow/example_dags/example_dataset_alias.py for tasks to queue
[2025-03-30T14:01:32.589+0000] {logging_mixin.py:190} INFO - [2025-03-30T14:01:32.589+0000] {dagbag.py:588} INFO - Filling up the DagBag from /home/airflow/.local/lib/python3.12/site-packages/airflow/example_dags/example_dataset_alias.py
[2025-03-30T14:01:33.147+0000] {processor.py:925} INFO - DAG(s) 'dataset_s3_bucket_producer', 'dataset_alias_example_alias_producer', 'dataset_alias_example_alias_consumer', 'dataset_s3_bucket_consumer' retrieved from /home/airflow/.local/lib/python3.12/site-packages/airflow/example_dags/example_dataset_alias.py
[2025-03-30T14:01:33.172+0000] {logging_mixin.py:190} INFO - [2025-03-30T14:01:33.171+0000] {dag.py:3239} INFO - Sync 4 DAGs
[2025-03-30T14:01:33.196+0000] {logging_mixin.py:190} INFO - [2025-03-30T14:01:33.195+0000] {dag.py:4180} INFO - Setting next_dagrun for dataset_alias_example_alias_consumer to None, run_after=None
[2025-03-30T14:01:33.199+0000] {logging_mixin.py:190} INFO - [2025-03-30T14:01:33.199+0000] {dag.py:4180} INFO - Setting next_dagrun for dataset_alias_example_alias_producer to None, run_after=None
[2025-03-30T14:01:33.202+0000] {logging_mixin.py:190} INFO - [2025-03-30T14:01:33.201+0000] {dag.py:4180} INFO - Setting next_dagrun for dataset_s3_bucket_consumer to None, run_after=None
[2025-03-30T14:01:33.203+0000] {logging_mixin.py:190} INFO - [2025-03-30T14:01:33.203+0000] {dag.py:4180} INFO - Setting next_dagrun for dataset_s3_bucket_producer to None, run_after=None
[2025-03-30T14:01:33.227+0000] {processor.py:208} INFO - Processing /home/airflow/.local/lib/python3.12/site-packages/airflow/example_dags/example_dataset_alias.py took 0.646 seconds
[2025-03-30T14:02:03.836+0000] {processor.py:186} INFO - Started process (PID=804) to work on /home/airflow/.local/lib/python3.12/site-packages/airflow/example_dags/example_dataset_alias.py
[2025-03-30T14:02:03.837+0000] {processor.py:914} INFO - Processing file /home/airflow/.local/lib/python3.12/site-packages/airflow/example_dags/example_dataset_alias.py for tasks to queue
[2025-03-30T14:02:03.839+0000] {logging_mixin.py:190} INFO - [2025-03-30T14:02:03.839+0000] {dagbag.py:588} INFO - Filling up the DagBag from /home/airflow/.local/lib/python3.12/site-packages/airflow/example_dags/example_dataset_alias.py
[2025-03-30T14:02:04.366+0000] {processor.py:925} INFO - DAG(s) 'dataset_s3_bucket_consumer', 'dataset_alias_example_alias_consumer', 'dataset_s3_bucket_producer', 'dataset_alias_example_alias_producer' retrieved from /home/airflow/.local/lib/python3.12/site-packages/airflow/example_dags/example_dataset_alias.py
[2025-03-30T14:02:04.382+0000] {logging_mixin.py:190} INFO - [2025-03-30T14:02:04.381+0000] {dag.py:3239} INFO - Sync 4 DAGs
[2025-03-30T14:02:04.400+0000] {logging_mixin.py:190} INFO - [2025-03-30T14:02:04.400+0000] {dag.py:4180} INFO - Setting next_dagrun for dataset_alias_example_alias_consumer to None, run_after=None
[2025-03-30T14:02:04.403+0000] {logging_mixin.py:190} INFO - [2025-03-30T14:02:04.403+0000] {dag.py:4180} INFO - Setting next_dagrun for dataset_alias_example_alias_producer to None, run_after=None
[2025-03-30T14:02:04.405+0000] {logging_mixin.py:190} INFO - [2025-03-30T14:02:04.405+0000] {dag.py:4180} INFO - Setting next_dagrun for dataset_s3_bucket_consumer to None, run_after=None
[2025-03-30T14:02:04.406+0000] {logging_mixin.py:190} INFO - [2025-03-30T14:02:04.406+0000] {dag.py:4180} INFO - Setting next_dagrun for dataset_s3_bucket_producer to None, run_after=None
[2025-03-30T14:02:04.423+0000] {processor.py:208} INFO - Processing /home/airflow/.local/lib/python3.12/site-packages/airflow/example_dags/example_dataset_alias.py took 0.591 seconds
[2025-03-30T14:02:34.513+0000] {processor.py:186} INFO - Started process (PID=887) to work on /home/airflow/.local/lib/python3.12/site-packages/airflow/example_dags/example_dataset_alias.py
[2025-03-30T14:02:34.514+0000] {processor.py:914} INFO - Processing file /home/airflow/.local/lib/python3.12/site-packages/airflow/example_dags/example_dataset_alias.py for tasks to queue
[2025-03-30T14:02:34.516+0000] {logging_mixin.py:190} INFO - [2025-03-30T14:02:34.515+0000] {dagbag.py:588} INFO - Filling up the DagBag from /home/airflow/.local/lib/python3.12/site-packages/airflow/example_dags/example_dataset_alias.py
[2025-03-30T14:02:35.016+0000] {processor.py:925} INFO - DAG(s) 'dataset_alias_example_alias_producer', 'dataset_s3_bucket_consumer', 'dataset_s3_bucket_producer', 'dataset_alias_example_alias_consumer' retrieved from /home/airflow/.local/lib/python3.12/site-packages/airflow/example_dags/example_dataset_alias.py
[2025-03-30T14:02:35.031+0000] {logging_mixin.py:190} INFO - [2025-03-30T14:02:35.030+0000] {dag.py:3239} INFO - Sync 4 DAGs
[2025-03-30T14:02:35.052+0000] {logging_mixin.py:190} INFO - [2025-03-30T14:02:35.052+0000] {dag.py:4180} INFO - Setting next_dagrun for dataset_alias_example_alias_consumer to None, run_after=None
[2025-03-30T14:02:35.055+0000] {logging_mixin.py:190} INFO - [2025-03-30T14:02:35.055+0000] {dag.py:4180} INFO - Setting next_dagrun for dataset_alias_example_alias_producer to None, run_after=None
[2025-03-30T14:02:35.057+0000] {logging_mixin.py:190} INFO - [2025-03-30T14:02:35.057+0000] {dag.py:4180} INFO - Setting next_dagrun for dataset_s3_bucket_consumer to None, run_after=None
[2025-03-30T14:02:35.058+0000] {logging_mixin.py:190} INFO - [2025-03-30T14:02:35.058+0000] {dag.py:4180} INFO - Setting next_dagrun for dataset_s3_bucket_producer to None, run_after=None
[2025-03-30T14:02:35.106+0000] {processor.py:208} INFO - Processing /home/airflow/.local/lib/python3.12/site-packages/airflow/example_dags/example_dataset_alias.py took 0.599 seconds
[2025-03-30T14:03:06.007+0000] {processor.py:186} INFO - Started process (PID=962) to work on /home/airflow/.local/lib/python3.12/site-packages/airflow/example_dags/example_dataset_alias.py
[2025-03-30T14:03:06.008+0000] {processor.py:914} INFO - Processing file /home/airflow/.local/lib/python3.12/site-packages/airflow/example_dags/example_dataset_alias.py for tasks to queue
[2025-03-30T14:03:06.010+0000] {logging_mixin.py:190} INFO - [2025-03-30T14:03:06.010+0000] {dagbag.py:588} INFO - Filling up the DagBag from /home/airflow/.local/lib/python3.12/site-packages/airflow/example_dags/example_dataset_alias.py
[2025-03-30T14:03:06.531+0000] {processor.py:925} INFO - DAG(s) 'dataset_s3_bucket_producer', 'dataset_s3_bucket_consumer', 'dataset_alias_example_alias_producer', 'dataset_alias_example_alias_consumer' retrieved from /home/airflow/.local/lib/python3.12/site-packages/airflow/example_dags/example_dataset_alias.py
[2025-03-30T14:03:06.547+0000] {logging_mixin.py:190} INFO - [2025-03-30T14:03:06.547+0000] {dag.py:3239} INFO - Sync 4 DAGs
[2025-03-30T14:03:06.564+0000] {logging_mixin.py:190} INFO - [2025-03-30T14:03:06.563+0000] {dag.py:4180} INFO - Setting next_dagrun for dataset_alias_example_alias_consumer to None, run_after=None
[2025-03-30T14:03:06.566+0000] {logging_mixin.py:190} INFO - [2025-03-30T14:03:06.566+0000] {dag.py:4180} INFO - Setting next_dagrun for dataset_alias_example_alias_producer to None, run_after=None
[2025-03-30T14:03:06.567+0000] {logging_mixin.py:190} INFO - [2025-03-30T14:03:06.567+0000] {dag.py:4180} INFO - Setting next_dagrun for dataset_s3_bucket_consumer to None, run_after=None
[2025-03-30T14:03:06.568+0000] {logging_mixin.py:190} INFO - [2025-03-30T14:03:06.568+0000] {dag.py:4180} INFO - Setting next_dagrun for dataset_s3_bucket_producer to None, run_after=None
[2025-03-30T14:03:06.594+0000] {processor.py:208} INFO - Processing /home/airflow/.local/lib/python3.12/site-packages/airflow/example_dags/example_dataset_alias.py took 0.593 seconds
[2025-03-30T14:03:37.491+0000] {processor.py:186} INFO - Started process (PID=1037) to work on /home/airflow/.local/lib/python3.12/site-packages/airflow/example_dags/example_dataset_alias.py
[2025-03-30T14:03:37.492+0000] {processor.py:914} INFO - Processing file /home/airflow/.local/lib/python3.12/site-packages/airflow/example_dags/example_dataset_alias.py for tasks to queue
[2025-03-30T14:03:37.494+0000] {logging_mixin.py:190} INFO - [2025-03-30T14:03:37.494+0000] {dagbag.py:588} INFO - Filling up the DagBag from /home/airflow/.local/lib/python3.12/site-packages/airflow/example_dags/example_dataset_alias.py
[2025-03-30T14:03:38.006+0000] {processor.py:925} INFO - DAG(s) 'dataset_s3_bucket_consumer', 'dataset_alias_example_alias_producer', 'dataset_alias_example_alias_consumer', 'dataset_s3_bucket_producer' retrieved from /home/airflow/.local/lib/python3.12/site-packages/airflow/example_dags/example_dataset_alias.py
[2025-03-30T14:03:38.024+0000] {logging_mixin.py:190} INFO - [2025-03-30T14:03:38.024+0000] {dag.py:3239} INFO - Sync 4 DAGs
[2025-03-30T14:03:38.042+0000] {logging_mixin.py:190} INFO - [2025-03-30T14:03:38.041+0000] {dag.py:4180} INFO - Setting next_dagrun for dataset_alias_example_alias_consumer to None, run_after=None
[2025-03-30T14:03:38.044+0000] {logging_mixin.py:190} INFO - [2025-03-30T14:03:38.044+0000] {dag.py:4180} INFO - Setting next_dagrun for dataset_alias_example_alias_producer to None, run_after=None
[2025-03-30T14:03:38.045+0000] {logging_mixin.py:190} INFO - [2025-03-30T14:03:38.045+0000] {dag.py:4180} INFO - Setting next_dagrun for dataset_s3_bucket_consumer to None, run_after=None
[2025-03-30T14:03:38.046+0000] {logging_mixin.py:190} INFO - [2025-03-30T14:03:38.046+0000] {dag.py:4180} INFO - Setting next_dagrun for dataset_s3_bucket_producer to None, run_after=None
[2025-03-30T14:03:38.073+0000] {processor.py:208} INFO - Processing /home/airflow/.local/lib/python3.12/site-packages/airflow/example_dags/example_dataset_alias.py took 0.586 seconds
[2025-03-30T14:04:08.471+0000] {processor.py:186} INFO - Started process (PID=1112) to work on /home/airflow/.local/lib/python3.12/site-packages/airflow/example_dags/example_dataset_alias.py
[2025-03-30T14:04:08.472+0000] {processor.py:914} INFO - Processing file /home/airflow/.local/lib/python3.12/site-packages/airflow/example_dags/example_dataset_alias.py for tasks to queue
[2025-03-30T14:04:08.474+0000] {logging_mixin.py:190} INFO - [2025-03-30T14:04:08.474+0000] {dagbag.py:588} INFO - Filling up the DagBag from /home/airflow/.local/lib/python3.12/site-packages/airflow/example_dags/example_dataset_alias.py
[2025-03-30T14:04:08.971+0000] {processor.py:925} INFO - DAG(s) 'dataset_s3_bucket_producer', 'dataset_alias_example_alias_consumer', 'dataset_alias_example_alias_producer', 'dataset_s3_bucket_consumer' retrieved from /home/airflow/.local/lib/python3.12/site-packages/airflow/example_dags/example_dataset_alias.py
[2025-03-30T14:04:08.986+0000] {logging_mixin.py:190} INFO - [2025-03-30T14:04:08.986+0000] {dag.py:3239} INFO - Sync 4 DAGs
[2025-03-30T14:04:09.005+0000] {logging_mixin.py:190} INFO - [2025-03-30T14:04:09.005+0000] {dag.py:4180} INFO - Setting next_dagrun for dataset_alias_example_alias_consumer to None, run_after=None
[2025-03-30T14:04:09.009+0000] {logging_mixin.py:190} INFO - [2025-03-30T14:04:09.008+0000] {dag.py:4180} INFO - Setting next_dagrun for dataset_alias_example_alias_producer to None, run_after=None
[2025-03-30T14:04:09.011+0000] {logging_mixin.py:190} INFO - [2025-03-30T14:04:09.011+0000] {dag.py:4180} INFO - Setting next_dagrun for dataset_s3_bucket_consumer to None, run_after=None
[2025-03-30T14:04:09.014+0000] {logging_mixin.py:190} INFO - [2025-03-30T14:04:09.013+0000] {dag.py:4180} INFO - Setting next_dagrun for dataset_s3_bucket_producer to None, run_after=None
[2025-03-30T14:04:09.044+0000] {processor.py:208} INFO - Processing /home/airflow/.local/lib/python3.12/site-packages/airflow/example_dags/example_dataset_alias.py took 0.577 seconds
[2025-03-30T14:04:39.601+0000] {processor.py:186} INFO - Started process (PID=1187) to work on /home/airflow/.local/lib/python3.12/site-packages/airflow/example_dags/example_dataset_alias.py
[2025-03-30T14:04:39.602+0000] {processor.py:914} INFO - Processing file /home/airflow/.local/lib/python3.12/site-packages/airflow/example_dags/example_dataset_alias.py for tasks to queue
[2025-03-30T14:04:39.605+0000] {logging_mixin.py:190} INFO - [2025-03-30T14:04:39.604+0000] {dagbag.py:588} INFO - Filling up the DagBag from /home/airflow/.local/lib/python3.12/site-packages/airflow/example_dags/example_dataset_alias.py
[2025-03-30T14:04:40.153+0000] {processor.py:925} INFO - DAG(s) 'dataset_s3_bucket_consumer', 'dataset_s3_bucket_producer', 'dataset_alias_example_alias_producer', 'dataset_alias_example_alias_consumer' retrieved from /home/airflow/.local/lib/python3.12/site-packages/airflow/example_dags/example_dataset_alias.py
[2025-03-30T14:04:40.167+0000] {logging_mixin.py:190} INFO - [2025-03-30T14:04:40.167+0000] {dag.py:3239} INFO - Sync 4 DAGs
[2025-03-30T14:04:40.185+0000] {logging_mixin.py:190} INFO - [2025-03-30T14:04:40.185+0000] {dag.py:4180} INFO - Setting next_dagrun for dataset_alias_example_alias_consumer to None, run_after=None
[2025-03-30T14:04:40.188+0000] {logging_mixin.py:190} INFO - [2025-03-30T14:04:40.188+0000] {dag.py:4180} INFO - Setting next_dagrun for dataset_alias_example_alias_producer to None, run_after=None
[2025-03-30T14:04:40.189+0000] {logging_mixin.py:190} INFO - [2025-03-30T14:04:40.189+0000] {dag.py:4180} INFO - Setting next_dagrun for dataset_s3_bucket_consumer to None, run_after=None
[2025-03-30T14:04:40.190+0000] {logging_mixin.py:190} INFO - [2025-03-30T14:04:40.190+0000] {dag.py:4180} INFO - Setting next_dagrun for dataset_s3_bucket_producer to None, run_after=None
[2025-03-30T14:04:40.215+0000] {processor.py:208} INFO - Processing /home/airflow/.local/lib/python3.12/site-packages/airflow/example_dags/example_dataset_alias.py took 0.619 seconds
[2025-03-30T14:05:10.367+0000] {processor.py:186} INFO - Started process (PID=1274) to work on /home/airflow/.local/lib/python3.12/site-packages/airflow/example_dags/example_dataset_alias.py
[2025-03-30T14:05:10.368+0000] {processor.py:914} INFO - Processing file /home/airflow/.local/lib/python3.12/site-packages/airflow/example_dags/example_dataset_alias.py for tasks to queue
[2025-03-30T14:05:10.370+0000] {logging_mixin.py:190} INFO - [2025-03-30T14:05:10.370+0000] {dagbag.py:588} INFO - Filling up the DagBag from /home/airflow/.local/lib/python3.12/site-packages/airflow/example_dags/example_dataset_alias.py
[2025-03-30T14:05:10.927+0000] {processor.py:925} INFO - DAG(s) 'dataset_alias_example_alias_producer', 'dataset_s3_bucket_consumer', 'dataset_s3_bucket_producer', 'dataset_alias_example_alias_consumer' retrieved from /home/airflow/.local/lib/python3.12/site-packages/airflow/example_dags/example_dataset_alias.py
[2025-03-30T14:05:10.955+0000] {logging_mixin.py:190} INFO - [2025-03-30T14:05:10.955+0000] {dag.py:3239} INFO - Sync 4 DAGs
[2025-03-30T14:05:10.982+0000] {logging_mixin.py:190} INFO - [2025-03-30T14:05:10.982+0000] {dag.py:4180} INFO - Setting next_dagrun for dataset_alias_example_alias_consumer to None, run_after=None
[2025-03-30T14:05:10.985+0000] {logging_mixin.py:190} INFO - [2025-03-30T14:05:10.985+0000] {dag.py:4180} INFO - Setting next_dagrun for dataset_alias_example_alias_producer to None, run_after=None
[2025-03-30T14:05:10.987+0000] {logging_mixin.py:190} INFO - [2025-03-30T14:05:10.987+0000] {dag.py:4180} INFO - Setting next_dagrun for dataset_s3_bucket_consumer to None, run_after=None
[2025-03-30T14:05:10.989+0000] {logging_mixin.py:190} INFO - [2025-03-30T14:05:10.989+0000] {dag.py:4180} INFO - Setting next_dagrun for dataset_s3_bucket_producer to None, run_after=None
[2025-03-30T14:05:11.016+0000] {processor.py:208} INFO - Processing /home/airflow/.local/lib/python3.12/site-packages/airflow/example_dags/example_dataset_alias.py took 0.653 seconds
[2025-03-30T14:05:41.386+0000] {processor.py:186} INFO - Started process (PID=1349) to work on /home/airflow/.local/lib/python3.12/site-packages/airflow/example_dags/example_dataset_alias.py
[2025-03-30T14:05:41.387+0000] {processor.py:914} INFO - Processing file /home/airflow/.local/lib/python3.12/site-packages/airflow/example_dags/example_dataset_alias.py for tasks to queue
[2025-03-30T14:05:41.389+0000] {logging_mixin.py:190} INFO - [2025-03-30T14:05:41.389+0000] {dagbag.py:588} INFO - Filling up the DagBag from /home/airflow/.local/lib/python3.12/site-packages/airflow/example_dags/example_dataset_alias.py
[2025-03-30T14:05:41.899+0000] {processor.py:925} INFO - DAG(s) 'dataset_s3_bucket_producer', 'dataset_alias_example_alias_consumer', 'dataset_s3_bucket_consumer', 'dataset_alias_example_alias_producer' retrieved from /home/airflow/.local/lib/python3.12/site-packages/airflow/example_dags/example_dataset_alias.py
[2025-03-30T14:05:41.914+0000] {logging_mixin.py:190} INFO - [2025-03-30T14:05:41.914+0000] {dag.py:3239} INFO - Sync 4 DAGs
[2025-03-30T14:05:41.932+0000] {logging_mixin.py:190} INFO - [2025-03-30T14:05:41.932+0000] {dag.py:4180} INFO - Setting next_dagrun for dataset_alias_example_alias_consumer to None, run_after=None
[2025-03-30T14:05:41.934+0000] {logging_mixin.py:190} INFO - [2025-03-30T14:05:41.934+0000] {dag.py:4180} INFO - Setting next_dagrun for dataset_alias_example_alias_producer to None, run_after=None
[2025-03-30T14:05:41.936+0000] {logging_mixin.py:190} INFO - [2025-03-30T14:05:41.936+0000] {dag.py:4180} INFO - Setting next_dagrun for dataset_s3_bucket_consumer to None, run_after=None
[2025-03-30T14:05:41.937+0000] {logging_mixin.py:190} INFO - [2025-03-30T14:05:41.937+0000] {dag.py:4180} INFO - Setting next_dagrun for dataset_s3_bucket_producer to None, run_after=None
[2025-03-30T14:05:41.963+0000] {processor.py:208} INFO - Processing /home/airflow/.local/lib/python3.12/site-packages/airflow/example_dags/example_dataset_alias.py took 0.581 seconds
[2025-03-30T14:06:12.198+0000] {processor.py:186} INFO - Started process (PID=1424) to work on /home/airflow/.local/lib/python3.12/site-packages/airflow/example_dags/example_dataset_alias.py
[2025-03-30T14:06:12.199+0000] {processor.py:914} INFO - Processing file /home/airflow/.local/lib/python3.12/site-packages/airflow/example_dags/example_dataset_alias.py for tasks to queue
[2025-03-30T14:06:12.201+0000] {logging_mixin.py:190} INFO - [2025-03-30T14:06:12.201+0000] {dagbag.py:588} INFO - Filling up the DagBag from /home/airflow/.local/lib/python3.12/site-packages/airflow/example_dags/example_dataset_alias.py
[2025-03-30T14:06:12.722+0000] {processor.py:925} INFO - DAG(s) 'dataset_alias_example_alias_consumer', 'dataset_s3_bucket_consumer', 'dataset_alias_example_alias_producer', 'dataset_s3_bucket_producer' retrieved from /home/airflow/.local/lib/python3.12/site-packages/airflow/example_dags/example_dataset_alias.py
[2025-03-30T14:06:12.737+0000] {logging_mixin.py:190} INFO - [2025-03-30T14:06:12.737+0000] {dag.py:3239} INFO - Sync 4 DAGs
[2025-03-30T14:06:12.753+0000] {logging_mixin.py:190} INFO - [2025-03-30T14:06:12.753+0000] {dag.py:4180} INFO - Setting next_dagrun for dataset_alias_example_alias_consumer to None, run_after=None
[2025-03-30T14:06:12.756+0000] {logging_mixin.py:190} INFO - [2025-03-30T14:06:12.756+0000] {dag.py:4180} INFO - Setting next_dagrun for dataset_alias_example_alias_producer to None, run_after=None
[2025-03-30T14:06:12.758+0000] {logging_mixin.py:190} INFO - [2025-03-30T14:06:12.758+0000] {dag.py:4180} INFO - Setting next_dagrun for dataset_s3_bucket_consumer to None, run_after=None
[2025-03-30T14:06:12.759+0000] {logging_mixin.py:190} INFO - [2025-03-30T14:06:12.759+0000] {dag.py:4180} INFO - Setting next_dagrun for dataset_s3_bucket_producer to None, run_after=None
[2025-03-30T14:06:12.773+0000] {processor.py:208} INFO - Processing /home/airflow/.local/lib/python3.12/site-packages/airflow/example_dags/example_dataset_alias.py took 0.580 seconds
[2025-03-30T14:06:43.393+0000] {processor.py:186} INFO - Started process (PID=1522) to work on /home/airflow/.local/lib/python3.12/site-packages/airflow/example_dags/example_dataset_alias.py
[2025-03-30T14:06:43.394+0000] {processor.py:914} INFO - Processing file /home/airflow/.local/lib/python3.12/site-packages/airflow/example_dags/example_dataset_alias.py for tasks to queue
[2025-03-30T14:06:43.396+0000] {logging_mixin.py:190} INFO - [2025-03-30T14:06:43.396+0000] {dagbag.py:588} INFO - Filling up the DagBag from /home/airflow/.local/lib/python3.12/site-packages/airflow/example_dags/example_dataset_alias.py
[2025-03-30T14:06:44.001+0000] {processor.py:925} INFO - DAG(s) 'dataset_s3_bucket_producer', 'dataset_alias_example_alias_consumer', 'dataset_s3_bucket_consumer', 'dataset_alias_example_alias_producer' retrieved from /home/airflow/.local/lib/python3.12/site-packages/airflow/example_dags/example_dataset_alias.py
[2025-03-30T14:06:44.021+0000] {logging_mixin.py:190} INFO - [2025-03-30T14:06:44.021+0000] {dag.py:3239} INFO - Sync 4 DAGs
[2025-03-30T14:06:44.060+0000] {logging_mixin.py:190} INFO - [2025-03-30T14:06:44.060+0000] {dag.py:4180} INFO - Setting next_dagrun for dataset_alias_example_alias_consumer to None, run_after=None
[2025-03-30T14:06:44.064+0000] {logging_mixin.py:190} INFO - [2025-03-30T14:06:44.064+0000] {dag.py:4180} INFO - Setting next_dagrun for dataset_alias_example_alias_producer to None, run_after=None
[2025-03-30T14:06:44.066+0000] {logging_mixin.py:190} INFO - [2025-03-30T14:06:44.066+0000] {dag.py:4180} INFO - Setting next_dagrun for dataset_s3_bucket_consumer to None, run_after=None
[2025-03-30T14:06:44.067+0000] {logging_mixin.py:190} INFO - [2025-03-30T14:06:44.067+0000] {dag.py:4180} INFO - Setting next_dagrun for dataset_s3_bucket_producer to None, run_after=None
[2025-03-30T14:06:44.085+0000] {processor.py:208} INFO - Processing /home/airflow/.local/lib/python3.12/site-packages/airflow/example_dags/example_dataset_alias.py took 0.703 seconds
[2025-03-30T14:07:14.277+0000] {processor.py:186} INFO - Started process (PID=1584) to work on /home/airflow/.local/lib/python3.12/site-packages/airflow/example_dags/example_dataset_alias.py
[2025-03-30T14:07:14.278+0000] {processor.py:914} INFO - Processing file /home/airflow/.local/lib/python3.12/site-packages/airflow/example_dags/example_dataset_alias.py for tasks to queue
[2025-03-30T14:07:14.279+0000] {logging_mixin.py:190} INFO - [2025-03-30T14:07:14.279+0000] {dagbag.py:588} INFO - Filling up the DagBag from /home/airflow/.local/lib/python3.12/site-packages/airflow/example_dags/example_dataset_alias.py
[2025-03-30T14:07:14.800+0000] {processor.py:925} INFO - DAG(s) 'dataset_alias_example_alias_consumer', 'dataset_alias_example_alias_producer', 'dataset_s3_bucket_producer', 'dataset_s3_bucket_consumer' retrieved from /home/airflow/.local/lib/python3.12/site-packages/airflow/example_dags/example_dataset_alias.py
[2025-03-30T14:07:14.816+0000] {logging_mixin.py:190} INFO - [2025-03-30T14:07:14.816+0000] {dag.py:3239} INFO - Sync 4 DAGs
[2025-03-30T14:07:14.834+0000] {logging_mixin.py:190} INFO - [2025-03-30T14:07:14.834+0000] {dag.py:4180} INFO - Setting next_dagrun for dataset_alias_example_alias_consumer to None, run_after=None
[2025-03-30T14:07:14.837+0000] {logging_mixin.py:190} INFO - [2025-03-30T14:07:14.837+0000] {dag.py:4180} INFO - Setting next_dagrun for dataset_alias_example_alias_producer to None, run_after=None
[2025-03-30T14:07:14.840+0000] {logging_mixin.py:190} INFO - [2025-03-30T14:07:14.840+0000] {dag.py:4180} INFO - Setting next_dagrun for dataset_s3_bucket_consumer to None, run_after=None
[2025-03-30T14:07:14.841+0000] {logging_mixin.py:190} INFO - [2025-03-30T14:07:14.841+0000] {dag.py:4180} INFO - Setting next_dagrun for dataset_s3_bucket_producer to None, run_after=None
[2025-03-30T14:07:14.867+0000] {processor.py:208} INFO - Processing /home/airflow/.local/lib/python3.12/site-packages/airflow/example_dags/example_dataset_alias.py took 0.597 seconds
[2025-03-30T14:07:45.028+0000] {processor.py:186} INFO - Started process (PID=1659) to work on /home/airflow/.local/lib/python3.12/site-packages/airflow/example_dags/example_dataset_alias.py
[2025-03-30T14:07:45.029+0000] {processor.py:914} INFO - Processing file /home/airflow/.local/lib/python3.12/site-packages/airflow/example_dags/example_dataset_alias.py for tasks to queue
[2025-03-30T14:07:45.030+0000] {logging_mixin.py:190} INFO - [2025-03-30T14:07:45.030+0000] {dagbag.py:588} INFO - Filling up the DagBag from /home/airflow/.local/lib/python3.12/site-packages/airflow/example_dags/example_dataset_alias.py
[2025-03-30T14:07:45.650+0000] {processor.py:925} INFO - DAG(s) 'dataset_alias_example_alias_consumer', 'dataset_alias_example_alias_producer', 'dataset_s3_bucket_producer', 'dataset_s3_bucket_consumer' retrieved from /home/airflow/.local/lib/python3.12/site-packages/airflow/example_dags/example_dataset_alias.py
[2025-03-30T14:07:45.680+0000] {logging_mixin.py:190} INFO - [2025-03-30T14:07:45.679+0000] {dag.py:3239} INFO - Sync 4 DAGs
[2025-03-30T14:07:45.707+0000] {logging_mixin.py:190} INFO - [2025-03-30T14:07:45.706+0000] {dag.py:4180} INFO - Setting next_dagrun for dataset_alias_example_alias_consumer to None, run_after=None
[2025-03-30T14:07:45.711+0000] {logging_mixin.py:190} INFO - [2025-03-30T14:07:45.711+0000] {dag.py:4180} INFO - Setting next_dagrun for dataset_alias_example_alias_producer to None, run_after=None
[2025-03-30T14:07:45.715+0000] {logging_mixin.py:190} INFO - [2025-03-30T14:07:45.715+0000] {dag.py:4180} INFO - Setting next_dagrun for dataset_s3_bucket_consumer to None, run_after=None
[2025-03-30T14:07:45.717+0000] {logging_mixin.py:190} INFO - [2025-03-30T14:07:45.717+0000] {dag.py:4180} INFO - Setting next_dagrun for dataset_s3_bucket_producer to None, run_after=None
[2025-03-30T14:07:45.736+0000] {processor.py:208} INFO - Processing /home/airflow/.local/lib/python3.12/site-packages/airflow/example_dags/example_dataset_alias.py took 0.717 seconds
[2025-03-30T14:08:16.359+0000] {processor.py:186} INFO - Started process (PID=1740) to work on /home/airflow/.local/lib/python3.12/site-packages/airflow/example_dags/example_dataset_alias.py
[2025-03-30T14:08:16.360+0000] {processor.py:914} INFO - Processing file /home/airflow/.local/lib/python3.12/site-packages/airflow/example_dags/example_dataset_alias.py for tasks to queue
[2025-03-30T14:08:16.364+0000] {logging_mixin.py:190} INFO - [2025-03-30T14:08:16.363+0000] {dagbag.py:588} INFO - Filling up the DagBag from /home/airflow/.local/lib/python3.12/site-packages/airflow/example_dags/example_dataset_alias.py
[2025-03-30T14:08:17.580+0000] {processor.py:925} INFO - DAG(s) 'dataset_alias_example_alias_producer', 'dataset_s3_bucket_producer', 'dataset_s3_bucket_consumer', 'dataset_alias_example_alias_consumer' retrieved from /home/airflow/.local/lib/python3.12/site-packages/airflow/example_dags/example_dataset_alias.py
[2025-03-30T14:08:17.609+0000] {logging_mixin.py:190} INFO - [2025-03-30T14:08:17.608+0000] {dag.py:3239} INFO - Sync 4 DAGs
[2025-03-30T14:08:17.639+0000] {logging_mixin.py:190} INFO - [2025-03-30T14:08:17.638+0000] {dag.py:4180} INFO - Setting next_dagrun for dataset_alias_example_alias_consumer to None, run_after=None
[2025-03-30T14:08:17.645+0000] {logging_mixin.py:190} INFO - [2025-03-30T14:08:17.645+0000] {dag.py:4180} INFO - Setting next_dagrun for dataset_alias_example_alias_producer to None, run_after=None
[2025-03-30T14:08:17.650+0000] {logging_mixin.py:190} INFO - [2025-03-30T14:08:17.650+0000] {dag.py:4180} INFO - Setting next_dagrun for dataset_s3_bucket_consumer to None, run_after=None
[2025-03-30T14:08:17.653+0000] {logging_mixin.py:190} INFO - [2025-03-30T14:08:17.653+0000] {dag.py:4180} INFO - Setting next_dagrun for dataset_s3_bucket_producer to None, run_after=None
[2025-03-30T14:08:17.689+0000] {processor.py:208} INFO - Processing /home/airflow/.local/lib/python3.12/site-packages/airflow/example_dags/example_dataset_alias.py took 1.350 seconds
[2025-03-30T14:08:48.550+0000] {processor.py:186} INFO - Started process (PID=1815) to work on /home/airflow/.local/lib/python3.12/site-packages/airflow/example_dags/example_dataset_alias.py
[2025-03-30T14:08:48.551+0000] {processor.py:914} INFO - Processing file /home/airflow/.local/lib/python3.12/site-packages/airflow/example_dags/example_dataset_alias.py for tasks to queue
[2025-03-30T14:08:48.552+0000] {logging_mixin.py:190} INFO - [2025-03-30T14:08:48.552+0000] {dagbag.py:588} INFO - Filling up the DagBag from /home/airflow/.local/lib/python3.12/site-packages/airflow/example_dags/example_dataset_alias.py
[2025-03-30T14:08:49.202+0000] {processor.py:925} INFO - DAG(s) 'dataset_s3_bucket_consumer', 'dataset_alias_example_alias_producer', 'dataset_alias_example_alias_consumer', 'dataset_s3_bucket_producer' retrieved from /home/airflow/.local/lib/python3.12/site-packages/airflow/example_dags/example_dataset_alias.py
[2025-03-30T14:08:49.222+0000] {logging_mixin.py:190} INFO - [2025-03-30T14:08:49.221+0000] {dag.py:3239} INFO - Sync 4 DAGs
[2025-03-30T14:08:49.243+0000] {logging_mixin.py:190} INFO - [2025-03-30T14:08:49.243+0000] {dag.py:4180} INFO - Setting next_dagrun for dataset_alias_example_alias_consumer to None, run_after=None
[2025-03-30T14:08:49.246+0000] {logging_mixin.py:190} INFO - [2025-03-30T14:08:49.245+0000] {dag.py:4180} INFO - Setting next_dagrun for dataset_alias_example_alias_producer to None, run_after=None
[2025-03-30T14:08:49.247+0000] {logging_mixin.py:190} INFO - [2025-03-30T14:08:49.247+0000] {dag.py:4180} INFO - Setting next_dagrun for dataset_s3_bucket_consumer to None, run_after=None
[2025-03-30T14:08:49.249+0000] {logging_mixin.py:190} INFO - [2025-03-30T14:08:49.248+0000] {dag.py:4180} INFO - Setting next_dagrun for dataset_s3_bucket_producer to None, run_after=None
[2025-03-30T14:08:49.266+0000] {processor.py:208} INFO - Processing /home/airflow/.local/lib/python3.12/site-packages/airflow/example_dags/example_dataset_alias.py took 0.727 seconds
[2025-03-30T14:09:19.918+0000] {processor.py:186} INFO - Started process (PID=1890) to work on /home/airflow/.local/lib/python3.12/site-packages/airflow/example_dags/example_dataset_alias.py
[2025-03-30T14:09:19.919+0000] {processor.py:914} INFO - Processing file /home/airflow/.local/lib/python3.12/site-packages/airflow/example_dags/example_dataset_alias.py for tasks to queue
[2025-03-30T14:09:19.920+0000] {logging_mixin.py:190} INFO - [2025-03-30T14:09:19.920+0000] {dagbag.py:588} INFO - Filling up the DagBag from /home/airflow/.local/lib/python3.12/site-packages/airflow/example_dags/example_dataset_alias.py
[2025-03-30T14:09:20.446+0000] {processor.py:925} INFO - DAG(s) 'dataset_s3_bucket_producer', 'dataset_s3_bucket_consumer', 'dataset_alias_example_alias_consumer', 'dataset_alias_example_alias_producer' retrieved from /home/airflow/.local/lib/python3.12/site-packages/airflow/example_dags/example_dataset_alias.py
[2025-03-30T14:09:20.476+0000] {logging_mixin.py:190} INFO - [2025-03-30T14:09:20.475+0000] {dag.py:3239} INFO - Sync 4 DAGs
[2025-03-30T14:09:20.512+0000] {logging_mixin.py:190} INFO - [2025-03-30T14:09:20.511+0000] {dag.py:4180} INFO - Setting next_dagrun for dataset_alias_example_alias_consumer to None, run_after=None
[2025-03-30T14:09:20.518+0000] {logging_mixin.py:190} INFO - [2025-03-30T14:09:20.518+0000] {dag.py:4180} INFO - Setting next_dagrun for dataset_alias_example_alias_producer to None, run_after=None
[2025-03-30T14:09:20.521+0000] {logging_mixin.py:190} INFO - [2025-03-30T14:09:20.520+0000] {dag.py:4180} INFO - Setting next_dagrun for dataset_s3_bucket_consumer to None, run_after=None
[2025-03-30T14:09:20.523+0000] {logging_mixin.py:190} INFO - [2025-03-30T14:09:20.522+0000] {dag.py:4180} INFO - Setting next_dagrun for dataset_s3_bucket_producer to None, run_after=None
[2025-03-30T14:09:20.548+0000] {processor.py:208} INFO - Processing /home/airflow/.local/lib/python3.12/site-packages/airflow/example_dags/example_dataset_alias.py took 0.640 seconds
[2025-03-30T14:09:50.936+0000] {processor.py:186} INFO - Started process (PID=1965) to work on /home/airflow/.local/lib/python3.12/site-packages/airflow/example_dags/example_dataset_alias.py
[2025-03-30T14:09:50.937+0000] {processor.py:914} INFO - Processing file /home/airflow/.local/lib/python3.12/site-packages/airflow/example_dags/example_dataset_alias.py for tasks to queue
[2025-03-30T14:09:50.939+0000] {logging_mixin.py:190} INFO - [2025-03-30T14:09:50.938+0000] {dagbag.py:588} INFO - Filling up the DagBag from /home/airflow/.local/lib/python3.12/site-packages/airflow/example_dags/example_dataset_alias.py
[2025-03-30T14:09:51.515+0000] {processor.py:925} INFO - DAG(s) 'dataset_alias_example_alias_producer', 'dataset_s3_bucket_producer', 'dataset_alias_example_alias_consumer', 'dataset_s3_bucket_consumer' retrieved from /home/airflow/.local/lib/python3.12/site-packages/airflow/example_dags/example_dataset_alias.py
[2025-03-30T14:09:51.532+0000] {logging_mixin.py:190} INFO - [2025-03-30T14:09:51.532+0000] {dag.py:3239} INFO - Sync 4 DAGs
[2025-03-30T14:09:51.553+0000] {logging_mixin.py:190} INFO - [2025-03-30T14:09:51.553+0000] {dag.py:4180} INFO - Setting next_dagrun for dataset_alias_example_alias_consumer to None, run_after=None
[2025-03-30T14:09:51.555+0000] {logging_mixin.py:190} INFO - [2025-03-30T14:09:51.555+0000] {dag.py:4180} INFO - Setting next_dagrun for dataset_alias_example_alias_producer to None, run_after=None
[2025-03-30T14:09:51.557+0000] {logging_mixin.py:190} INFO - [2025-03-30T14:09:51.556+0000] {dag.py:4180} INFO - Setting next_dagrun for dataset_s3_bucket_consumer to None, run_after=None
[2025-03-30T14:09:51.558+0000] {logging_mixin.py:190} INFO - [2025-03-30T14:09:51.557+0000] {dag.py:4180} INFO - Setting next_dagrun for dataset_s3_bucket_producer to None, run_after=None
[2025-03-30T14:09:51.585+0000] {processor.py:208} INFO - Processing /home/airflow/.local/lib/python3.12/site-packages/airflow/example_dags/example_dataset_alias.py took 0.656 seconds
[2025-03-30T14:10:21.930+0000] {processor.py:186} INFO - Started process (PID=2040) to work on /home/airflow/.local/lib/python3.12/site-packages/airflow/example_dags/example_dataset_alias.py
[2025-03-30T14:10:21.936+0000] {processor.py:914} INFO - Processing file /home/airflow/.local/lib/python3.12/site-packages/airflow/example_dags/example_dataset_alias.py for tasks to queue
[2025-03-30T14:10:21.938+0000] {logging_mixin.py:190} INFO - [2025-03-30T14:10:21.938+0000] {dagbag.py:588} INFO - Filling up the DagBag from /home/airflow/.local/lib/python3.12/site-packages/airflow/example_dags/example_dataset_alias.py
[2025-03-30T14:10:22.894+0000] {processor.py:925} INFO - DAG(s) 'dataset_alias_example_alias_producer', 'dataset_s3_bucket_consumer', 'dataset_s3_bucket_producer', 'dataset_alias_example_alias_consumer' retrieved from /home/airflow/.local/lib/python3.12/site-packages/airflow/example_dags/example_dataset_alias.py
[2025-03-30T14:10:22.918+0000] {logging_mixin.py:190} INFO - [2025-03-30T14:10:22.918+0000] {dag.py:3239} INFO - Sync 4 DAGs
[2025-03-30T14:10:22.954+0000] {logging_mixin.py:190} INFO - [2025-03-30T14:10:22.953+0000] {dag.py:4180} INFO - Setting next_dagrun for dataset_alias_example_alias_consumer to None, run_after=None
[2025-03-30T14:10:22.957+0000] {logging_mixin.py:190} INFO - [2025-03-30T14:10:22.957+0000] {dag.py:4180} INFO - Setting next_dagrun for dataset_alias_example_alias_producer to None, run_after=None
[2025-03-30T14:10:22.959+0000] {logging_mixin.py:190} INFO - [2025-03-30T14:10:22.959+0000] {dag.py:4180} INFO - Setting next_dagrun for dataset_s3_bucket_consumer to None, run_after=None
[2025-03-30T14:10:22.961+0000] {logging_mixin.py:190} INFO - [2025-03-30T14:10:22.961+0000] {dag.py:4180} INFO - Setting next_dagrun for dataset_s3_bucket_producer to None, run_after=None
[2025-03-30T14:10:22.999+0000] {processor.py:208} INFO - Processing /home/airflow/.local/lib/python3.12/site-packages/airflow/example_dags/example_dataset_alias.py took 1.091 seconds
[2025-03-30T14:10:53.153+0000] {processor.py:186} INFO - Started process (PID=2115) to work on /home/airflow/.local/lib/python3.12/site-packages/airflow/example_dags/example_dataset_alias.py
[2025-03-30T14:10:53.154+0000] {processor.py:914} INFO - Processing file /home/airflow/.local/lib/python3.12/site-packages/airflow/example_dags/example_dataset_alias.py for tasks to queue
[2025-03-30T14:10:53.156+0000] {logging_mixin.py:190} INFO - [2025-03-30T14:10:53.156+0000] {dagbag.py:588} INFO - Filling up the DagBag from /home/airflow/.local/lib/python3.12/site-packages/airflow/example_dags/example_dataset_alias.py
[2025-03-30T14:10:53.730+0000] {processor.py:925} INFO - DAG(s) 'dataset_alias_example_alias_consumer', 'dataset_s3_bucket_producer', 'dataset_s3_bucket_consumer', 'dataset_alias_example_alias_producer' retrieved from /home/airflow/.local/lib/python3.12/site-packages/airflow/example_dags/example_dataset_alias.py
[2025-03-30T14:10:53.749+0000] {logging_mixin.py:190} INFO - [2025-03-30T14:10:53.748+0000] {dag.py:3239} INFO - Sync 4 DAGs
[2025-03-30T14:10:53.770+0000] {logging_mixin.py:190} INFO - [2025-03-30T14:10:53.770+0000] {dag.py:4180} INFO - Setting next_dagrun for dataset_alias_example_alias_consumer to None, run_after=None
[2025-03-30T14:10:53.773+0000] {logging_mixin.py:190} INFO - [2025-03-30T14:10:53.773+0000] {dag.py:4180} INFO - Setting next_dagrun for dataset_alias_example_alias_producer to None, run_after=None
[2025-03-30T14:10:53.775+0000] {logging_mixin.py:190} INFO - [2025-03-30T14:10:53.775+0000] {dag.py:4180} INFO - Setting next_dagrun for dataset_s3_bucket_consumer to None, run_after=None
[2025-03-30T14:10:53.776+0000] {logging_mixin.py:190} INFO - [2025-03-30T14:10:53.776+0000] {dag.py:4180} INFO - Setting next_dagrun for dataset_s3_bucket_producer to None, run_after=None
[2025-03-30T14:10:53.805+0000] {processor.py:208} INFO - Processing /home/airflow/.local/lib/python3.12/site-packages/airflow/example_dags/example_dataset_alias.py took 0.660 seconds
[2025-03-30T14:11:24.025+0000] {processor.py:186} INFO - Started process (PID=2190) to work on /home/airflow/.local/lib/python3.12/site-packages/airflow/example_dags/example_dataset_alias.py
[2025-03-30T14:11:24.029+0000] {processor.py:914} INFO - Processing file /home/airflow/.local/lib/python3.12/site-packages/airflow/example_dags/example_dataset_alias.py for tasks to queue
[2025-03-30T14:11:24.035+0000] {logging_mixin.py:190} INFO - [2025-03-30T14:11:24.034+0000] {dagbag.py:588} INFO - Filling up the DagBag from /home/airflow/.local/lib/python3.12/site-packages/airflow/example_dags/example_dataset_alias.py
[2025-03-30T14:11:24.974+0000] {processor.py:925} INFO - DAG(s) 'dataset_s3_bucket_consumer', 'dataset_alias_example_alias_producer', 'dataset_s3_bucket_producer', 'dataset_alias_example_alias_consumer' retrieved from /home/airflow/.local/lib/python3.12/site-packages/airflow/example_dags/example_dataset_alias.py
[2025-03-30T14:11:25.059+0000] {logging_mixin.py:190} INFO - [2025-03-30T14:11:25.058+0000] {dag.py:3239} INFO - Sync 4 DAGs
[2025-03-30T14:11:25.139+0000] {logging_mixin.py:190} INFO - [2025-03-30T14:11:25.138+0000] {dag.py:4180} INFO - Setting next_dagrun for dataset_alias_example_alias_consumer to None, run_after=None
[2025-03-30T14:11:25.152+0000] {logging_mixin.py:190} INFO - [2025-03-30T14:11:25.152+0000] {dag.py:4180} INFO - Setting next_dagrun for dataset_alias_example_alias_producer to None, run_after=None
[2025-03-30T14:11:25.173+0000] {logging_mixin.py:190} INFO - [2025-03-30T14:11:25.163+0000] {dag.py:4180} INFO - Setting next_dagrun for dataset_s3_bucket_consumer to None, run_after=None
[2025-03-30T14:11:25.185+0000] {logging_mixin.py:190} INFO - [2025-03-30T14:11:25.184+0000] {dag.py:4180} INFO - Setting next_dagrun for dataset_s3_bucket_producer to None, run_after=None
[2025-03-30T14:11:25.237+0000] {processor.py:208} INFO - Processing /home/airflow/.local/lib/python3.12/site-packages/airflow/example_dags/example_dataset_alias.py took 1.227 seconds
[2025-03-30T14:11:55.770+0000] {processor.py:186} INFO - Started process (PID=2265) to work on /home/airflow/.local/lib/python3.12/site-packages/airflow/example_dags/example_dataset_alias.py
[2025-03-30T14:11:55.771+0000] {processor.py:914} INFO - Processing file /home/airflow/.local/lib/python3.12/site-packages/airflow/example_dags/example_dataset_alias.py for tasks to queue
[2025-03-30T14:11:55.773+0000] {logging_mixin.py:190} INFO - [2025-03-30T14:11:55.772+0000] {dagbag.py:588} INFO - Filling up the DagBag from /home/airflow/.local/lib/python3.12/site-packages/airflow/example_dags/example_dataset_alias.py
[2025-03-30T14:11:56.369+0000] {processor.py:925} INFO - DAG(s) 'dataset_s3_bucket_producer', 'dataset_alias_example_alias_producer', 'dataset_alias_example_alias_consumer', 'dataset_s3_bucket_consumer' retrieved from /home/airflow/.local/lib/python3.12/site-packages/airflow/example_dags/example_dataset_alias.py
[2025-03-30T14:11:56.388+0000] {logging_mixin.py:190} INFO - [2025-03-30T14:11:56.387+0000] {dag.py:3239} INFO - Sync 4 DAGs
[2025-03-30T14:11:56.406+0000] {logging_mixin.py:190} INFO - [2025-03-30T14:11:56.406+0000] {dag.py:4180} INFO - Setting next_dagrun for dataset_alias_example_alias_consumer to None, run_after=None
[2025-03-30T14:11:56.409+0000] {logging_mixin.py:190} INFO - [2025-03-30T14:11:56.408+0000] {dag.py:4180} INFO - Setting next_dagrun for dataset_alias_example_alias_producer to None, run_after=None
[2025-03-30T14:11:56.410+0000] {logging_mixin.py:190} INFO - [2025-03-30T14:11:56.410+0000] {dag.py:4180} INFO - Setting next_dagrun for dataset_s3_bucket_consumer to None, run_after=None
[2025-03-30T14:11:56.411+0000] {logging_mixin.py:190} INFO - [2025-03-30T14:11:56.411+0000] {dag.py:4180} INFO - Setting next_dagrun for dataset_s3_bucket_producer to None, run_after=None
[2025-03-30T14:11:56.442+0000] {processor.py:208} INFO - Processing /home/airflow/.local/lib/python3.12/site-packages/airflow/example_dags/example_dataset_alias.py took 0.680 seconds
[2025-03-30T14:12:26.604+0000] {processor.py:186} INFO - Started process (PID=2340) to work on /home/airflow/.local/lib/python3.12/site-packages/airflow/example_dags/example_dataset_alias.py
[2025-03-30T14:12:26.607+0000] {processor.py:914} INFO - Processing file /home/airflow/.local/lib/python3.12/site-packages/airflow/example_dags/example_dataset_alias.py for tasks to queue
[2025-03-30T14:12:26.610+0000] {logging_mixin.py:190} INFO - [2025-03-30T14:12:26.610+0000] {dagbag.py:588} INFO - Filling up the DagBag from /home/airflow/.local/lib/python3.12/site-packages/airflow/example_dags/example_dataset_alias.py
[2025-03-30T14:12:27.467+0000] {processor.py:925} INFO - DAG(s) 'dataset_s3_bucket_consumer', 'dataset_alias_example_alias_consumer', 'dataset_s3_bucket_producer', 'dataset_alias_example_alias_producer' retrieved from /home/airflow/.local/lib/python3.12/site-packages/airflow/example_dags/example_dataset_alias.py
[2025-03-30T14:12:27.492+0000] {logging_mixin.py:190} INFO - [2025-03-30T14:12:27.492+0000] {dag.py:3239} INFO - Sync 4 DAGs
[2025-03-30T14:12:27.522+0000] {logging_mixin.py:190} INFO - [2025-03-30T14:12:27.522+0000] {dag.py:4180} INFO - Setting next_dagrun for dataset_alias_example_alias_consumer to None, run_after=None
[2025-03-30T14:12:27.527+0000] {logging_mixin.py:190} INFO - [2025-03-30T14:12:27.526+0000] {dag.py:4180} INFO - Setting next_dagrun for dataset_alias_example_alias_producer to None, run_after=None
[2025-03-30T14:12:27.535+0000] {logging_mixin.py:190} INFO - [2025-03-30T14:12:27.534+0000] {dag.py:4180} INFO - Setting next_dagrun for dataset_s3_bucket_consumer to None, run_after=None
[2025-03-30T14:12:27.539+0000] {logging_mixin.py:190} INFO - [2025-03-30T14:12:27.539+0000] {dag.py:4180} INFO - Setting next_dagrun for dataset_s3_bucket_producer to None, run_after=None
[2025-03-30T14:12:27.587+0000] {processor.py:208} INFO - Processing /home/airflow/.local/lib/python3.12/site-packages/airflow/example_dags/example_dataset_alias.py took 1.002 seconds
[2025-03-30T14:12:57.693+0000] {processor.py:186} INFO - Started process (PID=2415) to work on /home/airflow/.local/lib/python3.12/site-packages/airflow/example_dags/example_dataset_alias.py
[2025-03-30T14:12:57.694+0000] {processor.py:914} INFO - Processing file /home/airflow/.local/lib/python3.12/site-packages/airflow/example_dags/example_dataset_alias.py for tasks to queue
[2025-03-30T14:12:57.696+0000] {logging_mixin.py:190} INFO - [2025-03-30T14:12:57.695+0000] {dagbag.py:588} INFO - Filling up the DagBag from /home/airflow/.local/lib/python3.12/site-packages/airflow/example_dags/example_dataset_alias.py
[2025-03-30T14:12:58.254+0000] {processor.py:925} INFO - DAG(s) 'dataset_alias_example_alias_consumer', 'dataset_s3_bucket_consumer', 'dataset_alias_example_alias_producer', 'dataset_s3_bucket_producer' retrieved from /home/airflow/.local/lib/python3.12/site-packages/airflow/example_dags/example_dataset_alias.py
[2025-03-30T14:12:58.273+0000] {logging_mixin.py:190} INFO - [2025-03-30T14:12:58.273+0000] {dag.py:3239} INFO - Sync 4 DAGs
[2025-03-30T14:12:58.296+0000] {logging_mixin.py:190} INFO - [2025-03-30T14:12:58.296+0000] {dag.py:4180} INFO - Setting next_dagrun for dataset_alias_example_alias_consumer to None, run_after=None
[2025-03-30T14:12:58.300+0000] {logging_mixin.py:190} INFO - [2025-03-30T14:12:58.300+0000] {dag.py:4180} INFO - Setting next_dagrun for dataset_alias_example_alias_producer to None, run_after=None
[2025-03-30T14:12:58.301+0000] {logging_mixin.py:190} INFO - [2025-03-30T14:12:58.301+0000] {dag.py:4180} INFO - Setting next_dagrun for dataset_s3_bucket_consumer to None, run_after=None
[2025-03-30T14:12:58.303+0000] {logging_mixin.py:190} INFO - [2025-03-30T14:12:58.302+0000] {dag.py:4180} INFO - Setting next_dagrun for dataset_s3_bucket_producer to None, run_after=None
[2025-03-30T14:12:58.324+0000] {processor.py:208} INFO - Processing /home/airflow/.local/lib/python3.12/site-packages/airflow/example_dags/example_dataset_alias.py took 0.639 seconds
[2025-03-30T14:13:28.791+0000] {processor.py:186} INFO - Started process (PID=2490) to work on /home/airflow/.local/lib/python3.12/site-packages/airflow/example_dags/example_dataset_alias.py
[2025-03-30T14:13:28.792+0000] {processor.py:914} INFO - Processing file /home/airflow/.local/lib/python3.12/site-packages/airflow/example_dags/example_dataset_alias.py for tasks to queue
[2025-03-30T14:13:28.794+0000] {logging_mixin.py:190} INFO - [2025-03-30T14:13:28.793+0000] {dagbag.py:588} INFO - Filling up the DagBag from /home/airflow/.local/lib/python3.12/site-packages/airflow/example_dags/example_dataset_alias.py
[2025-03-30T14:13:29.323+0000] {processor.py:925} INFO - DAG(s) 'dataset_s3_bucket_consumer', 'dataset_alias_example_alias_consumer', 'dataset_s3_bucket_producer', 'dataset_alias_example_alias_producer' retrieved from /home/airflow/.local/lib/python3.12/site-packages/airflow/example_dags/example_dataset_alias.py
[2025-03-30T14:13:29.341+0000] {logging_mixin.py:190} INFO - [2025-03-30T14:13:29.340+0000] {dag.py:3239} INFO - Sync 4 DAGs
[2025-03-30T14:13:29.358+0000] {logging_mixin.py:190} INFO - [2025-03-30T14:13:29.357+0000] {dag.py:4180} INFO - Setting next_dagrun for dataset_alias_example_alias_consumer to None, run_after=None
[2025-03-30T14:13:29.360+0000] {logging_mixin.py:190} INFO - [2025-03-30T14:13:29.360+0000] {dag.py:4180} INFO - Setting next_dagrun for dataset_alias_example_alias_producer to None, run_after=None
[2025-03-30T14:13:29.361+0000] {logging_mixin.py:190} INFO - [2025-03-30T14:13:29.361+0000] {dag.py:4180} INFO - Setting next_dagrun for dataset_s3_bucket_consumer to None, run_after=None
[2025-03-30T14:13:29.362+0000] {logging_mixin.py:190} INFO - [2025-03-30T14:13:29.362+0000] {dag.py:4180} INFO - Setting next_dagrun for dataset_s3_bucket_producer to None, run_after=None
[2025-03-30T14:13:29.381+0000] {processor.py:208} INFO - Processing /home/airflow/.local/lib/python3.12/site-packages/airflow/example_dags/example_dataset_alias.py took 0.598 seconds
[2025-03-30T14:13:59.543+0000] {processor.py:186} INFO - Started process (PID=2565) to work on /home/airflow/.local/lib/python3.12/site-packages/airflow/example_dags/example_dataset_alias.py
[2025-03-30T14:13:59.544+0000] {processor.py:914} INFO - Processing file /home/airflow/.local/lib/python3.12/site-packages/airflow/example_dags/example_dataset_alias.py for tasks to queue
[2025-03-30T14:13:59.545+0000] {logging_mixin.py:190} INFO - [2025-03-30T14:13:59.545+0000] {dagbag.py:588} INFO - Filling up the DagBag from /home/airflow/.local/lib/python3.12/site-packages/airflow/example_dags/example_dataset_alias.py
[2025-03-30T14:14:00.095+0000] {processor.py:925} INFO - DAG(s) 'dataset_s3_bucket_producer', 'dataset_alias_example_alias_producer', 'dataset_alias_example_alias_consumer', 'dataset_s3_bucket_consumer' retrieved from /home/airflow/.local/lib/python3.12/site-packages/airflow/example_dags/example_dataset_alias.py
[2025-03-30T14:14:00.118+0000] {logging_mixin.py:190} INFO - [2025-03-30T14:14:00.117+0000] {dag.py:3239} INFO - Sync 4 DAGs
[2025-03-30T14:14:00.135+0000] {logging_mixin.py:190} INFO - [2025-03-30T14:14:00.134+0000] {dag.py:4180} INFO - Setting next_dagrun for dataset_alias_example_alias_consumer to None, run_after=None
[2025-03-30T14:14:00.137+0000] {logging_mixin.py:190} INFO - [2025-03-30T14:14:00.137+0000] {dag.py:4180} INFO - Setting next_dagrun for dataset_alias_example_alias_producer to None, run_after=None
[2025-03-30T14:14:00.139+0000] {logging_mixin.py:190} INFO - [2025-03-30T14:14:00.138+0000] {dag.py:4180} INFO - Setting next_dagrun for dataset_s3_bucket_consumer to None, run_after=None
[2025-03-30T14:14:00.140+0000] {logging_mixin.py:190} INFO - [2025-03-30T14:14:00.140+0000] {dag.py:4180} INFO - Setting next_dagrun for dataset_s3_bucket_producer to None, run_after=None
[2025-03-30T14:14:00.167+0000] {processor.py:208} INFO - Processing /home/airflow/.local/lib/python3.12/site-packages/airflow/example_dags/example_dataset_alias.py took 0.632 seconds
[2025-03-30T14:14:30.302+0000] {processor.py:186} INFO - Started process (PID=2640) to work on /home/airflow/.local/lib/python3.12/site-packages/airflow/example_dags/example_dataset_alias.py
[2025-03-30T14:14:30.303+0000] {processor.py:914} INFO - Processing file /home/airflow/.local/lib/python3.12/site-packages/airflow/example_dags/example_dataset_alias.py for tasks to queue
[2025-03-30T14:14:30.304+0000] {logging_mixin.py:190} INFO - [2025-03-30T14:14:30.304+0000] {dagbag.py:588} INFO - Filling up the DagBag from /home/airflow/.local/lib/python3.12/site-packages/airflow/example_dags/example_dataset_alias.py
[2025-03-30T14:14:30.878+0000] {processor.py:925} INFO - DAG(s) 'dataset_alias_example_alias_producer', 'dataset_alias_example_alias_consumer', 'dataset_s3_bucket_producer', 'dataset_s3_bucket_consumer' retrieved from /home/airflow/.local/lib/python3.12/site-packages/airflow/example_dags/example_dataset_alias.py
[2025-03-30T14:14:30.896+0000] {logging_mixin.py:190} INFO - [2025-03-30T14:14:30.896+0000] {dag.py:3239} INFO - Sync 4 DAGs
[2025-03-30T14:14:30.914+0000] {logging_mixin.py:190} INFO - [2025-03-30T14:14:30.914+0000] {dag.py:4180} INFO - Setting next_dagrun for dataset_alias_example_alias_consumer to None, run_after=None
[2025-03-30T14:14:30.917+0000] {logging_mixin.py:190} INFO - [2025-03-30T14:14:30.917+0000] {dag.py:4180} INFO - Setting next_dagrun for dataset_alias_example_alias_producer to None, run_after=None
[2025-03-30T14:14:30.918+0000] {logging_mixin.py:190} INFO - [2025-03-30T14:14:30.918+0000] {dag.py:4180} INFO - Setting next_dagrun for dataset_s3_bucket_consumer to None, run_after=None
[2025-03-30T14:14:30.920+0000] {logging_mixin.py:190} INFO - [2025-03-30T14:14:30.920+0000] {dag.py:4180} INFO - Setting next_dagrun for dataset_s3_bucket_producer to None, run_after=None
[2025-03-30T14:14:30.952+0000] {processor.py:208} INFO - Processing /home/airflow/.local/lib/python3.12/site-packages/airflow/example_dags/example_dataset_alias.py took 0.659 seconds
[2025-03-30T14:15:01.135+0000] {processor.py:186} INFO - Started process (PID=2715) to work on /home/airflow/.local/lib/python3.12/site-packages/airflow/example_dags/example_dataset_alias.py
[2025-03-30T14:15:01.135+0000] {processor.py:914} INFO - Processing file /home/airflow/.local/lib/python3.12/site-packages/airflow/example_dags/example_dataset_alias.py for tasks to queue
[2025-03-30T14:15:01.137+0000] {logging_mixin.py:190} INFO - [2025-03-30T14:15:01.136+0000] {dagbag.py:588} INFO - Filling up the DagBag from /home/airflow/.local/lib/python3.12/site-packages/airflow/example_dags/example_dataset_alias.py
[2025-03-30T14:15:01.660+0000] {processor.py:925} INFO - DAG(s) 'dataset_s3_bucket_producer', 'dataset_alias_example_alias_consumer', 'dataset_s3_bucket_consumer', 'dataset_alias_example_alias_producer' retrieved from /home/airflow/.local/lib/python3.12/site-packages/airflow/example_dags/example_dataset_alias.py
[2025-03-30T14:15:01.677+0000] {logging_mixin.py:190} INFO - [2025-03-30T14:15:01.676+0000] {dag.py:3239} INFO - Sync 4 DAGs
[2025-03-30T14:15:01.698+0000] {logging_mixin.py:190} INFO - [2025-03-30T14:15:01.698+0000] {dag.py:4180} INFO - Setting next_dagrun for dataset_alias_example_alias_consumer to None, run_after=None
[2025-03-30T14:15:01.700+0000] {logging_mixin.py:190} INFO - [2025-03-30T14:15:01.700+0000] {dag.py:4180} INFO - Setting next_dagrun for dataset_alias_example_alias_producer to None, run_after=None
[2025-03-30T14:15:01.702+0000] {logging_mixin.py:190} INFO - [2025-03-30T14:15:01.702+0000] {dag.py:4180} INFO - Setting next_dagrun for dataset_s3_bucket_consumer to None, run_after=None
[2025-03-30T14:15:01.703+0000] {logging_mixin.py:190} INFO - [2025-03-30T14:15:01.703+0000] {dag.py:4180} INFO - Setting next_dagrun for dataset_s3_bucket_producer to None, run_after=None
[2025-03-30T14:15:01.732+0000] {processor.py:208} INFO - Processing /home/airflow/.local/lib/python3.12/site-packages/airflow/example_dags/example_dataset_alias.py took 0.605 seconds
[2025-03-30T14:15:32.332+0000] {processor.py:186} INFO - Started process (PID=2790) to work on /home/airflow/.local/lib/python3.12/site-packages/airflow/example_dags/example_dataset_alias.py
[2025-03-30T14:15:32.333+0000] {processor.py:914} INFO - Processing file /home/airflow/.local/lib/python3.12/site-packages/airflow/example_dags/example_dataset_alias.py for tasks to queue
[2025-03-30T14:15:32.334+0000] {logging_mixin.py:190} INFO - [2025-03-30T14:15:32.333+0000] {dagbag.py:588} INFO - Filling up the DagBag from /home/airflow/.local/lib/python3.12/site-packages/airflow/example_dags/example_dataset_alias.py
[2025-03-30T14:15:32.867+0000] {processor.py:925} INFO - DAG(s) 'dataset_alias_example_alias_consumer', 'dataset_s3_bucket_consumer', 'dataset_s3_bucket_producer', 'dataset_alias_example_alias_producer' retrieved from /home/airflow/.local/lib/python3.12/site-packages/airflow/example_dags/example_dataset_alias.py
[2025-03-30T14:15:32.882+0000] {logging_mixin.py:190} INFO - [2025-03-30T14:15:32.881+0000] {dag.py:3239} INFO - Sync 4 DAGs
[2025-03-30T14:15:32.900+0000] {logging_mixin.py:190} INFO - [2025-03-30T14:15:32.900+0000] {dag.py:4180} INFO - Setting next_dagrun for dataset_alias_example_alias_consumer to None, run_after=None
[2025-03-30T14:15:32.902+0000] {logging_mixin.py:190} INFO - [2025-03-30T14:15:32.902+0000] {dag.py:4180} INFO - Setting next_dagrun for dataset_alias_example_alias_producer to None, run_after=None
[2025-03-30T14:15:32.903+0000] {logging_mixin.py:190} INFO - [2025-03-30T14:15:32.903+0000] {dag.py:4180} INFO - Setting next_dagrun for dataset_s3_bucket_consumer to None, run_after=None
[2025-03-30T14:15:32.904+0000] {logging_mixin.py:190} INFO - [2025-03-30T14:15:32.904+0000] {dag.py:4180} INFO - Setting next_dagrun for dataset_s3_bucket_producer to None, run_after=None
[2025-03-30T14:15:32.918+0000] {processor.py:208} INFO - Processing /home/airflow/.local/lib/python3.12/site-packages/airflow/example_dags/example_dataset_alias.py took 0.594 seconds
[2025-03-30T14:16:04.121+0000] {processor.py:186} INFO - Started process (PID=2868) to work on /home/airflow/.local/lib/python3.12/site-packages/airflow/example_dags/example_dataset_alias.py
[2025-03-30T14:16:04.122+0000] {processor.py:914} INFO - Processing file /home/airflow/.local/lib/python3.12/site-packages/airflow/example_dags/example_dataset_alias.py for tasks to queue
[2025-03-30T14:16:04.123+0000] {logging_mixin.py:190} INFO - [2025-03-30T14:16:04.123+0000] {dagbag.py:588} INFO - Filling up the DagBag from /home/airflow/.local/lib/python3.12/site-packages/airflow/example_dags/example_dataset_alias.py
[2025-03-30T14:16:04.684+0000] {processor.py:925} INFO - DAG(s) 'dataset_alias_example_alias_consumer', 'dataset_s3_bucket_consumer', 'dataset_s3_bucket_producer', 'dataset_alias_example_alias_producer' retrieved from /home/airflow/.local/lib/python3.12/site-packages/airflow/example_dags/example_dataset_alias.py
[2025-03-30T14:16:04.702+0000] {logging_mixin.py:190} INFO - [2025-03-30T14:16:04.702+0000] {dag.py:3239} INFO - Sync 4 DAGs
[2025-03-30T14:16:04.720+0000] {logging_mixin.py:190} INFO - [2025-03-30T14:16:04.720+0000] {dag.py:4180} INFO - Setting next_dagrun for dataset_alias_example_alias_consumer to None, run_after=None
[2025-03-30T14:16:04.723+0000] {logging_mixin.py:190} INFO - [2025-03-30T14:16:04.723+0000] {dag.py:4180} INFO - Setting next_dagrun for dataset_alias_example_alias_producer to None, run_after=None
[2025-03-30T14:16:04.724+0000] {logging_mixin.py:190} INFO - [2025-03-30T14:16:04.724+0000] {dag.py:4180} INFO - Setting next_dagrun for dataset_s3_bucket_consumer to None, run_after=None
[2025-03-30T14:16:04.725+0000] {logging_mixin.py:190} INFO - [2025-03-30T14:16:04.725+0000] {dag.py:4180} INFO - Setting next_dagrun for dataset_s3_bucket_producer to None, run_after=None
[2025-03-30T14:16:04.748+0000] {processor.py:208} INFO - Processing /home/airflow/.local/lib/python3.12/site-packages/airflow/example_dags/example_dataset_alias.py took 0.636 seconds
[2025-03-30T14:16:35.732+0000] {processor.py:186} INFO - Started process (PID=2946) to work on /home/airflow/.local/lib/python3.12/site-packages/airflow/example_dags/example_dataset_alias.py
[2025-03-30T14:16:35.733+0000] {processor.py:914} INFO - Processing file /home/airflow/.local/lib/python3.12/site-packages/airflow/example_dags/example_dataset_alias.py for tasks to queue
[2025-03-30T14:16:35.735+0000] {logging_mixin.py:190} INFO - [2025-03-30T14:16:35.734+0000] {dagbag.py:588} INFO - Filling up the DagBag from /home/airflow/.local/lib/python3.12/site-packages/airflow/example_dags/example_dataset_alias.py
[2025-03-30T14:16:36.278+0000] {processor.py:925} INFO - DAG(s) 'dataset_s3_bucket_producer', 'dataset_alias_example_alias_consumer', 'dataset_s3_bucket_consumer', 'dataset_alias_example_alias_producer' retrieved from /home/airflow/.local/lib/python3.12/site-packages/airflow/example_dags/example_dataset_alias.py
[2025-03-30T14:16:36.297+0000] {logging_mixin.py:190} INFO - [2025-03-30T14:16:36.297+0000] {dag.py:3239} INFO - Sync 4 DAGs
[2025-03-30T14:16:36.316+0000] {logging_mixin.py:190} INFO - [2025-03-30T14:16:36.316+0000] {dag.py:4180} INFO - Setting next_dagrun for dataset_alias_example_alias_consumer to None, run_after=None
[2025-03-30T14:16:36.318+0000] {logging_mixin.py:190} INFO - [2025-03-30T14:16:36.318+0000] {dag.py:4180} INFO - Setting next_dagrun for dataset_alias_example_alias_producer to None, run_after=None
[2025-03-30T14:16:36.319+0000] {logging_mixin.py:190} INFO - [2025-03-30T14:16:36.319+0000] {dag.py:4180} INFO - Setting next_dagrun for dataset_s3_bucket_consumer to None, run_after=None
[2025-03-30T14:16:36.321+0000] {logging_mixin.py:190} INFO - [2025-03-30T14:16:36.320+0000] {dag.py:4180} INFO - Setting next_dagrun for dataset_s3_bucket_producer to None, run_after=None
[2025-03-30T14:16:36.346+0000] {processor.py:208} INFO - Processing /home/airflow/.local/lib/python3.12/site-packages/airflow/example_dags/example_dataset_alias.py took 0.622 seconds
[2025-03-30T14:17:07.575+0000] {processor.py:186} INFO - Started process (PID=3026) to work on /home/airflow/.local/lib/python3.12/site-packages/airflow/example_dags/example_dataset_alias.py
[2025-03-30T14:17:07.576+0000] {processor.py:914} INFO - Processing file /home/airflow/.local/lib/python3.12/site-packages/airflow/example_dags/example_dataset_alias.py for tasks to queue
[2025-03-30T14:17:07.578+0000] {logging_mixin.py:190} INFO - [2025-03-30T14:17:07.577+0000] {dagbag.py:588} INFO - Filling up the DagBag from /home/airflow/.local/lib/python3.12/site-packages/airflow/example_dags/example_dataset_alias.py
[2025-03-30T14:17:08.095+0000] {processor.py:925} INFO - DAG(s) 'dataset_s3_bucket_consumer', 'dataset_s3_bucket_producer', 'dataset_alias_example_alias_producer', 'dataset_alias_example_alias_consumer' retrieved from /home/airflow/.local/lib/python3.12/site-packages/airflow/example_dags/example_dataset_alias.py
[2025-03-30T14:17:08.113+0000] {logging_mixin.py:190} INFO - [2025-03-30T14:17:08.113+0000] {dag.py:3239} INFO - Sync 4 DAGs
[2025-03-30T14:17:08.133+0000] {logging_mixin.py:190} INFO - [2025-03-30T14:17:08.133+0000] {dag.py:4180} INFO - Setting next_dagrun for dataset_alias_example_alias_consumer to None, run_after=None
[2025-03-30T14:17:08.135+0000] {logging_mixin.py:190} INFO - [2025-03-30T14:17:08.135+0000] {dag.py:4180} INFO - Setting next_dagrun for dataset_alias_example_alias_producer to None, run_after=None
[2025-03-30T14:17:08.138+0000] {logging_mixin.py:190} INFO - [2025-03-30T14:17:08.138+0000] {dag.py:4180} INFO - Setting next_dagrun for dataset_s3_bucket_consumer to None, run_after=None
[2025-03-30T14:17:08.139+0000] {logging_mixin.py:190} INFO - [2025-03-30T14:17:08.139+0000] {dag.py:4180} INFO - Setting next_dagrun for dataset_s3_bucket_producer to None, run_after=None
[2025-03-30T14:17:08.163+0000] {processor.py:208} INFO - Processing /home/airflow/.local/lib/python3.12/site-packages/airflow/example_dags/example_dataset_alias.py took 0.595 seconds
[2025-03-30T14:17:38.942+0000] {processor.py:186} INFO - Started process (PID=3105) to work on /home/airflow/.local/lib/python3.12/site-packages/airflow/example_dags/example_dataset_alias.py
[2025-03-30T14:17:38.943+0000] {processor.py:914} INFO - Processing file /home/airflow/.local/lib/python3.12/site-packages/airflow/example_dags/example_dataset_alias.py for tasks to queue
[2025-03-30T14:17:38.944+0000] {logging_mixin.py:190} INFO - [2025-03-30T14:17:38.944+0000] {dagbag.py:588} INFO - Filling up the DagBag from /home/airflow/.local/lib/python3.12/site-packages/airflow/example_dags/example_dataset_alias.py
[2025-03-30T14:17:39.463+0000] {processor.py:925} INFO - DAG(s) 'dataset_s3_bucket_producer', 'dataset_alias_example_alias_consumer', 'dataset_s3_bucket_consumer', 'dataset_alias_example_alias_producer' retrieved from /home/airflow/.local/lib/python3.12/site-packages/airflow/example_dags/example_dataset_alias.py
[2025-03-30T14:17:39.478+0000] {logging_mixin.py:190} INFO - [2025-03-30T14:17:39.478+0000] {dag.py:3239} INFO - Sync 4 DAGs
[2025-03-30T14:17:39.496+0000] {logging_mixin.py:190} INFO - [2025-03-30T14:17:39.496+0000] {dag.py:4180} INFO - Setting next_dagrun for dataset_alias_example_alias_consumer to None, run_after=None
[2025-03-30T14:17:39.498+0000] {logging_mixin.py:190} INFO - [2025-03-30T14:17:39.498+0000] {dag.py:4180} INFO - Setting next_dagrun for dataset_alias_example_alias_producer to None, run_after=None
[2025-03-30T14:17:39.499+0000] {logging_mixin.py:190} INFO - [2025-03-30T14:17:39.499+0000] {dag.py:4180} INFO - Setting next_dagrun for dataset_s3_bucket_consumer to None, run_after=None
[2025-03-30T14:17:39.500+0000] {logging_mixin.py:190} INFO - [2025-03-30T14:17:39.500+0000] {dag.py:4180} INFO - Setting next_dagrun for dataset_s3_bucket_producer to None, run_after=None
[2025-03-30T14:17:39.516+0000] {processor.py:208} INFO - Processing /home/airflow/.local/lib/python3.12/site-packages/airflow/example_dags/example_dataset_alias.py took 0.581 seconds
[2025-03-30T14:18:11.824+0000] {processor.py:186} INFO - Started process (PID=3189) to work on /home/airflow/.local/lib/python3.12/site-packages/airflow/example_dags/example_dataset_alias.py
[2025-03-30T14:18:11.825+0000] {processor.py:914} INFO - Processing file /home/airflow/.local/lib/python3.12/site-packages/airflow/example_dags/example_dataset_alias.py for tasks to queue
[2025-03-30T14:18:11.827+0000] {logging_mixin.py:190} INFO - [2025-03-30T14:18:11.826+0000] {dagbag.py:588} INFO - Filling up the DagBag from /home/airflow/.local/lib/python3.12/site-packages/airflow/example_dags/example_dataset_alias.py
[2025-03-30T14:18:12.452+0000] {processor.py:925} INFO - DAG(s) 'dataset_s3_bucket_consumer', 'dataset_alias_example_alias_consumer', 'dataset_alias_example_alias_producer', 'dataset_s3_bucket_producer' retrieved from /home/airflow/.local/lib/python3.12/site-packages/airflow/example_dags/example_dataset_alias.py
[2025-03-30T14:18:12.478+0000] {logging_mixin.py:190} INFO - [2025-03-30T14:18:12.477+0000] {dag.py:3239} INFO - Sync 4 DAGs
[2025-03-30T14:18:12.504+0000] {logging_mixin.py:190} INFO - [2025-03-30T14:18:12.504+0000] {dag.py:4180} INFO - Setting next_dagrun for dataset_alias_example_alias_consumer to None, run_after=None
[2025-03-30T14:18:12.508+0000] {logging_mixin.py:190} INFO - [2025-03-30T14:18:12.507+0000] {dag.py:4180} INFO - Setting next_dagrun for dataset_alias_example_alias_producer to None, run_after=None
[2025-03-30T14:18:12.509+0000] {logging_mixin.py:190} INFO - [2025-03-30T14:18:12.509+0000] {dag.py:4180} INFO - Setting next_dagrun for dataset_s3_bucket_consumer to None, run_after=None
[2025-03-30T14:18:12.511+0000] {logging_mixin.py:190} INFO - [2025-03-30T14:18:12.511+0000] {dag.py:4180} INFO - Setting next_dagrun for dataset_s3_bucket_producer to None, run_after=None
[2025-03-30T14:18:12.542+0000] {processor.py:208} INFO - Processing /home/airflow/.local/lib/python3.12/site-packages/airflow/example_dags/example_dataset_alias.py took 0.726 seconds
