[2025-03-30T13:57:18.692+0000] {processor.py:186} INFO - Started process (PID=100) to work on /home/airflow/.local/lib/python3.12/site-packages/airflow/example_dags/example_inlet_event_extra.py
[2025-03-30T13:57:18.692+0000] {processor.py:914} INFO - Processing file /home/airflow/.local/lib/python3.12/site-packages/airflow/example_dags/example_inlet_event_extra.py for tasks to queue
[2025-03-30T13:57:18.695+0000] {logging_mixin.py:190} INFO - [2025-03-30T13:57:18.694+0000] {dagbag.py:588} INFO - Filling up the DagBag from /home/airflow/.local/lib/python3.12/site-packages/airflow/example_dags/example_inlet_event_extra.py
[2025-03-30T13:57:19.610+0000] {processor.py:925} INFO - DAG(s) 'read_dataset_event', 'read_dataset_event_from_classic' retrieved from /home/airflow/.local/lib/python3.12/site-packages/airflow/example_dags/example_inlet_event_extra.py
[2025-03-30T13:57:19.641+0000] {logging_mixin.py:190} INFO - [2025-03-30T13:57:19.641+0000] {dag.py:3239} INFO - Sync 2 DAGs
[2025-03-30T13:57:19.676+0000] {logging_mixin.py:190} INFO - [2025-03-30T13:57:19.676+0000] {dag.py:4180} INFO - Setting next_dagrun for read_dataset_event to 2025-03-29 00:00:00+00:00, run_after=2025-03-30 00:00:00+00:00
[2025-03-30T13:57:19.683+0000] {logging_mixin.py:190} INFO - [2025-03-30T13:57:19.683+0000] {dag.py:4180} INFO - Setting next_dagrun for read_dataset_event_from_classic to 2025-03-29 00:00:00+00:00, run_after=2025-03-30 00:00:00+00:00
[2025-03-30T13:57:19.831+0000] {processor.py:208} INFO - Processing /home/airflow/.local/lib/python3.12/site-packages/airflow/example_dags/example_inlet_event_extra.py took 1.144 seconds
[2025-03-30T13:57:50.715+0000] {processor.py:186} INFO - Started process (PID=175) to work on /home/airflow/.local/lib/python3.12/site-packages/airflow/example_dags/example_inlet_event_extra.py
[2025-03-30T13:57:50.716+0000] {processor.py:914} INFO - Processing file /home/airflow/.local/lib/python3.12/site-packages/airflow/example_dags/example_inlet_event_extra.py for tasks to queue
[2025-03-30T13:57:50.719+0000] {logging_mixin.py:190} INFO - [2025-03-30T13:57:50.719+0000] {dagbag.py:588} INFO - Filling up the DagBag from /home/airflow/.local/lib/python3.12/site-packages/airflow/example_dags/example_inlet_event_extra.py
[2025-03-30T13:57:51.371+0000] {processor.py:925} INFO - DAG(s) 'read_dataset_event_from_classic', 'read_dataset_event' retrieved from /home/airflow/.local/lib/python3.12/site-packages/airflow/example_dags/example_inlet_event_extra.py
[2025-03-30T13:57:51.405+0000] {logging_mixin.py:190} INFO - [2025-03-30T13:57:51.404+0000] {dag.py:3239} INFO - Sync 2 DAGs
[2025-03-30T13:57:51.433+0000] {logging_mixin.py:190} INFO - [2025-03-30T13:57:51.433+0000] {dag.py:4180} INFO - Setting next_dagrun for read_dataset_event to 2025-03-29 00:00:00+00:00, run_after=2025-03-30 00:00:00+00:00
[2025-03-30T13:57:51.441+0000] {logging_mixin.py:190} INFO - [2025-03-30T13:57:51.440+0000] {dag.py:4180} INFO - Setting next_dagrun for read_dataset_event_from_classic to 2025-03-29 00:00:00+00:00, run_after=2025-03-30 00:00:00+00:00
[2025-03-30T13:57:51.700+0000] {processor.py:208} INFO - Processing /home/airflow/.local/lib/python3.12/site-packages/airflow/example_dags/example_inlet_event_extra.py took 0.992 seconds
[2025-03-30T13:58:21.940+0000] {processor.py:186} INFO - Started process (PID=250) to work on /home/airflow/.local/lib/python3.12/site-packages/airflow/example_dags/example_inlet_event_extra.py
[2025-03-30T13:58:21.941+0000] {processor.py:914} INFO - Processing file /home/airflow/.local/lib/python3.12/site-packages/airflow/example_dags/example_inlet_event_extra.py for tasks to queue
[2025-03-30T13:58:21.943+0000] {logging_mixin.py:190} INFO - [2025-03-30T13:58:21.943+0000] {dagbag.py:588} INFO - Filling up the DagBag from /home/airflow/.local/lib/python3.12/site-packages/airflow/example_dags/example_inlet_event_extra.py
[2025-03-30T13:58:22.543+0000] {processor.py:925} INFO - DAG(s) 'read_dataset_event', 'read_dataset_event_from_classic' retrieved from /home/airflow/.local/lib/python3.12/site-packages/airflow/example_dags/example_inlet_event_extra.py
[2025-03-30T13:58:22.559+0000] {logging_mixin.py:190} INFO - [2025-03-30T13:58:22.559+0000] {dag.py:3239} INFO - Sync 2 DAGs
[2025-03-30T13:58:22.578+0000] {logging_mixin.py:190} INFO - [2025-03-30T13:58:22.578+0000] {dag.py:4180} INFO - Setting next_dagrun for read_dataset_event to 2025-03-29 00:00:00+00:00, run_after=2025-03-30 00:00:00+00:00
[2025-03-30T13:58:22.583+0000] {logging_mixin.py:190} INFO - [2025-03-30T13:58:22.583+0000] {dag.py:4180} INFO - Setting next_dagrun for read_dataset_event_from_classic to 2025-03-29 00:00:00+00:00, run_after=2025-03-30 00:00:00+00:00
[2025-03-30T13:58:22.637+0000] {processor.py:208} INFO - Processing /home/airflow/.local/lib/python3.12/site-packages/airflow/example_dags/example_inlet_event_extra.py took 0.701 seconds
[2025-03-30T13:58:52.960+0000] {processor.py:186} INFO - Started process (PID=325) to work on /home/airflow/.local/lib/python3.12/site-packages/airflow/example_dags/example_inlet_event_extra.py
[2025-03-30T13:58:52.961+0000] {processor.py:914} INFO - Processing file /home/airflow/.local/lib/python3.12/site-packages/airflow/example_dags/example_inlet_event_extra.py for tasks to queue
[2025-03-30T13:58:52.963+0000] {logging_mixin.py:190} INFO - [2025-03-30T13:58:52.963+0000] {dagbag.py:588} INFO - Filling up the DagBag from /home/airflow/.local/lib/python3.12/site-packages/airflow/example_dags/example_inlet_event_extra.py
[2025-03-30T13:58:53.499+0000] {processor.py:925} INFO - DAG(s) 'read_dataset_event', 'read_dataset_event_from_classic' retrieved from /home/airflow/.local/lib/python3.12/site-packages/airflow/example_dags/example_inlet_event_extra.py
[2025-03-30T13:58:53.518+0000] {logging_mixin.py:190} INFO - [2025-03-30T13:58:53.518+0000] {dag.py:3239} INFO - Sync 2 DAGs
[2025-03-30T13:58:53.542+0000] {logging_mixin.py:190} INFO - [2025-03-30T13:58:53.542+0000] {dag.py:4180} INFO - Setting next_dagrun for read_dataset_event to 2025-03-29 00:00:00+00:00, run_after=2025-03-30 00:00:00+00:00
[2025-03-30T13:58:53.547+0000] {logging_mixin.py:190} INFO - [2025-03-30T13:58:53.547+0000] {dag.py:4180} INFO - Setting next_dagrun for read_dataset_event_from_classic to 2025-03-29 00:00:00+00:00, run_after=2025-03-30 00:00:00+00:00
[2025-03-30T13:58:53.573+0000] {processor.py:208} INFO - Processing /home/airflow/.local/lib/python3.12/site-packages/airflow/example_dags/example_inlet_event_extra.py took 0.618 seconds
[2025-03-30T13:59:23.723+0000] {processor.py:186} INFO - Started process (PID=400) to work on /home/airflow/.local/lib/python3.12/site-packages/airflow/example_dags/example_inlet_event_extra.py
[2025-03-30T13:59:23.724+0000] {processor.py:914} INFO - Processing file /home/airflow/.local/lib/python3.12/site-packages/airflow/example_dags/example_inlet_event_extra.py for tasks to queue
[2025-03-30T13:59:23.725+0000] {logging_mixin.py:190} INFO - [2025-03-30T13:59:23.725+0000] {dagbag.py:588} INFO - Filling up the DagBag from /home/airflow/.local/lib/python3.12/site-packages/airflow/example_dags/example_inlet_event_extra.py
[2025-03-30T13:59:24.220+0000] {processor.py:925} INFO - DAG(s) 'read_dataset_event', 'read_dataset_event_from_classic' retrieved from /home/airflow/.local/lib/python3.12/site-packages/airflow/example_dags/example_inlet_event_extra.py
[2025-03-30T13:59:24.238+0000] {logging_mixin.py:190} INFO - [2025-03-30T13:59:24.238+0000] {dag.py:3239} INFO - Sync 2 DAGs
[2025-03-30T13:59:24.257+0000] {logging_mixin.py:190} INFO - [2025-03-30T13:59:24.257+0000] {dag.py:4180} INFO - Setting next_dagrun for read_dataset_event to 2025-03-29 00:00:00+00:00, run_after=2025-03-30 00:00:00+00:00
[2025-03-30T13:59:24.261+0000] {logging_mixin.py:190} INFO - [2025-03-30T13:59:24.261+0000] {dag.py:4180} INFO - Setting next_dagrun for read_dataset_event_from_classic to 2025-03-29 00:00:00+00:00, run_after=2025-03-30 00:00:00+00:00
[2025-03-30T13:59:24.287+0000] {processor.py:208} INFO - Processing /home/airflow/.local/lib/python3.12/site-packages/airflow/example_dags/example_inlet_event_extra.py took 0.568 seconds
[2025-03-30T13:59:54.483+0000] {processor.py:186} INFO - Started process (PID=475) to work on /home/airflow/.local/lib/python3.12/site-packages/airflow/example_dags/example_inlet_event_extra.py
[2025-03-30T13:59:54.484+0000] {processor.py:914} INFO - Processing file /home/airflow/.local/lib/python3.12/site-packages/airflow/example_dags/example_inlet_event_extra.py for tasks to queue
[2025-03-30T13:59:54.490+0000] {logging_mixin.py:190} INFO - [2025-03-30T13:59:54.489+0000] {dagbag.py:588} INFO - Filling up the DagBag from /home/airflow/.local/lib/python3.12/site-packages/airflow/example_dags/example_inlet_event_extra.py
[2025-03-30T13:59:55.034+0000] {processor.py:925} INFO - DAG(s) 'read_dataset_event', 'read_dataset_event_from_classic' retrieved from /home/airflow/.local/lib/python3.12/site-packages/airflow/example_dags/example_inlet_event_extra.py
[2025-03-30T13:59:55.053+0000] {logging_mixin.py:190} INFO - [2025-03-30T13:59:55.052+0000] {dag.py:3239} INFO - Sync 2 DAGs
[2025-03-30T13:59:55.075+0000] {logging_mixin.py:190} INFO - [2025-03-30T13:59:55.075+0000] {dag.py:4180} INFO - Setting next_dagrun for read_dataset_event to 2025-03-29 00:00:00+00:00, run_after=2025-03-30 00:00:00+00:00
[2025-03-30T13:59:55.080+0000] {logging_mixin.py:190} INFO - [2025-03-30T13:59:55.080+0000] {dag.py:4180} INFO - Setting next_dagrun for read_dataset_event_from_classic to 2025-03-29 00:00:00+00:00, run_after=2025-03-30 00:00:00+00:00
[2025-03-30T13:59:55.106+0000] {processor.py:208} INFO - Processing /home/airflow/.local/lib/python3.12/site-packages/airflow/example_dags/example_inlet_event_extra.py took 0.628 seconds
[2025-03-30T14:00:25.393+0000] {processor.py:186} INFO - Started process (PID=550) to work on /home/airflow/.local/lib/python3.12/site-packages/airflow/example_dags/example_inlet_event_extra.py
[2025-03-30T14:00:25.394+0000] {processor.py:914} INFO - Processing file /home/airflow/.local/lib/python3.12/site-packages/airflow/example_dags/example_inlet_event_extra.py for tasks to queue
[2025-03-30T14:00:25.396+0000] {logging_mixin.py:190} INFO - [2025-03-30T14:00:25.396+0000] {dagbag.py:588} INFO - Filling up the DagBag from /home/airflow/.local/lib/python3.12/site-packages/airflow/example_dags/example_inlet_event_extra.py
[2025-03-30T14:00:25.928+0000] {processor.py:925} INFO - DAG(s) 'read_dataset_event', 'read_dataset_event_from_classic' retrieved from /home/airflow/.local/lib/python3.12/site-packages/airflow/example_dags/example_inlet_event_extra.py
[2025-03-30T14:00:25.948+0000] {logging_mixin.py:190} INFO - [2025-03-30T14:00:25.947+0000] {dag.py:3239} INFO - Sync 2 DAGs
[2025-03-30T14:00:25.971+0000] {logging_mixin.py:190} INFO - [2025-03-30T14:00:25.970+0000] {dag.py:4180} INFO - Setting next_dagrun for read_dataset_event to 2025-03-29 00:00:00+00:00, run_after=2025-03-30 00:00:00+00:00
[2025-03-30T14:00:25.975+0000] {logging_mixin.py:190} INFO - [2025-03-30T14:00:25.975+0000] {dag.py:4180} INFO - Setting next_dagrun for read_dataset_event_from_classic to 2025-03-29 00:00:00+00:00, run_after=2025-03-30 00:00:00+00:00
[2025-03-30T14:00:26.001+0000] {processor.py:208} INFO - Processing /home/airflow/.local/lib/python3.12/site-packages/airflow/example_dags/example_inlet_event_extra.py took 0.612 seconds
[2025-03-30T14:00:56.258+0000] {processor.py:186} INFO - Started process (PID=625) to work on /home/airflow/.local/lib/python3.12/site-packages/airflow/example_dags/example_inlet_event_extra.py
[2025-03-30T14:00:56.259+0000] {processor.py:914} INFO - Processing file /home/airflow/.local/lib/python3.12/site-packages/airflow/example_dags/example_inlet_event_extra.py for tasks to queue
[2025-03-30T14:00:56.261+0000] {logging_mixin.py:190} INFO - [2025-03-30T14:00:56.261+0000] {dagbag.py:588} INFO - Filling up the DagBag from /home/airflow/.local/lib/python3.12/site-packages/airflow/example_dags/example_inlet_event_extra.py
[2025-03-30T14:00:56.790+0000] {processor.py:925} INFO - DAG(s) 'read_dataset_event_from_classic', 'read_dataset_event' retrieved from /home/airflow/.local/lib/python3.12/site-packages/airflow/example_dags/example_inlet_event_extra.py
[2025-03-30T14:00:56.811+0000] {logging_mixin.py:190} INFO - [2025-03-30T14:00:56.810+0000] {dag.py:3239} INFO - Sync 2 DAGs
[2025-03-30T14:00:56.830+0000] {logging_mixin.py:190} INFO - [2025-03-30T14:00:56.830+0000] {dag.py:4180} INFO - Setting next_dagrun for read_dataset_event to 2025-03-29 00:00:00+00:00, run_after=2025-03-30 00:00:00+00:00
[2025-03-30T14:00:56.837+0000] {logging_mixin.py:190} INFO - [2025-03-30T14:00:56.837+0000] {dag.py:4180} INFO - Setting next_dagrun for read_dataset_event_from_classic to 2025-03-29 00:00:00+00:00, run_after=2025-03-30 00:00:00+00:00
[2025-03-30T14:00:56.862+0000] {processor.py:208} INFO - Processing /home/airflow/.local/lib/python3.12/site-packages/airflow/example_dags/example_inlet_event_extra.py took 0.608 seconds
[2025-03-30T14:01:27.067+0000] {processor.py:186} INFO - Started process (PID=700) to work on /home/airflow/.local/lib/python3.12/site-packages/airflow/example_dags/example_inlet_event_extra.py
[2025-03-30T14:01:27.068+0000] {processor.py:914} INFO - Processing file /home/airflow/.local/lib/python3.12/site-packages/airflow/example_dags/example_inlet_event_extra.py for tasks to queue
[2025-03-30T14:01:27.071+0000] {logging_mixin.py:190} INFO - [2025-03-30T14:01:27.071+0000] {dagbag.py:588} INFO - Filling up the DagBag from /home/airflow/.local/lib/python3.12/site-packages/airflow/example_dags/example_inlet_event_extra.py
[2025-03-30T14:01:27.615+0000] {processor.py:925} INFO - DAG(s) 'read_dataset_event', 'read_dataset_event_from_classic' retrieved from /home/airflow/.local/lib/python3.12/site-packages/airflow/example_dags/example_inlet_event_extra.py
[2025-03-30T14:01:27.631+0000] {logging_mixin.py:190} INFO - [2025-03-30T14:01:27.631+0000] {dag.py:3239} INFO - Sync 2 DAGs
[2025-03-30T14:01:27.651+0000] {logging_mixin.py:190} INFO - [2025-03-30T14:01:27.650+0000] {dag.py:4180} INFO - Setting next_dagrun for read_dataset_event to 2025-03-29 00:00:00+00:00, run_after=2025-03-30 00:00:00+00:00
[2025-03-30T14:01:27.657+0000] {logging_mixin.py:190} INFO - [2025-03-30T14:01:27.656+0000] {dag.py:4180} INFO - Setting next_dagrun for read_dataset_event_from_classic to 2025-03-29 00:00:00+00:00, run_after=2025-03-30 00:00:00+00:00
[2025-03-30T14:01:27.680+0000] {processor.py:208} INFO - Processing /home/airflow/.local/lib/python3.12/site-packages/airflow/example_dags/example_inlet_event_extra.py took 0.619 seconds
[2025-03-30T14:01:58.158+0000] {processor.py:186} INFO - Started process (PID=787) to work on /home/airflow/.local/lib/python3.12/site-packages/airflow/example_dags/example_inlet_event_extra.py
[2025-03-30T14:01:58.159+0000] {processor.py:914} INFO - Processing file /home/airflow/.local/lib/python3.12/site-packages/airflow/example_dags/example_inlet_event_extra.py for tasks to queue
[2025-03-30T14:01:58.162+0000] {logging_mixin.py:190} INFO - [2025-03-30T14:01:58.161+0000] {dagbag.py:588} INFO - Filling up the DagBag from /home/airflow/.local/lib/python3.12/site-packages/airflow/example_dags/example_inlet_event_extra.py
[2025-03-30T14:01:58.697+0000] {processor.py:925} INFO - DAG(s) 'read_dataset_event', 'read_dataset_event_from_classic' retrieved from /home/airflow/.local/lib/python3.12/site-packages/airflow/example_dags/example_inlet_event_extra.py
[2025-03-30T14:01:58.717+0000] {logging_mixin.py:190} INFO - [2025-03-30T14:01:58.716+0000] {dag.py:3239} INFO - Sync 2 DAGs
[2025-03-30T14:01:58.738+0000] {logging_mixin.py:190} INFO - [2025-03-30T14:01:58.738+0000] {dag.py:4180} INFO - Setting next_dagrun for read_dataset_event to 2025-03-29 00:00:00+00:00, run_after=2025-03-30 00:00:00+00:00
[2025-03-30T14:01:58.744+0000] {logging_mixin.py:190} INFO - [2025-03-30T14:01:58.744+0000] {dag.py:4180} INFO - Setting next_dagrun for read_dataset_event_from_classic to 2025-03-29 00:00:00+00:00, run_after=2025-03-30 00:00:00+00:00
[2025-03-30T14:01:58.760+0000] {processor.py:208} INFO - Processing /home/airflow/.local/lib/python3.12/site-packages/airflow/example_dags/example_inlet_event_extra.py took 0.605 seconds
[2025-03-30T14:02:29.389+0000] {processor.py:186} INFO - Started process (PID=862) to work on /home/airflow/.local/lib/python3.12/site-packages/airflow/example_dags/example_inlet_event_extra.py
[2025-03-30T14:02:29.390+0000] {processor.py:914} INFO - Processing file /home/airflow/.local/lib/python3.12/site-packages/airflow/example_dags/example_inlet_event_extra.py for tasks to queue
[2025-03-30T14:02:29.393+0000] {logging_mixin.py:190} INFO - [2025-03-30T14:02:29.392+0000] {dagbag.py:588} INFO - Filling up the DagBag from /home/airflow/.local/lib/python3.12/site-packages/airflow/example_dags/example_inlet_event_extra.py
[2025-03-30T14:02:29.949+0000] {processor.py:925} INFO - DAG(s) 'read_dataset_event', 'read_dataset_event_from_classic' retrieved from /home/airflow/.local/lib/python3.12/site-packages/airflow/example_dags/example_inlet_event_extra.py
[2025-03-30T14:02:29.967+0000] {logging_mixin.py:190} INFO - [2025-03-30T14:02:29.967+0000] {dag.py:3239} INFO - Sync 2 DAGs
[2025-03-30T14:02:29.989+0000] {logging_mixin.py:190} INFO - [2025-03-30T14:02:29.989+0000] {dag.py:4180} INFO - Setting next_dagrun for read_dataset_event to 2025-03-29 00:00:00+00:00, run_after=2025-03-30 00:00:00+00:00
[2025-03-30T14:02:29.996+0000] {logging_mixin.py:190} INFO - [2025-03-30T14:02:29.996+0000] {dag.py:4180} INFO - Setting next_dagrun for read_dataset_event_from_classic to 2025-03-29 00:00:00+00:00, run_after=2025-03-30 00:00:00+00:00
[2025-03-30T14:02:30.013+0000] {processor.py:208} INFO - Processing /home/airflow/.local/lib/python3.12/site-packages/airflow/example_dags/example_inlet_event_extra.py took 0.630 seconds
[2025-03-30T14:03:00.231+0000] {processor.py:186} INFO - Started process (PID=937) to work on /home/airflow/.local/lib/python3.12/site-packages/airflow/example_dags/example_inlet_event_extra.py
[2025-03-30T14:03:00.232+0000] {processor.py:914} INFO - Processing file /home/airflow/.local/lib/python3.12/site-packages/airflow/example_dags/example_inlet_event_extra.py for tasks to queue
[2025-03-30T14:03:00.234+0000] {logging_mixin.py:190} INFO - [2025-03-30T14:03:00.234+0000] {dagbag.py:588} INFO - Filling up the DagBag from /home/airflow/.local/lib/python3.12/site-packages/airflow/example_dags/example_inlet_event_extra.py
[2025-03-30T14:03:00.746+0000] {processor.py:925} INFO - DAG(s) 'read_dataset_event', 'read_dataset_event_from_classic' retrieved from /home/airflow/.local/lib/python3.12/site-packages/airflow/example_dags/example_inlet_event_extra.py
[2025-03-30T14:03:00.767+0000] {logging_mixin.py:190} INFO - [2025-03-30T14:03:00.767+0000] {dag.py:3239} INFO - Sync 2 DAGs
[2025-03-30T14:03:00.791+0000] {logging_mixin.py:190} INFO - [2025-03-30T14:03:00.791+0000] {dag.py:4180} INFO - Setting next_dagrun for read_dataset_event to 2025-03-29 00:00:00+00:00, run_after=2025-03-30 00:00:00+00:00
[2025-03-30T14:03:00.796+0000] {logging_mixin.py:190} INFO - [2025-03-30T14:03:00.796+0000] {dag.py:4180} INFO - Setting next_dagrun for read_dataset_event_from_classic to 2025-03-29 00:00:00+00:00, run_after=2025-03-30 00:00:00+00:00
[2025-03-30T14:03:00.810+0000] {processor.py:208} INFO - Processing /home/airflow/.local/lib/python3.12/site-packages/airflow/example_dags/example_inlet_event_extra.py took 0.584 seconds
[2025-03-30T14:03:31.428+0000] {processor.py:186} INFO - Started process (PID=1012) to work on /home/airflow/.local/lib/python3.12/site-packages/airflow/example_dags/example_inlet_event_extra.py
[2025-03-30T14:03:31.428+0000] {processor.py:914} INFO - Processing file /home/airflow/.local/lib/python3.12/site-packages/airflow/example_dags/example_inlet_event_extra.py for tasks to queue
[2025-03-30T14:03:31.431+0000] {logging_mixin.py:190} INFO - [2025-03-30T14:03:31.431+0000] {dagbag.py:588} INFO - Filling up the DagBag from /home/airflow/.local/lib/python3.12/site-packages/airflow/example_dags/example_inlet_event_extra.py
[2025-03-30T14:03:31.956+0000] {processor.py:925} INFO - DAG(s) 'read_dataset_event', 'read_dataset_event_from_classic' retrieved from /home/airflow/.local/lib/python3.12/site-packages/airflow/example_dags/example_inlet_event_extra.py
[2025-03-30T14:03:31.973+0000] {logging_mixin.py:190} INFO - [2025-03-30T14:03:31.973+0000] {dag.py:3239} INFO - Sync 2 DAGs
[2025-03-30T14:03:31.992+0000] {logging_mixin.py:190} INFO - [2025-03-30T14:03:31.991+0000] {dag.py:4180} INFO - Setting next_dagrun for read_dataset_event to 2025-03-29 00:00:00+00:00, run_after=2025-03-30 00:00:00+00:00
[2025-03-30T14:03:31.997+0000] {logging_mixin.py:190} INFO - [2025-03-30T14:03:31.997+0000] {dag.py:4180} INFO - Setting next_dagrun for read_dataset_event_from_classic to 2025-03-29 00:00:00+00:00, run_after=2025-03-30 00:00:00+00:00
[2025-03-30T14:03:32.012+0000] {processor.py:208} INFO - Processing /home/airflow/.local/lib/python3.12/site-packages/airflow/example_dags/example_inlet_event_extra.py took 0.589 seconds
[2025-03-30T14:04:02.386+0000] {processor.py:186} INFO - Started process (PID=1087) to work on /home/airflow/.local/lib/python3.12/site-packages/airflow/example_dags/example_inlet_event_extra.py
[2025-03-30T14:04:02.386+0000] {processor.py:914} INFO - Processing file /home/airflow/.local/lib/python3.12/site-packages/airflow/example_dags/example_inlet_event_extra.py for tasks to queue
[2025-03-30T14:04:02.389+0000] {logging_mixin.py:190} INFO - [2025-03-30T14:04:02.388+0000] {dagbag.py:588} INFO - Filling up the DagBag from /home/airflow/.local/lib/python3.12/site-packages/airflow/example_dags/example_inlet_event_extra.py
[2025-03-30T14:04:02.897+0000] {processor.py:925} INFO - DAG(s) 'read_dataset_event_from_classic', 'read_dataset_event' retrieved from /home/airflow/.local/lib/python3.12/site-packages/airflow/example_dags/example_inlet_event_extra.py
[2025-03-30T14:04:02.918+0000] {logging_mixin.py:190} INFO - [2025-03-30T14:04:02.917+0000] {dag.py:3239} INFO - Sync 2 DAGs
[2025-03-30T14:04:02.938+0000] {logging_mixin.py:190} INFO - [2025-03-30T14:04:02.938+0000] {dag.py:4180} INFO - Setting next_dagrun for read_dataset_event to 2025-03-29 00:00:00+00:00, run_after=2025-03-30 00:00:00+00:00
[2025-03-30T14:04:02.942+0000] {logging_mixin.py:190} INFO - [2025-03-30T14:04:02.942+0000] {dag.py:4180} INFO - Setting next_dagrun for read_dataset_event_from_classic to 2025-03-29 00:00:00+00:00, run_after=2025-03-30 00:00:00+00:00
[2025-03-30T14:04:02.966+0000] {processor.py:208} INFO - Processing /home/airflow/.local/lib/python3.12/site-packages/airflow/example_dags/example_inlet_event_extra.py took 0.585 seconds
[2025-03-30T14:04:33.433+0000] {processor.py:186} INFO - Started process (PID=1162) to work on /home/airflow/.local/lib/python3.12/site-packages/airflow/example_dags/example_inlet_event_extra.py
[2025-03-30T14:04:33.434+0000] {processor.py:914} INFO - Processing file /home/airflow/.local/lib/python3.12/site-packages/airflow/example_dags/example_inlet_event_extra.py for tasks to queue
[2025-03-30T14:04:33.437+0000] {logging_mixin.py:190} INFO - [2025-03-30T14:04:33.437+0000] {dagbag.py:588} INFO - Filling up the DagBag from /home/airflow/.local/lib/python3.12/site-packages/airflow/example_dags/example_inlet_event_extra.py
[2025-03-30T14:04:33.972+0000] {processor.py:925} INFO - DAG(s) 'read_dataset_event', 'read_dataset_event_from_classic' retrieved from /home/airflow/.local/lib/python3.12/site-packages/airflow/example_dags/example_inlet_event_extra.py
[2025-03-30T14:04:33.991+0000] {logging_mixin.py:190} INFO - [2025-03-30T14:04:33.991+0000] {dag.py:3239} INFO - Sync 2 DAGs
[2025-03-30T14:04:34.015+0000] {logging_mixin.py:190} INFO - [2025-03-30T14:04:34.014+0000] {dag.py:4180} INFO - Setting next_dagrun for read_dataset_event to 2025-03-29 00:00:00+00:00, run_after=2025-03-30 00:00:00+00:00
[2025-03-30T14:04:34.019+0000] {logging_mixin.py:190} INFO - [2025-03-30T14:04:34.019+0000] {dag.py:4180} INFO - Setting next_dagrun for read_dataset_event_from_classic to 2025-03-29 00:00:00+00:00, run_after=2025-03-30 00:00:00+00:00
[2025-03-30T14:04:34.044+0000] {processor.py:208} INFO - Processing /home/airflow/.local/lib/python3.12/site-packages/airflow/example_dags/example_inlet_event_extra.py took 0.617 seconds
[2025-03-30T14:05:04.324+0000] {processor.py:186} INFO - Started process (PID=1237) to work on /home/airflow/.local/lib/python3.12/site-packages/airflow/example_dags/example_inlet_event_extra.py
[2025-03-30T14:05:04.325+0000] {processor.py:914} INFO - Processing file /home/airflow/.local/lib/python3.12/site-packages/airflow/example_dags/example_inlet_event_extra.py for tasks to queue
[2025-03-30T14:05:04.327+0000] {logging_mixin.py:190} INFO - [2025-03-30T14:05:04.327+0000] {dagbag.py:588} INFO - Filling up the DagBag from /home/airflow/.local/lib/python3.12/site-packages/airflow/example_dags/example_inlet_event_extra.py
[2025-03-30T14:05:04.838+0000] {processor.py:925} INFO - DAG(s) 'read_dataset_event', 'read_dataset_event_from_classic' retrieved from /home/airflow/.local/lib/python3.12/site-packages/airflow/example_dags/example_inlet_event_extra.py
[2025-03-30T14:05:04.854+0000] {logging_mixin.py:190} INFO - [2025-03-30T14:05:04.853+0000] {dag.py:3239} INFO - Sync 2 DAGs
[2025-03-30T14:05:04.873+0000] {logging_mixin.py:190} INFO - [2025-03-30T14:05:04.873+0000] {dag.py:4180} INFO - Setting next_dagrun for read_dataset_event to 2025-03-29 00:00:00+00:00, run_after=2025-03-30 00:00:00+00:00
[2025-03-30T14:05:04.877+0000] {logging_mixin.py:190} INFO - [2025-03-30T14:05:04.877+0000] {dag.py:4180} INFO - Setting next_dagrun for read_dataset_event_from_classic to 2025-03-29 00:00:00+00:00, run_after=2025-03-30 00:00:00+00:00
[2025-03-30T14:05:04.902+0000] {processor.py:208} INFO - Processing /home/airflow/.local/lib/python3.12/site-packages/airflow/example_dags/example_inlet_event_extra.py took 0.582 seconds
[2025-03-30T14:05:35.481+0000] {processor.py:186} INFO - Started process (PID=1312) to work on /home/airflow/.local/lib/python3.12/site-packages/airflow/example_dags/example_inlet_event_extra.py
[2025-03-30T14:05:35.481+0000] {processor.py:914} INFO - Processing file /home/airflow/.local/lib/python3.12/site-packages/airflow/example_dags/example_inlet_event_extra.py for tasks to queue
[2025-03-30T14:05:35.484+0000] {logging_mixin.py:190} INFO - [2025-03-30T14:05:35.484+0000] {dagbag.py:588} INFO - Filling up the DagBag from /home/airflow/.local/lib/python3.12/site-packages/airflow/example_dags/example_inlet_event_extra.py
[2025-03-30T14:05:36.060+0000] {processor.py:925} INFO - DAG(s) 'read_dataset_event_from_classic', 'read_dataset_event' retrieved from /home/airflow/.local/lib/python3.12/site-packages/airflow/example_dags/example_inlet_event_extra.py
[2025-03-30T14:05:36.081+0000] {logging_mixin.py:190} INFO - [2025-03-30T14:05:36.081+0000] {dag.py:3239} INFO - Sync 2 DAGs
[2025-03-30T14:05:36.104+0000] {logging_mixin.py:190} INFO - [2025-03-30T14:05:36.104+0000] {dag.py:4180} INFO - Setting next_dagrun for read_dataset_event to 2025-03-29 00:00:00+00:00, run_after=2025-03-30 00:00:00+00:00
[2025-03-30T14:05:36.109+0000] {logging_mixin.py:190} INFO - [2025-03-30T14:05:36.109+0000] {dag.py:4180} INFO - Setting next_dagrun for read_dataset_event_from_classic to 2025-03-29 00:00:00+00:00, run_after=2025-03-30 00:00:00+00:00
[2025-03-30T14:05:36.137+0000] {processor.py:208} INFO - Processing /home/airflow/.local/lib/python3.12/site-packages/airflow/example_dags/example_inlet_event_extra.py took 0.662 seconds
[2025-03-30T14:06:06.191+0000] {processor.py:186} INFO - Started process (PID=1387) to work on /home/airflow/.local/lib/python3.12/site-packages/airflow/example_dags/example_inlet_event_extra.py
[2025-03-30T14:06:06.192+0000] {processor.py:914} INFO - Processing file /home/airflow/.local/lib/python3.12/site-packages/airflow/example_dags/example_inlet_event_extra.py for tasks to queue
[2025-03-30T14:06:06.194+0000] {logging_mixin.py:190} INFO - [2025-03-30T14:06:06.194+0000] {dagbag.py:588} INFO - Filling up the DagBag from /home/airflow/.local/lib/python3.12/site-packages/airflow/example_dags/example_inlet_event_extra.py
[2025-03-30T14:06:06.708+0000] {processor.py:925} INFO - DAG(s) 'read_dataset_event_from_classic', 'read_dataset_event' retrieved from /home/airflow/.local/lib/python3.12/site-packages/airflow/example_dags/example_inlet_event_extra.py
[2025-03-30T14:06:06.737+0000] {logging_mixin.py:190} INFO - [2025-03-30T14:06:06.737+0000] {dag.py:3239} INFO - Sync 2 DAGs
[2025-03-30T14:06:06.758+0000] {logging_mixin.py:190} INFO - [2025-03-30T14:06:06.758+0000] {dag.py:4180} INFO - Setting next_dagrun for read_dataset_event to 2025-03-29 00:00:00+00:00, run_after=2025-03-30 00:00:00+00:00
[2025-03-30T14:06:06.763+0000] {logging_mixin.py:190} INFO - [2025-03-30T14:06:06.763+0000] {dag.py:4180} INFO - Setting next_dagrun for read_dataset_event_from_classic to 2025-03-29 00:00:00+00:00, run_after=2025-03-30 00:00:00+00:00
[2025-03-30T14:06:06.790+0000] {processor.py:208} INFO - Processing /home/airflow/.local/lib/python3.12/site-packages/airflow/example_dags/example_inlet_event_extra.py took 0.603 seconds
[2025-03-30T14:06:37.781+0000] {processor.py:186} INFO - Started process (PID=1497) to work on /home/airflow/.local/lib/python3.12/site-packages/airflow/example_dags/example_inlet_event_extra.py
[2025-03-30T14:06:37.781+0000] {processor.py:914} INFO - Processing file /home/airflow/.local/lib/python3.12/site-packages/airflow/example_dags/example_inlet_event_extra.py for tasks to queue
[2025-03-30T14:06:37.783+0000] {logging_mixin.py:190} INFO - [2025-03-30T14:06:37.783+0000] {dagbag.py:588} INFO - Filling up the DagBag from /home/airflow/.local/lib/python3.12/site-packages/airflow/example_dags/example_inlet_event_extra.py
[2025-03-30T14:06:38.441+0000] {processor.py:925} INFO - DAG(s) 'read_dataset_event', 'read_dataset_event_from_classic' retrieved from /home/airflow/.local/lib/python3.12/site-packages/airflow/example_dags/example_inlet_event_extra.py
[2025-03-30T14:06:38.461+0000] {logging_mixin.py:190} INFO - [2025-03-30T14:06:38.461+0000] {dag.py:3239} INFO - Sync 2 DAGs
[2025-03-30T14:06:38.482+0000] {logging_mixin.py:190} INFO - [2025-03-30T14:06:38.481+0000] {dag.py:4180} INFO - Setting next_dagrun for read_dataset_event to 2025-03-29 00:00:00+00:00, run_after=2025-03-30 00:00:00+00:00
[2025-03-30T14:06:38.486+0000] {logging_mixin.py:190} INFO - [2025-03-30T14:06:38.486+0000] {dag.py:4180} INFO - Setting next_dagrun for read_dataset_event_from_classic to 2025-03-29 00:00:00+00:00, run_after=2025-03-30 00:00:00+00:00
[2025-03-30T14:06:38.499+0000] {processor.py:208} INFO - Processing /home/airflow/.local/lib/python3.12/site-packages/airflow/example_dags/example_inlet_event_extra.py took 0.723 seconds
[2025-03-30T14:07:08.866+0000] {processor.py:186} INFO - Started process (PID=1559) to work on /home/airflow/.local/lib/python3.12/site-packages/airflow/example_dags/example_inlet_event_extra.py
[2025-03-30T14:07:08.868+0000] {processor.py:914} INFO - Processing file /home/airflow/.local/lib/python3.12/site-packages/airflow/example_dags/example_inlet_event_extra.py for tasks to queue
[2025-03-30T14:07:08.869+0000] {logging_mixin.py:190} INFO - [2025-03-30T14:07:08.868+0000] {dagbag.py:588} INFO - Filling up the DagBag from /home/airflow/.local/lib/python3.12/site-packages/airflow/example_dags/example_inlet_event_extra.py
[2025-03-30T14:07:09.522+0000] {processor.py:925} INFO - DAG(s) 'read_dataset_event_from_classic', 'read_dataset_event' retrieved from /home/airflow/.local/lib/python3.12/site-packages/airflow/example_dags/example_inlet_event_extra.py
[2025-03-30T14:07:09.551+0000] {logging_mixin.py:190} INFO - [2025-03-30T14:07:09.550+0000] {dag.py:3239} INFO - Sync 2 DAGs
[2025-03-30T14:07:09.574+0000] {logging_mixin.py:190} INFO - [2025-03-30T14:07:09.573+0000] {dag.py:4180} INFO - Setting next_dagrun for read_dataset_event to 2025-03-29 00:00:00+00:00, run_after=2025-03-30 00:00:00+00:00
[2025-03-30T14:07:09.578+0000] {logging_mixin.py:190} INFO - [2025-03-30T14:07:09.578+0000] {dag.py:4180} INFO - Setting next_dagrun for read_dataset_event_from_classic to 2025-03-29 00:00:00+00:00, run_after=2025-03-30 00:00:00+00:00
[2025-03-30T14:07:09.594+0000] {processor.py:208} INFO - Processing /home/airflow/.local/lib/python3.12/site-packages/airflow/example_dags/example_inlet_event_extra.py took 0.737 seconds
[2025-03-30T14:07:39.869+0000] {processor.py:186} INFO - Started process (PID=1634) to work on /home/airflow/.local/lib/python3.12/site-packages/airflow/example_dags/example_inlet_event_extra.py
[2025-03-30T14:07:39.873+0000] {processor.py:914} INFO - Processing file /home/airflow/.local/lib/python3.12/site-packages/airflow/example_dags/example_inlet_event_extra.py for tasks to queue
[2025-03-30T14:07:39.875+0000] {logging_mixin.py:190} INFO - [2025-03-30T14:07:39.874+0000] {dagbag.py:588} INFO - Filling up the DagBag from /home/airflow/.local/lib/python3.12/site-packages/airflow/example_dags/example_inlet_event_extra.py
[2025-03-30T14:07:40.495+0000] {processor.py:925} INFO - DAG(s) 'read_dataset_event', 'read_dataset_event_from_classic' retrieved from /home/airflow/.local/lib/python3.12/site-packages/airflow/example_dags/example_inlet_event_extra.py
[2025-03-30T14:07:40.517+0000] {logging_mixin.py:190} INFO - [2025-03-30T14:07:40.517+0000] {dag.py:3239} INFO - Sync 2 DAGs
[2025-03-30T14:07:40.540+0000] {logging_mixin.py:190} INFO - [2025-03-30T14:07:40.540+0000] {dag.py:4180} INFO - Setting next_dagrun for read_dataset_event to 2025-03-29 00:00:00+00:00, run_after=2025-03-30 00:00:00+00:00
[2025-03-30T14:07:40.545+0000] {logging_mixin.py:190} INFO - [2025-03-30T14:07:40.545+0000] {dag.py:4180} INFO - Setting next_dagrun for read_dataset_event_from_classic to 2025-03-29 00:00:00+00:00, run_after=2025-03-30 00:00:00+00:00
[2025-03-30T14:07:40.562+0000] {processor.py:208} INFO - Processing /home/airflow/.local/lib/python3.12/site-packages/airflow/example_dags/example_inlet_event_extra.py took 0.703 seconds
[2025-03-30T14:08:10.777+0000] {processor.py:186} INFO - Started process (PID=1709) to work on /home/airflow/.local/lib/python3.12/site-packages/airflow/example_dags/example_inlet_event_extra.py
[2025-03-30T14:08:10.779+0000] {processor.py:914} INFO - Processing file /home/airflow/.local/lib/python3.12/site-packages/airflow/example_dags/example_inlet_event_extra.py for tasks to queue
[2025-03-30T14:08:10.781+0000] {logging_mixin.py:190} INFO - [2025-03-30T14:08:10.780+0000] {dagbag.py:588} INFO - Filling up the DagBag from /home/airflow/.local/lib/python3.12/site-packages/airflow/example_dags/example_inlet_event_extra.py
[2025-03-30T14:08:11.639+0000] {processor.py:925} INFO - DAG(s) 'read_dataset_event', 'read_dataset_event_from_classic' retrieved from /home/airflow/.local/lib/python3.12/site-packages/airflow/example_dags/example_inlet_event_extra.py
[2025-03-30T14:08:11.666+0000] {logging_mixin.py:190} INFO - [2025-03-30T14:08:11.665+0000] {dag.py:3239} INFO - Sync 2 DAGs
[2025-03-30T14:08:11.702+0000] {logging_mixin.py:190} INFO - [2025-03-30T14:08:11.701+0000] {dag.py:4180} INFO - Setting next_dagrun for read_dataset_event to 2025-03-29 00:00:00+00:00, run_after=2025-03-30 00:00:00+00:00
[2025-03-30T14:08:11.715+0000] {logging_mixin.py:190} INFO - [2025-03-30T14:08:11.714+0000] {dag.py:4180} INFO - Setting next_dagrun for read_dataset_event_from_classic to 2025-03-29 00:00:00+00:00, run_after=2025-03-30 00:00:00+00:00
[2025-03-30T14:08:11.744+0000] {processor.py:208} INFO - Processing /home/airflow/.local/lib/python3.12/site-packages/airflow/example_dags/example_inlet_event_extra.py took 0.980 seconds
[2025-03-30T14:08:42.484+0000] {processor.py:186} INFO - Started process (PID=1786) to work on /home/airflow/.local/lib/python3.12/site-packages/airflow/example_dags/example_inlet_event_extra.py
[2025-03-30T14:08:42.485+0000] {processor.py:914} INFO - Processing file /home/airflow/.local/lib/python3.12/site-packages/airflow/example_dags/example_inlet_event_extra.py for tasks to queue
[2025-03-30T14:08:42.487+0000] {logging_mixin.py:190} INFO - [2025-03-30T14:08:42.486+0000] {dagbag.py:588} INFO - Filling up the DagBag from /home/airflow/.local/lib/python3.12/site-packages/airflow/example_dags/example_inlet_event_extra.py
[2025-03-30T14:08:43.094+0000] {processor.py:925} INFO - DAG(s) 'read_dataset_event_from_classic', 'read_dataset_event' retrieved from /home/airflow/.local/lib/python3.12/site-packages/airflow/example_dags/example_inlet_event_extra.py
[2025-03-30T14:08:43.114+0000] {logging_mixin.py:190} INFO - [2025-03-30T14:08:43.113+0000] {dag.py:3239} INFO - Sync 2 DAGs
[2025-03-30T14:08:43.145+0000] {logging_mixin.py:190} INFO - [2025-03-30T14:08:43.144+0000] {dag.py:4180} INFO - Setting next_dagrun for read_dataset_event to 2025-03-29 00:00:00+00:00, run_after=2025-03-30 00:00:00+00:00
[2025-03-30T14:08:43.150+0000] {logging_mixin.py:190} INFO - [2025-03-30T14:08:43.150+0000] {dag.py:4180} INFO - Setting next_dagrun for read_dataset_event_from_classic to 2025-03-29 00:00:00+00:00, run_after=2025-03-30 00:00:00+00:00
[2025-03-30T14:08:43.165+0000] {processor.py:208} INFO - Processing /home/airflow/.local/lib/python3.12/site-packages/airflow/example_dags/example_inlet_event_extra.py took 0.689 seconds
[2025-03-30T14:09:13.359+0000] {processor.py:186} INFO - Started process (PID=1864) to work on /home/airflow/.local/lib/python3.12/site-packages/airflow/example_dags/example_inlet_event_extra.py
[2025-03-30T14:09:13.360+0000] {processor.py:914} INFO - Processing file /home/airflow/.local/lib/python3.12/site-packages/airflow/example_dags/example_inlet_event_extra.py for tasks to queue
[2025-03-30T14:09:13.361+0000] {logging_mixin.py:190} INFO - [2025-03-30T14:09:13.361+0000] {dagbag.py:588} INFO - Filling up the DagBag from /home/airflow/.local/lib/python3.12/site-packages/airflow/example_dags/example_inlet_event_extra.py
[2025-03-30T14:09:13.926+0000] {processor.py:925} INFO - DAG(s) 'read_dataset_event_from_classic', 'read_dataset_event' retrieved from /home/airflow/.local/lib/python3.12/site-packages/airflow/example_dags/example_inlet_event_extra.py
[2025-03-30T14:09:13.947+0000] {logging_mixin.py:190} INFO - [2025-03-30T14:09:13.947+0000] {dag.py:3239} INFO - Sync 2 DAGs
[2025-03-30T14:09:13.974+0000] {logging_mixin.py:190} INFO - [2025-03-30T14:09:13.974+0000] {dag.py:4180} INFO - Setting next_dagrun for read_dataset_event to 2025-03-29 00:00:00+00:00, run_after=2025-03-30 00:00:00+00:00
[2025-03-30T14:09:13.980+0000] {logging_mixin.py:190} INFO - [2025-03-30T14:09:13.980+0000] {dag.py:4180} INFO - Setting next_dagrun for read_dataset_event_from_classic to 2025-03-29 00:00:00+00:00, run_after=2025-03-30 00:00:00+00:00
[2025-03-30T14:09:13.999+0000] {processor.py:208} INFO - Processing /home/airflow/.local/lib/python3.12/site-packages/airflow/example_dags/example_inlet_event_extra.py took 0.649 seconds
[2025-03-30T14:09:44.704+0000] {processor.py:186} INFO - Started process (PID=1941) to work on /home/airflow/.local/lib/python3.12/site-packages/airflow/example_dags/example_inlet_event_extra.py
[2025-03-30T14:09:44.705+0000] {processor.py:914} INFO - Processing file /home/airflow/.local/lib/python3.12/site-packages/airflow/example_dags/example_inlet_event_extra.py for tasks to queue
[2025-03-30T14:09:44.707+0000] {logging_mixin.py:190} INFO - [2025-03-30T14:09:44.707+0000] {dagbag.py:588} INFO - Filling up the DagBag from /home/airflow/.local/lib/python3.12/site-packages/airflow/example_dags/example_inlet_event_extra.py
[2025-03-30T14:09:45.349+0000] {processor.py:925} INFO - DAG(s) 'read_dataset_event_from_classic', 'read_dataset_event' retrieved from /home/airflow/.local/lib/python3.12/site-packages/airflow/example_dags/example_inlet_event_extra.py
[2025-03-30T14:09:45.376+0000] {logging_mixin.py:190} INFO - [2025-03-30T14:09:45.375+0000] {dag.py:3239} INFO - Sync 2 DAGs
[2025-03-30T14:09:45.401+0000] {logging_mixin.py:190} INFO - [2025-03-30T14:09:45.401+0000] {dag.py:4180} INFO - Setting next_dagrun for read_dataset_event to 2025-03-29 00:00:00+00:00, run_after=2025-03-30 00:00:00+00:00
[2025-03-30T14:09:45.410+0000] {logging_mixin.py:190} INFO - [2025-03-30T14:09:45.409+0000] {dag.py:4180} INFO - Setting next_dagrun for read_dataset_event_from_classic to 2025-03-29 00:00:00+00:00, run_after=2025-03-30 00:00:00+00:00
[2025-03-30T14:09:45.431+0000] {processor.py:208} INFO - Processing /home/airflow/.local/lib/python3.12/site-packages/airflow/example_dags/example_inlet_event_extra.py took 0.736 seconds
[2025-03-30T14:10:16.020+0000] {processor.py:186} INFO - Started process (PID=2022) to work on /home/airflow/.local/lib/python3.12/site-packages/airflow/example_dags/example_inlet_event_extra.py
[2025-03-30T14:10:16.023+0000] {processor.py:914} INFO - Processing file /home/airflow/.local/lib/python3.12/site-packages/airflow/example_dags/example_inlet_event_extra.py for tasks to queue
[2025-03-30T14:10:16.025+0000] {logging_mixin.py:190} INFO - [2025-03-30T14:10:16.024+0000] {dagbag.py:588} INFO - Filling up the DagBag from /home/airflow/.local/lib/python3.12/site-packages/airflow/example_dags/example_inlet_event_extra.py
[2025-03-30T14:10:16.860+0000] {processor.py:925} INFO - DAG(s) 'read_dataset_event', 'read_dataset_event_from_classic' retrieved from /home/airflow/.local/lib/python3.12/site-packages/airflow/example_dags/example_inlet_event_extra.py
[2025-03-30T14:10:16.895+0000] {logging_mixin.py:190} INFO - [2025-03-30T14:10:16.894+0000] {dag.py:3239} INFO - Sync 2 DAGs
[2025-03-30T14:10:16.933+0000] {logging_mixin.py:190} INFO - [2025-03-30T14:10:16.932+0000] {dag.py:4180} INFO - Setting next_dagrun for read_dataset_event to 2025-03-29 00:00:00+00:00, run_after=2025-03-30 00:00:00+00:00
[2025-03-30T14:10:16.948+0000] {logging_mixin.py:190} INFO - [2025-03-30T14:10:16.948+0000] {dag.py:4180} INFO - Setting next_dagrun for read_dataset_event_from_classic to 2025-03-29 00:00:00+00:00, run_after=2025-03-30 00:00:00+00:00
[2025-03-30T14:10:16.985+0000] {processor.py:208} INFO - Processing /home/airflow/.local/lib/python3.12/site-packages/airflow/example_dags/example_inlet_event_extra.py took 0.987 seconds
[2025-03-30T14:10:47.320+0000] {processor.py:186} INFO - Started process (PID=2100) to work on /home/airflow/.local/lib/python3.12/site-packages/airflow/example_dags/example_inlet_event_extra.py
[2025-03-30T14:10:47.321+0000] {processor.py:914} INFO - Processing file /home/airflow/.local/lib/python3.12/site-packages/airflow/example_dags/example_inlet_event_extra.py for tasks to queue
[2025-03-30T14:10:47.322+0000] {logging_mixin.py:190} INFO - [2025-03-30T14:10:47.322+0000] {dagbag.py:588} INFO - Filling up the DagBag from /home/airflow/.local/lib/python3.12/site-packages/airflow/example_dags/example_inlet_event_extra.py
[2025-03-30T14:10:47.950+0000] {processor.py:925} INFO - DAG(s) 'read_dataset_event_from_classic', 'read_dataset_event' retrieved from /home/airflow/.local/lib/python3.12/site-packages/airflow/example_dags/example_inlet_event_extra.py
[2025-03-30T14:10:47.976+0000] {logging_mixin.py:190} INFO - [2025-03-30T14:10:47.975+0000] {dag.py:3239} INFO - Sync 2 DAGs
[2025-03-30T14:10:48.002+0000] {logging_mixin.py:190} INFO - [2025-03-30T14:10:48.002+0000] {dag.py:4180} INFO - Setting next_dagrun for read_dataset_event to 2025-03-29 00:00:00+00:00, run_after=2025-03-30 00:00:00+00:00
[2025-03-30T14:10:48.009+0000] {logging_mixin.py:190} INFO - [2025-03-30T14:10:48.009+0000] {dag.py:4180} INFO - Setting next_dagrun for read_dataset_event_from_classic to 2025-03-29 00:00:00+00:00, run_after=2025-03-30 00:00:00+00:00
[2025-03-30T14:10:48.039+0000] {processor.py:208} INFO - Processing /home/airflow/.local/lib/python3.12/site-packages/airflow/example_dags/example_inlet_event_extra.py took 0.728 seconds
[2025-03-30T14:11:18.436+0000] {processor.py:186} INFO - Started process (PID=2175) to work on /home/airflow/.local/lib/python3.12/site-packages/airflow/example_dags/example_inlet_event_extra.py
[2025-03-30T14:11:18.437+0000] {processor.py:914} INFO - Processing file /home/airflow/.local/lib/python3.12/site-packages/airflow/example_dags/example_inlet_event_extra.py for tasks to queue
[2025-03-30T14:11:18.442+0000] {logging_mixin.py:190} INFO - [2025-03-30T14:11:18.441+0000] {dagbag.py:588} INFO - Filling up the DagBag from /home/airflow/.local/lib/python3.12/site-packages/airflow/example_dags/example_inlet_event_extra.py
[2025-03-30T14:11:19.593+0000] {processor.py:925} INFO - DAG(s) 'read_dataset_event', 'read_dataset_event_from_classic' retrieved from /home/airflow/.local/lib/python3.12/site-packages/airflow/example_dags/example_inlet_event_extra.py
[2025-03-30T14:11:19.655+0000] {logging_mixin.py:190} INFO - [2025-03-30T14:11:19.655+0000] {dag.py:3239} INFO - Sync 2 DAGs
[2025-03-30T14:11:19.728+0000] {logging_mixin.py:190} INFO - [2025-03-30T14:11:19.727+0000] {dag.py:4180} INFO - Setting next_dagrun for read_dataset_event to 2025-03-29 00:00:00+00:00, run_after=2025-03-30 00:00:00+00:00
[2025-03-30T14:11:19.741+0000] {logging_mixin.py:190} INFO - [2025-03-30T14:11:19.741+0000] {dag.py:4180} INFO - Setting next_dagrun for read_dataset_event_from_classic to 2025-03-29 00:00:00+00:00, run_after=2025-03-30 00:00:00+00:00
[2025-03-30T14:11:19.782+0000] {processor.py:208} INFO - Processing /home/airflow/.local/lib/python3.12/site-packages/airflow/example_dags/example_inlet_event_extra.py took 1.361 seconds
[2025-03-30T14:11:50.173+0000] {processor.py:186} INFO - Started process (PID=2253) to work on /home/airflow/.local/lib/python3.12/site-packages/airflow/example_dags/example_inlet_event_extra.py
[2025-03-30T14:11:50.174+0000] {processor.py:914} INFO - Processing file /home/airflow/.local/lib/python3.12/site-packages/airflow/example_dags/example_inlet_event_extra.py for tasks to queue
[2025-03-30T14:11:50.175+0000] {logging_mixin.py:190} INFO - [2025-03-30T14:11:50.175+0000] {dagbag.py:588} INFO - Filling up the DagBag from /home/airflow/.local/lib/python3.12/site-packages/airflow/example_dags/example_inlet_event_extra.py
[2025-03-30T14:11:50.818+0000] {processor.py:925} INFO - DAG(s) 'read_dataset_event_from_classic', 'read_dataset_event' retrieved from /home/airflow/.local/lib/python3.12/site-packages/airflow/example_dags/example_inlet_event_extra.py
[2025-03-30T14:11:50.843+0000] {logging_mixin.py:190} INFO - [2025-03-30T14:11:50.843+0000] {dag.py:3239} INFO - Sync 2 DAGs
[2025-03-30T14:11:50.868+0000] {logging_mixin.py:190} INFO - [2025-03-30T14:11:50.868+0000] {dag.py:4180} INFO - Setting next_dagrun for read_dataset_event to 2025-03-29 00:00:00+00:00, run_after=2025-03-30 00:00:00+00:00
[2025-03-30T14:11:50.874+0000] {logging_mixin.py:190} INFO - [2025-03-30T14:11:50.873+0000] {dag.py:4180} INFO - Setting next_dagrun for read_dataset_event_from_classic to 2025-03-29 00:00:00+00:00, run_after=2025-03-30 00:00:00+00:00
[2025-03-30T14:11:50.889+0000] {processor.py:208} INFO - Processing /home/airflow/.local/lib/python3.12/site-packages/airflow/example_dags/example_inlet_event_extra.py took 0.724 seconds
[2025-03-30T14:12:21.440+0000] {processor.py:186} INFO - Started process (PID=2328) to work on /home/airflow/.local/lib/python3.12/site-packages/airflow/example_dags/example_inlet_event_extra.py
[2025-03-30T14:12:21.442+0000] {processor.py:914} INFO - Processing file /home/airflow/.local/lib/python3.12/site-packages/airflow/example_dags/example_inlet_event_extra.py for tasks to queue
[2025-03-30T14:12:21.446+0000] {logging_mixin.py:190} INFO - [2025-03-30T14:12:21.446+0000] {dagbag.py:588} INFO - Filling up the DagBag from /home/airflow/.local/lib/python3.12/site-packages/airflow/example_dags/example_inlet_event_extra.py
[2025-03-30T14:12:23.097+0000] {processor.py:925} INFO - DAG(s) 'read_dataset_event', 'read_dataset_event_from_classic' retrieved from /home/airflow/.local/lib/python3.12/site-packages/airflow/example_dags/example_inlet_event_extra.py
[2025-03-30T14:12:23.131+0000] {logging_mixin.py:190} INFO - [2025-03-30T14:12:23.131+0000] {dag.py:3239} INFO - Sync 2 DAGs
[2025-03-30T14:12:23.166+0000] {logging_mixin.py:190} INFO - [2025-03-30T14:12:23.165+0000] {dag.py:4180} INFO - Setting next_dagrun for read_dataset_event to 2025-03-29 00:00:00+00:00, run_after=2025-03-30 00:00:00+00:00
[2025-03-30T14:12:23.176+0000] {logging_mixin.py:190} INFO - [2025-03-30T14:12:23.176+0000] {dag.py:4180} INFO - Setting next_dagrun for read_dataset_event_from_classic to 2025-03-29 00:00:00+00:00, run_after=2025-03-30 00:00:00+00:00
[2025-03-30T14:12:23.209+0000] {processor.py:208} INFO - Processing /home/airflow/.local/lib/python3.12/site-packages/airflow/example_dags/example_inlet_event_extra.py took 1.784 seconds
[2025-03-30T14:12:54.050+0000] {processor.py:186} INFO - Started process (PID=2403) to work on /home/airflow/.local/lib/python3.12/site-packages/airflow/example_dags/example_inlet_event_extra.py
[2025-03-30T14:12:54.051+0000] {processor.py:914} INFO - Processing file /home/airflow/.local/lib/python3.12/site-packages/airflow/example_dags/example_inlet_event_extra.py for tasks to queue
[2025-03-30T14:12:54.052+0000] {logging_mixin.py:190} INFO - [2025-03-30T14:12:54.052+0000] {dagbag.py:588} INFO - Filling up the DagBag from /home/airflow/.local/lib/python3.12/site-packages/airflow/example_dags/example_inlet_event_extra.py
[2025-03-30T14:12:54.609+0000] {processor.py:925} INFO - DAG(s) 'read_dataset_event', 'read_dataset_event_from_classic' retrieved from /home/airflow/.local/lib/python3.12/site-packages/airflow/example_dags/example_inlet_event_extra.py
[2025-03-30T14:12:54.629+0000] {logging_mixin.py:190} INFO - [2025-03-30T14:12:54.629+0000] {dag.py:3239} INFO - Sync 2 DAGs
[2025-03-30T14:12:54.650+0000] {logging_mixin.py:190} INFO - [2025-03-30T14:12:54.650+0000] {dag.py:4180} INFO - Setting next_dagrun for read_dataset_event to 2025-03-29 00:00:00+00:00, run_after=2025-03-30 00:00:00+00:00
[2025-03-30T14:12:54.654+0000] {logging_mixin.py:190} INFO - [2025-03-30T14:12:54.654+0000] {dag.py:4180} INFO - Setting next_dagrun for read_dataset_event_from_classic to 2025-03-29 00:00:00+00:00, run_after=2025-03-30 00:00:00+00:00
[2025-03-30T14:12:54.669+0000] {processor.py:208} INFO - Processing /home/airflow/.local/lib/python3.12/site-packages/airflow/example_dags/example_inlet_event_extra.py took 0.626 seconds
[2025-03-30T14:13:25.030+0000] {processor.py:186} INFO - Started process (PID=2478) to work on /home/airflow/.local/lib/python3.12/site-packages/airflow/example_dags/example_inlet_event_extra.py
[2025-03-30T14:13:25.031+0000] {processor.py:914} INFO - Processing file /home/airflow/.local/lib/python3.12/site-packages/airflow/example_dags/example_inlet_event_extra.py for tasks to queue
[2025-03-30T14:13:25.032+0000] {logging_mixin.py:190} INFO - [2025-03-30T14:13:25.031+0000] {dagbag.py:588} INFO - Filling up the DagBag from /home/airflow/.local/lib/python3.12/site-packages/airflow/example_dags/example_inlet_event_extra.py
[2025-03-30T14:13:25.543+0000] {processor.py:925} INFO - DAG(s) 'read_dataset_event', 'read_dataset_event_from_classic' retrieved from /home/airflow/.local/lib/python3.12/site-packages/airflow/example_dags/example_inlet_event_extra.py
[2025-03-30T14:13:25.562+0000] {logging_mixin.py:190} INFO - [2025-03-30T14:13:25.561+0000] {dag.py:3239} INFO - Sync 2 DAGs
[2025-03-30T14:13:25.582+0000] {logging_mixin.py:190} INFO - [2025-03-30T14:13:25.581+0000] {dag.py:4180} INFO - Setting next_dagrun for read_dataset_event to 2025-03-29 00:00:00+00:00, run_after=2025-03-30 00:00:00+00:00
[2025-03-30T14:13:25.587+0000] {logging_mixin.py:190} INFO - [2025-03-30T14:13:25.586+0000] {dag.py:4180} INFO - Setting next_dagrun for read_dataset_event_from_classic to 2025-03-29 00:00:00+00:00, run_after=2025-03-30 00:00:00+00:00
[2025-03-30T14:13:25.613+0000] {processor.py:208} INFO - Processing /home/airflow/.local/lib/python3.12/site-packages/airflow/example_dags/example_inlet_event_extra.py took 0.592 seconds
[2025-03-30T14:13:55.820+0000] {processor.py:186} INFO - Started process (PID=2553) to work on /home/airflow/.local/lib/python3.12/site-packages/airflow/example_dags/example_inlet_event_extra.py
[2025-03-30T14:13:55.821+0000] {processor.py:914} INFO - Processing file /home/airflow/.local/lib/python3.12/site-packages/airflow/example_dags/example_inlet_event_extra.py for tasks to queue
[2025-03-30T14:13:55.822+0000] {logging_mixin.py:190} INFO - [2025-03-30T14:13:55.822+0000] {dagbag.py:588} INFO - Filling up the DagBag from /home/airflow/.local/lib/python3.12/site-packages/airflow/example_dags/example_inlet_event_extra.py
[2025-03-30T14:13:56.327+0000] {processor.py:925} INFO - DAG(s) 'read_dataset_event_from_classic', 'read_dataset_event' retrieved from /home/airflow/.local/lib/python3.12/site-packages/airflow/example_dags/example_inlet_event_extra.py
[2025-03-30T14:13:56.344+0000] {logging_mixin.py:190} INFO - [2025-03-30T14:13:56.344+0000] {dag.py:3239} INFO - Sync 2 DAGs
[2025-03-30T14:13:56.364+0000] {logging_mixin.py:190} INFO - [2025-03-30T14:13:56.364+0000] {dag.py:4180} INFO - Setting next_dagrun for read_dataset_event to 2025-03-29 00:00:00+00:00, run_after=2025-03-30 00:00:00+00:00
[2025-03-30T14:13:56.368+0000] {logging_mixin.py:190} INFO - [2025-03-30T14:13:56.368+0000] {dag.py:4180} INFO - Setting next_dagrun for read_dataset_event_from_classic to 2025-03-29 00:00:00+00:00, run_after=2025-03-30 00:00:00+00:00
[2025-03-30T14:13:56.394+0000] {processor.py:208} INFO - Processing /home/airflow/.local/lib/python3.12/site-packages/airflow/example_dags/example_inlet_event_extra.py took 0.582 seconds
[2025-03-30T14:14:27.203+0000] {processor.py:186} INFO - Started process (PID=2628) to work on /home/airflow/.local/lib/python3.12/site-packages/airflow/example_dags/example_inlet_event_extra.py
[2025-03-30T14:14:27.204+0000] {processor.py:914} INFO - Processing file /home/airflow/.local/lib/python3.12/site-packages/airflow/example_dags/example_inlet_event_extra.py for tasks to queue
[2025-03-30T14:14:27.205+0000] {logging_mixin.py:190} INFO - [2025-03-30T14:14:27.205+0000] {dagbag.py:588} INFO - Filling up the DagBag from /home/airflow/.local/lib/python3.12/site-packages/airflow/example_dags/example_inlet_event_extra.py
[2025-03-30T14:14:27.745+0000] {processor.py:925} INFO - DAG(s) 'read_dataset_event', 'read_dataset_event_from_classic' retrieved from /home/airflow/.local/lib/python3.12/site-packages/airflow/example_dags/example_inlet_event_extra.py
[2025-03-30T14:14:27.764+0000] {logging_mixin.py:190} INFO - [2025-03-30T14:14:27.764+0000] {dag.py:3239} INFO - Sync 2 DAGs
[2025-03-30T14:14:27.790+0000] {logging_mixin.py:190} INFO - [2025-03-30T14:14:27.790+0000] {dag.py:4180} INFO - Setting next_dagrun for read_dataset_event to 2025-03-29 00:00:00+00:00, run_after=2025-03-30 00:00:00+00:00
[2025-03-30T14:14:27.796+0000] {logging_mixin.py:190} INFO - [2025-03-30T14:14:27.795+0000] {dag.py:4180} INFO - Setting next_dagrun for read_dataset_event_from_classic to 2025-03-29 00:00:00+00:00, run_after=2025-03-30 00:00:00+00:00
[2025-03-30T14:14:27.826+0000] {processor.py:208} INFO - Processing /home/airflow/.local/lib/python3.12/site-packages/airflow/example_dags/example_inlet_event_extra.py took 0.630 seconds
[2025-03-30T14:14:57.974+0000] {processor.py:186} INFO - Started process (PID=2704) to work on /home/airflow/.local/lib/python3.12/site-packages/airflow/example_dags/example_inlet_event_extra.py
[2025-03-30T14:14:57.977+0000] {processor.py:914} INFO - Processing file /home/airflow/.local/lib/python3.12/site-packages/airflow/example_dags/example_inlet_event_extra.py for tasks to queue
[2025-03-30T14:14:57.979+0000] {logging_mixin.py:190} INFO - [2025-03-30T14:14:57.979+0000] {dagbag.py:588} INFO - Filling up the DagBag from /home/airflow/.local/lib/python3.12/site-packages/airflow/example_dags/example_inlet_event_extra.py
[2025-03-30T14:14:58.533+0000] {processor.py:925} INFO - DAG(s) 'read_dataset_event', 'read_dataset_event_from_classic' retrieved from /home/airflow/.local/lib/python3.12/site-packages/airflow/example_dags/example_inlet_event_extra.py
[2025-03-30T14:14:58.551+0000] {logging_mixin.py:190} INFO - [2025-03-30T14:14:58.551+0000] {dag.py:3239} INFO - Sync 2 DAGs
[2025-03-30T14:14:58.573+0000] {logging_mixin.py:190} INFO - [2025-03-30T14:14:58.572+0000] {dag.py:4180} INFO - Setting next_dagrun for read_dataset_event to 2025-03-29 00:00:00+00:00, run_after=2025-03-30 00:00:00+00:00
[2025-03-30T14:14:58.577+0000] {logging_mixin.py:190} INFO - [2025-03-30T14:14:58.577+0000] {dag.py:4180} INFO - Setting next_dagrun for read_dataset_event_from_classic to 2025-03-29 00:00:00+00:00, run_after=2025-03-30 00:00:00+00:00
[2025-03-30T14:14:58.601+0000] {processor.py:208} INFO - Processing /home/airflow/.local/lib/python3.12/site-packages/airflow/example_dags/example_inlet_event_extra.py took 0.647 seconds
[2025-03-30T14:15:28.997+0000] {processor.py:186} INFO - Started process (PID=2767) to work on /home/airflow/.local/lib/python3.12/site-packages/airflow/example_dags/example_inlet_event_extra.py
[2025-03-30T14:15:28.998+0000] {processor.py:914} INFO - Processing file /home/airflow/.local/lib/python3.12/site-packages/airflow/example_dags/example_inlet_event_extra.py for tasks to queue
[2025-03-30T14:15:28.999+0000] {logging_mixin.py:190} INFO - [2025-03-30T14:15:28.999+0000] {dagbag.py:588} INFO - Filling up the DagBag from /home/airflow/.local/lib/python3.12/site-packages/airflow/example_dags/example_inlet_event_extra.py
[2025-03-30T14:15:29.491+0000] {processor.py:925} INFO - DAG(s) 'read_dataset_event_from_classic', 'read_dataset_event' retrieved from /home/airflow/.local/lib/python3.12/site-packages/airflow/example_dags/example_inlet_event_extra.py
[2025-03-30T14:15:29.507+0000] {logging_mixin.py:190} INFO - [2025-03-30T14:15:29.507+0000] {dag.py:3239} INFO - Sync 2 DAGs
[2025-03-30T14:15:29.526+0000] {logging_mixin.py:190} INFO - [2025-03-30T14:15:29.525+0000] {dag.py:4180} INFO - Setting next_dagrun for read_dataset_event to 2025-03-29 00:00:00+00:00, run_after=2025-03-30 00:00:00+00:00
[2025-03-30T14:15:29.530+0000] {logging_mixin.py:190} INFO - [2025-03-30T14:15:29.530+0000] {dag.py:4180} INFO - Setting next_dagrun for read_dataset_event_from_classic to 2025-03-29 00:00:00+00:00, run_after=2025-03-30 00:00:00+00:00
[2025-03-30T14:15:29.555+0000] {processor.py:208} INFO - Processing /home/airflow/.local/lib/python3.12/site-packages/airflow/example_dags/example_inlet_event_extra.py took 0.565 seconds
[2025-03-30T14:15:59.795+0000] {processor.py:186} INFO - Started process (PID=2842) to work on /home/airflow/.local/lib/python3.12/site-packages/airflow/example_dags/example_inlet_event_extra.py
[2025-03-30T14:15:59.797+0000] {processor.py:914} INFO - Processing file /home/airflow/.local/lib/python3.12/site-packages/airflow/example_dags/example_inlet_event_extra.py for tasks to queue
[2025-03-30T14:15:59.799+0000] {logging_mixin.py:190} INFO - [2025-03-30T14:15:59.798+0000] {dagbag.py:588} INFO - Filling up the DagBag from /home/airflow/.local/lib/python3.12/site-packages/airflow/example_dags/example_inlet_event_extra.py
[2025-03-30T14:16:00.313+0000] {processor.py:925} INFO - DAG(s) 'read_dataset_event_from_classic', 'read_dataset_event' retrieved from /home/airflow/.local/lib/python3.12/site-packages/airflow/example_dags/example_inlet_event_extra.py
[2025-03-30T14:16:00.332+0000] {logging_mixin.py:190} INFO - [2025-03-30T14:16:00.332+0000] {dag.py:3239} INFO - Sync 2 DAGs
[2025-03-30T14:16:00.356+0000] {logging_mixin.py:190} INFO - [2025-03-30T14:16:00.355+0000] {dag.py:4180} INFO - Setting next_dagrun for read_dataset_event to 2025-03-29 00:00:00+00:00, run_after=2025-03-30 00:00:00+00:00
[2025-03-30T14:16:00.360+0000] {logging_mixin.py:190} INFO - [2025-03-30T14:16:00.360+0000] {dag.py:4180} INFO - Setting next_dagrun for read_dataset_event_from_classic to 2025-03-29 00:00:00+00:00, run_after=2025-03-30 00:00:00+00:00
[2025-03-30T14:16:00.375+0000] {processor.py:208} INFO - Processing /home/airflow/.local/lib/python3.12/site-packages/airflow/example_dags/example_inlet_event_extra.py took 0.589 seconds
[2025-03-30T14:16:30.457+0000] {processor.py:186} INFO - Started process (PID=2917) to work on /home/airflow/.local/lib/python3.12/site-packages/airflow/example_dags/example_inlet_event_extra.py
[2025-03-30T14:16:30.458+0000] {processor.py:914} INFO - Processing file /home/airflow/.local/lib/python3.12/site-packages/airflow/example_dags/example_inlet_event_extra.py for tasks to queue
[2025-03-30T14:16:30.460+0000] {logging_mixin.py:190} INFO - [2025-03-30T14:16:30.459+0000] {dagbag.py:588} INFO - Filling up the DagBag from /home/airflow/.local/lib/python3.12/site-packages/airflow/example_dags/example_inlet_event_extra.py
[2025-03-30T14:16:31.074+0000] {processor.py:925} INFO - DAG(s) 'read_dataset_event_from_classic', 'read_dataset_event' retrieved from /home/airflow/.local/lib/python3.12/site-packages/airflow/example_dags/example_inlet_event_extra.py
[2025-03-30T14:16:31.095+0000] {logging_mixin.py:190} INFO - [2025-03-30T14:16:31.095+0000] {dag.py:3239} INFO - Sync 2 DAGs
[2025-03-30T14:16:31.120+0000] {logging_mixin.py:190} INFO - [2025-03-30T14:16:31.120+0000] {dag.py:4180} INFO - Setting next_dagrun for read_dataset_event to 2025-03-29 00:00:00+00:00, run_after=2025-03-30 00:00:00+00:00
[2025-03-30T14:16:31.126+0000] {logging_mixin.py:190} INFO - [2025-03-30T14:16:31.126+0000] {dag.py:4180} INFO - Setting next_dagrun for read_dataset_event_from_classic to 2025-03-29 00:00:00+00:00, run_after=2025-03-30 00:00:00+00:00
[2025-03-30T14:16:31.157+0000] {processor.py:208} INFO - Processing /home/airflow/.local/lib/python3.12/site-packages/airflow/example_dags/example_inlet_event_extra.py took 0.710 seconds
[2025-03-30T14:17:01.659+0000] {processor.py:186} INFO - Started process (PID=2992) to work on /home/airflow/.local/lib/python3.12/site-packages/airflow/example_dags/example_inlet_event_extra.py
[2025-03-30T14:17:01.659+0000] {processor.py:914} INFO - Processing file /home/airflow/.local/lib/python3.12/site-packages/airflow/example_dags/example_inlet_event_extra.py for tasks to queue
[2025-03-30T14:17:01.661+0000] {logging_mixin.py:190} INFO - [2025-03-30T14:17:01.660+0000] {dagbag.py:588} INFO - Filling up the DagBag from /home/airflow/.local/lib/python3.12/site-packages/airflow/example_dags/example_inlet_event_extra.py
[2025-03-30T14:17:02.167+0000] {processor.py:925} INFO - DAG(s) 'read_dataset_event_from_classic', 'read_dataset_event' retrieved from /home/airflow/.local/lib/python3.12/site-packages/airflow/example_dags/example_inlet_event_extra.py
[2025-03-30T14:17:02.186+0000] {logging_mixin.py:190} INFO - [2025-03-30T14:17:02.185+0000] {dag.py:3239} INFO - Sync 2 DAGs
[2025-03-30T14:17:02.205+0000] {logging_mixin.py:190} INFO - [2025-03-30T14:17:02.204+0000] {dag.py:4180} INFO - Setting next_dagrun for read_dataset_event to 2025-03-29 00:00:00+00:00, run_after=2025-03-30 00:00:00+00:00
[2025-03-30T14:17:02.209+0000] {logging_mixin.py:190} INFO - [2025-03-30T14:17:02.209+0000] {dag.py:4180} INFO - Setting next_dagrun for read_dataset_event_from_classic to 2025-03-29 00:00:00+00:00, run_after=2025-03-30 00:00:00+00:00
[2025-03-30T14:17:02.232+0000] {processor.py:208} INFO - Processing /home/airflow/.local/lib/python3.12/site-packages/airflow/example_dags/example_inlet_event_extra.py took 0.582 seconds
[2025-03-30T14:17:32.944+0000] {processor.py:186} INFO - Started process (PID=3067) to work on /home/airflow/.local/lib/python3.12/site-packages/airflow/example_dags/example_inlet_event_extra.py
[2025-03-30T14:17:32.944+0000] {processor.py:914} INFO - Processing file /home/airflow/.local/lib/python3.12/site-packages/airflow/example_dags/example_inlet_event_extra.py for tasks to queue
[2025-03-30T14:17:32.945+0000] {logging_mixin.py:190} INFO - [2025-03-30T14:17:32.945+0000] {dagbag.py:588} INFO - Filling up the DagBag from /home/airflow/.local/lib/python3.12/site-packages/airflow/example_dags/example_inlet_event_extra.py
[2025-03-30T14:17:33.447+0000] {processor.py:925} INFO - DAG(s) 'read_dataset_event', 'read_dataset_event_from_classic' retrieved from /home/airflow/.local/lib/python3.12/site-packages/airflow/example_dags/example_inlet_event_extra.py
[2025-03-30T14:17:33.466+0000] {logging_mixin.py:190} INFO - [2025-03-30T14:17:33.466+0000] {dag.py:3239} INFO - Sync 2 DAGs
[2025-03-30T14:17:33.485+0000] {logging_mixin.py:190} INFO - [2025-03-30T14:17:33.484+0000] {dag.py:4180} INFO - Setting next_dagrun for read_dataset_event to 2025-03-29 00:00:00+00:00, run_after=2025-03-30 00:00:00+00:00
[2025-03-30T14:17:33.489+0000] {logging_mixin.py:190} INFO - [2025-03-30T14:17:33.489+0000] {dag.py:4180} INFO - Setting next_dagrun for read_dataset_event_from_classic to 2025-03-29 00:00:00+00:00, run_after=2025-03-30 00:00:00+00:00
[2025-03-30T14:17:33.515+0000] {processor.py:208} INFO - Processing /home/airflow/.local/lib/python3.12/site-packages/airflow/example_dags/example_inlet_event_extra.py took 0.579 seconds
[2025-03-30T14:18:04.454+0000] {processor.py:186} INFO - Started process (PID=3142) to work on /home/airflow/.local/lib/python3.12/site-packages/airflow/example_dags/example_inlet_event_extra.py
[2025-03-30T14:18:04.455+0000] {processor.py:914} INFO - Processing file /home/airflow/.local/lib/python3.12/site-packages/airflow/example_dags/example_inlet_event_extra.py for tasks to queue
[2025-03-30T14:18:04.456+0000] {logging_mixin.py:190} INFO - [2025-03-30T14:18:04.456+0000] {dagbag.py:588} INFO - Filling up the DagBag from /home/airflow/.local/lib/python3.12/site-packages/airflow/example_dags/example_inlet_event_extra.py
[2025-03-30T14:18:04.969+0000] {processor.py:925} INFO - DAG(s) 'read_dataset_event_from_classic', 'read_dataset_event' retrieved from /home/airflow/.local/lib/python3.12/site-packages/airflow/example_dags/example_inlet_event_extra.py
[2025-03-30T14:18:04.988+0000] {logging_mixin.py:190} INFO - [2025-03-30T14:18:04.987+0000] {dag.py:3239} INFO - Sync 2 DAGs
[2025-03-30T14:18:05.007+0000] {logging_mixin.py:190} INFO - [2025-03-30T14:18:05.007+0000] {dag.py:4180} INFO - Setting next_dagrun for read_dataset_event to 2025-03-29 00:00:00+00:00, run_after=2025-03-30 00:00:00+00:00
[2025-03-30T14:18:05.011+0000] {logging_mixin.py:190} INFO - [2025-03-30T14:18:05.011+0000] {dag.py:4180} INFO - Setting next_dagrun for read_dataset_event_from_classic to 2025-03-29 00:00:00+00:00, run_after=2025-03-30 00:00:00+00:00
[2025-03-30T14:18:05.036+0000] {processor.py:208} INFO - Processing /home/airflow/.local/lib/python3.12/site-packages/airflow/example_dags/example_inlet_event_extra.py took 0.590 seconds
