[2025-03-30T13:57:16.946+0000] {processor.py:186} INFO - Started process (PID=89) to work on /home/airflow/.local/lib/python3.12/site-packages/airflow/example_dags/example_skip_dag.py
[2025-03-30T13:57:16.947+0000] {processor.py:914} INFO - Processing file /home/airflow/.local/lib/python3.12/site-packages/airflow/example_dags/example_skip_dag.py for tasks to queue
[2025-03-30T13:57:16.950+0000] {logging_mixin.py:190} INFO - [2025-03-30T13:57:16.950+0000] {dagbag.py:588} INFO - Filling up the DagBag from /home/airflow/.local/lib/python3.12/site-packages/airflow/example_dags/example_skip_dag.py
[2025-03-30T13:57:16.966+0000] {processor.py:925} INFO - DAG(s) 'example_skip_dag' retrieved from /home/airflow/.local/lib/python3.12/site-packages/airflow/example_dags/example_skip_dag.py
[2025-03-30T13:57:16.999+0000] {logging_mixin.py:190} INFO - [2025-03-30T13:57:16.999+0000] {dag.py:3239} INFO - Sync 1 DAGs
[2025-03-30T13:57:17.031+0000] {logging_mixin.py:190} INFO - [2025-03-30T13:57:17.031+0000] {dag.py:4180} INFO - Setting next_dagrun for example_skip_dag to 2025-03-29 00:00:00+00:00, run_after=2025-03-30 00:00:00+00:00
[2025-03-30T13:57:17.079+0000] {processor.py:208} INFO - Processing /home/airflow/.local/lib/python3.12/site-packages/airflow/example_dags/example_skip_dag.py took 0.141 seconds
[2025-03-30T13:57:47.412+0000] {processor.py:186} INFO - Started process (PID=163) to work on /home/airflow/.local/lib/python3.12/site-packages/airflow/example_dags/example_skip_dag.py
[2025-03-30T13:57:47.414+0000] {processor.py:914} INFO - Processing file /home/airflow/.local/lib/python3.12/site-packages/airflow/example_dags/example_skip_dag.py for tasks to queue
[2025-03-30T13:57:47.417+0000] {logging_mixin.py:190} INFO - [2025-03-30T13:57:47.416+0000] {dagbag.py:588} INFO - Filling up the DagBag from /home/airflow/.local/lib/python3.12/site-packages/airflow/example_dags/example_skip_dag.py
[2025-03-30T13:57:47.428+0000] {processor.py:925} INFO - DAG(s) 'example_skip_dag' retrieved from /home/airflow/.local/lib/python3.12/site-packages/airflow/example_dags/example_skip_dag.py
[2025-03-30T13:57:47.456+0000] {logging_mixin.py:190} INFO - [2025-03-30T13:57:47.456+0000] {dag.py:3239} INFO - Sync 1 DAGs
[2025-03-30T13:57:47.487+0000] {logging_mixin.py:190} INFO - [2025-03-30T13:57:47.487+0000] {dag.py:4180} INFO - Setting next_dagrun for example_skip_dag to 2025-03-29 00:00:00+00:00, run_after=2025-03-30 00:00:00+00:00
[2025-03-30T13:57:47.514+0000] {processor.py:208} INFO - Processing /home/airflow/.local/lib/python3.12/site-packages/airflow/example_dags/example_skip_dag.py took 0.107 seconds
[2025-03-30T13:58:18.140+0000] {processor.py:186} INFO - Started process (PID=238) to work on /home/airflow/.local/lib/python3.12/site-packages/airflow/example_dags/example_skip_dag.py
[2025-03-30T13:58:18.141+0000] {processor.py:914} INFO - Processing file /home/airflow/.local/lib/python3.12/site-packages/airflow/example_dags/example_skip_dag.py for tasks to queue
[2025-03-30T13:58:18.143+0000] {logging_mixin.py:190} INFO - [2025-03-30T13:58:18.142+0000] {dagbag.py:588} INFO - Filling up the DagBag from /home/airflow/.local/lib/python3.12/site-packages/airflow/example_dags/example_skip_dag.py
[2025-03-30T13:58:18.152+0000] {processor.py:925} INFO - DAG(s) 'example_skip_dag' retrieved from /home/airflow/.local/lib/python3.12/site-packages/airflow/example_dags/example_skip_dag.py
[2025-03-30T13:58:18.174+0000] {logging_mixin.py:190} INFO - [2025-03-30T13:58:18.174+0000] {dag.py:3239} INFO - Sync 1 DAGs
[2025-03-30T13:58:18.202+0000] {logging_mixin.py:190} INFO - [2025-03-30T13:58:18.202+0000] {dag.py:4180} INFO - Setting next_dagrun for example_skip_dag to 2025-03-29 00:00:00+00:00, run_after=2025-03-30 00:00:00+00:00
[2025-03-30T13:58:18.224+0000] {processor.py:208} INFO - Processing /home/airflow/.local/lib/python3.12/site-packages/airflow/example_dags/example_skip_dag.py took 0.090 seconds
[2025-03-30T13:58:49.016+0000] {processor.py:186} INFO - Started process (PID=313) to work on /home/airflow/.local/lib/python3.12/site-packages/airflow/example_dags/example_skip_dag.py
[2025-03-30T13:58:49.018+0000] {processor.py:914} INFO - Processing file /home/airflow/.local/lib/python3.12/site-packages/airflow/example_dags/example_skip_dag.py for tasks to queue
[2025-03-30T13:58:49.020+0000] {logging_mixin.py:190} INFO - [2025-03-30T13:58:49.020+0000] {dagbag.py:588} INFO - Filling up the DagBag from /home/airflow/.local/lib/python3.12/site-packages/airflow/example_dags/example_skip_dag.py
[2025-03-30T13:58:49.030+0000] {processor.py:925} INFO - DAG(s) 'example_skip_dag' retrieved from /home/airflow/.local/lib/python3.12/site-packages/airflow/example_dags/example_skip_dag.py
[2025-03-30T13:58:49.052+0000] {logging_mixin.py:190} INFO - [2025-03-30T13:58:49.052+0000] {dag.py:3239} INFO - Sync 1 DAGs
[2025-03-30T13:58:49.073+0000] {logging_mixin.py:190} INFO - [2025-03-30T13:58:49.073+0000] {dag.py:4180} INFO - Setting next_dagrun for example_skip_dag to 2025-03-29 00:00:00+00:00, run_after=2025-03-30 00:00:00+00:00
[2025-03-30T13:58:49.088+0000] {processor.py:208} INFO - Processing /home/airflow/.local/lib/python3.12/site-packages/airflow/example_dags/example_skip_dag.py took 0.080 seconds
[2025-03-30T13:59:19.231+0000] {processor.py:186} INFO - Started process (PID=376) to work on /home/airflow/.local/lib/python3.12/site-packages/airflow/example_dags/example_skip_dag.py
[2025-03-30T13:59:19.232+0000] {processor.py:914} INFO - Processing file /home/airflow/.local/lib/python3.12/site-packages/airflow/example_dags/example_skip_dag.py for tasks to queue
[2025-03-30T13:59:19.234+0000] {logging_mixin.py:190} INFO - [2025-03-30T13:59:19.234+0000] {dagbag.py:588} INFO - Filling up the DagBag from /home/airflow/.local/lib/python3.12/site-packages/airflow/example_dags/example_skip_dag.py
[2025-03-30T13:59:19.241+0000] {processor.py:925} INFO - DAG(s) 'example_skip_dag' retrieved from /home/airflow/.local/lib/python3.12/site-packages/airflow/example_dags/example_skip_dag.py
[2025-03-30T13:59:19.264+0000] {logging_mixin.py:190} INFO - [2025-03-30T13:59:19.264+0000] {dag.py:3239} INFO - Sync 1 DAGs
[2025-03-30T13:59:19.284+0000] {logging_mixin.py:190} INFO - [2025-03-30T13:59:19.284+0000] {dag.py:4180} INFO - Setting next_dagrun for example_skip_dag to 2025-03-29 00:00:00+00:00, run_after=2025-03-30 00:00:00+00:00
[2025-03-30T13:59:19.302+0000] {processor.py:208} INFO - Processing /home/airflow/.local/lib/python3.12/site-packages/airflow/example_dags/example_skip_dag.py took 0.075 seconds
[2025-03-30T13:59:49.704+0000] {processor.py:186} INFO - Started process (PID=451) to work on /home/airflow/.local/lib/python3.12/site-packages/airflow/example_dags/example_skip_dag.py
[2025-03-30T13:59:49.705+0000] {processor.py:914} INFO - Processing file /home/airflow/.local/lib/python3.12/site-packages/airflow/example_dags/example_skip_dag.py for tasks to queue
[2025-03-30T13:59:49.707+0000] {logging_mixin.py:190} INFO - [2025-03-30T13:59:49.707+0000] {dagbag.py:588} INFO - Filling up the DagBag from /home/airflow/.local/lib/python3.12/site-packages/airflow/example_dags/example_skip_dag.py
[2025-03-30T13:59:49.714+0000] {processor.py:925} INFO - DAG(s) 'example_skip_dag' retrieved from /home/airflow/.local/lib/python3.12/site-packages/airflow/example_dags/example_skip_dag.py
[2025-03-30T13:59:49.732+0000] {logging_mixin.py:190} INFO - [2025-03-30T13:59:49.731+0000] {dag.py:3239} INFO - Sync 1 DAGs
[2025-03-30T13:59:49.750+0000] {logging_mixin.py:190} INFO - [2025-03-30T13:59:49.750+0000] {dag.py:4180} INFO - Setting next_dagrun for example_skip_dag to 2025-03-29 00:00:00+00:00, run_after=2025-03-30 00:00:00+00:00
[2025-03-30T13:59:49.763+0000] {processor.py:208} INFO - Processing /home/airflow/.local/lib/python3.12/site-packages/airflow/example_dags/example_skip_dag.py took 0.064 seconds
[2025-03-30T14:00:19.983+0000] {processor.py:186} INFO - Started process (PID=538) to work on /home/airflow/.local/lib/python3.12/site-packages/airflow/example_dags/example_skip_dag.py
[2025-03-30T14:00:19.984+0000] {processor.py:914} INFO - Processing file /home/airflow/.local/lib/python3.12/site-packages/airflow/example_dags/example_skip_dag.py for tasks to queue
[2025-03-30T14:00:19.988+0000] {logging_mixin.py:190} INFO - [2025-03-30T14:00:19.987+0000] {dagbag.py:588} INFO - Filling up the DagBag from /home/airflow/.local/lib/python3.12/site-packages/airflow/example_dags/example_skip_dag.py
[2025-03-30T14:00:19.997+0000] {processor.py:925} INFO - DAG(s) 'example_skip_dag' retrieved from /home/airflow/.local/lib/python3.12/site-packages/airflow/example_dags/example_skip_dag.py
[2025-03-30T14:00:20.026+0000] {logging_mixin.py:190} INFO - [2025-03-30T14:00:20.025+0000] {dag.py:3239} INFO - Sync 1 DAGs
[2025-03-30T14:00:20.063+0000] {logging_mixin.py:190} INFO - [2025-03-30T14:00:20.063+0000] {dag.py:4180} INFO - Setting next_dagrun for example_skip_dag to 2025-03-29 00:00:00+00:00, run_after=2025-03-30 00:00:00+00:00
[2025-03-30T14:00:20.094+0000] {processor.py:208} INFO - Processing /home/airflow/.local/lib/python3.12/site-packages/airflow/example_dags/example_skip_dag.py took 0.117 seconds
[2025-03-30T14:00:50.590+0000] {processor.py:186} INFO - Started process (PID=613) to work on /home/airflow/.local/lib/python3.12/site-packages/airflow/example_dags/example_skip_dag.py
[2025-03-30T14:00:50.590+0000] {processor.py:914} INFO - Processing file /home/airflow/.local/lib/python3.12/site-packages/airflow/example_dags/example_skip_dag.py for tasks to queue
[2025-03-30T14:00:50.593+0000] {logging_mixin.py:190} INFO - [2025-03-30T14:00:50.592+0000] {dagbag.py:588} INFO - Filling up the DagBag from /home/airflow/.local/lib/python3.12/site-packages/airflow/example_dags/example_skip_dag.py
[2025-03-30T14:00:50.600+0000] {processor.py:925} INFO - DAG(s) 'example_skip_dag' retrieved from /home/airflow/.local/lib/python3.12/site-packages/airflow/example_dags/example_skip_dag.py
[2025-03-30T14:00:50.618+0000] {logging_mixin.py:190} INFO - [2025-03-30T14:00:50.618+0000] {dag.py:3239} INFO - Sync 1 DAGs
[2025-03-30T14:00:50.638+0000] {logging_mixin.py:190} INFO - [2025-03-30T14:00:50.638+0000] {dag.py:4180} INFO - Setting next_dagrun for example_skip_dag to 2025-03-29 00:00:00+00:00, run_after=2025-03-30 00:00:00+00:00
[2025-03-30T14:00:50.656+0000] {processor.py:208} INFO - Processing /home/airflow/.local/lib/python3.12/site-packages/airflow/example_dags/example_skip_dag.py took 0.071 seconds
[2025-03-30T14:01:21.427+0000] {processor.py:186} INFO - Started process (PID=688) to work on /home/airflow/.local/lib/python3.12/site-packages/airflow/example_dags/example_skip_dag.py
[2025-03-30T14:01:21.428+0000] {processor.py:914} INFO - Processing file /home/airflow/.local/lib/python3.12/site-packages/airflow/example_dags/example_skip_dag.py for tasks to queue
[2025-03-30T14:01:21.430+0000] {logging_mixin.py:190} INFO - [2025-03-30T14:01:21.430+0000] {dagbag.py:588} INFO - Filling up the DagBag from /home/airflow/.local/lib/python3.12/site-packages/airflow/example_dags/example_skip_dag.py
[2025-03-30T14:01:21.439+0000] {processor.py:925} INFO - DAG(s) 'example_skip_dag' retrieved from /home/airflow/.local/lib/python3.12/site-packages/airflow/example_dags/example_skip_dag.py
[2025-03-30T14:01:21.459+0000] {logging_mixin.py:190} INFO - [2025-03-30T14:01:21.458+0000] {dag.py:3239} INFO - Sync 1 DAGs
[2025-03-30T14:01:21.481+0000] {logging_mixin.py:190} INFO - [2025-03-30T14:01:21.480+0000] {dag.py:4180} INFO - Setting next_dagrun for example_skip_dag to 2025-03-29 00:00:00+00:00, run_after=2025-03-30 00:00:00+00:00
[2025-03-30T14:01:21.498+0000] {processor.py:208} INFO - Processing /home/airflow/.local/lib/python3.12/site-packages/airflow/example_dags/example_skip_dag.py took 0.076 seconds
[2025-03-30T14:01:51.748+0000] {processor.py:186} INFO - Started process (PID=775) to work on /home/airflow/.local/lib/python3.12/site-packages/airflow/example_dags/example_skip_dag.py
[2025-03-30T14:01:51.748+0000] {processor.py:914} INFO - Processing file /home/airflow/.local/lib/python3.12/site-packages/airflow/example_dags/example_skip_dag.py for tasks to queue
[2025-03-30T14:01:51.750+0000] {logging_mixin.py:190} INFO - [2025-03-30T14:01:51.750+0000] {dagbag.py:588} INFO - Filling up the DagBag from /home/airflow/.local/lib/python3.12/site-packages/airflow/example_dags/example_skip_dag.py
[2025-03-30T14:01:51.758+0000] {processor.py:925} INFO - DAG(s) 'example_skip_dag' retrieved from /home/airflow/.local/lib/python3.12/site-packages/airflow/example_dags/example_skip_dag.py
[2025-03-30T14:01:51.784+0000] {logging_mixin.py:190} INFO - [2025-03-30T14:01:51.783+0000] {dag.py:3239} INFO - Sync 1 DAGs
[2025-03-30T14:01:51.807+0000] {logging_mixin.py:190} INFO - [2025-03-30T14:01:51.807+0000] {dag.py:4180} INFO - Setting next_dagrun for example_skip_dag to 2025-03-29 00:00:00+00:00, run_after=2025-03-30 00:00:00+00:00
[2025-03-30T14:01:51.825+0000] {processor.py:208} INFO - Processing /home/airflow/.local/lib/python3.12/site-packages/airflow/example_dags/example_skip_dag.py took 0.082 seconds
[2025-03-30T14:02:23.050+0000] {processor.py:186} INFO - Started process (PID=850) to work on /home/airflow/.local/lib/python3.12/site-packages/airflow/example_dags/example_skip_dag.py
[2025-03-30T14:02:23.050+0000] {processor.py:914} INFO - Processing file /home/airflow/.local/lib/python3.12/site-packages/airflow/example_dags/example_skip_dag.py for tasks to queue
[2025-03-30T14:02:23.053+0000] {logging_mixin.py:190} INFO - [2025-03-30T14:02:23.052+0000] {dagbag.py:588} INFO - Filling up the DagBag from /home/airflow/.local/lib/python3.12/site-packages/airflow/example_dags/example_skip_dag.py
[2025-03-30T14:02:23.062+0000] {processor.py:925} INFO - DAG(s) 'example_skip_dag' retrieved from /home/airflow/.local/lib/python3.12/site-packages/airflow/example_dags/example_skip_dag.py
[2025-03-30T14:02:23.086+0000] {logging_mixin.py:190} INFO - [2025-03-30T14:02:23.086+0000] {dag.py:3239} INFO - Sync 1 DAGs
[2025-03-30T14:02:23.111+0000] {logging_mixin.py:190} INFO - [2025-03-30T14:02:23.111+0000] {dag.py:4180} INFO - Setting next_dagrun for example_skip_dag to 2025-03-29 00:00:00+00:00, run_after=2025-03-30 00:00:00+00:00
[2025-03-30T14:02:23.131+0000] {processor.py:208} INFO - Processing /home/airflow/.local/lib/python3.12/site-packages/airflow/example_dags/example_skip_dag.py took 0.087 seconds
[2025-03-30T14:02:53.525+0000] {processor.py:186} INFO - Started process (PID=925) to work on /home/airflow/.local/lib/python3.12/site-packages/airflow/example_dags/example_skip_dag.py
[2025-03-30T14:02:53.526+0000] {processor.py:914} INFO - Processing file /home/airflow/.local/lib/python3.12/site-packages/airflow/example_dags/example_skip_dag.py for tasks to queue
[2025-03-30T14:02:53.528+0000] {logging_mixin.py:190} INFO - [2025-03-30T14:02:53.527+0000] {dagbag.py:588} INFO - Filling up the DagBag from /home/airflow/.local/lib/python3.12/site-packages/airflow/example_dags/example_skip_dag.py
[2025-03-30T14:02:53.535+0000] {processor.py:925} INFO - DAG(s) 'example_skip_dag' retrieved from /home/airflow/.local/lib/python3.12/site-packages/airflow/example_dags/example_skip_dag.py
[2025-03-30T14:02:53.553+0000] {logging_mixin.py:190} INFO - [2025-03-30T14:02:53.552+0000] {dag.py:3239} INFO - Sync 1 DAGs
[2025-03-30T14:02:53.571+0000] {logging_mixin.py:190} INFO - [2025-03-30T14:02:53.571+0000] {dag.py:4180} INFO - Setting next_dagrun for example_skip_dag to 2025-03-29 00:00:00+00:00, run_after=2025-03-30 00:00:00+00:00
[2025-03-30T14:02:53.583+0000] {processor.py:208} INFO - Processing /home/airflow/.local/lib/python3.12/site-packages/airflow/example_dags/example_skip_dag.py took 0.063 seconds
[2025-03-30T14:03:23.908+0000] {processor.py:186} INFO - Started process (PID=1000) to work on /home/airflow/.local/lib/python3.12/site-packages/airflow/example_dags/example_skip_dag.py
[2025-03-30T14:03:23.909+0000] {processor.py:914} INFO - Processing file /home/airflow/.local/lib/python3.12/site-packages/airflow/example_dags/example_skip_dag.py for tasks to queue
[2025-03-30T14:03:23.911+0000] {logging_mixin.py:190} INFO - [2025-03-30T14:03:23.911+0000] {dagbag.py:588} INFO - Filling up the DagBag from /home/airflow/.local/lib/python3.12/site-packages/airflow/example_dags/example_skip_dag.py
[2025-03-30T14:03:23.918+0000] {processor.py:925} INFO - DAG(s) 'example_skip_dag' retrieved from /home/airflow/.local/lib/python3.12/site-packages/airflow/example_dags/example_skip_dag.py
[2025-03-30T14:03:23.937+0000] {logging_mixin.py:190} INFO - [2025-03-30T14:03:23.937+0000] {dag.py:3239} INFO - Sync 1 DAGs
[2025-03-30T14:03:23.955+0000] {logging_mixin.py:190} INFO - [2025-03-30T14:03:23.955+0000] {dag.py:4180} INFO - Setting next_dagrun for example_skip_dag to 2025-03-29 00:00:00+00:00, run_after=2025-03-30 00:00:00+00:00
[2025-03-30T14:03:23.969+0000] {processor.py:208} INFO - Processing /home/airflow/.local/lib/python3.12/site-packages/airflow/example_dags/example_skip_dag.py took 0.066 seconds
[2025-03-30T14:03:54.155+0000] {processor.py:186} INFO - Started process (PID=1063) to work on /home/airflow/.local/lib/python3.12/site-packages/airflow/example_dags/example_skip_dag.py
[2025-03-30T14:03:54.156+0000] {processor.py:914} INFO - Processing file /home/airflow/.local/lib/python3.12/site-packages/airflow/example_dags/example_skip_dag.py for tasks to queue
[2025-03-30T14:03:54.158+0000] {logging_mixin.py:190} INFO - [2025-03-30T14:03:54.158+0000] {dagbag.py:588} INFO - Filling up the DagBag from /home/airflow/.local/lib/python3.12/site-packages/airflow/example_dags/example_skip_dag.py
[2025-03-30T14:03:54.164+0000] {processor.py:925} INFO - DAG(s) 'example_skip_dag' retrieved from /home/airflow/.local/lib/python3.12/site-packages/airflow/example_dags/example_skip_dag.py
[2025-03-30T14:03:54.182+0000] {logging_mixin.py:190} INFO - [2025-03-30T14:03:54.181+0000] {dag.py:3239} INFO - Sync 1 DAGs
[2025-03-30T14:03:54.201+0000] {logging_mixin.py:190} INFO - [2025-03-30T14:03:54.200+0000] {dag.py:4180} INFO - Setting next_dagrun for example_skip_dag to 2025-03-29 00:00:00+00:00, run_after=2025-03-30 00:00:00+00:00
[2025-03-30T14:03:54.217+0000] {processor.py:208} INFO - Processing /home/airflow/.local/lib/python3.12/site-packages/airflow/example_dags/example_skip_dag.py took 0.067 seconds
[2025-03-30T14:04:24.769+0000] {processor.py:186} INFO - Started process (PID=1138) to work on /home/airflow/.local/lib/python3.12/site-packages/airflow/example_dags/example_skip_dag.py
[2025-03-30T14:04:24.769+0000] {processor.py:914} INFO - Processing file /home/airflow/.local/lib/python3.12/site-packages/airflow/example_dags/example_skip_dag.py for tasks to queue
[2025-03-30T14:04:24.771+0000] {logging_mixin.py:190} INFO - [2025-03-30T14:04:24.771+0000] {dagbag.py:588} INFO - Filling up the DagBag from /home/airflow/.local/lib/python3.12/site-packages/airflow/example_dags/example_skip_dag.py
[2025-03-30T14:04:24.779+0000] {processor.py:925} INFO - DAG(s) 'example_skip_dag' retrieved from /home/airflow/.local/lib/python3.12/site-packages/airflow/example_dags/example_skip_dag.py
[2025-03-30T14:04:24.799+0000] {logging_mixin.py:190} INFO - [2025-03-30T14:04:24.799+0000] {dag.py:3239} INFO - Sync 1 DAGs
[2025-03-30T14:04:24.821+0000] {logging_mixin.py:190} INFO - [2025-03-30T14:04:24.821+0000] {dag.py:4180} INFO - Setting next_dagrun for example_skip_dag to 2025-03-29 00:00:00+00:00, run_after=2025-03-30 00:00:00+00:00
[2025-03-30T14:04:24.836+0000] {processor.py:208} INFO - Processing /home/airflow/.local/lib/python3.12/site-packages/airflow/example_dags/example_skip_dag.py took 0.073 seconds
[2025-03-30T14:04:55.807+0000] {processor.py:186} INFO - Started process (PID=1225) to work on /home/airflow/.local/lib/python3.12/site-packages/airflow/example_dags/example_skip_dag.py
[2025-03-30T14:04:55.808+0000] {processor.py:914} INFO - Processing file /home/airflow/.local/lib/python3.12/site-packages/airflow/example_dags/example_skip_dag.py for tasks to queue
[2025-03-30T14:04:55.810+0000] {logging_mixin.py:190} INFO - [2025-03-30T14:04:55.810+0000] {dagbag.py:588} INFO - Filling up the DagBag from /home/airflow/.local/lib/python3.12/site-packages/airflow/example_dags/example_skip_dag.py
[2025-03-30T14:04:55.818+0000] {processor.py:925} INFO - DAG(s) 'example_skip_dag' retrieved from /home/airflow/.local/lib/python3.12/site-packages/airflow/example_dags/example_skip_dag.py
[2025-03-30T14:04:55.840+0000] {logging_mixin.py:190} INFO - [2025-03-30T14:04:55.839+0000] {dag.py:3239} INFO - Sync 1 DAGs
[2025-03-30T14:04:55.863+0000] {logging_mixin.py:190} INFO - [2025-03-30T14:04:55.863+0000] {dag.py:4180} INFO - Setting next_dagrun for example_skip_dag to 2025-03-29 00:00:00+00:00, run_after=2025-03-30 00:00:00+00:00
[2025-03-30T14:04:55.881+0000] {processor.py:208} INFO - Processing /home/airflow/.local/lib/python3.12/site-packages/airflow/example_dags/example_skip_dag.py took 0.079 seconds
[2025-03-30T14:05:26.047+0000] {processor.py:186} INFO - Started process (PID=1300) to work on /home/airflow/.local/lib/python3.12/site-packages/airflow/example_dags/example_skip_dag.py
[2025-03-30T14:05:26.048+0000] {processor.py:914} INFO - Processing file /home/airflow/.local/lib/python3.12/site-packages/airflow/example_dags/example_skip_dag.py for tasks to queue
[2025-03-30T14:05:26.049+0000] {logging_mixin.py:190} INFO - [2025-03-30T14:05:26.049+0000] {dagbag.py:588} INFO - Filling up the DagBag from /home/airflow/.local/lib/python3.12/site-packages/airflow/example_dags/example_skip_dag.py
[2025-03-30T14:05:26.056+0000] {processor.py:925} INFO - DAG(s) 'example_skip_dag' retrieved from /home/airflow/.local/lib/python3.12/site-packages/airflow/example_dags/example_skip_dag.py
[2025-03-30T14:05:26.074+0000] {logging_mixin.py:190} INFO - [2025-03-30T14:05:26.074+0000] {dag.py:3239} INFO - Sync 1 DAGs
[2025-03-30T14:05:26.096+0000] {logging_mixin.py:190} INFO - [2025-03-30T14:05:26.096+0000] {dag.py:4180} INFO - Setting next_dagrun for example_skip_dag to 2025-03-29 00:00:00+00:00, run_after=2025-03-30 00:00:00+00:00
[2025-03-30T14:05:26.112+0000] {processor.py:208} INFO - Processing /home/airflow/.local/lib/python3.12/site-packages/airflow/example_dags/example_skip_dag.py took 0.069 seconds
[2025-03-30T14:05:56.977+0000] {processor.py:186} INFO - Started process (PID=1375) to work on /home/airflow/.local/lib/python3.12/site-packages/airflow/example_dags/example_skip_dag.py
[2025-03-30T14:05:56.978+0000] {processor.py:914} INFO - Processing file /home/airflow/.local/lib/python3.12/site-packages/airflow/example_dags/example_skip_dag.py for tasks to queue
[2025-03-30T14:05:56.980+0000] {logging_mixin.py:190} INFO - [2025-03-30T14:05:56.979+0000] {dagbag.py:588} INFO - Filling up the DagBag from /home/airflow/.local/lib/python3.12/site-packages/airflow/example_dags/example_skip_dag.py
[2025-03-30T14:05:56.987+0000] {processor.py:925} INFO - DAG(s) 'example_skip_dag' retrieved from /home/airflow/.local/lib/python3.12/site-packages/airflow/example_dags/example_skip_dag.py
[2025-03-30T14:05:57.007+0000] {logging_mixin.py:190} INFO - [2025-03-30T14:05:57.006+0000] {dag.py:3239} INFO - Sync 1 DAGs
[2025-03-30T14:05:57.025+0000] {logging_mixin.py:190} INFO - [2025-03-30T14:05:57.025+0000] {dag.py:4180} INFO - Setting next_dagrun for example_skip_dag to 2025-03-29 00:00:00+00:00, run_after=2025-03-30 00:00:00+00:00
[2025-03-30T14:05:57.039+0000] {processor.py:208} INFO - Processing /home/airflow/.local/lib/python3.12/site-packages/airflow/example_dags/example_skip_dag.py took 0.067 seconds
[2025-03-30T14:06:27.316+0000] {processor.py:186} INFO - Started process (PID=1450) to work on /home/airflow/.local/lib/python3.12/site-packages/airflow/example_dags/example_skip_dag.py
[2025-03-30T14:06:27.317+0000] {processor.py:914} INFO - Processing file /home/airflow/.local/lib/python3.12/site-packages/airflow/example_dags/example_skip_dag.py for tasks to queue
[2025-03-30T14:06:27.318+0000] {logging_mixin.py:190} INFO - [2025-03-30T14:06:27.317+0000] {dagbag.py:588} INFO - Filling up the DagBag from /home/airflow/.local/lib/python3.12/site-packages/airflow/example_dags/example_skip_dag.py
[2025-03-30T14:06:27.325+0000] {processor.py:925} INFO - DAG(s) 'example_skip_dag' retrieved from /home/airflow/.local/lib/python3.12/site-packages/airflow/example_dags/example_skip_dag.py
[2025-03-30T14:06:27.345+0000] {logging_mixin.py:190} INFO - [2025-03-30T14:06:27.344+0000] {dag.py:3239} INFO - Sync 1 DAGs
[2025-03-30T14:06:27.365+0000] {logging_mixin.py:190} INFO - [2025-03-30T14:06:27.364+0000] {dag.py:4180} INFO - Setting next_dagrun for example_skip_dag to 2025-03-29 00:00:00+00:00, run_after=2025-03-30 00:00:00+00:00
[2025-03-30T14:06:27.381+0000] {processor.py:208} INFO - Processing /home/airflow/.local/lib/python3.12/site-packages/airflow/example_dags/example_skip_dag.py took 0.069 seconds
[2025-03-30T14:06:58.084+0000] {processor.py:186} INFO - Started process (PID=1547) to work on /home/airflow/.local/lib/python3.12/site-packages/airflow/example_dags/example_skip_dag.py
[2025-03-30T14:06:58.085+0000] {processor.py:914} INFO - Processing file /home/airflow/.local/lib/python3.12/site-packages/airflow/example_dags/example_skip_dag.py for tasks to queue
[2025-03-30T14:06:58.086+0000] {logging_mixin.py:190} INFO - [2025-03-30T14:06:58.085+0000] {dagbag.py:588} INFO - Filling up the DagBag from /home/airflow/.local/lib/python3.12/site-packages/airflow/example_dags/example_skip_dag.py
[2025-03-30T14:06:58.093+0000] {processor.py:925} INFO - DAG(s) 'example_skip_dag' retrieved from /home/airflow/.local/lib/python3.12/site-packages/airflow/example_dags/example_skip_dag.py
[2025-03-30T14:06:58.114+0000] {logging_mixin.py:190} INFO - [2025-03-30T14:06:58.113+0000] {dag.py:3239} INFO - Sync 1 DAGs
[2025-03-30T14:06:58.132+0000] {logging_mixin.py:190} INFO - [2025-03-30T14:06:58.132+0000] {dag.py:4180} INFO - Setting next_dagrun for example_skip_dag to 2025-03-29 00:00:00+00:00, run_after=2025-03-30 00:00:00+00:00
[2025-03-30T14:06:58.150+0000] {processor.py:208} INFO - Processing /home/airflow/.local/lib/python3.12/site-packages/airflow/example_dags/example_skip_dag.py took 0.074 seconds
[2025-03-30T14:07:28.316+0000] {processor.py:186} INFO - Started process (PID=1622) to work on /home/airflow/.local/lib/python3.12/site-packages/airflow/example_dags/example_skip_dag.py
[2025-03-30T14:07:28.316+0000] {processor.py:914} INFO - Processing file /home/airflow/.local/lib/python3.12/site-packages/airflow/example_dags/example_skip_dag.py for tasks to queue
[2025-03-30T14:07:28.318+0000] {logging_mixin.py:190} INFO - [2025-03-30T14:07:28.318+0000] {dagbag.py:588} INFO - Filling up the DagBag from /home/airflow/.local/lib/python3.12/site-packages/airflow/example_dags/example_skip_dag.py
[2025-03-30T14:07:28.325+0000] {processor.py:925} INFO - DAG(s) 'example_skip_dag' retrieved from /home/airflow/.local/lib/python3.12/site-packages/airflow/example_dags/example_skip_dag.py
[2025-03-30T14:07:28.344+0000] {logging_mixin.py:190} INFO - [2025-03-30T14:07:28.344+0000] {dag.py:3239} INFO - Sync 1 DAGs
[2025-03-30T14:07:28.362+0000] {logging_mixin.py:190} INFO - [2025-03-30T14:07:28.361+0000] {dag.py:4180} INFO - Setting next_dagrun for example_skip_dag to 2025-03-29 00:00:00+00:00, run_after=2025-03-30 00:00:00+00:00
[2025-03-30T14:07:28.375+0000] {processor.py:208} INFO - Processing /home/airflow/.local/lib/python3.12/site-packages/airflow/example_dags/example_skip_dag.py took 0.068 seconds
[2025-03-30T14:07:58.849+0000] {processor.py:186} INFO - Started process (PID=1697) to work on /home/airflow/.local/lib/python3.12/site-packages/airflow/example_dags/example_skip_dag.py
[2025-03-30T14:07:58.850+0000] {processor.py:914} INFO - Processing file /home/airflow/.local/lib/python3.12/site-packages/airflow/example_dags/example_skip_dag.py for tasks to queue
[2025-03-30T14:07:58.852+0000] {logging_mixin.py:190} INFO - [2025-03-30T14:07:58.851+0000] {dagbag.py:588} INFO - Filling up the DagBag from /home/airflow/.local/lib/python3.12/site-packages/airflow/example_dags/example_skip_dag.py
[2025-03-30T14:07:58.862+0000] {processor.py:925} INFO - DAG(s) 'example_skip_dag' retrieved from /home/airflow/.local/lib/python3.12/site-packages/airflow/example_dags/example_skip_dag.py
[2025-03-30T14:07:58.884+0000] {logging_mixin.py:190} INFO - [2025-03-30T14:07:58.884+0000] {dag.py:3239} INFO - Sync 1 DAGs
[2025-03-30T14:07:58.907+0000] {logging_mixin.py:190} INFO - [2025-03-30T14:07:58.907+0000] {dag.py:4180} INFO - Setting next_dagrun for example_skip_dag to 2025-03-29 00:00:00+00:00, run_after=2025-03-30 00:00:00+00:00
[2025-03-30T14:07:58.922+0000] {processor.py:208} INFO - Processing /home/airflow/.local/lib/python3.12/site-packages/airflow/example_dags/example_skip_dag.py took 0.085 seconds
[2025-03-30T14:08:29.415+0000] {processor.py:186} INFO - Started process (PID=1772) to work on /home/airflow/.local/lib/python3.12/site-packages/airflow/example_dags/example_skip_dag.py
[2025-03-30T14:08:29.417+0000] {processor.py:914} INFO - Processing file /home/airflow/.local/lib/python3.12/site-packages/airflow/example_dags/example_skip_dag.py for tasks to queue
[2025-03-30T14:08:29.420+0000] {logging_mixin.py:190} INFO - [2025-03-30T14:08:29.419+0000] {dagbag.py:588} INFO - Filling up the DagBag from /home/airflow/.local/lib/python3.12/site-packages/airflow/example_dags/example_skip_dag.py
[2025-03-30T14:08:29.435+0000] {processor.py:925} INFO - DAG(s) 'example_skip_dag' retrieved from /home/airflow/.local/lib/python3.12/site-packages/airflow/example_dags/example_skip_dag.py
[2025-03-30T14:08:29.473+0000] {logging_mixin.py:190} INFO - [2025-03-30T14:08:29.472+0000] {dag.py:3239} INFO - Sync 1 DAGs
[2025-03-30T14:08:29.512+0000] {logging_mixin.py:190} INFO - [2025-03-30T14:08:29.511+0000] {dag.py:4180} INFO - Setting next_dagrun for example_skip_dag to 2025-03-29 00:00:00+00:00, run_after=2025-03-30 00:00:00+00:00
[2025-03-30T14:08:29.541+0000] {processor.py:208} INFO - Processing /home/airflow/.local/lib/python3.12/site-packages/airflow/example_dags/example_skip_dag.py took 0.138 seconds
[2025-03-30T14:09:00.036+0000] {processor.py:186} INFO - Started process (PID=1847) to work on /home/airflow/.local/lib/python3.12/site-packages/airflow/example_dags/example_skip_dag.py
[2025-03-30T14:09:00.037+0000] {processor.py:914} INFO - Processing file /home/airflow/.local/lib/python3.12/site-packages/airflow/example_dags/example_skip_dag.py for tasks to queue
[2025-03-30T14:09:00.038+0000] {logging_mixin.py:190} INFO - [2025-03-30T14:09:00.038+0000] {dagbag.py:588} INFO - Filling up the DagBag from /home/airflow/.local/lib/python3.12/site-packages/airflow/example_dags/example_skip_dag.py
[2025-03-30T14:09:00.046+0000] {processor.py:925} INFO - DAG(s) 'example_skip_dag' retrieved from /home/airflow/.local/lib/python3.12/site-packages/airflow/example_dags/example_skip_dag.py
[2025-03-30T14:09:00.067+0000] {logging_mixin.py:190} INFO - [2025-03-30T14:09:00.066+0000] {dag.py:3239} INFO - Sync 1 DAGs
[2025-03-30T14:09:00.088+0000] {logging_mixin.py:190} INFO - [2025-03-30T14:09:00.088+0000] {dag.py:4180} INFO - Setting next_dagrun for example_skip_dag to 2025-03-29 00:00:00+00:00, run_after=2025-03-30 00:00:00+00:00
[2025-03-30T14:09:00.104+0000] {processor.py:208} INFO - Processing /home/airflow/.local/lib/python3.12/site-packages/airflow/example_dags/example_skip_dag.py took 0.075 seconds
[2025-03-30T14:09:31.225+0000] {processor.py:186} INFO - Started process (PID=1922) to work on /home/airflow/.local/lib/python3.12/site-packages/airflow/example_dags/example_skip_dag.py
[2025-03-30T14:09:31.226+0000] {processor.py:914} INFO - Processing file /home/airflow/.local/lib/python3.12/site-packages/airflow/example_dags/example_skip_dag.py for tasks to queue
[2025-03-30T14:09:31.227+0000] {logging_mixin.py:190} INFO - [2025-03-30T14:09:31.227+0000] {dagbag.py:588} INFO - Filling up the DagBag from /home/airflow/.local/lib/python3.12/site-packages/airflow/example_dags/example_skip_dag.py
[2025-03-30T14:09:31.235+0000] {processor.py:925} INFO - DAG(s) 'example_skip_dag' retrieved from /home/airflow/.local/lib/python3.12/site-packages/airflow/example_dags/example_skip_dag.py
[2025-03-30T14:09:31.256+0000] {logging_mixin.py:190} INFO - [2025-03-30T14:09:31.256+0000] {dag.py:3239} INFO - Sync 1 DAGs
[2025-03-30T14:09:31.280+0000] {logging_mixin.py:190} INFO - [2025-03-30T14:09:31.280+0000] {dag.py:4180} INFO - Setting next_dagrun for example_skip_dag to 2025-03-29 00:00:00+00:00, run_after=2025-03-30 00:00:00+00:00
[2025-03-30T14:09:31.302+0000] {processor.py:208} INFO - Processing /home/airflow/.local/lib/python3.12/site-packages/airflow/example_dags/example_skip_dag.py took 0.085 seconds
[2025-03-30T14:10:01.907+0000] {processor.py:186} INFO - Started process (PID=1997) to work on /home/airflow/.local/lib/python3.12/site-packages/airflow/example_dags/example_skip_dag.py
[2025-03-30T14:10:01.909+0000] {processor.py:914} INFO - Processing file /home/airflow/.local/lib/python3.12/site-packages/airflow/example_dags/example_skip_dag.py for tasks to queue
[2025-03-30T14:10:01.910+0000] {logging_mixin.py:190} INFO - [2025-03-30T14:10:01.910+0000] {dagbag.py:588} INFO - Filling up the DagBag from /home/airflow/.local/lib/python3.12/site-packages/airflow/example_dags/example_skip_dag.py
[2025-03-30T14:10:01.925+0000] {processor.py:925} INFO - DAG(s) 'example_skip_dag' retrieved from /home/airflow/.local/lib/python3.12/site-packages/airflow/example_dags/example_skip_dag.py
[2025-03-30T14:10:01.957+0000] {logging_mixin.py:190} INFO - [2025-03-30T14:10:01.956+0000] {dag.py:3239} INFO - Sync 1 DAGs
[2025-03-30T14:10:01.986+0000] {logging_mixin.py:190} INFO - [2025-03-30T14:10:01.985+0000] {dag.py:4180} INFO - Setting next_dagrun for example_skip_dag to 2025-03-29 00:00:00+00:00, run_after=2025-03-30 00:00:00+00:00
[2025-03-30T14:10:02.025+0000] {processor.py:208} INFO - Processing /home/airflow/.local/lib/python3.12/site-packages/airflow/example_dags/example_skip_dag.py took 0.135 seconds
[2025-03-30T14:10:32.258+0000] {processor.py:186} INFO - Started process (PID=2060) to work on /home/airflow/.local/lib/python3.12/site-packages/airflow/example_dags/example_skip_dag.py
[2025-03-30T14:10:32.259+0000] {processor.py:914} INFO - Processing file /home/airflow/.local/lib/python3.12/site-packages/airflow/example_dags/example_skip_dag.py for tasks to queue
[2025-03-30T14:10:32.263+0000] {logging_mixin.py:190} INFO - [2025-03-30T14:10:32.262+0000] {dagbag.py:588} INFO - Filling up the DagBag from /home/airflow/.local/lib/python3.12/site-packages/airflow/example_dags/example_skip_dag.py
[2025-03-30T14:10:32.278+0000] {processor.py:925} INFO - DAG(s) 'example_skip_dag' retrieved from /home/airflow/.local/lib/python3.12/site-packages/airflow/example_dags/example_skip_dag.py
[2025-03-30T14:10:32.303+0000] {logging_mixin.py:190} INFO - [2025-03-30T14:10:32.303+0000] {dag.py:3239} INFO - Sync 1 DAGs
[2025-03-30T14:10:32.330+0000] {logging_mixin.py:190} INFO - [2025-03-30T14:10:32.330+0000] {dag.py:4180} INFO - Setting next_dagrun for example_skip_dag to 2025-03-29 00:00:00+00:00, run_after=2025-03-30 00:00:00+00:00
[2025-03-30T14:10:32.371+0000] {processor.py:208} INFO - Processing /home/airflow/.local/lib/python3.12/site-packages/airflow/example_dags/example_skip_dag.py took 0.130 seconds
[2025-03-30T14:11:03.143+0000] {processor.py:186} INFO - Started process (PID=2135) to work on /home/airflow/.local/lib/python3.12/site-packages/airflow/example_dags/example_skip_dag.py
[2025-03-30T14:11:03.147+0000] {processor.py:914} INFO - Processing file /home/airflow/.local/lib/python3.12/site-packages/airflow/example_dags/example_skip_dag.py for tasks to queue
[2025-03-30T14:11:03.153+0000] {logging_mixin.py:190} INFO - [2025-03-30T14:11:03.152+0000] {dagbag.py:588} INFO - Filling up the DagBag from /home/airflow/.local/lib/python3.12/site-packages/airflow/example_dags/example_skip_dag.py
[2025-03-30T14:11:03.166+0000] {processor.py:925} INFO - DAG(s) 'example_skip_dag' retrieved from /home/airflow/.local/lib/python3.12/site-packages/airflow/example_dags/example_skip_dag.py
[2025-03-30T14:11:03.234+0000] {logging_mixin.py:190} INFO - [2025-03-30T14:11:03.234+0000] {dag.py:3239} INFO - Sync 1 DAGs
[2025-03-30T14:11:03.288+0000] {logging_mixin.py:190} INFO - [2025-03-30T14:11:03.286+0000] {dag.py:4180} INFO - Setting next_dagrun for example_skip_dag to 2025-03-29 00:00:00+00:00, run_after=2025-03-30 00:00:00+00:00
[2025-03-30T14:11:03.386+0000] {processor.py:208} INFO - Processing /home/airflow/.local/lib/python3.12/site-packages/airflow/example_dags/example_skip_dag.py took 0.257 seconds
[2025-03-30T14:11:34.390+0000] {processor.py:186} INFO - Started process (PID=2210) to work on /home/airflow/.local/lib/python3.12/site-packages/airflow/example_dags/example_skip_dag.py
[2025-03-30T14:11:34.392+0000] {processor.py:914} INFO - Processing file /home/airflow/.local/lib/python3.12/site-packages/airflow/example_dags/example_skip_dag.py for tasks to queue
[2025-03-30T14:11:34.394+0000] {logging_mixin.py:190} INFO - [2025-03-30T14:11:34.393+0000] {dagbag.py:588} INFO - Filling up the DagBag from /home/airflow/.local/lib/python3.12/site-packages/airflow/example_dags/example_skip_dag.py
[2025-03-30T14:11:34.404+0000] {processor.py:925} INFO - DAG(s) 'example_skip_dag' retrieved from /home/airflow/.local/lib/python3.12/site-packages/airflow/example_dags/example_skip_dag.py
[2025-03-30T14:11:34.430+0000] {logging_mixin.py:190} INFO - [2025-03-30T14:11:34.430+0000] {dag.py:3239} INFO - Sync 1 DAGs
[2025-03-30T14:11:34.458+0000] {logging_mixin.py:190} INFO - [2025-03-30T14:11:34.458+0000] {dag.py:4180} INFO - Setting next_dagrun for example_skip_dag to 2025-03-29 00:00:00+00:00, run_after=2025-03-30 00:00:00+00:00
[2025-03-30T14:11:34.484+0000] {processor.py:208} INFO - Processing /home/airflow/.local/lib/python3.12/site-packages/airflow/example_dags/example_skip_dag.py took 0.103 seconds
[2025-03-30T14:12:05.061+0000] {processor.py:186} INFO - Started process (PID=2285) to work on /home/airflow/.local/lib/python3.12/site-packages/airflow/example_dags/example_skip_dag.py
[2025-03-30T14:12:05.063+0000] {processor.py:914} INFO - Processing file /home/airflow/.local/lib/python3.12/site-packages/airflow/example_dags/example_skip_dag.py for tasks to queue
[2025-03-30T14:12:05.065+0000] {logging_mixin.py:190} INFO - [2025-03-30T14:12:05.065+0000] {dagbag.py:588} INFO - Filling up the DagBag from /home/airflow/.local/lib/python3.12/site-packages/airflow/example_dags/example_skip_dag.py
[2025-03-30T14:12:05.078+0000] {processor.py:925} INFO - DAG(s) 'example_skip_dag' retrieved from /home/airflow/.local/lib/python3.12/site-packages/airflow/example_dags/example_skip_dag.py
[2025-03-30T14:12:05.128+0000] {logging_mixin.py:190} INFO - [2025-03-30T14:12:05.127+0000] {dag.py:3239} INFO - Sync 1 DAGs
[2025-03-30T14:12:05.174+0000] {logging_mixin.py:190} INFO - [2025-03-30T14:12:05.174+0000] {dag.py:4180} INFO - Setting next_dagrun for example_skip_dag to 2025-03-29 00:00:00+00:00, run_after=2025-03-30 00:00:00+00:00
[2025-03-30T14:12:05.206+0000] {processor.py:208} INFO - Processing /home/airflow/.local/lib/python3.12/site-packages/airflow/example_dags/example_skip_dag.py took 0.158 seconds
[2025-03-30T14:12:35.742+0000] {processor.py:186} INFO - Started process (PID=2360) to work on /home/airflow/.local/lib/python3.12/site-packages/airflow/example_dags/example_skip_dag.py
[2025-03-30T14:12:35.743+0000] {processor.py:914} INFO - Processing file /home/airflow/.local/lib/python3.12/site-packages/airflow/example_dags/example_skip_dag.py for tasks to queue
[2025-03-30T14:12:35.745+0000] {logging_mixin.py:190} INFO - [2025-03-30T14:12:35.744+0000] {dagbag.py:588} INFO - Filling up the DagBag from /home/airflow/.local/lib/python3.12/site-packages/airflow/example_dags/example_skip_dag.py
[2025-03-30T14:12:35.754+0000] {processor.py:925} INFO - DAG(s) 'example_skip_dag' retrieved from /home/airflow/.local/lib/python3.12/site-packages/airflow/example_dags/example_skip_dag.py
[2025-03-30T14:12:35.776+0000] {logging_mixin.py:190} INFO - [2025-03-30T14:12:35.776+0000] {dag.py:3239} INFO - Sync 1 DAGs
[2025-03-30T14:12:35.800+0000] {logging_mixin.py:190} INFO - [2025-03-30T14:12:35.799+0000] {dag.py:4180} INFO - Setting next_dagrun for example_skip_dag to 2025-03-29 00:00:00+00:00, run_after=2025-03-30 00:00:00+00:00
[2025-03-30T14:12:35.828+0000] {processor.py:208} INFO - Processing /home/airflow/.local/lib/python3.12/site-packages/airflow/example_dags/example_skip_dag.py took 0.094 seconds
[2025-03-30T14:13:06.240+0000] {processor.py:186} INFO - Started process (PID=2435) to work on /home/airflow/.local/lib/python3.12/site-packages/airflow/example_dags/example_skip_dag.py
[2025-03-30T14:13:06.241+0000] {processor.py:914} INFO - Processing file /home/airflow/.local/lib/python3.12/site-packages/airflow/example_dags/example_skip_dag.py for tasks to queue
[2025-03-30T14:13:06.242+0000] {logging_mixin.py:190} INFO - [2025-03-30T14:13:06.242+0000] {dagbag.py:588} INFO - Filling up the DagBag from /home/airflow/.local/lib/python3.12/site-packages/airflow/example_dags/example_skip_dag.py
[2025-03-30T14:13:06.252+0000] {processor.py:925} INFO - DAG(s) 'example_skip_dag' retrieved from /home/airflow/.local/lib/python3.12/site-packages/airflow/example_dags/example_skip_dag.py
[2025-03-30T14:13:06.270+0000] {logging_mixin.py:190} INFO - [2025-03-30T14:13:06.270+0000] {dag.py:3239} INFO - Sync 1 DAGs
[2025-03-30T14:13:06.291+0000] {logging_mixin.py:190} INFO - [2025-03-30T14:13:06.291+0000] {dag.py:4180} INFO - Setting next_dagrun for example_skip_dag to 2025-03-29 00:00:00+00:00, run_after=2025-03-30 00:00:00+00:00
[2025-03-30T14:13:06.321+0000] {processor.py:208} INFO - Processing /home/airflow/.local/lib/python3.12/site-packages/airflow/example_dags/example_skip_dag.py took 0.089 seconds
[2025-03-30T14:13:36.392+0000] {processor.py:186} INFO - Started process (PID=2510) to work on /home/airflow/.local/lib/python3.12/site-packages/airflow/example_dags/example_skip_dag.py
[2025-03-30T14:13:36.393+0000] {processor.py:914} INFO - Processing file /home/airflow/.local/lib/python3.12/site-packages/airflow/example_dags/example_skip_dag.py for tasks to queue
[2025-03-30T14:13:36.394+0000] {logging_mixin.py:190} INFO - [2025-03-30T14:13:36.394+0000] {dagbag.py:588} INFO - Filling up the DagBag from /home/airflow/.local/lib/python3.12/site-packages/airflow/example_dags/example_skip_dag.py
[2025-03-30T14:13:36.401+0000] {processor.py:925} INFO - DAG(s) 'example_skip_dag' retrieved from /home/airflow/.local/lib/python3.12/site-packages/airflow/example_dags/example_skip_dag.py
[2025-03-30T14:13:36.421+0000] {logging_mixin.py:190} INFO - [2025-03-30T14:13:36.421+0000] {dag.py:3239} INFO - Sync 1 DAGs
[2025-03-30T14:13:36.443+0000] {logging_mixin.py:190} INFO - [2025-03-30T14:13:36.443+0000] {dag.py:4180} INFO - Setting next_dagrun for example_skip_dag to 2025-03-29 00:00:00+00:00, run_after=2025-03-30 00:00:00+00:00
[2025-03-30T14:13:36.471+0000] {processor.py:208} INFO - Processing /home/airflow/.local/lib/python3.12/site-packages/airflow/example_dags/example_skip_dag.py took 0.087 seconds
[2025-03-30T14:14:07.157+0000] {processor.py:186} INFO - Started process (PID=2585) to work on /home/airflow/.local/lib/python3.12/site-packages/airflow/example_dags/example_skip_dag.py
[2025-03-30T14:14:07.157+0000] {processor.py:914} INFO - Processing file /home/airflow/.local/lib/python3.12/site-packages/airflow/example_dags/example_skip_dag.py for tasks to queue
[2025-03-30T14:14:07.159+0000] {logging_mixin.py:190} INFO - [2025-03-30T14:14:07.158+0000] {dagbag.py:588} INFO - Filling up the DagBag from /home/airflow/.local/lib/python3.12/site-packages/airflow/example_dags/example_skip_dag.py
[2025-03-30T14:14:07.166+0000] {processor.py:925} INFO - DAG(s) 'example_skip_dag' retrieved from /home/airflow/.local/lib/python3.12/site-packages/airflow/example_dags/example_skip_dag.py
[2025-03-30T14:14:07.186+0000] {logging_mixin.py:190} INFO - [2025-03-30T14:14:07.186+0000] {dag.py:3239} INFO - Sync 1 DAGs
[2025-03-30T14:14:07.205+0000] {logging_mixin.py:190} INFO - [2025-03-30T14:14:07.205+0000] {dag.py:4180} INFO - Setting next_dagrun for example_skip_dag to 2025-03-29 00:00:00+00:00, run_after=2025-03-30 00:00:00+00:00
[2025-03-30T14:14:07.232+0000] {processor.py:208} INFO - Processing /home/airflow/.local/lib/python3.12/site-packages/airflow/example_dags/example_skip_dag.py took 0.083 seconds
[2025-03-30T14:14:37.927+0000] {processor.py:186} INFO - Started process (PID=2660) to work on /home/airflow/.local/lib/python3.12/site-packages/airflow/example_dags/example_skip_dag.py
[2025-03-30T14:14:37.929+0000] {processor.py:914} INFO - Processing file /home/airflow/.local/lib/python3.12/site-packages/airflow/example_dags/example_skip_dag.py for tasks to queue
[2025-03-30T14:14:37.931+0000] {logging_mixin.py:190} INFO - [2025-03-30T14:14:37.931+0000] {dagbag.py:588} INFO - Filling up the DagBag from /home/airflow/.local/lib/python3.12/site-packages/airflow/example_dags/example_skip_dag.py
[2025-03-30T14:14:37.942+0000] {processor.py:925} INFO - DAG(s) 'example_skip_dag' retrieved from /home/airflow/.local/lib/python3.12/site-packages/airflow/example_dags/example_skip_dag.py
[2025-03-30T14:14:37.967+0000] {logging_mixin.py:190} INFO - [2025-03-30T14:14:37.967+0000] {dag.py:3239} INFO - Sync 1 DAGs
[2025-03-30T14:14:37.989+0000] {logging_mixin.py:190} INFO - [2025-03-30T14:14:37.988+0000] {dag.py:4180} INFO - Setting next_dagrun for example_skip_dag to 2025-03-29 00:00:00+00:00, run_after=2025-03-30 00:00:00+00:00
[2025-03-30T14:14:38.019+0000] {processor.py:208} INFO - Processing /home/airflow/.local/lib/python3.12/site-packages/airflow/example_dags/example_skip_dag.py took 0.102 seconds
[2025-03-30T14:15:08.092+0000] {processor.py:186} INFO - Started process (PID=2735) to work on /home/airflow/.local/lib/python3.12/site-packages/airflow/example_dags/example_skip_dag.py
[2025-03-30T14:15:08.093+0000] {processor.py:914} INFO - Processing file /home/airflow/.local/lib/python3.12/site-packages/airflow/example_dags/example_skip_dag.py for tasks to queue
[2025-03-30T14:15:08.095+0000] {logging_mixin.py:190} INFO - [2025-03-30T14:15:08.094+0000] {dagbag.py:588} INFO - Filling up the DagBag from /home/airflow/.local/lib/python3.12/site-packages/airflow/example_dags/example_skip_dag.py
[2025-03-30T14:15:08.102+0000] {processor.py:925} INFO - DAG(s) 'example_skip_dag' retrieved from /home/airflow/.local/lib/python3.12/site-packages/airflow/example_dags/example_skip_dag.py
[2025-03-30T14:15:08.123+0000] {logging_mixin.py:190} INFO - [2025-03-30T14:15:08.122+0000] {dag.py:3239} INFO - Sync 1 DAGs
[2025-03-30T14:15:08.141+0000] {logging_mixin.py:190} INFO - [2025-03-30T14:15:08.141+0000] {dag.py:4180} INFO - Setting next_dagrun for example_skip_dag to 2025-03-29 00:00:00+00:00, run_after=2025-03-30 00:00:00+00:00
[2025-03-30T14:15:08.169+0000] {processor.py:208} INFO - Processing /home/airflow/.local/lib/python3.12/site-packages/airflow/example_dags/example_skip_dag.py took 0.084 seconds
[2025-03-30T14:15:38.461+0000] {processor.py:186} INFO - Started process (PID=2810) to work on /home/airflow/.local/lib/python3.12/site-packages/airflow/example_dags/example_skip_dag.py
[2025-03-30T14:15:38.462+0000] {processor.py:914} INFO - Processing file /home/airflow/.local/lib/python3.12/site-packages/airflow/example_dags/example_skip_dag.py for tasks to queue
[2025-03-30T14:15:38.463+0000] {logging_mixin.py:190} INFO - [2025-03-30T14:15:38.463+0000] {dagbag.py:588} INFO - Filling up the DagBag from /home/airflow/.local/lib/python3.12/site-packages/airflow/example_dags/example_skip_dag.py
[2025-03-30T14:15:38.471+0000] {processor.py:925} INFO - DAG(s) 'example_skip_dag' retrieved from /home/airflow/.local/lib/python3.12/site-packages/airflow/example_dags/example_skip_dag.py
[2025-03-30T14:15:38.489+0000] {logging_mixin.py:190} INFO - [2025-03-30T14:15:38.489+0000] {dag.py:3239} INFO - Sync 1 DAGs
[2025-03-30T14:15:38.508+0000] {logging_mixin.py:190} INFO - [2025-03-30T14:15:38.508+0000] {dag.py:4180} INFO - Setting next_dagrun for example_skip_dag to 2025-03-29 00:00:00+00:00, run_after=2025-03-30 00:00:00+00:00
[2025-03-30T14:15:38.534+0000] {processor.py:208} INFO - Processing /home/airflow/.local/lib/python3.12/site-packages/airflow/example_dags/example_skip_dag.py took 0.080 seconds
[2025-03-30T14:16:09.150+0000] {processor.py:186} INFO - Started process (PID=2885) to work on /home/airflow/.local/lib/python3.12/site-packages/airflow/example_dags/example_skip_dag.py
[2025-03-30T14:16:09.151+0000] {processor.py:914} INFO - Processing file /home/airflow/.local/lib/python3.12/site-packages/airflow/example_dags/example_skip_dag.py for tasks to queue
[2025-03-30T14:16:09.152+0000] {logging_mixin.py:190} INFO - [2025-03-30T14:16:09.152+0000] {dagbag.py:588} INFO - Filling up the DagBag from /home/airflow/.local/lib/python3.12/site-packages/airflow/example_dags/example_skip_dag.py
[2025-03-30T14:16:09.161+0000] {processor.py:925} INFO - DAG(s) 'example_skip_dag' retrieved from /home/airflow/.local/lib/python3.12/site-packages/airflow/example_dags/example_skip_dag.py
[2025-03-30T14:16:09.183+0000] {logging_mixin.py:190} INFO - [2025-03-30T14:16:09.182+0000] {dag.py:3239} INFO - Sync 1 DAGs
[2025-03-30T14:16:09.203+0000] {logging_mixin.py:190} INFO - [2025-03-30T14:16:09.203+0000] {dag.py:4180} INFO - Setting next_dagrun for example_skip_dag to 2025-03-29 00:00:00+00:00, run_after=2025-03-30 00:00:00+00:00
[2025-03-30T14:16:09.219+0000] {processor.py:208} INFO - Processing /home/airflow/.local/lib/python3.12/site-packages/airflow/example_dags/example_skip_dag.py took 0.077 seconds
[2025-03-30T14:16:39.442+0000] {processor.py:186} INFO - Started process (PID=2960) to work on /home/airflow/.local/lib/python3.12/site-packages/airflow/example_dags/example_skip_dag.py
[2025-03-30T14:16:39.443+0000] {processor.py:914} INFO - Processing file /home/airflow/.local/lib/python3.12/site-packages/airflow/example_dags/example_skip_dag.py for tasks to queue
[2025-03-30T14:16:39.444+0000] {logging_mixin.py:190} INFO - [2025-03-30T14:16:39.444+0000] {dagbag.py:588} INFO - Filling up the DagBag from /home/airflow/.local/lib/python3.12/site-packages/airflow/example_dags/example_skip_dag.py
[2025-03-30T14:16:39.451+0000] {processor.py:925} INFO - DAG(s) 'example_skip_dag' retrieved from /home/airflow/.local/lib/python3.12/site-packages/airflow/example_dags/example_skip_dag.py
[2025-03-30T14:16:39.472+0000] {logging_mixin.py:190} INFO - [2025-03-30T14:16:39.472+0000] {dag.py:3239} INFO - Sync 1 DAGs
[2025-03-30T14:16:39.492+0000] {logging_mixin.py:190} INFO - [2025-03-30T14:16:39.492+0000] {dag.py:4180} INFO - Setting next_dagrun for example_skip_dag to 2025-03-29 00:00:00+00:00, run_after=2025-03-30 00:00:00+00:00
[2025-03-30T14:16:39.507+0000] {processor.py:208} INFO - Processing /home/airflow/.local/lib/python3.12/site-packages/airflow/example_dags/example_skip_dag.py took 0.073 seconds
[2025-03-30T14:17:09.660+0000] {processor.py:186} INFO - Started process (PID=3035) to work on /home/airflow/.local/lib/python3.12/site-packages/airflow/example_dags/example_skip_dag.py
[2025-03-30T14:17:09.661+0000] {processor.py:914} INFO - Processing file /home/airflow/.local/lib/python3.12/site-packages/airflow/example_dags/example_skip_dag.py for tasks to queue
[2025-03-30T14:17:09.663+0000] {logging_mixin.py:190} INFO - [2025-03-30T14:17:09.663+0000] {dagbag.py:588} INFO - Filling up the DagBag from /home/airflow/.local/lib/python3.12/site-packages/airflow/example_dags/example_skip_dag.py
[2025-03-30T14:17:09.671+0000] {processor.py:925} INFO - DAG(s) 'example_skip_dag' retrieved from /home/airflow/.local/lib/python3.12/site-packages/airflow/example_dags/example_skip_dag.py
[2025-03-30T14:17:09.698+0000] {logging_mixin.py:190} INFO - [2025-03-30T14:17:09.698+0000] {dag.py:3239} INFO - Sync 1 DAGs
[2025-03-30T14:17:09.726+0000] {logging_mixin.py:190} INFO - [2025-03-30T14:17:09.726+0000] {dag.py:4180} INFO - Setting next_dagrun for example_skip_dag to 2025-03-29 00:00:00+00:00, run_after=2025-03-30 00:00:00+00:00
[2025-03-30T14:17:09.746+0000] {processor.py:208} INFO - Processing /home/airflow/.local/lib/python3.12/site-packages/airflow/example_dags/example_skip_dag.py took 0.094 seconds
[2025-03-30T14:17:39.990+0000] {processor.py:186} INFO - Started process (PID=3110) to work on /home/airflow/.local/lib/python3.12/site-packages/airflow/example_dags/example_skip_dag.py
[2025-03-30T14:17:39.991+0000] {processor.py:914} INFO - Processing file /home/airflow/.local/lib/python3.12/site-packages/airflow/example_dags/example_skip_dag.py for tasks to queue
[2025-03-30T14:17:39.992+0000] {logging_mixin.py:190} INFO - [2025-03-30T14:17:39.992+0000] {dagbag.py:588} INFO - Filling up the DagBag from /home/airflow/.local/lib/python3.12/site-packages/airflow/example_dags/example_skip_dag.py
[2025-03-30T14:17:40.000+0000] {processor.py:925} INFO - DAG(s) 'example_skip_dag' retrieved from /home/airflow/.local/lib/python3.12/site-packages/airflow/example_dags/example_skip_dag.py
[2025-03-30T14:17:40.023+0000] {logging_mixin.py:190} INFO - [2025-03-30T14:17:40.023+0000] {dag.py:3239} INFO - Sync 1 DAGs
[2025-03-30T14:17:40.044+0000] {logging_mixin.py:190} INFO - [2025-03-30T14:17:40.043+0000] {dag.py:4180} INFO - Setting next_dagrun for example_skip_dag to 2025-03-29 00:00:00+00:00, run_after=2025-03-30 00:00:00+00:00
[2025-03-30T14:17:40.059+0000] {processor.py:208} INFO - Processing /home/airflow/.local/lib/python3.12/site-packages/airflow/example_dags/example_skip_dag.py took 0.076 seconds
[2025-03-30T14:18:11.230+0000] {processor.py:186} INFO - Started process (PID=3184) to work on /home/airflow/.local/lib/python3.12/site-packages/airflow/example_dags/example_skip_dag.py
[2025-03-30T14:18:11.231+0000] {processor.py:914} INFO - Processing file /home/airflow/.local/lib/python3.12/site-packages/airflow/example_dags/example_skip_dag.py for tasks to queue
[2025-03-30T14:18:11.233+0000] {logging_mixin.py:190} INFO - [2025-03-30T14:18:11.232+0000] {dagbag.py:588} INFO - Filling up the DagBag from /home/airflow/.local/lib/python3.12/site-packages/airflow/example_dags/example_skip_dag.py
[2025-03-30T14:18:11.243+0000] {processor.py:925} INFO - DAG(s) 'example_skip_dag' retrieved from /home/airflow/.local/lib/python3.12/site-packages/airflow/example_dags/example_skip_dag.py
[2025-03-30T14:18:11.268+0000] {logging_mixin.py:190} INFO - [2025-03-30T14:18:11.268+0000] {dag.py:3239} INFO - Sync 1 DAGs
[2025-03-30T14:18:11.300+0000] {logging_mixin.py:190} INFO - [2025-03-30T14:18:11.299+0000] {dag.py:4180} INFO - Setting next_dagrun for example_skip_dag to 2025-03-29 00:00:00+00:00, run_after=2025-03-30 00:00:00+00:00
[2025-03-30T14:18:11.323+0000] {processor.py:208} INFO - Processing /home/airflow/.local/lib/python3.12/site-packages/airflow/example_dags/example_skip_dag.py took 0.105 seconds
