[2025-03-30T13:57:20.190+0000] {processor.py:186} INFO - Started process (PID=104) to work on /home/airflow/.local/lib/python3.12/site-packages/airflow/example_dags/example_kubernetes_executor.py
[2025-03-30T13:57:20.191+0000] {processor.py:914} INFO - Processing file /home/airflow/.local/lib/python3.12/site-packages/airflow/example_dags/example_kubernetes_executor.py for tasks to queue
[2025-03-30T13:57:20.194+0000] {logging_mixin.py:190} INFO - [2025-03-30T13:57:20.193+0000] {dagbag.py:588} INFO - Filling up the DagBag from /home/airflow/.local/lib/python3.12/site-packages/airflow/example_dags/example_kubernetes_executor.py
[2025-03-30T13:57:20.216+0000] {processor.py:925} INFO - DAG(s) 'example_kubernetes_executor' retrieved from /home/airflow/.local/lib/python3.12/site-packages/airflow/example_dags/example_kubernetes_executor.py
[2025-03-30T13:57:20.247+0000] {logging_mixin.py:190} INFO - [2025-03-30T13:57:20.246+0000] {dag.py:3239} INFO - Sync 1 DAGs
[2025-03-30T13:57:20.261+0000] {logging_mixin.py:190} INFO - [2025-03-30T13:57:20.261+0000] {dag.py:4180} INFO - Setting next_dagrun for example_kubernetes_executor to None, run_after=None
[2025-03-30T13:57:20.287+0000] {processor.py:208} INFO - Processing /home/airflow/.local/lib/python3.12/site-packages/airflow/example_dags/example_kubernetes_executor.py took 0.102 seconds
[2025-03-30T13:57:52.870+0000] {processor.py:186} INFO - Started process (PID=179) to work on /home/airflow/.local/lib/python3.12/site-packages/airflow/example_dags/example_kubernetes_executor.py
[2025-03-30T13:57:52.871+0000] {processor.py:914} INFO - Processing file /home/airflow/.local/lib/python3.12/site-packages/airflow/example_dags/example_kubernetes_executor.py for tasks to queue
[2025-03-30T13:57:52.873+0000] {logging_mixin.py:190} INFO - [2025-03-30T13:57:52.873+0000] {dagbag.py:588} INFO - Filling up the DagBag from /home/airflow/.local/lib/python3.12/site-packages/airflow/example_dags/example_kubernetes_executor.py
[2025-03-30T13:57:52.891+0000] {processor.py:925} INFO - DAG(s) 'example_kubernetes_executor' retrieved from /home/airflow/.local/lib/python3.12/site-packages/airflow/example_dags/example_kubernetes_executor.py
[2025-03-30T13:57:52.920+0000] {logging_mixin.py:190} INFO - [2025-03-30T13:57:52.920+0000] {dag.py:3239} INFO - Sync 1 DAGs
[2025-03-30T13:57:52.936+0000] {logging_mixin.py:190} INFO - [2025-03-30T13:57:52.936+0000] {dag.py:4180} INFO - Setting next_dagrun for example_kubernetes_executor to None, run_after=None
[2025-03-30T13:57:52.962+0000] {processor.py:208} INFO - Processing /home/airflow/.local/lib/python3.12/site-packages/airflow/example_dags/example_kubernetes_executor.py took 0.097 seconds
[2025-03-30T13:58:23.765+0000] {processor.py:186} INFO - Started process (PID=254) to work on /home/airflow/.local/lib/python3.12/site-packages/airflow/example_dags/example_kubernetes_executor.py
[2025-03-30T13:58:23.766+0000] {processor.py:914} INFO - Processing file /home/airflow/.local/lib/python3.12/site-packages/airflow/example_dags/example_kubernetes_executor.py for tasks to queue
[2025-03-30T13:58:23.768+0000] {logging_mixin.py:190} INFO - [2025-03-30T13:58:23.767+0000] {dagbag.py:588} INFO - Filling up the DagBag from /home/airflow/.local/lib/python3.12/site-packages/airflow/example_dags/example_kubernetes_executor.py
[2025-03-30T13:58:23.780+0000] {processor.py:925} INFO - DAG(s) 'example_kubernetes_executor' retrieved from /home/airflow/.local/lib/python3.12/site-packages/airflow/example_dags/example_kubernetes_executor.py
[2025-03-30T13:58:23.800+0000] {logging_mixin.py:190} INFO - [2025-03-30T13:58:23.800+0000] {dag.py:3239} INFO - Sync 1 DAGs
[2025-03-30T13:58:23.814+0000] {logging_mixin.py:190} INFO - [2025-03-30T13:58:23.814+0000] {dag.py:4180} INFO - Setting next_dagrun for example_kubernetes_executor to None, run_after=None
[2025-03-30T13:58:23.830+0000] {processor.py:208} INFO - Processing /home/airflow/.local/lib/python3.12/site-packages/airflow/example_dags/example_kubernetes_executor.py took 0.070 seconds
[2025-03-30T13:58:54.154+0000] {processor.py:186} INFO - Started process (PID=329) to work on /home/airflow/.local/lib/python3.12/site-packages/airflow/example_dags/example_kubernetes_executor.py
[2025-03-30T13:58:54.156+0000] {processor.py:914} INFO - Processing file /home/airflow/.local/lib/python3.12/site-packages/airflow/example_dags/example_kubernetes_executor.py for tasks to queue
[2025-03-30T13:58:54.158+0000] {logging_mixin.py:190} INFO - [2025-03-30T13:58:54.158+0000] {dagbag.py:588} INFO - Filling up the DagBag from /home/airflow/.local/lib/python3.12/site-packages/airflow/example_dags/example_kubernetes_executor.py
[2025-03-30T13:58:54.173+0000] {processor.py:925} INFO - DAG(s) 'example_kubernetes_executor' retrieved from /home/airflow/.local/lib/python3.12/site-packages/airflow/example_dags/example_kubernetes_executor.py
[2025-03-30T13:58:54.198+0000] {logging_mixin.py:190} INFO - [2025-03-30T13:58:54.198+0000] {dag.py:3239} INFO - Sync 1 DAGs
[2025-03-30T13:58:54.211+0000] {logging_mixin.py:190} INFO - [2025-03-30T13:58:54.210+0000] {dag.py:4180} INFO - Setting next_dagrun for example_kubernetes_executor to None, run_after=None
[2025-03-30T13:58:54.227+0000] {processor.py:208} INFO - Processing /home/airflow/.local/lib/python3.12/site-packages/airflow/example_dags/example_kubernetes_executor.py took 0.078 seconds
[2025-03-30T13:59:24.406+0000] {processor.py:186} INFO - Started process (PID=404) to work on /home/airflow/.local/lib/python3.12/site-packages/airflow/example_dags/example_kubernetes_executor.py
[2025-03-30T13:59:24.407+0000] {processor.py:914} INFO - Processing file /home/airflow/.local/lib/python3.12/site-packages/airflow/example_dags/example_kubernetes_executor.py for tasks to queue
[2025-03-30T13:59:24.409+0000] {logging_mixin.py:190} INFO - [2025-03-30T13:59:24.409+0000] {dagbag.py:588} INFO - Filling up the DagBag from /home/airflow/.local/lib/python3.12/site-packages/airflow/example_dags/example_kubernetes_executor.py
[2025-03-30T13:59:24.420+0000] {processor.py:925} INFO - DAG(s) 'example_kubernetes_executor' retrieved from /home/airflow/.local/lib/python3.12/site-packages/airflow/example_dags/example_kubernetes_executor.py
[2025-03-30T13:59:24.440+0000] {logging_mixin.py:190} INFO - [2025-03-30T13:59:24.439+0000] {dag.py:3239} INFO - Sync 1 DAGs
[2025-03-30T13:59:24.453+0000] {logging_mixin.py:190} INFO - [2025-03-30T13:59:24.452+0000] {dag.py:4180} INFO - Setting next_dagrun for example_kubernetes_executor to None, run_after=None
[2025-03-30T13:59:24.468+0000] {processor.py:208} INFO - Processing /home/airflow/.local/lib/python3.12/site-packages/airflow/example_dags/example_kubernetes_executor.py took 0.066 seconds
[2025-03-30T13:59:55.225+0000] {processor.py:186} INFO - Started process (PID=479) to work on /home/airflow/.local/lib/python3.12/site-packages/airflow/example_dags/example_kubernetes_executor.py
[2025-03-30T13:59:55.226+0000] {processor.py:914} INFO - Processing file /home/airflow/.local/lib/python3.12/site-packages/airflow/example_dags/example_kubernetes_executor.py for tasks to queue
[2025-03-30T13:59:55.228+0000] {logging_mixin.py:190} INFO - [2025-03-30T13:59:55.228+0000] {dagbag.py:588} INFO - Filling up the DagBag from /home/airflow/.local/lib/python3.12/site-packages/airflow/example_dags/example_kubernetes_executor.py
[2025-03-30T13:59:55.240+0000] {processor.py:925} INFO - DAG(s) 'example_kubernetes_executor' retrieved from /home/airflow/.local/lib/python3.12/site-packages/airflow/example_dags/example_kubernetes_executor.py
[2025-03-30T13:59:55.260+0000] {logging_mixin.py:190} INFO - [2025-03-30T13:59:55.260+0000] {dag.py:3239} INFO - Sync 1 DAGs
[2025-03-30T13:59:55.274+0000] {logging_mixin.py:190} INFO - [2025-03-30T13:59:55.274+0000] {dag.py:4180} INFO - Setting next_dagrun for example_kubernetes_executor to None, run_after=None
[2025-03-30T13:59:55.295+0000] {processor.py:208} INFO - Processing /home/airflow/.local/lib/python3.12/site-packages/airflow/example_dags/example_kubernetes_executor.py took 0.074 seconds
[2025-03-30T14:00:26.119+0000] {processor.py:186} INFO - Started process (PID=554) to work on /home/airflow/.local/lib/python3.12/site-packages/airflow/example_dags/example_kubernetes_executor.py
[2025-03-30T14:00:26.120+0000] {processor.py:914} INFO - Processing file /home/airflow/.local/lib/python3.12/site-packages/airflow/example_dags/example_kubernetes_executor.py for tasks to queue
[2025-03-30T14:00:26.122+0000] {logging_mixin.py:190} INFO - [2025-03-30T14:00:26.122+0000] {dagbag.py:588} INFO - Filling up the DagBag from /home/airflow/.local/lib/python3.12/site-packages/airflow/example_dags/example_kubernetes_executor.py
[2025-03-30T14:00:26.133+0000] {processor.py:925} INFO - DAG(s) 'example_kubernetes_executor' retrieved from /home/airflow/.local/lib/python3.12/site-packages/airflow/example_dags/example_kubernetes_executor.py
[2025-03-30T14:00:26.154+0000] {logging_mixin.py:190} INFO - [2025-03-30T14:00:26.153+0000] {dag.py:3239} INFO - Sync 1 DAGs
[2025-03-30T14:00:26.166+0000] {logging_mixin.py:190} INFO - [2025-03-30T14:00:26.166+0000] {dag.py:4180} INFO - Setting next_dagrun for example_kubernetes_executor to None, run_after=None
[2025-03-30T14:00:26.185+0000] {processor.py:208} INFO - Processing /home/airflow/.local/lib/python3.12/site-packages/airflow/example_dags/example_kubernetes_executor.py took 0.070 seconds
[2025-03-30T14:00:57.016+0000] {processor.py:186} INFO - Started process (PID=629) to work on /home/airflow/.local/lib/python3.12/site-packages/airflow/example_dags/example_kubernetes_executor.py
[2025-03-30T14:00:57.017+0000] {processor.py:914} INFO - Processing file /home/airflow/.local/lib/python3.12/site-packages/airflow/example_dags/example_kubernetes_executor.py for tasks to queue
[2025-03-30T14:00:57.023+0000] {logging_mixin.py:190} INFO - [2025-03-30T14:00:57.022+0000] {dagbag.py:588} INFO - Filling up the DagBag from /home/airflow/.local/lib/python3.12/site-packages/airflow/example_dags/example_kubernetes_executor.py
[2025-03-30T14:00:57.041+0000] {processor.py:925} INFO - DAG(s) 'example_kubernetes_executor' retrieved from /home/airflow/.local/lib/python3.12/site-packages/airflow/example_dags/example_kubernetes_executor.py
[2025-03-30T14:00:57.071+0000] {logging_mixin.py:190} INFO - [2025-03-30T14:00:57.070+0000] {dag.py:3239} INFO - Sync 1 DAGs
[2025-03-30T14:00:57.087+0000] {logging_mixin.py:190} INFO - [2025-03-30T14:00:57.087+0000] {dag.py:4180} INFO - Setting next_dagrun for example_kubernetes_executor to None, run_after=None
[2025-03-30T14:00:57.107+0000] {processor.py:208} INFO - Processing /home/airflow/.local/lib/python3.12/site-packages/airflow/example_dags/example_kubernetes_executor.py took 0.099 seconds
[2025-03-30T14:01:27.799+0000] {processor.py:186} INFO - Started process (PID=704) to work on /home/airflow/.local/lib/python3.12/site-packages/airflow/example_dags/example_kubernetes_executor.py
[2025-03-30T14:01:27.801+0000] {processor.py:914} INFO - Processing file /home/airflow/.local/lib/python3.12/site-packages/airflow/example_dags/example_kubernetes_executor.py for tasks to queue
[2025-03-30T14:01:27.803+0000] {logging_mixin.py:190} INFO - [2025-03-30T14:01:27.802+0000] {dagbag.py:588} INFO - Filling up the DagBag from /home/airflow/.local/lib/python3.12/site-packages/airflow/example_dags/example_kubernetes_executor.py
[2025-03-30T14:01:27.815+0000] {processor.py:925} INFO - DAG(s) 'example_kubernetes_executor' retrieved from /home/airflow/.local/lib/python3.12/site-packages/airflow/example_dags/example_kubernetes_executor.py
[2025-03-30T14:01:27.836+0000] {logging_mixin.py:190} INFO - [2025-03-30T14:01:27.836+0000] {dag.py:3239} INFO - Sync 1 DAGs
[2025-03-30T14:01:27.850+0000] {logging_mixin.py:190} INFO - [2025-03-30T14:01:27.849+0000] {dag.py:4180} INFO - Setting next_dagrun for example_kubernetes_executor to None, run_after=None
[2025-03-30T14:01:27.866+0000] {processor.py:208} INFO - Processing /home/airflow/.local/lib/python3.12/site-packages/airflow/example_dags/example_kubernetes_executor.py took 0.071 seconds
[2025-03-30T14:01:58.893+0000] {processor.py:186} INFO - Started process (PID=791) to work on /home/airflow/.local/lib/python3.12/site-packages/airflow/example_dags/example_kubernetes_executor.py
[2025-03-30T14:01:58.894+0000] {processor.py:914} INFO - Processing file /home/airflow/.local/lib/python3.12/site-packages/airflow/example_dags/example_kubernetes_executor.py for tasks to queue
[2025-03-30T14:01:58.896+0000] {logging_mixin.py:190} INFO - [2025-03-30T14:01:58.895+0000] {dagbag.py:588} INFO - Filling up the DagBag from /home/airflow/.local/lib/python3.12/site-packages/airflow/example_dags/example_kubernetes_executor.py
[2025-03-30T14:01:58.908+0000] {processor.py:925} INFO - DAG(s) 'example_kubernetes_executor' retrieved from /home/airflow/.local/lib/python3.12/site-packages/airflow/example_dags/example_kubernetes_executor.py
[2025-03-30T14:01:58.928+0000] {logging_mixin.py:190} INFO - [2025-03-30T14:01:58.928+0000] {dag.py:3239} INFO - Sync 1 DAGs
[2025-03-30T14:01:58.939+0000] {logging_mixin.py:190} INFO - [2025-03-30T14:01:58.939+0000] {dag.py:4180} INFO - Setting next_dagrun for example_kubernetes_executor to None, run_after=None
[2025-03-30T14:01:58.954+0000] {processor.py:208} INFO - Processing /home/airflow/.local/lib/python3.12/site-packages/airflow/example_dags/example_kubernetes_executor.py took 0.066 seconds
[2025-03-30T14:02:30.134+0000] {processor.py:186} INFO - Started process (PID=866) to work on /home/airflow/.local/lib/python3.12/site-packages/airflow/example_dags/example_kubernetes_executor.py
[2025-03-30T14:02:30.135+0000] {processor.py:914} INFO - Processing file /home/airflow/.local/lib/python3.12/site-packages/airflow/example_dags/example_kubernetes_executor.py for tasks to queue
[2025-03-30T14:02:30.137+0000] {logging_mixin.py:190} INFO - [2025-03-30T14:02:30.137+0000] {dagbag.py:588} INFO - Filling up the DagBag from /home/airflow/.local/lib/python3.12/site-packages/airflow/example_dags/example_kubernetes_executor.py
[2025-03-30T14:02:30.149+0000] {processor.py:925} INFO - DAG(s) 'example_kubernetes_executor' retrieved from /home/airflow/.local/lib/python3.12/site-packages/airflow/example_dags/example_kubernetes_executor.py
[2025-03-30T14:02:30.171+0000] {logging_mixin.py:190} INFO - [2025-03-30T14:02:30.171+0000] {dag.py:3239} INFO - Sync 1 DAGs
[2025-03-30T14:02:30.187+0000] {logging_mixin.py:190} INFO - [2025-03-30T14:02:30.187+0000] {dag.py:4180} INFO - Setting next_dagrun for example_kubernetes_executor to None, run_after=None
[2025-03-30T14:02:30.201+0000] {processor.py:208} INFO - Processing /home/airflow/.local/lib/python3.12/site-packages/airflow/example_dags/example_kubernetes_executor.py took 0.071 seconds
[2025-03-30T14:03:00.953+0000] {processor.py:186} INFO - Started process (PID=941) to work on /home/airflow/.local/lib/python3.12/site-packages/airflow/example_dags/example_kubernetes_executor.py
[2025-03-30T14:03:00.954+0000] {processor.py:914} INFO - Processing file /home/airflow/.local/lib/python3.12/site-packages/airflow/example_dags/example_kubernetes_executor.py for tasks to queue
[2025-03-30T14:03:00.956+0000] {logging_mixin.py:190} INFO - [2025-03-30T14:03:00.956+0000] {dagbag.py:588} INFO - Filling up the DagBag from /home/airflow/.local/lib/python3.12/site-packages/airflow/example_dags/example_kubernetes_executor.py
[2025-03-30T14:03:00.972+0000] {processor.py:925} INFO - DAG(s) 'example_kubernetes_executor' retrieved from /home/airflow/.local/lib/python3.12/site-packages/airflow/example_dags/example_kubernetes_executor.py
[2025-03-30T14:03:00.997+0000] {logging_mixin.py:190} INFO - [2025-03-30T14:03:00.997+0000] {dag.py:3239} INFO - Sync 1 DAGs
[2025-03-30T14:03:01.011+0000] {logging_mixin.py:190} INFO - [2025-03-30T14:03:01.011+0000] {dag.py:4180} INFO - Setting next_dagrun for example_kubernetes_executor to None, run_after=None
[2025-03-30T14:03:01.027+0000] {processor.py:208} INFO - Processing /home/airflow/.local/lib/python3.12/site-packages/airflow/example_dags/example_kubernetes_executor.py took 0.080 seconds
[2025-03-30T14:03:32.150+0000] {processor.py:186} INFO - Started process (PID=1016) to work on /home/airflow/.local/lib/python3.12/site-packages/airflow/example_dags/example_kubernetes_executor.py
[2025-03-30T14:03:32.151+0000] {processor.py:914} INFO - Processing file /home/airflow/.local/lib/python3.12/site-packages/airflow/example_dags/example_kubernetes_executor.py for tasks to queue
[2025-03-30T14:03:32.154+0000] {logging_mixin.py:190} INFO - [2025-03-30T14:03:32.154+0000] {dagbag.py:588} INFO - Filling up the DagBag from /home/airflow/.local/lib/python3.12/site-packages/airflow/example_dags/example_kubernetes_executor.py
[2025-03-30T14:03:32.169+0000] {processor.py:925} INFO - DAG(s) 'example_kubernetes_executor' retrieved from /home/airflow/.local/lib/python3.12/site-packages/airflow/example_dags/example_kubernetes_executor.py
[2025-03-30T14:03:32.197+0000] {logging_mixin.py:190} INFO - [2025-03-30T14:03:32.197+0000] {dag.py:3239} INFO - Sync 1 DAGs
[2025-03-30T14:03:32.212+0000] {logging_mixin.py:190} INFO - [2025-03-30T14:03:32.211+0000] {dag.py:4180} INFO - Setting next_dagrun for example_kubernetes_executor to None, run_after=None
[2025-03-30T14:03:32.234+0000] {processor.py:208} INFO - Processing /home/airflow/.local/lib/python3.12/site-packages/airflow/example_dags/example_kubernetes_executor.py took 0.089 seconds
[2025-03-30T14:04:03.113+0000] {processor.py:186} INFO - Started process (PID=1091) to work on /home/airflow/.local/lib/python3.12/site-packages/airflow/example_dags/example_kubernetes_executor.py
[2025-03-30T14:04:03.114+0000] {processor.py:914} INFO - Processing file /home/airflow/.local/lib/python3.12/site-packages/airflow/example_dags/example_kubernetes_executor.py for tasks to queue
[2025-03-30T14:04:03.118+0000] {logging_mixin.py:190} INFO - [2025-03-30T14:04:03.117+0000] {dagbag.py:588} INFO - Filling up the DagBag from /home/airflow/.local/lib/python3.12/site-packages/airflow/example_dags/example_kubernetes_executor.py
[2025-03-30T14:04:03.133+0000] {processor.py:925} INFO - DAG(s) 'example_kubernetes_executor' retrieved from /home/airflow/.local/lib/python3.12/site-packages/airflow/example_dags/example_kubernetes_executor.py
[2025-03-30T14:04:03.162+0000] {logging_mixin.py:190} INFO - [2025-03-30T14:04:03.162+0000] {dag.py:3239} INFO - Sync 1 DAGs
[2025-03-30T14:04:03.181+0000] {logging_mixin.py:190} INFO - [2025-03-30T14:04:03.181+0000] {dag.py:4180} INFO - Setting next_dagrun for example_kubernetes_executor to None, run_after=None
[2025-03-30T14:04:03.200+0000] {processor.py:208} INFO - Processing /home/airflow/.local/lib/python3.12/site-packages/airflow/example_dags/example_kubernetes_executor.py took 0.094 seconds
[2025-03-30T14:04:34.160+0000] {processor.py:186} INFO - Started process (PID=1166) to work on /home/airflow/.local/lib/python3.12/site-packages/airflow/example_dags/example_kubernetes_executor.py
[2025-03-30T14:04:34.161+0000] {processor.py:914} INFO - Processing file /home/airflow/.local/lib/python3.12/site-packages/airflow/example_dags/example_kubernetes_executor.py for tasks to queue
[2025-03-30T14:04:34.163+0000] {logging_mixin.py:190} INFO - [2025-03-30T14:04:34.163+0000] {dagbag.py:588} INFO - Filling up the DagBag from /home/airflow/.local/lib/python3.12/site-packages/airflow/example_dags/example_kubernetes_executor.py
[2025-03-30T14:04:34.174+0000] {processor.py:925} INFO - DAG(s) 'example_kubernetes_executor' retrieved from /home/airflow/.local/lib/python3.12/site-packages/airflow/example_dags/example_kubernetes_executor.py
[2025-03-30T14:04:34.194+0000] {logging_mixin.py:190} INFO - [2025-03-30T14:04:34.194+0000] {dag.py:3239} INFO - Sync 1 DAGs
[2025-03-30T14:04:34.206+0000] {logging_mixin.py:190} INFO - [2025-03-30T14:04:34.206+0000] {dag.py:4180} INFO - Setting next_dagrun for example_kubernetes_executor to None, run_after=None
[2025-03-30T14:04:34.220+0000] {processor.py:208} INFO - Processing /home/airflow/.local/lib/python3.12/site-packages/airflow/example_dags/example_kubernetes_executor.py took 0.064 seconds
[2025-03-30T14:05:05.021+0000] {processor.py:186} INFO - Started process (PID=1241) to work on /home/airflow/.local/lib/python3.12/site-packages/airflow/example_dags/example_kubernetes_executor.py
[2025-03-30T14:05:05.022+0000] {processor.py:914} INFO - Processing file /home/airflow/.local/lib/python3.12/site-packages/airflow/example_dags/example_kubernetes_executor.py for tasks to queue
[2025-03-30T14:05:05.024+0000] {logging_mixin.py:190} INFO - [2025-03-30T14:05:05.023+0000] {dagbag.py:588} INFO - Filling up the DagBag from /home/airflow/.local/lib/python3.12/site-packages/airflow/example_dags/example_kubernetes_executor.py
[2025-03-30T14:05:05.035+0000] {processor.py:925} INFO - DAG(s) 'example_kubernetes_executor' retrieved from /home/airflow/.local/lib/python3.12/site-packages/airflow/example_dags/example_kubernetes_executor.py
[2025-03-30T14:05:05.057+0000] {logging_mixin.py:190} INFO - [2025-03-30T14:05:05.057+0000] {dag.py:3239} INFO - Sync 1 DAGs
[2025-03-30T14:05:05.069+0000] {logging_mixin.py:190} INFO - [2025-03-30T14:05:05.069+0000] {dag.py:4180} INFO - Setting next_dagrun for example_kubernetes_executor to None, run_after=None
[2025-03-30T14:05:05.084+0000] {processor.py:208} INFO - Processing /home/airflow/.local/lib/python3.12/site-packages/airflow/example_dags/example_kubernetes_executor.py took 0.067 seconds
[2025-03-30T14:05:36.281+0000] {processor.py:186} INFO - Started process (PID=1316) to work on /home/airflow/.local/lib/python3.12/site-packages/airflow/example_dags/example_kubernetes_executor.py
[2025-03-30T14:05:36.282+0000] {processor.py:914} INFO - Processing file /home/airflow/.local/lib/python3.12/site-packages/airflow/example_dags/example_kubernetes_executor.py for tasks to queue
[2025-03-30T14:05:36.284+0000] {logging_mixin.py:190} INFO - [2025-03-30T14:05:36.284+0000] {dagbag.py:588} INFO - Filling up the DagBag from /home/airflow/.local/lib/python3.12/site-packages/airflow/example_dags/example_kubernetes_executor.py
[2025-03-30T14:05:36.299+0000] {processor.py:925} INFO - DAG(s) 'example_kubernetes_executor' retrieved from /home/airflow/.local/lib/python3.12/site-packages/airflow/example_dags/example_kubernetes_executor.py
[2025-03-30T14:05:36.325+0000] {logging_mixin.py:190} INFO - [2025-03-30T14:05:36.324+0000] {dag.py:3239} INFO - Sync 1 DAGs
[2025-03-30T14:05:36.337+0000] {logging_mixin.py:190} INFO - [2025-03-30T14:05:36.337+0000] {dag.py:4180} INFO - Setting next_dagrun for example_kubernetes_executor to None, run_after=None
[2025-03-30T14:05:36.354+0000] {processor.py:208} INFO - Processing /home/airflow/.local/lib/python3.12/site-packages/airflow/example_dags/example_kubernetes_executor.py took 0.079 seconds
[2025-03-30T14:06:06.923+0000] {processor.py:186} INFO - Started process (PID=1391) to work on /home/airflow/.local/lib/python3.12/site-packages/airflow/example_dags/example_kubernetes_executor.py
[2025-03-30T14:06:06.924+0000] {processor.py:914} INFO - Processing file /home/airflow/.local/lib/python3.12/site-packages/airflow/example_dags/example_kubernetes_executor.py for tasks to queue
[2025-03-30T14:06:06.926+0000] {logging_mixin.py:190} INFO - [2025-03-30T14:06:06.926+0000] {dagbag.py:588} INFO - Filling up the DagBag from /home/airflow/.local/lib/python3.12/site-packages/airflow/example_dags/example_kubernetes_executor.py
[2025-03-30T14:06:06.941+0000] {processor.py:925} INFO - DAG(s) 'example_kubernetes_executor' retrieved from /home/airflow/.local/lib/python3.12/site-packages/airflow/example_dags/example_kubernetes_executor.py
[2025-03-30T14:06:06.979+0000] {logging_mixin.py:190} INFO - [2025-03-30T14:06:06.979+0000] {dag.py:3239} INFO - Sync 1 DAGs
[2025-03-30T14:06:06.995+0000] {logging_mixin.py:190} INFO - [2025-03-30T14:06:06.995+0000] {dag.py:4180} INFO - Setting next_dagrun for example_kubernetes_executor to None, run_after=None
[2025-03-30T14:06:07.021+0000] {processor.py:208} INFO - Processing /home/airflow/.local/lib/python3.12/site-packages/airflow/example_dags/example_kubernetes_executor.py took 0.105 seconds
[2025-03-30T14:06:39.520+0000] {processor.py:186} INFO - Started process (PID=1501) to work on /home/airflow/.local/lib/python3.12/site-packages/airflow/example_dags/example_kubernetes_executor.py
[2025-03-30T14:06:39.520+0000] {processor.py:914} INFO - Processing file /home/airflow/.local/lib/python3.12/site-packages/airflow/example_dags/example_kubernetes_executor.py for tasks to queue
[2025-03-30T14:06:39.522+0000] {logging_mixin.py:190} INFO - [2025-03-30T14:06:39.521+0000] {dagbag.py:588} INFO - Filling up the DagBag from /home/airflow/.local/lib/python3.12/site-packages/airflow/example_dags/example_kubernetes_executor.py
[2025-03-30T14:06:39.544+0000] {processor.py:925} INFO - DAG(s) 'example_kubernetes_executor' retrieved from /home/airflow/.local/lib/python3.12/site-packages/airflow/example_dags/example_kubernetes_executor.py
[2025-03-30T14:06:39.569+0000] {logging_mixin.py:190} INFO - [2025-03-30T14:06:39.569+0000] {dag.py:3239} INFO - Sync 1 DAGs
[2025-03-30T14:06:39.584+0000] {logging_mixin.py:190} INFO - [2025-03-30T14:06:39.584+0000] {dag.py:4180} INFO - Setting next_dagrun for example_kubernetes_executor to None, run_after=None
[2025-03-30T14:06:39.604+0000] {processor.py:208} INFO - Processing /home/airflow/.local/lib/python3.12/site-packages/airflow/example_dags/example_kubernetes_executor.py took 0.092 seconds
[2025-03-30T14:07:09.937+0000] {processor.py:186} INFO - Started process (PID=1563) to work on /home/airflow/.local/lib/python3.12/site-packages/airflow/example_dags/example_kubernetes_executor.py
[2025-03-30T14:07:09.939+0000] {processor.py:914} INFO - Processing file /home/airflow/.local/lib/python3.12/site-packages/airflow/example_dags/example_kubernetes_executor.py for tasks to queue
[2025-03-30T14:07:09.940+0000] {logging_mixin.py:190} INFO - [2025-03-30T14:07:09.940+0000] {dagbag.py:588} INFO - Filling up the DagBag from /home/airflow/.local/lib/python3.12/site-packages/airflow/example_dags/example_kubernetes_executor.py
[2025-03-30T14:07:09.953+0000] {processor.py:925} INFO - DAG(s) 'example_kubernetes_executor' retrieved from /home/airflow/.local/lib/python3.12/site-packages/airflow/example_dags/example_kubernetes_executor.py
[2025-03-30T14:07:09.977+0000] {logging_mixin.py:190} INFO - [2025-03-30T14:07:09.977+0000] {dag.py:3239} INFO - Sync 1 DAGs
[2025-03-30T14:07:09.990+0000] {logging_mixin.py:190} INFO - [2025-03-30T14:07:09.990+0000] {dag.py:4180} INFO - Setting next_dagrun for example_kubernetes_executor to None, run_after=None
[2025-03-30T14:07:10.008+0000] {processor.py:208} INFO - Processing /home/airflow/.local/lib/python3.12/site-packages/airflow/example_dags/example_kubernetes_executor.py took 0.080 seconds
[2025-03-30T14:07:40.139+0000] {processor.py:186} INFO - Started process (PID=1637) to work on /home/airflow/.local/lib/python3.12/site-packages/airflow/example_dags/example_kubernetes_executor.py
[2025-03-30T14:07:40.140+0000] {processor.py:914} INFO - Processing file /home/airflow/.local/lib/python3.12/site-packages/airflow/example_dags/example_kubernetes_executor.py for tasks to queue
[2025-03-30T14:07:40.141+0000] {logging_mixin.py:190} INFO - [2025-03-30T14:07:40.141+0000] {dagbag.py:588} INFO - Filling up the DagBag from /home/airflow/.local/lib/python3.12/site-packages/airflow/example_dags/example_kubernetes_executor.py
[2025-03-30T14:07:40.157+0000] {processor.py:925} INFO - DAG(s) 'example_kubernetes_executor' retrieved from /home/airflow/.local/lib/python3.12/site-packages/airflow/example_dags/example_kubernetes_executor.py
[2025-03-30T14:07:40.184+0000] {logging_mixin.py:190} INFO - [2025-03-30T14:07:40.183+0000] {dag.py:3239} INFO - Sync 1 DAGs
[2025-03-30T14:07:40.200+0000] {logging_mixin.py:190} INFO - [2025-03-30T14:07:40.200+0000] {dag.py:4180} INFO - Setting next_dagrun for example_kubernetes_executor to None, run_after=None
[2025-03-30T14:07:40.219+0000] {processor.py:208} INFO - Processing /home/airflow/.local/lib/python3.12/site-packages/airflow/example_dags/example_kubernetes_executor.py took 0.090 seconds
[2025-03-30T14:08:11.493+0000] {processor.py:186} INFO - Started process (PID=1712) to work on /home/airflow/.local/lib/python3.12/site-packages/airflow/example_dags/example_kubernetes_executor.py
[2025-03-30T14:08:11.496+0000] {processor.py:914} INFO - Processing file /home/airflow/.local/lib/python3.12/site-packages/airflow/example_dags/example_kubernetes_executor.py for tasks to queue
[2025-03-30T14:08:11.502+0000] {logging_mixin.py:190} INFO - [2025-03-30T14:08:11.502+0000] {dagbag.py:588} INFO - Filling up the DagBag from /home/airflow/.local/lib/python3.12/site-packages/airflow/example_dags/example_kubernetes_executor.py
[2025-03-30T14:08:11.562+0000] {processor.py:925} INFO - DAG(s) 'example_kubernetes_executor' retrieved from /home/airflow/.local/lib/python3.12/site-packages/airflow/example_dags/example_kubernetes_executor.py
[2025-03-30T14:08:11.611+0000] {logging_mixin.py:190} INFO - [2025-03-30T14:08:11.610+0000] {dag.py:3239} INFO - Sync 1 DAGs
[2025-03-30T14:08:11.632+0000] {logging_mixin.py:190} INFO - [2025-03-30T14:08:11.632+0000] {dag.py:4180} INFO - Setting next_dagrun for example_kubernetes_executor to None, run_after=None
[2025-03-30T14:08:11.669+0000] {processor.py:208} INFO - Processing /home/airflow/.local/lib/python3.12/site-packages/airflow/example_dags/example_kubernetes_executor.py took 0.189 seconds
[2025-03-30T14:08:42.493+0000] {processor.py:186} INFO - Started process (PID=1787) to work on /home/airflow/.local/lib/python3.12/site-packages/airflow/example_dags/example_kubernetes_executor.py
[2025-03-30T14:08:42.494+0000] {processor.py:914} INFO - Processing file /home/airflow/.local/lib/python3.12/site-packages/airflow/example_dags/example_kubernetes_executor.py for tasks to queue
[2025-03-30T14:08:42.496+0000] {logging_mixin.py:190} INFO - [2025-03-30T14:08:42.495+0000] {dagbag.py:588} INFO - Filling up the DagBag from /home/airflow/.local/lib/python3.12/site-packages/airflow/example_dags/example_kubernetes_executor.py
[2025-03-30T14:08:42.510+0000] {processor.py:925} INFO - DAG(s) 'example_kubernetes_executor' retrieved from /home/airflow/.local/lib/python3.12/site-packages/airflow/example_dags/example_kubernetes_executor.py
[2025-03-30T14:08:42.535+0000] {logging_mixin.py:190} INFO - [2025-03-30T14:08:42.535+0000] {dag.py:3239} INFO - Sync 1 DAGs
[2025-03-30T14:08:42.550+0000] {logging_mixin.py:190} INFO - [2025-03-30T14:08:42.549+0000] {dag.py:4180} INFO - Setting next_dagrun for example_kubernetes_executor to None, run_after=None
[2025-03-30T14:08:42.566+0000] {processor.py:208} INFO - Processing /home/airflow/.local/lib/python3.12/site-packages/airflow/example_dags/example_kubernetes_executor.py took 0.083 seconds
[2025-03-30T14:09:13.052+0000] {processor.py:186} INFO - Started process (PID=1861) to work on /home/airflow/.local/lib/python3.12/site-packages/airflow/example_dags/example_kubernetes_executor.py
[2025-03-30T14:09:13.053+0000] {processor.py:914} INFO - Processing file /home/airflow/.local/lib/python3.12/site-packages/airflow/example_dags/example_kubernetes_executor.py for tasks to queue
[2025-03-30T14:09:13.055+0000] {logging_mixin.py:190} INFO - [2025-03-30T14:09:13.054+0000] {dagbag.py:588} INFO - Filling up the DagBag from /home/airflow/.local/lib/python3.12/site-packages/airflow/example_dags/example_kubernetes_executor.py
[2025-03-30T14:09:13.069+0000] {processor.py:925} INFO - DAG(s) 'example_kubernetes_executor' retrieved from /home/airflow/.local/lib/python3.12/site-packages/airflow/example_dags/example_kubernetes_executor.py
[2025-03-30T14:09:13.094+0000] {logging_mixin.py:190} INFO - [2025-03-30T14:09:13.093+0000] {dag.py:3239} INFO - Sync 1 DAGs
[2025-03-30T14:09:13.108+0000] {logging_mixin.py:190} INFO - [2025-03-30T14:09:13.107+0000] {dag.py:4180} INFO - Setting next_dagrun for example_kubernetes_executor to None, run_after=None
[2025-03-30T14:09:13.127+0000] {processor.py:208} INFO - Processing /home/airflow/.local/lib/python3.12/site-packages/airflow/example_dags/example_kubernetes_executor.py took 0.082 seconds
[2025-03-30T14:09:44.060+0000] {processor.py:186} INFO - Started process (PID=1936) to work on /home/airflow/.local/lib/python3.12/site-packages/airflow/example_dags/example_kubernetes_executor.py
[2025-03-30T14:09:44.061+0000] {processor.py:914} INFO - Processing file /home/airflow/.local/lib/python3.12/site-packages/airflow/example_dags/example_kubernetes_executor.py for tasks to queue
[2025-03-30T14:09:44.063+0000] {logging_mixin.py:190} INFO - [2025-03-30T14:09:44.063+0000] {dagbag.py:588} INFO - Filling up the DagBag from /home/airflow/.local/lib/python3.12/site-packages/airflow/example_dags/example_kubernetes_executor.py
[2025-03-30T14:09:44.083+0000] {processor.py:925} INFO - DAG(s) 'example_kubernetes_executor' retrieved from /home/airflow/.local/lib/python3.12/site-packages/airflow/example_dags/example_kubernetes_executor.py
[2025-03-30T14:09:44.116+0000] {logging_mixin.py:190} INFO - [2025-03-30T14:09:44.116+0000] {dag.py:3239} INFO - Sync 1 DAGs
[2025-03-30T14:09:44.137+0000] {logging_mixin.py:190} INFO - [2025-03-30T14:09:44.137+0000] {dag.py:4180} INFO - Setting next_dagrun for example_kubernetes_executor to None, run_after=None
[2025-03-30T14:09:44.171+0000] {processor.py:208} INFO - Processing /home/airflow/.local/lib/python3.12/site-packages/airflow/example_dags/example_kubernetes_executor.py took 0.125 seconds
[2025-03-30T14:10:15.161+0000] {processor.py:186} INFO - Started process (PID=2011) to work on /home/airflow/.local/lib/python3.12/site-packages/airflow/example_dags/example_kubernetes_executor.py
[2025-03-30T14:10:15.165+0000] {processor.py:914} INFO - Processing file /home/airflow/.local/lib/python3.12/site-packages/airflow/example_dags/example_kubernetes_executor.py for tasks to queue
[2025-03-30T14:10:15.169+0000] {logging_mixin.py:190} INFO - [2025-03-30T14:10:15.168+0000] {dagbag.py:588} INFO - Filling up the DagBag from /home/airflow/.local/lib/python3.12/site-packages/airflow/example_dags/example_kubernetes_executor.py
[2025-03-30T14:10:15.193+0000] {processor.py:925} INFO - DAG(s) 'example_kubernetes_executor' retrieved from /home/airflow/.local/lib/python3.12/site-packages/airflow/example_dags/example_kubernetes_executor.py
[2025-03-30T14:10:15.235+0000] {logging_mixin.py:190} INFO - [2025-03-30T14:10:15.234+0000] {dag.py:3239} INFO - Sync 1 DAGs
[2025-03-30T14:10:15.255+0000] {logging_mixin.py:190} INFO - [2025-03-30T14:10:15.254+0000] {dag.py:4180} INFO - Setting next_dagrun for example_kubernetes_executor to None, run_after=None
[2025-03-30T14:10:15.288+0000] {processor.py:208} INFO - Processing /home/airflow/.local/lib/python3.12/site-packages/airflow/example_dags/example_kubernetes_executor.py took 0.141 seconds
[2025-03-30T14:10:46.214+0000] {processor.py:186} INFO - Started process (PID=2092) to work on /home/airflow/.local/lib/python3.12/site-packages/airflow/example_dags/example_kubernetes_executor.py
[2025-03-30T14:10:46.215+0000] {processor.py:914} INFO - Processing file /home/airflow/.local/lib/python3.12/site-packages/airflow/example_dags/example_kubernetes_executor.py for tasks to queue
[2025-03-30T14:10:46.216+0000] {logging_mixin.py:190} INFO - [2025-03-30T14:10:46.216+0000] {dagbag.py:588} INFO - Filling up the DagBag from /home/airflow/.local/lib/python3.12/site-packages/airflow/example_dags/example_kubernetes_executor.py
[2025-03-30T14:10:46.231+0000] {processor.py:925} INFO - DAG(s) 'example_kubernetes_executor' retrieved from /home/airflow/.local/lib/python3.12/site-packages/airflow/example_dags/example_kubernetes_executor.py
[2025-03-30T14:10:46.257+0000] {logging_mixin.py:190} INFO - [2025-03-30T14:10:46.257+0000] {dag.py:3239} INFO - Sync 1 DAGs
[2025-03-30T14:10:46.273+0000] {logging_mixin.py:190} INFO - [2025-03-30T14:10:46.272+0000] {dag.py:4180} INFO - Setting next_dagrun for example_kubernetes_executor to None, run_after=None
[2025-03-30T14:10:46.294+0000] {processor.py:208} INFO - Processing /home/airflow/.local/lib/python3.12/site-packages/airflow/example_dags/example_kubernetes_executor.py took 0.088 seconds
[2025-03-30T14:11:16.891+0000] {processor.py:186} INFO - Started process (PID=2166) to work on /home/airflow/.local/lib/python3.12/site-packages/airflow/example_dags/example_kubernetes_executor.py
[2025-03-30T14:11:16.893+0000] {processor.py:914} INFO - Processing file /home/airflow/.local/lib/python3.12/site-packages/airflow/example_dags/example_kubernetes_executor.py for tasks to queue
[2025-03-30T14:11:16.896+0000] {logging_mixin.py:190} INFO - [2025-03-30T14:11:16.895+0000] {dagbag.py:588} INFO - Filling up the DagBag from /home/airflow/.local/lib/python3.12/site-packages/airflow/example_dags/example_kubernetes_executor.py
[2025-03-30T14:11:16.945+0000] {processor.py:925} INFO - DAG(s) 'example_kubernetes_executor' retrieved from /home/airflow/.local/lib/python3.12/site-packages/airflow/example_dags/example_kubernetes_executor.py
[2025-03-30T14:11:17.028+0000] {logging_mixin.py:190} INFO - [2025-03-30T14:11:17.027+0000] {dag.py:3239} INFO - Sync 1 DAGs
[2025-03-30T14:11:17.074+0000] {logging_mixin.py:190} INFO - [2025-03-30T14:11:17.074+0000] {dag.py:4180} INFO - Setting next_dagrun for example_kubernetes_executor to None, run_after=None
[2025-03-30T14:11:17.147+0000] {processor.py:208} INFO - Processing /home/airflow/.local/lib/python3.12/site-packages/airflow/example_dags/example_kubernetes_executor.py took 0.269 seconds
[2025-03-30T14:11:47.349+0000] {processor.py:186} INFO - Started process (PID=2241) to work on /home/airflow/.local/lib/python3.12/site-packages/airflow/example_dags/example_kubernetes_executor.py
[2025-03-30T14:11:47.350+0000] {processor.py:914} INFO - Processing file /home/airflow/.local/lib/python3.12/site-packages/airflow/example_dags/example_kubernetes_executor.py for tasks to queue
[2025-03-30T14:11:47.351+0000] {logging_mixin.py:190} INFO - [2025-03-30T14:11:47.351+0000] {dagbag.py:588} INFO - Filling up the DagBag from /home/airflow/.local/lib/python3.12/site-packages/airflow/example_dags/example_kubernetes_executor.py
[2025-03-30T14:11:47.365+0000] {processor.py:925} INFO - DAG(s) 'example_kubernetes_executor' retrieved from /home/airflow/.local/lib/python3.12/site-packages/airflow/example_dags/example_kubernetes_executor.py
[2025-03-30T14:11:47.387+0000] {logging_mixin.py:190} INFO - [2025-03-30T14:11:47.387+0000] {dag.py:3239} INFO - Sync 1 DAGs
[2025-03-30T14:11:47.401+0000] {logging_mixin.py:190} INFO - [2025-03-30T14:11:47.400+0000] {dag.py:4180} INFO - Setting next_dagrun for example_kubernetes_executor to None, run_after=None
[2025-03-30T14:11:47.430+0000] {processor.py:208} INFO - Processing /home/airflow/.local/lib/python3.12/site-packages/airflow/example_dags/example_kubernetes_executor.py took 0.089 seconds
[2025-03-30T14:12:17.672+0000] {processor.py:186} INFO - Started process (PID=2316) to work on /home/airflow/.local/lib/python3.12/site-packages/airflow/example_dags/example_kubernetes_executor.py
[2025-03-30T14:12:17.674+0000] {processor.py:914} INFO - Processing file /home/airflow/.local/lib/python3.12/site-packages/airflow/example_dags/example_kubernetes_executor.py for tasks to queue
[2025-03-30T14:12:17.678+0000] {logging_mixin.py:190} INFO - [2025-03-30T14:12:17.677+0000] {dagbag.py:588} INFO - Filling up the DagBag from /home/airflow/.local/lib/python3.12/site-packages/airflow/example_dags/example_kubernetes_executor.py
[2025-03-30T14:12:17.699+0000] {processor.py:925} INFO - DAG(s) 'example_kubernetes_executor' retrieved from /home/airflow/.local/lib/python3.12/site-packages/airflow/example_dags/example_kubernetes_executor.py
[2025-03-30T14:12:17.768+0000] {logging_mixin.py:190} INFO - [2025-03-30T14:12:17.767+0000] {dag.py:3239} INFO - Sync 1 DAGs
[2025-03-30T14:12:17.797+0000] {logging_mixin.py:190} INFO - [2025-03-30T14:12:17.796+0000] {dag.py:4180} INFO - Setting next_dagrun for example_kubernetes_executor to None, run_after=None
[2025-03-30T14:12:17.847+0000] {processor.py:208} INFO - Processing /home/airflow/.local/lib/python3.12/site-packages/airflow/example_dags/example_kubernetes_executor.py took 0.189 seconds
[2025-03-30T14:12:48.464+0000] {processor.py:186} INFO - Started process (PID=2379) to work on /home/airflow/.local/lib/python3.12/site-packages/airflow/example_dags/example_kubernetes_executor.py
[2025-03-30T14:12:48.465+0000] {processor.py:914} INFO - Processing file /home/airflow/.local/lib/python3.12/site-packages/airflow/example_dags/example_kubernetes_executor.py for tasks to queue
[2025-03-30T14:12:48.467+0000] {logging_mixin.py:190} INFO - [2025-03-30T14:12:48.466+0000] {dagbag.py:588} INFO - Filling up the DagBag from /home/airflow/.local/lib/python3.12/site-packages/airflow/example_dags/example_kubernetes_executor.py
[2025-03-30T14:12:48.482+0000] {processor.py:925} INFO - DAG(s) 'example_kubernetes_executor' retrieved from /home/airflow/.local/lib/python3.12/site-packages/airflow/example_dags/example_kubernetes_executor.py
[2025-03-30T14:12:48.515+0000] {logging_mixin.py:190} INFO - [2025-03-30T14:12:48.515+0000] {dag.py:3239} INFO - Sync 1 DAGs
[2025-03-30T14:12:48.529+0000] {logging_mixin.py:190} INFO - [2025-03-30T14:12:48.529+0000] {dag.py:4180} INFO - Setting next_dagrun for example_kubernetes_executor to None, run_after=None
[2025-03-30T14:12:48.548+0000] {processor.py:208} INFO - Processing /home/airflow/.local/lib/python3.12/site-packages/airflow/example_dags/example_kubernetes_executor.py took 0.092 seconds
[2025-03-30T14:13:18.944+0000] {processor.py:186} INFO - Started process (PID=2454) to work on /home/airflow/.local/lib/python3.12/site-packages/airflow/example_dags/example_kubernetes_executor.py
[2025-03-30T14:13:18.945+0000] {processor.py:914} INFO - Processing file /home/airflow/.local/lib/python3.12/site-packages/airflow/example_dags/example_kubernetes_executor.py for tasks to queue
[2025-03-30T14:13:18.946+0000] {logging_mixin.py:190} INFO - [2025-03-30T14:13:18.946+0000] {dagbag.py:588} INFO - Filling up the DagBag from /home/airflow/.local/lib/python3.12/site-packages/airflow/example_dags/example_kubernetes_executor.py
[2025-03-30T14:13:18.960+0000] {processor.py:925} INFO - DAG(s) 'example_kubernetes_executor' retrieved from /home/airflow/.local/lib/python3.12/site-packages/airflow/example_dags/example_kubernetes_executor.py
[2025-03-30T14:13:18.983+0000] {logging_mixin.py:190} INFO - [2025-03-30T14:13:18.983+0000] {dag.py:3239} INFO - Sync 1 DAGs
[2025-03-30T14:13:18.997+0000] {logging_mixin.py:190} INFO - [2025-03-30T14:13:18.996+0000] {dag.py:4180} INFO - Setting next_dagrun for example_kubernetes_executor to None, run_after=None
[2025-03-30T14:13:19.015+0000] {processor.py:208} INFO - Processing /home/airflow/.local/lib/python3.12/site-packages/airflow/example_dags/example_kubernetes_executor.py took 0.079 seconds
[2025-03-30T14:13:49.065+0000] {processor.py:186} INFO - Started process (PID=2529) to work on /home/airflow/.local/lib/python3.12/site-packages/airflow/example_dags/example_kubernetes_executor.py
[2025-03-30T14:13:49.066+0000] {processor.py:914} INFO - Processing file /home/airflow/.local/lib/python3.12/site-packages/airflow/example_dags/example_kubernetes_executor.py for tasks to queue
[2025-03-30T14:13:49.067+0000] {logging_mixin.py:190} INFO - [2025-03-30T14:13:49.067+0000] {dagbag.py:588} INFO - Filling up the DagBag from /home/airflow/.local/lib/python3.12/site-packages/airflow/example_dags/example_kubernetes_executor.py
[2025-03-30T14:13:49.083+0000] {processor.py:925} INFO - DAG(s) 'example_kubernetes_executor' retrieved from /home/airflow/.local/lib/python3.12/site-packages/airflow/example_dags/example_kubernetes_executor.py
[2025-03-30T14:13:49.108+0000] {logging_mixin.py:190} INFO - [2025-03-30T14:13:49.107+0000] {dag.py:3239} INFO - Sync 1 DAGs
[2025-03-30T14:13:49.123+0000] {logging_mixin.py:190} INFO - [2025-03-30T14:13:49.122+0000] {dag.py:4180} INFO - Setting next_dagrun for example_kubernetes_executor to None, run_after=None
[2025-03-30T14:13:49.151+0000] {processor.py:208} INFO - Processing /home/airflow/.local/lib/python3.12/site-packages/airflow/example_dags/example_kubernetes_executor.py took 0.095 seconds
[2025-03-30T14:14:19.845+0000] {processor.py:186} INFO - Started process (PID=2604) to work on /home/airflow/.local/lib/python3.12/site-packages/airflow/example_dags/example_kubernetes_executor.py
[2025-03-30T14:14:19.848+0000] {processor.py:914} INFO - Processing file /home/airflow/.local/lib/python3.12/site-packages/airflow/example_dags/example_kubernetes_executor.py for tasks to queue
[2025-03-30T14:14:19.850+0000] {logging_mixin.py:190} INFO - [2025-03-30T14:14:19.849+0000] {dagbag.py:588} INFO - Filling up the DagBag from /home/airflow/.local/lib/python3.12/site-packages/airflow/example_dags/example_kubernetes_executor.py
[2025-03-30T14:14:19.866+0000] {processor.py:925} INFO - DAG(s) 'example_kubernetes_executor' retrieved from /home/airflow/.local/lib/python3.12/site-packages/airflow/example_dags/example_kubernetes_executor.py
[2025-03-30T14:14:19.895+0000] {logging_mixin.py:190} INFO - [2025-03-30T14:14:19.895+0000] {dag.py:3239} INFO - Sync 1 DAGs
[2025-03-30T14:14:19.911+0000] {logging_mixin.py:190} INFO - [2025-03-30T14:14:19.910+0000] {dag.py:4180} INFO - Setting next_dagrun for example_kubernetes_executor to None, run_after=None
[2025-03-30T14:14:19.930+0000] {processor.py:208} INFO - Processing /home/airflow/.local/lib/python3.12/site-packages/airflow/example_dags/example_kubernetes_executor.py took 0.094 seconds
[2025-03-30T14:14:50.629+0000] {processor.py:186} INFO - Started process (PID=2679) to work on /home/airflow/.local/lib/python3.12/site-packages/airflow/example_dags/example_kubernetes_executor.py
[2025-03-30T14:14:50.630+0000] {processor.py:914} INFO - Processing file /home/airflow/.local/lib/python3.12/site-packages/airflow/example_dags/example_kubernetes_executor.py for tasks to queue
[2025-03-30T14:14:50.631+0000] {logging_mixin.py:190} INFO - [2025-03-30T14:14:50.631+0000] {dagbag.py:588} INFO - Filling up the DagBag from /home/airflow/.local/lib/python3.12/site-packages/airflow/example_dags/example_kubernetes_executor.py
[2025-03-30T14:14:50.644+0000] {processor.py:925} INFO - DAG(s) 'example_kubernetes_executor' retrieved from /home/airflow/.local/lib/python3.12/site-packages/airflow/example_dags/example_kubernetes_executor.py
[2025-03-30T14:14:50.664+0000] {logging_mixin.py:190} INFO - [2025-03-30T14:14:50.664+0000] {dag.py:3239} INFO - Sync 1 DAGs
[2025-03-30T14:14:50.678+0000] {logging_mixin.py:190} INFO - [2025-03-30T14:14:50.678+0000] {dag.py:4180} INFO - Setting next_dagrun for example_kubernetes_executor to None, run_after=None
[2025-03-30T14:14:50.699+0000] {processor.py:208} INFO - Processing /home/airflow/.local/lib/python3.12/site-packages/airflow/example_dags/example_kubernetes_executor.py took 0.077 seconds
[2025-03-30T14:15:20.859+0000] {processor.py:186} INFO - Started process (PID=2754) to work on /home/airflow/.local/lib/python3.12/site-packages/airflow/example_dags/example_kubernetes_executor.py
[2025-03-30T14:15:20.860+0000] {processor.py:914} INFO - Processing file /home/airflow/.local/lib/python3.12/site-packages/airflow/example_dags/example_kubernetes_executor.py for tasks to queue
[2025-03-30T14:15:20.861+0000] {logging_mixin.py:190} INFO - [2025-03-30T14:15:20.861+0000] {dagbag.py:588} INFO - Filling up the DagBag from /home/airflow/.local/lib/python3.12/site-packages/airflow/example_dags/example_kubernetes_executor.py
[2025-03-30T14:15:20.874+0000] {processor.py:925} INFO - DAG(s) 'example_kubernetes_executor' retrieved from /home/airflow/.local/lib/python3.12/site-packages/airflow/example_dags/example_kubernetes_executor.py
[2025-03-30T14:15:20.896+0000] {logging_mixin.py:190} INFO - [2025-03-30T14:15:20.895+0000] {dag.py:3239} INFO - Sync 1 DAGs
[2025-03-30T14:15:20.908+0000] {logging_mixin.py:190} INFO - [2025-03-30T14:15:20.908+0000] {dag.py:4180} INFO - Setting next_dagrun for example_kubernetes_executor to None, run_after=None
[2025-03-30T14:15:20.923+0000] {processor.py:208} INFO - Processing /home/airflow/.local/lib/python3.12/site-packages/airflow/example_dags/example_kubernetes_executor.py took 0.071 seconds
[2025-03-30T14:15:51.126+0000] {processor.py:186} INFO - Started process (PID=2829) to work on /home/airflow/.local/lib/python3.12/site-packages/airflow/example_dags/example_kubernetes_executor.py
[2025-03-30T14:15:51.126+0000] {processor.py:914} INFO - Processing file /home/airflow/.local/lib/python3.12/site-packages/airflow/example_dags/example_kubernetes_executor.py for tasks to queue
[2025-03-30T14:15:51.128+0000] {logging_mixin.py:190} INFO - [2025-03-30T14:15:51.127+0000] {dagbag.py:588} INFO - Filling up the DagBag from /home/airflow/.local/lib/python3.12/site-packages/airflow/example_dags/example_kubernetes_executor.py
[2025-03-30T14:15:51.140+0000] {processor.py:925} INFO - DAG(s) 'example_kubernetes_executor' retrieved from /home/airflow/.local/lib/python3.12/site-packages/airflow/example_dags/example_kubernetes_executor.py
[2025-03-30T14:15:51.163+0000] {logging_mixin.py:190} INFO - [2025-03-30T14:15:51.163+0000] {dag.py:3239} INFO - Sync 1 DAGs
[2025-03-30T14:15:51.176+0000] {logging_mixin.py:190} INFO - [2025-03-30T14:15:51.176+0000] {dag.py:4180} INFO - Setting next_dagrun for example_kubernetes_executor to None, run_after=None
[2025-03-30T14:15:51.193+0000] {processor.py:208} INFO - Processing /home/airflow/.local/lib/python3.12/site-packages/airflow/example_dags/example_kubernetes_executor.py took 0.075 seconds
[2025-03-30T14:16:21.806+0000] {processor.py:186} INFO - Started process (PID=2904) to work on /home/airflow/.local/lib/python3.12/site-packages/airflow/example_dags/example_kubernetes_executor.py
[2025-03-30T14:16:21.807+0000] {processor.py:914} INFO - Processing file /home/airflow/.local/lib/python3.12/site-packages/airflow/example_dags/example_kubernetes_executor.py for tasks to queue
[2025-03-30T14:16:21.808+0000] {logging_mixin.py:190} INFO - [2025-03-30T14:16:21.808+0000] {dagbag.py:588} INFO - Filling up the DagBag from /home/airflow/.local/lib/python3.12/site-packages/airflow/example_dags/example_kubernetes_executor.py
[2025-03-30T14:16:21.820+0000] {processor.py:925} INFO - DAG(s) 'example_kubernetes_executor' retrieved from /home/airflow/.local/lib/python3.12/site-packages/airflow/example_dags/example_kubernetes_executor.py
[2025-03-30T14:16:21.842+0000] {logging_mixin.py:190} INFO - [2025-03-30T14:16:21.842+0000] {dag.py:3239} INFO - Sync 1 DAGs
[2025-03-30T14:16:21.858+0000] {logging_mixin.py:190} INFO - [2025-03-30T14:16:21.858+0000] {dag.py:4180} INFO - Setting next_dagrun for example_kubernetes_executor to None, run_after=None
[2025-03-30T14:16:21.878+0000] {processor.py:208} INFO - Processing /home/airflow/.local/lib/python3.12/site-packages/airflow/example_dags/example_kubernetes_executor.py took 0.079 seconds
[2025-03-30T14:16:52.117+0000] {processor.py:186} INFO - Started process (PID=2979) to work on /home/airflow/.local/lib/python3.12/site-packages/airflow/example_dags/example_kubernetes_executor.py
[2025-03-30T14:16:52.118+0000] {processor.py:914} INFO - Processing file /home/airflow/.local/lib/python3.12/site-packages/airflow/example_dags/example_kubernetes_executor.py for tasks to queue
[2025-03-30T14:16:52.119+0000] {logging_mixin.py:190} INFO - [2025-03-30T14:16:52.119+0000] {dagbag.py:588} INFO - Filling up the DagBag from /home/airflow/.local/lib/python3.12/site-packages/airflow/example_dags/example_kubernetes_executor.py
[2025-03-30T14:16:52.132+0000] {processor.py:925} INFO - DAG(s) 'example_kubernetes_executor' retrieved from /home/airflow/.local/lib/python3.12/site-packages/airflow/example_dags/example_kubernetes_executor.py
[2025-03-30T14:16:52.155+0000] {logging_mixin.py:190} INFO - [2025-03-30T14:16:52.154+0000] {dag.py:3239} INFO - Sync 1 DAGs
[2025-03-30T14:16:52.167+0000] {logging_mixin.py:190} INFO - [2025-03-30T14:16:52.166+0000] {dag.py:4180} INFO - Setting next_dagrun for example_kubernetes_executor to None, run_after=None
[2025-03-30T14:16:52.188+0000] {processor.py:208} INFO - Processing /home/airflow/.local/lib/python3.12/site-packages/airflow/example_dags/example_kubernetes_executor.py took 0.079 seconds
[2025-03-30T14:17:22.351+0000] {processor.py:186} INFO - Started process (PID=3054) to work on /home/airflow/.local/lib/python3.12/site-packages/airflow/example_dags/example_kubernetes_executor.py
[2025-03-30T14:17:22.352+0000] {processor.py:914} INFO - Processing file /home/airflow/.local/lib/python3.12/site-packages/airflow/example_dags/example_kubernetes_executor.py for tasks to queue
[2025-03-30T14:17:22.353+0000] {logging_mixin.py:190} INFO - [2025-03-30T14:17:22.353+0000] {dagbag.py:588} INFO - Filling up the DagBag from /home/airflow/.local/lib/python3.12/site-packages/airflow/example_dags/example_kubernetes_executor.py
[2025-03-30T14:17:22.370+0000] {processor.py:925} INFO - DAG(s) 'example_kubernetes_executor' retrieved from /home/airflow/.local/lib/python3.12/site-packages/airflow/example_dags/example_kubernetes_executor.py
[2025-03-30T14:17:22.391+0000] {logging_mixin.py:190} INFO - [2025-03-30T14:17:22.391+0000] {dag.py:3239} INFO - Sync 1 DAGs
[2025-03-30T14:17:22.405+0000] {logging_mixin.py:190} INFO - [2025-03-30T14:17:22.405+0000] {dag.py:4180} INFO - Setting next_dagrun for example_kubernetes_executor to None, run_after=None
[2025-03-30T14:17:22.425+0000] {processor.py:208} INFO - Processing /home/airflow/.local/lib/python3.12/site-packages/airflow/example_dags/example_kubernetes_executor.py took 0.082 seconds
[2025-03-30T14:17:52.874+0000] {processor.py:186} INFO - Started process (PID=3129) to work on /home/airflow/.local/lib/python3.12/site-packages/airflow/example_dags/example_kubernetes_executor.py
[2025-03-30T14:17:52.875+0000] {processor.py:914} INFO - Processing file /home/airflow/.local/lib/python3.12/site-packages/airflow/example_dags/example_kubernetes_executor.py for tasks to queue
[2025-03-30T14:17:52.876+0000] {logging_mixin.py:190} INFO - [2025-03-30T14:17:52.876+0000] {dagbag.py:588} INFO - Filling up the DagBag from /home/airflow/.local/lib/python3.12/site-packages/airflow/example_dags/example_kubernetes_executor.py
[2025-03-30T14:17:52.889+0000] {processor.py:925} INFO - DAG(s) 'example_kubernetes_executor' retrieved from /home/airflow/.local/lib/python3.12/site-packages/airflow/example_dags/example_kubernetes_executor.py
[2025-03-30T14:17:52.909+0000] {logging_mixin.py:190} INFO - [2025-03-30T14:17:52.909+0000] {dag.py:3239} INFO - Sync 1 DAGs
[2025-03-30T14:17:52.922+0000] {logging_mixin.py:190} INFO - [2025-03-30T14:17:52.921+0000] {dag.py:4180} INFO - Setting next_dagrun for example_kubernetes_executor to None, run_after=None
[2025-03-30T14:17:52.946+0000] {processor.py:208} INFO - Processing /home/airflow/.local/lib/python3.12/site-packages/airflow/example_dags/example_kubernetes_executor.py took 0.078 seconds
[2025-03-30T14:18:23.233+0000] {processor.py:186} INFO - Started process (PID=3204) to work on /home/airflow/.local/lib/python3.12/site-packages/airflow/example_dags/example_kubernetes_executor.py
[2025-03-30T14:18:23.234+0000] {processor.py:914} INFO - Processing file /home/airflow/.local/lib/python3.12/site-packages/airflow/example_dags/example_kubernetes_executor.py for tasks to queue
[2025-03-30T14:18:23.236+0000] {logging_mixin.py:190} INFO - [2025-03-30T14:18:23.236+0000] {dagbag.py:588} INFO - Filling up the DagBag from /home/airflow/.local/lib/python3.12/site-packages/airflow/example_dags/example_kubernetes_executor.py
[2025-03-30T14:18:23.253+0000] {processor.py:925} INFO - DAG(s) 'example_kubernetes_executor' retrieved from /home/airflow/.local/lib/python3.12/site-packages/airflow/example_dags/example_kubernetes_executor.py
[2025-03-30T14:18:23.277+0000] {logging_mixin.py:190} INFO - [2025-03-30T14:18:23.276+0000] {dag.py:3239} INFO - Sync 1 DAGs
[2025-03-30T14:18:23.291+0000] {logging_mixin.py:190} INFO - [2025-03-30T14:18:23.291+0000] {dag.py:4180} INFO - Setting next_dagrun for example_kubernetes_executor to None, run_after=None
[2025-03-30T14:18:23.315+0000] {processor.py:208} INFO - Processing /home/airflow/.local/lib/python3.12/site-packages/airflow/example_dags/example_kubernetes_executor.py took 0.090 seconds
