[2025-03-30T13:57:15.974+0000] {processor.py:186} INFO - Started process (PID=81) to work on /home/airflow/.local/lib/python3.12/site-packages/airflow/example_dags/example_latest_only.py
[2025-03-30T13:57:15.975+0000] {processor.py:914} INFO - Processing file /home/airflow/.local/lib/python3.12/site-packages/airflow/example_dags/example_latest_only.py for tasks to queue
[2025-03-30T13:57:15.977+0000] {logging_mixin.py:190} INFO - [2025-03-30T13:57:15.977+0000] {dagbag.py:588} INFO - Filling up the DagBag from /home/airflow/.local/lib/python3.12/site-packages/airflow/example_dags/example_latest_only.py
[2025-03-30T13:57:15.985+0000] {processor.py:925} INFO - DAG(s) 'latest_only' retrieved from /home/airflow/.local/lib/python3.12/site-packages/airflow/example_dags/example_latest_only.py
[2025-03-30T13:57:16.013+0000] {logging_mixin.py:190} INFO - [2025-03-30T13:57:16.013+0000] {dag.py:3239} INFO - Sync 1 DAGs
[2025-03-30T13:57:16.037+0000] {logging_mixin.py:190} INFO - [2025-03-30T13:57:16.036+0000] {dag.py:4180} INFO - Setting next_dagrun for latest_only to 2025-03-30 08:00:00+00:00, run_after=2025-03-30 12:00:00+00:00
[2025-03-30T13:57:16.054+0000] {processor.py:208} INFO - Processing /home/airflow/.local/lib/python3.12/site-packages/airflow/example_dags/example_latest_only.py took 0.086 seconds
[2025-03-30T13:57:46.964+0000] {processor.py:186} INFO - Started process (PID=156) to work on /home/airflow/.local/lib/python3.12/site-packages/airflow/example_dags/example_latest_only.py
[2025-03-30T13:57:46.965+0000] {processor.py:914} INFO - Processing file /home/airflow/.local/lib/python3.12/site-packages/airflow/example_dags/example_latest_only.py for tasks to queue
[2025-03-30T13:57:46.969+0000] {logging_mixin.py:190} INFO - [2025-03-30T13:57:46.968+0000] {dagbag.py:588} INFO - Filling up the DagBag from /home/airflow/.local/lib/python3.12/site-packages/airflow/example_dags/example_latest_only.py
[2025-03-30T13:57:46.979+0000] {processor.py:925} INFO - DAG(s) 'latest_only' retrieved from /home/airflow/.local/lib/python3.12/site-packages/airflow/example_dags/example_latest_only.py
[2025-03-30T13:57:47.005+0000] {logging_mixin.py:190} INFO - [2025-03-30T13:57:47.004+0000] {dag.py:3239} INFO - Sync 1 DAGs
[2025-03-30T13:57:47.035+0000] {logging_mixin.py:190} INFO - [2025-03-30T13:57:47.035+0000] {dag.py:4180} INFO - Setting next_dagrun for latest_only to 2025-03-30 08:00:00+00:00, run_after=2025-03-30 12:00:00+00:00
[2025-03-30T13:57:47.065+0000] {processor.py:208} INFO - Processing /home/airflow/.local/lib/python3.12/site-packages/airflow/example_dags/example_latest_only.py took 0.107 seconds
[2025-03-30T13:58:17.581+0000] {processor.py:186} INFO - Started process (PID=231) to work on /home/airflow/.local/lib/python3.12/site-packages/airflow/example_dags/example_latest_only.py
[2025-03-30T13:58:17.582+0000] {processor.py:914} INFO - Processing file /home/airflow/.local/lib/python3.12/site-packages/airflow/example_dags/example_latest_only.py for tasks to queue
[2025-03-30T13:58:17.584+0000] {logging_mixin.py:190} INFO - [2025-03-30T13:58:17.584+0000] {dagbag.py:588} INFO - Filling up the DagBag from /home/airflow/.local/lib/python3.12/site-packages/airflow/example_dags/example_latest_only.py
[2025-03-30T13:58:17.589+0000] {processor.py:925} INFO - DAG(s) 'latest_only' retrieved from /home/airflow/.local/lib/python3.12/site-packages/airflow/example_dags/example_latest_only.py
[2025-03-30T13:58:17.606+0000] {logging_mixin.py:190} INFO - [2025-03-30T13:58:17.605+0000] {dag.py:3239} INFO - Sync 1 DAGs
[2025-03-30T13:58:17.623+0000] {logging_mixin.py:190} INFO - [2025-03-30T13:58:17.623+0000] {dag.py:4180} INFO - Setting next_dagrun for latest_only to 2025-03-30 08:00:00+00:00, run_after=2025-03-30 12:00:00+00:00
[2025-03-30T13:58:17.636+0000] {processor.py:208} INFO - Processing /home/airflow/.local/lib/python3.12/site-packages/airflow/example_dags/example_latest_only.py took 0.059 seconds
[2025-03-30T13:58:48.213+0000] {processor.py:186} INFO - Started process (PID=294) to work on /home/airflow/.local/lib/python3.12/site-packages/airflow/example_dags/example_latest_only.py
[2025-03-30T13:58:48.214+0000] {processor.py:914} INFO - Processing file /home/airflow/.local/lib/python3.12/site-packages/airflow/example_dags/example_latest_only.py for tasks to queue
[2025-03-30T13:58:48.217+0000] {logging_mixin.py:190} INFO - [2025-03-30T13:58:48.216+0000] {dagbag.py:588} INFO - Filling up the DagBag from /home/airflow/.local/lib/python3.12/site-packages/airflow/example_dags/example_latest_only.py
[2025-03-30T13:58:48.224+0000] {processor.py:925} INFO - DAG(s) 'latest_only' retrieved from /home/airflow/.local/lib/python3.12/site-packages/airflow/example_dags/example_latest_only.py
[2025-03-30T13:58:48.241+0000] {logging_mixin.py:190} INFO - [2025-03-30T13:58:48.241+0000] {dag.py:3239} INFO - Sync 1 DAGs
[2025-03-30T13:58:48.265+0000] {logging_mixin.py:190} INFO - [2025-03-30T13:58:48.265+0000] {dag.py:4180} INFO - Setting next_dagrun for latest_only to 2025-03-30 08:00:00+00:00, run_after=2025-03-30 12:00:00+00:00
[2025-03-30T13:58:48.283+0000] {processor.py:208} INFO - Processing /home/airflow/.local/lib/python3.12/site-packages/airflow/example_dags/example_latest_only.py took 0.075 seconds
[2025-03-30T13:59:18.842+0000] {processor.py:186} INFO - Started process (PID=369) to work on /home/airflow/.local/lib/python3.12/site-packages/airflow/example_dags/example_latest_only.py
[2025-03-30T13:59:18.843+0000] {processor.py:914} INFO - Processing file /home/airflow/.local/lib/python3.12/site-packages/airflow/example_dags/example_latest_only.py for tasks to queue
[2025-03-30T13:59:18.846+0000] {logging_mixin.py:190} INFO - [2025-03-30T13:59:18.846+0000] {dagbag.py:588} INFO - Filling up the DagBag from /home/airflow/.local/lib/python3.12/site-packages/airflow/example_dags/example_latest_only.py
[2025-03-30T13:59:18.857+0000] {processor.py:925} INFO - DAG(s) 'latest_only' retrieved from /home/airflow/.local/lib/python3.12/site-packages/airflow/example_dags/example_latest_only.py
[2025-03-30T13:59:18.882+0000] {logging_mixin.py:190} INFO - [2025-03-30T13:59:18.881+0000] {dag.py:3239} INFO - Sync 1 DAGs
[2025-03-30T13:59:18.910+0000] {logging_mixin.py:190} INFO - [2025-03-30T13:59:18.910+0000] {dag.py:4180} INFO - Setting next_dagrun for latest_only to 2025-03-30 08:00:00+00:00, run_after=2025-03-30 12:00:00+00:00
[2025-03-30T13:59:18.931+0000] {processor.py:208} INFO - Processing /home/airflow/.local/lib/python3.12/site-packages/airflow/example_dags/example_latest_only.py took 0.095 seconds
[2025-03-30T13:59:49.261+0000] {processor.py:186} INFO - Started process (PID=444) to work on /home/airflow/.local/lib/python3.12/site-packages/airflow/example_dags/example_latest_only.py
[2025-03-30T13:59:49.262+0000] {processor.py:914} INFO - Processing file /home/airflow/.local/lib/python3.12/site-packages/airflow/example_dags/example_latest_only.py for tasks to queue
[2025-03-30T13:59:49.264+0000] {logging_mixin.py:190} INFO - [2025-03-30T13:59:49.263+0000] {dagbag.py:588} INFO - Filling up the DagBag from /home/airflow/.local/lib/python3.12/site-packages/airflow/example_dags/example_latest_only.py
[2025-03-30T13:59:49.269+0000] {processor.py:925} INFO - DAG(s) 'latest_only' retrieved from /home/airflow/.local/lib/python3.12/site-packages/airflow/example_dags/example_latest_only.py
[2025-03-30T13:59:49.285+0000] {logging_mixin.py:190} INFO - [2025-03-30T13:59:49.285+0000] {dag.py:3239} INFO - Sync 1 DAGs
[2025-03-30T13:59:49.308+0000] {logging_mixin.py:190} INFO - [2025-03-30T13:59:49.308+0000] {dag.py:4180} INFO - Setting next_dagrun for latest_only to 2025-03-30 08:00:00+00:00, run_after=2025-03-30 12:00:00+00:00
[2025-03-30T13:59:49.322+0000] {processor.py:208} INFO - Processing /home/airflow/.local/lib/python3.12/site-packages/airflow/example_dags/example_latest_only.py took 0.066 seconds
[2025-03-30T14:00:19.409+0000] {processor.py:186} INFO - Started process (PID=531) to work on /home/airflow/.local/lib/python3.12/site-packages/airflow/example_dags/example_latest_only.py
[2025-03-30T14:00:19.410+0000] {processor.py:914} INFO - Processing file /home/airflow/.local/lib/python3.12/site-packages/airflow/example_dags/example_latest_only.py for tasks to queue
[2025-03-30T14:00:19.413+0000] {logging_mixin.py:190} INFO - [2025-03-30T14:00:19.412+0000] {dagbag.py:588} INFO - Filling up the DagBag from /home/airflow/.local/lib/python3.12/site-packages/airflow/example_dags/example_latest_only.py
[2025-03-30T14:00:19.421+0000] {processor.py:925} INFO - DAG(s) 'latest_only' retrieved from /home/airflow/.local/lib/python3.12/site-packages/airflow/example_dags/example_latest_only.py
[2025-03-30T14:00:19.440+0000] {logging_mixin.py:190} INFO - [2025-03-30T14:00:19.440+0000] {dag.py:3239} INFO - Sync 1 DAGs
[2025-03-30T14:00:19.464+0000] {logging_mixin.py:190} INFO - [2025-03-30T14:00:19.464+0000] {dag.py:4180} INFO - Setting next_dagrun for latest_only to 2025-03-30 08:00:00+00:00, run_after=2025-03-30 12:00:00+00:00
[2025-03-30T14:00:19.477+0000] {processor.py:208} INFO - Processing /home/airflow/.local/lib/python3.12/site-packages/airflow/example_dags/example_latest_only.py took 0.076 seconds
[2025-03-30T14:00:50.147+0000] {processor.py:186} INFO - Started process (PID=606) to work on /home/airflow/.local/lib/python3.12/site-packages/airflow/example_dags/example_latest_only.py
[2025-03-30T14:00:50.148+0000] {processor.py:914} INFO - Processing file /home/airflow/.local/lib/python3.12/site-packages/airflow/example_dags/example_latest_only.py for tasks to queue
[2025-03-30T14:00:50.150+0000] {logging_mixin.py:190} INFO - [2025-03-30T14:00:50.149+0000] {dagbag.py:588} INFO - Filling up the DagBag from /home/airflow/.local/lib/python3.12/site-packages/airflow/example_dags/example_latest_only.py
[2025-03-30T14:00:50.156+0000] {processor.py:925} INFO - DAG(s) 'latest_only' retrieved from /home/airflow/.local/lib/python3.12/site-packages/airflow/example_dags/example_latest_only.py
[2025-03-30T14:00:50.172+0000] {logging_mixin.py:190} INFO - [2025-03-30T14:00:50.171+0000] {dag.py:3239} INFO - Sync 1 DAGs
[2025-03-30T14:00:50.191+0000] {logging_mixin.py:190} INFO - [2025-03-30T14:00:50.191+0000] {dag.py:4180} INFO - Setting next_dagrun for latest_only to 2025-03-30 08:00:00+00:00, run_after=2025-03-30 12:00:00+00:00
[2025-03-30T14:00:50.204+0000] {processor.py:208} INFO - Processing /home/airflow/.local/lib/python3.12/site-packages/airflow/example_dags/example_latest_only.py took 0.062 seconds
[2025-03-30T14:01:21.032+0000] {processor.py:186} INFO - Started process (PID=681) to work on /home/airflow/.local/lib/python3.12/site-packages/airflow/example_dags/example_latest_only.py
[2025-03-30T14:01:21.033+0000] {processor.py:914} INFO - Processing file /home/airflow/.local/lib/python3.12/site-packages/airflow/example_dags/example_latest_only.py for tasks to queue
[2025-03-30T14:01:21.035+0000] {logging_mixin.py:190} INFO - [2025-03-30T14:01:21.035+0000] {dagbag.py:588} INFO - Filling up the DagBag from /home/airflow/.local/lib/python3.12/site-packages/airflow/example_dags/example_latest_only.py
[2025-03-30T14:01:21.044+0000] {processor.py:925} INFO - DAG(s) 'latest_only' retrieved from /home/airflow/.local/lib/python3.12/site-packages/airflow/example_dags/example_latest_only.py
[2025-03-30T14:01:21.066+0000] {logging_mixin.py:190} INFO - [2025-03-30T14:01:21.066+0000] {dag.py:3239} INFO - Sync 1 DAGs
[2025-03-30T14:01:21.094+0000] {logging_mixin.py:190} INFO - [2025-03-30T14:01:21.093+0000] {dag.py:4180} INFO - Setting next_dagrun for latest_only to 2025-03-30 08:00:00+00:00, run_after=2025-03-30 12:00:00+00:00
[2025-03-30T14:01:21.116+0000] {processor.py:208} INFO - Processing /home/airflow/.local/lib/python3.12/site-packages/airflow/example_dags/example_latest_only.py took 0.091 seconds
[2025-03-30T14:01:51.388+0000] {processor.py:186} INFO - Started process (PID=768) to work on /home/airflow/.local/lib/python3.12/site-packages/airflow/example_dags/example_latest_only.py
[2025-03-30T14:01:51.389+0000] {processor.py:914} INFO - Processing file /home/airflow/.local/lib/python3.12/site-packages/airflow/example_dags/example_latest_only.py for tasks to queue
[2025-03-30T14:01:51.391+0000] {logging_mixin.py:190} INFO - [2025-03-30T14:01:51.391+0000] {dagbag.py:588} INFO - Filling up the DagBag from /home/airflow/.local/lib/python3.12/site-packages/airflow/example_dags/example_latest_only.py
[2025-03-30T14:01:51.398+0000] {processor.py:925} INFO - DAG(s) 'latest_only' retrieved from /home/airflow/.local/lib/python3.12/site-packages/airflow/example_dags/example_latest_only.py
[2025-03-30T14:01:51.416+0000] {logging_mixin.py:190} INFO - [2025-03-30T14:01:51.416+0000] {dag.py:3239} INFO - Sync 1 DAGs
[2025-03-30T14:01:51.440+0000] {logging_mixin.py:190} INFO - [2025-03-30T14:01:51.439+0000] {dag.py:4180} INFO - Setting next_dagrun for latest_only to 2025-03-30 08:00:00+00:00, run_after=2025-03-30 12:00:00+00:00
[2025-03-30T14:01:51.458+0000] {processor.py:208} INFO - Processing /home/airflow/.local/lib/python3.12/site-packages/airflow/example_dags/example_latest_only.py took 0.075 seconds
[2025-03-30T14:02:22.700+0000] {processor.py:186} INFO - Started process (PID=843) to work on /home/airflow/.local/lib/python3.12/site-packages/airflow/example_dags/example_latest_only.py
[2025-03-30T14:02:22.701+0000] {processor.py:914} INFO - Processing file /home/airflow/.local/lib/python3.12/site-packages/airflow/example_dags/example_latest_only.py for tasks to queue
[2025-03-30T14:02:22.703+0000] {logging_mixin.py:190} INFO - [2025-03-30T14:02:22.703+0000] {dagbag.py:588} INFO - Filling up the DagBag from /home/airflow/.local/lib/python3.12/site-packages/airflow/example_dags/example_latest_only.py
[2025-03-30T14:02:22.711+0000] {processor.py:925} INFO - DAG(s) 'latest_only' retrieved from /home/airflow/.local/lib/python3.12/site-packages/airflow/example_dags/example_latest_only.py
[2025-03-30T14:02:22.729+0000] {logging_mixin.py:190} INFO - [2025-03-30T14:02:22.729+0000] {dag.py:3239} INFO - Sync 1 DAGs
[2025-03-30T14:02:22.750+0000] {logging_mixin.py:190} INFO - [2025-03-30T14:02:22.750+0000] {dag.py:4180} INFO - Setting next_dagrun for latest_only to 2025-03-30 08:00:00+00:00, run_after=2025-03-30 12:00:00+00:00
[2025-03-30T14:02:22.766+0000] {processor.py:208} INFO - Processing /home/airflow/.local/lib/python3.12/site-packages/airflow/example_dags/example_latest_only.py took 0.070 seconds
[2025-03-30T14:02:52.959+0000] {processor.py:186} INFO - Started process (PID=918) to work on /home/airflow/.local/lib/python3.12/site-packages/airflow/example_dags/example_latest_only.py
[2025-03-30T14:02:52.959+0000] {processor.py:914} INFO - Processing file /home/airflow/.local/lib/python3.12/site-packages/airflow/example_dags/example_latest_only.py for tasks to queue
[2025-03-30T14:02:52.961+0000] {logging_mixin.py:190} INFO - [2025-03-30T14:02:52.961+0000] {dagbag.py:588} INFO - Filling up the DagBag from /home/airflow/.local/lib/python3.12/site-packages/airflow/example_dags/example_latest_only.py
[2025-03-30T14:02:52.967+0000] {processor.py:925} INFO - DAG(s) 'latest_only' retrieved from /home/airflow/.local/lib/python3.12/site-packages/airflow/example_dags/example_latest_only.py
[2025-03-30T14:02:52.984+0000] {logging_mixin.py:190} INFO - [2025-03-30T14:02:52.983+0000] {dag.py:3239} INFO - Sync 1 DAGs
[2025-03-30T14:02:53.001+0000] {logging_mixin.py:190} INFO - [2025-03-30T14:02:53.001+0000] {dag.py:4180} INFO - Setting next_dagrun for latest_only to 2025-03-30 08:00:00+00:00, run_after=2025-03-30 12:00:00+00:00
[2025-03-30T14:02:53.016+0000] {processor.py:208} INFO - Processing /home/airflow/.local/lib/python3.12/site-packages/airflow/example_dags/example_latest_only.py took 0.062 seconds
[2025-03-30T14:03:23.342+0000] {processor.py:186} INFO - Started process (PID=981) to work on /home/airflow/.local/lib/python3.12/site-packages/airflow/example_dags/example_latest_only.py
[2025-03-30T14:03:23.343+0000] {processor.py:914} INFO - Processing file /home/airflow/.local/lib/python3.12/site-packages/airflow/example_dags/example_latest_only.py for tasks to queue
[2025-03-30T14:03:23.345+0000] {logging_mixin.py:190} INFO - [2025-03-30T14:03:23.344+0000] {dagbag.py:588} INFO - Filling up the DagBag from /home/airflow/.local/lib/python3.12/site-packages/airflow/example_dags/example_latest_only.py
[2025-03-30T14:03:23.351+0000] {processor.py:925} INFO - DAG(s) 'latest_only' retrieved from /home/airflow/.local/lib/python3.12/site-packages/airflow/example_dags/example_latest_only.py
[2025-03-30T14:03:23.366+0000] {logging_mixin.py:190} INFO - [2025-03-30T14:03:23.365+0000] {dag.py:3239} INFO - Sync 1 DAGs
[2025-03-30T14:03:23.388+0000] {logging_mixin.py:190} INFO - [2025-03-30T14:03:23.388+0000] {dag.py:4180} INFO - Setting next_dagrun for latest_only to 2025-03-30 08:00:00+00:00, run_after=2025-03-30 12:00:00+00:00
[2025-03-30T14:03:23.403+0000] {processor.py:208} INFO - Processing /home/airflow/.local/lib/python3.12/site-packages/airflow/example_dags/example_latest_only.py took 0.065 seconds
[2025-03-30T14:03:53.822+0000] {processor.py:186} INFO - Started process (PID=1056) to work on /home/airflow/.local/lib/python3.12/site-packages/airflow/example_dags/example_latest_only.py
[2025-03-30T14:03:53.823+0000] {processor.py:914} INFO - Processing file /home/airflow/.local/lib/python3.12/site-packages/airflow/example_dags/example_latest_only.py for tasks to queue
[2025-03-30T14:03:53.824+0000] {logging_mixin.py:190} INFO - [2025-03-30T14:03:53.824+0000] {dagbag.py:588} INFO - Filling up the DagBag from /home/airflow/.local/lib/python3.12/site-packages/airflow/example_dags/example_latest_only.py
[2025-03-30T14:03:53.831+0000] {processor.py:925} INFO - DAG(s) 'latest_only' retrieved from /home/airflow/.local/lib/python3.12/site-packages/airflow/example_dags/example_latest_only.py
[2025-03-30T14:03:53.847+0000] {logging_mixin.py:190} INFO - [2025-03-30T14:03:53.847+0000] {dag.py:3239} INFO - Sync 1 DAGs
[2025-03-30T14:03:53.866+0000] {logging_mixin.py:190} INFO - [2025-03-30T14:03:53.866+0000] {dag.py:4180} INFO - Setting next_dagrun for latest_only to 2025-03-30 08:00:00+00:00, run_after=2025-03-30 12:00:00+00:00
[2025-03-30T14:03:53.881+0000] {processor.py:208} INFO - Processing /home/airflow/.local/lib/python3.12/site-packages/airflow/example_dags/example_latest_only.py took 0.064 seconds
[2025-03-30T14:04:24.363+0000] {processor.py:186} INFO - Started process (PID=1131) to work on /home/airflow/.local/lib/python3.12/site-packages/airflow/example_dags/example_latest_only.py
[2025-03-30T14:04:24.365+0000] {processor.py:914} INFO - Processing file /home/airflow/.local/lib/python3.12/site-packages/airflow/example_dags/example_latest_only.py for tasks to queue
[2025-03-30T14:04:24.368+0000] {logging_mixin.py:190} INFO - [2025-03-30T14:04:24.367+0000] {dagbag.py:588} INFO - Filling up the DagBag from /home/airflow/.local/lib/python3.12/site-packages/airflow/example_dags/example_latest_only.py
[2025-03-30T14:04:24.376+0000] {processor.py:925} INFO - DAG(s) 'latest_only' retrieved from /home/airflow/.local/lib/python3.12/site-packages/airflow/example_dags/example_latest_only.py
[2025-03-30T14:04:24.401+0000] {logging_mixin.py:190} INFO - [2025-03-30T14:04:24.401+0000] {dag.py:3239} INFO - Sync 1 DAGs
[2025-03-30T14:04:24.423+0000] {logging_mixin.py:190} INFO - [2025-03-30T14:04:24.423+0000] {dag.py:4180} INFO - Setting next_dagrun for latest_only to 2025-03-30 08:00:00+00:00, run_after=2025-03-30 12:00:00+00:00
[2025-03-30T14:04:24.445+0000] {processor.py:208} INFO - Processing /home/airflow/.local/lib/python3.12/site-packages/airflow/example_dags/example_latest_only.py took 0.088 seconds
[2025-03-30T14:04:55.370+0000] {processor.py:186} INFO - Started process (PID=1218) to work on /home/airflow/.local/lib/python3.12/site-packages/airflow/example_dags/example_latest_only.py
[2025-03-30T14:04:55.371+0000] {processor.py:914} INFO - Processing file /home/airflow/.local/lib/python3.12/site-packages/airflow/example_dags/example_latest_only.py for tasks to queue
[2025-03-30T14:04:55.373+0000] {logging_mixin.py:190} INFO - [2025-03-30T14:04:55.373+0000] {dagbag.py:588} INFO - Filling up the DagBag from /home/airflow/.local/lib/python3.12/site-packages/airflow/example_dags/example_latest_only.py
[2025-03-30T14:04:55.380+0000] {processor.py:925} INFO - DAG(s) 'latest_only' retrieved from /home/airflow/.local/lib/python3.12/site-packages/airflow/example_dags/example_latest_only.py
[2025-03-30T14:04:55.398+0000] {logging_mixin.py:190} INFO - [2025-03-30T14:04:55.398+0000] {dag.py:3239} INFO - Sync 1 DAGs
[2025-03-30T14:04:55.426+0000] {logging_mixin.py:190} INFO - [2025-03-30T14:04:55.425+0000] {dag.py:4180} INFO - Setting next_dagrun for latest_only to 2025-03-30 08:00:00+00:00, run_after=2025-03-30 12:00:00+00:00
[2025-03-30T14:04:55.447+0000] {processor.py:208} INFO - Processing /home/airflow/.local/lib/python3.12/site-packages/airflow/example_dags/example_latest_only.py took 0.081 seconds
[2025-03-30T14:05:25.503+0000] {processor.py:186} INFO - Started process (PID=1293) to work on /home/airflow/.local/lib/python3.12/site-packages/airflow/example_dags/example_latest_only.py
[2025-03-30T14:05:25.504+0000] {processor.py:914} INFO - Processing file /home/airflow/.local/lib/python3.12/site-packages/airflow/example_dags/example_latest_only.py for tasks to queue
[2025-03-30T14:05:25.506+0000] {logging_mixin.py:190} INFO - [2025-03-30T14:05:25.506+0000] {dagbag.py:588} INFO - Filling up the DagBag from /home/airflow/.local/lib/python3.12/site-packages/airflow/example_dags/example_latest_only.py
[2025-03-30T14:05:25.513+0000] {processor.py:925} INFO - DAG(s) 'latest_only' retrieved from /home/airflow/.local/lib/python3.12/site-packages/airflow/example_dags/example_latest_only.py
[2025-03-30T14:05:25.532+0000] {logging_mixin.py:190} INFO - [2025-03-30T14:05:25.531+0000] {dag.py:3239} INFO - Sync 1 DAGs
[2025-03-30T14:05:25.551+0000] {logging_mixin.py:190} INFO - [2025-03-30T14:05:25.551+0000] {dag.py:4180} INFO - Setting next_dagrun for latest_only to 2025-03-30 08:00:00+00:00, run_after=2025-03-30 12:00:00+00:00
[2025-03-30T14:05:25.569+0000] {processor.py:208} INFO - Processing /home/airflow/.local/lib/python3.12/site-packages/airflow/example_dags/example_latest_only.py took 0.073 seconds
[2025-03-30T14:05:55.612+0000] {processor.py:186} INFO - Started process (PID=1368) to work on /home/airflow/.local/lib/python3.12/site-packages/airflow/example_dags/example_latest_only.py
[2025-03-30T14:05:55.613+0000] {processor.py:914} INFO - Processing file /home/airflow/.local/lib/python3.12/site-packages/airflow/example_dags/example_latest_only.py for tasks to queue
[2025-03-30T14:05:55.615+0000] {logging_mixin.py:190} INFO - [2025-03-30T14:05:55.615+0000] {dagbag.py:588} INFO - Filling up the DagBag from /home/airflow/.local/lib/python3.12/site-packages/airflow/example_dags/example_latest_only.py
[2025-03-30T14:05:55.621+0000] {processor.py:925} INFO - DAG(s) 'latest_only' retrieved from /home/airflow/.local/lib/python3.12/site-packages/airflow/example_dags/example_latest_only.py
[2025-03-30T14:05:55.635+0000] {logging_mixin.py:190} INFO - [2025-03-30T14:05:55.635+0000] {dag.py:3239} INFO - Sync 1 DAGs
[2025-03-30T14:05:55.652+0000] {logging_mixin.py:190} INFO - [2025-03-30T14:05:55.652+0000] {dag.py:4180} INFO - Setting next_dagrun for latest_only to 2025-03-30 08:00:00+00:00, run_after=2025-03-30 12:00:00+00:00
[2025-03-30T14:05:55.666+0000] {processor.py:208} INFO - Processing /home/airflow/.local/lib/python3.12/site-packages/airflow/example_dags/example_latest_only.py took 0.058 seconds
[2025-03-30T14:06:25.854+0000] {processor.py:186} INFO - Started process (PID=1443) to work on /home/airflow/.local/lib/python3.12/site-packages/airflow/example_dags/example_latest_only.py
[2025-03-30T14:06:25.855+0000] {processor.py:914} INFO - Processing file /home/airflow/.local/lib/python3.12/site-packages/airflow/example_dags/example_latest_only.py for tasks to queue
[2025-03-30T14:06:25.856+0000] {logging_mixin.py:190} INFO - [2025-03-30T14:06:25.856+0000] {dagbag.py:588} INFO - Filling up the DagBag from /home/airflow/.local/lib/python3.12/site-packages/airflow/example_dags/example_latest_only.py
[2025-03-30T14:06:25.864+0000] {processor.py:925} INFO - DAG(s) 'latest_only' retrieved from /home/airflow/.local/lib/python3.12/site-packages/airflow/example_dags/example_latest_only.py
[2025-03-30T14:06:25.883+0000] {logging_mixin.py:190} INFO - [2025-03-30T14:06:25.883+0000] {dag.py:3239} INFO - Sync 1 DAGs
[2025-03-30T14:06:25.906+0000] {logging_mixin.py:190} INFO - [2025-03-30T14:06:25.905+0000] {dag.py:4180} INFO - Setting next_dagrun for latest_only to 2025-03-30 08:00:00+00:00, run_after=2025-03-30 12:00:00+00:00
[2025-03-30T14:06:25.925+0000] {processor.py:208} INFO - Processing /home/airflow/.local/lib/python3.12/site-packages/airflow/example_dags/example_latest_only.py took 0.076 seconds
[2025-03-30T14:06:56.780+0000] {processor.py:186} INFO - Started process (PID=1540) to work on /home/airflow/.local/lib/python3.12/site-packages/airflow/example_dags/example_latest_only.py
[2025-03-30T14:06:56.781+0000] {processor.py:914} INFO - Processing file /home/airflow/.local/lib/python3.12/site-packages/airflow/example_dags/example_latest_only.py for tasks to queue
[2025-03-30T14:06:56.782+0000] {logging_mixin.py:190} INFO - [2025-03-30T14:06:56.782+0000] {dagbag.py:588} INFO - Filling up the DagBag from /home/airflow/.local/lib/python3.12/site-packages/airflow/example_dags/example_latest_only.py
[2025-03-30T14:06:56.789+0000] {processor.py:925} INFO - DAG(s) 'latest_only' retrieved from /home/airflow/.local/lib/python3.12/site-packages/airflow/example_dags/example_latest_only.py
[2025-03-30T14:06:56.808+0000] {logging_mixin.py:190} INFO - [2025-03-30T14:06:56.808+0000] {dag.py:3239} INFO - Sync 1 DAGs
[2025-03-30T14:06:56.830+0000] {logging_mixin.py:190} INFO - [2025-03-30T14:06:56.830+0000] {dag.py:4180} INFO - Setting next_dagrun for latest_only to 2025-03-30 08:00:00+00:00, run_after=2025-03-30 12:00:00+00:00
[2025-03-30T14:06:56.847+0000] {processor.py:208} INFO - Processing /home/airflow/.local/lib/python3.12/site-packages/airflow/example_dags/example_latest_only.py took 0.075 seconds
[2025-03-30T14:07:26.934+0000] {processor.py:186} INFO - Started process (PID=1615) to work on /home/airflow/.local/lib/python3.12/site-packages/airflow/example_dags/example_latest_only.py
[2025-03-30T14:07:26.934+0000] {processor.py:914} INFO - Processing file /home/airflow/.local/lib/python3.12/site-packages/airflow/example_dags/example_latest_only.py for tasks to queue
[2025-03-30T14:07:26.935+0000] {logging_mixin.py:190} INFO - [2025-03-30T14:07:26.935+0000] {dagbag.py:588} INFO - Filling up the DagBag from /home/airflow/.local/lib/python3.12/site-packages/airflow/example_dags/example_latest_only.py
[2025-03-30T14:07:26.942+0000] {processor.py:925} INFO - DAG(s) 'latest_only' retrieved from /home/airflow/.local/lib/python3.12/site-packages/airflow/example_dags/example_latest_only.py
[2025-03-30T14:07:26.960+0000] {logging_mixin.py:190} INFO - [2025-03-30T14:07:26.960+0000] {dag.py:3239} INFO - Sync 1 DAGs
[2025-03-30T14:07:26.981+0000] {logging_mixin.py:190} INFO - [2025-03-30T14:07:26.981+0000] {dag.py:4180} INFO - Setting next_dagrun for latest_only to 2025-03-30 08:00:00+00:00, run_after=2025-03-30 12:00:00+00:00
[2025-03-30T14:07:27.004+0000] {processor.py:208} INFO - Processing /home/airflow/.local/lib/python3.12/site-packages/airflow/example_dags/example_latest_only.py took 0.078 seconds
[2025-03-30T14:07:57.544+0000] {processor.py:186} INFO - Started process (PID=1690) to work on /home/airflow/.local/lib/python3.12/site-packages/airflow/example_dags/example_latest_only.py
[2025-03-30T14:07:57.545+0000] {processor.py:914} INFO - Processing file /home/airflow/.local/lib/python3.12/site-packages/airflow/example_dags/example_latest_only.py for tasks to queue
[2025-03-30T14:07:57.546+0000] {logging_mixin.py:190} INFO - [2025-03-30T14:07:57.546+0000] {dagbag.py:588} INFO - Filling up the DagBag from /home/airflow/.local/lib/python3.12/site-packages/airflow/example_dags/example_latest_only.py
[2025-03-30T14:07:57.555+0000] {processor.py:925} INFO - DAG(s) 'latest_only' retrieved from /home/airflow/.local/lib/python3.12/site-packages/airflow/example_dags/example_latest_only.py
[2025-03-30T14:07:57.574+0000] {logging_mixin.py:190} INFO - [2025-03-30T14:07:57.573+0000] {dag.py:3239} INFO - Sync 1 DAGs
[2025-03-30T14:07:57.594+0000] {logging_mixin.py:190} INFO - [2025-03-30T14:07:57.594+0000] {dag.py:4180} INFO - Setting next_dagrun for latest_only to 2025-03-30 08:00:00+00:00, run_after=2025-03-30 12:00:00+00:00
[2025-03-30T14:07:57.613+0000] {processor.py:208} INFO - Processing /home/airflow/.local/lib/python3.12/site-packages/airflow/example_dags/example_latest_only.py took 0.079 seconds
[2025-03-30T14:08:27.830+0000] {processor.py:186} INFO - Started process (PID=1765) to work on /home/airflow/.local/lib/python3.12/site-packages/airflow/example_dags/example_latest_only.py
[2025-03-30T14:08:27.832+0000] {processor.py:914} INFO - Processing file /home/airflow/.local/lib/python3.12/site-packages/airflow/example_dags/example_latest_only.py for tasks to queue
[2025-03-30T14:08:27.834+0000] {logging_mixin.py:190} INFO - [2025-03-30T14:08:27.833+0000] {dagbag.py:588} INFO - Filling up the DagBag from /home/airflow/.local/lib/python3.12/site-packages/airflow/example_dags/example_latest_only.py
[2025-03-30T14:08:27.843+0000] {processor.py:925} INFO - DAG(s) 'latest_only' retrieved from /home/airflow/.local/lib/python3.12/site-packages/airflow/example_dags/example_latest_only.py
[2025-03-30T14:08:27.872+0000] {logging_mixin.py:190} INFO - [2025-03-30T14:08:27.872+0000] {dag.py:3239} INFO - Sync 1 DAGs
[2025-03-30T14:08:27.900+0000] {logging_mixin.py:190} INFO - [2025-03-30T14:08:27.899+0000] {dag.py:4180} INFO - Setting next_dagrun for latest_only to 2025-03-30 08:00:00+00:00, run_after=2025-03-30 12:00:00+00:00
[2025-03-30T14:08:27.937+0000] {processor.py:208} INFO - Processing /home/airflow/.local/lib/python3.12/site-packages/airflow/example_dags/example_latest_only.py took 0.124 seconds
[2025-03-30T14:08:58.623+0000] {processor.py:186} INFO - Started process (PID=1840) to work on /home/airflow/.local/lib/python3.12/site-packages/airflow/example_dags/example_latest_only.py
[2025-03-30T14:08:58.624+0000] {processor.py:914} INFO - Processing file /home/airflow/.local/lib/python3.12/site-packages/airflow/example_dags/example_latest_only.py for tasks to queue
[2025-03-30T14:08:58.626+0000] {logging_mixin.py:190} INFO - [2025-03-30T14:08:58.626+0000] {dagbag.py:588} INFO - Filling up the DagBag from /home/airflow/.local/lib/python3.12/site-packages/airflow/example_dags/example_latest_only.py
[2025-03-30T14:08:58.635+0000] {processor.py:925} INFO - DAG(s) 'latest_only' retrieved from /home/airflow/.local/lib/python3.12/site-packages/airflow/example_dags/example_latest_only.py
[2025-03-30T14:08:58.658+0000] {logging_mixin.py:190} INFO - [2025-03-30T14:08:58.658+0000] {dag.py:3239} INFO - Sync 1 DAGs
[2025-03-30T14:08:58.680+0000] {logging_mixin.py:190} INFO - [2025-03-30T14:08:58.680+0000] {dag.py:4180} INFO - Setting next_dagrun for latest_only to 2025-03-30 08:00:00+00:00, run_after=2025-03-30 12:00:00+00:00
[2025-03-30T14:08:58.702+0000] {processor.py:208} INFO - Processing /home/airflow/.local/lib/python3.12/site-packages/airflow/example_dags/example_latest_only.py took 0.088 seconds
[2025-03-30T14:09:29.685+0000] {processor.py:186} INFO - Started process (PID=1915) to work on /home/airflow/.local/lib/python3.12/site-packages/airflow/example_dags/example_latest_only.py
[2025-03-30T14:09:29.686+0000] {processor.py:914} INFO - Processing file /home/airflow/.local/lib/python3.12/site-packages/airflow/example_dags/example_latest_only.py for tasks to queue
[2025-03-30T14:09:29.687+0000] {logging_mixin.py:190} INFO - [2025-03-30T14:09:29.687+0000] {dagbag.py:588} INFO - Filling up the DagBag from /home/airflow/.local/lib/python3.12/site-packages/airflow/example_dags/example_latest_only.py
[2025-03-30T14:09:29.695+0000] {processor.py:925} INFO - DAG(s) 'latest_only' retrieved from /home/airflow/.local/lib/python3.12/site-packages/airflow/example_dags/example_latest_only.py
[2025-03-30T14:09:29.715+0000] {logging_mixin.py:190} INFO - [2025-03-30T14:09:29.715+0000] {dag.py:3239} INFO - Sync 1 DAGs
[2025-03-30T14:09:29.738+0000] {logging_mixin.py:190} INFO - [2025-03-30T14:09:29.738+0000] {dag.py:4180} INFO - Setting next_dagrun for latest_only to 2025-03-30 08:00:00+00:00, run_after=2025-03-30 12:00:00+00:00
[2025-03-30T14:09:29.758+0000] {processor.py:208} INFO - Processing /home/airflow/.local/lib/python3.12/site-packages/airflow/example_dags/example_latest_only.py took 0.083 seconds
[2025-03-30T14:09:59.891+0000] {processor.py:186} INFO - Started process (PID=1978) to work on /home/airflow/.local/lib/python3.12/site-packages/airflow/example_dags/example_latest_only.py
[2025-03-30T14:09:59.892+0000] {processor.py:914} INFO - Processing file /home/airflow/.local/lib/python3.12/site-packages/airflow/example_dags/example_latest_only.py for tasks to queue
[2025-03-30T14:09:59.898+0000] {logging_mixin.py:190} INFO - [2025-03-30T14:09:59.898+0000] {dagbag.py:588} INFO - Filling up the DagBag from /home/airflow/.local/lib/python3.12/site-packages/airflow/example_dags/example_latest_only.py
[2025-03-30T14:09:59.909+0000] {processor.py:925} INFO - DAG(s) 'latest_only' retrieved from /home/airflow/.local/lib/python3.12/site-packages/airflow/example_dags/example_latest_only.py
[2025-03-30T14:09:59.955+0000] {logging_mixin.py:190} INFO - [2025-03-30T14:09:59.955+0000] {dag.py:3239} INFO - Sync 1 DAGs
[2025-03-30T14:09:59.995+0000] {logging_mixin.py:190} INFO - [2025-03-30T14:09:59.994+0000] {dag.py:4180} INFO - Setting next_dagrun for latest_only to 2025-03-30 08:00:00+00:00, run_after=2025-03-30 12:00:00+00:00
[2025-03-30T14:10:00.021+0000] {processor.py:208} INFO - Processing /home/airflow/.local/lib/python3.12/site-packages/airflow/example_dags/example_latest_only.py took 0.153 seconds
[2025-03-30T14:10:30.457+0000] {processor.py:186} INFO - Started process (PID=2053) to work on /home/airflow/.local/lib/python3.12/site-packages/airflow/example_dags/example_latest_only.py
[2025-03-30T14:10:30.459+0000] {processor.py:914} INFO - Processing file /home/airflow/.local/lib/python3.12/site-packages/airflow/example_dags/example_latest_only.py for tasks to queue
[2025-03-30T14:10:30.463+0000] {logging_mixin.py:190} INFO - [2025-03-30T14:10:30.461+0000] {dagbag.py:588} INFO - Filling up the DagBag from /home/airflow/.local/lib/python3.12/site-packages/airflow/example_dags/example_latest_only.py
[2025-03-30T14:10:30.489+0000] {processor.py:925} INFO - DAG(s) 'latest_only' retrieved from /home/airflow/.local/lib/python3.12/site-packages/airflow/example_dags/example_latest_only.py
[2025-03-30T14:10:30.521+0000] {logging_mixin.py:190} INFO - [2025-03-30T14:10:30.521+0000] {dag.py:3239} INFO - Sync 1 DAGs
[2025-03-30T14:10:30.553+0000] {logging_mixin.py:190} INFO - [2025-03-30T14:10:30.553+0000] {dag.py:4180} INFO - Setting next_dagrun for latest_only to 2025-03-30 08:00:00+00:00, run_after=2025-03-30 12:00:00+00:00
[2025-03-30T14:10:30.581+0000] {processor.py:208} INFO - Processing /home/airflow/.local/lib/python3.12/site-packages/airflow/example_dags/example_latest_only.py took 0.138 seconds
[2025-03-30T14:11:01.343+0000] {processor.py:186} INFO - Started process (PID=2128) to work on /home/airflow/.local/lib/python3.12/site-packages/airflow/example_dags/example_latest_only.py
[2025-03-30T14:11:01.345+0000] {processor.py:914} INFO - Processing file /home/airflow/.local/lib/python3.12/site-packages/airflow/example_dags/example_latest_only.py for tasks to queue
[2025-03-30T14:11:01.347+0000] {logging_mixin.py:190} INFO - [2025-03-30T14:11:01.346+0000] {dagbag.py:588} INFO - Filling up the DagBag from /home/airflow/.local/lib/python3.12/site-packages/airflow/example_dags/example_latest_only.py
[2025-03-30T14:11:01.364+0000] {processor.py:925} INFO - DAG(s) 'latest_only' retrieved from /home/airflow/.local/lib/python3.12/site-packages/airflow/example_dags/example_latest_only.py
[2025-03-30T14:11:01.420+0000] {logging_mixin.py:190} INFO - [2025-03-30T14:11:01.419+0000] {dag.py:3239} INFO - Sync 1 DAGs
[2025-03-30T14:11:01.468+0000] {logging_mixin.py:190} INFO - [2025-03-30T14:11:01.468+0000] {dag.py:4180} INFO - Setting next_dagrun for latest_only to 2025-03-30 08:00:00+00:00, run_after=2025-03-30 12:00:00+00:00
[2025-03-30T14:11:01.498+0000] {processor.py:208} INFO - Processing /home/airflow/.local/lib/python3.12/site-packages/airflow/example_dags/example_latest_only.py took 0.173 seconds
[2025-03-30T14:11:31.960+0000] {processor.py:186} INFO - Started process (PID=2203) to work on /home/airflow/.local/lib/python3.12/site-packages/airflow/example_dags/example_latest_only.py
[2025-03-30T14:11:31.961+0000] {processor.py:914} INFO - Processing file /home/airflow/.local/lib/python3.12/site-packages/airflow/example_dags/example_latest_only.py for tasks to queue
[2025-03-30T14:11:31.962+0000] {logging_mixin.py:190} INFO - [2025-03-30T14:11:31.962+0000] {dagbag.py:588} INFO - Filling up the DagBag from /home/airflow/.local/lib/python3.12/site-packages/airflow/example_dags/example_latest_only.py
[2025-03-30T14:11:31.970+0000] {processor.py:925} INFO - DAG(s) 'latest_only' retrieved from /home/airflow/.local/lib/python3.12/site-packages/airflow/example_dags/example_latest_only.py
[2025-03-30T14:11:31.988+0000] {logging_mixin.py:190} INFO - [2025-03-30T14:11:31.988+0000] {dag.py:3239} INFO - Sync 1 DAGs
[2025-03-30T14:11:32.010+0000] {logging_mixin.py:190} INFO - [2025-03-30T14:11:32.010+0000] {dag.py:4180} INFO - Setting next_dagrun for latest_only to 2025-03-30 08:00:00+00:00, run_after=2025-03-30 12:00:00+00:00
[2025-03-30T14:11:32.027+0000] {processor.py:208} INFO - Processing /home/airflow/.local/lib/python3.12/site-packages/airflow/example_dags/example_latest_only.py took 0.075 seconds
[2025-03-30T14:12:02.510+0000] {processor.py:186} INFO - Started process (PID=2278) to work on /home/airflow/.local/lib/python3.12/site-packages/airflow/example_dags/example_latest_only.py
[2025-03-30T14:12:02.513+0000] {processor.py:914} INFO - Processing file /home/airflow/.local/lib/python3.12/site-packages/airflow/example_dags/example_latest_only.py for tasks to queue
[2025-03-30T14:12:02.515+0000] {logging_mixin.py:190} INFO - [2025-03-30T14:12:02.514+0000] {dagbag.py:588} INFO - Filling up the DagBag from /home/airflow/.local/lib/python3.12/site-packages/airflow/example_dags/example_latest_only.py
[2025-03-30T14:12:02.537+0000] {processor.py:925} INFO - DAG(s) 'latest_only' retrieved from /home/airflow/.local/lib/python3.12/site-packages/airflow/example_dags/example_latest_only.py
[2025-03-30T14:12:02.566+0000] {logging_mixin.py:190} INFO - [2025-03-30T14:12:02.565+0000] {dag.py:3239} INFO - Sync 1 DAGs
[2025-03-30T14:12:02.605+0000] {logging_mixin.py:190} INFO - [2025-03-30T14:12:02.605+0000] {dag.py:4180} INFO - Setting next_dagrun for latest_only to 2025-03-30 08:00:00+00:00, run_after=2025-03-30 12:00:00+00:00
[2025-03-30T14:12:02.632+0000] {processor.py:208} INFO - Processing /home/airflow/.local/lib/python3.12/site-packages/airflow/example_dags/example_latest_only.py took 0.138 seconds
[2025-03-30T14:12:33.062+0000] {processor.py:186} INFO - Started process (PID=2353) to work on /home/airflow/.local/lib/python3.12/site-packages/airflow/example_dags/example_latest_only.py
[2025-03-30T14:12:33.063+0000] {processor.py:914} INFO - Processing file /home/airflow/.local/lib/python3.12/site-packages/airflow/example_dags/example_latest_only.py for tasks to queue
[2025-03-30T14:12:33.064+0000] {logging_mixin.py:190} INFO - [2025-03-30T14:12:33.064+0000] {dagbag.py:588} INFO - Filling up the DagBag from /home/airflow/.local/lib/python3.12/site-packages/airflow/example_dags/example_latest_only.py
[2025-03-30T14:12:33.075+0000] {processor.py:925} INFO - DAG(s) 'latest_only' retrieved from /home/airflow/.local/lib/python3.12/site-packages/airflow/example_dags/example_latest_only.py
[2025-03-30T14:12:33.101+0000] {logging_mixin.py:190} INFO - [2025-03-30T14:12:33.101+0000] {dag.py:3239} INFO - Sync 1 DAGs
[2025-03-30T14:12:33.133+0000] {logging_mixin.py:190} INFO - [2025-03-30T14:12:33.132+0000] {dag.py:4180} INFO - Setting next_dagrun for latest_only to 2025-03-30 08:00:00+00:00, run_after=2025-03-30 12:00:00+00:00
[2025-03-30T14:12:33.165+0000] {processor.py:208} INFO - Processing /home/airflow/.local/lib/python3.12/site-packages/airflow/example_dags/example_latest_only.py took 0.117 seconds
[2025-03-30T14:13:03.931+0000] {processor.py:186} INFO - Started process (PID=2428) to work on /home/airflow/.local/lib/python3.12/site-packages/airflow/example_dags/example_latest_only.py
[2025-03-30T14:13:03.932+0000] {processor.py:914} INFO - Processing file /home/airflow/.local/lib/python3.12/site-packages/airflow/example_dags/example_latest_only.py for tasks to queue
[2025-03-30T14:13:03.933+0000] {logging_mixin.py:190} INFO - [2025-03-30T14:13:03.933+0000] {dagbag.py:588} INFO - Filling up the DagBag from /home/airflow/.local/lib/python3.12/site-packages/airflow/example_dags/example_latest_only.py
[2025-03-30T14:13:03.939+0000] {processor.py:925} INFO - DAG(s) 'latest_only' retrieved from /home/airflow/.local/lib/python3.12/site-packages/airflow/example_dags/example_latest_only.py
[2025-03-30T14:13:03.954+0000] {logging_mixin.py:190} INFO - [2025-03-30T14:13:03.954+0000] {dag.py:3239} INFO - Sync 1 DAGs
[2025-03-30T14:13:03.972+0000] {logging_mixin.py:190} INFO - [2025-03-30T14:13:03.972+0000] {dag.py:4180} INFO - Setting next_dagrun for latest_only to 2025-03-30 08:00:00+00:00, run_after=2025-03-30 12:00:00+00:00
[2025-03-30T14:13:03.985+0000] {processor.py:208} INFO - Processing /home/airflow/.local/lib/python3.12/site-packages/airflow/example_dags/example_latest_only.py took 0.062 seconds
[2025-03-30T14:13:34.102+0000] {processor.py:186} INFO - Started process (PID=2503) to work on /home/airflow/.local/lib/python3.12/site-packages/airflow/example_dags/example_latest_only.py
[2025-03-30T14:13:34.103+0000] {processor.py:914} INFO - Processing file /home/airflow/.local/lib/python3.12/site-packages/airflow/example_dags/example_latest_only.py for tasks to queue
[2025-03-30T14:13:34.104+0000] {logging_mixin.py:190} INFO - [2025-03-30T14:13:34.104+0000] {dagbag.py:588} INFO - Filling up the DagBag from /home/airflow/.local/lib/python3.12/site-packages/airflow/example_dags/example_latest_only.py
[2025-03-30T14:13:34.112+0000] {processor.py:925} INFO - DAG(s) 'latest_only' retrieved from /home/airflow/.local/lib/python3.12/site-packages/airflow/example_dags/example_latest_only.py
[2025-03-30T14:13:34.129+0000] {logging_mixin.py:190} INFO - [2025-03-30T14:13:34.129+0000] {dag.py:3239} INFO - Sync 1 DAGs
[2025-03-30T14:13:34.148+0000] {logging_mixin.py:190} INFO - [2025-03-30T14:13:34.147+0000] {dag.py:4180} INFO - Setting next_dagrun for latest_only to 2025-03-30 08:00:00+00:00, run_after=2025-03-30 12:00:00+00:00
[2025-03-30T14:13:34.161+0000] {processor.py:208} INFO - Processing /home/airflow/.local/lib/python3.12/site-packages/airflow/example_dags/example_latest_only.py took 0.066 seconds
[2025-03-30T14:14:04.848+0000] {processor.py:186} INFO - Started process (PID=2578) to work on /home/airflow/.local/lib/python3.12/site-packages/airflow/example_dags/example_latest_only.py
[2025-03-30T14:14:04.849+0000] {processor.py:914} INFO - Processing file /home/airflow/.local/lib/python3.12/site-packages/airflow/example_dags/example_latest_only.py for tasks to queue
[2025-03-30T14:14:04.850+0000] {logging_mixin.py:190} INFO - [2025-03-30T14:14:04.850+0000] {dagbag.py:588} INFO - Filling up the DagBag from /home/airflow/.local/lib/python3.12/site-packages/airflow/example_dags/example_latest_only.py
[2025-03-30T14:14:04.856+0000] {processor.py:925} INFO - DAG(s) 'latest_only' retrieved from /home/airflow/.local/lib/python3.12/site-packages/airflow/example_dags/example_latest_only.py
[2025-03-30T14:14:04.872+0000] {logging_mixin.py:190} INFO - [2025-03-30T14:14:04.872+0000] {dag.py:3239} INFO - Sync 1 DAGs
[2025-03-30T14:14:04.890+0000] {logging_mixin.py:190} INFO - [2025-03-30T14:14:04.889+0000] {dag.py:4180} INFO - Setting next_dagrun for latest_only to 2025-03-30 08:00:00+00:00, run_after=2025-03-30 12:00:00+00:00
[2025-03-30T14:14:04.904+0000] {processor.py:208} INFO - Processing /home/airflow/.local/lib/python3.12/site-packages/airflow/example_dags/example_latest_only.py took 0.063 seconds
[2025-03-30T14:14:36.460+0000] {processor.py:186} INFO - Started process (PID=2653) to work on /home/airflow/.local/lib/python3.12/site-packages/airflow/example_dags/example_latest_only.py
[2025-03-30T14:14:36.461+0000] {processor.py:914} INFO - Processing file /home/airflow/.local/lib/python3.12/site-packages/airflow/example_dags/example_latest_only.py for tasks to queue
[2025-03-30T14:14:36.463+0000] {logging_mixin.py:190} INFO - [2025-03-30T14:14:36.462+0000] {dagbag.py:588} INFO - Filling up the DagBag from /home/airflow/.local/lib/python3.12/site-packages/airflow/example_dags/example_latest_only.py
[2025-03-30T14:14:36.471+0000] {processor.py:925} INFO - DAG(s) 'latest_only' retrieved from /home/airflow/.local/lib/python3.12/site-packages/airflow/example_dags/example_latest_only.py
[2025-03-30T14:14:36.492+0000] {logging_mixin.py:190} INFO - [2025-03-30T14:14:36.491+0000] {dag.py:3239} INFO - Sync 1 DAGs
[2025-03-30T14:14:36.515+0000] {logging_mixin.py:190} INFO - [2025-03-30T14:14:36.515+0000] {dag.py:4180} INFO - Setting next_dagrun for latest_only to 2025-03-30 08:00:00+00:00, run_after=2025-03-30 12:00:00+00:00
[2025-03-30T14:14:36.534+0000] {processor.py:208} INFO - Processing /home/airflow/.local/lib/python3.12/site-packages/airflow/example_dags/example_latest_only.py took 0.083 seconds
[2025-03-30T14:15:06.647+0000] {processor.py:186} INFO - Started process (PID=2728) to work on /home/airflow/.local/lib/python3.12/site-packages/airflow/example_dags/example_latest_only.py
[2025-03-30T14:15:06.648+0000] {processor.py:914} INFO - Processing file /home/airflow/.local/lib/python3.12/site-packages/airflow/example_dags/example_latest_only.py for tasks to queue
[2025-03-30T14:15:06.649+0000] {logging_mixin.py:190} INFO - [2025-03-30T14:15:06.649+0000] {dagbag.py:588} INFO - Filling up the DagBag from /home/airflow/.local/lib/python3.12/site-packages/airflow/example_dags/example_latest_only.py
[2025-03-30T14:15:06.655+0000] {processor.py:925} INFO - DAG(s) 'latest_only' retrieved from /home/airflow/.local/lib/python3.12/site-packages/airflow/example_dags/example_latest_only.py
[2025-03-30T14:15:06.671+0000] {logging_mixin.py:190} INFO - [2025-03-30T14:15:06.671+0000] {dag.py:3239} INFO - Sync 1 DAGs
[2025-03-30T14:15:06.691+0000] {logging_mixin.py:190} INFO - [2025-03-30T14:15:06.691+0000] {dag.py:4180} INFO - Setting next_dagrun for latest_only to 2025-03-30 08:00:00+00:00, run_after=2025-03-30 12:00:00+00:00
[2025-03-30T14:15:06.708+0000] {processor.py:208} INFO - Processing /home/airflow/.local/lib/python3.12/site-packages/airflow/example_dags/example_latest_only.py took 0.069 seconds
[2025-03-30T14:15:37.084+0000] {processor.py:186} INFO - Started process (PID=2803) to work on /home/airflow/.local/lib/python3.12/site-packages/airflow/example_dags/example_latest_only.py
[2025-03-30T14:15:37.085+0000] {processor.py:914} INFO - Processing file /home/airflow/.local/lib/python3.12/site-packages/airflow/example_dags/example_latest_only.py for tasks to queue
[2025-03-30T14:15:37.086+0000] {logging_mixin.py:190} INFO - [2025-03-30T14:15:37.086+0000] {dagbag.py:588} INFO - Filling up the DagBag from /home/airflow/.local/lib/python3.12/site-packages/airflow/example_dags/example_latest_only.py
[2025-03-30T14:15:37.093+0000] {processor.py:925} INFO - DAG(s) 'latest_only' retrieved from /home/airflow/.local/lib/python3.12/site-packages/airflow/example_dags/example_latest_only.py
[2025-03-30T14:15:37.112+0000] {logging_mixin.py:190} INFO - [2025-03-30T14:15:37.112+0000] {dag.py:3239} INFO - Sync 1 DAGs
[2025-03-30T14:15:37.131+0000] {logging_mixin.py:190} INFO - [2025-03-30T14:15:37.131+0000] {dag.py:4180} INFO - Setting next_dagrun for latest_only to 2025-03-30 08:00:00+00:00, run_after=2025-03-30 12:00:00+00:00
[2025-03-30T14:15:37.148+0000] {processor.py:208} INFO - Processing /home/airflow/.local/lib/python3.12/site-packages/airflow/example_dags/example_latest_only.py took 0.071 seconds
[2025-03-30T14:16:07.787+0000] {processor.py:186} INFO - Started process (PID=2878) to work on /home/airflow/.local/lib/python3.12/site-packages/airflow/example_dags/example_latest_only.py
[2025-03-30T14:16:07.788+0000] {processor.py:914} INFO - Processing file /home/airflow/.local/lib/python3.12/site-packages/airflow/example_dags/example_latest_only.py for tasks to queue
[2025-03-30T14:16:07.790+0000] {logging_mixin.py:190} INFO - [2025-03-30T14:16:07.789+0000] {dagbag.py:588} INFO - Filling up the DagBag from /home/airflow/.local/lib/python3.12/site-packages/airflow/example_dags/example_latest_only.py
[2025-03-30T14:16:07.797+0000] {processor.py:925} INFO - DAG(s) 'latest_only' retrieved from /home/airflow/.local/lib/python3.12/site-packages/airflow/example_dags/example_latest_only.py
[2025-03-30T14:16:07.813+0000] {logging_mixin.py:190} INFO - [2025-03-30T14:16:07.813+0000] {dag.py:3239} INFO - Sync 1 DAGs
[2025-03-30T14:16:07.834+0000] {logging_mixin.py:190} INFO - [2025-03-30T14:16:07.834+0000] {dag.py:4180} INFO - Setting next_dagrun for latest_only to 2025-03-30 08:00:00+00:00, run_after=2025-03-30 12:00:00+00:00
[2025-03-30T14:16:07.851+0000] {processor.py:208} INFO - Processing /home/airflow/.local/lib/python3.12/site-packages/airflow/example_dags/example_latest_only.py took 0.073 seconds
[2025-03-30T14:16:38.061+0000] {processor.py:186} INFO - Started process (PID=2953) to work on /home/airflow/.local/lib/python3.12/site-packages/airflow/example_dags/example_latest_only.py
[2025-03-30T14:16:38.061+0000] {processor.py:914} INFO - Processing file /home/airflow/.local/lib/python3.12/site-packages/airflow/example_dags/example_latest_only.py for tasks to queue
[2025-03-30T14:16:38.063+0000] {logging_mixin.py:190} INFO - [2025-03-30T14:16:38.062+0000] {dagbag.py:588} INFO - Filling up the DagBag from /home/airflow/.local/lib/python3.12/site-packages/airflow/example_dags/example_latest_only.py
[2025-03-30T14:16:38.072+0000] {processor.py:925} INFO - DAG(s) 'latest_only' retrieved from /home/airflow/.local/lib/python3.12/site-packages/airflow/example_dags/example_latest_only.py
[2025-03-30T14:16:38.096+0000] {logging_mixin.py:190} INFO - [2025-03-30T14:16:38.096+0000] {dag.py:3239} INFO - Sync 1 DAGs
[2025-03-30T14:16:38.116+0000] {logging_mixin.py:190} INFO - [2025-03-30T14:16:38.116+0000] {dag.py:4180} INFO - Setting next_dagrun for latest_only to 2025-03-30 08:00:00+00:00, run_after=2025-03-30 12:00:00+00:00
[2025-03-30T14:16:38.132+0000] {processor.py:208} INFO - Processing /home/airflow/.local/lib/python3.12/site-packages/airflow/example_dags/example_latest_only.py took 0.080 seconds
[2025-03-30T14:17:08.284+0000] {processor.py:186} INFO - Started process (PID=3028) to work on /home/airflow/.local/lib/python3.12/site-packages/airflow/example_dags/example_latest_only.py
[2025-03-30T14:17:08.285+0000] {processor.py:914} INFO - Processing file /home/airflow/.local/lib/python3.12/site-packages/airflow/example_dags/example_latest_only.py for tasks to queue
[2025-03-30T14:17:08.286+0000] {logging_mixin.py:190} INFO - [2025-03-30T14:17:08.286+0000] {dagbag.py:588} INFO - Filling up the DagBag from /home/airflow/.local/lib/python3.12/site-packages/airflow/example_dags/example_latest_only.py
[2025-03-30T14:17:08.293+0000] {processor.py:925} INFO - DAG(s) 'latest_only' retrieved from /home/airflow/.local/lib/python3.12/site-packages/airflow/example_dags/example_latest_only.py
[2025-03-30T14:17:08.309+0000] {logging_mixin.py:190} INFO - [2025-03-30T14:17:08.309+0000] {dag.py:3239} INFO - Sync 1 DAGs
[2025-03-30T14:17:08.327+0000] {logging_mixin.py:190} INFO - [2025-03-30T14:17:08.327+0000] {dag.py:4180} INFO - Setting next_dagrun for latest_only to 2025-03-30 08:00:00+00:00, run_after=2025-03-30 12:00:00+00:00
[2025-03-30T14:17:08.343+0000] {processor.py:208} INFO - Processing /home/airflow/.local/lib/python3.12/site-packages/airflow/example_dags/example_latest_only.py took 0.066 seconds
[2025-03-30T14:17:38.626+0000] {processor.py:186} INFO - Started process (PID=3102) to work on /home/airflow/.local/lib/python3.12/site-packages/airflow/example_dags/example_latest_only.py
[2025-03-30T14:17:38.630+0000] {processor.py:914} INFO - Processing file /home/airflow/.local/lib/python3.12/site-packages/airflow/example_dags/example_latest_only.py for tasks to queue
[2025-03-30T14:17:38.632+0000] {logging_mixin.py:190} INFO - [2025-03-30T14:17:38.632+0000] {dagbag.py:588} INFO - Filling up the DagBag from /home/airflow/.local/lib/python3.12/site-packages/airflow/example_dags/example_latest_only.py
[2025-03-30T14:17:38.648+0000] {processor.py:925} INFO - DAG(s) 'latest_only' retrieved from /home/airflow/.local/lib/python3.12/site-packages/airflow/example_dags/example_latest_only.py
[2025-03-30T14:17:38.683+0000] {logging_mixin.py:190} INFO - [2025-03-30T14:17:38.683+0000] {dag.py:3239} INFO - Sync 1 DAGs
[2025-03-30T14:17:38.703+0000] {logging_mixin.py:190} INFO - [2025-03-30T14:17:38.703+0000] {dag.py:4180} INFO - Setting next_dagrun for latest_only to 2025-03-30 08:00:00+00:00, run_after=2025-03-30 12:00:00+00:00
[2025-03-30T14:17:38.730+0000] {processor.py:208} INFO - Processing /home/airflow/.local/lib/python3.12/site-packages/airflow/example_dags/example_latest_only.py took 0.124 seconds
[2025-03-30T14:18:09.220+0000] {processor.py:186} INFO - Started process (PID=3164) to work on /home/airflow/.local/lib/python3.12/site-packages/airflow/example_dags/example_latest_only.py
[2025-03-30T14:18:09.222+0000] {processor.py:914} INFO - Processing file /home/airflow/.local/lib/python3.12/site-packages/airflow/example_dags/example_latest_only.py for tasks to queue
[2025-03-30T14:18:09.224+0000] {logging_mixin.py:190} INFO - [2025-03-30T14:18:09.223+0000] {dagbag.py:588} INFO - Filling up the DagBag from /home/airflow/.local/lib/python3.12/site-packages/airflow/example_dags/example_latest_only.py
[2025-03-30T14:18:09.235+0000] {processor.py:925} INFO - DAG(s) 'latest_only' retrieved from /home/airflow/.local/lib/python3.12/site-packages/airflow/example_dags/example_latest_only.py
[2025-03-30T14:18:09.262+0000] {logging_mixin.py:190} INFO - [2025-03-30T14:18:09.262+0000] {dag.py:3239} INFO - Sync 1 DAGs
[2025-03-30T14:18:09.298+0000] {logging_mixin.py:190} INFO - [2025-03-30T14:18:09.298+0000] {dag.py:4180} INFO - Setting next_dagrun for latest_only to 2025-03-30 08:00:00+00:00, run_after=2025-03-30 12:00:00+00:00
[2025-03-30T14:18:09.330+0000] {processor.py:208} INFO - Processing /home/airflow/.local/lib/python3.12/site-packages/airflow/example_dags/example_latest_only.py took 0.123 seconds
