[2025-03-30T13:57:15.010+0000] {processor.py:186} INFO - Started process (PID=73) to work on /home/airflow/.local/lib/python3.12/site-packages/airflow/example_dags/example_branch_operator_decorator.py
[2025-03-30T13:57:15.012+0000] {processor.py:914} INFO - Processing file /home/airflow/.local/lib/python3.12/site-packages/airflow/example_dags/example_branch_operator_decorator.py for tasks to queue
[2025-03-30T13:57:15.014+0000] {logging_mixin.py:190} INFO - [2025-03-30T13:57:15.014+0000] {dagbag.py:588} INFO - Filling up the DagBag from /home/airflow/.local/lib/python3.12/site-packages/airflow/example_dags/example_branch_operator_decorator.py
[2025-03-30T13:57:15.044+0000] {processor.py:925} INFO - DAG(s) 'example_branch_python_operator_decorator' retrieved from /home/airflow/.local/lib/python3.12/site-packages/airflow/example_dags/example_branch_operator_decorator.py
[2025-03-30T13:57:15.235+0000] {logging_mixin.py:190} INFO - [2025-03-30T13:57:15.235+0000] {dag.py:3239} INFO - Sync 1 DAGs
[2025-03-30T13:57:15.261+0000] {logging_mixin.py:190} INFO - [2025-03-30T13:57:15.260+0000] {dag.py:4180} INFO - Setting next_dagrun for example_branch_python_operator_decorator to 2025-03-29 00:00:00+00:00, run_after=2025-03-30 00:00:00+00:00
[2025-03-30T13:57:15.292+0000] {processor.py:208} INFO - Processing /home/airflow/.local/lib/python3.12/site-packages/airflow/example_dags/example_branch_operator_decorator.py took 0.289 seconds
[2025-03-30T13:57:45.946+0000] {processor.py:186} INFO - Started process (PID=148) to work on /home/airflow/.local/lib/python3.12/site-packages/airflow/example_dags/example_branch_operator_decorator.py
[2025-03-30T13:57:45.953+0000] {processor.py:914} INFO - Processing file /home/airflow/.local/lib/python3.12/site-packages/airflow/example_dags/example_branch_operator_decorator.py for tasks to queue
[2025-03-30T13:57:45.956+0000] {logging_mixin.py:190} INFO - [2025-03-30T13:57:45.955+0000] {dagbag.py:588} INFO - Filling up the DagBag from /home/airflow/.local/lib/python3.12/site-packages/airflow/example_dags/example_branch_operator_decorator.py
[2025-03-30T13:57:45.992+0000] {processor.py:925} INFO - DAG(s) 'example_branch_python_operator_decorator' retrieved from /home/airflow/.local/lib/python3.12/site-packages/airflow/example_dags/example_branch_operator_decorator.py
[2025-03-30T13:57:46.019+0000] {logging_mixin.py:190} INFO - [2025-03-30T13:57:46.018+0000] {dag.py:3239} INFO - Sync 1 DAGs
[2025-03-30T13:57:46.045+0000] {logging_mixin.py:190} INFO - [2025-03-30T13:57:46.045+0000] {dag.py:4180} INFO - Setting next_dagrun for example_branch_python_operator_decorator to 2025-03-29 00:00:00+00:00, run_after=2025-03-30 00:00:00+00:00
[2025-03-30T13:57:46.064+0000] {processor.py:208} INFO - Processing /home/airflow/.local/lib/python3.12/site-packages/airflow/example_dags/example_branch_operator_decorator.py took 0.127 seconds
[2025-03-30T13:58:16.852+0000] {processor.py:186} INFO - Started process (PID=211) to work on /home/airflow/.local/lib/python3.12/site-packages/airflow/example_dags/example_branch_operator_decorator.py
[2025-03-30T13:58:16.853+0000] {processor.py:914} INFO - Processing file /home/airflow/.local/lib/python3.12/site-packages/airflow/example_dags/example_branch_operator_decorator.py for tasks to queue
[2025-03-30T13:58:16.856+0000] {logging_mixin.py:190} INFO - [2025-03-30T13:58:16.855+0000] {dagbag.py:588} INFO - Filling up the DagBag from /home/airflow/.local/lib/python3.12/site-packages/airflow/example_dags/example_branch_operator_decorator.py
[2025-03-30T13:58:16.880+0000] {processor.py:925} INFO - DAG(s) 'example_branch_python_operator_decorator' retrieved from /home/airflow/.local/lib/python3.12/site-packages/airflow/example_dags/example_branch_operator_decorator.py
[2025-03-30T13:58:16.907+0000] {logging_mixin.py:190} INFO - [2025-03-30T13:58:16.907+0000] {dag.py:3239} INFO - Sync 1 DAGs
[2025-03-30T13:58:16.937+0000] {logging_mixin.py:190} INFO - [2025-03-30T13:58:16.937+0000] {dag.py:4180} INFO - Setting next_dagrun for example_branch_python_operator_decorator to 2025-03-29 00:00:00+00:00, run_after=2025-03-30 00:00:00+00:00
[2025-03-30T13:58:16.960+0000] {processor.py:208} INFO - Processing /home/airflow/.local/lib/python3.12/site-packages/airflow/example_dags/example_branch_operator_decorator.py took 0.113 seconds
[2025-03-30T13:58:47.787+0000] {processor.py:186} INFO - Started process (PID=286) to work on /home/airflow/.local/lib/python3.12/site-packages/airflow/example_dags/example_branch_operator_decorator.py
[2025-03-30T13:58:47.788+0000] {processor.py:914} INFO - Processing file /home/airflow/.local/lib/python3.12/site-packages/airflow/example_dags/example_branch_operator_decorator.py for tasks to queue
[2025-03-30T13:58:47.791+0000] {logging_mixin.py:190} INFO - [2025-03-30T13:58:47.790+0000] {dagbag.py:588} INFO - Filling up the DagBag from /home/airflow/.local/lib/python3.12/site-packages/airflow/example_dags/example_branch_operator_decorator.py
[2025-03-30T13:58:47.816+0000] {processor.py:925} INFO - DAG(s) 'example_branch_python_operator_decorator' retrieved from /home/airflow/.local/lib/python3.12/site-packages/airflow/example_dags/example_branch_operator_decorator.py
[2025-03-30T13:58:47.847+0000] {logging_mixin.py:190} INFO - [2025-03-30T13:58:47.846+0000] {dag.py:3239} INFO - Sync 1 DAGs
[2025-03-30T13:58:47.872+0000] {logging_mixin.py:190} INFO - [2025-03-30T13:58:47.872+0000] {dag.py:4180} INFO - Setting next_dagrun for example_branch_python_operator_decorator to 2025-03-29 00:00:00+00:00, run_after=2025-03-30 00:00:00+00:00
[2025-03-30T13:58:47.891+0000] {processor.py:208} INFO - Processing /home/airflow/.local/lib/python3.12/site-packages/airflow/example_dags/example_branch_operator_decorator.py took 0.110 seconds
[2025-03-30T13:59:18.371+0000] {processor.py:186} INFO - Started process (PID=361) to work on /home/airflow/.local/lib/python3.12/site-packages/airflow/example_dags/example_branch_operator_decorator.py
[2025-03-30T13:59:18.372+0000] {processor.py:914} INFO - Processing file /home/airflow/.local/lib/python3.12/site-packages/airflow/example_dags/example_branch_operator_decorator.py for tasks to queue
[2025-03-30T13:59:18.374+0000] {logging_mixin.py:190} INFO - [2025-03-30T13:59:18.374+0000] {dagbag.py:588} INFO - Filling up the DagBag from /home/airflow/.local/lib/python3.12/site-packages/airflow/example_dags/example_branch_operator_decorator.py
[2025-03-30T13:59:18.397+0000] {processor.py:925} INFO - DAG(s) 'example_branch_python_operator_decorator' retrieved from /home/airflow/.local/lib/python3.12/site-packages/airflow/example_dags/example_branch_operator_decorator.py
[2025-03-30T13:59:18.427+0000] {logging_mixin.py:190} INFO - [2025-03-30T13:59:18.427+0000] {dag.py:3239} INFO - Sync 1 DAGs
[2025-03-30T13:59:18.457+0000] {logging_mixin.py:190} INFO - [2025-03-30T13:59:18.457+0000] {dag.py:4180} INFO - Setting next_dagrun for example_branch_python_operator_decorator to 2025-03-29 00:00:00+00:00, run_after=2025-03-30 00:00:00+00:00
[2025-03-30T13:59:18.480+0000] {processor.py:208} INFO - Processing /home/airflow/.local/lib/python3.12/site-packages/airflow/example_dags/example_branch_operator_decorator.py took 0.116 seconds
[2025-03-30T13:59:48.845+0000] {processor.py:186} INFO - Started process (PID=436) to work on /home/airflow/.local/lib/python3.12/site-packages/airflow/example_dags/example_branch_operator_decorator.py
[2025-03-30T13:59:48.846+0000] {processor.py:914} INFO - Processing file /home/airflow/.local/lib/python3.12/site-packages/airflow/example_dags/example_branch_operator_decorator.py for tasks to queue
[2025-03-30T13:59:48.848+0000] {logging_mixin.py:190} INFO - [2025-03-30T13:59:48.848+0000] {dagbag.py:588} INFO - Filling up the DagBag from /home/airflow/.local/lib/python3.12/site-packages/airflow/example_dags/example_branch_operator_decorator.py
[2025-03-30T13:59:48.865+0000] {processor.py:925} INFO - DAG(s) 'example_branch_python_operator_decorator' retrieved from /home/airflow/.local/lib/python3.12/site-packages/airflow/example_dags/example_branch_operator_decorator.py
[2025-03-30T13:59:48.888+0000] {logging_mixin.py:190} INFO - [2025-03-30T13:59:48.888+0000] {dag.py:3239} INFO - Sync 1 DAGs
[2025-03-30T13:59:48.909+0000] {logging_mixin.py:190} INFO - [2025-03-30T13:59:48.908+0000] {dag.py:4180} INFO - Setting next_dagrun for example_branch_python_operator_decorator to 2025-03-29 00:00:00+00:00, run_after=2025-03-30 00:00:00+00:00
[2025-03-30T13:59:48.923+0000] {processor.py:208} INFO - Processing /home/airflow/.local/lib/python3.12/site-packages/airflow/example_dags/example_branch_operator_decorator.py took 0.082 seconds
[2025-03-30T14:00:18.959+0000] {processor.py:186} INFO - Started process (PID=523) to work on /home/airflow/.local/lib/python3.12/site-packages/airflow/example_dags/example_branch_operator_decorator.py
[2025-03-30T14:00:18.960+0000] {processor.py:914} INFO - Processing file /home/airflow/.local/lib/python3.12/site-packages/airflow/example_dags/example_branch_operator_decorator.py for tasks to queue
[2025-03-30T14:00:18.962+0000] {logging_mixin.py:190} INFO - [2025-03-30T14:00:18.961+0000] {dagbag.py:588} INFO - Filling up the DagBag from /home/airflow/.local/lib/python3.12/site-packages/airflow/example_dags/example_branch_operator_decorator.py
[2025-03-30T14:00:18.984+0000] {processor.py:925} INFO - DAG(s) 'example_branch_python_operator_decorator' retrieved from /home/airflow/.local/lib/python3.12/site-packages/airflow/example_dags/example_branch_operator_decorator.py
[2025-03-30T14:00:19.012+0000] {logging_mixin.py:190} INFO - [2025-03-30T14:00:19.011+0000] {dag.py:3239} INFO - Sync 1 DAGs
[2025-03-30T14:00:19.038+0000] {logging_mixin.py:190} INFO - [2025-03-30T14:00:19.038+0000] {dag.py:4180} INFO - Setting next_dagrun for example_branch_python_operator_decorator to 2025-03-29 00:00:00+00:00, run_after=2025-03-30 00:00:00+00:00
[2025-03-30T14:00:19.057+0000] {processor.py:208} INFO - Processing /home/airflow/.local/lib/python3.12/site-packages/airflow/example_dags/example_branch_operator_decorator.py took 0.104 seconds
[2025-03-30T14:00:49.549+0000] {processor.py:186} INFO - Started process (PID=598) to work on /home/airflow/.local/lib/python3.12/site-packages/airflow/example_dags/example_branch_operator_decorator.py
[2025-03-30T14:00:49.550+0000] {processor.py:914} INFO - Processing file /home/airflow/.local/lib/python3.12/site-packages/airflow/example_dags/example_branch_operator_decorator.py for tasks to queue
[2025-03-30T14:00:49.552+0000] {logging_mixin.py:190} INFO - [2025-03-30T14:00:49.552+0000] {dagbag.py:588} INFO - Filling up the DagBag from /home/airflow/.local/lib/python3.12/site-packages/airflow/example_dags/example_branch_operator_decorator.py
[2025-03-30T14:00:49.574+0000] {processor.py:925} INFO - DAG(s) 'example_branch_python_operator_decorator' retrieved from /home/airflow/.local/lib/python3.12/site-packages/airflow/example_dags/example_branch_operator_decorator.py
[2025-03-30T14:00:49.615+0000] {logging_mixin.py:190} INFO - [2025-03-30T14:00:49.615+0000] {dag.py:3239} INFO - Sync 1 DAGs
[2025-03-30T14:00:49.645+0000] {logging_mixin.py:190} INFO - [2025-03-30T14:00:49.644+0000] {dag.py:4180} INFO - Setting next_dagrun for example_branch_python_operator_decorator to 2025-03-29 00:00:00+00:00, run_after=2025-03-30 00:00:00+00:00
[2025-03-30T14:00:49.665+0000] {processor.py:208} INFO - Processing /home/airflow/.local/lib/python3.12/site-packages/airflow/example_dags/example_branch_operator_decorator.py took 0.121 seconds
[2025-03-30T14:01:20.536+0000] {processor.py:186} INFO - Started process (PID=673) to work on /home/airflow/.local/lib/python3.12/site-packages/airflow/example_dags/example_branch_operator_decorator.py
[2025-03-30T14:01:20.537+0000] {processor.py:914} INFO - Processing file /home/airflow/.local/lib/python3.12/site-packages/airflow/example_dags/example_branch_operator_decorator.py for tasks to queue
[2025-03-30T14:01:20.540+0000] {logging_mixin.py:190} INFO - [2025-03-30T14:01:20.539+0000] {dagbag.py:588} INFO - Filling up the DagBag from /home/airflow/.local/lib/python3.12/site-packages/airflow/example_dags/example_branch_operator_decorator.py
[2025-03-30T14:01:20.561+0000] {processor.py:925} INFO - DAG(s) 'example_branch_python_operator_decorator' retrieved from /home/airflow/.local/lib/python3.12/site-packages/airflow/example_dags/example_branch_operator_decorator.py
[2025-03-30T14:01:20.592+0000] {logging_mixin.py:190} INFO - [2025-03-30T14:01:20.592+0000] {dag.py:3239} INFO - Sync 1 DAGs
[2025-03-30T14:01:20.620+0000] {logging_mixin.py:190} INFO - [2025-03-30T14:01:20.620+0000] {dag.py:4180} INFO - Setting next_dagrun for example_branch_python_operator_decorator to 2025-03-29 00:00:00+00:00, run_after=2025-03-30 00:00:00+00:00
[2025-03-30T14:01:20.653+0000] {processor.py:208} INFO - Processing /home/airflow/.local/lib/python3.12/site-packages/airflow/example_dags/example_branch_operator_decorator.py took 0.124 seconds
[2025-03-30T14:01:50.791+0000] {processor.py:186} INFO - Started process (PID=760) to work on /home/airflow/.local/lib/python3.12/site-packages/airflow/example_dags/example_branch_operator_decorator.py
[2025-03-30T14:01:50.792+0000] {processor.py:914} INFO - Processing file /home/airflow/.local/lib/python3.12/site-packages/airflow/example_dags/example_branch_operator_decorator.py for tasks to queue
[2025-03-30T14:01:50.795+0000] {logging_mixin.py:190} INFO - [2025-03-30T14:01:50.794+0000] {dagbag.py:588} INFO - Filling up the DagBag from /home/airflow/.local/lib/python3.12/site-packages/airflow/example_dags/example_branch_operator_decorator.py
[2025-03-30T14:01:50.815+0000] {processor.py:925} INFO - DAG(s) 'example_branch_python_operator_decorator' retrieved from /home/airflow/.local/lib/python3.12/site-packages/airflow/example_dags/example_branch_operator_decorator.py
[2025-03-30T14:01:50.845+0000] {logging_mixin.py:190} INFO - [2025-03-30T14:01:50.844+0000] {dag.py:3239} INFO - Sync 1 DAGs
[2025-03-30T14:01:50.871+0000] {logging_mixin.py:190} INFO - [2025-03-30T14:01:50.871+0000] {dag.py:4180} INFO - Setting next_dagrun for example_branch_python_operator_decorator to 2025-03-29 00:00:00+00:00, run_after=2025-03-30 00:00:00+00:00
[2025-03-30T14:01:50.900+0000] {processor.py:208} INFO - Processing /home/airflow/.local/lib/python3.12/site-packages/airflow/example_dags/example_branch_operator_decorator.py took 0.115 seconds
[2025-03-30T14:02:21.837+0000] {processor.py:186} INFO - Started process (PID=824) to work on /home/airflow/.local/lib/python3.12/site-packages/airflow/example_dags/example_branch_operator_decorator.py
[2025-03-30T14:02:21.838+0000] {processor.py:914} INFO - Processing file /home/airflow/.local/lib/python3.12/site-packages/airflow/example_dags/example_branch_operator_decorator.py for tasks to queue
[2025-03-30T14:02:21.843+0000] {logging_mixin.py:190} INFO - [2025-03-30T14:02:21.842+0000] {dagbag.py:588} INFO - Filling up the DagBag from /home/airflow/.local/lib/python3.12/site-packages/airflow/example_dags/example_branch_operator_decorator.py
[2025-03-30T14:02:21.863+0000] {processor.py:925} INFO - DAG(s) 'example_branch_python_operator_decorator' retrieved from /home/airflow/.local/lib/python3.12/site-packages/airflow/example_dags/example_branch_operator_decorator.py
[2025-03-30T14:02:21.890+0000] {logging_mixin.py:190} INFO - [2025-03-30T14:02:21.890+0000] {dag.py:3239} INFO - Sync 1 DAGs
[2025-03-30T14:02:21.921+0000] {logging_mixin.py:190} INFO - [2025-03-30T14:02:21.921+0000] {dag.py:4180} INFO - Setting next_dagrun for example_branch_python_operator_decorator to 2025-03-29 00:00:00+00:00, run_after=2025-03-30 00:00:00+00:00
[2025-03-30T14:02:21.973+0000] {processor.py:208} INFO - Processing /home/airflow/.local/lib/python3.12/site-packages/airflow/example_dags/example_branch_operator_decorator.py took 0.143 seconds
[2025-03-30T14:02:52.479+0000] {processor.py:186} INFO - Started process (PID=898) to work on /home/airflow/.local/lib/python3.12/site-packages/airflow/example_dags/example_branch_operator_decorator.py
[2025-03-30T14:02:52.480+0000] {processor.py:914} INFO - Processing file /home/airflow/.local/lib/python3.12/site-packages/airflow/example_dags/example_branch_operator_decorator.py for tasks to queue
[2025-03-30T14:02:52.482+0000] {logging_mixin.py:190} INFO - [2025-03-30T14:02:52.482+0000] {dagbag.py:588} INFO - Filling up the DagBag from /home/airflow/.local/lib/python3.12/site-packages/airflow/example_dags/example_branch_operator_decorator.py
[2025-03-30T14:02:52.499+0000] {processor.py:925} INFO - DAG(s) 'example_branch_python_operator_decorator' retrieved from /home/airflow/.local/lib/python3.12/site-packages/airflow/example_dags/example_branch_operator_decorator.py
[2025-03-30T14:02:52.524+0000] {logging_mixin.py:190} INFO - [2025-03-30T14:02:52.524+0000] {dag.py:3239} INFO - Sync 1 DAGs
[2025-03-30T14:02:52.546+0000] {logging_mixin.py:190} INFO - [2025-03-30T14:02:52.546+0000] {dag.py:4180} INFO - Setting next_dagrun for example_branch_python_operator_decorator to 2025-03-29 00:00:00+00:00, run_after=2025-03-30 00:00:00+00:00
[2025-03-30T14:02:52.566+0000] {processor.py:208} INFO - Processing /home/airflow/.local/lib/python3.12/site-packages/airflow/example_dags/example_branch_operator_decorator.py took 0.092 seconds
[2025-03-30T14:03:22.898+0000] {processor.py:186} INFO - Started process (PID=973) to work on /home/airflow/.local/lib/python3.12/site-packages/airflow/example_dags/example_branch_operator_decorator.py
[2025-03-30T14:03:22.899+0000] {processor.py:914} INFO - Processing file /home/airflow/.local/lib/python3.12/site-packages/airflow/example_dags/example_branch_operator_decorator.py for tasks to queue
[2025-03-30T14:03:22.901+0000] {logging_mixin.py:190} INFO - [2025-03-30T14:03:22.900+0000] {dagbag.py:588} INFO - Filling up the DagBag from /home/airflow/.local/lib/python3.12/site-packages/airflow/example_dags/example_branch_operator_decorator.py
[2025-03-30T14:03:22.918+0000] {processor.py:925} INFO - DAG(s) 'example_branch_python_operator_decorator' retrieved from /home/airflow/.local/lib/python3.12/site-packages/airflow/example_dags/example_branch_operator_decorator.py
[2025-03-30T14:03:22.945+0000] {logging_mixin.py:190} INFO - [2025-03-30T14:03:22.945+0000] {dag.py:3239} INFO - Sync 1 DAGs
[2025-03-30T14:03:22.966+0000] {logging_mixin.py:190} INFO - [2025-03-30T14:03:22.965+0000] {dag.py:4180} INFO - Setting next_dagrun for example_branch_python_operator_decorator to 2025-03-29 00:00:00+00:00, run_after=2025-03-30 00:00:00+00:00
[2025-03-30T14:03:22.984+0000] {processor.py:208} INFO - Processing /home/airflow/.local/lib/python3.12/site-packages/airflow/example_dags/example_branch_operator_decorator.py took 0.091 seconds
[2025-03-30T14:03:53.395+0000] {processor.py:186} INFO - Started process (PID=1048) to work on /home/airflow/.local/lib/python3.12/site-packages/airflow/example_dags/example_branch_operator_decorator.py
[2025-03-30T14:03:53.396+0000] {processor.py:914} INFO - Processing file /home/airflow/.local/lib/python3.12/site-packages/airflow/example_dags/example_branch_operator_decorator.py for tasks to queue
[2025-03-30T14:03:53.398+0000] {logging_mixin.py:190} INFO - [2025-03-30T14:03:53.397+0000] {dagbag.py:588} INFO - Filling up the DagBag from /home/airflow/.local/lib/python3.12/site-packages/airflow/example_dags/example_branch_operator_decorator.py
[2025-03-30T14:03:53.414+0000] {processor.py:925} INFO - DAG(s) 'example_branch_python_operator_decorator' retrieved from /home/airflow/.local/lib/python3.12/site-packages/airflow/example_dags/example_branch_operator_decorator.py
[2025-03-30T14:03:53.436+0000] {logging_mixin.py:190} INFO - [2025-03-30T14:03:53.435+0000] {dag.py:3239} INFO - Sync 1 DAGs
[2025-03-30T14:03:53.454+0000] {logging_mixin.py:190} INFO - [2025-03-30T14:03:53.454+0000] {dag.py:4180} INFO - Setting next_dagrun for example_branch_python_operator_decorator to 2025-03-29 00:00:00+00:00, run_after=2025-03-30 00:00:00+00:00
[2025-03-30T14:03:53.479+0000] {processor.py:208} INFO - Processing /home/airflow/.local/lib/python3.12/site-packages/airflow/example_dags/example_branch_operator_decorator.py took 0.089 seconds
[2025-03-30T14:04:23.823+0000] {processor.py:186} INFO - Started process (PID=1123) to work on /home/airflow/.local/lib/python3.12/site-packages/airflow/example_dags/example_branch_operator_decorator.py
[2025-03-30T14:04:23.824+0000] {processor.py:914} INFO - Processing file /home/airflow/.local/lib/python3.12/site-packages/airflow/example_dags/example_branch_operator_decorator.py for tasks to queue
[2025-03-30T14:04:23.826+0000] {logging_mixin.py:190} INFO - [2025-03-30T14:04:23.826+0000] {dagbag.py:588} INFO - Filling up the DagBag from /home/airflow/.local/lib/python3.12/site-packages/airflow/example_dags/example_branch_operator_decorator.py
[2025-03-30T14:04:23.846+0000] {processor.py:925} INFO - DAG(s) 'example_branch_python_operator_decorator' retrieved from /home/airflow/.local/lib/python3.12/site-packages/airflow/example_dags/example_branch_operator_decorator.py
[2025-03-30T14:04:23.872+0000] {logging_mixin.py:190} INFO - [2025-03-30T14:04:23.871+0000] {dag.py:3239} INFO - Sync 1 DAGs
[2025-03-30T14:04:23.889+0000] {logging_mixin.py:190} INFO - [2025-03-30T14:04:23.889+0000] {dag.py:4180} INFO - Setting next_dagrun for example_branch_python_operator_decorator to 2025-03-29 00:00:00+00:00, run_after=2025-03-30 00:00:00+00:00
[2025-03-30T14:04:23.903+0000] {processor.py:208} INFO - Processing /home/airflow/.local/lib/python3.12/site-packages/airflow/example_dags/example_branch_operator_decorator.py took 0.085 seconds
[2025-03-30T14:04:53.957+0000] {processor.py:186} INFO - Started process (PID=1210) to work on /home/airflow/.local/lib/python3.12/site-packages/airflow/example_dags/example_branch_operator_decorator.py
[2025-03-30T14:04:53.957+0000] {processor.py:914} INFO - Processing file /home/airflow/.local/lib/python3.12/site-packages/airflow/example_dags/example_branch_operator_decorator.py for tasks to queue
[2025-03-30T14:04:53.960+0000] {logging_mixin.py:190} INFO - [2025-03-30T14:04:53.959+0000] {dagbag.py:588} INFO - Filling up the DagBag from /home/airflow/.local/lib/python3.12/site-packages/airflow/example_dags/example_branch_operator_decorator.py
[2025-03-30T14:04:53.978+0000] {processor.py:925} INFO - DAG(s) 'example_branch_python_operator_decorator' retrieved from /home/airflow/.local/lib/python3.12/site-packages/airflow/example_dags/example_branch_operator_decorator.py
[2025-03-30T14:04:54.002+0000] {logging_mixin.py:190} INFO - [2025-03-30T14:04:54.002+0000] {dag.py:3239} INFO - Sync 1 DAGs
[2025-03-30T14:04:54.025+0000] {logging_mixin.py:190} INFO - [2025-03-30T14:04:54.025+0000] {dag.py:4180} INFO - Setting next_dagrun for example_branch_python_operator_decorator to 2025-03-29 00:00:00+00:00, run_after=2025-03-30 00:00:00+00:00
[2025-03-30T14:04:54.044+0000] {processor.py:208} INFO - Processing /home/airflow/.local/lib/python3.12/site-packages/airflow/example_dags/example_branch_operator_decorator.py took 0.092 seconds
[2025-03-30T14:05:24.127+0000] {processor.py:186} INFO - Started process (PID=1285) to work on /home/airflow/.local/lib/python3.12/site-packages/airflow/example_dags/example_branch_operator_decorator.py
[2025-03-30T14:05:24.128+0000] {processor.py:914} INFO - Processing file /home/airflow/.local/lib/python3.12/site-packages/airflow/example_dags/example_branch_operator_decorator.py for tasks to queue
[2025-03-30T14:05:24.130+0000] {logging_mixin.py:190} INFO - [2025-03-30T14:05:24.129+0000] {dagbag.py:588} INFO - Filling up the DagBag from /home/airflow/.local/lib/python3.12/site-packages/airflow/example_dags/example_branch_operator_decorator.py
[2025-03-30T14:05:24.147+0000] {processor.py:925} INFO - DAG(s) 'example_branch_python_operator_decorator' retrieved from /home/airflow/.local/lib/python3.12/site-packages/airflow/example_dags/example_branch_operator_decorator.py
[2025-03-30T14:05:24.170+0000] {logging_mixin.py:190} INFO - [2025-03-30T14:05:24.170+0000] {dag.py:3239} INFO - Sync 1 DAGs
[2025-03-30T14:05:24.190+0000] {logging_mixin.py:190} INFO - [2025-03-30T14:05:24.189+0000] {dag.py:4180} INFO - Setting next_dagrun for example_branch_python_operator_decorator to 2025-03-29 00:00:00+00:00, run_after=2025-03-30 00:00:00+00:00
[2025-03-30T14:05:24.209+0000] {processor.py:208} INFO - Processing /home/airflow/.local/lib/python3.12/site-packages/airflow/example_dags/example_branch_operator_decorator.py took 0.087 seconds
[2025-03-30T14:05:54.251+0000] {processor.py:186} INFO - Started process (PID=1360) to work on /home/airflow/.local/lib/python3.12/site-packages/airflow/example_dags/example_branch_operator_decorator.py
[2025-03-30T14:05:54.252+0000] {processor.py:914} INFO - Processing file /home/airflow/.local/lib/python3.12/site-packages/airflow/example_dags/example_branch_operator_decorator.py for tasks to queue
[2025-03-30T14:05:54.254+0000] {logging_mixin.py:190} INFO - [2025-03-30T14:05:54.253+0000] {dagbag.py:588} INFO - Filling up the DagBag from /home/airflow/.local/lib/python3.12/site-packages/airflow/example_dags/example_branch_operator_decorator.py
[2025-03-30T14:05:54.270+0000] {processor.py:925} INFO - DAG(s) 'example_branch_python_operator_decorator' retrieved from /home/airflow/.local/lib/python3.12/site-packages/airflow/example_dags/example_branch_operator_decorator.py
[2025-03-30T14:05:54.293+0000] {logging_mixin.py:190} INFO - [2025-03-30T14:05:54.293+0000] {dag.py:3239} INFO - Sync 1 DAGs
[2025-03-30T14:05:54.311+0000] {logging_mixin.py:190} INFO - [2025-03-30T14:05:54.311+0000] {dag.py:4180} INFO - Setting next_dagrun for example_branch_python_operator_decorator to 2025-03-29 00:00:00+00:00, run_after=2025-03-30 00:00:00+00:00
[2025-03-30T14:05:54.328+0000] {processor.py:208} INFO - Processing /home/airflow/.local/lib/python3.12/site-packages/airflow/example_dags/example_branch_operator_decorator.py took 0.082 seconds
[2025-03-30T14:06:24.488+0000] {processor.py:186} INFO - Started process (PID=1435) to work on /home/airflow/.local/lib/python3.12/site-packages/airflow/example_dags/example_branch_operator_decorator.py
[2025-03-30T14:06:24.489+0000] {processor.py:914} INFO - Processing file /home/airflow/.local/lib/python3.12/site-packages/airflow/example_dags/example_branch_operator_decorator.py for tasks to queue
[2025-03-30T14:06:24.490+0000] {logging_mixin.py:190} INFO - [2025-03-30T14:06:24.490+0000] {dagbag.py:588} INFO - Filling up the DagBag from /home/airflow/.local/lib/python3.12/site-packages/airflow/example_dags/example_branch_operator_decorator.py
[2025-03-30T14:06:24.508+0000] {processor.py:925} INFO - DAG(s) 'example_branch_python_operator_decorator' retrieved from /home/airflow/.local/lib/python3.12/site-packages/airflow/example_dags/example_branch_operator_decorator.py
[2025-03-30T14:06:24.533+0000] {logging_mixin.py:190} INFO - [2025-03-30T14:06:24.532+0000] {dag.py:3239} INFO - Sync 1 DAGs
[2025-03-30T14:06:24.556+0000] {logging_mixin.py:190} INFO - [2025-03-30T14:06:24.555+0000] {dag.py:4180} INFO - Setting next_dagrun for example_branch_python_operator_decorator to 2025-03-29 00:00:00+00:00, run_after=2025-03-30 00:00:00+00:00
[2025-03-30T14:06:24.571+0000] {processor.py:208} INFO - Processing /home/airflow/.local/lib/python3.12/site-packages/airflow/example_dags/example_branch_operator_decorator.py took 0.087 seconds
[2025-03-30T14:06:55.365+0000] {processor.py:186} INFO - Started process (PID=1532) to work on /home/airflow/.local/lib/python3.12/site-packages/airflow/example_dags/example_branch_operator_decorator.py
[2025-03-30T14:06:55.369+0000] {processor.py:914} INFO - Processing file /home/airflow/.local/lib/python3.12/site-packages/airflow/example_dags/example_branch_operator_decorator.py for tasks to queue
[2025-03-30T14:06:55.372+0000] {logging_mixin.py:190} INFO - [2025-03-30T14:06:55.371+0000] {dagbag.py:588} INFO - Filling up the DagBag from /home/airflow/.local/lib/python3.12/site-packages/airflow/example_dags/example_branch_operator_decorator.py
[2025-03-30T14:06:55.404+0000] {processor.py:925} INFO - DAG(s) 'example_branch_python_operator_decorator' retrieved from /home/airflow/.local/lib/python3.12/site-packages/airflow/example_dags/example_branch_operator_decorator.py
[2025-03-30T14:06:55.429+0000] {logging_mixin.py:190} INFO - [2025-03-30T14:06:55.429+0000] {dag.py:3239} INFO - Sync 1 DAGs
[2025-03-30T14:06:55.451+0000] {logging_mixin.py:190} INFO - [2025-03-30T14:06:55.451+0000] {dag.py:4180} INFO - Setting next_dagrun for example_branch_python_operator_decorator to 2025-03-29 00:00:00+00:00, run_after=2025-03-30 00:00:00+00:00
[2025-03-30T14:06:55.466+0000] {processor.py:208} INFO - Processing /home/airflow/.local/lib/python3.12/site-packages/airflow/example_dags/example_branch_operator_decorator.py took 0.109 seconds
[2025-03-30T14:07:25.509+0000] {processor.py:186} INFO - Started process (PID=1607) to work on /home/airflow/.local/lib/python3.12/site-packages/airflow/example_dags/example_branch_operator_decorator.py
[2025-03-30T14:07:25.510+0000] {processor.py:914} INFO - Processing file /home/airflow/.local/lib/python3.12/site-packages/airflow/example_dags/example_branch_operator_decorator.py for tasks to queue
[2025-03-30T14:07:25.511+0000] {logging_mixin.py:190} INFO - [2025-03-30T14:07:25.511+0000] {dagbag.py:588} INFO - Filling up the DagBag from /home/airflow/.local/lib/python3.12/site-packages/airflow/example_dags/example_branch_operator_decorator.py
[2025-03-30T14:07:25.528+0000] {processor.py:925} INFO - DAG(s) 'example_branch_python_operator_decorator' retrieved from /home/airflow/.local/lib/python3.12/site-packages/airflow/example_dags/example_branch_operator_decorator.py
[2025-03-30T14:07:25.551+0000] {logging_mixin.py:190} INFO - [2025-03-30T14:07:25.551+0000] {dag.py:3239} INFO - Sync 1 DAGs
[2025-03-30T14:07:25.570+0000] {logging_mixin.py:190} INFO - [2025-03-30T14:07:25.570+0000] {dag.py:4180} INFO - Setting next_dagrun for example_branch_python_operator_decorator to 2025-03-29 00:00:00+00:00, run_after=2025-03-30 00:00:00+00:00
[2025-03-30T14:07:25.597+0000] {processor.py:208} INFO - Processing /home/airflow/.local/lib/python3.12/site-packages/airflow/example_dags/example_branch_operator_decorator.py took 0.096 seconds
[2025-03-30T14:07:56.091+0000] {processor.py:186} INFO - Started process (PID=1682) to work on /home/airflow/.local/lib/python3.12/site-packages/airflow/example_dags/example_branch_operator_decorator.py
[2025-03-30T14:07:56.092+0000] {processor.py:914} INFO - Processing file /home/airflow/.local/lib/python3.12/site-packages/airflow/example_dags/example_branch_operator_decorator.py for tasks to queue
[2025-03-30T14:07:56.093+0000] {logging_mixin.py:190} INFO - [2025-03-30T14:07:56.093+0000] {dagbag.py:588} INFO - Filling up the DagBag from /home/airflow/.local/lib/python3.12/site-packages/airflow/example_dags/example_branch_operator_decorator.py
[2025-03-30T14:07:56.115+0000] {processor.py:925} INFO - DAG(s) 'example_branch_python_operator_decorator' retrieved from /home/airflow/.local/lib/python3.12/site-packages/airflow/example_dags/example_branch_operator_decorator.py
[2025-03-30T14:07:56.140+0000] {logging_mixin.py:190} INFO - [2025-03-30T14:07:56.140+0000] {dag.py:3239} INFO - Sync 1 DAGs
[2025-03-30T14:07:56.162+0000] {logging_mixin.py:190} INFO - [2025-03-30T14:07:56.162+0000] {dag.py:4180} INFO - Setting next_dagrun for example_branch_python_operator_decorator to 2025-03-29 00:00:00+00:00, run_after=2025-03-30 00:00:00+00:00
[2025-03-30T14:07:56.187+0000] {processor.py:208} INFO - Processing /home/airflow/.local/lib/python3.12/site-packages/airflow/example_dags/example_branch_operator_decorator.py took 0.104 seconds
[2025-03-30T14:08:27.045+0000] {processor.py:186} INFO - Started process (PID=1757) to work on /home/airflow/.local/lib/python3.12/site-packages/airflow/example_dags/example_branch_operator_decorator.py
[2025-03-30T14:08:27.050+0000] {processor.py:914} INFO - Processing file /home/airflow/.local/lib/python3.12/site-packages/airflow/example_dags/example_branch_operator_decorator.py for tasks to queue
[2025-03-30T14:08:27.052+0000] {logging_mixin.py:190} INFO - [2025-03-30T14:08:27.052+0000] {dagbag.py:588} INFO - Filling up the DagBag from /home/airflow/.local/lib/python3.12/site-packages/airflow/example_dags/example_branch_operator_decorator.py
[2025-03-30T14:08:27.087+0000] {processor.py:925} INFO - DAG(s) 'example_branch_python_operator_decorator' retrieved from /home/airflow/.local/lib/python3.12/site-packages/airflow/example_dags/example_branch_operator_decorator.py
[2025-03-30T14:08:27.130+0000] {logging_mixin.py:190} INFO - [2025-03-30T14:08:27.130+0000] {dag.py:3239} INFO - Sync 1 DAGs
[2025-03-30T14:08:27.166+0000] {logging_mixin.py:190} INFO - [2025-03-30T14:08:27.166+0000] {dag.py:4180} INFO - Setting next_dagrun for example_branch_python_operator_decorator to 2025-03-29 00:00:00+00:00, run_after=2025-03-30 00:00:00+00:00
[2025-03-30T14:08:27.194+0000] {processor.py:208} INFO - Processing /home/airflow/.local/lib/python3.12/site-packages/airflow/example_dags/example_branch_operator_decorator.py took 0.163 seconds
[2025-03-30T14:08:57.776+0000] {processor.py:186} INFO - Started process (PID=1832) to work on /home/airflow/.local/lib/python3.12/site-packages/airflow/example_dags/example_branch_operator_decorator.py
[2025-03-30T14:08:57.777+0000] {processor.py:914} INFO - Processing file /home/airflow/.local/lib/python3.12/site-packages/airflow/example_dags/example_branch_operator_decorator.py for tasks to queue
[2025-03-30T14:08:57.779+0000] {logging_mixin.py:190} INFO - [2025-03-30T14:08:57.778+0000] {dagbag.py:588} INFO - Filling up the DagBag from /home/airflow/.local/lib/python3.12/site-packages/airflow/example_dags/example_branch_operator_decorator.py
[2025-03-30T14:08:57.801+0000] {processor.py:925} INFO - DAG(s) 'example_branch_python_operator_decorator' retrieved from /home/airflow/.local/lib/python3.12/site-packages/airflow/example_dags/example_branch_operator_decorator.py
[2025-03-30T14:08:57.827+0000] {logging_mixin.py:190} INFO - [2025-03-30T14:08:57.827+0000] {dag.py:3239} INFO - Sync 1 DAGs
[2025-03-30T14:08:57.850+0000] {logging_mixin.py:190} INFO - [2025-03-30T14:08:57.849+0000] {dag.py:4180} INFO - Setting next_dagrun for example_branch_python_operator_decorator to 2025-03-29 00:00:00+00:00, run_after=2025-03-30 00:00:00+00:00
[2025-03-30T14:08:57.870+0000] {processor.py:208} INFO - Processing /home/airflow/.local/lib/python3.12/site-packages/airflow/example_dags/example_branch_operator_decorator.py took 0.102 seconds
[2025-03-30T14:09:27.947+0000] {processor.py:186} INFO - Started process (PID=1895) to work on /home/airflow/.local/lib/python3.12/site-packages/airflow/example_dags/example_branch_operator_decorator.py
[2025-03-30T14:09:27.948+0000] {processor.py:914} INFO - Processing file /home/airflow/.local/lib/python3.12/site-packages/airflow/example_dags/example_branch_operator_decorator.py for tasks to queue
[2025-03-30T14:09:27.949+0000] {logging_mixin.py:190} INFO - [2025-03-30T14:09:27.949+0000] {dagbag.py:588} INFO - Filling up the DagBag from /home/airflow/.local/lib/python3.12/site-packages/airflow/example_dags/example_branch_operator_decorator.py
[2025-03-30T14:09:27.966+0000] {processor.py:925} INFO - DAG(s) 'example_branch_python_operator_decorator' retrieved from /home/airflow/.local/lib/python3.12/site-packages/airflow/example_dags/example_branch_operator_decorator.py
[2025-03-30T14:09:27.988+0000] {logging_mixin.py:190} INFO - [2025-03-30T14:09:27.988+0000] {dag.py:3239} INFO - Sync 1 DAGs
[2025-03-30T14:09:28.008+0000] {logging_mixin.py:190} INFO - [2025-03-30T14:09:28.008+0000] {dag.py:4180} INFO - Setting next_dagrun for example_branch_python_operator_decorator to 2025-03-29 00:00:00+00:00, run_after=2025-03-30 00:00:00+00:00
[2025-03-30T14:09:28.023+0000] {processor.py:208} INFO - Processing /home/airflow/.local/lib/python3.12/site-packages/airflow/example_dags/example_branch_operator_decorator.py took 0.083 seconds
[2025-03-30T14:09:58.832+0000] {processor.py:186} INFO - Started process (PID=1970) to work on /home/airflow/.local/lib/python3.12/site-packages/airflow/example_dags/example_branch_operator_decorator.py
[2025-03-30T14:09:58.834+0000] {processor.py:914} INFO - Processing file /home/airflow/.local/lib/python3.12/site-packages/airflow/example_dags/example_branch_operator_decorator.py for tasks to queue
[2025-03-30T14:09:58.838+0000] {logging_mixin.py:190} INFO - [2025-03-30T14:09:58.838+0000] {dagbag.py:588} INFO - Filling up the DagBag from /home/airflow/.local/lib/python3.12/site-packages/airflow/example_dags/example_branch_operator_decorator.py
[2025-03-30T14:09:58.875+0000] {processor.py:925} INFO - DAG(s) 'example_branch_python_operator_decorator' retrieved from /home/airflow/.local/lib/python3.12/site-packages/airflow/example_dags/example_branch_operator_decorator.py
[2025-03-30T14:09:58.934+0000] {logging_mixin.py:190} INFO - [2025-03-30T14:09:58.934+0000] {dag.py:3239} INFO - Sync 1 DAGs
[2025-03-30T14:09:58.966+0000] {logging_mixin.py:190} INFO - [2025-03-30T14:09:58.965+0000] {dag.py:4180} INFO - Setting next_dagrun for example_branch_python_operator_decorator to 2025-03-29 00:00:00+00:00, run_after=2025-03-30 00:00:00+00:00
[2025-03-30T14:09:59.004+0000] {processor.py:208} INFO - Processing /home/airflow/.local/lib/python3.12/site-packages/airflow/example_dags/example_branch_operator_decorator.py took 0.184 seconds
[2025-03-30T14:10:29.494+0000] {processor.py:186} INFO - Started process (PID=2045) to work on /home/airflow/.local/lib/python3.12/site-packages/airflow/example_dags/example_branch_operator_decorator.py
[2025-03-30T14:10:29.500+0000] {processor.py:914} INFO - Processing file /home/airflow/.local/lib/python3.12/site-packages/airflow/example_dags/example_branch_operator_decorator.py for tasks to queue
[2025-03-30T14:10:29.506+0000] {logging_mixin.py:190} INFO - [2025-03-30T14:10:29.502+0000] {dagbag.py:588} INFO - Filling up the DagBag from /home/airflow/.local/lib/python3.12/site-packages/airflow/example_dags/example_branch_operator_decorator.py
[2025-03-30T14:10:29.566+0000] {processor.py:925} INFO - DAG(s) 'example_branch_python_operator_decorator' retrieved from /home/airflow/.local/lib/python3.12/site-packages/airflow/example_dags/example_branch_operator_decorator.py
[2025-03-30T14:10:29.606+0000] {logging_mixin.py:190} INFO - [2025-03-30T14:10:29.606+0000] {dag.py:3239} INFO - Sync 1 DAGs
[2025-03-30T14:10:29.655+0000] {logging_mixin.py:190} INFO - [2025-03-30T14:10:29.653+0000] {dag.py:4180} INFO - Setting next_dagrun for example_branch_python_operator_decorator to 2025-03-29 00:00:00+00:00, run_after=2025-03-30 00:00:00+00:00
[2025-03-30T14:10:29.695+0000] {processor.py:208} INFO - Processing /home/airflow/.local/lib/python3.12/site-packages/airflow/example_dags/example_branch_operator_decorator.py took 0.228 seconds
[2025-03-30T14:11:00.320+0000] {processor.py:186} INFO - Started process (PID=2120) to work on /home/airflow/.local/lib/python3.12/site-packages/airflow/example_dags/example_branch_operator_decorator.py
[2025-03-30T14:11:00.323+0000] {processor.py:914} INFO - Processing file /home/airflow/.local/lib/python3.12/site-packages/airflow/example_dags/example_branch_operator_decorator.py for tasks to queue
[2025-03-30T14:11:00.327+0000] {logging_mixin.py:190} INFO - [2025-03-30T14:11:00.326+0000] {dagbag.py:588} INFO - Filling up the DagBag from /home/airflow/.local/lib/python3.12/site-packages/airflow/example_dags/example_branch_operator_decorator.py
[2025-03-30T14:11:00.379+0000] {processor.py:925} INFO - DAG(s) 'example_branch_python_operator_decorator' retrieved from /home/airflow/.local/lib/python3.12/site-packages/airflow/example_dags/example_branch_operator_decorator.py
[2025-03-30T14:11:00.443+0000] {logging_mixin.py:190} INFO - [2025-03-30T14:11:00.443+0000] {dag.py:3239} INFO - Sync 1 DAGs
[2025-03-30T14:11:00.502+0000] {logging_mixin.py:190} INFO - [2025-03-30T14:11:00.501+0000] {dag.py:4180} INFO - Setting next_dagrun for example_branch_python_operator_decorator to 2025-03-29 00:00:00+00:00, run_after=2025-03-30 00:00:00+00:00
[2025-03-30T14:11:00.557+0000] {processor.py:208} INFO - Processing /home/airflow/.local/lib/python3.12/site-packages/airflow/example_dags/example_branch_operator_decorator.py took 0.250 seconds
[2025-03-30T14:11:30.622+0000] {processor.py:186} INFO - Started process (PID=2195) to work on /home/airflow/.local/lib/python3.12/site-packages/airflow/example_dags/example_branch_operator_decorator.py
[2025-03-30T14:11:30.623+0000] {processor.py:914} INFO - Processing file /home/airflow/.local/lib/python3.12/site-packages/airflow/example_dags/example_branch_operator_decorator.py for tasks to queue
[2025-03-30T14:11:30.624+0000] {logging_mixin.py:190} INFO - [2025-03-30T14:11:30.624+0000] {dagbag.py:588} INFO - Filling up the DagBag from /home/airflow/.local/lib/python3.12/site-packages/airflow/example_dags/example_branch_operator_decorator.py
[2025-03-30T14:11:30.646+0000] {processor.py:925} INFO - DAG(s) 'example_branch_python_operator_decorator' retrieved from /home/airflow/.local/lib/python3.12/site-packages/airflow/example_dags/example_branch_operator_decorator.py
[2025-03-30T14:11:30.675+0000] {logging_mixin.py:190} INFO - [2025-03-30T14:11:30.674+0000] {dag.py:3239} INFO - Sync 1 DAGs
[2025-03-30T14:11:30.698+0000] {logging_mixin.py:190} INFO - [2025-03-30T14:11:30.697+0000] {dag.py:4180} INFO - Setting next_dagrun for example_branch_python_operator_decorator to 2025-03-29 00:00:00+00:00, run_after=2025-03-30 00:00:00+00:00
[2025-03-30T14:11:30.726+0000] {processor.py:208} INFO - Processing /home/airflow/.local/lib/python3.12/site-packages/airflow/example_dags/example_branch_operator_decorator.py took 0.112 seconds
[2025-03-30T14:12:00.765+0000] {processor.py:186} INFO - Started process (PID=2270) to work on /home/airflow/.local/lib/python3.12/site-packages/airflow/example_dags/example_branch_operator_decorator.py
[2025-03-30T14:12:00.766+0000] {processor.py:914} INFO - Processing file /home/airflow/.local/lib/python3.12/site-packages/airflow/example_dags/example_branch_operator_decorator.py for tasks to queue
[2025-03-30T14:12:00.767+0000] {logging_mixin.py:190} INFO - [2025-03-30T14:12:00.767+0000] {dagbag.py:588} INFO - Filling up the DagBag from /home/airflow/.local/lib/python3.12/site-packages/airflow/example_dags/example_branch_operator_decorator.py
[2025-03-30T14:12:00.790+0000] {processor.py:925} INFO - DAG(s) 'example_branch_python_operator_decorator' retrieved from /home/airflow/.local/lib/python3.12/site-packages/airflow/example_dags/example_branch_operator_decorator.py
[2025-03-30T14:12:00.815+0000] {logging_mixin.py:190} INFO - [2025-03-30T14:12:00.815+0000] {dag.py:3239} INFO - Sync 1 DAGs
[2025-03-30T14:12:00.846+0000] {logging_mixin.py:190} INFO - [2025-03-30T14:12:00.845+0000] {dag.py:4180} INFO - Setting next_dagrun for example_branch_python_operator_decorator to 2025-03-29 00:00:00+00:00, run_after=2025-03-30 00:00:00+00:00
[2025-03-30T14:12:00.887+0000] {processor.py:208} INFO - Processing /home/airflow/.local/lib/python3.12/site-packages/airflow/example_dags/example_branch_operator_decorator.py took 0.131 seconds
[2025-03-30T14:12:31.067+0000] {processor.py:186} INFO - Started process (PID=2345) to work on /home/airflow/.local/lib/python3.12/site-packages/airflow/example_dags/example_branch_operator_decorator.py
[2025-03-30T14:12:31.068+0000] {processor.py:914} INFO - Processing file /home/airflow/.local/lib/python3.12/site-packages/airflow/example_dags/example_branch_operator_decorator.py for tasks to queue
[2025-03-30T14:12:31.069+0000] {logging_mixin.py:190} INFO - [2025-03-30T14:12:31.069+0000] {dagbag.py:588} INFO - Filling up the DagBag from /home/airflow/.local/lib/python3.12/site-packages/airflow/example_dags/example_branch_operator_decorator.py
[2025-03-30T14:12:31.122+0000] {processor.py:925} INFO - DAG(s) 'example_branch_python_operator_decorator' retrieved from /home/airflow/.local/lib/python3.12/site-packages/airflow/example_dags/example_branch_operator_decorator.py
[2025-03-30T14:12:31.161+0000] {logging_mixin.py:190} INFO - [2025-03-30T14:12:31.161+0000] {dag.py:3239} INFO - Sync 1 DAGs
[2025-03-30T14:12:31.200+0000] {logging_mixin.py:190} INFO - [2025-03-30T14:12:31.200+0000] {dag.py:4180} INFO - Setting next_dagrun for example_branch_python_operator_decorator to 2025-03-29 00:00:00+00:00, run_after=2025-03-30 00:00:00+00:00
[2025-03-30T14:12:31.236+0000] {processor.py:208} INFO - Processing /home/airflow/.local/lib/python3.12/site-packages/airflow/example_dags/example_branch_operator_decorator.py took 0.185 seconds
[2025-03-30T14:13:01.571+0000] {processor.py:186} INFO - Started process (PID=2420) to work on /home/airflow/.local/lib/python3.12/site-packages/airflow/example_dags/example_branch_operator_decorator.py
[2025-03-30T14:13:01.572+0000] {processor.py:914} INFO - Processing file /home/airflow/.local/lib/python3.12/site-packages/airflow/example_dags/example_branch_operator_decorator.py for tasks to queue
[2025-03-30T14:13:01.573+0000] {logging_mixin.py:190} INFO - [2025-03-30T14:13:01.573+0000] {dagbag.py:588} INFO - Filling up the DagBag from /home/airflow/.local/lib/python3.12/site-packages/airflow/example_dags/example_branch_operator_decorator.py
[2025-03-30T14:13:01.591+0000] {processor.py:925} INFO - DAG(s) 'example_branch_python_operator_decorator' retrieved from /home/airflow/.local/lib/python3.12/site-packages/airflow/example_dags/example_branch_operator_decorator.py
[2025-03-30T14:13:01.615+0000] {logging_mixin.py:190} INFO - [2025-03-30T14:13:01.615+0000] {dag.py:3239} INFO - Sync 1 DAGs
[2025-03-30T14:13:01.636+0000] {logging_mixin.py:190} INFO - [2025-03-30T14:13:01.636+0000] {dag.py:4180} INFO - Setting next_dagrun for example_branch_python_operator_decorator to 2025-03-29 00:00:00+00:00, run_after=2025-03-30 00:00:00+00:00
[2025-03-30T14:13:01.660+0000] {processor.py:208} INFO - Processing /home/airflow/.local/lib/python3.12/site-packages/airflow/example_dags/example_branch_operator_decorator.py took 0.096 seconds
[2025-03-30T14:13:31.704+0000] {processor.py:186} INFO - Started process (PID=2495) to work on /home/airflow/.local/lib/python3.12/site-packages/airflow/example_dags/example_branch_operator_decorator.py
[2025-03-30T14:13:31.705+0000] {processor.py:914} INFO - Processing file /home/airflow/.local/lib/python3.12/site-packages/airflow/example_dags/example_branch_operator_decorator.py for tasks to queue
[2025-03-30T14:13:31.706+0000] {logging_mixin.py:190} INFO - [2025-03-30T14:13:31.706+0000] {dagbag.py:588} INFO - Filling up the DagBag from /home/airflow/.local/lib/python3.12/site-packages/airflow/example_dags/example_branch_operator_decorator.py
[2025-03-30T14:13:31.727+0000] {processor.py:925} INFO - DAG(s) 'example_branch_python_operator_decorator' retrieved from /home/airflow/.local/lib/python3.12/site-packages/airflow/example_dags/example_branch_operator_decorator.py
[2025-03-30T14:13:31.754+0000] {logging_mixin.py:190} INFO - [2025-03-30T14:13:31.753+0000] {dag.py:3239} INFO - Sync 1 DAGs
[2025-03-30T14:13:31.779+0000] {logging_mixin.py:190} INFO - [2025-03-30T14:13:31.779+0000] {dag.py:4180} INFO - Setting next_dagrun for example_branch_python_operator_decorator to 2025-03-29 00:00:00+00:00, run_after=2025-03-30 00:00:00+00:00
[2025-03-30T14:13:31.799+0000] {processor.py:208} INFO - Processing /home/airflow/.local/lib/python3.12/site-packages/airflow/example_dags/example_branch_operator_decorator.py took 0.103 seconds
[2025-03-30T14:14:02.415+0000] {processor.py:186} INFO - Started process (PID=2570) to work on /home/airflow/.local/lib/python3.12/site-packages/airflow/example_dags/example_branch_operator_decorator.py
[2025-03-30T14:14:02.416+0000] {processor.py:914} INFO - Processing file /home/airflow/.local/lib/python3.12/site-packages/airflow/example_dags/example_branch_operator_decorator.py for tasks to queue
[2025-03-30T14:14:02.417+0000] {logging_mixin.py:190} INFO - [2025-03-30T14:14:02.417+0000] {dagbag.py:588} INFO - Filling up the DagBag from /home/airflow/.local/lib/python3.12/site-packages/airflow/example_dags/example_branch_operator_decorator.py
[2025-03-30T14:14:02.434+0000] {processor.py:925} INFO - DAG(s) 'example_branch_python_operator_decorator' retrieved from /home/airflow/.local/lib/python3.12/site-packages/airflow/example_dags/example_branch_operator_decorator.py
[2025-03-30T14:14:02.458+0000] {logging_mixin.py:190} INFO - [2025-03-30T14:14:02.458+0000] {dag.py:3239} INFO - Sync 1 DAGs
[2025-03-30T14:14:02.478+0000] {logging_mixin.py:190} INFO - [2025-03-30T14:14:02.478+0000] {dag.py:4180} INFO - Setting next_dagrun for example_branch_python_operator_decorator to 2025-03-29 00:00:00+00:00, run_after=2025-03-30 00:00:00+00:00
[2025-03-30T14:14:02.493+0000] {processor.py:208} INFO - Processing /home/airflow/.local/lib/python3.12/site-packages/airflow/example_dags/example_branch_operator_decorator.py took 0.086 seconds
[2025-03-30T14:14:33.192+0000] {processor.py:186} INFO - Started process (PID=2645) to work on /home/airflow/.local/lib/python3.12/site-packages/airflow/example_dags/example_branch_operator_decorator.py
[2025-03-30T14:14:33.193+0000] {processor.py:914} INFO - Processing file /home/airflow/.local/lib/python3.12/site-packages/airflow/example_dags/example_branch_operator_decorator.py for tasks to queue
[2025-03-30T14:14:33.196+0000] {logging_mixin.py:190} INFO - [2025-03-30T14:14:33.196+0000] {dagbag.py:588} INFO - Filling up the DagBag from /home/airflow/.local/lib/python3.12/site-packages/airflow/example_dags/example_branch_operator_decorator.py
[2025-03-30T14:14:33.215+0000] {processor.py:925} INFO - DAG(s) 'example_branch_python_operator_decorator' retrieved from /home/airflow/.local/lib/python3.12/site-packages/airflow/example_dags/example_branch_operator_decorator.py
[2025-03-30T14:14:33.240+0000] {logging_mixin.py:190} INFO - [2025-03-30T14:14:33.239+0000] {dag.py:3239} INFO - Sync 1 DAGs
[2025-03-30T14:14:33.262+0000] {logging_mixin.py:190} INFO - [2025-03-30T14:14:33.262+0000] {dag.py:4180} INFO - Setting next_dagrun for example_branch_python_operator_decorator to 2025-03-29 00:00:00+00:00, run_after=2025-03-30 00:00:00+00:00
[2025-03-30T14:14:33.278+0000] {processor.py:208} INFO - Processing /home/airflow/.local/lib/python3.12/site-packages/airflow/example_dags/example_branch_operator_decorator.py took 0.094 seconds
[2025-03-30T14:15:03.327+0000] {processor.py:186} INFO - Started process (PID=2720) to work on /home/airflow/.local/lib/python3.12/site-packages/airflow/example_dags/example_branch_operator_decorator.py
[2025-03-30T14:15:03.328+0000] {processor.py:914} INFO - Processing file /home/airflow/.local/lib/python3.12/site-packages/airflow/example_dags/example_branch_operator_decorator.py for tasks to queue
[2025-03-30T14:15:03.329+0000] {logging_mixin.py:190} INFO - [2025-03-30T14:15:03.329+0000] {dagbag.py:588} INFO - Filling up the DagBag from /home/airflow/.local/lib/python3.12/site-packages/airflow/example_dags/example_branch_operator_decorator.py
[2025-03-30T14:15:03.349+0000] {processor.py:925} INFO - DAG(s) 'example_branch_python_operator_decorator' retrieved from /home/airflow/.local/lib/python3.12/site-packages/airflow/example_dags/example_branch_operator_decorator.py
[2025-03-30T14:15:03.375+0000] {logging_mixin.py:190} INFO - [2025-03-30T14:15:03.374+0000] {dag.py:3239} INFO - Sync 1 DAGs
[2025-03-30T14:15:03.395+0000] {logging_mixin.py:190} INFO - [2025-03-30T14:15:03.395+0000] {dag.py:4180} INFO - Setting next_dagrun for example_branch_python_operator_decorator to 2025-03-29 00:00:00+00:00, run_after=2025-03-30 00:00:00+00:00
[2025-03-30T14:15:03.410+0000] {processor.py:208} INFO - Processing /home/airflow/.local/lib/python3.12/site-packages/airflow/example_dags/example_branch_operator_decorator.py took 0.091 seconds
[2025-03-30T14:15:33.793+0000] {processor.py:186} INFO - Started process (PID=2795) to work on /home/airflow/.local/lib/python3.12/site-packages/airflow/example_dags/example_branch_operator_decorator.py
[2025-03-30T14:15:33.794+0000] {processor.py:914} INFO - Processing file /home/airflow/.local/lib/python3.12/site-packages/airflow/example_dags/example_branch_operator_decorator.py for tasks to queue
[2025-03-30T14:15:33.795+0000] {logging_mixin.py:190} INFO - [2025-03-30T14:15:33.795+0000] {dagbag.py:588} INFO - Filling up the DagBag from /home/airflow/.local/lib/python3.12/site-packages/airflow/example_dags/example_branch_operator_decorator.py
[2025-03-30T14:15:33.811+0000] {processor.py:925} INFO - DAG(s) 'example_branch_python_operator_decorator' retrieved from /home/airflow/.local/lib/python3.12/site-packages/airflow/example_dags/example_branch_operator_decorator.py
[2025-03-30T14:15:33.834+0000] {logging_mixin.py:190} INFO - [2025-03-30T14:15:33.834+0000] {dag.py:3239} INFO - Sync 1 DAGs
[2025-03-30T14:15:33.854+0000] {logging_mixin.py:190} INFO - [2025-03-30T14:15:33.853+0000] {dag.py:4180} INFO - Setting next_dagrun for example_branch_python_operator_decorator to 2025-03-29 00:00:00+00:00, run_after=2025-03-30 00:00:00+00:00
[2025-03-30T14:15:33.868+0000] {processor.py:208} INFO - Processing /home/airflow/.local/lib/python3.12/site-packages/airflow/example_dags/example_branch_operator_decorator.py took 0.084 seconds
[2025-03-30T14:16:04.376+0000] {processor.py:186} INFO - Started process (PID=2870) to work on /home/airflow/.local/lib/python3.12/site-packages/airflow/example_dags/example_branch_operator_decorator.py
[2025-03-30T14:16:04.377+0000] {processor.py:914} INFO - Processing file /home/airflow/.local/lib/python3.12/site-packages/airflow/example_dags/example_branch_operator_decorator.py for tasks to queue
[2025-03-30T14:16:04.378+0000] {logging_mixin.py:190} INFO - [2025-03-30T14:16:04.378+0000] {dagbag.py:588} INFO - Filling up the DagBag from /home/airflow/.local/lib/python3.12/site-packages/airflow/example_dags/example_branch_operator_decorator.py
[2025-03-30T14:16:04.397+0000] {processor.py:925} INFO - DAG(s) 'example_branch_python_operator_decorator' retrieved from /home/airflow/.local/lib/python3.12/site-packages/airflow/example_dags/example_branch_operator_decorator.py
[2025-03-30T14:16:04.421+0000] {logging_mixin.py:190} INFO - [2025-03-30T14:16:04.421+0000] {dag.py:3239} INFO - Sync 1 DAGs
[2025-03-30T14:16:04.444+0000] {logging_mixin.py:190} INFO - [2025-03-30T14:16:04.444+0000] {dag.py:4180} INFO - Setting next_dagrun for example_branch_python_operator_decorator to 2025-03-29 00:00:00+00:00, run_after=2025-03-30 00:00:00+00:00
[2025-03-30T14:16:04.461+0000] {processor.py:208} INFO - Processing /home/airflow/.local/lib/python3.12/site-packages/airflow/example_dags/example_branch_operator_decorator.py took 0.093 seconds
[2025-03-30T14:16:34.876+0000] {processor.py:186} INFO - Started process (PID=2943) to work on /home/airflow/.local/lib/python3.12/site-packages/airflow/example_dags/example_branch_operator_decorator.py
[2025-03-30T14:16:34.877+0000] {processor.py:914} INFO - Processing file /home/airflow/.local/lib/python3.12/site-packages/airflow/example_dags/example_branch_operator_decorator.py for tasks to queue
[2025-03-30T14:16:34.878+0000] {logging_mixin.py:190} INFO - [2025-03-30T14:16:34.877+0000] {dagbag.py:588} INFO - Filling up the DagBag from /home/airflow/.local/lib/python3.12/site-packages/airflow/example_dags/example_branch_operator_decorator.py
[2025-03-30T14:16:34.894+0000] {processor.py:925} INFO - DAG(s) 'example_branch_python_operator_decorator' retrieved from /home/airflow/.local/lib/python3.12/site-packages/airflow/example_dags/example_branch_operator_decorator.py
[2025-03-30T14:16:34.918+0000] {logging_mixin.py:190} INFO - [2025-03-30T14:16:34.918+0000] {dag.py:3239} INFO - Sync 1 DAGs
[2025-03-30T14:16:34.941+0000] {logging_mixin.py:190} INFO - [2025-03-30T14:16:34.941+0000] {dag.py:4180} INFO - Setting next_dagrun for example_branch_python_operator_decorator to 2025-03-29 00:00:00+00:00, run_after=2025-03-30 00:00:00+00:00
[2025-03-30T14:16:34.971+0000] {processor.py:208} INFO - Processing /home/airflow/.local/lib/python3.12/site-packages/airflow/example_dags/example_branch_operator_decorator.py took 0.103 seconds
[2025-03-30T14:17:05.280+0000] {processor.py:186} INFO - Started process (PID=3006) to work on /home/airflow/.local/lib/python3.12/site-packages/airflow/example_dags/example_branch_operator_decorator.py
[2025-03-30T14:17:05.280+0000] {processor.py:914} INFO - Processing file /home/airflow/.local/lib/python3.12/site-packages/airflow/example_dags/example_branch_operator_decorator.py for tasks to queue
[2025-03-30T14:17:05.282+0000] {logging_mixin.py:190} INFO - [2025-03-30T14:17:05.281+0000] {dagbag.py:588} INFO - Filling up the DagBag from /home/airflow/.local/lib/python3.12/site-packages/airflow/example_dags/example_branch_operator_decorator.py
[2025-03-30T14:17:05.300+0000] {processor.py:925} INFO - DAG(s) 'example_branch_python_operator_decorator' retrieved from /home/airflow/.local/lib/python3.12/site-packages/airflow/example_dags/example_branch_operator_decorator.py
[2025-03-30T14:17:05.321+0000] {logging_mixin.py:190} INFO - [2025-03-30T14:17:05.321+0000] {dag.py:3239} INFO - Sync 1 DAGs
[2025-03-30T14:17:05.340+0000] {logging_mixin.py:190} INFO - [2025-03-30T14:17:05.340+0000] {dag.py:4180} INFO - Setting next_dagrun for example_branch_python_operator_decorator to 2025-03-29 00:00:00+00:00, run_after=2025-03-30 00:00:00+00:00
[2025-03-30T14:17:05.353+0000] {processor.py:208} INFO - Processing /home/airflow/.local/lib/python3.12/site-packages/airflow/example_dags/example_branch_operator_decorator.py took 0.081 seconds
[2025-03-30T14:17:35.476+0000] {processor.py:186} INFO - Started process (PID=3081) to work on /home/airflow/.local/lib/python3.12/site-packages/airflow/example_dags/example_branch_operator_decorator.py
[2025-03-30T14:17:35.477+0000] {processor.py:914} INFO - Processing file /home/airflow/.local/lib/python3.12/site-packages/airflow/example_dags/example_branch_operator_decorator.py for tasks to queue
[2025-03-30T14:17:35.478+0000] {logging_mixin.py:190} INFO - [2025-03-30T14:17:35.477+0000] {dagbag.py:588} INFO - Filling up the DagBag from /home/airflow/.local/lib/python3.12/site-packages/airflow/example_dags/example_branch_operator_decorator.py
[2025-03-30T14:17:35.494+0000] {processor.py:925} INFO - DAG(s) 'example_branch_python_operator_decorator' retrieved from /home/airflow/.local/lib/python3.12/site-packages/airflow/example_dags/example_branch_operator_decorator.py
[2025-03-30T14:17:35.516+0000] {logging_mixin.py:190} INFO - [2025-03-30T14:17:35.516+0000] {dag.py:3239} INFO - Sync 1 DAGs
[2025-03-30T14:17:35.536+0000] {logging_mixin.py:190} INFO - [2025-03-30T14:17:35.536+0000] {dag.py:4180} INFO - Setting next_dagrun for example_branch_python_operator_decorator to 2025-03-29 00:00:00+00:00, run_after=2025-03-30 00:00:00+00:00
[2025-03-30T14:17:35.549+0000] {processor.py:208} INFO - Processing /home/airflow/.local/lib/python3.12/site-packages/airflow/example_dags/example_branch_operator_decorator.py took 0.080 seconds
[2025-03-30T14:18:05.875+0000] {processor.py:186} INFO - Started process (PID=3155) to work on /home/airflow/.local/lib/python3.12/site-packages/airflow/example_dags/example_branch_operator_decorator.py
[2025-03-30T14:18:05.876+0000] {processor.py:914} INFO - Processing file /home/airflow/.local/lib/python3.12/site-packages/airflow/example_dags/example_branch_operator_decorator.py for tasks to queue
[2025-03-30T14:18:05.877+0000] {logging_mixin.py:190} INFO - [2025-03-30T14:18:05.877+0000] {dagbag.py:588} INFO - Filling up the DagBag from /home/airflow/.local/lib/python3.12/site-packages/airflow/example_dags/example_branch_operator_decorator.py
[2025-03-30T14:18:05.894+0000] {processor.py:925} INFO - DAG(s) 'example_branch_python_operator_decorator' retrieved from /home/airflow/.local/lib/python3.12/site-packages/airflow/example_dags/example_branch_operator_decorator.py
[2025-03-30T14:18:05.915+0000] {logging_mixin.py:190} INFO - [2025-03-30T14:18:05.914+0000] {dag.py:3239} INFO - Sync 1 DAGs
[2025-03-30T14:18:05.936+0000] {logging_mixin.py:190} INFO - [2025-03-30T14:18:05.936+0000] {dag.py:4180} INFO - Setting next_dagrun for example_branch_python_operator_decorator to 2025-03-29 00:00:00+00:00, run_after=2025-03-30 00:00:00+00:00
[2025-03-30T14:18:05.949+0000] {processor.py:208} INFO - Processing /home/airflow/.local/lib/python3.12/site-packages/airflow/example_dags/example_branch_operator_decorator.py took 0.081 seconds
