[2025-03-30T13:57:18.042+0000] {processor.py:186} INFO - Started process (PID=96) to work on /home/airflow/.local/lib/python3.12/site-packages/airflow/example_dags/example_branch_operator.py
[2025-03-30T13:57:18.043+0000] {processor.py:914} INFO - Processing file /home/airflow/.local/lib/python3.12/site-packages/airflow/example_dags/example_branch_operator.py for tasks to queue
[2025-03-30T13:57:18.045+0000] {logging_mixin.py:190} INFO - [2025-03-30T13:57:18.045+0000] {dagbag.py:588} INFO - Filling up the DagBag from /home/airflow/.local/lib/python3.12/site-packages/airflow/example_dags/example_branch_operator.py
[2025-03-30T13:57:18.079+0000] {processor.py:925} INFO - DAG(s) 'example_branch_operator' retrieved from /home/airflow/.local/lib/python3.12/site-packages/airflow/example_dags/example_branch_operator.py
[2025-03-30T13:57:18.259+0000] {logging_mixin.py:190} INFO - [2025-03-30T13:57:18.259+0000] {dag.py:3239} INFO - Sync 1 DAGs
[2025-03-30T13:57:18.283+0000] {logging_mixin.py:190} INFO - [2025-03-30T13:57:18.283+0000] {dag.py:4180} INFO - Setting next_dagrun for example_branch_operator to 2025-03-29 00:00:00+00:00, run_after=2025-03-30 00:00:00+00:00
[2025-03-30T13:57:18.304+0000] {processor.py:208} INFO - Processing /home/airflow/.local/lib/python3.12/site-packages/airflow/example_dags/example_branch_operator.py took 0.267 seconds
[2025-03-30T13:57:49.017+0000] {processor.py:186} INFO - Started process (PID=171) to work on /home/airflow/.local/lib/python3.12/site-packages/airflow/example_dags/example_branch_operator.py
[2025-03-30T13:57:49.018+0000] {processor.py:914} INFO - Processing file /home/airflow/.local/lib/python3.12/site-packages/airflow/example_dags/example_branch_operator.py for tasks to queue
[2025-03-30T13:57:49.021+0000] {logging_mixin.py:190} INFO - [2025-03-30T13:57:49.020+0000] {dagbag.py:588} INFO - Filling up the DagBag from /home/airflow/.local/lib/python3.12/site-packages/airflow/example_dags/example_branch_operator.py
[2025-03-30T13:57:49.037+0000] {processor.py:925} INFO - DAG(s) 'example_branch_operator' retrieved from /home/airflow/.local/lib/python3.12/site-packages/airflow/example_dags/example_branch_operator.py
[2025-03-30T13:57:49.065+0000] {logging_mixin.py:190} INFO - [2025-03-30T13:57:49.065+0000] {dag.py:3239} INFO - Sync 1 DAGs
[2025-03-30T13:57:49.093+0000] {logging_mixin.py:190} INFO - [2025-03-30T13:57:49.093+0000] {dag.py:4180} INFO - Setting next_dagrun for example_branch_operator to 2025-03-29 00:00:00+00:00, run_after=2025-03-30 00:00:00+00:00
[2025-03-30T13:57:49.113+0000] {processor.py:208} INFO - Processing /home/airflow/.local/lib/python3.12/site-packages/airflow/example_dags/example_branch_operator.py took 0.102 seconds
[2025-03-30T13:58:19.541+0000] {processor.py:186} INFO - Started process (PID=245) to work on /home/airflow/.local/lib/python3.12/site-packages/airflow/example_dags/example_branch_operator.py
[2025-03-30T13:58:19.542+0000] {processor.py:914} INFO - Processing file /home/airflow/.local/lib/python3.12/site-packages/airflow/example_dags/example_branch_operator.py for tasks to queue
[2025-03-30T13:58:19.545+0000] {logging_mixin.py:190} INFO - [2025-03-30T13:58:19.545+0000] {dagbag.py:588} INFO - Filling up the DagBag from /home/airflow/.local/lib/python3.12/site-packages/airflow/example_dags/example_branch_operator.py
[2025-03-30T13:58:19.562+0000] {processor.py:925} INFO - DAG(s) 'example_branch_operator' retrieved from /home/airflow/.local/lib/python3.12/site-packages/airflow/example_dags/example_branch_operator.py
[2025-03-30T13:58:19.586+0000] {logging_mixin.py:190} INFO - [2025-03-30T13:58:19.586+0000] {dag.py:3239} INFO - Sync 1 DAGs
[2025-03-30T13:58:19.609+0000] {logging_mixin.py:190} INFO - [2025-03-30T13:58:19.609+0000] {dag.py:4180} INFO - Setting next_dagrun for example_branch_operator to 2025-03-29 00:00:00+00:00, run_after=2025-03-30 00:00:00+00:00
[2025-03-30T13:58:19.627+0000] {processor.py:208} INFO - Processing /home/airflow/.local/lib/python3.12/site-packages/airflow/example_dags/example_branch_operator.py took 0.090 seconds
[2025-03-30T13:58:50.589+0000] {processor.py:186} INFO - Started process (PID=321) to work on /home/airflow/.local/lib/python3.12/site-packages/airflow/example_dags/example_branch_operator.py
[2025-03-30T13:58:50.591+0000] {processor.py:914} INFO - Processing file /home/airflow/.local/lib/python3.12/site-packages/airflow/example_dags/example_branch_operator.py for tasks to queue
[2025-03-30T13:58:50.593+0000] {logging_mixin.py:190} INFO - [2025-03-30T13:58:50.592+0000] {dagbag.py:588} INFO - Filling up the DagBag from /home/airflow/.local/lib/python3.12/site-packages/airflow/example_dags/example_branch_operator.py
[2025-03-30T13:58:50.608+0000] {processor.py:925} INFO - DAG(s) 'example_branch_operator' retrieved from /home/airflow/.local/lib/python3.12/site-packages/airflow/example_dags/example_branch_operator.py
[2025-03-30T13:58:50.632+0000] {logging_mixin.py:190} INFO - [2025-03-30T13:58:50.631+0000] {dag.py:3239} INFO - Sync 1 DAGs
[2025-03-30T13:58:50.654+0000] {logging_mixin.py:190} INFO - [2025-03-30T13:58:50.654+0000] {dag.py:4180} INFO - Setting next_dagrun for example_branch_operator to 2025-03-29 00:00:00+00:00, run_after=2025-03-30 00:00:00+00:00
[2025-03-30T13:58:50.668+0000] {processor.py:208} INFO - Processing /home/airflow/.local/lib/python3.12/site-packages/airflow/example_dags/example_branch_operator.py took 0.083 seconds
[2025-03-30T13:59:20.875+0000] {processor.py:186} INFO - Started process (PID=395) to work on /home/airflow/.local/lib/python3.12/site-packages/airflow/example_dags/example_branch_operator.py
[2025-03-30T13:59:20.876+0000] {processor.py:914} INFO - Processing file /home/airflow/.local/lib/python3.12/site-packages/airflow/example_dags/example_branch_operator.py for tasks to queue
[2025-03-30T13:59:20.878+0000] {logging_mixin.py:190} INFO - [2025-03-30T13:59:20.877+0000] {dagbag.py:588} INFO - Filling up the DagBag from /home/airflow/.local/lib/python3.12/site-packages/airflow/example_dags/example_branch_operator.py
[2025-03-30T13:59:20.891+0000] {processor.py:925} INFO - DAG(s) 'example_branch_operator' retrieved from /home/airflow/.local/lib/python3.12/site-packages/airflow/example_dags/example_branch_operator.py
[2025-03-30T13:59:20.913+0000] {logging_mixin.py:190} INFO - [2025-03-30T13:59:20.912+0000] {dag.py:3239} INFO - Sync 1 DAGs
[2025-03-30T13:59:20.932+0000] {logging_mixin.py:190} INFO - [2025-03-30T13:59:20.932+0000] {dag.py:4180} INFO - Setting next_dagrun for example_branch_operator to 2025-03-29 00:00:00+00:00, run_after=2025-03-30 00:00:00+00:00
[2025-03-30T13:59:20.944+0000] {processor.py:208} INFO - Processing /home/airflow/.local/lib/python3.12/site-packages/airflow/example_dags/example_branch_operator.py took 0.074 seconds
[2025-03-30T13:59:51.204+0000] {processor.py:186} INFO - Started process (PID=470) to work on /home/airflow/.local/lib/python3.12/site-packages/airflow/example_dags/example_branch_operator.py
[2025-03-30T13:59:51.205+0000] {processor.py:914} INFO - Processing file /home/airflow/.local/lib/python3.12/site-packages/airflow/example_dags/example_branch_operator.py for tasks to queue
[2025-03-30T13:59:51.207+0000] {logging_mixin.py:190} INFO - [2025-03-30T13:59:51.206+0000] {dagbag.py:588} INFO - Filling up the DagBag from /home/airflow/.local/lib/python3.12/site-packages/airflow/example_dags/example_branch_operator.py
[2025-03-30T13:59:51.222+0000] {processor.py:925} INFO - DAG(s) 'example_branch_operator' retrieved from /home/airflow/.local/lib/python3.12/site-packages/airflow/example_dags/example_branch_operator.py
[2025-03-30T13:59:51.247+0000] {logging_mixin.py:190} INFO - [2025-03-30T13:59:51.247+0000] {dag.py:3239} INFO - Sync 1 DAGs
[2025-03-30T13:59:51.273+0000] {logging_mixin.py:190} INFO - [2025-03-30T13:59:51.273+0000] {dag.py:4180} INFO - Setting next_dagrun for example_branch_operator to 2025-03-29 00:00:00+00:00, run_after=2025-03-30 00:00:00+00:00
[2025-03-30T13:59:51.290+0000] {processor.py:208} INFO - Processing /home/airflow/.local/lib/python3.12/site-packages/airflow/example_dags/example_branch_operator.py took 0.090 seconds
[2025-03-30T14:00:21.473+0000] {processor.py:186} INFO - Started process (PID=545) to work on /home/airflow/.local/lib/python3.12/site-packages/airflow/example_dags/example_branch_operator.py
[2025-03-30T14:00:21.474+0000] {processor.py:914} INFO - Processing file /home/airflow/.local/lib/python3.12/site-packages/airflow/example_dags/example_branch_operator.py for tasks to queue
[2025-03-30T14:00:21.477+0000] {logging_mixin.py:190} INFO - [2025-03-30T14:00:21.476+0000] {dagbag.py:588} INFO - Filling up the DagBag from /home/airflow/.local/lib/python3.12/site-packages/airflow/example_dags/example_branch_operator.py
[2025-03-30T14:00:21.494+0000] {processor.py:925} INFO - DAG(s) 'example_branch_operator' retrieved from /home/airflow/.local/lib/python3.12/site-packages/airflow/example_dags/example_branch_operator.py
[2025-03-30T14:00:21.521+0000] {logging_mixin.py:190} INFO - [2025-03-30T14:00:21.520+0000] {dag.py:3239} INFO - Sync 1 DAGs
[2025-03-30T14:00:21.547+0000] {logging_mixin.py:190} INFO - [2025-03-30T14:00:21.547+0000] {dag.py:4180} INFO - Setting next_dagrun for example_branch_operator to 2025-03-29 00:00:00+00:00, run_after=2025-03-30 00:00:00+00:00
[2025-03-30T14:00:21.574+0000] {processor.py:208} INFO - Processing /home/airflow/.local/lib/python3.12/site-packages/airflow/example_dags/example_branch_operator.py took 0.105 seconds
[2025-03-30T14:00:51.954+0000] {processor.py:186} INFO - Started process (PID=620) to work on /home/airflow/.local/lib/python3.12/site-packages/airflow/example_dags/example_branch_operator.py
[2025-03-30T14:00:51.955+0000] {processor.py:914} INFO - Processing file /home/airflow/.local/lib/python3.12/site-packages/airflow/example_dags/example_branch_operator.py for tasks to queue
[2025-03-30T14:00:51.957+0000] {logging_mixin.py:190} INFO - [2025-03-30T14:00:51.957+0000] {dagbag.py:588} INFO - Filling up the DagBag from /home/airflow/.local/lib/python3.12/site-packages/airflow/example_dags/example_branch_operator.py
[2025-03-30T14:00:51.971+0000] {processor.py:925} INFO - DAG(s) 'example_branch_operator' retrieved from /home/airflow/.local/lib/python3.12/site-packages/airflow/example_dags/example_branch_operator.py
[2025-03-30T14:00:51.992+0000] {logging_mixin.py:190} INFO - [2025-03-30T14:00:51.992+0000] {dag.py:3239} INFO - Sync 1 DAGs
[2025-03-30T14:00:52.012+0000] {logging_mixin.py:190} INFO - [2025-03-30T14:00:52.012+0000] {dag.py:4180} INFO - Setting next_dagrun for example_branch_operator to 2025-03-29 00:00:00+00:00, run_after=2025-03-30 00:00:00+00:00
[2025-03-30T14:00:52.026+0000] {processor.py:208} INFO - Processing /home/airflow/.local/lib/python3.12/site-packages/airflow/example_dags/example_branch_operator.py took 0.076 seconds
[2025-03-30T14:01:22.744+0000] {processor.py:186} INFO - Started process (PID=695) to work on /home/airflow/.local/lib/python3.12/site-packages/airflow/example_dags/example_branch_operator.py
[2025-03-30T14:01:22.745+0000] {processor.py:914} INFO - Processing file /home/airflow/.local/lib/python3.12/site-packages/airflow/example_dags/example_branch_operator.py for tasks to queue
[2025-03-30T14:01:22.747+0000] {logging_mixin.py:190} INFO - [2025-03-30T14:01:22.747+0000] {dagbag.py:588} INFO - Filling up the DagBag from /home/airflow/.local/lib/python3.12/site-packages/airflow/example_dags/example_branch_operator.py
[2025-03-30T14:01:22.761+0000] {processor.py:925} INFO - DAG(s) 'example_branch_operator' retrieved from /home/airflow/.local/lib/python3.12/site-packages/airflow/example_dags/example_branch_operator.py
[2025-03-30T14:01:22.782+0000] {logging_mixin.py:190} INFO - [2025-03-30T14:01:22.782+0000] {dag.py:3239} INFO - Sync 1 DAGs
[2025-03-30T14:01:22.801+0000] {logging_mixin.py:190} INFO - [2025-03-30T14:01:22.801+0000] {dag.py:4180} INFO - Setting next_dagrun for example_branch_operator to 2025-03-29 00:00:00+00:00, run_after=2025-03-30 00:00:00+00:00
[2025-03-30T14:01:22.814+0000] {processor.py:208} INFO - Processing /home/airflow/.local/lib/python3.12/site-packages/airflow/example_dags/example_branch_operator.py took 0.074 seconds
[2025-03-30T14:01:53.096+0000] {processor.py:186} INFO - Started process (PID=782) to work on /home/airflow/.local/lib/python3.12/site-packages/airflow/example_dags/example_branch_operator.py
[2025-03-30T14:01:53.097+0000] {processor.py:914} INFO - Processing file /home/airflow/.local/lib/python3.12/site-packages/airflow/example_dags/example_branch_operator.py for tasks to queue
[2025-03-30T14:01:53.099+0000] {logging_mixin.py:190} INFO - [2025-03-30T14:01:53.099+0000] {dagbag.py:588} INFO - Filling up the DagBag from /home/airflow/.local/lib/python3.12/site-packages/airflow/example_dags/example_branch_operator.py
[2025-03-30T14:01:53.114+0000] {processor.py:925} INFO - DAG(s) 'example_branch_operator' retrieved from /home/airflow/.local/lib/python3.12/site-packages/airflow/example_dags/example_branch_operator.py
[2025-03-30T14:01:53.137+0000] {logging_mixin.py:190} INFO - [2025-03-30T14:01:53.137+0000] {dag.py:3239} INFO - Sync 1 DAGs
[2025-03-30T14:01:53.157+0000] {logging_mixin.py:190} INFO - [2025-03-30T14:01:53.156+0000] {dag.py:4180} INFO - Setting next_dagrun for example_branch_operator to 2025-03-29 00:00:00+00:00, run_after=2025-03-30 00:00:00+00:00
[2025-03-30T14:01:53.171+0000] {processor.py:208} INFO - Processing /home/airflow/.local/lib/python3.12/site-packages/airflow/example_dags/example_branch_operator.py took 0.080 seconds
[2025-03-30T14:02:23.448+0000] {processor.py:186} INFO - Started process (PID=857) to work on /home/airflow/.local/lib/python3.12/site-packages/airflow/example_dags/example_branch_operator.py
[2025-03-30T14:02:23.449+0000] {processor.py:914} INFO - Processing file /home/airflow/.local/lib/python3.12/site-packages/airflow/example_dags/example_branch_operator.py for tasks to queue
[2025-03-30T14:02:23.452+0000] {logging_mixin.py:190} INFO - [2025-03-30T14:02:23.452+0000] {dagbag.py:588} INFO - Filling up the DagBag from /home/airflow/.local/lib/python3.12/site-packages/airflow/example_dags/example_branch_operator.py
[2025-03-30T14:02:23.475+0000] {processor.py:925} INFO - DAG(s) 'example_branch_operator' retrieved from /home/airflow/.local/lib/python3.12/site-packages/airflow/example_dags/example_branch_operator.py
[2025-03-30T14:02:23.504+0000] {logging_mixin.py:190} INFO - [2025-03-30T14:02:23.503+0000] {dag.py:3239} INFO - Sync 1 DAGs
[2025-03-30T14:02:23.532+0000] {logging_mixin.py:190} INFO - [2025-03-30T14:02:23.532+0000] {dag.py:4180} INFO - Setting next_dagrun for example_branch_operator to 2025-03-29 00:00:00+00:00, run_after=2025-03-30 00:00:00+00:00
[2025-03-30T14:02:23.553+0000] {processor.py:208} INFO - Processing /home/airflow/.local/lib/python3.12/site-packages/airflow/example_dags/example_branch_operator.py took 0.112 seconds
[2025-03-30T14:02:53.935+0000] {processor.py:186} INFO - Started process (PID=932) to work on /home/airflow/.local/lib/python3.12/site-packages/airflow/example_dags/example_branch_operator.py
[2025-03-30T14:02:53.936+0000] {processor.py:914} INFO - Processing file /home/airflow/.local/lib/python3.12/site-packages/airflow/example_dags/example_branch_operator.py for tasks to queue
[2025-03-30T14:02:53.938+0000] {logging_mixin.py:190} INFO - [2025-03-30T14:02:53.938+0000] {dagbag.py:588} INFO - Filling up the DagBag from /home/airflow/.local/lib/python3.12/site-packages/airflow/example_dags/example_branch_operator.py
[2025-03-30T14:02:53.952+0000] {processor.py:925} INFO - DAG(s) 'example_branch_operator' retrieved from /home/airflow/.local/lib/python3.12/site-packages/airflow/example_dags/example_branch_operator.py
[2025-03-30T14:02:53.975+0000] {logging_mixin.py:190} INFO - [2025-03-30T14:02:53.975+0000] {dag.py:3239} INFO - Sync 1 DAGs
[2025-03-30T14:02:53.996+0000] {logging_mixin.py:190} INFO - [2025-03-30T14:02:53.996+0000] {dag.py:4180} INFO - Setting next_dagrun for example_branch_operator to 2025-03-29 00:00:00+00:00, run_after=2025-03-30 00:00:00+00:00
[2025-03-30T14:02:54.013+0000] {processor.py:208} INFO - Processing /home/airflow/.local/lib/python3.12/site-packages/airflow/example_dags/example_branch_operator.py took 0.083 seconds
[2025-03-30T14:03:24.552+0000] {processor.py:186} INFO - Started process (PID=1007) to work on /home/airflow/.local/lib/python3.12/site-packages/airflow/example_dags/example_branch_operator.py
[2025-03-30T14:03:24.553+0000] {processor.py:914} INFO - Processing file /home/airflow/.local/lib/python3.12/site-packages/airflow/example_dags/example_branch_operator.py for tasks to queue
[2025-03-30T14:03:24.555+0000] {logging_mixin.py:190} INFO - [2025-03-30T14:03:24.555+0000] {dagbag.py:588} INFO - Filling up the DagBag from /home/airflow/.local/lib/python3.12/site-packages/airflow/example_dags/example_branch_operator.py
[2025-03-30T14:03:24.570+0000] {processor.py:925} INFO - DAG(s) 'example_branch_operator' retrieved from /home/airflow/.local/lib/python3.12/site-packages/airflow/example_dags/example_branch_operator.py
[2025-03-30T14:03:24.595+0000] {logging_mixin.py:190} INFO - [2025-03-30T14:03:24.595+0000] {dag.py:3239} INFO - Sync 1 DAGs
[2025-03-30T14:03:24.617+0000] {logging_mixin.py:190} INFO - [2025-03-30T14:03:24.617+0000] {dag.py:4180} INFO - Setting next_dagrun for example_branch_operator to 2025-03-29 00:00:00+00:00, run_after=2025-03-30 00:00:00+00:00
[2025-03-30T14:03:24.633+0000] {processor.py:208} INFO - Processing /home/airflow/.local/lib/python3.12/site-packages/airflow/example_dags/example_branch_operator.py took 0.086 seconds
[2025-03-30T14:03:55.761+0000] {processor.py:186} INFO - Started process (PID=1082) to work on /home/airflow/.local/lib/python3.12/site-packages/airflow/example_dags/example_branch_operator.py
[2025-03-30T14:03:55.762+0000] {processor.py:914} INFO - Processing file /home/airflow/.local/lib/python3.12/site-packages/airflow/example_dags/example_branch_operator.py for tasks to queue
[2025-03-30T14:03:55.764+0000] {logging_mixin.py:190} INFO - [2025-03-30T14:03:55.763+0000] {dagbag.py:588} INFO - Filling up the DagBag from /home/airflow/.local/lib/python3.12/site-packages/airflow/example_dags/example_branch_operator.py
[2025-03-30T14:03:55.778+0000] {processor.py:925} INFO - DAG(s) 'example_branch_operator' retrieved from /home/airflow/.local/lib/python3.12/site-packages/airflow/example_dags/example_branch_operator.py
[2025-03-30T14:03:55.800+0000] {logging_mixin.py:190} INFO - [2025-03-30T14:03:55.800+0000] {dag.py:3239} INFO - Sync 1 DAGs
[2025-03-30T14:03:55.819+0000] {logging_mixin.py:190} INFO - [2025-03-30T14:03:55.819+0000] {dag.py:4180} INFO - Setting next_dagrun for example_branch_operator to 2025-03-29 00:00:00+00:00, run_after=2025-03-30 00:00:00+00:00
[2025-03-30T14:03:55.833+0000] {processor.py:208} INFO - Processing /home/airflow/.local/lib/python3.12/site-packages/airflow/example_dags/example_branch_operator.py took 0.076 seconds
[2025-03-30T14:04:26.093+0000] {processor.py:186} INFO - Started process (PID=1145) to work on /home/airflow/.local/lib/python3.12/site-packages/airflow/example_dags/example_branch_operator.py
[2025-03-30T14:04:26.095+0000] {processor.py:914} INFO - Processing file /home/airflow/.local/lib/python3.12/site-packages/airflow/example_dags/example_branch_operator.py for tasks to queue
[2025-03-30T14:04:26.098+0000] {logging_mixin.py:190} INFO - [2025-03-30T14:04:26.098+0000] {dagbag.py:588} INFO - Filling up the DagBag from /home/airflow/.local/lib/python3.12/site-packages/airflow/example_dags/example_branch_operator.py
[2025-03-30T14:04:26.116+0000] {processor.py:925} INFO - DAG(s) 'example_branch_operator' retrieved from /home/airflow/.local/lib/python3.12/site-packages/airflow/example_dags/example_branch_operator.py
[2025-03-30T14:04:26.138+0000] {logging_mixin.py:190} INFO - [2025-03-30T14:04:26.138+0000] {dag.py:3239} INFO - Sync 1 DAGs
[2025-03-30T14:04:26.157+0000] {logging_mixin.py:190} INFO - [2025-03-30T14:04:26.157+0000] {dag.py:4180} INFO - Setting next_dagrun for example_branch_operator to 2025-03-29 00:00:00+00:00, run_after=2025-03-30 00:00:00+00:00
[2025-03-30T14:04:26.170+0000] {processor.py:208} INFO - Processing /home/airflow/.local/lib/python3.12/site-packages/airflow/example_dags/example_branch_operator.py took 0.082 seconds
[2025-03-30T14:04:56.331+0000] {processor.py:186} INFO - Started process (PID=1232) to work on /home/airflow/.local/lib/python3.12/site-packages/airflow/example_dags/example_branch_operator.py
[2025-03-30T14:04:56.332+0000] {processor.py:914} INFO - Processing file /home/airflow/.local/lib/python3.12/site-packages/airflow/example_dags/example_branch_operator.py for tasks to queue
[2025-03-30T14:04:56.335+0000] {logging_mixin.py:190} INFO - [2025-03-30T14:04:56.335+0000] {dagbag.py:588} INFO - Filling up the DagBag from /home/airflow/.local/lib/python3.12/site-packages/airflow/example_dags/example_branch_operator.py
[2025-03-30T14:04:56.353+0000] {processor.py:925} INFO - DAG(s) 'example_branch_operator' retrieved from /home/airflow/.local/lib/python3.12/site-packages/airflow/example_dags/example_branch_operator.py
[2025-03-30T14:04:56.381+0000] {logging_mixin.py:190} INFO - [2025-03-30T14:04:56.380+0000] {dag.py:3239} INFO - Sync 1 DAGs
[2025-03-30T14:04:56.407+0000] {logging_mixin.py:190} INFO - [2025-03-30T14:04:56.406+0000] {dag.py:4180} INFO - Setting next_dagrun for example_branch_operator to 2025-03-29 00:00:00+00:00, run_after=2025-03-30 00:00:00+00:00
[2025-03-30T14:04:56.428+0000] {processor.py:208} INFO - Processing /home/airflow/.local/lib/python3.12/site-packages/airflow/example_dags/example_branch_operator.py took 0.102 seconds
[2025-03-30T14:05:26.519+0000] {processor.py:186} INFO - Started process (PID=1307) to work on /home/airflow/.local/lib/python3.12/site-packages/airflow/example_dags/example_branch_operator.py
[2025-03-30T14:05:26.520+0000] {processor.py:914} INFO - Processing file /home/airflow/.local/lib/python3.12/site-packages/airflow/example_dags/example_branch_operator.py for tasks to queue
[2025-03-30T14:05:26.522+0000] {logging_mixin.py:190} INFO - [2025-03-30T14:05:26.522+0000] {dagbag.py:588} INFO - Filling up the DagBag from /home/airflow/.local/lib/python3.12/site-packages/airflow/example_dags/example_branch_operator.py
[2025-03-30T14:05:26.538+0000] {processor.py:925} INFO - DAG(s) 'example_branch_operator' retrieved from /home/airflow/.local/lib/python3.12/site-packages/airflow/example_dags/example_branch_operator.py
[2025-03-30T14:05:26.563+0000] {logging_mixin.py:190} INFO - [2025-03-30T14:05:26.563+0000] {dag.py:3239} INFO - Sync 1 DAGs
[2025-03-30T14:05:26.585+0000] {logging_mixin.py:190} INFO - [2025-03-30T14:05:26.585+0000] {dag.py:4180} INFO - Setting next_dagrun for example_branch_operator to 2025-03-29 00:00:00+00:00, run_after=2025-03-30 00:00:00+00:00
[2025-03-30T14:05:26.601+0000] {processor.py:208} INFO - Processing /home/airflow/.local/lib/python3.12/site-packages/airflow/example_dags/example_branch_operator.py took 0.087 seconds
[2025-03-30T14:05:57.314+0000] {processor.py:186} INFO - Started process (PID=1382) to work on /home/airflow/.local/lib/python3.12/site-packages/airflow/example_dags/example_branch_operator.py
[2025-03-30T14:05:57.314+0000] {processor.py:914} INFO - Processing file /home/airflow/.local/lib/python3.12/site-packages/airflow/example_dags/example_branch_operator.py for tasks to queue
[2025-03-30T14:05:57.316+0000] {logging_mixin.py:190} INFO - [2025-03-30T14:05:57.316+0000] {dagbag.py:588} INFO - Filling up the DagBag from /home/airflow/.local/lib/python3.12/site-packages/airflow/example_dags/example_branch_operator.py
[2025-03-30T14:05:57.330+0000] {processor.py:925} INFO - DAG(s) 'example_branch_operator' retrieved from /home/airflow/.local/lib/python3.12/site-packages/airflow/example_dags/example_branch_operator.py
[2025-03-30T14:05:57.355+0000] {logging_mixin.py:190} INFO - [2025-03-30T14:05:57.355+0000] {dag.py:3239} INFO - Sync 1 DAGs
[2025-03-30T14:05:57.374+0000] {logging_mixin.py:190} INFO - [2025-03-30T14:05:57.374+0000] {dag.py:4180} INFO - Setting next_dagrun for example_branch_operator to 2025-03-29 00:00:00+00:00, run_after=2025-03-30 00:00:00+00:00
[2025-03-30T14:05:57.388+0000] {processor.py:208} INFO - Processing /home/airflow/.local/lib/python3.12/site-packages/airflow/example_dags/example_branch_operator.py took 0.079 seconds
[2025-03-30T14:06:27.670+0000] {processor.py:186} INFO - Started process (PID=1457) to work on /home/airflow/.local/lib/python3.12/site-packages/airflow/example_dags/example_branch_operator.py
[2025-03-30T14:06:27.671+0000] {processor.py:914} INFO - Processing file /home/airflow/.local/lib/python3.12/site-packages/airflow/example_dags/example_branch_operator.py for tasks to queue
[2025-03-30T14:06:27.672+0000] {logging_mixin.py:190} INFO - [2025-03-30T14:06:27.672+0000] {dagbag.py:588} INFO - Filling up the DagBag from /home/airflow/.local/lib/python3.12/site-packages/airflow/example_dags/example_branch_operator.py
[2025-03-30T14:06:27.689+0000] {processor.py:925} INFO - DAG(s) 'example_branch_operator' retrieved from /home/airflow/.local/lib/python3.12/site-packages/airflow/example_dags/example_branch_operator.py
[2025-03-30T14:06:27.715+0000] {logging_mixin.py:190} INFO - [2025-03-30T14:06:27.715+0000] {dag.py:3239} INFO - Sync 1 DAGs
[2025-03-30T14:06:27.736+0000] {logging_mixin.py:190} INFO - [2025-03-30T14:06:27.735+0000] {dag.py:4180} INFO - Setting next_dagrun for example_branch_operator to 2025-03-29 00:00:00+00:00, run_after=2025-03-30 00:00:00+00:00
[2025-03-30T14:06:27.752+0000] {processor.py:208} INFO - Processing /home/airflow/.local/lib/python3.12/site-packages/airflow/example_dags/example_branch_operator.py took 0.087 seconds
[2025-03-30T14:06:58.519+0000] {processor.py:186} INFO - Started process (PID=1554) to work on /home/airflow/.local/lib/python3.12/site-packages/airflow/example_dags/example_branch_operator.py
[2025-03-30T14:06:58.519+0000] {processor.py:914} INFO - Processing file /home/airflow/.local/lib/python3.12/site-packages/airflow/example_dags/example_branch_operator.py for tasks to queue
[2025-03-30T14:06:58.521+0000] {logging_mixin.py:190} INFO - [2025-03-30T14:06:58.520+0000] {dagbag.py:588} INFO - Filling up the DagBag from /home/airflow/.local/lib/python3.12/site-packages/airflow/example_dags/example_branch_operator.py
[2025-03-30T14:06:58.535+0000] {processor.py:925} INFO - DAG(s) 'example_branch_operator' retrieved from /home/airflow/.local/lib/python3.12/site-packages/airflow/example_dags/example_branch_operator.py
[2025-03-30T14:06:58.558+0000] {logging_mixin.py:190} INFO - [2025-03-30T14:06:58.558+0000] {dag.py:3239} INFO - Sync 1 DAGs
[2025-03-30T14:06:58.578+0000] {logging_mixin.py:190} INFO - [2025-03-30T14:06:58.578+0000] {dag.py:4180} INFO - Setting next_dagrun for example_branch_operator to 2025-03-29 00:00:00+00:00, run_after=2025-03-30 00:00:00+00:00
[2025-03-30T14:06:58.593+0000] {processor.py:208} INFO - Processing /home/airflow/.local/lib/python3.12/site-packages/airflow/example_dags/example_branch_operator.py took 0.082 seconds
[2025-03-30T14:07:28.740+0000] {processor.py:186} INFO - Started process (PID=1629) to work on /home/airflow/.local/lib/python3.12/site-packages/airflow/example_dags/example_branch_operator.py
[2025-03-30T14:07:28.741+0000] {processor.py:914} INFO - Processing file /home/airflow/.local/lib/python3.12/site-packages/airflow/example_dags/example_branch_operator.py for tasks to queue
[2025-03-30T14:07:28.742+0000] {logging_mixin.py:190} INFO - [2025-03-30T14:07:28.741+0000] {dagbag.py:588} INFO - Filling up the DagBag from /home/airflow/.local/lib/python3.12/site-packages/airflow/example_dags/example_branch_operator.py
[2025-03-30T14:07:28.757+0000] {processor.py:925} INFO - DAG(s) 'example_branch_operator' retrieved from /home/airflow/.local/lib/python3.12/site-packages/airflow/example_dags/example_branch_operator.py
[2025-03-30T14:07:28.780+0000] {logging_mixin.py:190} INFO - [2025-03-30T14:07:28.780+0000] {dag.py:3239} INFO - Sync 1 DAGs
[2025-03-30T14:07:28.800+0000] {logging_mixin.py:190} INFO - [2025-03-30T14:07:28.800+0000] {dag.py:4180} INFO - Setting next_dagrun for example_branch_operator to 2025-03-29 00:00:00+00:00, run_after=2025-03-30 00:00:00+00:00
[2025-03-30T14:07:28.815+0000] {processor.py:208} INFO - Processing /home/airflow/.local/lib/python3.12/site-packages/airflow/example_dags/example_branch_operator.py took 0.082 seconds
[2025-03-30T14:07:59.358+0000] {processor.py:186} INFO - Started process (PID=1704) to work on /home/airflow/.local/lib/python3.12/site-packages/airflow/example_dags/example_branch_operator.py
[2025-03-30T14:07:59.360+0000] {processor.py:914} INFO - Processing file /home/airflow/.local/lib/python3.12/site-packages/airflow/example_dags/example_branch_operator.py for tasks to queue
[2025-03-30T14:07:59.362+0000] {logging_mixin.py:190} INFO - [2025-03-30T14:07:59.362+0000] {dagbag.py:588} INFO - Filling up the DagBag from /home/airflow/.local/lib/python3.12/site-packages/airflow/example_dags/example_branch_operator.py
[2025-03-30T14:07:59.390+0000] {processor.py:925} INFO - DAG(s) 'example_branch_operator' retrieved from /home/airflow/.local/lib/python3.12/site-packages/airflow/example_dags/example_branch_operator.py
[2025-03-30T14:07:59.424+0000] {logging_mixin.py:190} INFO - [2025-03-30T14:07:59.424+0000] {dag.py:3239} INFO - Sync 1 DAGs
[2025-03-30T14:07:59.460+0000] {logging_mixin.py:190} INFO - [2025-03-30T14:07:59.459+0000] {dag.py:4180} INFO - Setting next_dagrun for example_branch_operator to 2025-03-29 00:00:00+00:00, run_after=2025-03-30 00:00:00+00:00
[2025-03-30T14:07:59.489+0000] {processor.py:208} INFO - Processing /home/airflow/.local/lib/python3.12/site-packages/airflow/example_dags/example_branch_operator.py took 0.142 seconds
[2025-03-30T14:08:30.136+0000] {processor.py:186} INFO - Started process (PID=1779) to work on /home/airflow/.local/lib/python3.12/site-packages/airflow/example_dags/example_branch_operator.py
[2025-03-30T14:08:30.139+0000] {processor.py:914} INFO - Processing file /home/airflow/.local/lib/python3.12/site-packages/airflow/example_dags/example_branch_operator.py for tasks to queue
[2025-03-30T14:08:30.145+0000] {logging_mixin.py:190} INFO - [2025-03-30T14:08:30.143+0000] {dagbag.py:588} INFO - Filling up the DagBag from /home/airflow/.local/lib/python3.12/site-packages/airflow/example_dags/example_branch_operator.py
[2025-03-30T14:08:30.172+0000] {processor.py:925} INFO - DAG(s) 'example_branch_operator' retrieved from /home/airflow/.local/lib/python3.12/site-packages/airflow/example_dags/example_branch_operator.py
[2025-03-30T14:08:30.227+0000] {logging_mixin.py:190} INFO - [2025-03-30T14:08:30.227+0000] {dag.py:3239} INFO - Sync 1 DAGs
[2025-03-30T14:08:30.270+0000] {logging_mixin.py:190} INFO - [2025-03-30T14:08:30.270+0000] {dag.py:4180} INFO - Setting next_dagrun for example_branch_operator to 2025-03-29 00:00:00+00:00, run_after=2025-03-30 00:00:00+00:00
[2025-03-30T14:08:30.310+0000] {processor.py:208} INFO - Processing /home/airflow/.local/lib/python3.12/site-packages/airflow/example_dags/example_branch_operator.py took 0.186 seconds
[2025-03-30T14:09:00.478+0000] {processor.py:186} INFO - Started process (PID=1854) to work on /home/airflow/.local/lib/python3.12/site-packages/airflow/example_dags/example_branch_operator.py
[2025-03-30T14:09:00.479+0000] {processor.py:914} INFO - Processing file /home/airflow/.local/lib/python3.12/site-packages/airflow/example_dags/example_branch_operator.py for tasks to queue
[2025-03-30T14:09:00.480+0000] {logging_mixin.py:190} INFO - [2025-03-30T14:09:00.480+0000] {dagbag.py:588} INFO - Filling up the DagBag from /home/airflow/.local/lib/python3.12/site-packages/airflow/example_dags/example_branch_operator.py
[2025-03-30T14:09:00.495+0000] {processor.py:925} INFO - DAG(s) 'example_branch_operator' retrieved from /home/airflow/.local/lib/python3.12/site-packages/airflow/example_dags/example_branch_operator.py
[2025-03-30T14:09:00.518+0000] {logging_mixin.py:190} INFO - [2025-03-30T14:09:00.518+0000] {dag.py:3239} INFO - Sync 1 DAGs
[2025-03-30T14:09:00.538+0000] {logging_mixin.py:190} INFO - [2025-03-30T14:09:00.538+0000] {dag.py:4180} INFO - Setting next_dagrun for example_branch_operator to 2025-03-29 00:00:00+00:00, run_after=2025-03-30 00:00:00+00:00
[2025-03-30T14:09:00.553+0000] {processor.py:208} INFO - Processing /home/airflow/.local/lib/python3.12/site-packages/airflow/example_dags/example_branch_operator.py took 0.082 seconds
[2025-03-30T14:09:31.564+0000] {processor.py:186} INFO - Started process (PID=1929) to work on /home/airflow/.local/lib/python3.12/site-packages/airflow/example_dags/example_branch_operator.py
[2025-03-30T14:09:31.565+0000] {processor.py:914} INFO - Processing file /home/airflow/.local/lib/python3.12/site-packages/airflow/example_dags/example_branch_operator.py for tasks to queue
[2025-03-30T14:09:31.566+0000] {logging_mixin.py:190} INFO - [2025-03-30T14:09:31.566+0000] {dagbag.py:588} INFO - Filling up the DagBag from /home/airflow/.local/lib/python3.12/site-packages/airflow/example_dags/example_branch_operator.py
[2025-03-30T14:09:31.584+0000] {processor.py:925} INFO - DAG(s) 'example_branch_operator' retrieved from /home/airflow/.local/lib/python3.12/site-packages/airflow/example_dags/example_branch_operator.py
[2025-03-30T14:09:31.606+0000] {logging_mixin.py:190} INFO - [2025-03-30T14:09:31.606+0000] {dag.py:3239} INFO - Sync 1 DAGs
[2025-03-30T14:09:31.627+0000] {logging_mixin.py:190} INFO - [2025-03-30T14:09:31.627+0000] {dag.py:4180} INFO - Setting next_dagrun for example_branch_operator to 2025-03-29 00:00:00+00:00, run_after=2025-03-30 00:00:00+00:00
[2025-03-30T14:09:31.643+0000] {processor.py:208} INFO - Processing /home/airflow/.local/lib/python3.12/site-packages/airflow/example_dags/example_branch_operator.py took 0.086 seconds
[2025-03-30T14:10:03.163+0000] {processor.py:186} INFO - Started process (PID=2004) to work on /home/airflow/.local/lib/python3.12/site-packages/airflow/example_dags/example_branch_operator.py
[2025-03-30T14:10:03.164+0000] {processor.py:914} INFO - Processing file /home/airflow/.local/lib/python3.12/site-packages/airflow/example_dags/example_branch_operator.py for tasks to queue
[2025-03-30T14:10:03.167+0000] {logging_mixin.py:190} INFO - [2025-03-30T14:10:03.166+0000] {dagbag.py:588} INFO - Filling up the DagBag from /home/airflow/.local/lib/python3.12/site-packages/airflow/example_dags/example_branch_operator.py
[2025-03-30T14:10:03.191+0000] {processor.py:925} INFO - DAG(s) 'example_branch_operator' retrieved from /home/airflow/.local/lib/python3.12/site-packages/airflow/example_dags/example_branch_operator.py
[2025-03-30T14:10:03.228+0000] {logging_mixin.py:190} INFO - [2025-03-30T14:10:03.228+0000] {dag.py:3239} INFO - Sync 1 DAGs
[2025-03-30T14:10:03.258+0000] {logging_mixin.py:190} INFO - [2025-03-30T14:10:03.258+0000] {dag.py:4180} INFO - Setting next_dagrun for example_branch_operator to 2025-03-29 00:00:00+00:00, run_after=2025-03-30 00:00:00+00:00
[2025-03-30T14:10:03.293+0000] {processor.py:208} INFO - Processing /home/airflow/.local/lib/python3.12/site-packages/airflow/example_dags/example_branch_operator.py took 0.142 seconds
[2025-03-30T14:10:33.749+0000] {processor.py:186} INFO - Started process (PID=2067) to work on /home/airflow/.local/lib/python3.12/site-packages/airflow/example_dags/example_branch_operator.py
[2025-03-30T14:10:33.750+0000] {processor.py:914} INFO - Processing file /home/airflow/.local/lib/python3.12/site-packages/airflow/example_dags/example_branch_operator.py for tasks to queue
[2025-03-30T14:10:33.752+0000] {logging_mixin.py:190} INFO - [2025-03-30T14:10:33.752+0000] {dagbag.py:588} INFO - Filling up the DagBag from /home/airflow/.local/lib/python3.12/site-packages/airflow/example_dags/example_branch_operator.py
[2025-03-30T14:10:33.771+0000] {processor.py:925} INFO - DAG(s) 'example_branch_operator' retrieved from /home/airflow/.local/lib/python3.12/site-packages/airflow/example_dags/example_branch_operator.py
[2025-03-30T14:10:33.799+0000] {logging_mixin.py:190} INFO - [2025-03-30T14:10:33.799+0000] {dag.py:3239} INFO - Sync 1 DAGs
[2025-03-30T14:10:33.825+0000] {logging_mixin.py:190} INFO - [2025-03-30T14:10:33.825+0000] {dag.py:4180} INFO - Setting next_dagrun for example_branch_operator to 2025-03-29 00:00:00+00:00, run_after=2025-03-30 00:00:00+00:00
[2025-03-30T14:10:33.846+0000] {processor.py:208} INFO - Processing /home/airflow/.local/lib/python3.12/site-packages/airflow/example_dags/example_branch_operator.py took 0.106 seconds
[2025-03-30T14:11:04.178+0000] {processor.py:186} INFO - Started process (PID=2142) to work on /home/airflow/.local/lib/python3.12/site-packages/airflow/example_dags/example_branch_operator.py
[2025-03-30T14:11:04.187+0000] {processor.py:914} INFO - Processing file /home/airflow/.local/lib/python3.12/site-packages/airflow/example_dags/example_branch_operator.py for tasks to queue
[2025-03-30T14:11:04.193+0000] {logging_mixin.py:190} INFO - [2025-03-30T14:11:04.192+0000] {dagbag.py:588} INFO - Filling up the DagBag from /home/airflow/.local/lib/python3.12/site-packages/airflow/example_dags/example_branch_operator.py
[2025-03-30T14:11:04.232+0000] {processor.py:925} INFO - DAG(s) 'example_branch_operator' retrieved from /home/airflow/.local/lib/python3.12/site-packages/airflow/example_dags/example_branch_operator.py
[2025-03-30T14:11:04.326+0000] {logging_mixin.py:190} INFO - [2025-03-30T14:11:04.326+0000] {dag.py:3239} INFO - Sync 1 DAGs
[2025-03-30T14:11:04.378+0000] {logging_mixin.py:190} INFO - [2025-03-30T14:11:04.378+0000] {dag.py:4180} INFO - Setting next_dagrun for example_branch_operator to 2025-03-29 00:00:00+00:00, run_after=2025-03-30 00:00:00+00:00
[2025-03-30T14:11:04.428+0000] {processor.py:208} INFO - Processing /home/airflow/.local/lib/python3.12/site-packages/airflow/example_dags/example_branch_operator.py took 0.301 seconds
[2025-03-30T14:11:34.843+0000] {processor.py:186} INFO - Started process (PID=2217) to work on /home/airflow/.local/lib/python3.12/site-packages/airflow/example_dags/example_branch_operator.py
[2025-03-30T14:11:34.844+0000] {processor.py:914} INFO - Processing file /home/airflow/.local/lib/python3.12/site-packages/airflow/example_dags/example_branch_operator.py for tasks to queue
[2025-03-30T14:11:34.845+0000] {logging_mixin.py:190} INFO - [2025-03-30T14:11:34.845+0000] {dagbag.py:588} INFO - Filling up the DagBag from /home/airflow/.local/lib/python3.12/site-packages/airflow/example_dags/example_branch_operator.py
[2025-03-30T14:11:34.863+0000] {processor.py:925} INFO - DAG(s) 'example_branch_operator' retrieved from /home/airflow/.local/lib/python3.12/site-packages/airflow/example_dags/example_branch_operator.py
[2025-03-30T14:11:34.892+0000] {logging_mixin.py:190} INFO - [2025-03-30T14:11:34.892+0000] {dag.py:3239} INFO - Sync 1 DAGs
[2025-03-30T14:11:34.917+0000] {logging_mixin.py:190} INFO - [2025-03-30T14:11:34.916+0000] {dag.py:4180} INFO - Setting next_dagrun for example_branch_operator to 2025-03-29 00:00:00+00:00, run_after=2025-03-30 00:00:00+00:00
[2025-03-30T14:11:34.937+0000] {processor.py:208} INFO - Processing /home/airflow/.local/lib/python3.12/site-packages/airflow/example_dags/example_branch_operator.py took 0.104 seconds
[2025-03-30T14:12:05.751+0000] {processor.py:186} INFO - Started process (PID=2292) to work on /home/airflow/.local/lib/python3.12/site-packages/airflow/example_dags/example_branch_operator.py
[2025-03-30T14:12:05.752+0000] {processor.py:914} INFO - Processing file /home/airflow/.local/lib/python3.12/site-packages/airflow/example_dags/example_branch_operator.py for tasks to queue
[2025-03-30T14:12:05.754+0000] {logging_mixin.py:190} INFO - [2025-03-30T14:12:05.754+0000] {dagbag.py:588} INFO - Filling up the DagBag from /home/airflow/.local/lib/python3.12/site-packages/airflow/example_dags/example_branch_operator.py
[2025-03-30T14:12:05.777+0000] {processor.py:925} INFO - DAG(s) 'example_branch_operator' retrieved from /home/airflow/.local/lib/python3.12/site-packages/airflow/example_dags/example_branch_operator.py
[2025-03-30T14:12:05.822+0000] {logging_mixin.py:190} INFO - [2025-03-30T14:12:05.822+0000] {dag.py:3239} INFO - Sync 1 DAGs
[2025-03-30T14:12:05.857+0000] {logging_mixin.py:190} INFO - [2025-03-30T14:12:05.856+0000] {dag.py:4180} INFO - Setting next_dagrun for example_branch_operator to 2025-03-29 00:00:00+00:00, run_after=2025-03-30 00:00:00+00:00
[2025-03-30T14:12:05.900+0000] {processor.py:208} INFO - Processing /home/airflow/.local/lib/python3.12/site-packages/airflow/example_dags/example_branch_operator.py took 0.161 seconds
[2025-03-30T14:12:36.148+0000] {processor.py:186} INFO - Started process (PID=2367) to work on /home/airflow/.local/lib/python3.12/site-packages/airflow/example_dags/example_branch_operator.py
[2025-03-30T14:12:36.149+0000] {processor.py:914} INFO - Processing file /home/airflow/.local/lib/python3.12/site-packages/airflow/example_dags/example_branch_operator.py for tasks to queue
[2025-03-30T14:12:36.151+0000] {logging_mixin.py:190} INFO - [2025-03-30T14:12:36.150+0000] {dagbag.py:588} INFO - Filling up the DagBag from /home/airflow/.local/lib/python3.12/site-packages/airflow/example_dags/example_branch_operator.py
[2025-03-30T14:12:36.168+0000] {processor.py:925} INFO - DAG(s) 'example_branch_operator' retrieved from /home/airflow/.local/lib/python3.12/site-packages/airflow/example_dags/example_branch_operator.py
[2025-03-30T14:12:36.195+0000] {logging_mixin.py:190} INFO - [2025-03-30T14:12:36.195+0000] {dag.py:3239} INFO - Sync 1 DAGs
[2025-03-30T14:12:36.219+0000] {logging_mixin.py:190} INFO - [2025-03-30T14:12:36.219+0000] {dag.py:4180} INFO - Setting next_dagrun for example_branch_operator to 2025-03-29 00:00:00+00:00, run_after=2025-03-30 00:00:00+00:00
[2025-03-30T14:12:36.237+0000] {processor.py:208} INFO - Processing /home/airflow/.local/lib/python3.12/site-packages/airflow/example_dags/example_branch_operator.py took 0.097 seconds
[2025-03-30T14:13:06.612+0000] {processor.py:186} INFO - Started process (PID=2442) to work on /home/airflow/.local/lib/python3.12/site-packages/airflow/example_dags/example_branch_operator.py
[2025-03-30T14:13:06.613+0000] {processor.py:914} INFO - Processing file /home/airflow/.local/lib/python3.12/site-packages/airflow/example_dags/example_branch_operator.py for tasks to queue
[2025-03-30T14:13:06.614+0000] {logging_mixin.py:190} INFO - [2025-03-30T14:13:06.614+0000] {dagbag.py:588} INFO - Filling up the DagBag from /home/airflow/.local/lib/python3.12/site-packages/airflow/example_dags/example_branch_operator.py
[2025-03-30T14:13:06.632+0000] {processor.py:925} INFO - DAG(s) 'example_branch_operator' retrieved from /home/airflow/.local/lib/python3.12/site-packages/airflow/example_dags/example_branch_operator.py
[2025-03-30T14:13:06.664+0000] {logging_mixin.py:190} INFO - [2025-03-30T14:13:06.663+0000] {dag.py:3239} INFO - Sync 1 DAGs
[2025-03-30T14:13:06.691+0000] {logging_mixin.py:190} INFO - [2025-03-30T14:13:06.691+0000] {dag.py:4180} INFO - Setting next_dagrun for example_branch_operator to 2025-03-29 00:00:00+00:00, run_after=2025-03-30 00:00:00+00:00
[2025-03-30T14:13:06.714+0000] {processor.py:208} INFO - Processing /home/airflow/.local/lib/python3.12/site-packages/airflow/example_dags/example_branch_operator.py took 0.110 seconds
[2025-03-30T14:13:36.748+0000] {processor.py:186} INFO - Started process (PID=2517) to work on /home/airflow/.local/lib/python3.12/site-packages/airflow/example_dags/example_branch_operator.py
[2025-03-30T14:13:36.749+0000] {processor.py:914} INFO - Processing file /home/airflow/.local/lib/python3.12/site-packages/airflow/example_dags/example_branch_operator.py for tasks to queue
[2025-03-30T14:13:36.750+0000] {logging_mixin.py:190} INFO - [2025-03-30T14:13:36.750+0000] {dagbag.py:588} INFO - Filling up the DagBag from /home/airflow/.local/lib/python3.12/site-packages/airflow/example_dags/example_branch_operator.py
[2025-03-30T14:13:36.764+0000] {processor.py:925} INFO - DAG(s) 'example_branch_operator' retrieved from /home/airflow/.local/lib/python3.12/site-packages/airflow/example_dags/example_branch_operator.py
[2025-03-30T14:13:36.794+0000] {logging_mixin.py:190} INFO - [2025-03-30T14:13:36.794+0000] {dag.py:3239} INFO - Sync 1 DAGs
[2025-03-30T14:13:36.817+0000] {logging_mixin.py:190} INFO - [2025-03-30T14:13:36.817+0000] {dag.py:4180} INFO - Setting next_dagrun for example_branch_operator to 2025-03-29 00:00:00+00:00, run_after=2025-03-30 00:00:00+00:00
[2025-03-30T14:13:36.835+0000] {processor.py:208} INFO - Processing /home/airflow/.local/lib/python3.12/site-packages/airflow/example_dags/example_branch_operator.py took 0.094 seconds
[2025-03-30T14:14:07.528+0000] {processor.py:186} INFO - Started process (PID=2592) to work on /home/airflow/.local/lib/python3.12/site-packages/airflow/example_dags/example_branch_operator.py
[2025-03-30T14:14:07.530+0000] {processor.py:914} INFO - Processing file /home/airflow/.local/lib/python3.12/site-packages/airflow/example_dags/example_branch_operator.py for tasks to queue
[2025-03-30T14:14:07.531+0000] {logging_mixin.py:190} INFO - [2025-03-30T14:14:07.531+0000] {dagbag.py:588} INFO - Filling up the DagBag from /home/airflow/.local/lib/python3.12/site-packages/airflow/example_dags/example_branch_operator.py
[2025-03-30T14:14:07.549+0000] {processor.py:925} INFO - DAG(s) 'example_branch_operator' retrieved from /home/airflow/.local/lib/python3.12/site-packages/airflow/example_dags/example_branch_operator.py
[2025-03-30T14:14:07.578+0000] {logging_mixin.py:190} INFO - [2025-03-30T14:14:07.578+0000] {dag.py:3239} INFO - Sync 1 DAGs
[2025-03-30T14:14:07.604+0000] {logging_mixin.py:190} INFO - [2025-03-30T14:14:07.604+0000] {dag.py:4180} INFO - Setting next_dagrun for example_branch_operator to 2025-03-29 00:00:00+00:00, run_after=2025-03-30 00:00:00+00:00
[2025-03-30T14:14:07.622+0000] {processor.py:208} INFO - Processing /home/airflow/.local/lib/python3.12/site-packages/airflow/example_dags/example_branch_operator.py took 0.103 seconds
[2025-03-30T14:14:38.308+0000] {processor.py:186} INFO - Started process (PID=2667) to work on /home/airflow/.local/lib/python3.12/site-packages/airflow/example_dags/example_branch_operator.py
[2025-03-30T14:14:38.308+0000] {processor.py:914} INFO - Processing file /home/airflow/.local/lib/python3.12/site-packages/airflow/example_dags/example_branch_operator.py for tasks to queue
[2025-03-30T14:14:38.310+0000] {logging_mixin.py:190} INFO - [2025-03-30T14:14:38.309+0000] {dagbag.py:588} INFO - Filling up the DagBag from /home/airflow/.local/lib/python3.12/site-packages/airflow/example_dags/example_branch_operator.py
[2025-03-30T14:14:38.327+0000] {processor.py:925} INFO - DAG(s) 'example_branch_operator' retrieved from /home/airflow/.local/lib/python3.12/site-packages/airflow/example_dags/example_branch_operator.py
[2025-03-30T14:14:38.357+0000] {logging_mixin.py:190} INFO - [2025-03-30T14:14:38.357+0000] {dag.py:3239} INFO - Sync 1 DAGs
[2025-03-30T14:14:38.380+0000] {logging_mixin.py:190} INFO - [2025-03-30T14:14:38.380+0000] {dag.py:4180} INFO - Setting next_dagrun for example_branch_operator to 2025-03-29 00:00:00+00:00, run_after=2025-03-30 00:00:00+00:00
[2025-03-30T14:14:38.396+0000] {processor.py:208} INFO - Processing /home/airflow/.local/lib/python3.12/site-packages/airflow/example_dags/example_branch_operator.py took 0.096 seconds
[2025-03-30T14:15:08.499+0000] {processor.py:186} INFO - Started process (PID=2742) to work on /home/airflow/.local/lib/python3.12/site-packages/airflow/example_dags/example_branch_operator.py
[2025-03-30T14:15:08.500+0000] {processor.py:914} INFO - Processing file /home/airflow/.local/lib/python3.12/site-packages/airflow/example_dags/example_branch_operator.py for tasks to queue
[2025-03-30T14:15:08.501+0000] {logging_mixin.py:190} INFO - [2025-03-30T14:15:08.501+0000] {dagbag.py:588} INFO - Filling up the DagBag from /home/airflow/.local/lib/python3.12/site-packages/airflow/example_dags/example_branch_operator.py
[2025-03-30T14:15:08.516+0000] {processor.py:925} INFO - DAG(s) 'example_branch_operator' retrieved from /home/airflow/.local/lib/python3.12/site-packages/airflow/example_dags/example_branch_operator.py
[2025-03-30T14:15:08.539+0000] {logging_mixin.py:190} INFO - [2025-03-30T14:15:08.538+0000] {dag.py:3239} INFO - Sync 1 DAGs
[2025-03-30T14:15:08.557+0000] {logging_mixin.py:190} INFO - [2025-03-30T14:15:08.557+0000] {dag.py:4180} INFO - Setting next_dagrun for example_branch_operator to 2025-03-29 00:00:00+00:00, run_after=2025-03-30 00:00:00+00:00
[2025-03-30T14:15:08.572+0000] {processor.py:208} INFO - Processing /home/airflow/.local/lib/python3.12/site-packages/airflow/example_dags/example_branch_operator.py took 0.080 seconds
[2025-03-30T14:15:38.811+0000] {processor.py:186} INFO - Started process (PID=2817) to work on /home/airflow/.local/lib/python3.12/site-packages/airflow/example_dags/example_branch_operator.py
[2025-03-30T14:15:38.811+0000] {processor.py:914} INFO - Processing file /home/airflow/.local/lib/python3.12/site-packages/airflow/example_dags/example_branch_operator.py for tasks to queue
[2025-03-30T14:15:38.813+0000] {logging_mixin.py:190} INFO - [2025-03-30T14:15:38.812+0000] {dagbag.py:588} INFO - Filling up the DagBag from /home/airflow/.local/lib/python3.12/site-packages/airflow/example_dags/example_branch_operator.py
[2025-03-30T14:15:38.828+0000] {processor.py:925} INFO - DAG(s) 'example_branch_operator' retrieved from /home/airflow/.local/lib/python3.12/site-packages/airflow/example_dags/example_branch_operator.py
[2025-03-30T14:15:38.851+0000] {logging_mixin.py:190} INFO - [2025-03-30T14:15:38.851+0000] {dag.py:3239} INFO - Sync 1 DAGs
[2025-03-30T14:15:38.871+0000] {logging_mixin.py:190} INFO - [2025-03-30T14:15:38.870+0000] {dag.py:4180} INFO - Setting next_dagrun for example_branch_operator to 2025-03-29 00:00:00+00:00, run_after=2025-03-30 00:00:00+00:00
[2025-03-30T14:15:38.886+0000] {processor.py:208} INFO - Processing /home/airflow/.local/lib/python3.12/site-packages/airflow/example_dags/example_branch_operator.py took 0.082 seconds
[2025-03-30T14:16:09.504+0000] {processor.py:186} INFO - Started process (PID=2892) to work on /home/airflow/.local/lib/python3.12/site-packages/airflow/example_dags/example_branch_operator.py
[2025-03-30T14:16:09.505+0000] {processor.py:914} INFO - Processing file /home/airflow/.local/lib/python3.12/site-packages/airflow/example_dags/example_branch_operator.py for tasks to queue
[2025-03-30T14:16:09.506+0000] {logging_mixin.py:190} INFO - [2025-03-30T14:16:09.506+0000] {dagbag.py:588} INFO - Filling up the DagBag from /home/airflow/.local/lib/python3.12/site-packages/airflow/example_dags/example_branch_operator.py
[2025-03-30T14:16:09.522+0000] {processor.py:925} INFO - DAG(s) 'example_branch_operator' retrieved from /home/airflow/.local/lib/python3.12/site-packages/airflow/example_dags/example_branch_operator.py
[2025-03-30T14:16:09.546+0000] {logging_mixin.py:190} INFO - [2025-03-30T14:16:09.546+0000] {dag.py:3239} INFO - Sync 1 DAGs
[2025-03-30T14:16:09.566+0000] {logging_mixin.py:190} INFO - [2025-03-30T14:16:09.566+0000] {dag.py:4180} INFO - Setting next_dagrun for example_branch_operator to 2025-03-29 00:00:00+00:00, run_after=2025-03-30 00:00:00+00:00
[2025-03-30T14:16:09.584+0000] {processor.py:208} INFO - Processing /home/airflow/.local/lib/python3.12/site-packages/airflow/example_dags/example_branch_operator.py took 0.087 seconds
[2025-03-30T14:16:39.809+0000] {processor.py:186} INFO - Started process (PID=2967) to work on /home/airflow/.local/lib/python3.12/site-packages/airflow/example_dags/example_branch_operator.py
[2025-03-30T14:16:39.810+0000] {processor.py:914} INFO - Processing file /home/airflow/.local/lib/python3.12/site-packages/airflow/example_dags/example_branch_operator.py for tasks to queue
[2025-03-30T14:16:39.811+0000] {logging_mixin.py:190} INFO - [2025-03-30T14:16:39.811+0000] {dagbag.py:588} INFO - Filling up the DagBag from /home/airflow/.local/lib/python3.12/site-packages/airflow/example_dags/example_branch_operator.py
[2025-03-30T14:16:39.826+0000] {processor.py:925} INFO - DAG(s) 'example_branch_operator' retrieved from /home/airflow/.local/lib/python3.12/site-packages/airflow/example_dags/example_branch_operator.py
[2025-03-30T14:16:39.851+0000] {logging_mixin.py:190} INFO - [2025-03-30T14:16:39.851+0000] {dag.py:3239} INFO - Sync 1 DAGs
[2025-03-30T14:16:39.872+0000] {logging_mixin.py:190} INFO - [2025-03-30T14:16:39.872+0000] {dag.py:4180} INFO - Setting next_dagrun for example_branch_operator to 2025-03-29 00:00:00+00:00, run_after=2025-03-30 00:00:00+00:00
[2025-03-30T14:16:39.886+0000] {processor.py:208} INFO - Processing /home/airflow/.local/lib/python3.12/site-packages/airflow/example_dags/example_branch_operator.py took 0.088 seconds
[2025-03-30T14:17:10.061+0000] {processor.py:186} INFO - Started process (PID=3042) to work on /home/airflow/.local/lib/python3.12/site-packages/airflow/example_dags/example_branch_operator.py
[2025-03-30T14:17:10.062+0000] {processor.py:914} INFO - Processing file /home/airflow/.local/lib/python3.12/site-packages/airflow/example_dags/example_branch_operator.py for tasks to queue
[2025-03-30T14:17:10.063+0000] {logging_mixin.py:190} INFO - [2025-03-30T14:17:10.063+0000] {dagbag.py:588} INFO - Filling up the DagBag from /home/airflow/.local/lib/python3.12/site-packages/airflow/example_dags/example_branch_operator.py
[2025-03-30T14:17:10.078+0000] {processor.py:925} INFO - DAG(s) 'example_branch_operator' retrieved from /home/airflow/.local/lib/python3.12/site-packages/airflow/example_dags/example_branch_operator.py
[2025-03-30T14:17:10.100+0000] {logging_mixin.py:190} INFO - [2025-03-30T14:17:10.100+0000] {dag.py:3239} INFO - Sync 1 DAGs
[2025-03-30T14:17:10.120+0000] {logging_mixin.py:190} INFO - [2025-03-30T14:17:10.120+0000] {dag.py:4180} INFO - Setting next_dagrun for example_branch_operator to 2025-03-29 00:00:00+00:00, run_after=2025-03-30 00:00:00+00:00
[2025-03-30T14:17:10.134+0000] {processor.py:208} INFO - Processing /home/airflow/.local/lib/python3.12/site-packages/airflow/example_dags/example_branch_operator.py took 0.080 seconds
[2025-03-30T14:17:40.559+0000] {processor.py:186} INFO - Started process (PID=3117) to work on /home/airflow/.local/lib/python3.12/site-packages/airflow/example_dags/example_branch_operator.py
[2025-03-30T14:17:40.560+0000] {processor.py:914} INFO - Processing file /home/airflow/.local/lib/python3.12/site-packages/airflow/example_dags/example_branch_operator.py for tasks to queue
[2025-03-30T14:17:40.562+0000] {logging_mixin.py:190} INFO - [2025-03-30T14:17:40.561+0000] {dagbag.py:588} INFO - Filling up the DagBag from /home/airflow/.local/lib/python3.12/site-packages/airflow/example_dags/example_branch_operator.py
[2025-03-30T14:17:40.578+0000] {processor.py:925} INFO - DAG(s) 'example_branch_operator' retrieved from /home/airflow/.local/lib/python3.12/site-packages/airflow/example_dags/example_branch_operator.py
[2025-03-30T14:17:40.602+0000] {logging_mixin.py:190} INFO - [2025-03-30T14:17:40.601+0000] {dag.py:3239} INFO - Sync 1 DAGs
[2025-03-30T14:17:40.623+0000] {logging_mixin.py:190} INFO - [2025-03-30T14:17:40.622+0000] {dag.py:4180} INFO - Setting next_dagrun for example_branch_operator to 2025-03-29 00:00:00+00:00, run_after=2025-03-30 00:00:00+00:00
[2025-03-30T14:17:40.638+0000] {processor.py:208} INFO - Processing /home/airflow/.local/lib/python3.12/site-packages/airflow/example_dags/example_branch_operator.py took 0.086 seconds
[2025-03-30T14:18:12.828+0000] {processor.py:186} INFO - Started process (PID=3192) to work on /home/airflow/.local/lib/python3.12/site-packages/airflow/example_dags/example_branch_operator.py
[2025-03-30T14:18:12.829+0000] {processor.py:914} INFO - Processing file /home/airflow/.local/lib/python3.12/site-packages/airflow/example_dags/example_branch_operator.py for tasks to queue
[2025-03-30T14:18:12.830+0000] {logging_mixin.py:190} INFO - [2025-03-30T14:18:12.830+0000] {dagbag.py:588} INFO - Filling up the DagBag from /home/airflow/.local/lib/python3.12/site-packages/airflow/example_dags/example_branch_operator.py
[2025-03-30T14:18:12.849+0000] {processor.py:925} INFO - DAG(s) 'example_branch_operator' retrieved from /home/airflow/.local/lib/python3.12/site-packages/airflow/example_dags/example_branch_operator.py
[2025-03-30T14:18:12.879+0000] {logging_mixin.py:190} INFO - [2025-03-30T14:18:12.879+0000] {dag.py:3239} INFO - Sync 1 DAGs
[2025-03-30T14:18:12.907+0000] {logging_mixin.py:190} INFO - [2025-03-30T14:18:12.907+0000] {dag.py:4180} INFO - Setting next_dagrun for example_branch_operator to 2025-03-29 00:00:00+00:00, run_after=2025-03-30 00:00:00+00:00
[2025-03-30T14:18:12.926+0000] {processor.py:208} INFO - Processing /home/airflow/.local/lib/python3.12/site-packages/airflow/example_dags/example_branch_operator.py took 0.108 seconds
