[2025-03-30T13:57:15.630+0000] {processor.py:186} INFO - Started process (PID=76) to work on /home/airflow/.local/lib/python3.12/site-packages/airflow/example_dags/example_xcom.py
[2025-03-30T13:57:15.631+0000] {processor.py:914} INFO - Processing file /home/airflow/.local/lib/python3.12/site-packages/airflow/example_dags/example_xcom.py for tasks to queue
[2025-03-30T13:57:15.633+0000] {logging_mixin.py:190} INFO - [2025-03-30T13:57:15.633+0000] {dagbag.py:588} INFO - Filling up the DagBag from /home/airflow/.local/lib/python3.12/site-packages/airflow/example_dags/example_xcom.py
[2025-03-30T13:57:15.641+0000] {processor.py:925} INFO - DAG(s) 'example_xcom' retrieved from /home/airflow/.local/lib/python3.12/site-packages/airflow/example_dags/example_xcom.py
[2025-03-30T13:57:15.666+0000] {logging_mixin.py:190} INFO - [2025-03-30T13:57:15.666+0000] {dag.py:3239} INFO - Sync 1 DAGs
[2025-03-30T13:57:15.686+0000] {logging_mixin.py:190} INFO - [2025-03-30T13:57:15.686+0000] {dag.py:4180} INFO - Setting next_dagrun for example_xcom to 2021-01-01 00:00:00+00:00, run_after=2021-01-01 00:00:00+00:00
[2025-03-30T13:57:15.706+0000] {processor.py:208} INFO - Processing /home/airflow/.local/lib/python3.12/site-packages/airflow/example_dags/example_xcom.py took 0.082 seconds
[2025-03-30T13:57:46.348+0000] {processor.py:186} INFO - Started process (PID=151) to work on /home/airflow/.local/lib/python3.12/site-packages/airflow/example_dags/example_xcom.py
[2025-03-30T13:57:46.349+0000] {processor.py:914} INFO - Processing file /home/airflow/.local/lib/python3.12/site-packages/airflow/example_dags/example_xcom.py for tasks to queue
[2025-03-30T13:57:46.352+0000] {logging_mixin.py:190} INFO - [2025-03-30T13:57:46.351+0000] {dagbag.py:588} INFO - Filling up the DagBag from /home/airflow/.local/lib/python3.12/site-packages/airflow/example_dags/example_xcom.py
[2025-03-30T13:57:46.368+0000] {processor.py:925} INFO - DAG(s) 'example_xcom' retrieved from /home/airflow/.local/lib/python3.12/site-packages/airflow/example_dags/example_xcom.py
[2025-03-30T13:57:46.401+0000] {logging_mixin.py:190} INFO - [2025-03-30T13:57:46.401+0000] {dag.py:3239} INFO - Sync 1 DAGs
[2025-03-30T13:57:46.429+0000] {logging_mixin.py:190} INFO - [2025-03-30T13:57:46.429+0000] {dag.py:4180} INFO - Setting next_dagrun for example_xcom to 2021-01-01 00:00:00+00:00, run_after=2021-01-01 00:00:00+00:00
[2025-03-30T13:57:46.449+0000] {processor.py:208} INFO - Processing /home/airflow/.local/lib/python3.12/site-packages/airflow/example_dags/example_xcom.py took 0.110 seconds
[2025-03-30T13:58:17.068+0000] {processor.py:186} INFO - Started process (PID=214) to work on /home/airflow/.local/lib/python3.12/site-packages/airflow/example_dags/example_xcom.py
[2025-03-30T13:58:17.070+0000] {processor.py:914} INFO - Processing file /home/airflow/.local/lib/python3.12/site-packages/airflow/example_dags/example_xcom.py for tasks to queue
[2025-03-30T13:58:17.072+0000] {logging_mixin.py:190} INFO - [2025-03-30T13:58:17.072+0000] {dagbag.py:588} INFO - Filling up the DagBag from /home/airflow/.local/lib/python3.12/site-packages/airflow/example_dags/example_xcom.py
[2025-03-30T13:58:17.085+0000] {processor.py:925} INFO - DAG(s) 'example_xcom' retrieved from /home/airflow/.local/lib/python3.12/site-packages/airflow/example_dags/example_xcom.py
[2025-03-30T13:58:17.122+0000] {logging_mixin.py:190} INFO - [2025-03-30T13:58:17.121+0000] {dag.py:3239} INFO - Sync 1 DAGs
[2025-03-30T13:58:17.154+0000] {logging_mixin.py:190} INFO - [2025-03-30T13:58:17.153+0000] {dag.py:4180} INFO - Setting next_dagrun for example_xcom to 2021-01-01 00:00:00+00:00, run_after=2021-01-01 00:00:00+00:00
[2025-03-30T13:58:17.187+0000] {processor.py:208} INFO - Processing /home/airflow/.local/lib/python3.12/site-packages/airflow/example_dags/example_xcom.py took 0.124 seconds
[2025-03-30T13:58:47.987+0000] {processor.py:186} INFO - Started process (PID=289) to work on /home/airflow/.local/lib/python3.12/site-packages/airflow/example_dags/example_xcom.py
[2025-03-30T13:58:47.988+0000] {processor.py:914} INFO - Processing file /home/airflow/.local/lib/python3.12/site-packages/airflow/example_dags/example_xcom.py for tasks to queue
[2025-03-30T13:58:47.990+0000] {logging_mixin.py:190} INFO - [2025-03-30T13:58:47.990+0000] {dagbag.py:588} INFO - Filling up the DagBag from /home/airflow/.local/lib/python3.12/site-packages/airflow/example_dags/example_xcom.py
[2025-03-30T13:58:48.000+0000] {processor.py:925} INFO - DAG(s) 'example_xcom' retrieved from /home/airflow/.local/lib/python3.12/site-packages/airflow/example_dags/example_xcom.py
[2025-03-30T13:58:48.022+0000] {logging_mixin.py:190} INFO - [2025-03-30T13:58:48.022+0000] {dag.py:3239} INFO - Sync 1 DAGs
[2025-03-30T13:58:48.046+0000] {logging_mixin.py:190} INFO - [2025-03-30T13:58:48.046+0000] {dag.py:4180} INFO - Setting next_dagrun for example_xcom to 2021-01-01 00:00:00+00:00, run_after=2021-01-01 00:00:00+00:00
[2025-03-30T13:58:48.068+0000] {processor.py:208} INFO - Processing /home/airflow/.local/lib/python3.12/site-packages/airflow/example_dags/example_xcom.py took 0.087 seconds
[2025-03-30T13:59:18.593+0000] {processor.py:186} INFO - Started process (PID=364) to work on /home/airflow/.local/lib/python3.12/site-packages/airflow/example_dags/example_xcom.py
[2025-03-30T13:59:18.594+0000] {processor.py:914} INFO - Processing file /home/airflow/.local/lib/python3.12/site-packages/airflow/example_dags/example_xcom.py for tasks to queue
[2025-03-30T13:59:18.597+0000] {logging_mixin.py:190} INFO - [2025-03-30T13:59:18.596+0000] {dagbag.py:588} INFO - Filling up the DagBag from /home/airflow/.local/lib/python3.12/site-packages/airflow/example_dags/example_xcom.py
[2025-03-30T13:59:18.606+0000] {processor.py:925} INFO - DAG(s) 'example_xcom' retrieved from /home/airflow/.local/lib/python3.12/site-packages/airflow/example_dags/example_xcom.py
[2025-03-30T13:59:18.627+0000] {logging_mixin.py:190} INFO - [2025-03-30T13:59:18.627+0000] {dag.py:3239} INFO - Sync 1 DAGs
[2025-03-30T13:59:18.653+0000] {logging_mixin.py:190} INFO - [2025-03-30T13:59:18.653+0000] {dag.py:4180} INFO - Setting next_dagrun for example_xcom to 2021-01-01 00:00:00+00:00, run_after=2021-01-01 00:00:00+00:00
[2025-03-30T13:59:18.675+0000] {processor.py:208} INFO - Processing /home/airflow/.local/lib/python3.12/site-packages/airflow/example_dags/example_xcom.py took 0.088 seconds
[2025-03-30T13:59:49.013+0000] {processor.py:186} INFO - Started process (PID=439) to work on /home/airflow/.local/lib/python3.12/site-packages/airflow/example_dags/example_xcom.py
[2025-03-30T13:59:49.014+0000] {processor.py:914} INFO - Processing file /home/airflow/.local/lib/python3.12/site-packages/airflow/example_dags/example_xcom.py for tasks to queue
[2025-03-30T13:59:49.016+0000] {logging_mixin.py:190} INFO - [2025-03-30T13:59:49.016+0000] {dagbag.py:588} INFO - Filling up the DagBag from /home/airflow/.local/lib/python3.12/site-packages/airflow/example_dags/example_xcom.py
[2025-03-30T13:59:49.024+0000] {processor.py:925} INFO - DAG(s) 'example_xcom' retrieved from /home/airflow/.local/lib/python3.12/site-packages/airflow/example_dags/example_xcom.py
[2025-03-30T13:59:49.041+0000] {logging_mixin.py:190} INFO - [2025-03-30T13:59:49.041+0000] {dag.py:3239} INFO - Sync 1 DAGs
[2025-03-30T13:59:49.063+0000] {logging_mixin.py:190} INFO - [2025-03-30T13:59:49.062+0000] {dag.py:4180} INFO - Setting next_dagrun for example_xcom to 2021-01-01 00:00:00+00:00, run_after=2021-01-01 00:00:00+00:00
[2025-03-30T13:59:49.076+0000] {processor.py:208} INFO - Processing /home/airflow/.local/lib/python3.12/site-packages/airflow/example_dags/example_xcom.py took 0.067 seconds
[2025-03-30T14:00:19.162+0000] {processor.py:186} INFO - Started process (PID=526) to work on /home/airflow/.local/lib/python3.12/site-packages/airflow/example_dags/example_xcom.py
[2025-03-30T14:00:19.163+0000] {processor.py:914} INFO - Processing file /home/airflow/.local/lib/python3.12/site-packages/airflow/example_dags/example_xcom.py for tasks to queue
[2025-03-30T14:00:19.166+0000] {logging_mixin.py:190} INFO - [2025-03-30T14:00:19.165+0000] {dagbag.py:588} INFO - Filling up the DagBag from /home/airflow/.local/lib/python3.12/site-packages/airflow/example_dags/example_xcom.py
[2025-03-30T14:00:19.175+0000] {processor.py:925} INFO - DAG(s) 'example_xcom' retrieved from /home/airflow/.local/lib/python3.12/site-packages/airflow/example_dags/example_xcom.py
[2025-03-30T14:00:19.196+0000] {logging_mixin.py:190} INFO - [2025-03-30T14:00:19.196+0000] {dag.py:3239} INFO - Sync 1 DAGs
[2025-03-30T14:00:19.219+0000] {logging_mixin.py:190} INFO - [2025-03-30T14:00:19.219+0000] {dag.py:4180} INFO - Setting next_dagrun for example_xcom to 2021-01-01 00:00:00+00:00, run_after=2021-01-01 00:00:00+00:00
[2025-03-30T14:00:19.237+0000] {processor.py:208} INFO - Processing /home/airflow/.local/lib/python3.12/site-packages/airflow/example_dags/example_xcom.py took 0.080 seconds
[2025-03-30T14:00:49.828+0000] {processor.py:186} INFO - Started process (PID=601) to work on /home/airflow/.local/lib/python3.12/site-packages/airflow/example_dags/example_xcom.py
[2025-03-30T14:00:49.829+0000] {processor.py:914} INFO - Processing file /home/airflow/.local/lib/python3.12/site-packages/airflow/example_dags/example_xcom.py for tasks to queue
[2025-03-30T14:00:49.832+0000] {logging_mixin.py:190} INFO - [2025-03-30T14:00:49.831+0000] {dagbag.py:588} INFO - Filling up the DagBag from /home/airflow/.local/lib/python3.12/site-packages/airflow/example_dags/example_xcom.py
[2025-03-30T14:00:49.842+0000] {processor.py:925} INFO - DAG(s) 'example_xcom' retrieved from /home/airflow/.local/lib/python3.12/site-packages/airflow/example_dags/example_xcom.py
[2025-03-30T14:00:49.866+0000] {logging_mixin.py:190} INFO - [2025-03-30T14:00:49.866+0000] {dag.py:3239} INFO - Sync 1 DAGs
[2025-03-30T14:00:49.893+0000] {logging_mixin.py:190} INFO - [2025-03-30T14:00:49.893+0000] {dag.py:4180} INFO - Setting next_dagrun for example_xcom to 2021-01-01 00:00:00+00:00, run_after=2021-01-01 00:00:00+00:00
[2025-03-30T14:00:49.923+0000] {processor.py:208} INFO - Processing /home/airflow/.local/lib/python3.12/site-packages/airflow/example_dags/example_xcom.py took 0.099 seconds
[2025-03-30T14:01:20.779+0000] {processor.py:186} INFO - Started process (PID=676) to work on /home/airflow/.local/lib/python3.12/site-packages/airflow/example_dags/example_xcom.py
[2025-03-30T14:01:20.780+0000] {processor.py:914} INFO - Processing file /home/airflow/.local/lib/python3.12/site-packages/airflow/example_dags/example_xcom.py for tasks to queue
[2025-03-30T14:01:20.782+0000] {logging_mixin.py:190} INFO - [2025-03-30T14:01:20.782+0000] {dagbag.py:588} INFO - Filling up the DagBag from /home/airflow/.local/lib/python3.12/site-packages/airflow/example_dags/example_xcom.py
[2025-03-30T14:01:20.789+0000] {processor.py:925} INFO - DAG(s) 'example_xcom' retrieved from /home/airflow/.local/lib/python3.12/site-packages/airflow/example_dags/example_xcom.py
[2025-03-30T14:01:20.806+0000] {logging_mixin.py:190} INFO - [2025-03-30T14:01:20.805+0000] {dag.py:3239} INFO - Sync 1 DAGs
[2025-03-30T14:01:20.822+0000] {logging_mixin.py:190} INFO - [2025-03-30T14:01:20.822+0000] {dag.py:4180} INFO - Setting next_dagrun for example_xcom to 2021-01-01 00:00:00+00:00, run_after=2021-01-01 00:00:00+00:00
[2025-03-30T14:01:20.835+0000] {processor.py:208} INFO - Processing /home/airflow/.local/lib/python3.12/site-packages/airflow/example_dags/example_xcom.py took 0.060 seconds
[2025-03-30T14:01:51.143+0000] {processor.py:186} INFO - Started process (PID=763) to work on /home/airflow/.local/lib/python3.12/site-packages/airflow/example_dags/example_xcom.py
[2025-03-30T14:01:51.143+0000] {processor.py:914} INFO - Processing file /home/airflow/.local/lib/python3.12/site-packages/airflow/example_dags/example_xcom.py for tasks to queue
[2025-03-30T14:01:51.146+0000] {logging_mixin.py:190} INFO - [2025-03-30T14:01:51.145+0000] {dagbag.py:588} INFO - Filling up the DagBag from /home/airflow/.local/lib/python3.12/site-packages/airflow/example_dags/example_xcom.py
[2025-03-30T14:01:51.155+0000] {processor.py:925} INFO - DAG(s) 'example_xcom' retrieved from /home/airflow/.local/lib/python3.12/site-packages/airflow/example_dags/example_xcom.py
[2025-03-30T14:01:51.177+0000] {logging_mixin.py:190} INFO - [2025-03-30T14:01:51.177+0000] {dag.py:3239} INFO - Sync 1 DAGs
[2025-03-30T14:01:51.197+0000] {logging_mixin.py:190} INFO - [2025-03-30T14:01:51.197+0000] {dag.py:4180} INFO - Setting next_dagrun for example_xcom to 2021-01-01 00:00:00+00:00, run_after=2021-01-01 00:00:00+00:00
[2025-03-30T14:01:51.212+0000] {processor.py:208} INFO - Processing /home/airflow/.local/lib/python3.12/site-packages/airflow/example_dags/example_xcom.py took 0.074 seconds
[2025-03-30T14:02:22.216+0000] {processor.py:186} INFO - Started process (PID=838) to work on /home/airflow/.local/lib/python3.12/site-packages/airflow/example_dags/example_xcom.py
[2025-03-30T14:02:22.216+0000] {processor.py:914} INFO - Processing file /home/airflow/.local/lib/python3.12/site-packages/airflow/example_dags/example_xcom.py for tasks to queue
[2025-03-30T14:02:22.218+0000] {logging_mixin.py:190} INFO - [2025-03-30T14:02:22.218+0000] {dagbag.py:588} INFO - Filling up the DagBag from /home/airflow/.local/lib/python3.12/site-packages/airflow/example_dags/example_xcom.py
[2025-03-30T14:02:22.227+0000] {processor.py:925} INFO - DAG(s) 'example_xcom' retrieved from /home/airflow/.local/lib/python3.12/site-packages/airflow/example_dags/example_xcom.py
[2025-03-30T14:02:22.248+0000] {logging_mixin.py:190} INFO - [2025-03-30T14:02:22.247+0000] {dag.py:3239} INFO - Sync 1 DAGs
[2025-03-30T14:02:22.267+0000] {logging_mixin.py:190} INFO - [2025-03-30T14:02:22.267+0000] {dag.py:4180} INFO - Setting next_dagrun for example_xcom to 2021-01-01 00:00:00+00:00, run_after=2021-01-01 00:00:00+00:00
[2025-03-30T14:02:22.282+0000] {processor.py:208} INFO - Processing /home/airflow/.local/lib/python3.12/site-packages/airflow/example_dags/example_xcom.py took 0.072 seconds
[2025-03-30T14:02:52.595+0000] {processor.py:186} INFO - Started process (PID=901) to work on /home/airflow/.local/lib/python3.12/site-packages/airflow/example_dags/example_xcom.py
[2025-03-30T14:02:52.596+0000] {processor.py:914} INFO - Processing file /home/airflow/.local/lib/python3.12/site-packages/airflow/example_dags/example_xcom.py for tasks to queue
[2025-03-30T14:02:52.598+0000] {logging_mixin.py:190} INFO - [2025-03-30T14:02:52.597+0000] {dagbag.py:588} INFO - Filling up the DagBag from /home/airflow/.local/lib/python3.12/site-packages/airflow/example_dags/example_xcom.py
[2025-03-30T14:02:52.605+0000] {processor.py:925} INFO - DAG(s) 'example_xcom' retrieved from /home/airflow/.local/lib/python3.12/site-packages/airflow/example_dags/example_xcom.py
[2025-03-30T14:02:52.624+0000] {logging_mixin.py:190} INFO - [2025-03-30T14:02:52.624+0000] {dag.py:3239} INFO - Sync 1 DAGs
[2025-03-30T14:02:52.643+0000] {logging_mixin.py:190} INFO - [2025-03-30T14:02:52.643+0000] {dag.py:4180} INFO - Setting next_dagrun for example_xcom to 2021-01-01 00:00:00+00:00, run_after=2021-01-01 00:00:00+00:00
[2025-03-30T14:02:52.658+0000] {processor.py:208} INFO - Processing /home/airflow/.local/lib/python3.12/site-packages/airflow/example_dags/example_xcom.py took 0.068 seconds
[2025-03-30T14:03:23.088+0000] {processor.py:186} INFO - Started process (PID=976) to work on /home/airflow/.local/lib/python3.12/site-packages/airflow/example_dags/example_xcom.py
[2025-03-30T14:03:23.089+0000] {processor.py:914} INFO - Processing file /home/airflow/.local/lib/python3.12/site-packages/airflow/example_dags/example_xcom.py for tasks to queue
[2025-03-30T14:03:23.091+0000] {logging_mixin.py:190} INFO - [2025-03-30T14:03:23.091+0000] {dagbag.py:588} INFO - Filling up the DagBag from /home/airflow/.local/lib/python3.12/site-packages/airflow/example_dags/example_xcom.py
[2025-03-30T14:03:23.099+0000] {processor.py:925} INFO - DAG(s) 'example_xcom' retrieved from /home/airflow/.local/lib/python3.12/site-packages/airflow/example_dags/example_xcom.py
[2025-03-30T14:03:23.119+0000] {logging_mixin.py:190} INFO - [2025-03-30T14:03:23.119+0000] {dag.py:3239} INFO - Sync 1 DAGs
[2025-03-30T14:03:23.139+0000] {logging_mixin.py:190} INFO - [2025-03-30T14:03:23.139+0000] {dag.py:4180} INFO - Setting next_dagrun for example_xcom to 2021-01-01 00:00:00+00:00, run_after=2021-01-01 00:00:00+00:00
[2025-03-30T14:03:23.157+0000] {processor.py:208} INFO - Processing /home/airflow/.local/lib/python3.12/site-packages/airflow/example_dags/example_xcom.py took 0.073 seconds
[2025-03-30T14:03:53.578+0000] {processor.py:186} INFO - Started process (PID=1051) to work on /home/airflow/.local/lib/python3.12/site-packages/airflow/example_dags/example_xcom.py
[2025-03-30T14:03:53.578+0000] {processor.py:914} INFO - Processing file /home/airflow/.local/lib/python3.12/site-packages/airflow/example_dags/example_xcom.py for tasks to queue
[2025-03-30T14:03:53.580+0000] {logging_mixin.py:190} INFO - [2025-03-30T14:03:53.580+0000] {dagbag.py:588} INFO - Filling up the DagBag from /home/airflow/.local/lib/python3.12/site-packages/airflow/example_dags/example_xcom.py
[2025-03-30T14:03:53.588+0000] {processor.py:925} INFO - DAG(s) 'example_xcom' retrieved from /home/airflow/.local/lib/python3.12/site-packages/airflow/example_dags/example_xcom.py
[2025-03-30T14:03:53.606+0000] {logging_mixin.py:190} INFO - [2025-03-30T14:03:53.605+0000] {dag.py:3239} INFO - Sync 1 DAGs
[2025-03-30T14:03:53.624+0000] {logging_mixin.py:190} INFO - [2025-03-30T14:03:53.624+0000] {dag.py:4180} INFO - Setting next_dagrun for example_xcom to 2021-01-01 00:00:00+00:00, run_after=2021-01-01 00:00:00+00:00
[2025-03-30T14:03:53.640+0000] {processor.py:208} INFO - Processing /home/airflow/.local/lib/python3.12/site-packages/airflow/example_dags/example_xcom.py took 0.067 seconds
[2025-03-30T14:04:24.005+0000] {processor.py:186} INFO - Started process (PID=1126) to work on /home/airflow/.local/lib/python3.12/site-packages/airflow/example_dags/example_xcom.py
[2025-03-30T14:04:24.006+0000] {processor.py:914} INFO - Processing file /home/airflow/.local/lib/python3.12/site-packages/airflow/example_dags/example_xcom.py for tasks to queue
[2025-03-30T14:04:24.009+0000] {logging_mixin.py:190} INFO - [2025-03-30T14:04:24.009+0000] {dagbag.py:588} INFO - Filling up the DagBag from /home/airflow/.local/lib/python3.12/site-packages/airflow/example_dags/example_xcom.py
[2025-03-30T14:04:24.019+0000] {processor.py:925} INFO - DAG(s) 'example_xcom' retrieved from /home/airflow/.local/lib/python3.12/site-packages/airflow/example_dags/example_xcom.py
[2025-03-30T14:04:24.041+0000] {logging_mixin.py:190} INFO - [2025-03-30T14:04:24.041+0000] {dag.py:3239} INFO - Sync 1 DAGs
[2025-03-30T14:04:24.062+0000] {logging_mixin.py:190} INFO - [2025-03-30T14:04:24.062+0000] {dag.py:4180} INFO - Setting next_dagrun for example_xcom to 2021-01-01 00:00:00+00:00, run_after=2021-01-01 00:00:00+00:00
[2025-03-30T14:04:24.081+0000] {processor.py:208} INFO - Processing /home/airflow/.local/lib/python3.12/site-packages/airflow/example_dags/example_xcom.py took 0.081 seconds
[2025-03-30T14:04:54.150+0000] {processor.py:186} INFO - Started process (PID=1213) to work on /home/airflow/.local/lib/python3.12/site-packages/airflow/example_dags/example_xcom.py
[2025-03-30T14:04:54.151+0000] {processor.py:914} INFO - Processing file /home/airflow/.local/lib/python3.12/site-packages/airflow/example_dags/example_xcom.py for tasks to queue
[2025-03-30T14:04:54.155+0000] {logging_mixin.py:190} INFO - [2025-03-30T14:04:54.155+0000] {dagbag.py:588} INFO - Filling up the DagBag from /home/airflow/.local/lib/python3.12/site-packages/airflow/example_dags/example_xcom.py
[2025-03-30T14:04:54.164+0000] {processor.py:925} INFO - DAG(s) 'example_xcom' retrieved from /home/airflow/.local/lib/python3.12/site-packages/airflow/example_dags/example_xcom.py
[2025-03-30T14:04:54.183+0000] {logging_mixin.py:190} INFO - [2025-03-30T14:04:54.183+0000] {dag.py:3239} INFO - Sync 1 DAGs
[2025-03-30T14:04:54.202+0000] {logging_mixin.py:190} INFO - [2025-03-30T14:04:54.202+0000] {dag.py:4180} INFO - Setting next_dagrun for example_xcom to 2021-01-01 00:00:00+00:00, run_after=2021-01-01 00:00:00+00:00
[2025-03-30T14:04:54.220+0000] {processor.py:208} INFO - Processing /home/airflow/.local/lib/python3.12/site-packages/airflow/example_dags/example_xcom.py took 0.075 seconds
[2025-03-30T14:05:24.307+0000] {processor.py:186} INFO - Started process (PID=1288) to work on /home/airflow/.local/lib/python3.12/site-packages/airflow/example_dags/example_xcom.py
[2025-03-30T14:05:24.308+0000] {processor.py:914} INFO - Processing file /home/airflow/.local/lib/python3.12/site-packages/airflow/example_dags/example_xcom.py for tasks to queue
[2025-03-30T14:05:24.309+0000] {logging_mixin.py:190} INFO - [2025-03-30T14:05:24.309+0000] {dagbag.py:588} INFO - Filling up the DagBag from /home/airflow/.local/lib/python3.12/site-packages/airflow/example_dags/example_xcom.py
[2025-03-30T14:05:24.319+0000] {processor.py:925} INFO - DAG(s) 'example_xcom' retrieved from /home/airflow/.local/lib/python3.12/site-packages/airflow/example_dags/example_xcom.py
[2025-03-30T14:05:24.341+0000] {logging_mixin.py:190} INFO - [2025-03-30T14:05:24.341+0000] {dag.py:3239} INFO - Sync 1 DAGs
[2025-03-30T14:05:24.361+0000] {logging_mixin.py:190} INFO - [2025-03-30T14:05:24.360+0000] {dag.py:4180} INFO - Setting next_dagrun for example_xcom to 2021-01-01 00:00:00+00:00, run_after=2021-01-01 00:00:00+00:00
[2025-03-30T14:05:24.375+0000] {processor.py:208} INFO - Processing /home/airflow/.local/lib/python3.12/site-packages/airflow/example_dags/example_xcom.py took 0.072 seconds
[2025-03-30T14:05:54.427+0000] {processor.py:186} INFO - Started process (PID=1363) to work on /home/airflow/.local/lib/python3.12/site-packages/airflow/example_dags/example_xcom.py
[2025-03-30T14:05:54.428+0000] {processor.py:914} INFO - Processing file /home/airflow/.local/lib/python3.12/site-packages/airflow/example_dags/example_xcom.py for tasks to queue
[2025-03-30T14:05:54.430+0000] {logging_mixin.py:190} INFO - [2025-03-30T14:05:54.430+0000] {dagbag.py:588} INFO - Filling up the DagBag from /home/airflow/.local/lib/python3.12/site-packages/airflow/example_dags/example_xcom.py
[2025-03-30T14:05:54.438+0000] {processor.py:925} INFO - DAG(s) 'example_xcom' retrieved from /home/airflow/.local/lib/python3.12/site-packages/airflow/example_dags/example_xcom.py
[2025-03-30T14:05:54.457+0000] {logging_mixin.py:190} INFO - [2025-03-30T14:05:54.456+0000] {dag.py:3239} INFO - Sync 1 DAGs
[2025-03-30T14:05:54.475+0000] {logging_mixin.py:190} INFO - [2025-03-30T14:05:54.475+0000] {dag.py:4180} INFO - Setting next_dagrun for example_xcom to 2021-01-01 00:00:00+00:00, run_after=2021-01-01 00:00:00+00:00
[2025-03-30T14:05:54.491+0000] {processor.py:208} INFO - Processing /home/airflow/.local/lib/python3.12/site-packages/airflow/example_dags/example_xcom.py took 0.068 seconds
[2025-03-30T14:06:24.664+0000] {processor.py:186} INFO - Started process (PID=1438) to work on /home/airflow/.local/lib/python3.12/site-packages/airflow/example_dags/example_xcom.py
[2025-03-30T14:06:24.665+0000] {processor.py:914} INFO - Processing file /home/airflow/.local/lib/python3.12/site-packages/airflow/example_dags/example_xcom.py for tasks to queue
[2025-03-30T14:06:24.667+0000] {logging_mixin.py:190} INFO - [2025-03-30T14:06:24.666+0000] {dagbag.py:588} INFO - Filling up the DagBag from /home/airflow/.local/lib/python3.12/site-packages/airflow/example_dags/example_xcom.py
[2025-03-30T14:06:24.675+0000] {processor.py:925} INFO - DAG(s) 'example_xcom' retrieved from /home/airflow/.local/lib/python3.12/site-packages/airflow/example_dags/example_xcom.py
[2025-03-30T14:06:24.693+0000] {logging_mixin.py:190} INFO - [2025-03-30T14:06:24.693+0000] {dag.py:3239} INFO - Sync 1 DAGs
[2025-03-30T14:06:24.711+0000] {logging_mixin.py:190} INFO - [2025-03-30T14:06:24.711+0000] {dag.py:4180} INFO - Setting next_dagrun for example_xcom to 2021-01-01 00:00:00+00:00, run_after=2021-01-01 00:00:00+00:00
[2025-03-30T14:06:24.726+0000] {processor.py:208} INFO - Processing /home/airflow/.local/lib/python3.12/site-packages/airflow/example_dags/example_xcom.py took 0.066 seconds
[2025-03-30T14:06:55.498+0000] {processor.py:186} INFO - Started process (PID=1535) to work on /home/airflow/.local/lib/python3.12/site-packages/airflow/example_dags/example_xcom.py
[2025-03-30T14:06:55.499+0000] {processor.py:914} INFO - Processing file /home/airflow/.local/lib/python3.12/site-packages/airflow/example_dags/example_xcom.py for tasks to queue
[2025-03-30T14:06:55.500+0000] {logging_mixin.py:190} INFO - [2025-03-30T14:06:55.500+0000] {dagbag.py:588} INFO - Filling up the DagBag from /home/airflow/.local/lib/python3.12/site-packages/airflow/example_dags/example_xcom.py
[2025-03-30T14:06:55.509+0000] {processor.py:925} INFO - DAG(s) 'example_xcom' retrieved from /home/airflow/.local/lib/python3.12/site-packages/airflow/example_dags/example_xcom.py
[2025-03-30T14:06:55.533+0000] {logging_mixin.py:190} INFO - [2025-03-30T14:06:55.532+0000] {dag.py:3239} INFO - Sync 1 DAGs
[2025-03-30T14:06:55.553+0000] {logging_mixin.py:190} INFO - [2025-03-30T14:06:55.553+0000] {dag.py:4180} INFO - Setting next_dagrun for example_xcom to 2021-01-01 00:00:00+00:00, run_after=2021-01-01 00:00:00+00:00
[2025-03-30T14:06:55.570+0000] {processor.py:208} INFO - Processing /home/airflow/.local/lib/python3.12/site-packages/airflow/example_dags/example_xcom.py took 0.080 seconds
[2025-03-30T14:07:25.708+0000] {processor.py:186} INFO - Started process (PID=1610) to work on /home/airflow/.local/lib/python3.12/site-packages/airflow/example_dags/example_xcom.py
[2025-03-30T14:07:25.709+0000] {processor.py:914} INFO - Processing file /home/airflow/.local/lib/python3.12/site-packages/airflow/example_dags/example_xcom.py for tasks to queue
[2025-03-30T14:07:25.710+0000] {logging_mixin.py:190} INFO - [2025-03-30T14:07:25.710+0000] {dagbag.py:588} INFO - Filling up the DagBag from /home/airflow/.local/lib/python3.12/site-packages/airflow/example_dags/example_xcom.py
[2025-03-30T14:07:25.720+0000] {processor.py:925} INFO - DAG(s) 'example_xcom' retrieved from /home/airflow/.local/lib/python3.12/site-packages/airflow/example_dags/example_xcom.py
[2025-03-30T14:07:25.742+0000] {logging_mixin.py:190} INFO - [2025-03-30T14:07:25.742+0000] {dag.py:3239} INFO - Sync 1 DAGs
[2025-03-30T14:07:25.763+0000] {logging_mixin.py:190} INFO - [2025-03-30T14:07:25.763+0000] {dag.py:4180} INFO - Setting next_dagrun for example_xcom to 2021-01-01 00:00:00+00:00, run_after=2021-01-01 00:00:00+00:00
[2025-03-30T14:07:25.782+0000] {processor.py:208} INFO - Processing /home/airflow/.local/lib/python3.12/site-packages/airflow/example_dags/example_xcom.py took 0.082 seconds
[2025-03-30T14:07:56.299+0000] {processor.py:186} INFO - Started process (PID=1685) to work on /home/airflow/.local/lib/python3.12/site-packages/airflow/example_dags/example_xcom.py
[2025-03-30T14:07:56.300+0000] {processor.py:914} INFO - Processing file /home/airflow/.local/lib/python3.12/site-packages/airflow/example_dags/example_xcom.py for tasks to queue
[2025-03-30T14:07:56.301+0000] {logging_mixin.py:190} INFO - [2025-03-30T14:07:56.301+0000] {dagbag.py:588} INFO - Filling up the DagBag from /home/airflow/.local/lib/python3.12/site-packages/airflow/example_dags/example_xcom.py
[2025-03-30T14:07:56.310+0000] {processor.py:925} INFO - DAG(s) 'example_xcom' retrieved from /home/airflow/.local/lib/python3.12/site-packages/airflow/example_dags/example_xcom.py
[2025-03-30T14:07:56.333+0000] {logging_mixin.py:190} INFO - [2025-03-30T14:07:56.333+0000] {dag.py:3239} INFO - Sync 1 DAGs
[2025-03-30T14:07:56.353+0000] {logging_mixin.py:190} INFO - [2025-03-30T14:07:56.353+0000] {dag.py:4180} INFO - Setting next_dagrun for example_xcom to 2021-01-01 00:00:00+00:00, run_after=2021-01-01 00:00:00+00:00
[2025-03-30T14:07:56.378+0000] {processor.py:208} INFO - Processing /home/airflow/.local/lib/python3.12/site-packages/airflow/example_dags/example_xcom.py took 0.086 seconds
[2025-03-30T14:08:27.285+0000] {processor.py:186} INFO - Started process (PID=1760) to work on /home/airflow/.local/lib/python3.12/site-packages/airflow/example_dags/example_xcom.py
[2025-03-30T14:08:27.286+0000] {processor.py:914} INFO - Processing file /home/airflow/.local/lib/python3.12/site-packages/airflow/example_dags/example_xcom.py for tasks to queue
[2025-03-30T14:08:27.290+0000] {logging_mixin.py:190} INFO - [2025-03-30T14:08:27.289+0000] {dagbag.py:588} INFO - Filling up the DagBag from /home/airflow/.local/lib/python3.12/site-packages/airflow/example_dags/example_xcom.py
[2025-03-30T14:08:27.319+0000] {processor.py:925} INFO - DAG(s) 'example_xcom' retrieved from /home/airflow/.local/lib/python3.12/site-packages/airflow/example_dags/example_xcom.py
[2025-03-30T14:08:27.352+0000] {logging_mixin.py:190} INFO - [2025-03-30T14:08:27.351+0000] {dag.py:3239} INFO - Sync 1 DAGs
[2025-03-30T14:08:27.383+0000] {logging_mixin.py:190} INFO - [2025-03-30T14:08:27.383+0000] {dag.py:4180} INFO - Setting next_dagrun for example_xcom to 2021-01-01 00:00:00+00:00, run_after=2021-01-01 00:00:00+00:00
[2025-03-30T14:08:27.407+0000] {processor.py:208} INFO - Processing /home/airflow/.local/lib/python3.12/site-packages/airflow/example_dags/example_xcom.py took 0.144 seconds
[2025-03-30T14:08:58.126+0000] {processor.py:186} INFO - Started process (PID=1835) to work on /home/airflow/.local/lib/python3.12/site-packages/airflow/example_dags/example_xcom.py
[2025-03-30T14:08:58.127+0000] {processor.py:914} INFO - Processing file /home/airflow/.local/lib/python3.12/site-packages/airflow/example_dags/example_xcom.py for tasks to queue
[2025-03-30T14:08:58.129+0000] {logging_mixin.py:190} INFO - [2025-03-30T14:08:58.128+0000] {dagbag.py:588} INFO - Filling up the DagBag from /home/airflow/.local/lib/python3.12/site-packages/airflow/example_dags/example_xcom.py
[2025-03-30T14:08:58.139+0000] {processor.py:925} INFO - DAG(s) 'example_xcom' retrieved from /home/airflow/.local/lib/python3.12/site-packages/airflow/example_dags/example_xcom.py
[2025-03-30T14:08:58.159+0000] {logging_mixin.py:190} INFO - [2025-03-30T14:08:58.159+0000] {dag.py:3239} INFO - Sync 1 DAGs
[2025-03-30T14:08:58.179+0000] {logging_mixin.py:190} INFO - [2025-03-30T14:08:58.179+0000] {dag.py:4180} INFO - Setting next_dagrun for example_xcom to 2021-01-01 00:00:00+00:00, run_after=2021-01-01 00:00:00+00:00
[2025-03-30T14:08:58.199+0000] {processor.py:208} INFO - Processing /home/airflow/.local/lib/python3.12/site-packages/airflow/example_dags/example_xcom.py took 0.081 seconds
[2025-03-30T14:09:28.227+0000] {processor.py:186} INFO - Started process (PID=1898) to work on /home/airflow/.local/lib/python3.12/site-packages/airflow/example_dags/example_xcom.py
[2025-03-30T14:09:28.228+0000] {processor.py:914} INFO - Processing file /home/airflow/.local/lib/python3.12/site-packages/airflow/example_dags/example_xcom.py for tasks to queue
[2025-03-30T14:09:28.229+0000] {logging_mixin.py:190} INFO - [2025-03-30T14:09:28.228+0000] {dagbag.py:588} INFO - Filling up the DagBag from /home/airflow/.local/lib/python3.12/site-packages/airflow/example_dags/example_xcom.py
[2025-03-30T14:09:28.237+0000] {processor.py:925} INFO - DAG(s) 'example_xcom' retrieved from /home/airflow/.local/lib/python3.12/site-packages/airflow/example_dags/example_xcom.py
[2025-03-30T14:09:28.256+0000] {logging_mixin.py:190} INFO - [2025-03-30T14:09:28.256+0000] {dag.py:3239} INFO - Sync 1 DAGs
[2025-03-30T14:09:28.278+0000] {logging_mixin.py:190} INFO - [2025-03-30T14:09:28.278+0000] {dag.py:4180} INFO - Setting next_dagrun for example_xcom to 2021-01-01 00:00:00+00:00, run_after=2021-01-01 00:00:00+00:00
[2025-03-30T14:09:28.294+0000] {processor.py:208} INFO - Processing /home/airflow/.local/lib/python3.12/site-packages/airflow/example_dags/example_xcom.py took 0.075 seconds
[2025-03-30T14:09:59.138+0000] {processor.py:186} INFO - Started process (PID=1973) to work on /home/airflow/.local/lib/python3.12/site-packages/airflow/example_dags/example_xcom.py
[2025-03-30T14:09:59.140+0000] {processor.py:914} INFO - Processing file /home/airflow/.local/lib/python3.12/site-packages/airflow/example_dags/example_xcom.py for tasks to queue
[2025-03-30T14:09:59.143+0000] {logging_mixin.py:190} INFO - [2025-03-30T14:09:59.142+0000] {dagbag.py:588} INFO - Filling up the DagBag from /home/airflow/.local/lib/python3.12/site-packages/airflow/example_dags/example_xcom.py
[2025-03-30T14:09:59.163+0000] {processor.py:925} INFO - DAG(s) 'example_xcom' retrieved from /home/airflow/.local/lib/python3.12/site-packages/airflow/example_dags/example_xcom.py
[2025-03-30T14:09:59.212+0000] {logging_mixin.py:190} INFO - [2025-03-30T14:09:59.211+0000] {dag.py:3239} INFO - Sync 1 DAGs
[2025-03-30T14:09:59.247+0000] {logging_mixin.py:190} INFO - [2025-03-30T14:09:59.246+0000] {dag.py:4180} INFO - Setting next_dagrun for example_xcom to 2021-01-01 00:00:00+00:00, run_after=2021-01-01 00:00:00+00:00
[2025-03-30T14:09:59.285+0000] {processor.py:208} INFO - Processing /home/airflow/.local/lib/python3.12/site-packages/airflow/example_dags/example_xcom.py took 0.160 seconds
[2025-03-30T14:10:29.932+0000] {processor.py:186} INFO - Started process (PID=2048) to work on /home/airflow/.local/lib/python3.12/site-packages/airflow/example_dags/example_xcom.py
[2025-03-30T14:10:29.937+0000] {processor.py:914} INFO - Processing file /home/airflow/.local/lib/python3.12/site-packages/airflow/example_dags/example_xcom.py for tasks to queue
[2025-03-30T14:10:29.939+0000] {logging_mixin.py:190} INFO - [2025-03-30T14:10:29.938+0000] {dagbag.py:588} INFO - Filling up the DagBag from /home/airflow/.local/lib/python3.12/site-packages/airflow/example_dags/example_xcom.py
[2025-03-30T14:10:29.956+0000] {processor.py:925} INFO - DAG(s) 'example_xcom' retrieved from /home/airflow/.local/lib/python3.12/site-packages/airflow/example_dags/example_xcom.py
[2025-03-30T14:10:29.988+0000] {logging_mixin.py:190} INFO - [2025-03-30T14:10:29.987+0000] {dag.py:3239} INFO - Sync 1 DAGs
[2025-03-30T14:10:30.025+0000] {logging_mixin.py:190} INFO - [2025-03-30T14:10:30.025+0000] {dag.py:4180} INFO - Setting next_dagrun for example_xcom to 2021-01-01 00:00:00+00:00, run_after=2021-01-01 00:00:00+00:00
[2025-03-30T14:10:30.051+0000] {processor.py:208} INFO - Processing /home/airflow/.local/lib/python3.12/site-packages/airflow/example_dags/example_xcom.py took 0.136 seconds
[2025-03-30T14:11:00.828+0000] {processor.py:186} INFO - Started process (PID=2123) to work on /home/airflow/.local/lib/python3.12/site-packages/airflow/example_dags/example_xcom.py
[2025-03-30T14:11:00.829+0000] {processor.py:914} INFO - Processing file /home/airflow/.local/lib/python3.12/site-packages/airflow/example_dags/example_xcom.py for tasks to queue
[2025-03-30T14:11:00.833+0000] {logging_mixin.py:190} INFO - [2025-03-30T14:11:00.832+0000] {dagbag.py:588} INFO - Filling up the DagBag from /home/airflow/.local/lib/python3.12/site-packages/airflow/example_dags/example_xcom.py
[2025-03-30T14:11:00.848+0000] {processor.py:925} INFO - DAG(s) 'example_xcom' retrieved from /home/airflow/.local/lib/python3.12/site-packages/airflow/example_dags/example_xcom.py
[2025-03-30T14:11:00.898+0000] {logging_mixin.py:190} INFO - [2025-03-30T14:11:00.898+0000] {dag.py:3239} INFO - Sync 1 DAGs
[2025-03-30T14:11:00.969+0000] {logging_mixin.py:190} INFO - [2025-03-30T14:11:00.968+0000] {dag.py:4180} INFO - Setting next_dagrun for example_xcom to 2021-01-01 00:00:00+00:00, run_after=2021-01-01 00:00:00+00:00
[2025-03-30T14:11:01.019+0000] {processor.py:208} INFO - Processing /home/airflow/.local/lib/python3.12/site-packages/airflow/example_dags/example_xcom.py took 0.203 seconds
[2025-03-30T14:11:31.651+0000] {processor.py:186} INFO - Started process (PID=2198) to work on /home/airflow/.local/lib/python3.12/site-packages/airflow/example_dags/example_xcom.py
[2025-03-30T14:11:31.652+0000] {processor.py:914} INFO - Processing file /home/airflow/.local/lib/python3.12/site-packages/airflow/example_dags/example_xcom.py for tasks to queue
[2025-03-30T14:11:31.654+0000] {logging_mixin.py:190} INFO - [2025-03-30T14:11:31.653+0000] {dagbag.py:588} INFO - Filling up the DagBag from /home/airflow/.local/lib/python3.12/site-packages/airflow/example_dags/example_xcom.py
[2025-03-30T14:11:31.665+0000] {processor.py:925} INFO - DAG(s) 'example_xcom' retrieved from /home/airflow/.local/lib/python3.12/site-packages/airflow/example_dags/example_xcom.py
[2025-03-30T14:11:31.686+0000] {logging_mixin.py:190} INFO - [2025-03-30T14:11:31.686+0000] {dag.py:3239} INFO - Sync 1 DAGs
[2025-03-30T14:11:31.709+0000] {logging_mixin.py:190} INFO - [2025-03-30T14:11:31.708+0000] {dag.py:4180} INFO - Setting next_dagrun for example_xcom to 2021-01-01 00:00:00+00:00, run_after=2021-01-01 00:00:00+00:00
[2025-03-30T14:11:31.725+0000] {processor.py:208} INFO - Processing /home/airflow/.local/lib/python3.12/site-packages/airflow/example_dags/example_xcom.py took 0.084 seconds
[2025-03-30T14:12:01.943+0000] {processor.py:186} INFO - Started process (PID=2273) to work on /home/airflow/.local/lib/python3.12/site-packages/airflow/example_dags/example_xcom.py
[2025-03-30T14:12:01.946+0000] {processor.py:914} INFO - Processing file /home/airflow/.local/lib/python3.12/site-packages/airflow/example_dags/example_xcom.py for tasks to queue
[2025-03-30T14:12:01.950+0000] {logging_mixin.py:190} INFO - [2025-03-30T14:12:01.949+0000] {dagbag.py:588} INFO - Filling up the DagBag from /home/airflow/.local/lib/python3.12/site-packages/airflow/example_dags/example_xcom.py
[2025-03-30T14:12:01.970+0000] {processor.py:925} INFO - DAG(s) 'example_xcom' retrieved from /home/airflow/.local/lib/python3.12/site-packages/airflow/example_dags/example_xcom.py
[2025-03-30T14:12:02.009+0000] {logging_mixin.py:190} INFO - [2025-03-30T14:12:02.008+0000] {dag.py:3239} INFO - Sync 1 DAGs
[2025-03-30T14:12:02.042+0000] {logging_mixin.py:190} INFO - [2025-03-30T14:12:02.042+0000] {dag.py:4180} INFO - Setting next_dagrun for example_xcom to 2021-01-01 00:00:00+00:00, run_after=2021-01-01 00:00:00+00:00
[2025-03-30T14:12:02.075+0000] {processor.py:208} INFO - Processing /home/airflow/.local/lib/python3.12/site-packages/airflow/example_dags/example_xcom.py took 0.148 seconds
[2025-03-30T14:12:32.303+0000] {processor.py:186} INFO - Started process (PID=2348) to work on /home/airflow/.local/lib/python3.12/site-packages/airflow/example_dags/example_xcom.py
[2025-03-30T14:12:32.304+0000] {processor.py:914} INFO - Processing file /home/airflow/.local/lib/python3.12/site-packages/airflow/example_dags/example_xcom.py for tasks to queue
[2025-03-30T14:12:32.306+0000] {logging_mixin.py:190} INFO - [2025-03-30T14:12:32.305+0000] {dagbag.py:588} INFO - Filling up the DagBag from /home/airflow/.local/lib/python3.12/site-packages/airflow/example_dags/example_xcom.py
[2025-03-30T14:12:32.325+0000] {processor.py:925} INFO - DAG(s) 'example_xcom' retrieved from /home/airflow/.local/lib/python3.12/site-packages/airflow/example_dags/example_xcom.py
[2025-03-30T14:12:32.365+0000] {logging_mixin.py:190} INFO - [2025-03-30T14:12:32.365+0000] {dag.py:3239} INFO - Sync 1 DAGs
[2025-03-30T14:12:32.427+0000] {logging_mixin.py:190} INFO - [2025-03-30T14:12:32.427+0000] {dag.py:4180} INFO - Setting next_dagrun for example_xcom to 2021-01-01 00:00:00+00:00, run_after=2021-01-01 00:00:00+00:00
[2025-03-30T14:12:32.456+0000] {processor.py:208} INFO - Processing /home/airflow/.local/lib/python3.12/site-packages/airflow/example_dags/example_xcom.py took 0.169 seconds
[2025-03-30T14:13:02.651+0000] {processor.py:186} INFO - Started process (PID=2423) to work on /home/airflow/.local/lib/python3.12/site-packages/airflow/example_dags/example_xcom.py
[2025-03-30T14:13:02.652+0000] {processor.py:914} INFO - Processing file /home/airflow/.local/lib/python3.12/site-packages/airflow/example_dags/example_xcom.py for tasks to queue
[2025-03-30T14:13:02.653+0000] {logging_mixin.py:190} INFO - [2025-03-30T14:13:02.653+0000] {dagbag.py:588} INFO - Filling up the DagBag from /home/airflow/.local/lib/python3.12/site-packages/airflow/example_dags/example_xcom.py
[2025-03-30T14:13:02.661+0000] {processor.py:925} INFO - DAG(s) 'example_xcom' retrieved from /home/airflow/.local/lib/python3.12/site-packages/airflow/example_dags/example_xcom.py
[2025-03-30T14:13:02.677+0000] {logging_mixin.py:190} INFO - [2025-03-30T14:13:02.677+0000] {dag.py:3239} INFO - Sync 1 DAGs
[2025-03-30T14:13:02.696+0000] {logging_mixin.py:190} INFO - [2025-03-30T14:13:02.696+0000] {dag.py:4180} INFO - Setting next_dagrun for example_xcom to 2021-01-01 00:00:00+00:00, run_after=2021-01-01 00:00:00+00:00
[2025-03-30T14:13:02.715+0000] {processor.py:208} INFO - Processing /home/airflow/.local/lib/python3.12/site-packages/airflow/example_dags/example_xcom.py took 0.072 seconds
[2025-03-30T14:13:32.839+0000] {processor.py:186} INFO - Started process (PID=2498) to work on /home/airflow/.local/lib/python3.12/site-packages/airflow/example_dags/example_xcom.py
[2025-03-30T14:13:32.840+0000] {processor.py:914} INFO - Processing file /home/airflow/.local/lib/python3.12/site-packages/airflow/example_dags/example_xcom.py for tasks to queue
[2025-03-30T14:13:32.841+0000] {logging_mixin.py:190} INFO - [2025-03-30T14:13:32.841+0000] {dagbag.py:588} INFO - Filling up the DagBag from /home/airflow/.local/lib/python3.12/site-packages/airflow/example_dags/example_xcom.py
[2025-03-30T14:13:32.849+0000] {processor.py:925} INFO - DAG(s) 'example_xcom' retrieved from /home/airflow/.local/lib/python3.12/site-packages/airflow/example_dags/example_xcom.py
[2025-03-30T14:13:32.865+0000] {logging_mixin.py:190} INFO - [2025-03-30T14:13:32.865+0000] {dag.py:3239} INFO - Sync 1 DAGs
[2025-03-30T14:13:32.884+0000] {logging_mixin.py:190} INFO - [2025-03-30T14:13:32.883+0000] {dag.py:4180} INFO - Setting next_dagrun for example_xcom to 2021-01-01 00:00:00+00:00, run_after=2021-01-01 00:00:00+00:00
[2025-03-30T14:13:32.900+0000] {processor.py:208} INFO - Processing /home/airflow/.local/lib/python3.12/site-packages/airflow/example_dags/example_xcom.py took 0.069 seconds
[2025-03-30T14:14:03.538+0000] {processor.py:186} INFO - Started process (PID=2573) to work on /home/airflow/.local/lib/python3.12/site-packages/airflow/example_dags/example_xcom.py
[2025-03-30T14:14:03.539+0000] {processor.py:914} INFO - Processing file /home/airflow/.local/lib/python3.12/site-packages/airflow/example_dags/example_xcom.py for tasks to queue
[2025-03-30T14:14:03.540+0000] {logging_mixin.py:190} INFO - [2025-03-30T14:14:03.540+0000] {dagbag.py:588} INFO - Filling up the DagBag from /home/airflow/.local/lib/python3.12/site-packages/airflow/example_dags/example_xcom.py
[2025-03-30T14:14:03.549+0000] {processor.py:925} INFO - DAG(s) 'example_xcom' retrieved from /home/airflow/.local/lib/python3.12/site-packages/airflow/example_dags/example_xcom.py
[2025-03-30T14:14:03.573+0000] {logging_mixin.py:190} INFO - [2025-03-30T14:14:03.573+0000] {dag.py:3239} INFO - Sync 1 DAGs
[2025-03-30T14:14:03.595+0000] {logging_mixin.py:190} INFO - [2025-03-30T14:14:03.595+0000] {dag.py:4180} INFO - Setting next_dagrun for example_xcom to 2021-01-01 00:00:00+00:00, run_after=2021-01-01 00:00:00+00:00
[2025-03-30T14:14:03.611+0000] {processor.py:208} INFO - Processing /home/airflow/.local/lib/python3.12/site-packages/airflow/example_dags/example_xcom.py took 0.082 seconds
[2025-03-30T14:14:34.323+0000] {processor.py:186} INFO - Started process (PID=2648) to work on /home/airflow/.local/lib/python3.12/site-packages/airflow/example_dags/example_xcom.py
[2025-03-30T14:14:34.324+0000] {processor.py:914} INFO - Processing file /home/airflow/.local/lib/python3.12/site-packages/airflow/example_dags/example_xcom.py for tasks to queue
[2025-03-30T14:14:34.325+0000] {logging_mixin.py:190} INFO - [2025-03-30T14:14:34.325+0000] {dagbag.py:588} INFO - Filling up the DagBag from /home/airflow/.local/lib/python3.12/site-packages/airflow/example_dags/example_xcom.py
[2025-03-30T14:14:34.333+0000] {processor.py:925} INFO - DAG(s) 'example_xcom' retrieved from /home/airflow/.local/lib/python3.12/site-packages/airflow/example_dags/example_xcom.py
[2025-03-30T14:14:34.350+0000] {logging_mixin.py:190} INFO - [2025-03-30T14:14:34.350+0000] {dag.py:3239} INFO - Sync 1 DAGs
[2025-03-30T14:14:34.372+0000] {logging_mixin.py:190} INFO - [2025-03-30T14:14:34.372+0000] {dag.py:4180} INFO - Setting next_dagrun for example_xcom to 2021-01-01 00:00:00+00:00, run_after=2021-01-01 00:00:00+00:00
[2025-03-30T14:14:34.392+0000] {processor.py:208} INFO - Processing /home/airflow/.local/lib/python3.12/site-packages/airflow/example_dags/example_xcom.py took 0.077 seconds
[2025-03-30T14:15:04.457+0000] {processor.py:186} INFO - Started process (PID=2723) to work on /home/airflow/.local/lib/python3.12/site-packages/airflow/example_dags/example_xcom.py
[2025-03-30T14:15:04.458+0000] {processor.py:914} INFO - Processing file /home/airflow/.local/lib/python3.12/site-packages/airflow/example_dags/example_xcom.py for tasks to queue
[2025-03-30T14:15:04.459+0000] {logging_mixin.py:190} INFO - [2025-03-30T14:15:04.458+0000] {dagbag.py:588} INFO - Filling up the DagBag from /home/airflow/.local/lib/python3.12/site-packages/airflow/example_dags/example_xcom.py
[2025-03-30T14:15:04.466+0000] {processor.py:925} INFO - DAG(s) 'example_xcom' retrieved from /home/airflow/.local/lib/python3.12/site-packages/airflow/example_dags/example_xcom.py
[2025-03-30T14:15:04.484+0000] {logging_mixin.py:190} INFO - [2025-03-30T14:15:04.484+0000] {dag.py:3239} INFO - Sync 1 DAGs
[2025-03-30T14:15:04.505+0000] {logging_mixin.py:190} INFO - [2025-03-30T14:15:04.504+0000] {dag.py:4180} INFO - Setting next_dagrun for example_xcom to 2021-01-01 00:00:00+00:00, run_after=2021-01-01 00:00:00+00:00
[2025-03-30T14:15:04.523+0000] {processor.py:208} INFO - Processing /home/airflow/.local/lib/python3.12/site-packages/airflow/example_dags/example_xcom.py took 0.073 seconds
[2025-03-30T14:15:34.913+0000] {processor.py:186} INFO - Started process (PID=2798) to work on /home/airflow/.local/lib/python3.12/site-packages/airflow/example_dags/example_xcom.py
[2025-03-30T14:15:34.914+0000] {processor.py:914} INFO - Processing file /home/airflow/.local/lib/python3.12/site-packages/airflow/example_dags/example_xcom.py for tasks to queue
[2025-03-30T14:15:34.915+0000] {logging_mixin.py:190} INFO - [2025-03-30T14:15:34.915+0000] {dagbag.py:588} INFO - Filling up the DagBag from /home/airflow/.local/lib/python3.12/site-packages/airflow/example_dags/example_xcom.py
[2025-03-30T14:15:34.923+0000] {processor.py:925} INFO - DAG(s) 'example_xcom' retrieved from /home/airflow/.local/lib/python3.12/site-packages/airflow/example_dags/example_xcom.py
[2025-03-30T14:15:34.939+0000] {logging_mixin.py:190} INFO - [2025-03-30T14:15:34.939+0000] {dag.py:3239} INFO - Sync 1 DAGs
[2025-03-30T14:15:34.957+0000] {logging_mixin.py:190} INFO - [2025-03-30T14:15:34.957+0000] {dag.py:4180} INFO - Setting next_dagrun for example_xcom to 2021-01-01 00:00:00+00:00, run_after=2021-01-01 00:00:00+00:00
[2025-03-30T14:15:34.971+0000] {processor.py:208} INFO - Processing /home/airflow/.local/lib/python3.12/site-packages/airflow/example_dags/example_xcom.py took 0.066 seconds
[2025-03-30T14:16:05.604+0000] {processor.py:186} INFO - Started process (PID=2873) to work on /home/airflow/.local/lib/python3.12/site-packages/airflow/example_dags/example_xcom.py
[2025-03-30T14:16:05.605+0000] {processor.py:914} INFO - Processing file /home/airflow/.local/lib/python3.12/site-packages/airflow/example_dags/example_xcom.py for tasks to queue
[2025-03-30T14:16:05.606+0000] {logging_mixin.py:190} INFO - [2025-03-30T14:16:05.605+0000] {dagbag.py:588} INFO - Filling up the DagBag from /home/airflow/.local/lib/python3.12/site-packages/airflow/example_dags/example_xcom.py
[2025-03-30T14:16:05.614+0000] {processor.py:925} INFO - DAG(s) 'example_xcom' retrieved from /home/airflow/.local/lib/python3.12/site-packages/airflow/example_dags/example_xcom.py
[2025-03-30T14:16:05.634+0000] {logging_mixin.py:190} INFO - [2025-03-30T14:16:05.633+0000] {dag.py:3239} INFO - Sync 1 DAGs
[2025-03-30T14:16:05.652+0000] {logging_mixin.py:190} INFO - [2025-03-30T14:16:05.652+0000] {dag.py:4180} INFO - Setting next_dagrun for example_xcom to 2021-01-01 00:00:00+00:00, run_after=2021-01-01 00:00:00+00:00
[2025-03-30T14:16:05.667+0000] {processor.py:208} INFO - Processing /home/airflow/.local/lib/python3.12/site-packages/airflow/example_dags/example_xcom.py took 0.071 seconds
[2025-03-30T14:16:35.851+0000] {processor.py:186} INFO - Started process (PID=2948) to work on /home/airflow/.local/lib/python3.12/site-packages/airflow/example_dags/example_xcom.py
[2025-03-30T14:16:35.852+0000] {processor.py:914} INFO - Processing file /home/airflow/.local/lib/python3.12/site-packages/airflow/example_dags/example_xcom.py for tasks to queue
[2025-03-30T14:16:35.853+0000] {logging_mixin.py:190} INFO - [2025-03-30T14:16:35.853+0000] {dagbag.py:588} INFO - Filling up the DagBag from /home/airflow/.local/lib/python3.12/site-packages/airflow/example_dags/example_xcom.py
[2025-03-30T14:16:35.861+0000] {processor.py:925} INFO - DAG(s) 'example_xcom' retrieved from /home/airflow/.local/lib/python3.12/site-packages/airflow/example_dags/example_xcom.py
[2025-03-30T14:16:35.881+0000] {logging_mixin.py:190} INFO - [2025-03-30T14:16:35.881+0000] {dag.py:3239} INFO - Sync 1 DAGs
[2025-03-30T14:16:35.902+0000] {logging_mixin.py:190} INFO - [2025-03-30T14:16:35.902+0000] {dag.py:4180} INFO - Setting next_dagrun for example_xcom to 2021-01-01 00:00:00+00:00, run_after=2021-01-01 00:00:00+00:00
[2025-03-30T14:16:35.916+0000] {processor.py:208} INFO - Processing /home/airflow/.local/lib/python3.12/site-packages/airflow/example_dags/example_xcom.py took 0.072 seconds
[2025-03-30T14:17:06.594+0000] {processor.py:186} INFO - Started process (PID=3021) to work on /home/airflow/.local/lib/python3.12/site-packages/airflow/example_dags/example_xcom.py
[2025-03-30T14:17:06.595+0000] {processor.py:914} INFO - Processing file /home/airflow/.local/lib/python3.12/site-packages/airflow/example_dags/example_xcom.py for tasks to queue
[2025-03-30T14:17:06.596+0000] {logging_mixin.py:190} INFO - [2025-03-30T14:17:06.596+0000] {dagbag.py:588} INFO - Filling up the DagBag from /home/airflow/.local/lib/python3.12/site-packages/airflow/example_dags/example_xcom.py
[2025-03-30T14:17:06.604+0000] {processor.py:925} INFO - DAG(s) 'example_xcom' retrieved from /home/airflow/.local/lib/python3.12/site-packages/airflow/example_dags/example_xcom.py
[2025-03-30T14:17:06.621+0000] {logging_mixin.py:190} INFO - [2025-03-30T14:17:06.621+0000] {dag.py:3239} INFO - Sync 1 DAGs
[2025-03-30T14:17:06.640+0000] {logging_mixin.py:190} INFO - [2025-03-30T14:17:06.640+0000] {dag.py:4180} INFO - Setting next_dagrun for example_xcom to 2021-01-01 00:00:00+00:00, run_after=2021-01-01 00:00:00+00:00
[2025-03-30T14:17:06.655+0000] {processor.py:208} INFO - Processing /home/airflow/.local/lib/python3.12/site-packages/airflow/example_dags/example_xcom.py took 0.068 seconds
[2025-03-30T14:17:36.691+0000] {processor.py:186} INFO - Started process (PID=3084) to work on /home/airflow/.local/lib/python3.12/site-packages/airflow/example_dags/example_xcom.py
[2025-03-30T14:17:36.692+0000] {processor.py:914} INFO - Processing file /home/airflow/.local/lib/python3.12/site-packages/airflow/example_dags/example_xcom.py for tasks to queue
[2025-03-30T14:17:36.694+0000] {logging_mixin.py:190} INFO - [2025-03-30T14:17:36.693+0000] {dagbag.py:588} INFO - Filling up the DagBag from /home/airflow/.local/lib/python3.12/site-packages/airflow/example_dags/example_xcom.py
[2025-03-30T14:17:36.702+0000] {processor.py:925} INFO - DAG(s) 'example_xcom' retrieved from /home/airflow/.local/lib/python3.12/site-packages/airflow/example_dags/example_xcom.py
[2025-03-30T14:17:36.723+0000] {logging_mixin.py:190} INFO - [2025-03-30T14:17:36.722+0000] {dag.py:3239} INFO - Sync 1 DAGs
[2025-03-30T14:17:36.742+0000] {logging_mixin.py:190} INFO - [2025-03-30T14:17:36.742+0000] {dag.py:4180} INFO - Setting next_dagrun for example_xcom to 2021-01-01 00:00:00+00:00, run_after=2021-01-01 00:00:00+00:00
[2025-03-30T14:17:36.758+0000] {processor.py:208} INFO - Processing /home/airflow/.local/lib/python3.12/site-packages/airflow/example_dags/example_xcom.py took 0.074 seconds
[2025-03-30T14:18:07.002+0000] {processor.py:186} INFO - Started process (PID=3158) to work on /home/airflow/.local/lib/python3.12/site-packages/airflow/example_dags/example_xcom.py
[2025-03-30T14:18:07.002+0000] {processor.py:914} INFO - Processing file /home/airflow/.local/lib/python3.12/site-packages/airflow/example_dags/example_xcom.py for tasks to queue
[2025-03-30T14:18:07.003+0000] {logging_mixin.py:190} INFO - [2025-03-30T14:18:07.003+0000] {dagbag.py:588} INFO - Filling up the DagBag from /home/airflow/.local/lib/python3.12/site-packages/airflow/example_dags/example_xcom.py
[2025-03-30T14:18:07.011+0000] {processor.py:925} INFO - DAG(s) 'example_xcom' retrieved from /home/airflow/.local/lib/python3.12/site-packages/airflow/example_dags/example_xcom.py
[2025-03-30T14:18:07.027+0000] {logging_mixin.py:190} INFO - [2025-03-30T14:18:07.026+0000] {dag.py:3239} INFO - Sync 1 DAGs
[2025-03-30T14:18:07.044+0000] {logging_mixin.py:190} INFO - [2025-03-30T14:18:07.044+0000] {dag.py:4180} INFO - Setting next_dagrun for example_xcom to 2021-01-01 00:00:00+00:00, run_after=2021-01-01 00:00:00+00:00
[2025-03-30T14:18:07.057+0000] {processor.py:208} INFO - Processing /home/airflow/.local/lib/python3.12/site-packages/airflow/example_dags/example_xcom.py took 0.062 seconds
