[2025-03-30T13:57:17.746+0000] {processor.py:186} INFO - Started process (PID=94) to work on /home/airflow/.local/lib/python3.12/site-packages/airflow/example_dags/example_latest_only_with_trigger.py
[2025-03-30T13:57:17.747+0000] {processor.py:914} INFO - Processing file /home/airflow/.local/lib/python3.12/site-packages/airflow/example_dags/example_latest_only_with_trigger.py for tasks to queue
[2025-03-30T13:57:17.749+0000] {logging_mixin.py:190} INFO - [2025-03-30T13:57:17.749+0000] {dagbag.py:588} INFO - Filling up the DagBag from /home/airflow/.local/lib/python3.12/site-packages/airflow/example_dags/example_latest_only_with_trigger.py
[2025-03-30T13:57:17.757+0000] {processor.py:925} INFO - DAG(s) 'latest_only_with_trigger' retrieved from /home/airflow/.local/lib/python3.12/site-packages/airflow/example_dags/example_latest_only_with_trigger.py
[2025-03-30T13:57:17.782+0000] {logging_mixin.py:190} INFO - [2025-03-30T13:57:17.782+0000] {dag.py:3239} INFO - Sync 1 DAGs
[2025-03-30T13:57:17.809+0000] {logging_mixin.py:190} INFO - [2025-03-30T13:57:17.809+0000] {dag.py:4180} INFO - Setting next_dagrun for latest_only_with_trigger to 2025-03-30 08:00:00+00:00, run_after=2025-03-30 12:00:00+00:00
[2025-03-30T13:57:17.862+0000] {processor.py:208} INFO - Processing /home/airflow/.local/lib/python3.12/site-packages/airflow/example_dags/example_latest_only_with_trigger.py took 0.121 seconds
[2025-03-30T13:57:48.793+0000] {processor.py:186} INFO - Started process (PID=169) to work on /home/airflow/.local/lib/python3.12/site-packages/airflow/example_dags/example_latest_only_with_trigger.py
[2025-03-30T13:57:48.794+0000] {processor.py:914} INFO - Processing file /home/airflow/.local/lib/python3.12/site-packages/airflow/example_dags/example_latest_only_with_trigger.py for tasks to queue
[2025-03-30T13:57:48.797+0000] {logging_mixin.py:190} INFO - [2025-03-30T13:57:48.796+0000] {dagbag.py:588} INFO - Filling up the DagBag from /home/airflow/.local/lib/python3.12/site-packages/airflow/example_dags/example_latest_only_with_trigger.py
[2025-03-30T13:57:48.807+0000] {processor.py:925} INFO - DAG(s) 'latest_only_with_trigger' retrieved from /home/airflow/.local/lib/python3.12/site-packages/airflow/example_dags/example_latest_only_with_trigger.py
[2025-03-30T13:57:48.832+0000] {logging_mixin.py:190} INFO - [2025-03-30T13:57:48.832+0000] {dag.py:3239} INFO - Sync 1 DAGs
[2025-03-30T13:57:48.857+0000] {logging_mixin.py:190} INFO - [2025-03-30T13:57:48.856+0000] {dag.py:4180} INFO - Setting next_dagrun for latest_only_with_trigger to 2025-03-30 08:00:00+00:00, run_after=2025-03-30 12:00:00+00:00
[2025-03-30T13:57:48.877+0000] {processor.py:208} INFO - Processing /home/airflow/.local/lib/python3.12/site-packages/airflow/example_dags/example_latest_only_with_trigger.py took 0.091 seconds
[2025-03-30T13:58:19.441+0000] {processor.py:186} INFO - Started process (PID=243) to work on /home/airflow/.local/lib/python3.12/site-packages/airflow/example_dags/example_latest_only_with_trigger.py
[2025-03-30T13:58:19.441+0000] {processor.py:914} INFO - Processing file /home/airflow/.local/lib/python3.12/site-packages/airflow/example_dags/example_latest_only_with_trigger.py for tasks to queue
[2025-03-30T13:58:19.443+0000] {logging_mixin.py:190} INFO - [2025-03-30T13:58:19.443+0000] {dagbag.py:588} INFO - Filling up the DagBag from /home/airflow/.local/lib/python3.12/site-packages/airflow/example_dags/example_latest_only_with_trigger.py
[2025-03-30T13:58:19.450+0000] {processor.py:925} INFO - DAG(s) 'latest_only_with_trigger' retrieved from /home/airflow/.local/lib/python3.12/site-packages/airflow/example_dags/example_latest_only_with_trigger.py
[2025-03-30T13:58:19.469+0000] {logging_mixin.py:190} INFO - [2025-03-30T13:58:19.469+0000] {dag.py:3239} INFO - Sync 1 DAGs
[2025-03-30T13:58:19.488+0000] {logging_mixin.py:190} INFO - [2025-03-30T13:58:19.488+0000] {dag.py:4180} INFO - Setting next_dagrun for latest_only_with_trigger to 2025-03-30 08:00:00+00:00, run_after=2025-03-30 12:00:00+00:00
[2025-03-30T13:58:19.517+0000] {processor.py:208} INFO - Processing /home/airflow/.local/lib/python3.12/site-packages/airflow/example_dags/example_latest_only_with_trigger.py took 0.081 seconds
[2025-03-30T13:58:50.403+0000] {processor.py:186} INFO - Started process (PID=319) to work on /home/airflow/.local/lib/python3.12/site-packages/airflow/example_dags/example_latest_only_with_trigger.py
[2025-03-30T13:58:50.404+0000] {processor.py:914} INFO - Processing file /home/airflow/.local/lib/python3.12/site-packages/airflow/example_dags/example_latest_only_with_trigger.py for tasks to queue
[2025-03-30T13:58:50.406+0000] {logging_mixin.py:190} INFO - [2025-03-30T13:58:50.406+0000] {dagbag.py:588} INFO - Filling up the DagBag from /home/airflow/.local/lib/python3.12/site-packages/airflow/example_dags/example_latest_only_with_trigger.py
[2025-03-30T13:58:50.412+0000] {processor.py:925} INFO - DAG(s) 'latest_only_with_trigger' retrieved from /home/airflow/.local/lib/python3.12/site-packages/airflow/example_dags/example_latest_only_with_trigger.py
[2025-03-30T13:58:50.429+0000] {logging_mixin.py:190} INFO - [2025-03-30T13:58:50.429+0000] {dag.py:3239} INFO - Sync 1 DAGs
[2025-03-30T13:58:50.447+0000] {logging_mixin.py:190} INFO - [2025-03-30T13:58:50.447+0000] {dag.py:4180} INFO - Setting next_dagrun for latest_only_with_trigger to 2025-03-30 08:00:00+00:00, run_after=2025-03-30 12:00:00+00:00
[2025-03-30T13:58:50.475+0000] {processor.py:208} INFO - Processing /home/airflow/.local/lib/python3.12/site-packages/airflow/example_dags/example_latest_only_with_trigger.py took 0.076 seconds
[2025-03-30T13:59:20.781+0000] {processor.py:186} INFO - Started process (PID=393) to work on /home/airflow/.local/lib/python3.12/site-packages/airflow/example_dags/example_latest_only_with_trigger.py
[2025-03-30T13:59:20.782+0000] {processor.py:914} INFO - Processing file /home/airflow/.local/lib/python3.12/site-packages/airflow/example_dags/example_latest_only_with_trigger.py for tasks to queue
[2025-03-30T13:59:20.784+0000] {logging_mixin.py:190} INFO - [2025-03-30T13:59:20.783+0000] {dagbag.py:588} INFO - Filling up the DagBag from /home/airflow/.local/lib/python3.12/site-packages/airflow/example_dags/example_latest_only_with_trigger.py
[2025-03-30T13:59:20.790+0000] {processor.py:925} INFO - DAG(s) 'latest_only_with_trigger' retrieved from /home/airflow/.local/lib/python3.12/site-packages/airflow/example_dags/example_latest_only_with_trigger.py
[2025-03-30T13:59:20.808+0000] {logging_mixin.py:190} INFO - [2025-03-30T13:59:20.808+0000] {dag.py:3239} INFO - Sync 1 DAGs
[2025-03-30T13:59:20.827+0000] {logging_mixin.py:190} INFO - [2025-03-30T13:59:20.826+0000] {dag.py:4180} INFO - Setting next_dagrun for latest_only_with_trigger to 2025-03-30 08:00:00+00:00, run_after=2025-03-30 12:00:00+00:00
[2025-03-30T13:59:20.852+0000] {processor.py:208} INFO - Processing /home/airflow/.local/lib/python3.12/site-packages/airflow/example_dags/example_latest_only_with_trigger.py took 0.076 seconds
[2025-03-30T13:59:50.962+0000] {processor.py:186} INFO - Started process (PID=457) to work on /home/airflow/.local/lib/python3.12/site-packages/airflow/example_dags/example_latest_only_with_trigger.py
[2025-03-30T13:59:50.963+0000] {processor.py:914} INFO - Processing file /home/airflow/.local/lib/python3.12/site-packages/airflow/example_dags/example_latest_only_with_trigger.py for tasks to queue
[2025-03-30T13:59:50.965+0000] {logging_mixin.py:190} INFO - [2025-03-30T13:59:50.965+0000] {dagbag.py:588} INFO - Filling up the DagBag from /home/airflow/.local/lib/python3.12/site-packages/airflow/example_dags/example_latest_only_with_trigger.py
[2025-03-30T13:59:50.971+0000] {processor.py:925} INFO - DAG(s) 'latest_only_with_trigger' retrieved from /home/airflow/.local/lib/python3.12/site-packages/airflow/example_dags/example_latest_only_with_trigger.py
[2025-03-30T13:59:50.990+0000] {logging_mixin.py:190} INFO - [2025-03-30T13:59:50.990+0000] {dag.py:3239} INFO - Sync 1 DAGs
[2025-03-30T13:59:51.012+0000] {logging_mixin.py:190} INFO - [2025-03-30T13:59:51.012+0000] {dag.py:4180} INFO - Setting next_dagrun for latest_only_with_trigger to 2025-03-30 08:00:00+00:00, run_after=2025-03-30 12:00:00+00:00
[2025-03-30T13:59:51.030+0000] {processor.py:208} INFO - Processing /home/airflow/.local/lib/python3.12/site-packages/airflow/example_dags/example_latest_only_with_trigger.py took 0.073 seconds
[2025-03-30T14:00:21.369+0000] {processor.py:186} INFO - Started process (PID=543) to work on /home/airflow/.local/lib/python3.12/site-packages/airflow/example_dags/example_latest_only_with_trigger.py
[2025-03-30T14:00:21.370+0000] {processor.py:914} INFO - Processing file /home/airflow/.local/lib/python3.12/site-packages/airflow/example_dags/example_latest_only_with_trigger.py for tasks to queue
[2025-03-30T14:00:21.372+0000] {logging_mixin.py:190} INFO - [2025-03-30T14:00:21.371+0000] {dagbag.py:588} INFO - Filling up the DagBag from /home/airflow/.local/lib/python3.12/site-packages/airflow/example_dags/example_latest_only_with_trigger.py
[2025-03-30T14:00:21.378+0000] {processor.py:925} INFO - DAG(s) 'latest_only_with_trigger' retrieved from /home/airflow/.local/lib/python3.12/site-packages/airflow/example_dags/example_latest_only_with_trigger.py
[2025-03-30T14:00:21.398+0000] {logging_mixin.py:190} INFO - [2025-03-30T14:00:21.398+0000] {dag.py:3239} INFO - Sync 1 DAGs
[2025-03-30T14:00:21.417+0000] {logging_mixin.py:190} INFO - [2025-03-30T14:00:21.417+0000] {dag.py:4180} INFO - Setting next_dagrun for latest_only_with_trigger to 2025-03-30 08:00:00+00:00, run_after=2025-03-30 12:00:00+00:00
[2025-03-30T14:00:21.446+0000] {processor.py:208} INFO - Processing /home/airflow/.local/lib/python3.12/site-packages/airflow/example_dags/example_latest_only_with_trigger.py took 0.081 seconds
[2025-03-30T14:00:51.854+0000] {processor.py:186} INFO - Started process (PID=618) to work on /home/airflow/.local/lib/python3.12/site-packages/airflow/example_dags/example_latest_only_with_trigger.py
[2025-03-30T14:00:51.855+0000] {processor.py:914} INFO - Processing file /home/airflow/.local/lib/python3.12/site-packages/airflow/example_dags/example_latest_only_with_trigger.py for tasks to queue
[2025-03-30T14:00:51.857+0000] {logging_mixin.py:190} INFO - [2025-03-30T14:00:51.857+0000] {dagbag.py:588} INFO - Filling up the DagBag from /home/airflow/.local/lib/python3.12/site-packages/airflow/example_dags/example_latest_only_with_trigger.py
[2025-03-30T14:00:51.865+0000] {processor.py:925} INFO - DAG(s) 'latest_only_with_trigger' retrieved from /home/airflow/.local/lib/python3.12/site-packages/airflow/example_dags/example_latest_only_with_trigger.py
[2025-03-30T14:00:51.885+0000] {logging_mixin.py:190} INFO - [2025-03-30T14:00:51.884+0000] {dag.py:3239} INFO - Sync 1 DAGs
[2025-03-30T14:00:51.904+0000] {logging_mixin.py:190} INFO - [2025-03-30T14:00:51.904+0000] {dag.py:4180} INFO - Setting next_dagrun for latest_only_with_trigger to 2025-03-30 08:00:00+00:00, run_after=2025-03-30 12:00:00+00:00
[2025-03-30T14:00:51.932+0000] {processor.py:208} INFO - Processing /home/airflow/.local/lib/python3.12/site-packages/airflow/example_dags/example_latest_only_with_trigger.py took 0.085 seconds
[2025-03-30T14:01:22.651+0000] {processor.py:186} INFO - Started process (PID=693) to work on /home/airflow/.local/lib/python3.12/site-packages/airflow/example_dags/example_latest_only_with_trigger.py
[2025-03-30T14:01:22.651+0000] {processor.py:914} INFO - Processing file /home/airflow/.local/lib/python3.12/site-packages/airflow/example_dags/example_latest_only_with_trigger.py for tasks to queue
[2025-03-30T14:01:22.653+0000] {logging_mixin.py:190} INFO - [2025-03-30T14:01:22.653+0000] {dagbag.py:588} INFO - Filling up the DagBag from /home/airflow/.local/lib/python3.12/site-packages/airflow/example_dags/example_latest_only_with_trigger.py
[2025-03-30T14:01:22.660+0000] {processor.py:925} INFO - DAG(s) 'latest_only_with_trigger' retrieved from /home/airflow/.local/lib/python3.12/site-packages/airflow/example_dags/example_latest_only_with_trigger.py
[2025-03-30T14:01:22.677+0000] {logging_mixin.py:190} INFO - [2025-03-30T14:01:22.676+0000] {dag.py:3239} INFO - Sync 1 DAGs
[2025-03-30T14:01:22.695+0000] {logging_mixin.py:190} INFO - [2025-03-30T14:01:22.695+0000] {dag.py:4180} INFO - Setting next_dagrun for latest_only_with_trigger to 2025-03-30 08:00:00+00:00, run_after=2025-03-30 12:00:00+00:00
[2025-03-30T14:01:22.722+0000] {processor.py:208} INFO - Processing /home/airflow/.local/lib/python3.12/site-packages/airflow/example_dags/example_latest_only_with_trigger.py took 0.076 seconds
[2025-03-30T14:01:52.999+0000] {processor.py:186} INFO - Started process (PID=780) to work on /home/airflow/.local/lib/python3.12/site-packages/airflow/example_dags/example_latest_only_with_trigger.py
[2025-03-30T14:01:53.000+0000] {processor.py:914} INFO - Processing file /home/airflow/.local/lib/python3.12/site-packages/airflow/example_dags/example_latest_only_with_trigger.py for tasks to queue
[2025-03-30T14:01:53.002+0000] {logging_mixin.py:190} INFO - [2025-03-30T14:01:53.001+0000] {dagbag.py:588} INFO - Filling up the DagBag from /home/airflow/.local/lib/python3.12/site-packages/airflow/example_dags/example_latest_only_with_trigger.py
[2025-03-30T14:01:53.009+0000] {processor.py:925} INFO - DAG(s) 'latest_only_with_trigger' retrieved from /home/airflow/.local/lib/python3.12/site-packages/airflow/example_dags/example_latest_only_with_trigger.py
[2025-03-30T14:01:53.029+0000] {logging_mixin.py:190} INFO - [2025-03-30T14:01:53.028+0000] {dag.py:3239} INFO - Sync 1 DAGs
[2025-03-30T14:01:53.050+0000] {logging_mixin.py:190} INFO - [2025-03-30T14:01:53.050+0000] {dag.py:4180} INFO - Setting next_dagrun for latest_only_with_trigger to 2025-03-30 08:00:00+00:00, run_after=2025-03-30 12:00:00+00:00
[2025-03-30T14:01:53.069+0000] {processor.py:208} INFO - Processing /home/airflow/.local/lib/python3.12/site-packages/airflow/example_dags/example_latest_only_with_trigger.py took 0.074 seconds
[2025-03-30T14:02:23.335+0000] {processor.py:186} INFO - Started process (PID=855) to work on /home/airflow/.local/lib/python3.12/site-packages/airflow/example_dags/example_latest_only_with_trigger.py
[2025-03-30T14:02:23.335+0000] {processor.py:914} INFO - Processing file /home/airflow/.local/lib/python3.12/site-packages/airflow/example_dags/example_latest_only_with_trigger.py for tasks to queue
[2025-03-30T14:02:23.337+0000] {logging_mixin.py:190} INFO - [2025-03-30T14:02:23.337+0000] {dagbag.py:588} INFO - Filling up the DagBag from /home/airflow/.local/lib/python3.12/site-packages/airflow/example_dags/example_latest_only_with_trigger.py
[2025-03-30T14:02:23.345+0000] {processor.py:925} INFO - DAG(s) 'latest_only_with_trigger' retrieved from /home/airflow/.local/lib/python3.12/site-packages/airflow/example_dags/example_latest_only_with_trigger.py
[2025-03-30T14:02:23.366+0000] {logging_mixin.py:190} INFO - [2025-03-30T14:02:23.366+0000] {dag.py:3239} INFO - Sync 1 DAGs
[2025-03-30T14:02:23.393+0000] {logging_mixin.py:190} INFO - [2025-03-30T14:02:23.393+0000] {dag.py:4180} INFO - Setting next_dagrun for latest_only_with_trigger to 2025-03-30 08:00:00+00:00, run_after=2025-03-30 12:00:00+00:00
[2025-03-30T14:02:23.417+0000] {processor.py:208} INFO - Processing /home/airflow/.local/lib/python3.12/site-packages/airflow/example_dags/example_latest_only_with_trigger.py took 0.087 seconds
[2025-03-30T14:02:53.769+0000] {processor.py:186} INFO - Started process (PID=930) to work on /home/airflow/.local/lib/python3.12/site-packages/airflow/example_dags/example_latest_only_with_trigger.py
[2025-03-30T14:02:53.770+0000] {processor.py:914} INFO - Processing file /home/airflow/.local/lib/python3.12/site-packages/airflow/example_dags/example_latest_only_with_trigger.py for tasks to queue
[2025-03-30T14:02:53.771+0000] {logging_mixin.py:190} INFO - [2025-03-30T14:02:53.771+0000] {dagbag.py:588} INFO - Filling up the DagBag from /home/airflow/.local/lib/python3.12/site-packages/airflow/example_dags/example_latest_only_with_trigger.py
[2025-03-30T14:02:53.777+0000] {processor.py:925} INFO - DAG(s) 'latest_only_with_trigger' retrieved from /home/airflow/.local/lib/python3.12/site-packages/airflow/example_dags/example_latest_only_with_trigger.py
[2025-03-30T14:02:53.797+0000] {logging_mixin.py:190} INFO - [2025-03-30T14:02:53.797+0000] {dag.py:3239} INFO - Sync 1 DAGs
[2025-03-30T14:02:53.819+0000] {logging_mixin.py:190} INFO - [2025-03-30T14:02:53.819+0000] {dag.py:4180} INFO - Setting next_dagrun for latest_only_with_trigger to 2025-03-30 08:00:00+00:00, run_after=2025-03-30 12:00:00+00:00
[2025-03-30T14:02:53.833+0000] {processor.py:208} INFO - Processing /home/airflow/.local/lib/python3.12/site-packages/airflow/example_dags/example_latest_only_with_trigger.py took 0.069 seconds
[2025-03-30T14:03:24.388+0000] {processor.py:186} INFO - Started process (PID=1005) to work on /home/airflow/.local/lib/python3.12/site-packages/airflow/example_dags/example_latest_only_with_trigger.py
[2025-03-30T14:03:24.390+0000] {processor.py:914} INFO - Processing file /home/airflow/.local/lib/python3.12/site-packages/airflow/example_dags/example_latest_only_with_trigger.py for tasks to queue
[2025-03-30T14:03:24.393+0000] {logging_mixin.py:190} INFO - [2025-03-30T14:03:24.392+0000] {dagbag.py:588} INFO - Filling up the DagBag from /home/airflow/.local/lib/python3.12/site-packages/airflow/example_dags/example_latest_only_with_trigger.py
[2025-03-30T14:03:24.404+0000] {processor.py:925} INFO - DAG(s) 'latest_only_with_trigger' retrieved from /home/airflow/.local/lib/python3.12/site-packages/airflow/example_dags/example_latest_only_with_trigger.py
[2025-03-30T14:03:24.427+0000] {logging_mixin.py:190} INFO - [2025-03-30T14:03:24.427+0000] {dag.py:3239} INFO - Sync 1 DAGs
[2025-03-30T14:03:24.454+0000] {logging_mixin.py:190} INFO - [2025-03-30T14:03:24.454+0000] {dag.py:4180} INFO - Setting next_dagrun for latest_only_with_trigger to 2025-03-30 08:00:00+00:00, run_after=2025-03-30 12:00:00+00:00
[2025-03-30T14:03:24.486+0000] {processor.py:208} INFO - Processing /home/airflow/.local/lib/python3.12/site-packages/airflow/example_dags/example_latest_only_with_trigger.py took 0.106 seconds
[2025-03-30T14:03:55.491+0000] {processor.py:186} INFO - Started process (PID=1069) to work on /home/airflow/.local/lib/python3.12/site-packages/airflow/example_dags/example_latest_only_with_trigger.py
[2025-03-30T14:03:55.492+0000] {processor.py:914} INFO - Processing file /home/airflow/.local/lib/python3.12/site-packages/airflow/example_dags/example_latest_only_with_trigger.py for tasks to queue
[2025-03-30T14:03:55.495+0000] {logging_mixin.py:190} INFO - [2025-03-30T14:03:55.494+0000] {dagbag.py:588} INFO - Filling up the DagBag from /home/airflow/.local/lib/python3.12/site-packages/airflow/example_dags/example_latest_only_with_trigger.py
[2025-03-30T14:03:55.502+0000] {processor.py:925} INFO - DAG(s) 'latest_only_with_trigger' retrieved from /home/airflow/.local/lib/python3.12/site-packages/airflow/example_dags/example_latest_only_with_trigger.py
[2025-03-30T14:03:55.524+0000] {logging_mixin.py:190} INFO - [2025-03-30T14:03:55.524+0000] {dag.py:3239} INFO - Sync 1 DAGs
[2025-03-30T14:03:55.547+0000] {logging_mixin.py:190} INFO - [2025-03-30T14:03:55.547+0000] {dag.py:4180} INFO - Setting next_dagrun for latest_only_with_trigger to 2025-03-30 08:00:00+00:00, run_after=2025-03-30 12:00:00+00:00
[2025-03-30T14:03:55.600+0000] {processor.py:208} INFO - Processing /home/airflow/.local/lib/python3.12/site-packages/airflow/example_dags/example_latest_only_with_trigger.py took 0.115 seconds
[2025-03-30T14:04:25.975+0000] {processor.py:186} INFO - Started process (PID=1143) to work on /home/airflow/.local/lib/python3.12/site-packages/airflow/example_dags/example_latest_only_with_trigger.py
[2025-03-30T14:04:25.976+0000] {processor.py:914} INFO - Processing file /home/airflow/.local/lib/python3.12/site-packages/airflow/example_dags/example_latest_only_with_trigger.py for tasks to queue
[2025-03-30T14:04:25.978+0000] {logging_mixin.py:190} INFO - [2025-03-30T14:04:25.978+0000] {dagbag.py:588} INFO - Filling up the DagBag from /home/airflow/.local/lib/python3.12/site-packages/airflow/example_dags/example_latest_only_with_trigger.py
[2025-03-30T14:04:25.985+0000] {processor.py:925} INFO - DAG(s) 'latest_only_with_trigger' retrieved from /home/airflow/.local/lib/python3.12/site-packages/airflow/example_dags/example_latest_only_with_trigger.py
[2025-03-30T14:04:26.008+0000] {logging_mixin.py:190} INFO - [2025-03-30T14:04:26.008+0000] {dag.py:3239} INFO - Sync 1 DAGs
[2025-03-30T14:04:26.033+0000] {logging_mixin.py:190} INFO - [2025-03-30T14:04:26.032+0000] {dag.py:4180} INFO - Setting next_dagrun for latest_only_with_trigger to 2025-03-30 08:00:00+00:00, run_after=2025-03-30 12:00:00+00:00
[2025-03-30T14:04:26.064+0000] {processor.py:208} INFO - Processing /home/airflow/.local/lib/python3.12/site-packages/airflow/example_dags/example_latest_only_with_trigger.py took 0.094 seconds
[2025-03-30T14:04:56.220+0000] {processor.py:186} INFO - Started process (PID=1230) to work on /home/airflow/.local/lib/python3.12/site-packages/airflow/example_dags/example_latest_only_with_trigger.py
[2025-03-30T14:04:56.221+0000] {processor.py:914} INFO - Processing file /home/airflow/.local/lib/python3.12/site-packages/airflow/example_dags/example_latest_only_with_trigger.py for tasks to queue
[2025-03-30T14:04:56.224+0000] {logging_mixin.py:190} INFO - [2025-03-30T14:04:56.224+0000] {dagbag.py:588} INFO - Filling up the DagBag from /home/airflow/.local/lib/python3.12/site-packages/airflow/example_dags/example_latest_only_with_trigger.py
[2025-03-30T14:04:56.232+0000] {processor.py:925} INFO - DAG(s) 'latest_only_with_trigger' retrieved from /home/airflow/.local/lib/python3.12/site-packages/airflow/example_dags/example_latest_only_with_trigger.py
[2025-03-30T14:04:56.255+0000] {logging_mixin.py:190} INFO - [2025-03-30T14:04:56.255+0000] {dag.py:3239} INFO - Sync 1 DAGs
[2025-03-30T14:04:56.280+0000] {logging_mixin.py:190} INFO - [2025-03-30T14:04:56.279+0000] {dag.py:4180} INFO - Setting next_dagrun for latest_only_with_trigger to 2025-03-30 08:00:00+00:00, run_after=2025-03-30 12:00:00+00:00
[2025-03-30T14:04:56.299+0000] {processor.py:208} INFO - Processing /home/airflow/.local/lib/python3.12/site-packages/airflow/example_dags/example_latest_only_with_trigger.py took 0.085 seconds
[2025-03-30T14:05:26.415+0000] {processor.py:186} INFO - Started process (PID=1305) to work on /home/airflow/.local/lib/python3.12/site-packages/airflow/example_dags/example_latest_only_with_trigger.py
[2025-03-30T14:05:26.416+0000] {processor.py:914} INFO - Processing file /home/airflow/.local/lib/python3.12/site-packages/airflow/example_dags/example_latest_only_with_trigger.py for tasks to queue
[2025-03-30T14:05:26.418+0000] {logging_mixin.py:190} INFO - [2025-03-30T14:05:26.418+0000] {dagbag.py:588} INFO - Filling up the DagBag from /home/airflow/.local/lib/python3.12/site-packages/airflow/example_dags/example_latest_only_with_trigger.py
[2025-03-30T14:05:26.427+0000] {processor.py:925} INFO - DAG(s) 'latest_only_with_trigger' retrieved from /home/airflow/.local/lib/python3.12/site-packages/airflow/example_dags/example_latest_only_with_trigger.py
[2025-03-30T14:05:26.449+0000] {logging_mixin.py:190} INFO - [2025-03-30T14:05:26.448+0000] {dag.py:3239} INFO - Sync 1 DAGs
[2025-03-30T14:05:26.471+0000] {logging_mixin.py:190} INFO - [2025-03-30T14:05:26.471+0000] {dag.py:4180} INFO - Setting next_dagrun for latest_only_with_trigger to 2025-03-30 08:00:00+00:00, run_after=2025-03-30 12:00:00+00:00
[2025-03-30T14:05:26.489+0000] {processor.py:208} INFO - Processing /home/airflow/.local/lib/python3.12/site-packages/airflow/example_dags/example_latest_only_with_trigger.py took 0.079 seconds
[2025-03-30T14:05:57.227+0000] {processor.py:186} INFO - Started process (PID=1380) to work on /home/airflow/.local/lib/python3.12/site-packages/airflow/example_dags/example_latest_only_with_trigger.py
[2025-03-30T14:05:57.228+0000] {processor.py:914} INFO - Processing file /home/airflow/.local/lib/python3.12/site-packages/airflow/example_dags/example_latest_only_with_trigger.py for tasks to queue
[2025-03-30T14:05:57.230+0000] {logging_mixin.py:190} INFO - [2025-03-30T14:05:57.229+0000] {dagbag.py:588} INFO - Filling up the DagBag from /home/airflow/.local/lib/python3.12/site-packages/airflow/example_dags/example_latest_only_with_trigger.py
[2025-03-30T14:05:57.238+0000] {processor.py:925} INFO - DAG(s) 'latest_only_with_trigger' retrieved from /home/airflow/.local/lib/python3.12/site-packages/airflow/example_dags/example_latest_only_with_trigger.py
[2025-03-30T14:05:57.255+0000] {logging_mixin.py:190} INFO - [2025-03-30T14:05:57.254+0000] {dag.py:3239} INFO - Sync 1 DAGs
[2025-03-30T14:05:57.273+0000] {logging_mixin.py:190} INFO - [2025-03-30T14:05:57.273+0000] {dag.py:4180} INFO - Setting next_dagrun for latest_only_with_trigger to 2025-03-30 08:00:00+00:00, run_after=2025-03-30 12:00:00+00:00
[2025-03-30T14:05:57.290+0000] {processor.py:208} INFO - Processing /home/airflow/.local/lib/python3.12/site-packages/airflow/example_dags/example_latest_only_with_trigger.py took 0.067 seconds
[2025-03-30T14:06:27.575+0000] {processor.py:186} INFO - Started process (PID=1455) to work on /home/airflow/.local/lib/python3.12/site-packages/airflow/example_dags/example_latest_only_with_trigger.py
[2025-03-30T14:06:27.576+0000] {processor.py:914} INFO - Processing file /home/airflow/.local/lib/python3.12/site-packages/airflow/example_dags/example_latest_only_with_trigger.py for tasks to queue
[2025-03-30T14:06:27.577+0000] {logging_mixin.py:190} INFO - [2025-03-30T14:06:27.577+0000] {dagbag.py:588} INFO - Filling up the DagBag from /home/airflow/.local/lib/python3.12/site-packages/airflow/example_dags/example_latest_only_with_trigger.py
[2025-03-30T14:06:27.585+0000] {processor.py:925} INFO - DAG(s) 'latest_only_with_trigger' retrieved from /home/airflow/.local/lib/python3.12/site-packages/airflow/example_dags/example_latest_only_with_trigger.py
[2025-03-30T14:06:27.603+0000] {logging_mixin.py:190} INFO - [2025-03-30T14:06:27.603+0000] {dag.py:3239} INFO - Sync 1 DAGs
[2025-03-30T14:06:27.626+0000] {logging_mixin.py:190} INFO - [2025-03-30T14:06:27.625+0000] {dag.py:4180} INFO - Setting next_dagrun for latest_only_with_trigger to 2025-03-30 08:00:00+00:00, run_after=2025-03-30 12:00:00+00:00
[2025-03-30T14:06:27.644+0000] {processor.py:208} INFO - Processing /home/airflow/.local/lib/python3.12/site-packages/airflow/example_dags/example_latest_only_with_trigger.py took 0.073 seconds
[2025-03-30T14:06:58.428+0000] {processor.py:186} INFO - Started process (PID=1552) to work on /home/airflow/.local/lib/python3.12/site-packages/airflow/example_dags/example_latest_only_with_trigger.py
[2025-03-30T14:06:58.429+0000] {processor.py:914} INFO - Processing file /home/airflow/.local/lib/python3.12/site-packages/airflow/example_dags/example_latest_only_with_trigger.py for tasks to queue
[2025-03-30T14:06:58.430+0000] {logging_mixin.py:190} INFO - [2025-03-30T14:06:58.430+0000] {dagbag.py:588} INFO - Filling up the DagBag from /home/airflow/.local/lib/python3.12/site-packages/airflow/example_dags/example_latest_only_with_trigger.py
[2025-03-30T14:06:58.438+0000] {processor.py:925} INFO - DAG(s) 'latest_only_with_trigger' retrieved from /home/airflow/.local/lib/python3.12/site-packages/airflow/example_dags/example_latest_only_with_trigger.py
[2025-03-30T14:06:58.457+0000] {logging_mixin.py:190} INFO - [2025-03-30T14:06:58.457+0000] {dag.py:3239} INFO - Sync 1 DAGs
[2025-03-30T14:06:58.475+0000] {logging_mixin.py:190} INFO - [2025-03-30T14:06:58.475+0000] {dag.py:4180} INFO - Setting next_dagrun for latest_only_with_trigger to 2025-03-30 08:00:00+00:00, run_after=2025-03-30 12:00:00+00:00
[2025-03-30T14:06:58.491+0000] {processor.py:208} INFO - Processing /home/airflow/.local/lib/python3.12/site-packages/airflow/example_dags/example_latest_only_with_trigger.py took 0.070 seconds
[2025-03-30T14:07:28.569+0000] {processor.py:186} INFO - Started process (PID=1627) to work on /home/airflow/.local/lib/python3.12/site-packages/airflow/example_dags/example_latest_only_with_trigger.py
[2025-03-30T14:07:28.570+0000] {processor.py:914} INFO - Processing file /home/airflow/.local/lib/python3.12/site-packages/airflow/example_dags/example_latest_only_with_trigger.py for tasks to queue
[2025-03-30T14:07:28.571+0000] {logging_mixin.py:190} INFO - [2025-03-30T14:07:28.570+0000] {dagbag.py:588} INFO - Filling up the DagBag from /home/airflow/.local/lib/python3.12/site-packages/airflow/example_dags/example_latest_only_with_trigger.py
[2025-03-30T14:07:28.577+0000] {processor.py:925} INFO - DAG(s) 'latest_only_with_trigger' retrieved from /home/airflow/.local/lib/python3.12/site-packages/airflow/example_dags/example_latest_only_with_trigger.py
[2025-03-30T14:07:28.595+0000] {logging_mixin.py:190} INFO - [2025-03-30T14:07:28.595+0000] {dag.py:3239} INFO - Sync 1 DAGs
[2025-03-30T14:07:28.615+0000] {logging_mixin.py:190} INFO - [2025-03-30T14:07:28.615+0000] {dag.py:4180} INFO - Setting next_dagrun for latest_only_with_trigger to 2025-03-30 08:00:00+00:00, run_after=2025-03-30 12:00:00+00:00
[2025-03-30T14:07:28.630+0000] {processor.py:208} INFO - Processing /home/airflow/.local/lib/python3.12/site-packages/airflow/example_dags/example_latest_only_with_trigger.py took 0.069 seconds
[2025-03-30T14:07:59.240+0000] {processor.py:186} INFO - Started process (PID=1702) to work on /home/airflow/.local/lib/python3.12/site-packages/airflow/example_dags/example_latest_only_with_trigger.py
[2025-03-30T14:07:59.241+0000] {processor.py:914} INFO - Processing file /home/airflow/.local/lib/python3.12/site-packages/airflow/example_dags/example_latest_only_with_trigger.py for tasks to queue
[2025-03-30T14:07:59.243+0000] {logging_mixin.py:190} INFO - [2025-03-30T14:07:59.242+0000] {dagbag.py:588} INFO - Filling up the DagBag from /home/airflow/.local/lib/python3.12/site-packages/airflow/example_dags/example_latest_only_with_trigger.py
[2025-03-30T14:07:59.252+0000] {processor.py:925} INFO - DAG(s) 'latest_only_with_trigger' retrieved from /home/airflow/.local/lib/python3.12/site-packages/airflow/example_dags/example_latest_only_with_trigger.py
[2025-03-30T14:07:59.271+0000] {logging_mixin.py:190} INFO - [2025-03-30T14:07:59.271+0000] {dag.py:3239} INFO - Sync 1 DAGs
[2025-03-30T14:07:59.296+0000] {logging_mixin.py:190} INFO - [2025-03-30T14:07:59.296+0000] {dag.py:4180} INFO - Setting next_dagrun for latest_only_with_trigger to 2025-03-30 08:00:00+00:00, run_after=2025-03-30 12:00:00+00:00
[2025-03-30T14:07:59.317+0000] {processor.py:208} INFO - Processing /home/airflow/.local/lib/python3.12/site-packages/airflow/example_dags/example_latest_only_with_trigger.py took 0.087 seconds
[2025-03-30T14:08:29.957+0000] {processor.py:186} INFO - Started process (PID=1777) to work on /home/airflow/.local/lib/python3.12/site-packages/airflow/example_dags/example_latest_only_with_trigger.py
[2025-03-30T14:08:29.959+0000] {processor.py:914} INFO - Processing file /home/airflow/.local/lib/python3.12/site-packages/airflow/example_dags/example_latest_only_with_trigger.py for tasks to queue
[2025-03-30T14:08:29.963+0000] {logging_mixin.py:190} INFO - [2025-03-30T14:08:29.963+0000] {dagbag.py:588} INFO - Filling up the DagBag from /home/airflow/.local/lib/python3.12/site-packages/airflow/example_dags/example_latest_only_with_trigger.py
[2025-03-30T14:08:29.979+0000] {processor.py:925} INFO - DAG(s) 'latest_only_with_trigger' retrieved from /home/airflow/.local/lib/python3.12/site-packages/airflow/example_dags/example_latest_only_with_trigger.py
[2025-03-30T14:08:30.005+0000] {logging_mixin.py:190} INFO - [2025-03-30T14:08:30.005+0000] {dag.py:3239} INFO - Sync 1 DAGs
[2025-03-30T14:08:30.056+0000] {logging_mixin.py:190} INFO - [2025-03-30T14:08:30.056+0000] {dag.py:4180} INFO - Setting next_dagrun for latest_only_with_trigger to 2025-03-30 08:00:00+00:00, run_after=2025-03-30 12:00:00+00:00
[2025-03-30T14:08:30.089+0000] {processor.py:208} INFO - Processing /home/airflow/.local/lib/python3.12/site-packages/airflow/example_dags/example_latest_only_with_trigger.py took 0.145 seconds
[2025-03-30T14:09:00.382+0000] {processor.py:186} INFO - Started process (PID=1852) to work on /home/airflow/.local/lib/python3.12/site-packages/airflow/example_dags/example_latest_only_with_trigger.py
[2025-03-30T14:09:00.383+0000] {processor.py:914} INFO - Processing file /home/airflow/.local/lib/python3.12/site-packages/airflow/example_dags/example_latest_only_with_trigger.py for tasks to queue
[2025-03-30T14:09:00.385+0000] {logging_mixin.py:190} INFO - [2025-03-30T14:09:00.385+0000] {dagbag.py:588} INFO - Filling up the DagBag from /home/airflow/.local/lib/python3.12/site-packages/airflow/example_dags/example_latest_only_with_trigger.py
[2025-03-30T14:09:00.393+0000] {processor.py:925} INFO - DAG(s) 'latest_only_with_trigger' retrieved from /home/airflow/.local/lib/python3.12/site-packages/airflow/example_dags/example_latest_only_with_trigger.py
[2025-03-30T14:09:00.416+0000] {logging_mixin.py:190} INFO - [2025-03-30T14:09:00.415+0000] {dag.py:3239} INFO - Sync 1 DAGs
[2025-03-30T14:09:00.435+0000] {logging_mixin.py:190} INFO - [2025-03-30T14:09:00.435+0000] {dag.py:4180} INFO - Setting next_dagrun for latest_only_with_trigger to 2025-03-30 08:00:00+00:00, run_after=2025-03-30 12:00:00+00:00
[2025-03-30T14:09:00.450+0000] {processor.py:208} INFO - Processing /home/airflow/.local/lib/python3.12/site-packages/airflow/example_dags/example_latest_only_with_trigger.py took 0.075 seconds
[2025-03-30T14:09:31.470+0000] {processor.py:186} INFO - Started process (PID=1927) to work on /home/airflow/.local/lib/python3.12/site-packages/airflow/example_dags/example_latest_only_with_trigger.py
[2025-03-30T14:09:31.471+0000] {processor.py:914} INFO - Processing file /home/airflow/.local/lib/python3.12/site-packages/airflow/example_dags/example_latest_only_with_trigger.py for tasks to queue
[2025-03-30T14:09:31.472+0000] {logging_mixin.py:190} INFO - [2025-03-30T14:09:31.471+0000] {dagbag.py:588} INFO - Filling up the DagBag from /home/airflow/.local/lib/python3.12/site-packages/airflow/example_dags/example_latest_only_with_trigger.py
[2025-03-30T14:09:31.479+0000] {processor.py:925} INFO - DAG(s) 'latest_only_with_trigger' retrieved from /home/airflow/.local/lib/python3.12/site-packages/airflow/example_dags/example_latest_only_with_trigger.py
[2025-03-30T14:09:31.499+0000] {logging_mixin.py:190} INFO - [2025-03-30T14:09:31.499+0000] {dag.py:3239} INFO - Sync 1 DAGs
[2025-03-30T14:09:31.520+0000] {logging_mixin.py:190} INFO - [2025-03-30T14:09:31.520+0000] {dag.py:4180} INFO - Setting next_dagrun for latest_only_with_trigger to 2025-03-30 08:00:00+00:00, run_after=2025-03-30 12:00:00+00:00
[2025-03-30T14:09:31.535+0000] {processor.py:208} INFO - Processing /home/airflow/.local/lib/python3.12/site-packages/airflow/example_dags/example_latest_only_with_trigger.py took 0.073 seconds
[2025-03-30T14:10:02.812+0000] {processor.py:186} INFO - Started process (PID=2002) to work on /home/airflow/.local/lib/python3.12/site-packages/airflow/example_dags/example_latest_only_with_trigger.py
[2025-03-30T14:10:02.814+0000] {processor.py:914} INFO - Processing file /home/airflow/.local/lib/python3.12/site-packages/airflow/example_dags/example_latest_only_with_trigger.py for tasks to queue
[2025-03-30T14:10:02.818+0000] {logging_mixin.py:190} INFO - [2025-03-30T14:10:02.818+0000] {dagbag.py:588} INFO - Filling up the DagBag from /home/airflow/.local/lib/python3.12/site-packages/airflow/example_dags/example_latest_only_with_trigger.py
[2025-03-30T14:10:02.833+0000] {processor.py:925} INFO - DAG(s) 'latest_only_with_trigger' retrieved from /home/airflow/.local/lib/python3.12/site-packages/airflow/example_dags/example_latest_only_with_trigger.py
[2025-03-30T14:10:02.859+0000] {logging_mixin.py:190} INFO - [2025-03-30T14:10:02.859+0000] {dag.py:3239} INFO - Sync 1 DAGs
[2025-03-30T14:10:02.889+0000] {logging_mixin.py:190} INFO - [2025-03-30T14:10:02.889+0000] {dag.py:4180} INFO - Setting next_dagrun for latest_only_with_trigger to 2025-03-30 08:00:00+00:00, run_after=2025-03-30 12:00:00+00:00
[2025-03-30T14:10:02.936+0000] {processor.py:208} INFO - Processing /home/airflow/.local/lib/python3.12/site-packages/airflow/example_dags/example_latest_only_with_trigger.py took 0.137 seconds
[2025-03-30T14:10:33.640+0000] {processor.py:186} INFO - Started process (PID=2065) to work on /home/airflow/.local/lib/python3.12/site-packages/airflow/example_dags/example_latest_only_with_trigger.py
[2025-03-30T14:10:33.641+0000] {processor.py:914} INFO - Processing file /home/airflow/.local/lib/python3.12/site-packages/airflow/example_dags/example_latest_only_with_trigger.py for tasks to queue
[2025-03-30T14:10:33.642+0000] {logging_mixin.py:190} INFO - [2025-03-30T14:10:33.642+0000] {dagbag.py:588} INFO - Filling up the DagBag from /home/airflow/.local/lib/python3.12/site-packages/airflow/example_dags/example_latest_only_with_trigger.py
[2025-03-30T14:10:33.651+0000] {processor.py:925} INFO - DAG(s) 'latest_only_with_trigger' retrieved from /home/airflow/.local/lib/python3.12/site-packages/airflow/example_dags/example_latest_only_with_trigger.py
[2025-03-30T14:10:33.672+0000] {logging_mixin.py:190} INFO - [2025-03-30T14:10:33.672+0000] {dag.py:3239} INFO - Sync 1 DAGs
[2025-03-30T14:10:33.696+0000] {logging_mixin.py:190} INFO - [2025-03-30T14:10:33.696+0000] {dag.py:4180} INFO - Setting next_dagrun for latest_only_with_trigger to 2025-03-30 08:00:00+00:00, run_after=2025-03-30 12:00:00+00:00
[2025-03-30T14:10:33.715+0000] {processor.py:208} INFO - Processing /home/airflow/.local/lib/python3.12/site-packages/airflow/example_dags/example_latest_only_with_trigger.py took 0.084 seconds
[2025-03-30T14:11:03.966+0000] {processor.py:186} INFO - Started process (PID=2140) to work on /home/airflow/.local/lib/python3.12/site-packages/airflow/example_dags/example_latest_only_with_trigger.py
[2025-03-30T14:11:03.969+0000] {processor.py:914} INFO - Processing file /home/airflow/.local/lib/python3.12/site-packages/airflow/example_dags/example_latest_only_with_trigger.py for tasks to queue
[2025-03-30T14:11:03.971+0000] {logging_mixin.py:190} INFO - [2025-03-30T14:11:03.971+0000] {dagbag.py:588} INFO - Filling up the DagBag from /home/airflow/.local/lib/python3.12/site-packages/airflow/example_dags/example_latest_only_with_trigger.py
[2025-03-30T14:11:03.985+0000] {processor.py:925} INFO - DAG(s) 'latest_only_with_trigger' retrieved from /home/airflow/.local/lib/python3.12/site-packages/airflow/example_dags/example_latest_only_with_trigger.py
[2025-03-30T14:11:04.028+0000] {logging_mixin.py:190} INFO - [2025-03-30T14:11:04.027+0000] {dag.py:3239} INFO - Sync 1 DAGs
[2025-03-30T14:11:04.061+0000] {logging_mixin.py:190} INFO - [2025-03-30T14:11:04.060+0000] {dag.py:4180} INFO - Setting next_dagrun for latest_only_with_trigger to 2025-03-30 08:00:00+00:00, run_after=2025-03-30 12:00:00+00:00
[2025-03-30T14:11:04.089+0000] {processor.py:208} INFO - Processing /home/airflow/.local/lib/python3.12/site-packages/airflow/example_dags/example_latest_only_with_trigger.py took 0.140 seconds
[2025-03-30T14:11:34.722+0000] {processor.py:186} INFO - Started process (PID=2215) to work on /home/airflow/.local/lib/python3.12/site-packages/airflow/example_dags/example_latest_only_with_trigger.py
[2025-03-30T14:11:34.722+0000] {processor.py:914} INFO - Processing file /home/airflow/.local/lib/python3.12/site-packages/airflow/example_dags/example_latest_only_with_trigger.py for tasks to queue
[2025-03-30T14:11:34.724+0000] {logging_mixin.py:190} INFO - [2025-03-30T14:11:34.723+0000] {dagbag.py:588} INFO - Filling up the DagBag from /home/airflow/.local/lib/python3.12/site-packages/airflow/example_dags/example_latest_only_with_trigger.py
[2025-03-30T14:11:34.732+0000] {processor.py:925} INFO - DAG(s) 'latest_only_with_trigger' retrieved from /home/airflow/.local/lib/python3.12/site-packages/airflow/example_dags/example_latest_only_with_trigger.py
[2025-03-30T14:11:34.757+0000] {logging_mixin.py:190} INFO - [2025-03-30T14:11:34.757+0000] {dag.py:3239} INFO - Sync 1 DAGs
[2025-03-30T14:11:34.783+0000] {logging_mixin.py:190} INFO - [2025-03-30T14:11:34.783+0000] {dag.py:4180} INFO - Setting next_dagrun for latest_only_with_trigger to 2025-03-30 08:00:00+00:00, run_after=2025-03-30 12:00:00+00:00
[2025-03-30T14:11:34.805+0000] {processor.py:208} INFO - Processing /home/airflow/.local/lib/python3.12/site-packages/airflow/example_dags/example_latest_only_with_trigger.py took 0.093 seconds
[2025-03-30T14:12:05.565+0000] {processor.py:186} INFO - Started process (PID=2290) to work on /home/airflow/.local/lib/python3.12/site-packages/airflow/example_dags/example_latest_only_with_trigger.py
[2025-03-30T14:12:05.567+0000] {processor.py:914} INFO - Processing file /home/airflow/.local/lib/python3.12/site-packages/airflow/example_dags/example_latest_only_with_trigger.py for tasks to queue
[2025-03-30T14:12:05.569+0000] {logging_mixin.py:190} INFO - [2025-03-30T14:12:05.569+0000] {dagbag.py:588} INFO - Filling up the DagBag from /home/airflow/.local/lib/python3.12/site-packages/airflow/example_dags/example_latest_only_with_trigger.py
[2025-03-30T14:12:05.586+0000] {processor.py:925} INFO - DAG(s) 'latest_only_with_trigger' retrieved from /home/airflow/.local/lib/python3.12/site-packages/airflow/example_dags/example_latest_only_with_trigger.py
[2025-03-30T14:12:05.620+0000] {logging_mixin.py:190} INFO - [2025-03-30T14:12:05.619+0000] {dag.py:3239} INFO - Sync 1 DAGs
[2025-03-30T14:12:05.664+0000] {logging_mixin.py:190} INFO - [2025-03-30T14:12:05.663+0000] {dag.py:4180} INFO - Setting next_dagrun for latest_only_with_trigger to 2025-03-30 08:00:00+00:00, run_after=2025-03-30 12:00:00+00:00
[2025-03-30T14:12:05.703+0000] {processor.py:208} INFO - Processing /home/airflow/.local/lib/python3.12/site-packages/airflow/example_dags/example_latest_only_with_trigger.py took 0.155 seconds
[2025-03-30T14:12:36.050+0000] {processor.py:186} INFO - Started process (PID=2365) to work on /home/airflow/.local/lib/python3.12/site-packages/airflow/example_dags/example_latest_only_with_trigger.py
[2025-03-30T14:12:36.051+0000] {processor.py:914} INFO - Processing file /home/airflow/.local/lib/python3.12/site-packages/airflow/example_dags/example_latest_only_with_trigger.py for tasks to queue
[2025-03-30T14:12:36.052+0000] {logging_mixin.py:190} INFO - [2025-03-30T14:12:36.051+0000] {dagbag.py:588} INFO - Filling up the DagBag from /home/airflow/.local/lib/python3.12/site-packages/airflow/example_dags/example_latest_only_with_trigger.py
[2025-03-30T14:12:36.059+0000] {processor.py:925} INFO - DAG(s) 'latest_only_with_trigger' retrieved from /home/airflow/.local/lib/python3.12/site-packages/airflow/example_dags/example_latest_only_with_trigger.py
[2025-03-30T14:12:36.078+0000] {logging_mixin.py:190} INFO - [2025-03-30T14:12:36.078+0000] {dag.py:3239} INFO - Sync 1 DAGs
[2025-03-30T14:12:36.100+0000] {logging_mixin.py:190} INFO - [2025-03-30T14:12:36.100+0000] {dag.py:4180} INFO - Setting next_dagrun for latest_only_with_trigger to 2025-03-30 08:00:00+00:00, run_after=2025-03-30 12:00:00+00:00
[2025-03-30T14:12:36.116+0000] {processor.py:208} INFO - Processing /home/airflow/.local/lib/python3.12/site-packages/airflow/example_dags/example_latest_only_with_trigger.py took 0.076 seconds
[2025-03-30T14:13:06.518+0000] {processor.py:186} INFO - Started process (PID=2440) to work on /home/airflow/.local/lib/python3.12/site-packages/airflow/example_dags/example_latest_only_with_trigger.py
[2025-03-30T14:13:06.519+0000] {processor.py:914} INFO - Processing file /home/airflow/.local/lib/python3.12/site-packages/airflow/example_dags/example_latest_only_with_trigger.py for tasks to queue
[2025-03-30T14:13:06.520+0000] {logging_mixin.py:190} INFO - [2025-03-30T14:13:06.520+0000] {dagbag.py:588} INFO - Filling up the DagBag from /home/airflow/.local/lib/python3.12/site-packages/airflow/example_dags/example_latest_only_with_trigger.py
[2025-03-30T14:13:06.528+0000] {processor.py:925} INFO - DAG(s) 'latest_only_with_trigger' retrieved from /home/airflow/.local/lib/python3.12/site-packages/airflow/example_dags/example_latest_only_with_trigger.py
[2025-03-30T14:13:06.546+0000] {logging_mixin.py:190} INFO - [2025-03-30T14:13:06.546+0000] {dag.py:3239} INFO - Sync 1 DAGs
[2025-03-30T14:13:06.567+0000] {logging_mixin.py:190} INFO - [2025-03-30T14:13:06.567+0000] {dag.py:4180} INFO - Setting next_dagrun for latest_only_with_trigger to 2025-03-30 08:00:00+00:00, run_after=2025-03-30 12:00:00+00:00
[2025-03-30T14:13:06.582+0000] {processor.py:208} INFO - Processing /home/airflow/.local/lib/python3.12/site-packages/airflow/example_dags/example_latest_only_with_trigger.py took 0.072 seconds
[2025-03-30T14:13:36.661+0000] {processor.py:186} INFO - Started process (PID=2515) to work on /home/airflow/.local/lib/python3.12/site-packages/airflow/example_dags/example_latest_only_with_trigger.py
[2025-03-30T14:13:36.662+0000] {processor.py:914} INFO - Processing file /home/airflow/.local/lib/python3.12/site-packages/airflow/example_dags/example_latest_only_with_trigger.py for tasks to queue
[2025-03-30T14:13:36.663+0000] {logging_mixin.py:190} INFO - [2025-03-30T14:13:36.663+0000] {dagbag.py:588} INFO - Filling up the DagBag from /home/airflow/.local/lib/python3.12/site-packages/airflow/example_dags/example_latest_only_with_trigger.py
[2025-03-30T14:13:36.670+0000] {processor.py:925} INFO - DAG(s) 'latest_only_with_trigger' retrieved from /home/airflow/.local/lib/python3.12/site-packages/airflow/example_dags/example_latest_only_with_trigger.py
[2025-03-30T14:13:36.686+0000] {logging_mixin.py:190} INFO - [2025-03-30T14:13:36.686+0000] {dag.py:3239} INFO - Sync 1 DAGs
[2025-03-30T14:13:36.707+0000] {logging_mixin.py:190} INFO - [2025-03-30T14:13:36.707+0000] {dag.py:4180} INFO - Setting next_dagrun for latest_only_with_trigger to 2025-03-30 08:00:00+00:00, run_after=2025-03-30 12:00:00+00:00
[2025-03-30T14:13:36.721+0000] {processor.py:208} INFO - Processing /home/airflow/.local/lib/python3.12/site-packages/airflow/example_dags/example_latest_only_with_trigger.py took 0.067 seconds
[2025-03-30T14:14:07.417+0000] {processor.py:186} INFO - Started process (PID=2590) to work on /home/airflow/.local/lib/python3.12/site-packages/airflow/example_dags/example_latest_only_with_trigger.py
[2025-03-30T14:14:07.418+0000] {processor.py:914} INFO - Processing file /home/airflow/.local/lib/python3.12/site-packages/airflow/example_dags/example_latest_only_with_trigger.py for tasks to queue
[2025-03-30T14:14:07.419+0000] {logging_mixin.py:190} INFO - [2025-03-30T14:14:07.419+0000] {dagbag.py:588} INFO - Filling up the DagBag from /home/airflow/.local/lib/python3.12/site-packages/airflow/example_dags/example_latest_only_with_trigger.py
[2025-03-30T14:14:07.428+0000] {processor.py:925} INFO - DAG(s) 'latest_only_with_trigger' retrieved from /home/airflow/.local/lib/python3.12/site-packages/airflow/example_dags/example_latest_only_with_trigger.py
[2025-03-30T14:14:07.449+0000] {logging_mixin.py:190} INFO - [2025-03-30T14:14:07.449+0000] {dag.py:3239} INFO - Sync 1 DAGs
[2025-03-30T14:14:07.472+0000] {logging_mixin.py:190} INFO - [2025-03-30T14:14:07.472+0000] {dag.py:4180} INFO - Setting next_dagrun for latest_only_with_trigger to 2025-03-30 08:00:00+00:00, run_after=2025-03-30 12:00:00+00:00
[2025-03-30T14:14:07.494+0000] {processor.py:208} INFO - Processing /home/airflow/.local/lib/python3.12/site-packages/airflow/example_dags/example_latest_only_with_trigger.py took 0.084 seconds
[2025-03-30T14:14:38.218+0000] {processor.py:186} INFO - Started process (PID=2665) to work on /home/airflow/.local/lib/python3.12/site-packages/airflow/example_dags/example_latest_only_with_trigger.py
[2025-03-30T14:14:38.219+0000] {processor.py:914} INFO - Processing file /home/airflow/.local/lib/python3.12/site-packages/airflow/example_dags/example_latest_only_with_trigger.py for tasks to queue
[2025-03-30T14:14:38.220+0000] {logging_mixin.py:190} INFO - [2025-03-30T14:14:38.220+0000] {dagbag.py:588} INFO - Filling up the DagBag from /home/airflow/.local/lib/python3.12/site-packages/airflow/example_dags/example_latest_only_with_trigger.py
[2025-03-30T14:14:38.227+0000] {processor.py:925} INFO - DAG(s) 'latest_only_with_trigger' retrieved from /home/airflow/.local/lib/python3.12/site-packages/airflow/example_dags/example_latest_only_with_trigger.py
[2025-03-30T14:14:38.244+0000] {logging_mixin.py:190} INFO - [2025-03-30T14:14:38.244+0000] {dag.py:3239} INFO - Sync 1 DAGs
[2025-03-30T14:14:38.263+0000] {logging_mixin.py:190} INFO - [2025-03-30T14:14:38.263+0000] {dag.py:4180} INFO - Setting next_dagrun for latest_only_with_trigger to 2025-03-30 08:00:00+00:00, run_after=2025-03-30 12:00:00+00:00
[2025-03-30T14:14:38.278+0000] {processor.py:208} INFO - Processing /home/airflow/.local/lib/python3.12/site-packages/airflow/example_dags/example_latest_only_with_trigger.py took 0.067 seconds
[2025-03-30T14:15:08.365+0000] {processor.py:186} INFO - Started process (PID=2740) to work on /home/airflow/.local/lib/python3.12/site-packages/airflow/example_dags/example_latest_only_with_trigger.py
[2025-03-30T14:15:08.366+0000] {processor.py:914} INFO - Processing file /home/airflow/.local/lib/python3.12/site-packages/airflow/example_dags/example_latest_only_with_trigger.py for tasks to queue
[2025-03-30T14:15:08.367+0000] {logging_mixin.py:190} INFO - [2025-03-30T14:15:08.367+0000] {dagbag.py:588} INFO - Filling up the DagBag from /home/airflow/.local/lib/python3.12/site-packages/airflow/example_dags/example_latest_only_with_trigger.py
[2025-03-30T14:15:08.384+0000] {processor.py:925} INFO - DAG(s) 'latest_only_with_trigger' retrieved from /home/airflow/.local/lib/python3.12/site-packages/airflow/example_dags/example_latest_only_with_trigger.py
[2025-03-30T14:15:08.402+0000] {logging_mixin.py:190} INFO - [2025-03-30T14:15:08.402+0000] {dag.py:3239} INFO - Sync 1 DAGs
[2025-03-30T14:15:08.427+0000] {logging_mixin.py:190} INFO - [2025-03-30T14:15:08.427+0000] {dag.py:4180} INFO - Setting next_dagrun for latest_only_with_trigger to 2025-03-30 08:00:00+00:00, run_after=2025-03-30 12:00:00+00:00
[2025-03-30T14:15:08.468+0000] {processor.py:208} INFO - Processing /home/airflow/.local/lib/python3.12/site-packages/airflow/example_dags/example_latest_only_with_trigger.py took 0.112 seconds
[2025-03-30T14:15:38.724+0000] {processor.py:186} INFO - Started process (PID=2815) to work on /home/airflow/.local/lib/python3.12/site-packages/airflow/example_dags/example_latest_only_with_trigger.py
[2025-03-30T14:15:38.724+0000] {processor.py:914} INFO - Processing file /home/airflow/.local/lib/python3.12/site-packages/airflow/example_dags/example_latest_only_with_trigger.py for tasks to queue
[2025-03-30T14:15:38.725+0000] {logging_mixin.py:190} INFO - [2025-03-30T14:15:38.725+0000] {dagbag.py:588} INFO - Filling up the DagBag from /home/airflow/.local/lib/python3.12/site-packages/airflow/example_dags/example_latest_only_with_trigger.py
[2025-03-30T14:15:38.732+0000] {processor.py:925} INFO - DAG(s) 'latest_only_with_trigger' retrieved from /home/airflow/.local/lib/python3.12/site-packages/airflow/example_dags/example_latest_only_with_trigger.py
[2025-03-30T14:15:38.750+0000] {logging_mixin.py:190} INFO - [2025-03-30T14:15:38.750+0000] {dag.py:3239} INFO - Sync 1 DAGs
[2025-03-30T14:15:38.768+0000] {logging_mixin.py:190} INFO - [2025-03-30T14:15:38.768+0000] {dag.py:4180} INFO - Setting next_dagrun for latest_only_with_trigger to 2025-03-30 08:00:00+00:00, run_after=2025-03-30 12:00:00+00:00
[2025-03-30T14:15:38.783+0000] {processor.py:208} INFO - Processing /home/airflow/.local/lib/python3.12/site-packages/airflow/example_dags/example_latest_only_with_trigger.py took 0.067 seconds
[2025-03-30T14:16:09.412+0000] {processor.py:186} INFO - Started process (PID=2890) to work on /home/airflow/.local/lib/python3.12/site-packages/airflow/example_dags/example_latest_only_with_trigger.py
[2025-03-30T14:16:09.413+0000] {processor.py:914} INFO - Processing file /home/airflow/.local/lib/python3.12/site-packages/airflow/example_dags/example_latest_only_with_trigger.py for tasks to queue
[2025-03-30T14:16:09.414+0000] {logging_mixin.py:190} INFO - [2025-03-30T14:16:09.413+0000] {dagbag.py:588} INFO - Filling up the DagBag from /home/airflow/.local/lib/python3.12/site-packages/airflow/example_dags/example_latest_only_with_trigger.py
[2025-03-30T14:16:09.421+0000] {processor.py:925} INFO - DAG(s) 'latest_only_with_trigger' retrieved from /home/airflow/.local/lib/python3.12/site-packages/airflow/example_dags/example_latest_only_with_trigger.py
[2025-03-30T14:16:09.438+0000] {logging_mixin.py:190} INFO - [2025-03-30T14:16:09.438+0000] {dag.py:3239} INFO - Sync 1 DAGs
[2025-03-30T14:16:09.457+0000] {logging_mixin.py:190} INFO - [2025-03-30T14:16:09.457+0000] {dag.py:4180} INFO - Setting next_dagrun for latest_only_with_trigger to 2025-03-30 08:00:00+00:00, run_after=2025-03-30 12:00:00+00:00
[2025-03-30T14:16:09.476+0000] {processor.py:208} INFO - Processing /home/airflow/.local/lib/python3.12/site-packages/airflow/example_dags/example_latest_only_with_trigger.py took 0.071 seconds
[2025-03-30T14:16:39.694+0000] {processor.py:186} INFO - Started process (PID=2965) to work on /home/airflow/.local/lib/python3.12/site-packages/airflow/example_dags/example_latest_only_with_trigger.py
[2025-03-30T14:16:39.695+0000] {processor.py:914} INFO - Processing file /home/airflow/.local/lib/python3.12/site-packages/airflow/example_dags/example_latest_only_with_trigger.py for tasks to queue
[2025-03-30T14:16:39.697+0000] {logging_mixin.py:190} INFO - [2025-03-30T14:16:39.696+0000] {dagbag.py:588} INFO - Filling up the DagBag from /home/airflow/.local/lib/python3.12/site-packages/airflow/example_dags/example_latest_only_with_trigger.py
[2025-03-30T14:16:39.706+0000] {processor.py:925} INFO - DAG(s) 'latest_only_with_trigger' retrieved from /home/airflow/.local/lib/python3.12/site-packages/airflow/example_dags/example_latest_only_with_trigger.py
[2025-03-30T14:16:39.726+0000] {logging_mixin.py:190} INFO - [2025-03-30T14:16:39.726+0000] {dag.py:3239} INFO - Sync 1 DAGs
[2025-03-30T14:16:39.752+0000] {logging_mixin.py:190} INFO - [2025-03-30T14:16:39.752+0000] {dag.py:4180} INFO - Setting next_dagrun for latest_only_with_trigger to 2025-03-30 08:00:00+00:00, run_after=2025-03-30 12:00:00+00:00
[2025-03-30T14:16:39.770+0000] {processor.py:208} INFO - Processing /home/airflow/.local/lib/python3.12/site-packages/airflow/example_dags/example_latest_only_with_trigger.py took 0.087 seconds
[2025-03-30T14:17:09.969+0000] {processor.py:186} INFO - Started process (PID=3040) to work on /home/airflow/.local/lib/python3.12/site-packages/airflow/example_dags/example_latest_only_with_trigger.py
[2025-03-30T14:17:09.969+0000] {processor.py:914} INFO - Processing file /home/airflow/.local/lib/python3.12/site-packages/airflow/example_dags/example_latest_only_with_trigger.py for tasks to queue
[2025-03-30T14:17:09.971+0000] {logging_mixin.py:190} INFO - [2025-03-30T14:17:09.970+0000] {dagbag.py:588} INFO - Filling up the DagBag from /home/airflow/.local/lib/python3.12/site-packages/airflow/example_dags/example_latest_only_with_trigger.py
[2025-03-30T14:17:09.978+0000] {processor.py:925} INFO - DAG(s) 'latest_only_with_trigger' retrieved from /home/airflow/.local/lib/python3.12/site-packages/airflow/example_dags/example_latest_only_with_trigger.py
[2025-03-30T14:17:09.997+0000] {logging_mixin.py:190} INFO - [2025-03-30T14:17:09.997+0000] {dag.py:3239} INFO - Sync 1 DAGs
[2025-03-30T14:17:10.019+0000] {logging_mixin.py:190} INFO - [2025-03-30T14:17:10.019+0000] {dag.py:4180} INFO - Setting next_dagrun for latest_only_with_trigger to 2025-03-30 08:00:00+00:00, run_after=2025-03-30 12:00:00+00:00
[2025-03-30T14:17:10.033+0000] {processor.py:208} INFO - Processing /home/airflow/.local/lib/python3.12/site-packages/airflow/example_dags/example_latest_only_with_trigger.py took 0.073 seconds
[2025-03-30T14:17:40.470+0000] {processor.py:186} INFO - Started process (PID=3115) to work on /home/airflow/.local/lib/python3.12/site-packages/airflow/example_dags/example_latest_only_with_trigger.py
[2025-03-30T14:17:40.471+0000] {processor.py:914} INFO - Processing file /home/airflow/.local/lib/python3.12/site-packages/airflow/example_dags/example_latest_only_with_trigger.py for tasks to queue
[2025-03-30T14:17:40.472+0000] {logging_mixin.py:190} INFO - [2025-03-30T14:17:40.472+0000] {dagbag.py:588} INFO - Filling up the DagBag from /home/airflow/.local/lib/python3.12/site-packages/airflow/example_dags/example_latest_only_with_trigger.py
[2025-03-30T14:17:40.480+0000] {processor.py:925} INFO - DAG(s) 'latest_only_with_trigger' retrieved from /home/airflow/.local/lib/python3.12/site-packages/airflow/example_dags/example_latest_only_with_trigger.py
[2025-03-30T14:17:40.497+0000] {logging_mixin.py:190} INFO - [2025-03-30T14:17:40.497+0000] {dag.py:3239} INFO - Sync 1 DAGs
[2025-03-30T14:17:40.517+0000] {logging_mixin.py:190} INFO - [2025-03-30T14:17:40.517+0000] {dag.py:4180} INFO - Setting next_dagrun for latest_only_with_trigger to 2025-03-30 08:00:00+00:00, run_after=2025-03-30 12:00:00+00:00
[2025-03-30T14:17:40.531+0000] {processor.py:208} INFO - Processing /home/airflow/.local/lib/python3.12/site-packages/airflow/example_dags/example_latest_only_with_trigger.py took 0.069 seconds
[2025-03-30T14:18:12.585+0000] {processor.py:186} INFO - Started process (PID=3190) to work on /home/airflow/.local/lib/python3.12/site-packages/airflow/example_dags/example_latest_only_with_trigger.py
[2025-03-30T14:18:12.586+0000] {processor.py:914} INFO - Processing file /home/airflow/.local/lib/python3.12/site-packages/airflow/example_dags/example_latest_only_with_trigger.py for tasks to queue
[2025-03-30T14:18:12.587+0000] {logging_mixin.py:190} INFO - [2025-03-30T14:18:12.586+0000] {dagbag.py:588} INFO - Filling up the DagBag from /home/airflow/.local/lib/python3.12/site-packages/airflow/example_dags/example_latest_only_with_trigger.py
[2025-03-30T14:18:12.599+0000] {processor.py:925} INFO - DAG(s) 'latest_only_with_trigger' retrieved from /home/airflow/.local/lib/python3.12/site-packages/airflow/example_dags/example_latest_only_with_trigger.py
[2025-03-30T14:18:12.622+0000] {logging_mixin.py:190} INFO - [2025-03-30T14:18:12.622+0000] {dag.py:3239} INFO - Sync 1 DAGs
[2025-03-30T14:18:12.647+0000] {logging_mixin.py:190} INFO - [2025-03-30T14:18:12.647+0000] {dag.py:4180} INFO - Setting next_dagrun for latest_only_with_trigger to 2025-03-30 08:00:00+00:00, run_after=2025-03-30 12:00:00+00:00
[2025-03-30T14:18:12.665+0000] {processor.py:208} INFO - Processing /home/airflow/.local/lib/python3.12/site-packages/airflow/example_dags/example_latest_only_with_trigger.py took 0.090 seconds
