[2025-03-30T13:57:18.330+0000] {processor.py:186} INFO - Started process (PID=97) to work on /home/airflow/.local/lib/python3.12/site-packages/airflow/example_dags/example_sla_dag.py
[2025-03-30T13:57:18.331+0000] {processor.py:914} INFO - Processing file /home/airflow/.local/lib/python3.12/site-packages/airflow/example_dags/example_sla_dag.py for tasks to queue
[2025-03-30T13:57:18.333+0000] {logging_mixin.py:190} INFO - [2025-03-30T13:57:18.333+0000] {dagbag.py:588} INFO - Filling up the DagBag from /home/airflow/.local/lib/python3.12/site-packages/airflow/example_dags/example_sla_dag.py
[2025-03-30T13:57:18.345+0000] {processor.py:925} INFO - DAG(s) 'example_sla_dag' retrieved from /home/airflow/.local/lib/python3.12/site-packages/airflow/example_dags/example_sla_dag.py
[2025-03-30T13:57:18.364+0000] {logging_mixin.py:190} INFO - [2025-03-30T13:57:18.364+0000] {dag.py:3239} INFO - Sync 1 DAGs
[2025-03-30T13:57:18.391+0000] {logging_mixin.py:190} INFO - [2025-03-30T13:57:18.390+0000] {dag.py:4180} INFO - Setting next_dagrun for example_sla_dag to 2025-03-30 13:54:00+00:00, run_after=2025-03-30 13:56:00+00:00
[2025-03-30T13:57:18.407+0000] {processor.py:208} INFO - Processing /home/airflow/.local/lib/python3.12/site-packages/airflow/example_dags/example_sla_dag.py took 0.082 seconds
[2025-03-30T13:57:49.146+0000] {processor.py:186} INFO - Started process (PID=172) to work on /home/airflow/.local/lib/python3.12/site-packages/airflow/example_dags/example_sla_dag.py
[2025-03-30T13:57:49.147+0000] {processor.py:914} INFO - Processing file /home/airflow/.local/lib/python3.12/site-packages/airflow/example_dags/example_sla_dag.py for tasks to queue
[2025-03-30T13:57:49.150+0000] {logging_mixin.py:190} INFO - [2025-03-30T13:57:49.149+0000] {dagbag.py:588} INFO - Filling up the DagBag from /home/airflow/.local/lib/python3.12/site-packages/airflow/example_dags/example_sla_dag.py
[2025-03-30T13:57:49.160+0000] {processor.py:925} INFO - DAG(s) 'example_sla_dag' retrieved from /home/airflow/.local/lib/python3.12/site-packages/airflow/example_dags/example_sla_dag.py
[2025-03-30T13:57:49.180+0000] {logging_mixin.py:190} INFO - [2025-03-30T13:57:49.180+0000] {dag.py:3239} INFO - Sync 1 DAGs
[2025-03-30T13:57:49.208+0000] {logging_mixin.py:190} INFO - [2025-03-30T13:57:49.208+0000] {dag.py:4180} INFO - Setting next_dagrun for example_sla_dag to 2025-03-30 13:54:00+00:00, run_after=2025-03-30 13:56:00+00:00
[2025-03-30T13:57:49.517+0000] {processor.py:208} INFO - Processing /home/airflow/.local/lib/python3.12/site-packages/airflow/example_dags/example_sla_dag.py took 0.377 seconds
[2025-03-30T13:58:19.658+0000] {processor.py:186} INFO - Started process (PID=247) to work on /home/airflow/.local/lib/python3.12/site-packages/airflow/example_dags/example_sla_dag.py
[2025-03-30T13:58:19.659+0000] {processor.py:914} INFO - Processing file /home/airflow/.local/lib/python3.12/site-packages/airflow/example_dags/example_sla_dag.py for tasks to queue
[2025-03-30T13:58:19.661+0000] {logging_mixin.py:190} INFO - [2025-03-30T13:58:19.660+0000] {dagbag.py:588} INFO - Filling up the DagBag from /home/airflow/.local/lib/python3.12/site-packages/airflow/example_dags/example_sla_dag.py
[2025-03-30T13:58:19.669+0000] {processor.py:925} INFO - DAG(s) 'example_sla_dag' retrieved from /home/airflow/.local/lib/python3.12/site-packages/airflow/example_dags/example_sla_dag.py
[2025-03-30T13:58:19.685+0000] {logging_mixin.py:190} INFO - [2025-03-30T13:58:19.684+0000] {dag.py:3239} INFO - Sync 1 DAGs
[2025-03-30T13:58:19.705+0000] {logging_mixin.py:190} INFO - [2025-03-30T13:58:19.704+0000] {dag.py:4180} INFO - Setting next_dagrun for example_sla_dag to 2025-03-30 13:56:00+00:00, run_after=2025-03-30 13:58:00+00:00
[2025-03-30T13:58:19.718+0000] {processor.py:208} INFO - Processing /home/airflow/.local/lib/python3.12/site-packages/airflow/example_dags/example_sla_dag.py took 0.064 seconds
[2025-03-30T13:58:50.691+0000] {processor.py:186} INFO - Started process (PID=322) to work on /home/airflow/.local/lib/python3.12/site-packages/airflow/example_dags/example_sla_dag.py
[2025-03-30T13:58:50.692+0000] {processor.py:914} INFO - Processing file /home/airflow/.local/lib/python3.12/site-packages/airflow/example_dags/example_sla_dag.py for tasks to queue
[2025-03-30T13:58:50.693+0000] {logging_mixin.py:190} INFO - [2025-03-30T13:58:50.693+0000] {dagbag.py:588} INFO - Filling up the DagBag from /home/airflow/.local/lib/python3.12/site-packages/airflow/example_dags/example_sla_dag.py
[2025-03-30T13:58:50.702+0000] {processor.py:925} INFO - DAG(s) 'example_sla_dag' retrieved from /home/airflow/.local/lib/python3.12/site-packages/airflow/example_dags/example_sla_dag.py
[2025-03-30T13:58:50.718+0000] {logging_mixin.py:190} INFO - [2025-03-30T13:58:50.718+0000] {dag.py:3239} INFO - Sync 1 DAGs
[2025-03-30T13:58:50.739+0000] {logging_mixin.py:190} INFO - [2025-03-30T13:58:50.738+0000] {dag.py:4180} INFO - Setting next_dagrun for example_sla_dag to 2025-03-30 13:56:00+00:00, run_after=2025-03-30 13:58:00+00:00
[2025-03-30T13:58:50.751+0000] {processor.py:208} INFO - Processing /home/airflow/.local/lib/python3.12/site-packages/airflow/example_dags/example_sla_dag.py took 0.065 seconds
[2025-03-30T13:59:20.967+0000] {processor.py:186} INFO - Started process (PID=396) to work on /home/airflow/.local/lib/python3.12/site-packages/airflow/example_dags/example_sla_dag.py
[2025-03-30T13:59:20.968+0000] {processor.py:914} INFO - Processing file /home/airflow/.local/lib/python3.12/site-packages/airflow/example_dags/example_sla_dag.py for tasks to queue
[2025-03-30T13:59:20.970+0000] {logging_mixin.py:190} INFO - [2025-03-30T13:59:20.969+0000] {dagbag.py:588} INFO - Filling up the DagBag from /home/airflow/.local/lib/python3.12/site-packages/airflow/example_dags/example_sla_dag.py
[2025-03-30T13:59:20.979+0000] {processor.py:925} INFO - DAG(s) 'example_sla_dag' retrieved from /home/airflow/.local/lib/python3.12/site-packages/airflow/example_dags/example_sla_dag.py
[2025-03-30T13:59:20.997+0000] {logging_mixin.py:190} INFO - [2025-03-30T13:59:20.997+0000] {dag.py:3239} INFO - Sync 1 DAGs
[2025-03-30T13:59:21.021+0000] {logging_mixin.py:190} INFO - [2025-03-30T13:59:21.021+0000] {dag.py:4180} INFO - Setting next_dagrun for example_sla_dag to 2025-03-30 13:56:00+00:00, run_after=2025-03-30 13:58:00+00:00
[2025-03-30T13:59:21.033+0000] {processor.py:208} INFO - Processing /home/airflow/.local/lib/python3.12/site-packages/airflow/example_dags/example_sla_dag.py took 0.071 seconds
[2025-03-30T13:59:51.315+0000] {processor.py:186} INFO - Started process (PID=471) to work on /home/airflow/.local/lib/python3.12/site-packages/airflow/example_dags/example_sla_dag.py
[2025-03-30T13:59:51.316+0000] {processor.py:914} INFO - Processing file /home/airflow/.local/lib/python3.12/site-packages/airflow/example_dags/example_sla_dag.py for tasks to queue
[2025-03-30T13:59:51.318+0000] {logging_mixin.py:190} INFO - [2025-03-30T13:59:51.317+0000] {dagbag.py:588} INFO - Filling up the DagBag from /home/airflow/.local/lib/python3.12/site-packages/airflow/example_dags/example_sla_dag.py
[2025-03-30T13:59:51.327+0000] {processor.py:925} INFO - DAG(s) 'example_sla_dag' retrieved from /home/airflow/.local/lib/python3.12/site-packages/airflow/example_dags/example_sla_dag.py
[2025-03-30T13:59:51.345+0000] {logging_mixin.py:190} INFO - [2025-03-30T13:59:51.345+0000] {dag.py:3239} INFO - Sync 1 DAGs
[2025-03-30T13:59:51.366+0000] {logging_mixin.py:190} INFO - [2025-03-30T13:59:51.366+0000] {dag.py:4180} INFO - Setting next_dagrun for example_sla_dag to 2025-03-30 13:56:00+00:00, run_after=2025-03-30 13:58:00+00:00
[2025-03-30T13:59:51.386+0000] {processor.py:208} INFO - Processing /home/airflow/.local/lib/python3.12/site-packages/airflow/example_dags/example_sla_dag.py took 0.076 seconds
[2025-03-30T14:00:21.596+0000] {processor.py:186} INFO - Started process (PID=546) to work on /home/airflow/.local/lib/python3.12/site-packages/airflow/example_dags/example_sla_dag.py
[2025-03-30T14:00:21.597+0000] {processor.py:914} INFO - Processing file /home/airflow/.local/lib/python3.12/site-packages/airflow/example_dags/example_sla_dag.py for tasks to queue
[2025-03-30T14:00:21.599+0000] {logging_mixin.py:190} INFO - [2025-03-30T14:00:21.599+0000] {dagbag.py:588} INFO - Filling up the DagBag from /home/airflow/.local/lib/python3.12/site-packages/airflow/example_dags/example_sla_dag.py
[2025-03-30T14:00:21.608+0000] {processor.py:925} INFO - DAG(s) 'example_sla_dag' retrieved from /home/airflow/.local/lib/python3.12/site-packages/airflow/example_dags/example_sla_dag.py
[2025-03-30T14:00:21.626+0000] {logging_mixin.py:190} INFO - [2025-03-30T14:00:21.626+0000] {dag.py:3239} INFO - Sync 1 DAGs
[2025-03-30T14:00:21.647+0000] {logging_mixin.py:190} INFO - [2025-03-30T14:00:21.647+0000] {dag.py:4180} INFO - Setting next_dagrun for example_sla_dag to 2025-03-30 13:58:00+00:00, run_after=2025-03-30 14:00:00+00:00
[2025-03-30T14:00:21.661+0000] {processor.py:208} INFO - Processing /home/airflow/.local/lib/python3.12/site-packages/airflow/example_dags/example_sla_dag.py took 0.069 seconds
[2025-03-30T14:00:52.049+0000] {processor.py:186} INFO - Started process (PID=621) to work on /home/airflow/.local/lib/python3.12/site-packages/airflow/example_dags/example_sla_dag.py
[2025-03-30T14:00:52.050+0000] {processor.py:914} INFO - Processing file /home/airflow/.local/lib/python3.12/site-packages/airflow/example_dags/example_sla_dag.py for tasks to queue
[2025-03-30T14:00:52.052+0000] {logging_mixin.py:190} INFO - [2025-03-30T14:00:52.052+0000] {dagbag.py:588} INFO - Filling up the DagBag from /home/airflow/.local/lib/python3.12/site-packages/airflow/example_dags/example_sla_dag.py
[2025-03-30T14:00:52.061+0000] {processor.py:925} INFO - DAG(s) 'example_sla_dag' retrieved from /home/airflow/.local/lib/python3.12/site-packages/airflow/example_dags/example_sla_dag.py
[2025-03-30T14:00:52.080+0000] {logging_mixin.py:190} INFO - [2025-03-30T14:00:52.080+0000] {dag.py:3239} INFO - Sync 1 DAGs
[2025-03-30T14:00:52.101+0000] {logging_mixin.py:190} INFO - [2025-03-30T14:00:52.101+0000] {dag.py:4180} INFO - Setting next_dagrun for example_sla_dag to 2025-03-30 13:58:00+00:00, run_after=2025-03-30 14:00:00+00:00
[2025-03-30T14:00:52.118+0000] {processor.py:208} INFO - Processing /home/airflow/.local/lib/python3.12/site-packages/airflow/example_dags/example_sla_dag.py took 0.073 seconds
[2025-03-30T14:01:22.837+0000] {processor.py:186} INFO - Started process (PID=696) to work on /home/airflow/.local/lib/python3.12/site-packages/airflow/example_dags/example_sla_dag.py
[2025-03-30T14:01:22.837+0000] {processor.py:914} INFO - Processing file /home/airflow/.local/lib/python3.12/site-packages/airflow/example_dags/example_sla_dag.py for tasks to queue
[2025-03-30T14:01:22.839+0000] {logging_mixin.py:190} INFO - [2025-03-30T14:01:22.839+0000] {dagbag.py:588} INFO - Filling up the DagBag from /home/airflow/.local/lib/python3.12/site-packages/airflow/example_dags/example_sla_dag.py
[2025-03-30T14:01:22.848+0000] {processor.py:925} INFO - DAG(s) 'example_sla_dag' retrieved from /home/airflow/.local/lib/python3.12/site-packages/airflow/example_dags/example_sla_dag.py
[2025-03-30T14:01:22.865+0000] {logging_mixin.py:190} INFO - [2025-03-30T14:01:22.864+0000] {dag.py:3239} INFO - Sync 1 DAGs
[2025-03-30T14:01:22.885+0000] {logging_mixin.py:190} INFO - [2025-03-30T14:01:22.884+0000] {dag.py:4180} INFO - Setting next_dagrun for example_sla_dag to 2025-03-30 13:58:00+00:00, run_after=2025-03-30 14:00:00+00:00
[2025-03-30T14:01:22.901+0000] {processor.py:208} INFO - Processing /home/airflow/.local/lib/python3.12/site-packages/airflow/example_dags/example_sla_dag.py took 0.069 seconds
[2025-03-30T14:01:53.194+0000] {processor.py:186} INFO - Started process (PID=783) to work on /home/airflow/.local/lib/python3.12/site-packages/airflow/example_dags/example_sla_dag.py
[2025-03-30T14:01:53.195+0000] {processor.py:914} INFO - Processing file /home/airflow/.local/lib/python3.12/site-packages/airflow/example_dags/example_sla_dag.py for tasks to queue
[2025-03-30T14:01:53.197+0000] {logging_mixin.py:190} INFO - [2025-03-30T14:01:53.197+0000] {dagbag.py:588} INFO - Filling up the DagBag from /home/airflow/.local/lib/python3.12/site-packages/airflow/example_dags/example_sla_dag.py
[2025-03-30T14:01:53.207+0000] {processor.py:925} INFO - DAG(s) 'example_sla_dag' retrieved from /home/airflow/.local/lib/python3.12/site-packages/airflow/example_dags/example_sla_dag.py
[2025-03-30T14:01:53.228+0000] {logging_mixin.py:190} INFO - [2025-03-30T14:01:53.228+0000] {dag.py:3239} INFO - Sync 1 DAGs
[2025-03-30T14:01:53.253+0000] {logging_mixin.py:190} INFO - [2025-03-30T14:01:53.253+0000] {dag.py:4180} INFO - Setting next_dagrun for example_sla_dag to 2025-03-30 13:58:00+00:00, run_after=2025-03-30 14:00:00+00:00
[2025-03-30T14:01:53.281+0000] {processor.py:208} INFO - Processing /home/airflow/.local/lib/python3.12/site-packages/airflow/example_dags/example_sla_dag.py took 0.092 seconds
[2025-03-30T14:02:23.515+0000] {processor.py:186} INFO - Started process (PID=858) to work on /home/airflow/.local/lib/python3.12/site-packages/airflow/example_dags/example_sla_dag.py
[2025-03-30T14:02:23.516+0000] {processor.py:914} INFO - Processing file /home/airflow/.local/lib/python3.12/site-packages/airflow/example_dags/example_sla_dag.py for tasks to queue
[2025-03-30T14:02:23.518+0000] {logging_mixin.py:190} INFO - [2025-03-30T14:02:23.518+0000] {dagbag.py:588} INFO - Filling up the DagBag from /home/airflow/.local/lib/python3.12/site-packages/airflow/example_dags/example_sla_dag.py
[2025-03-30T14:02:23.529+0000] {processor.py:925} INFO - DAG(s) 'example_sla_dag' retrieved from /home/airflow/.local/lib/python3.12/site-packages/airflow/example_dags/example_sla_dag.py
[2025-03-30T14:02:23.551+0000] {logging_mixin.py:190} INFO - [2025-03-30T14:02:23.551+0000] {dag.py:3239} INFO - Sync 1 DAGs
[2025-03-30T14:02:23.581+0000] {logging_mixin.py:190} INFO - [2025-03-30T14:02:23.581+0000] {dag.py:4180} INFO - Setting next_dagrun for example_sla_dag to 2025-03-30 14:00:00+00:00, run_after=2025-03-30 14:02:00+00:00
[2025-03-30T14:02:23.604+0000] {processor.py:208} INFO - Processing /home/airflow/.local/lib/python3.12/site-packages/airflow/example_dags/example_sla_dag.py took 0.095 seconds
[2025-03-30T14:02:53.940+0000] {processor.py:186} INFO - Started process (PID=933) to work on /home/airflow/.local/lib/python3.12/site-packages/airflow/example_dags/example_sla_dag.py
[2025-03-30T14:02:53.942+0000] {processor.py:914} INFO - Processing file /home/airflow/.local/lib/python3.12/site-packages/airflow/example_dags/example_sla_dag.py for tasks to queue
[2025-03-30T14:02:53.944+0000] {logging_mixin.py:190} INFO - [2025-03-30T14:02:53.944+0000] {dagbag.py:588} INFO - Filling up the DagBag from /home/airflow/.local/lib/python3.12/site-packages/airflow/example_dags/example_sla_dag.py
[2025-03-30T14:02:53.952+0000] {processor.py:925} INFO - DAG(s) 'example_sla_dag' retrieved from /home/airflow/.local/lib/python3.12/site-packages/airflow/example_dags/example_sla_dag.py
[2025-03-30T14:02:53.969+0000] {logging_mixin.py:190} INFO - [2025-03-30T14:02:53.969+0000] {dag.py:3239} INFO - Sync 1 DAGs
[2025-03-30T14:02:53.992+0000] {logging_mixin.py:190} INFO - [2025-03-30T14:02:53.992+0000] {dag.py:4180} INFO - Setting next_dagrun for example_sla_dag to 2025-03-30 14:00:00+00:00, run_after=2025-03-30 14:02:00+00:00
[2025-03-30T14:02:54.006+0000] {processor.py:208} INFO - Processing /home/airflow/.local/lib/python3.12/site-packages/airflow/example_dags/example_sla_dag.py took 0.071 seconds
[2025-03-30T14:03:24.610+0000] {processor.py:186} INFO - Started process (PID=1008) to work on /home/airflow/.local/lib/python3.12/site-packages/airflow/example_dags/example_sla_dag.py
[2025-03-30T14:03:24.611+0000] {processor.py:914} INFO - Processing file /home/airflow/.local/lib/python3.12/site-packages/airflow/example_dags/example_sla_dag.py for tasks to queue
[2025-03-30T14:03:24.613+0000] {logging_mixin.py:190} INFO - [2025-03-30T14:03:24.613+0000] {dagbag.py:588} INFO - Filling up the DagBag from /home/airflow/.local/lib/python3.12/site-packages/airflow/example_dags/example_sla_dag.py
[2025-03-30T14:03:24.622+0000] {processor.py:925} INFO - DAG(s) 'example_sla_dag' retrieved from /home/airflow/.local/lib/python3.12/site-packages/airflow/example_dags/example_sla_dag.py
[2025-03-30T14:03:24.640+0000] {logging_mixin.py:190} INFO - [2025-03-30T14:03:24.640+0000] {dag.py:3239} INFO - Sync 1 DAGs
[2025-03-30T14:03:24.661+0000] {logging_mixin.py:190} INFO - [2025-03-30T14:03:24.661+0000] {dag.py:4180} INFO - Setting next_dagrun for example_sla_dag to 2025-03-30 14:00:00+00:00, run_after=2025-03-30 14:02:00+00:00
[2025-03-30T14:03:24.677+0000] {processor.py:208} INFO - Processing /home/airflow/.local/lib/python3.12/site-packages/airflow/example_dags/example_sla_dag.py took 0.072 seconds
[2025-03-30T14:03:55.857+0000] {processor.py:186} INFO - Started process (PID=1083) to work on /home/airflow/.local/lib/python3.12/site-packages/airflow/example_dags/example_sla_dag.py
[2025-03-30T14:03:55.858+0000] {processor.py:914} INFO - Processing file /home/airflow/.local/lib/python3.12/site-packages/airflow/example_dags/example_sla_dag.py for tasks to queue
[2025-03-30T14:03:55.860+0000] {logging_mixin.py:190} INFO - [2025-03-30T14:03:55.859+0000] {dagbag.py:588} INFO - Filling up the DagBag from /home/airflow/.local/lib/python3.12/site-packages/airflow/example_dags/example_sla_dag.py
[2025-03-30T14:03:55.868+0000] {processor.py:925} INFO - DAG(s) 'example_sla_dag' retrieved from /home/airflow/.local/lib/python3.12/site-packages/airflow/example_dags/example_sla_dag.py
[2025-03-30T14:03:55.883+0000] {logging_mixin.py:190} INFO - [2025-03-30T14:03:55.883+0000] {dag.py:3239} INFO - Sync 1 DAGs
[2025-03-30T14:03:55.902+0000] {logging_mixin.py:190} INFO - [2025-03-30T14:03:55.902+0000] {dag.py:4180} INFO - Setting next_dagrun for example_sla_dag to 2025-03-30 14:00:00+00:00, run_after=2025-03-30 14:02:00+00:00
[2025-03-30T14:03:55.916+0000] {processor.py:208} INFO - Processing /home/airflow/.local/lib/python3.12/site-packages/airflow/example_dags/example_sla_dag.py took 0.063 seconds
[2025-03-30T14:04:26.192+0000] {processor.py:186} INFO - Started process (PID=1146) to work on /home/airflow/.local/lib/python3.12/site-packages/airflow/example_dags/example_sla_dag.py
[2025-03-30T14:04:26.193+0000] {processor.py:914} INFO - Processing file /home/airflow/.local/lib/python3.12/site-packages/airflow/example_dags/example_sla_dag.py for tasks to queue
[2025-03-30T14:04:26.195+0000] {logging_mixin.py:190} INFO - [2025-03-30T14:04:26.194+0000] {dagbag.py:588} INFO - Filling up the DagBag from /home/airflow/.local/lib/python3.12/site-packages/airflow/example_dags/example_sla_dag.py
[2025-03-30T14:04:26.203+0000] {processor.py:925} INFO - DAG(s) 'example_sla_dag' retrieved from /home/airflow/.local/lib/python3.12/site-packages/airflow/example_dags/example_sla_dag.py
[2025-03-30T14:04:26.217+0000] {logging_mixin.py:190} INFO - [2025-03-30T14:04:26.217+0000] {dag.py:3239} INFO - Sync 1 DAGs
[2025-03-30T14:04:26.236+0000] {logging_mixin.py:190} INFO - [2025-03-30T14:04:26.236+0000] {dag.py:4180} INFO - Setting next_dagrun for example_sla_dag to 2025-03-30 14:02:00+00:00, run_after=2025-03-30 14:04:00+00:00
[2025-03-30T14:04:26.255+0000] {processor.py:208} INFO - Processing /home/airflow/.local/lib/python3.12/site-packages/airflow/example_dags/example_sla_dag.py took 0.067 seconds
[2025-03-30T14:04:56.458+0000] {processor.py:186} INFO - Started process (PID=1233) to work on /home/airflow/.local/lib/python3.12/site-packages/airflow/example_dags/example_sla_dag.py
[2025-03-30T14:04:56.460+0000] {processor.py:914} INFO - Processing file /home/airflow/.local/lib/python3.12/site-packages/airflow/example_dags/example_sla_dag.py for tasks to queue
[2025-03-30T14:04:56.463+0000] {logging_mixin.py:190} INFO - [2025-03-30T14:04:56.462+0000] {dagbag.py:588} INFO - Filling up the DagBag from /home/airflow/.local/lib/python3.12/site-packages/airflow/example_dags/example_sla_dag.py
[2025-03-30T14:04:56.477+0000] {processor.py:925} INFO - DAG(s) 'example_sla_dag' retrieved from /home/airflow/.local/lib/python3.12/site-packages/airflow/example_dags/example_sla_dag.py
[2025-03-30T14:04:56.502+0000] {logging_mixin.py:190} INFO - [2025-03-30T14:04:56.502+0000] {dag.py:3239} INFO - Sync 1 DAGs
[2025-03-30T14:04:56.534+0000] {logging_mixin.py:190} INFO - [2025-03-30T14:04:56.534+0000] {dag.py:4180} INFO - Setting next_dagrun for example_sla_dag to 2025-03-30 14:02:00+00:00, run_after=2025-03-30 14:04:00+00:00
[2025-03-30T14:04:56.566+0000] {processor.py:208} INFO - Processing /home/airflow/.local/lib/python3.12/site-packages/airflow/example_dags/example_sla_dag.py took 0.114 seconds
[2025-03-30T14:05:26.630+0000] {processor.py:186} INFO - Started process (PID=1308) to work on /home/airflow/.local/lib/python3.12/site-packages/airflow/example_dags/example_sla_dag.py
[2025-03-30T14:05:26.631+0000] {processor.py:914} INFO - Processing file /home/airflow/.local/lib/python3.12/site-packages/airflow/example_dags/example_sla_dag.py for tasks to queue
[2025-03-30T14:05:26.634+0000] {logging_mixin.py:190} INFO - [2025-03-30T14:05:26.634+0000] {dagbag.py:588} INFO - Filling up the DagBag from /home/airflow/.local/lib/python3.12/site-packages/airflow/example_dags/example_sla_dag.py
[2025-03-30T14:05:26.644+0000] {processor.py:925} INFO - DAG(s) 'example_sla_dag' retrieved from /home/airflow/.local/lib/python3.12/site-packages/airflow/example_dags/example_sla_dag.py
[2025-03-30T14:05:26.664+0000] {logging_mixin.py:190} INFO - [2025-03-30T14:05:26.664+0000] {dag.py:3239} INFO - Sync 1 DAGs
[2025-03-30T14:05:26.690+0000] {logging_mixin.py:190} INFO - [2025-03-30T14:05:26.690+0000] {dag.py:4180} INFO - Setting next_dagrun for example_sla_dag to 2025-03-30 14:02:00+00:00, run_after=2025-03-30 14:04:00+00:00
[2025-03-30T14:05:26.710+0000] {processor.py:208} INFO - Processing /home/airflow/.local/lib/python3.12/site-packages/airflow/example_dags/example_sla_dag.py took 0.085 seconds
[2025-03-30T14:05:57.414+0000] {processor.py:186} INFO - Started process (PID=1383) to work on /home/airflow/.local/lib/python3.12/site-packages/airflow/example_dags/example_sla_dag.py
[2025-03-30T14:05:57.415+0000] {processor.py:914} INFO - Processing file /home/airflow/.local/lib/python3.12/site-packages/airflow/example_dags/example_sla_dag.py for tasks to queue
[2025-03-30T14:05:57.417+0000] {logging_mixin.py:190} INFO - [2025-03-30T14:05:57.417+0000] {dagbag.py:588} INFO - Filling up the DagBag from /home/airflow/.local/lib/python3.12/site-packages/airflow/example_dags/example_sla_dag.py
[2025-03-30T14:05:57.426+0000] {processor.py:925} INFO - DAG(s) 'example_sla_dag' retrieved from /home/airflow/.local/lib/python3.12/site-packages/airflow/example_dags/example_sla_dag.py
[2025-03-30T14:05:57.444+0000] {logging_mixin.py:190} INFO - [2025-03-30T14:05:57.444+0000] {dag.py:3239} INFO - Sync 1 DAGs
[2025-03-30T14:05:57.465+0000] {logging_mixin.py:190} INFO - [2025-03-30T14:05:57.465+0000] {dag.py:4180} INFO - Setting next_dagrun for example_sla_dag to 2025-03-30 14:02:00+00:00, run_after=2025-03-30 14:04:00+00:00
[2025-03-30T14:05:57.484+0000] {processor.py:208} INFO - Processing /home/airflow/.local/lib/python3.12/site-packages/airflow/example_dags/example_sla_dag.py took 0.075 seconds
[2025-03-30T14:06:27.696+0000] {processor.py:186} INFO - Started process (PID=1458) to work on /home/airflow/.local/lib/python3.12/site-packages/airflow/example_dags/example_sla_dag.py
[2025-03-30T14:06:27.697+0000] {processor.py:914} INFO - Processing file /home/airflow/.local/lib/python3.12/site-packages/airflow/example_dags/example_sla_dag.py for tasks to queue
[2025-03-30T14:06:27.698+0000] {logging_mixin.py:190} INFO - [2025-03-30T14:06:27.698+0000] {dagbag.py:588} INFO - Filling up the DagBag from /home/airflow/.local/lib/python3.12/site-packages/airflow/example_dags/example_sla_dag.py
[2025-03-30T14:06:27.707+0000] {processor.py:925} INFO - DAG(s) 'example_sla_dag' retrieved from /home/airflow/.local/lib/python3.12/site-packages/airflow/example_dags/example_sla_dag.py
[2025-03-30T14:06:27.725+0000] {logging_mixin.py:190} INFO - [2025-03-30T14:06:27.724+0000] {dag.py:3239} INFO - Sync 1 DAGs
[2025-03-30T14:06:27.747+0000] {logging_mixin.py:190} INFO - [2025-03-30T14:06:27.746+0000] {dag.py:4180} INFO - Setting next_dagrun for example_sla_dag to 2025-03-30 14:04:00+00:00, run_after=2025-03-30 14:06:00+00:00
[2025-03-30T14:06:27.763+0000] {processor.py:208} INFO - Processing /home/airflow/.local/lib/python3.12/site-packages/airflow/example_dags/example_sla_dag.py took 0.072 seconds
[2025-03-30T14:06:58.620+0000] {processor.py:186} INFO - Started process (PID=1555) to work on /home/airflow/.local/lib/python3.12/site-packages/airflow/example_dags/example_sla_dag.py
[2025-03-30T14:06:58.621+0000] {processor.py:914} INFO - Processing file /home/airflow/.local/lib/python3.12/site-packages/airflow/example_dags/example_sla_dag.py for tasks to queue
[2025-03-30T14:06:58.622+0000] {logging_mixin.py:190} INFO - [2025-03-30T14:06:58.622+0000] {dagbag.py:588} INFO - Filling up the DagBag from /home/airflow/.local/lib/python3.12/site-packages/airflow/example_dags/example_sla_dag.py
[2025-03-30T14:06:58.631+0000] {processor.py:925} INFO - DAG(s) 'example_sla_dag' retrieved from /home/airflow/.local/lib/python3.12/site-packages/airflow/example_dags/example_sla_dag.py
[2025-03-30T14:06:58.647+0000] {logging_mixin.py:190} INFO - [2025-03-30T14:06:58.647+0000] {dag.py:3239} INFO - Sync 1 DAGs
[2025-03-30T14:06:58.668+0000] {logging_mixin.py:190} INFO - [2025-03-30T14:06:58.668+0000] {dag.py:4180} INFO - Setting next_dagrun for example_sla_dag to 2025-03-30 14:04:00+00:00, run_after=2025-03-30 14:06:00+00:00
[2025-03-30T14:06:58.682+0000] {processor.py:208} INFO - Processing /home/airflow/.local/lib/python3.12/site-packages/airflow/example_dags/example_sla_dag.py took 0.068 seconds
[2025-03-30T14:07:28.748+0000] {processor.py:186} INFO - Started process (PID=1630) to work on /home/airflow/.local/lib/python3.12/site-packages/airflow/example_dags/example_sla_dag.py
[2025-03-30T14:07:28.749+0000] {processor.py:914} INFO - Processing file /home/airflow/.local/lib/python3.12/site-packages/airflow/example_dags/example_sla_dag.py for tasks to queue
[2025-03-30T14:07:28.750+0000] {logging_mixin.py:190} INFO - [2025-03-30T14:07:28.749+0000] {dagbag.py:588} INFO - Filling up the DagBag from /home/airflow/.local/lib/python3.12/site-packages/airflow/example_dags/example_sla_dag.py
[2025-03-30T14:07:28.758+0000] {processor.py:925} INFO - DAG(s) 'example_sla_dag' retrieved from /home/airflow/.local/lib/python3.12/site-packages/airflow/example_dags/example_sla_dag.py
[2025-03-30T14:07:28.774+0000] {logging_mixin.py:190} INFO - [2025-03-30T14:07:28.773+0000] {dag.py:3239} INFO - Sync 1 DAGs
[2025-03-30T14:07:28.796+0000] {logging_mixin.py:190} INFO - [2025-03-30T14:07:28.795+0000] {dag.py:4180} INFO - Setting next_dagrun for example_sla_dag to 2025-03-30 14:04:00+00:00, run_after=2025-03-30 14:06:00+00:00
[2025-03-30T14:07:28.811+0000] {processor.py:208} INFO - Processing /home/airflow/.local/lib/python3.12/site-packages/airflow/example_dags/example_sla_dag.py took 0.071 seconds
[2025-03-30T14:07:59.397+0000] {processor.py:186} INFO - Started process (PID=1705) to work on /home/airflow/.local/lib/python3.12/site-packages/airflow/example_dags/example_sla_dag.py
[2025-03-30T14:07:59.398+0000] {processor.py:914} INFO - Processing file /home/airflow/.local/lib/python3.12/site-packages/airflow/example_dags/example_sla_dag.py for tasks to queue
[2025-03-30T14:07:59.400+0000] {logging_mixin.py:190} INFO - [2025-03-30T14:07:59.399+0000] {dagbag.py:588} INFO - Filling up the DagBag from /home/airflow/.local/lib/python3.12/site-packages/airflow/example_dags/example_sla_dag.py
[2025-03-30T14:07:59.412+0000] {processor.py:925} INFO - DAG(s) 'example_sla_dag' retrieved from /home/airflow/.local/lib/python3.12/site-packages/airflow/example_dags/example_sla_dag.py
[2025-03-30T14:07:59.436+0000] {logging_mixin.py:190} INFO - [2025-03-30T14:07:59.436+0000] {dag.py:3239} INFO - Sync 1 DAGs
[2025-03-30T14:07:59.471+0000] {logging_mixin.py:190} INFO - [2025-03-30T14:07:59.470+0000] {dag.py:4180} INFO - Setting next_dagrun for example_sla_dag to 2025-03-30 14:04:00+00:00, run_after=2025-03-30 14:06:00+00:00
[2025-03-30T14:07:59.499+0000] {processor.py:208} INFO - Processing /home/airflow/.local/lib/python3.12/site-packages/airflow/example_dags/example_sla_dag.py took 0.113 seconds
[2025-03-30T14:08:30.182+0000] {processor.py:186} INFO - Started process (PID=1780) to work on /home/airflow/.local/lib/python3.12/site-packages/airflow/example_dags/example_sla_dag.py
[2025-03-30T14:08:30.185+0000] {processor.py:914} INFO - Processing file /home/airflow/.local/lib/python3.12/site-packages/airflow/example_dags/example_sla_dag.py for tasks to queue
[2025-03-30T14:08:30.192+0000] {logging_mixin.py:190} INFO - [2025-03-30T14:08:30.191+0000] {dagbag.py:588} INFO - Filling up the DagBag from /home/airflow/.local/lib/python3.12/site-packages/airflow/example_dags/example_sla_dag.py
[2025-03-30T14:08:30.211+0000] {processor.py:925} INFO - DAG(s) 'example_sla_dag' retrieved from /home/airflow/.local/lib/python3.12/site-packages/airflow/example_dags/example_sla_dag.py
[2025-03-30T14:08:30.247+0000] {logging_mixin.py:190} INFO - [2025-03-30T14:08:30.247+0000] {dag.py:3239} INFO - Sync 1 DAGs
[2025-03-30T14:08:30.287+0000] {logging_mixin.py:190} INFO - [2025-03-30T14:08:30.287+0000] {dag.py:4180} INFO - Setting next_dagrun for example_sla_dag to 2025-03-30 14:06:00+00:00, run_after=2025-03-30 14:08:00+00:00
[2025-03-30T14:08:30.310+0000] {processor.py:208} INFO - Processing /home/airflow/.local/lib/python3.12/site-packages/airflow/example_dags/example_sla_dag.py took 0.141 seconds
[2025-03-30T14:09:00.580+0000] {processor.py:186} INFO - Started process (PID=1855) to work on /home/airflow/.local/lib/python3.12/site-packages/airflow/example_dags/example_sla_dag.py
[2025-03-30T14:09:00.581+0000] {processor.py:914} INFO - Processing file /home/airflow/.local/lib/python3.12/site-packages/airflow/example_dags/example_sla_dag.py for tasks to queue
[2025-03-30T14:09:00.583+0000] {logging_mixin.py:190} INFO - [2025-03-30T14:09:00.582+0000] {dagbag.py:588} INFO - Filling up the DagBag from /home/airflow/.local/lib/python3.12/site-packages/airflow/example_dags/example_sla_dag.py
[2025-03-30T14:09:00.592+0000] {processor.py:925} INFO - DAG(s) 'example_sla_dag' retrieved from /home/airflow/.local/lib/python3.12/site-packages/airflow/example_dags/example_sla_dag.py
[2025-03-30T14:09:00.608+0000] {logging_mixin.py:190} INFO - [2025-03-30T14:09:00.608+0000] {dag.py:3239} INFO - Sync 1 DAGs
[2025-03-30T14:09:00.631+0000] {logging_mixin.py:190} INFO - [2025-03-30T14:09:00.631+0000] {dag.py:4180} INFO - Setting next_dagrun for example_sla_dag to 2025-03-30 14:06:00+00:00, run_after=2025-03-30 14:08:00+00:00
[2025-03-30T14:09:00.645+0000] {processor.py:208} INFO - Processing /home/airflow/.local/lib/python3.12/site-packages/airflow/example_dags/example_sla_dag.py took 0.072 seconds
[2025-03-30T14:09:31.620+0000] {processor.py:186} INFO - Started process (PID=1930) to work on /home/airflow/.local/lib/python3.12/site-packages/airflow/example_dags/example_sla_dag.py
[2025-03-30T14:09:31.621+0000] {processor.py:914} INFO - Processing file /home/airflow/.local/lib/python3.12/site-packages/airflow/example_dags/example_sla_dag.py for tasks to queue
[2025-03-30T14:09:31.622+0000] {logging_mixin.py:190} INFO - [2025-03-30T14:09:31.622+0000] {dagbag.py:588} INFO - Filling up the DagBag from /home/airflow/.local/lib/python3.12/site-packages/airflow/example_dags/example_sla_dag.py
[2025-03-30T14:09:31.631+0000] {processor.py:925} INFO - DAG(s) 'example_sla_dag' retrieved from /home/airflow/.local/lib/python3.12/site-packages/airflow/example_dags/example_sla_dag.py
[2025-03-30T14:09:31.649+0000] {logging_mixin.py:190} INFO - [2025-03-30T14:09:31.648+0000] {dag.py:3239} INFO - Sync 1 DAGs
[2025-03-30T14:09:31.671+0000] {logging_mixin.py:190} INFO - [2025-03-30T14:09:31.671+0000] {dag.py:4180} INFO - Setting next_dagrun for example_sla_dag to 2025-03-30 14:06:00+00:00, run_after=2025-03-30 14:08:00+00:00
[2025-03-30T14:09:31.687+0000] {processor.py:208} INFO - Processing /home/airflow/.local/lib/python3.12/site-packages/airflow/example_dags/example_sla_dag.py took 0.074 seconds
[2025-03-30T14:10:03.342+0000] {processor.py:186} INFO - Started process (PID=2005) to work on /home/airflow/.local/lib/python3.12/site-packages/airflow/example_dags/example_sla_dag.py
[2025-03-30T14:10:03.343+0000] {processor.py:914} INFO - Processing file /home/airflow/.local/lib/python3.12/site-packages/airflow/example_dags/example_sla_dag.py for tasks to queue
[2025-03-30T14:10:03.346+0000] {logging_mixin.py:190} INFO - [2025-03-30T14:10:03.345+0000] {dagbag.py:588} INFO - Filling up the DagBag from /home/airflow/.local/lib/python3.12/site-packages/airflow/example_dags/example_sla_dag.py
[2025-03-30T14:10:03.359+0000] {processor.py:925} INFO - DAG(s) 'example_sla_dag' retrieved from /home/airflow/.local/lib/python3.12/site-packages/airflow/example_dags/example_sla_dag.py
[2025-03-30T14:10:03.395+0000] {logging_mixin.py:190} INFO - [2025-03-30T14:10:03.395+0000] {dag.py:3239} INFO - Sync 1 DAGs
[2025-03-30T14:10:03.440+0000] {logging_mixin.py:190} INFO - [2025-03-30T14:10:03.440+0000] {dag.py:4180} INFO - Setting next_dagrun for example_sla_dag to 2025-03-30 14:08:00+00:00, run_after=2025-03-30 14:10:00+00:00
[2025-03-30T14:10:03.478+0000] {processor.py:208} INFO - Processing /home/airflow/.local/lib/python3.12/site-packages/airflow/example_dags/example_sla_dag.py took 0.148 seconds
[2025-03-30T14:10:33.779+0000] {processor.py:186} INFO - Started process (PID=2068) to work on /home/airflow/.local/lib/python3.12/site-packages/airflow/example_dags/example_sla_dag.py
[2025-03-30T14:10:33.780+0000] {processor.py:914} INFO - Processing file /home/airflow/.local/lib/python3.12/site-packages/airflow/example_dags/example_sla_dag.py for tasks to queue
[2025-03-30T14:10:33.781+0000] {logging_mixin.py:190} INFO - [2025-03-30T14:10:33.781+0000] {dagbag.py:588} INFO - Filling up the DagBag from /home/airflow/.local/lib/python3.12/site-packages/airflow/example_dags/example_sla_dag.py
[2025-03-30T14:10:33.791+0000] {processor.py:925} INFO - DAG(s) 'example_sla_dag' retrieved from /home/airflow/.local/lib/python3.12/site-packages/airflow/example_dags/example_sla_dag.py
[2025-03-30T14:10:33.811+0000] {logging_mixin.py:190} INFO - [2025-03-30T14:10:33.811+0000] {dag.py:3239} INFO - Sync 1 DAGs
[2025-03-30T14:10:33.840+0000] {logging_mixin.py:190} INFO - [2025-03-30T14:10:33.840+0000] {dag.py:4180} INFO - Setting next_dagrun for example_sla_dag to 2025-03-30 14:08:00+00:00, run_after=2025-03-30 14:10:00+00:00
[2025-03-30T14:10:33.861+0000] {processor.py:208} INFO - Processing /home/airflow/.local/lib/python3.12/site-packages/airflow/example_dags/example_sla_dag.py took 0.091 seconds
[2025-03-30T14:11:04.315+0000] {processor.py:186} INFO - Started process (PID=2143) to work on /home/airflow/.local/lib/python3.12/site-packages/airflow/example_dags/example_sla_dag.py
[2025-03-30T14:11:04.317+0000] {processor.py:914} INFO - Processing file /home/airflow/.local/lib/python3.12/site-packages/airflow/example_dags/example_sla_dag.py for tasks to queue
[2025-03-30T14:11:04.321+0000] {logging_mixin.py:190} INFO - [2025-03-30T14:11:04.320+0000] {dagbag.py:588} INFO - Filling up the DagBag from /home/airflow/.local/lib/python3.12/site-packages/airflow/example_dags/example_sla_dag.py
[2025-03-30T14:11:04.345+0000] {processor.py:925} INFO - DAG(s) 'example_sla_dag' retrieved from /home/airflow/.local/lib/python3.12/site-packages/airflow/example_dags/example_sla_dag.py
[2025-03-30T14:11:04.395+0000] {logging_mixin.py:190} INFO - [2025-03-30T14:11:04.395+0000] {dag.py:3239} INFO - Sync 1 DAGs
[2025-03-30T14:11:04.450+0000] {logging_mixin.py:190} INFO - [2025-03-30T14:11:04.450+0000] {dag.py:4180} INFO - Setting next_dagrun for example_sla_dag to 2025-03-30 14:08:00+00:00, run_after=2025-03-30 14:10:00+00:00
[2025-03-30T14:11:04.474+0000] {processor.py:208} INFO - Processing /home/airflow/.local/lib/python3.12/site-packages/airflow/example_dags/example_sla_dag.py took 0.175 seconds
[2025-03-30T14:11:34.866+0000] {processor.py:186} INFO - Started process (PID=2218) to work on /home/airflow/.local/lib/python3.12/site-packages/airflow/example_dags/example_sla_dag.py
[2025-03-30T14:11:34.867+0000] {processor.py:914} INFO - Processing file /home/airflow/.local/lib/python3.12/site-packages/airflow/example_dags/example_sla_dag.py for tasks to queue
[2025-03-30T14:11:34.869+0000] {logging_mixin.py:190} INFO - [2025-03-30T14:11:34.868+0000] {dagbag.py:588} INFO - Filling up the DagBag from /home/airflow/.local/lib/python3.12/site-packages/airflow/example_dags/example_sla_dag.py
[2025-03-30T14:11:34.880+0000] {processor.py:925} INFO - DAG(s) 'example_sla_dag' retrieved from /home/airflow/.local/lib/python3.12/site-packages/airflow/example_dags/example_sla_dag.py
[2025-03-30T14:11:34.902+0000] {logging_mixin.py:190} INFO - [2025-03-30T14:11:34.901+0000] {dag.py:3239} INFO - Sync 1 DAGs
[2025-03-30T14:11:34.928+0000] {logging_mixin.py:190} INFO - [2025-03-30T14:11:34.928+0000] {dag.py:4180} INFO - Setting next_dagrun for example_sla_dag to 2025-03-30 14:08:00+00:00, run_after=2025-03-30 14:10:00+00:00
[2025-03-30T14:11:34.946+0000] {processor.py:208} INFO - Processing /home/airflow/.local/lib/python3.12/site-packages/airflow/example_dags/example_sla_dag.py took 0.089 seconds
[2025-03-30T14:12:05.950+0000] {processor.py:186} INFO - Started process (PID=2293) to work on /home/airflow/.local/lib/python3.12/site-packages/airflow/example_dags/example_sla_dag.py
[2025-03-30T14:12:05.951+0000] {processor.py:914} INFO - Processing file /home/airflow/.local/lib/python3.12/site-packages/airflow/example_dags/example_sla_dag.py for tasks to queue
[2025-03-30T14:12:05.952+0000] {logging_mixin.py:190} INFO - [2025-03-30T14:12:05.952+0000] {dagbag.py:588} INFO - Filling up the DagBag from /home/airflow/.local/lib/python3.12/site-packages/airflow/example_dags/example_sla_dag.py
[2025-03-30T14:12:05.966+0000] {processor.py:925} INFO - DAG(s) 'example_sla_dag' retrieved from /home/airflow/.local/lib/python3.12/site-packages/airflow/example_dags/example_sla_dag.py
[2025-03-30T14:12:05.999+0000] {logging_mixin.py:190} INFO - [2025-03-30T14:12:05.999+0000] {dag.py:3239} INFO - Sync 1 DAGs
[2025-03-30T14:12:06.097+0000] {logging_mixin.py:190} INFO - [2025-03-30T14:12:06.096+0000] {dag.py:4180} INFO - Setting next_dagrun for example_sla_dag to 2025-03-30 14:10:00+00:00, run_after=2025-03-30 14:12:00+00:00
[2025-03-30T14:12:06.121+0000] {processor.py:208} INFO - Processing /home/airflow/.local/lib/python3.12/site-packages/airflow/example_dags/example_sla_dag.py took 0.184 seconds
[2025-03-30T14:12:36.178+0000] {processor.py:186} INFO - Started process (PID=2368) to work on /home/airflow/.local/lib/python3.12/site-packages/airflow/example_dags/example_sla_dag.py
[2025-03-30T14:12:36.179+0000] {processor.py:914} INFO - Processing file /home/airflow/.local/lib/python3.12/site-packages/airflow/example_dags/example_sla_dag.py for tasks to queue
[2025-03-30T14:12:36.180+0000] {logging_mixin.py:190} INFO - [2025-03-30T14:12:36.179+0000] {dagbag.py:588} INFO - Filling up the DagBag from /home/airflow/.local/lib/python3.12/site-packages/airflow/example_dags/example_sla_dag.py
[2025-03-30T14:12:36.189+0000] {processor.py:925} INFO - DAG(s) 'example_sla_dag' retrieved from /home/airflow/.local/lib/python3.12/site-packages/airflow/example_dags/example_sla_dag.py
[2025-03-30T14:12:36.207+0000] {logging_mixin.py:190} INFO - [2025-03-30T14:12:36.207+0000] {dag.py:3239} INFO - Sync 1 DAGs
[2025-03-30T14:12:36.231+0000] {logging_mixin.py:190} INFO - [2025-03-30T14:12:36.231+0000] {dag.py:4180} INFO - Setting next_dagrun for example_sla_dag to 2025-03-30 14:10:00+00:00, run_after=2025-03-30 14:12:00+00:00
[2025-03-30T14:12:36.248+0000] {processor.py:208} INFO - Processing /home/airflow/.local/lib/python3.12/site-packages/airflow/example_dags/example_sla_dag.py took 0.079 seconds
[2025-03-30T14:13:06.642+0000] {processor.py:186} INFO - Started process (PID=2443) to work on /home/airflow/.local/lib/python3.12/site-packages/airflow/example_dags/example_sla_dag.py
[2025-03-30T14:13:06.643+0000] {processor.py:914} INFO - Processing file /home/airflow/.local/lib/python3.12/site-packages/airflow/example_dags/example_sla_dag.py for tasks to queue
[2025-03-30T14:13:06.644+0000] {logging_mixin.py:190} INFO - [2025-03-30T14:13:06.643+0000] {dagbag.py:588} INFO - Filling up the DagBag from /home/airflow/.local/lib/python3.12/site-packages/airflow/example_dags/example_sla_dag.py
[2025-03-30T14:13:06.656+0000] {processor.py:925} INFO - DAG(s) 'example_sla_dag' retrieved from /home/airflow/.local/lib/python3.12/site-packages/airflow/example_dags/example_sla_dag.py
[2025-03-30T14:13:06.681+0000] {logging_mixin.py:190} INFO - [2025-03-30T14:13:06.681+0000] {dag.py:3239} INFO - Sync 1 DAGs
[2025-03-30T14:13:06.709+0000] {logging_mixin.py:190} INFO - [2025-03-30T14:13:06.708+0000] {dag.py:4180} INFO - Setting next_dagrun for example_sla_dag to 2025-03-30 14:10:00+00:00, run_after=2025-03-30 14:12:00+00:00
[2025-03-30T14:13:06.726+0000] {processor.py:208} INFO - Processing /home/airflow/.local/lib/python3.12/site-packages/airflow/example_dags/example_sla_dag.py took 0.094 seconds
[2025-03-30T14:13:36.766+0000] {processor.py:186} INFO - Started process (PID=2518) to work on /home/airflow/.local/lib/python3.12/site-packages/airflow/example_dags/example_sla_dag.py
[2025-03-30T14:13:36.767+0000] {processor.py:914} INFO - Processing file /home/airflow/.local/lib/python3.12/site-packages/airflow/example_dags/example_sla_dag.py for tasks to queue
[2025-03-30T14:13:36.768+0000] {logging_mixin.py:190} INFO - [2025-03-30T14:13:36.767+0000] {dagbag.py:588} INFO - Filling up the DagBag from /home/airflow/.local/lib/python3.12/site-packages/airflow/example_dags/example_sla_dag.py
[2025-03-30T14:13:36.777+0000] {processor.py:925} INFO - DAG(s) 'example_sla_dag' retrieved from /home/airflow/.local/lib/python3.12/site-packages/airflow/example_dags/example_sla_dag.py
[2025-03-30T14:13:36.793+0000] {logging_mixin.py:190} INFO - [2025-03-30T14:13:36.793+0000] {dag.py:3239} INFO - Sync 1 DAGs
[2025-03-30T14:13:36.816+0000] {logging_mixin.py:190} INFO - [2025-03-30T14:13:36.816+0000] {dag.py:4180} INFO - Setting next_dagrun for example_sla_dag to 2025-03-30 14:10:00+00:00, run_after=2025-03-30 14:12:00+00:00
[2025-03-30T14:13:36.831+0000] {processor.py:208} INFO - Processing /home/airflow/.local/lib/python3.12/site-packages/airflow/example_dags/example_sla_dag.py took 0.073 seconds
[2025-03-30T14:14:07.552+0000] {processor.py:186} INFO - Started process (PID=2593) to work on /home/airflow/.local/lib/python3.12/site-packages/airflow/example_dags/example_sla_dag.py
[2025-03-30T14:14:07.553+0000] {processor.py:914} INFO - Processing file /home/airflow/.local/lib/python3.12/site-packages/airflow/example_dags/example_sla_dag.py for tasks to queue
[2025-03-30T14:14:07.555+0000] {logging_mixin.py:190} INFO - [2025-03-30T14:14:07.554+0000] {dagbag.py:588} INFO - Filling up the DagBag from /home/airflow/.local/lib/python3.12/site-packages/airflow/example_dags/example_sla_dag.py
[2025-03-30T14:14:07.564+0000] {processor.py:925} INFO - DAG(s) 'example_sla_dag' retrieved from /home/airflow/.local/lib/python3.12/site-packages/airflow/example_dags/example_sla_dag.py
[2025-03-30T14:14:07.585+0000] {logging_mixin.py:190} INFO - [2025-03-30T14:14:07.585+0000] {dag.py:3239} INFO - Sync 1 DAGs
[2025-03-30T14:14:07.610+0000] {logging_mixin.py:190} INFO - [2025-03-30T14:14:07.610+0000] {dag.py:4180} INFO - Setting next_dagrun for example_sla_dag to 2025-03-30 14:12:00+00:00, run_after=2025-03-30 14:14:00+00:00
[2025-03-30T14:14:07.628+0000] {processor.py:208} INFO - Processing /home/airflow/.local/lib/python3.12/site-packages/airflow/example_dags/example_sla_dag.py took 0.085 seconds
[2025-03-30T14:14:38.322+0000] {processor.py:186} INFO - Started process (PID=2668) to work on /home/airflow/.local/lib/python3.12/site-packages/airflow/example_dags/example_sla_dag.py
[2025-03-30T14:14:38.323+0000] {processor.py:914} INFO - Processing file /home/airflow/.local/lib/python3.12/site-packages/airflow/example_dags/example_sla_dag.py for tasks to queue
[2025-03-30T14:14:38.324+0000] {logging_mixin.py:190} INFO - [2025-03-30T14:14:38.324+0000] {dagbag.py:588} INFO - Filling up the DagBag from /home/airflow/.local/lib/python3.12/site-packages/airflow/example_dags/example_sla_dag.py
[2025-03-30T14:14:38.334+0000] {processor.py:925} INFO - DAG(s) 'example_sla_dag' retrieved from /home/airflow/.local/lib/python3.12/site-packages/airflow/example_dags/example_sla_dag.py
[2025-03-30T14:14:38.353+0000] {logging_mixin.py:190} INFO - [2025-03-30T14:14:38.353+0000] {dag.py:3239} INFO - Sync 1 DAGs
[2025-03-30T14:14:38.379+0000] {logging_mixin.py:190} INFO - [2025-03-30T14:14:38.379+0000] {dag.py:4180} INFO - Setting next_dagrun for example_sla_dag to 2025-03-30 14:12:00+00:00, run_after=2025-03-30 14:14:00+00:00
[2025-03-30T14:14:38.395+0000] {processor.py:208} INFO - Processing /home/airflow/.local/lib/python3.12/site-packages/airflow/example_dags/example_sla_dag.py took 0.082 seconds
[2025-03-30T14:15:08.599+0000] {processor.py:186} INFO - Started process (PID=2743) to work on /home/airflow/.local/lib/python3.12/site-packages/airflow/example_dags/example_sla_dag.py
[2025-03-30T14:15:08.600+0000] {processor.py:914} INFO - Processing file /home/airflow/.local/lib/python3.12/site-packages/airflow/example_dags/example_sla_dag.py for tasks to queue
[2025-03-30T14:15:08.601+0000] {logging_mixin.py:190} INFO - [2025-03-30T14:15:08.600+0000] {dagbag.py:588} INFO - Filling up the DagBag from /home/airflow/.local/lib/python3.12/site-packages/airflow/example_dags/example_sla_dag.py
[2025-03-30T14:15:08.609+0000] {processor.py:925} INFO - DAG(s) 'example_sla_dag' retrieved from /home/airflow/.local/lib/python3.12/site-packages/airflow/example_dags/example_sla_dag.py
[2025-03-30T14:15:08.625+0000] {logging_mixin.py:190} INFO - [2025-03-30T14:15:08.625+0000] {dag.py:3239} INFO - Sync 1 DAGs
[2025-03-30T14:15:08.646+0000] {logging_mixin.py:190} INFO - [2025-03-30T14:15:08.645+0000] {dag.py:4180} INFO - Setting next_dagrun for example_sla_dag to 2025-03-30 14:12:00+00:00, run_after=2025-03-30 14:14:00+00:00
[2025-03-30T14:15:08.659+0000] {processor.py:208} INFO - Processing /home/airflow/.local/lib/python3.12/site-packages/airflow/example_dags/example_sla_dag.py took 0.067 seconds
[2025-03-30T14:15:38.839+0000] {processor.py:186} INFO - Started process (PID=2818) to work on /home/airflow/.local/lib/python3.12/site-packages/airflow/example_dags/example_sla_dag.py
[2025-03-30T14:15:38.840+0000] {processor.py:914} INFO - Processing file /home/airflow/.local/lib/python3.12/site-packages/airflow/example_dags/example_sla_dag.py for tasks to queue
[2025-03-30T14:15:38.841+0000] {logging_mixin.py:190} INFO - [2025-03-30T14:15:38.841+0000] {dagbag.py:588} INFO - Filling up the DagBag from /home/airflow/.local/lib/python3.12/site-packages/airflow/example_dags/example_sla_dag.py
[2025-03-30T14:15:38.849+0000] {processor.py:925} INFO - DAG(s) 'example_sla_dag' retrieved from /home/airflow/.local/lib/python3.12/site-packages/airflow/example_dags/example_sla_dag.py
[2025-03-30T14:15:38.865+0000] {logging_mixin.py:190} INFO - [2025-03-30T14:15:38.865+0000] {dag.py:3239} INFO - Sync 1 DAGs
[2025-03-30T14:15:38.886+0000] {logging_mixin.py:190} INFO - [2025-03-30T14:15:38.886+0000] {dag.py:4180} INFO - Setting next_dagrun for example_sla_dag to 2025-03-30 14:12:00+00:00, run_after=2025-03-30 14:14:00+00:00
[2025-03-30T14:15:38.899+0000] {processor.py:208} INFO - Processing /home/airflow/.local/lib/python3.12/site-packages/airflow/example_dags/example_sla_dag.py took 0.068 seconds
[2025-03-30T14:16:09.522+0000] {processor.py:186} INFO - Started process (PID=2893) to work on /home/airflow/.local/lib/python3.12/site-packages/airflow/example_dags/example_sla_dag.py
[2025-03-30T14:16:09.522+0000] {processor.py:914} INFO - Processing file /home/airflow/.local/lib/python3.12/site-packages/airflow/example_dags/example_sla_dag.py for tasks to queue
[2025-03-30T14:16:09.523+0000] {logging_mixin.py:190} INFO - [2025-03-30T14:16:09.523+0000] {dagbag.py:588} INFO - Filling up the DagBag from /home/airflow/.local/lib/python3.12/site-packages/airflow/example_dags/example_sla_dag.py
[2025-03-30T14:16:09.532+0000] {processor.py:925} INFO - DAG(s) 'example_sla_dag' retrieved from /home/airflow/.local/lib/python3.12/site-packages/airflow/example_dags/example_sla_dag.py
[2025-03-30T14:16:09.549+0000] {logging_mixin.py:190} INFO - [2025-03-30T14:16:09.549+0000] {dag.py:3239} INFO - Sync 1 DAGs
[2025-03-30T14:16:09.570+0000] {logging_mixin.py:190} INFO - [2025-03-30T14:16:09.569+0000] {dag.py:4180} INFO - Setting next_dagrun for example_sla_dag to 2025-03-30 14:14:00+00:00, run_after=2025-03-30 14:16:00+00:00
[2025-03-30T14:16:09.587+0000] {processor.py:208} INFO - Processing /home/airflow/.local/lib/python3.12/site-packages/airflow/example_dags/example_sla_dag.py took 0.073 seconds
[2025-03-30T14:16:39.827+0000] {processor.py:186} INFO - Started process (PID=2968) to work on /home/airflow/.local/lib/python3.12/site-packages/airflow/example_dags/example_sla_dag.py
[2025-03-30T14:16:39.828+0000] {processor.py:914} INFO - Processing file /home/airflow/.local/lib/python3.12/site-packages/airflow/example_dags/example_sla_dag.py for tasks to queue
[2025-03-30T14:16:39.830+0000] {logging_mixin.py:190} INFO - [2025-03-30T14:16:39.830+0000] {dagbag.py:588} INFO - Filling up the DagBag from /home/airflow/.local/lib/python3.12/site-packages/airflow/example_dags/example_sla_dag.py
[2025-03-30T14:16:39.841+0000] {processor.py:925} INFO - DAG(s) 'example_sla_dag' retrieved from /home/airflow/.local/lib/python3.12/site-packages/airflow/example_dags/example_sla_dag.py
[2025-03-30T14:16:39.859+0000] {logging_mixin.py:190} INFO - [2025-03-30T14:16:39.858+0000] {dag.py:3239} INFO - Sync 1 DAGs
[2025-03-30T14:16:39.881+0000] {logging_mixin.py:190} INFO - [2025-03-30T14:16:39.881+0000] {dag.py:4180} INFO - Setting next_dagrun for example_sla_dag to 2025-03-30 14:14:00+00:00, run_after=2025-03-30 14:16:00+00:00
[2025-03-30T14:16:39.896+0000] {processor.py:208} INFO - Processing /home/airflow/.local/lib/python3.12/site-packages/airflow/example_dags/example_sla_dag.py took 0.077 seconds
[2025-03-30T14:17:10.084+0000] {processor.py:186} INFO - Started process (PID=3043) to work on /home/airflow/.local/lib/python3.12/site-packages/airflow/example_dags/example_sla_dag.py
[2025-03-30T14:17:10.085+0000] {processor.py:914} INFO - Processing file /home/airflow/.local/lib/python3.12/site-packages/airflow/example_dags/example_sla_dag.py for tasks to queue
[2025-03-30T14:17:10.086+0000] {logging_mixin.py:190} INFO - [2025-03-30T14:17:10.086+0000] {dagbag.py:588} INFO - Filling up the DagBag from /home/airflow/.local/lib/python3.12/site-packages/airflow/example_dags/example_sla_dag.py
[2025-03-30T14:17:10.095+0000] {processor.py:925} INFO - DAG(s) 'example_sla_dag' retrieved from /home/airflow/.local/lib/python3.12/site-packages/airflow/example_dags/example_sla_dag.py
[2025-03-30T14:17:10.114+0000] {logging_mixin.py:190} INFO - [2025-03-30T14:17:10.114+0000] {dag.py:3239} INFO - Sync 1 DAGs
[2025-03-30T14:17:10.136+0000] {logging_mixin.py:190} INFO - [2025-03-30T14:17:10.136+0000] {dag.py:4180} INFO - Setting next_dagrun for example_sla_dag to 2025-03-30 14:14:00+00:00, run_after=2025-03-30 14:16:00+00:00
[2025-03-30T14:17:10.149+0000] {processor.py:208} INFO - Processing /home/airflow/.local/lib/python3.12/site-packages/airflow/example_dags/example_sla_dag.py took 0.074 seconds
[2025-03-30T14:17:40.595+0000] {processor.py:186} INFO - Started process (PID=3118) to work on /home/airflow/.local/lib/python3.12/site-packages/airflow/example_dags/example_sla_dag.py
[2025-03-30T14:17:40.595+0000] {processor.py:914} INFO - Processing file /home/airflow/.local/lib/python3.12/site-packages/airflow/example_dags/example_sla_dag.py for tasks to queue
[2025-03-30T14:17:40.597+0000] {logging_mixin.py:190} INFO - [2025-03-30T14:17:40.597+0000] {dagbag.py:588} INFO - Filling up the DagBag from /home/airflow/.local/lib/python3.12/site-packages/airflow/example_dags/example_sla_dag.py
[2025-03-30T14:17:40.608+0000] {processor.py:925} INFO - DAG(s) 'example_sla_dag' retrieved from /home/airflow/.local/lib/python3.12/site-packages/airflow/example_dags/example_sla_dag.py
[2025-03-30T14:17:40.625+0000] {logging_mixin.py:190} INFO - [2025-03-30T14:17:40.625+0000] {dag.py:3239} INFO - Sync 1 DAGs
[2025-03-30T14:17:40.649+0000] {logging_mixin.py:190} INFO - [2025-03-30T14:17:40.649+0000] {dag.py:4180} INFO - Setting next_dagrun for example_sla_dag to 2025-03-30 14:14:00+00:00, run_after=2025-03-30 14:16:00+00:00
[2025-03-30T14:17:40.663+0000] {processor.py:208} INFO - Processing /home/airflow/.local/lib/python3.12/site-packages/airflow/example_dags/example_sla_dag.py took 0.077 seconds
[2025-03-30T14:18:12.949+0000] {processor.py:186} INFO - Started process (PID=3193) to work on /home/airflow/.local/lib/python3.12/site-packages/airflow/example_dags/example_sla_dag.py
[2025-03-30T14:18:12.950+0000] {processor.py:914} INFO - Processing file /home/airflow/.local/lib/python3.12/site-packages/airflow/example_dags/example_sla_dag.py for tasks to queue
[2025-03-30T14:18:12.952+0000] {logging_mixin.py:190} INFO - [2025-03-30T14:18:12.952+0000] {dagbag.py:588} INFO - Filling up the DagBag from /home/airflow/.local/lib/python3.12/site-packages/airflow/example_dags/example_sla_dag.py
[2025-03-30T14:18:12.963+0000] {processor.py:925} INFO - DAG(s) 'example_sla_dag' retrieved from /home/airflow/.local/lib/python3.12/site-packages/airflow/example_dags/example_sla_dag.py
[2025-03-30T14:18:12.985+0000] {logging_mixin.py:190} INFO - [2025-03-30T14:18:12.985+0000] {dag.py:3239} INFO - Sync 1 DAGs
[2025-03-30T14:18:13.011+0000] {logging_mixin.py:190} INFO - [2025-03-30T14:18:13.010+0000] {dag.py:4180} INFO - Setting next_dagrun for example_sla_dag to 2025-03-30 14:16:00+00:00, run_after=2025-03-30 14:18:00+00:00
[2025-03-30T14:18:13.027+0000] {processor.py:208} INFO - Processing /home/airflow/.local/lib/python3.12/site-packages/airflow/example_dags/example_sla_dag.py took 0.087 seconds
