[2025-03-30T13:57:22.094+0000] {processor.py:186} INFO - Started process (PID=119) to work on /home/airflow/.local/lib/python3.12/site-packages/airflow/example_dags/example_nested_branch_dag.py
[2025-03-30T13:57:22.095+0000] {processor.py:914} INFO - Processing file /home/airflow/.local/lib/python3.12/site-packages/airflow/example_dags/example_nested_branch_dag.py for tasks to queue
[2025-03-30T13:57:22.097+0000] {logging_mixin.py:190} INFO - [2025-03-30T13:57:22.096+0000] {dagbag.py:588} INFO - Filling up the DagBag from /home/airflow/.local/lib/python3.12/site-packages/airflow/example_dags/example_nested_branch_dag.py
[2025-03-30T13:57:22.109+0000] {processor.py:925} INFO - DAG(s) 'example_nested_branch_dag' retrieved from /home/airflow/.local/lib/python3.12/site-packages/airflow/example_dags/example_nested_branch_dag.py
[2025-03-30T13:57:22.129+0000] {logging_mixin.py:190} INFO - [2025-03-30T13:57:22.129+0000] {dag.py:3239} INFO - Sync 1 DAGs
[2025-03-30T13:57:22.152+0000] {logging_mixin.py:190} INFO - [2025-03-30T13:57:22.152+0000] {dag.py:4180} INFO - Setting next_dagrun for example_nested_branch_dag to 2025-03-29 00:00:00+00:00, run_after=2025-03-30 00:00:00+00:00
[2025-03-30T13:57:22.170+0000] {processor.py:208} INFO - Processing /home/airflow/.local/lib/python3.12/site-packages/airflow/example_dags/example_nested_branch_dag.py took 0.081 seconds
[2025-03-30T13:57:54.373+0000] {processor.py:186} INFO - Started process (PID=194) to work on /home/airflow/.local/lib/python3.12/site-packages/airflow/example_dags/example_nested_branch_dag.py
[2025-03-30T13:57:54.374+0000] {processor.py:914} INFO - Processing file /home/airflow/.local/lib/python3.12/site-packages/airflow/example_dags/example_nested_branch_dag.py for tasks to queue
[2025-03-30T13:57:54.376+0000] {logging_mixin.py:190} INFO - [2025-03-30T13:57:54.376+0000] {dagbag.py:588} INFO - Filling up the DagBag from /home/airflow/.local/lib/python3.12/site-packages/airflow/example_dags/example_nested_branch_dag.py
[2025-03-30T13:57:54.388+0000] {processor.py:925} INFO - DAG(s) 'example_nested_branch_dag' retrieved from /home/airflow/.local/lib/python3.12/site-packages/airflow/example_dags/example_nested_branch_dag.py
[2025-03-30T13:57:54.410+0000] {logging_mixin.py:190} INFO - [2025-03-30T13:57:54.410+0000] {dag.py:3239} INFO - Sync 1 DAGs
[2025-03-30T13:57:54.436+0000] {logging_mixin.py:190} INFO - [2025-03-30T13:57:54.435+0000] {dag.py:4180} INFO - Setting next_dagrun for example_nested_branch_dag to 2025-03-29 00:00:00+00:00, run_after=2025-03-30 00:00:00+00:00
[2025-03-30T13:57:54.457+0000] {processor.py:208} INFO - Processing /home/airflow/.local/lib/python3.12/site-packages/airflow/example_dags/example_nested_branch_dag.py took 0.089 seconds
[2025-03-30T13:58:25.181+0000] {processor.py:186} INFO - Started process (PID=268) to work on /home/airflow/.local/lib/python3.12/site-packages/airflow/example_dags/example_nested_branch_dag.py
[2025-03-30T13:58:25.182+0000] {processor.py:914} INFO - Processing file /home/airflow/.local/lib/python3.12/site-packages/airflow/example_dags/example_nested_branch_dag.py for tasks to queue
[2025-03-30T13:58:25.184+0000] {logging_mixin.py:190} INFO - [2025-03-30T13:58:25.184+0000] {dagbag.py:588} INFO - Filling up the DagBag from /home/airflow/.local/lib/python3.12/site-packages/airflow/example_dags/example_nested_branch_dag.py
[2025-03-30T13:58:25.196+0000] {processor.py:925} INFO - DAG(s) 'example_nested_branch_dag' retrieved from /home/airflow/.local/lib/python3.12/site-packages/airflow/example_dags/example_nested_branch_dag.py
[2025-03-30T13:58:25.218+0000] {logging_mixin.py:190} INFO - [2025-03-30T13:58:25.218+0000] {dag.py:3239} INFO - Sync 1 DAGs
[2025-03-30T13:58:25.244+0000] {logging_mixin.py:190} INFO - [2025-03-30T13:58:25.244+0000] {dag.py:4180} INFO - Setting next_dagrun for example_nested_branch_dag to 2025-03-29 00:00:00+00:00, run_after=2025-03-30 00:00:00+00:00
[2025-03-30T13:58:25.263+0000] {processor.py:208} INFO - Processing /home/airflow/.local/lib/python3.12/site-packages/airflow/example_dags/example_nested_branch_dag.py took 0.087 seconds
[2025-03-30T13:58:56.564+0000] {processor.py:186} INFO - Started process (PID=344) to work on /home/airflow/.local/lib/python3.12/site-packages/airflow/example_dags/example_nested_branch_dag.py
[2025-03-30T13:58:56.565+0000] {processor.py:914} INFO - Processing file /home/airflow/.local/lib/python3.12/site-packages/airflow/example_dags/example_nested_branch_dag.py for tasks to queue
[2025-03-30T13:58:56.570+0000] {logging_mixin.py:190} INFO - [2025-03-30T13:58:56.569+0000] {dagbag.py:588} INFO - Filling up the DagBag from /home/airflow/.local/lib/python3.12/site-packages/airflow/example_dags/example_nested_branch_dag.py
[2025-03-30T13:58:56.582+0000] {processor.py:925} INFO - DAG(s) 'example_nested_branch_dag' retrieved from /home/airflow/.local/lib/python3.12/site-packages/airflow/example_dags/example_nested_branch_dag.py
[2025-03-30T13:58:56.605+0000] {logging_mixin.py:190} INFO - [2025-03-30T13:58:56.605+0000] {dag.py:3239} INFO - Sync 1 DAGs
[2025-03-30T13:58:56.636+0000] {logging_mixin.py:190} INFO - [2025-03-30T13:58:56.636+0000] {dag.py:4180} INFO - Setting next_dagrun for example_nested_branch_dag to 2025-03-29 00:00:00+00:00, run_after=2025-03-30 00:00:00+00:00
[2025-03-30T13:58:56.679+0000] {processor.py:208} INFO - Processing /home/airflow/.local/lib/python3.12/site-packages/airflow/example_dags/example_nested_branch_dag.py took 0.123 seconds
[2025-03-30T13:59:28.330+0000] {processor.py:186} INFO - Started process (PID=419) to work on /home/airflow/.local/lib/python3.12/site-packages/airflow/example_dags/example_nested_branch_dag.py
[2025-03-30T13:59:28.331+0000] {processor.py:914} INFO - Processing file /home/airflow/.local/lib/python3.12/site-packages/airflow/example_dags/example_nested_branch_dag.py for tasks to queue
[2025-03-30T13:59:28.333+0000] {logging_mixin.py:190} INFO - [2025-03-30T13:59:28.333+0000] {dagbag.py:588} INFO - Filling up the DagBag from /home/airflow/.local/lib/python3.12/site-packages/airflow/example_dags/example_nested_branch_dag.py
[2025-03-30T13:59:28.345+0000] {processor.py:925} INFO - DAG(s) 'example_nested_branch_dag' retrieved from /home/airflow/.local/lib/python3.12/site-packages/airflow/example_dags/example_nested_branch_dag.py
[2025-03-30T13:59:28.366+0000] {logging_mixin.py:190} INFO - [2025-03-30T13:59:28.366+0000] {dag.py:3239} INFO - Sync 1 DAGs
[2025-03-30T13:59:28.389+0000] {logging_mixin.py:190} INFO - [2025-03-30T13:59:28.388+0000] {dag.py:4180} INFO - Setting next_dagrun for example_nested_branch_dag to 2025-03-29 00:00:00+00:00, run_after=2025-03-30 00:00:00+00:00
[2025-03-30T13:59:28.409+0000] {processor.py:208} INFO - Processing /home/airflow/.local/lib/python3.12/site-packages/airflow/example_dags/example_nested_branch_dag.py took 0.084 seconds
[2025-03-30T14:00:00.328+0000] {processor.py:186} INFO - Started process (PID=506) to work on /home/airflow/.local/lib/python3.12/site-packages/airflow/example_dags/example_nested_branch_dag.py
[2025-03-30T14:00:00.328+0000] {processor.py:914} INFO - Processing file /home/airflow/.local/lib/python3.12/site-packages/airflow/example_dags/example_nested_branch_dag.py for tasks to queue
[2025-03-30T14:00:00.330+0000] {logging_mixin.py:190} INFO - [2025-03-30T14:00:00.330+0000] {dagbag.py:588} INFO - Filling up the DagBag from /home/airflow/.local/lib/python3.12/site-packages/airflow/example_dags/example_nested_branch_dag.py
[2025-03-30T14:00:00.340+0000] {processor.py:925} INFO - DAG(s) 'example_nested_branch_dag' retrieved from /home/airflow/.local/lib/python3.12/site-packages/airflow/example_dags/example_nested_branch_dag.py
[2025-03-30T14:00:00.360+0000] {logging_mixin.py:190} INFO - [2025-03-30T14:00:00.360+0000] {dag.py:3239} INFO - Sync 1 DAGs
[2025-03-30T14:00:00.382+0000] {logging_mixin.py:190} INFO - [2025-03-30T14:00:00.382+0000] {dag.py:4180} INFO - Setting next_dagrun for example_nested_branch_dag to 2025-03-29 00:00:00+00:00, run_after=2025-03-30 00:00:00+00:00
[2025-03-30T14:00:00.398+0000] {processor.py:208} INFO - Processing /home/airflow/.local/lib/python3.12/site-packages/airflow/example_dags/example_nested_branch_dag.py took 0.075 seconds
[2025-03-30T14:00:30.989+0000] {processor.py:186} INFO - Started process (PID=581) to work on /home/airflow/.local/lib/python3.12/site-packages/airflow/example_dags/example_nested_branch_dag.py
[2025-03-30T14:00:30.990+0000] {processor.py:914} INFO - Processing file /home/airflow/.local/lib/python3.12/site-packages/airflow/example_dags/example_nested_branch_dag.py for tasks to queue
[2025-03-30T14:00:30.992+0000] {logging_mixin.py:190} INFO - [2025-03-30T14:00:30.991+0000] {dagbag.py:588} INFO - Filling up the DagBag from /home/airflow/.local/lib/python3.12/site-packages/airflow/example_dags/example_nested_branch_dag.py
[2025-03-30T14:00:31.002+0000] {processor.py:925} INFO - DAG(s) 'example_nested_branch_dag' retrieved from /home/airflow/.local/lib/python3.12/site-packages/airflow/example_dags/example_nested_branch_dag.py
[2025-03-30T14:00:31.020+0000] {logging_mixin.py:190} INFO - [2025-03-30T14:00:31.020+0000] {dag.py:3239} INFO - Sync 1 DAGs
[2025-03-30T14:00:31.044+0000] {logging_mixin.py:190} INFO - [2025-03-30T14:00:31.044+0000] {dag.py:4180} INFO - Setting next_dagrun for example_nested_branch_dag to 2025-03-29 00:00:00+00:00, run_after=2025-03-30 00:00:00+00:00
[2025-03-30T14:00:31.064+0000] {processor.py:208} INFO - Processing /home/airflow/.local/lib/python3.12/site-packages/airflow/example_dags/example_nested_branch_dag.py took 0.080 seconds
[2025-03-30T14:01:01.857+0000] {processor.py:186} INFO - Started process (PID=656) to work on /home/airflow/.local/lib/python3.12/site-packages/airflow/example_dags/example_nested_branch_dag.py
[2025-03-30T14:01:01.858+0000] {processor.py:914} INFO - Processing file /home/airflow/.local/lib/python3.12/site-packages/airflow/example_dags/example_nested_branch_dag.py for tasks to queue
[2025-03-30T14:01:01.860+0000] {logging_mixin.py:190} INFO - [2025-03-30T14:01:01.860+0000] {dagbag.py:588} INFO - Filling up the DagBag from /home/airflow/.local/lib/python3.12/site-packages/airflow/example_dags/example_nested_branch_dag.py
[2025-03-30T14:01:01.870+0000] {processor.py:925} INFO - DAG(s) 'example_nested_branch_dag' retrieved from /home/airflow/.local/lib/python3.12/site-packages/airflow/example_dags/example_nested_branch_dag.py
[2025-03-30T14:01:01.888+0000] {logging_mixin.py:190} INFO - [2025-03-30T14:01:01.888+0000] {dag.py:3239} INFO - Sync 1 DAGs
[2025-03-30T14:01:01.911+0000] {logging_mixin.py:190} INFO - [2025-03-30T14:01:01.911+0000] {dag.py:4180} INFO - Setting next_dagrun for example_nested_branch_dag to 2025-03-29 00:00:00+00:00, run_after=2025-03-30 00:00:00+00:00
[2025-03-30T14:01:01.935+0000] {processor.py:208} INFO - Processing /home/airflow/.local/lib/python3.12/site-packages/airflow/example_dags/example_nested_branch_dag.py took 0.081 seconds
[2025-03-30T14:01:32.901+0000] {processor.py:186} INFO - Started process (PID=731) to work on /home/airflow/.local/lib/python3.12/site-packages/airflow/example_dags/example_nested_branch_dag.py
[2025-03-30T14:01:32.902+0000] {processor.py:914} INFO - Processing file /home/airflow/.local/lib/python3.12/site-packages/airflow/example_dags/example_nested_branch_dag.py for tasks to queue
[2025-03-30T14:01:32.904+0000] {logging_mixin.py:190} INFO - [2025-03-30T14:01:32.904+0000] {dagbag.py:588} INFO - Filling up the DagBag from /home/airflow/.local/lib/python3.12/site-packages/airflow/example_dags/example_nested_branch_dag.py
[2025-03-30T14:01:32.914+0000] {processor.py:925} INFO - DAG(s) 'example_nested_branch_dag' retrieved from /home/airflow/.local/lib/python3.12/site-packages/airflow/example_dags/example_nested_branch_dag.py
[2025-03-30T14:01:32.933+0000] {logging_mixin.py:190} INFO - [2025-03-30T14:01:32.933+0000] {dag.py:3239} INFO - Sync 1 DAGs
[2025-03-30T14:01:32.953+0000] {logging_mixin.py:190} INFO - [2025-03-30T14:01:32.953+0000] {dag.py:4180} INFO - Setting next_dagrun for example_nested_branch_dag to 2025-03-29 00:00:00+00:00, run_after=2025-03-30 00:00:00+00:00
[2025-03-30T14:01:32.968+0000] {processor.py:208} INFO - Processing /home/airflow/.local/lib/python3.12/site-packages/airflow/example_dags/example_nested_branch_dag.py took 0.072 seconds
[2025-03-30T14:02:04.064+0000] {processor.py:186} INFO - Started process (PID=806) to work on /home/airflow/.local/lib/python3.12/site-packages/airflow/example_dags/example_nested_branch_dag.py
[2025-03-30T14:02:04.065+0000] {processor.py:914} INFO - Processing file /home/airflow/.local/lib/python3.12/site-packages/airflow/example_dags/example_nested_branch_dag.py for tasks to queue
[2025-03-30T14:02:04.067+0000] {logging_mixin.py:190} INFO - [2025-03-30T14:02:04.067+0000] {dagbag.py:588} INFO - Filling up the DagBag from /home/airflow/.local/lib/python3.12/site-packages/airflow/example_dags/example_nested_branch_dag.py
[2025-03-30T14:02:04.076+0000] {processor.py:925} INFO - DAG(s) 'example_nested_branch_dag' retrieved from /home/airflow/.local/lib/python3.12/site-packages/airflow/example_dags/example_nested_branch_dag.py
[2025-03-30T14:02:04.094+0000] {logging_mixin.py:190} INFO - [2025-03-30T14:02:04.094+0000] {dag.py:3239} INFO - Sync 1 DAGs
[2025-03-30T14:02:04.114+0000] {logging_mixin.py:190} INFO - [2025-03-30T14:02:04.114+0000] {dag.py:4180} INFO - Setting next_dagrun for example_nested_branch_dag to 2025-03-29 00:00:00+00:00, run_after=2025-03-30 00:00:00+00:00
[2025-03-30T14:02:04.130+0000] {processor.py:208} INFO - Processing /home/airflow/.local/lib/python3.12/site-packages/airflow/example_dags/example_nested_branch_dag.py took 0.070 seconds
[2025-03-30T14:02:34.333+0000] {processor.py:186} INFO - Started process (PID=880) to work on /home/airflow/.local/lib/python3.12/site-packages/airflow/example_dags/example_nested_branch_dag.py
[2025-03-30T14:02:34.334+0000] {processor.py:914} INFO - Processing file /home/airflow/.local/lib/python3.12/site-packages/airflow/example_dags/example_nested_branch_dag.py for tasks to queue
[2025-03-30T14:02:34.336+0000] {logging_mixin.py:190} INFO - [2025-03-30T14:02:34.335+0000] {dagbag.py:588} INFO - Filling up the DagBag from /home/airflow/.local/lib/python3.12/site-packages/airflow/example_dags/example_nested_branch_dag.py
[2025-03-30T14:02:34.345+0000] {processor.py:925} INFO - DAG(s) 'example_nested_branch_dag' retrieved from /home/airflow/.local/lib/python3.12/site-packages/airflow/example_dags/example_nested_branch_dag.py
[2025-03-30T14:02:34.364+0000] {logging_mixin.py:190} INFO - [2025-03-30T14:02:34.364+0000] {dag.py:3239} INFO - Sync 1 DAGs
[2025-03-30T14:02:34.383+0000] {logging_mixin.py:190} INFO - [2025-03-30T14:02:34.382+0000] {dag.py:4180} INFO - Setting next_dagrun for example_nested_branch_dag to 2025-03-29 00:00:00+00:00, run_after=2025-03-30 00:00:00+00:00
[2025-03-30T14:02:34.398+0000] {processor.py:208} INFO - Processing /home/airflow/.local/lib/python3.12/site-packages/airflow/example_dags/example_nested_branch_dag.py took 0.069 seconds
[2025-03-30T14:03:04.642+0000] {processor.py:186} INFO - Started process (PID=955) to work on /home/airflow/.local/lib/python3.12/site-packages/airflow/example_dags/example_nested_branch_dag.py
[2025-03-30T14:03:04.643+0000] {processor.py:914} INFO - Processing file /home/airflow/.local/lib/python3.12/site-packages/airflow/example_dags/example_nested_branch_dag.py for tasks to queue
[2025-03-30T14:03:04.645+0000] {logging_mixin.py:190} INFO - [2025-03-30T14:03:04.644+0000] {dagbag.py:588} INFO - Filling up the DagBag from /home/airflow/.local/lib/python3.12/site-packages/airflow/example_dags/example_nested_branch_dag.py
[2025-03-30T14:03:04.656+0000] {processor.py:925} INFO - DAG(s) 'example_nested_branch_dag' retrieved from /home/airflow/.local/lib/python3.12/site-packages/airflow/example_dags/example_nested_branch_dag.py
[2025-03-30T14:03:04.679+0000] {logging_mixin.py:190} INFO - [2025-03-30T14:03:04.679+0000] {dag.py:3239} INFO - Sync 1 DAGs
[2025-03-30T14:03:04.700+0000] {logging_mixin.py:190} INFO - [2025-03-30T14:03:04.700+0000] {dag.py:4180} INFO - Setting next_dagrun for example_nested_branch_dag to 2025-03-29 00:00:00+00:00, run_after=2025-03-30 00:00:00+00:00
[2025-03-30T14:03:04.727+0000] {processor.py:208} INFO - Processing /home/airflow/.local/lib/python3.12/site-packages/airflow/example_dags/example_nested_branch_dag.py took 0.090 seconds
[2025-03-30T14:03:34.874+0000] {processor.py:186} INFO - Started process (PID=1029) to work on /home/airflow/.local/lib/python3.12/site-packages/airflow/example_dags/example_nested_branch_dag.py
[2025-03-30T14:03:34.875+0000] {processor.py:914} INFO - Processing file /home/airflow/.local/lib/python3.12/site-packages/airflow/example_dags/example_nested_branch_dag.py for tasks to queue
[2025-03-30T14:03:34.877+0000] {logging_mixin.py:190} INFO - [2025-03-30T14:03:34.877+0000] {dagbag.py:588} INFO - Filling up the DagBag from /home/airflow/.local/lib/python3.12/site-packages/airflow/example_dags/example_nested_branch_dag.py
[2025-03-30T14:03:34.886+0000] {processor.py:925} INFO - DAG(s) 'example_nested_branch_dag' retrieved from /home/airflow/.local/lib/python3.12/site-packages/airflow/example_dags/example_nested_branch_dag.py
[2025-03-30T14:03:34.903+0000] {logging_mixin.py:190} INFO - [2025-03-30T14:03:34.903+0000] {dag.py:3239} INFO - Sync 1 DAGs
[2025-03-30T14:03:34.921+0000] {logging_mixin.py:190} INFO - [2025-03-30T14:03:34.921+0000] {dag.py:4180} INFO - Setting next_dagrun for example_nested_branch_dag to 2025-03-29 00:00:00+00:00, run_after=2025-03-30 00:00:00+00:00
[2025-03-30T14:03:34.946+0000] {processor.py:208} INFO - Processing /home/airflow/.local/lib/python3.12/site-packages/airflow/example_dags/example_nested_branch_dag.py took 0.075 seconds
[2025-03-30T14:04:06.054+0000] {processor.py:186} INFO - Started process (PID=1105) to work on /home/airflow/.local/lib/python3.12/site-packages/airflow/example_dags/example_nested_branch_dag.py
[2025-03-30T14:04:06.055+0000] {processor.py:914} INFO - Processing file /home/airflow/.local/lib/python3.12/site-packages/airflow/example_dags/example_nested_branch_dag.py for tasks to queue
[2025-03-30T14:04:06.057+0000] {logging_mixin.py:190} INFO - [2025-03-30T14:04:06.057+0000] {dagbag.py:588} INFO - Filling up the DagBag from /home/airflow/.local/lib/python3.12/site-packages/airflow/example_dags/example_nested_branch_dag.py
[2025-03-30T14:04:06.068+0000] {processor.py:925} INFO - DAG(s) 'example_nested_branch_dag' retrieved from /home/airflow/.local/lib/python3.12/site-packages/airflow/example_dags/example_nested_branch_dag.py
[2025-03-30T14:04:06.092+0000] {logging_mixin.py:190} INFO - [2025-03-30T14:04:06.092+0000] {dag.py:3239} INFO - Sync 1 DAGs
[2025-03-30T14:04:06.114+0000] {logging_mixin.py:190} INFO - [2025-03-30T14:04:06.114+0000] {dag.py:4180} INFO - Setting next_dagrun for example_nested_branch_dag to 2025-03-29 00:00:00+00:00, run_after=2025-03-30 00:00:00+00:00
[2025-03-30T14:04:06.132+0000] {processor.py:208} INFO - Processing /home/airflow/.local/lib/python3.12/site-packages/airflow/example_dags/example_nested_branch_dag.py took 0.083 seconds
[2025-03-30T14:04:37.143+0000] {processor.py:186} INFO - Started process (PID=1180) to work on /home/airflow/.local/lib/python3.12/site-packages/airflow/example_dags/example_nested_branch_dag.py
[2025-03-30T14:04:37.144+0000] {processor.py:914} INFO - Processing file /home/airflow/.local/lib/python3.12/site-packages/airflow/example_dags/example_nested_branch_dag.py for tasks to queue
[2025-03-30T14:04:37.146+0000] {logging_mixin.py:190} INFO - [2025-03-30T14:04:37.146+0000] {dagbag.py:588} INFO - Filling up the DagBag from /home/airflow/.local/lib/python3.12/site-packages/airflow/example_dags/example_nested_branch_dag.py
[2025-03-30T14:04:37.158+0000] {processor.py:925} INFO - DAG(s) 'example_nested_branch_dag' retrieved from /home/airflow/.local/lib/python3.12/site-packages/airflow/example_dags/example_nested_branch_dag.py
[2025-03-30T14:04:37.184+0000] {logging_mixin.py:190} INFO - [2025-03-30T14:04:37.183+0000] {dag.py:3239} INFO - Sync 1 DAGs
[2025-03-30T14:04:37.210+0000] {logging_mixin.py:190} INFO - [2025-03-30T14:04:37.210+0000] {dag.py:4180} INFO - Setting next_dagrun for example_nested_branch_dag to 2025-03-29 00:00:00+00:00, run_after=2025-03-30 00:00:00+00:00
[2025-03-30T14:04:37.231+0000] {processor.py:208} INFO - Processing /home/airflow/.local/lib/python3.12/site-packages/airflow/example_dags/example_nested_branch_dag.py took 0.093 seconds
[2025-03-30T14:05:07.454+0000] {processor.py:186} INFO - Started process (PID=1266) to work on /home/airflow/.local/lib/python3.12/site-packages/airflow/example_dags/example_nested_branch_dag.py
[2025-03-30T14:05:07.455+0000] {processor.py:914} INFO - Processing file /home/airflow/.local/lib/python3.12/site-packages/airflow/example_dags/example_nested_branch_dag.py for tasks to queue
[2025-03-30T14:05:07.457+0000] {logging_mixin.py:190} INFO - [2025-03-30T14:05:07.456+0000] {dagbag.py:588} INFO - Filling up the DagBag from /home/airflow/.local/lib/python3.12/site-packages/airflow/example_dags/example_nested_branch_dag.py
[2025-03-30T14:05:07.466+0000] {processor.py:925} INFO - DAG(s) 'example_nested_branch_dag' retrieved from /home/airflow/.local/lib/python3.12/site-packages/airflow/example_dags/example_nested_branch_dag.py
[2025-03-30T14:05:07.486+0000] {logging_mixin.py:190} INFO - [2025-03-30T14:05:07.486+0000] {dag.py:3239} INFO - Sync 1 DAGs
[2025-03-30T14:05:07.505+0000] {logging_mixin.py:190} INFO - [2025-03-30T14:05:07.505+0000] {dag.py:4180} INFO - Setting next_dagrun for example_nested_branch_dag to 2025-03-29 00:00:00+00:00, run_after=2025-03-30 00:00:00+00:00
[2025-03-30T14:05:07.530+0000] {processor.py:208} INFO - Processing /home/airflow/.local/lib/python3.12/site-packages/airflow/example_dags/example_nested_branch_dag.py took 0.081 seconds
[2025-03-30T14:05:38.318+0000] {processor.py:186} INFO - Started process (PID=1341) to work on /home/airflow/.local/lib/python3.12/site-packages/airflow/example_dags/example_nested_branch_dag.py
[2025-03-30T14:05:38.323+0000] {processor.py:914} INFO - Processing file /home/airflow/.local/lib/python3.12/site-packages/airflow/example_dags/example_nested_branch_dag.py for tasks to queue
[2025-03-30T14:05:38.326+0000] {logging_mixin.py:190} INFO - [2025-03-30T14:05:38.325+0000] {dagbag.py:588} INFO - Filling up the DagBag from /home/airflow/.local/lib/python3.12/site-packages/airflow/example_dags/example_nested_branch_dag.py
[2025-03-30T14:05:38.342+0000] {processor.py:925} INFO - DAG(s) 'example_nested_branch_dag' retrieved from /home/airflow/.local/lib/python3.12/site-packages/airflow/example_dags/example_nested_branch_dag.py
[2025-03-30T14:05:38.365+0000] {logging_mixin.py:190} INFO - [2025-03-30T14:05:38.365+0000] {dag.py:3239} INFO - Sync 1 DAGs
[2025-03-30T14:05:38.395+0000] {logging_mixin.py:190} INFO - [2025-03-30T14:05:38.395+0000] {dag.py:4180} INFO - Setting next_dagrun for example_nested_branch_dag to 2025-03-29 00:00:00+00:00, run_after=2025-03-30 00:00:00+00:00
[2025-03-30T14:05:38.415+0000] {processor.py:208} INFO - Processing /home/airflow/.local/lib/python3.12/site-packages/airflow/example_dags/example_nested_branch_dag.py took 0.105 seconds
[2025-03-30T14:06:08.847+0000] {processor.py:186} INFO - Started process (PID=1416) to work on /home/airflow/.local/lib/python3.12/site-packages/airflow/example_dags/example_nested_branch_dag.py
[2025-03-30T14:06:08.848+0000] {processor.py:914} INFO - Processing file /home/airflow/.local/lib/python3.12/site-packages/airflow/example_dags/example_nested_branch_dag.py for tasks to queue
[2025-03-30T14:06:08.850+0000] {logging_mixin.py:190} INFO - [2025-03-30T14:06:08.850+0000] {dagbag.py:588} INFO - Filling up the DagBag from /home/airflow/.local/lib/python3.12/site-packages/airflow/example_dags/example_nested_branch_dag.py
[2025-03-30T14:06:08.860+0000] {processor.py:925} INFO - DAG(s) 'example_nested_branch_dag' retrieved from /home/airflow/.local/lib/python3.12/site-packages/airflow/example_dags/example_nested_branch_dag.py
[2025-03-30T14:06:08.877+0000] {logging_mixin.py:190} INFO - [2025-03-30T14:06:08.877+0000] {dag.py:3239} INFO - Sync 1 DAGs
[2025-03-30T14:06:08.896+0000] {logging_mixin.py:190} INFO - [2025-03-30T14:06:08.895+0000] {dag.py:4180} INFO - Setting next_dagrun for example_nested_branch_dag to 2025-03-29 00:00:00+00:00, run_after=2025-03-30 00:00:00+00:00
[2025-03-30T14:06:08.920+0000] {processor.py:208} INFO - Processing /home/airflow/.local/lib/python3.12/site-packages/airflow/example_dags/example_nested_branch_dag.py took 0.078 seconds
[2025-03-30T14:06:41.087+0000] {processor.py:186} INFO - Started process (PID=1514) to work on /home/airflow/.local/lib/python3.12/site-packages/airflow/example_dags/example_nested_branch_dag.py
[2025-03-30T14:06:41.088+0000] {processor.py:914} INFO - Processing file /home/airflow/.local/lib/python3.12/site-packages/airflow/example_dags/example_nested_branch_dag.py for tasks to queue
[2025-03-30T14:06:41.089+0000] {logging_mixin.py:190} INFO - [2025-03-30T14:06:41.089+0000] {dagbag.py:588} INFO - Filling up the DagBag from /home/airflow/.local/lib/python3.12/site-packages/airflow/example_dags/example_nested_branch_dag.py
[2025-03-30T14:06:41.099+0000] {processor.py:925} INFO - DAG(s) 'example_nested_branch_dag' retrieved from /home/airflow/.local/lib/python3.12/site-packages/airflow/example_dags/example_nested_branch_dag.py
[2025-03-30T14:06:41.116+0000] {logging_mixin.py:190} INFO - [2025-03-30T14:06:41.116+0000] {dag.py:3239} INFO - Sync 1 DAGs
[2025-03-30T14:06:41.136+0000] {logging_mixin.py:190} INFO - [2025-03-30T14:06:41.136+0000] {dag.py:4180} INFO - Setting next_dagrun for example_nested_branch_dag to 2025-03-29 00:00:00+00:00, run_after=2025-03-30 00:00:00+00:00
[2025-03-30T14:06:41.150+0000] {processor.py:208} INFO - Processing /home/airflow/.local/lib/python3.12/site-packages/airflow/example_dags/example_nested_branch_dag.py took 0.071 seconds
[2025-03-30T14:07:11.875+0000] {processor.py:186} INFO - Started process (PID=1576) to work on /home/airflow/.local/lib/python3.12/site-packages/airflow/example_dags/example_nested_branch_dag.py
[2025-03-30T14:07:11.876+0000] {processor.py:914} INFO - Processing file /home/airflow/.local/lib/python3.12/site-packages/airflow/example_dags/example_nested_branch_dag.py for tasks to queue
[2025-03-30T14:07:11.878+0000] {logging_mixin.py:190} INFO - [2025-03-30T14:07:11.877+0000] {dagbag.py:588} INFO - Filling up the DagBag from /home/airflow/.local/lib/python3.12/site-packages/airflow/example_dags/example_nested_branch_dag.py
[2025-03-30T14:07:11.888+0000] {processor.py:925} INFO - DAG(s) 'example_nested_branch_dag' retrieved from /home/airflow/.local/lib/python3.12/site-packages/airflow/example_dags/example_nested_branch_dag.py
[2025-03-30T14:07:11.909+0000] {logging_mixin.py:190} INFO - [2025-03-30T14:07:11.908+0000] {dag.py:3239} INFO - Sync 1 DAGs
[2025-03-30T14:07:11.930+0000] {logging_mixin.py:190} INFO - [2025-03-30T14:07:11.930+0000] {dag.py:4180} INFO - Setting next_dagrun for example_nested_branch_dag to 2025-03-29 00:00:00+00:00, run_after=2025-03-30 00:00:00+00:00
[2025-03-30T14:07:11.960+0000] {processor.py:208} INFO - Processing /home/airflow/.local/lib/python3.12/site-packages/airflow/example_dags/example_nested_branch_dag.py took 0.094 seconds
[2025-03-30T14:07:42.555+0000] {processor.py:186} INFO - Started process (PID=1651) to work on /home/airflow/.local/lib/python3.12/site-packages/airflow/example_dags/example_nested_branch_dag.py
[2025-03-30T14:07:42.556+0000] {processor.py:914} INFO - Processing file /home/airflow/.local/lib/python3.12/site-packages/airflow/example_dags/example_nested_branch_dag.py for tasks to queue
[2025-03-30T14:07:42.560+0000] {logging_mixin.py:190} INFO - [2025-03-30T14:07:42.559+0000] {dagbag.py:588} INFO - Filling up the DagBag from /home/airflow/.local/lib/python3.12/site-packages/airflow/example_dags/example_nested_branch_dag.py
[2025-03-30T14:07:42.576+0000] {processor.py:925} INFO - DAG(s) 'example_nested_branch_dag' retrieved from /home/airflow/.local/lib/python3.12/site-packages/airflow/example_dags/example_nested_branch_dag.py
[2025-03-30T14:07:42.604+0000] {logging_mixin.py:190} INFO - [2025-03-30T14:07:42.603+0000] {dag.py:3239} INFO - Sync 1 DAGs
[2025-03-30T14:07:42.631+0000] {logging_mixin.py:190} INFO - [2025-03-30T14:07:42.631+0000] {dag.py:4180} INFO - Setting next_dagrun for example_nested_branch_dag to 2025-03-29 00:00:00+00:00, run_after=2025-03-30 00:00:00+00:00
[2025-03-30T14:07:42.652+0000] {processor.py:208} INFO - Processing /home/airflow/.local/lib/python3.12/site-packages/airflow/example_dags/example_nested_branch_dag.py took 0.108 seconds
[2025-03-30T14:08:13.656+0000] {processor.py:186} INFO - Started process (PID=1726) to work on /home/airflow/.local/lib/python3.12/site-packages/airflow/example_dags/example_nested_branch_dag.py
[2025-03-30T14:08:13.658+0000] {processor.py:914} INFO - Processing file /home/airflow/.local/lib/python3.12/site-packages/airflow/example_dags/example_nested_branch_dag.py for tasks to queue
[2025-03-30T14:08:13.664+0000] {logging_mixin.py:190} INFO - [2025-03-30T14:08:13.663+0000] {dagbag.py:588} INFO - Filling up the DagBag from /home/airflow/.local/lib/python3.12/site-packages/airflow/example_dags/example_nested_branch_dag.py
[2025-03-30T14:08:13.686+0000] {processor.py:925} INFO - DAG(s) 'example_nested_branch_dag' retrieved from /home/airflow/.local/lib/python3.12/site-packages/airflow/example_dags/example_nested_branch_dag.py
[2025-03-30T14:08:13.716+0000] {logging_mixin.py:190} INFO - [2025-03-30T14:08:13.715+0000] {dag.py:3239} INFO - Sync 1 DAGs
[2025-03-30T14:08:13.752+0000] {logging_mixin.py:190} INFO - [2025-03-30T14:08:13.751+0000] {dag.py:4180} INFO - Setting next_dagrun for example_nested_branch_dag to 2025-03-29 00:00:00+00:00, run_after=2025-03-30 00:00:00+00:00
[2025-03-30T14:08:13.776+0000] {processor.py:208} INFO - Processing /home/airflow/.local/lib/python3.12/site-packages/airflow/example_dags/example_nested_branch_dag.py took 0.136 seconds
[2025-03-30T14:08:43.938+0000] {processor.py:186} INFO - Started process (PID=1800) to work on /home/airflow/.local/lib/python3.12/site-packages/airflow/example_dags/example_nested_branch_dag.py
[2025-03-30T14:08:43.939+0000] {processor.py:914} INFO - Processing file /home/airflow/.local/lib/python3.12/site-packages/airflow/example_dags/example_nested_branch_dag.py for tasks to queue
[2025-03-30T14:08:43.941+0000] {logging_mixin.py:190} INFO - [2025-03-30T14:08:43.940+0000] {dagbag.py:588} INFO - Filling up the DagBag from /home/airflow/.local/lib/python3.12/site-packages/airflow/example_dags/example_nested_branch_dag.py
[2025-03-30T14:08:43.952+0000] {processor.py:925} INFO - DAG(s) 'example_nested_branch_dag' retrieved from /home/airflow/.local/lib/python3.12/site-packages/airflow/example_dags/example_nested_branch_dag.py
[2025-03-30T14:08:43.972+0000] {logging_mixin.py:190} INFO - [2025-03-30T14:08:43.972+0000] {dag.py:3239} INFO - Sync 1 DAGs
[2025-03-30T14:08:44.000+0000] {logging_mixin.py:190} INFO - [2025-03-30T14:08:44.000+0000] {dag.py:4180} INFO - Setting next_dagrun for example_nested_branch_dag to 2025-03-29 00:00:00+00:00, run_after=2025-03-30 00:00:00+00:00
[2025-03-30T14:08:44.030+0000] {processor.py:208} INFO - Processing /home/airflow/.local/lib/python3.12/site-packages/airflow/example_dags/example_nested_branch_dag.py took 0.100 seconds
[2025-03-30T14:09:14.560+0000] {processor.py:186} INFO - Started process (PID=1875) to work on /home/airflow/.local/lib/python3.12/site-packages/airflow/example_dags/example_nested_branch_dag.py
[2025-03-30T14:09:14.561+0000] {processor.py:914} INFO - Processing file /home/airflow/.local/lib/python3.12/site-packages/airflow/example_dags/example_nested_branch_dag.py for tasks to queue
[2025-03-30T14:09:14.563+0000] {logging_mixin.py:190} INFO - [2025-03-30T14:09:14.562+0000] {dagbag.py:588} INFO - Filling up the DagBag from /home/airflow/.local/lib/python3.12/site-packages/airflow/example_dags/example_nested_branch_dag.py
[2025-03-30T14:09:14.574+0000] {processor.py:925} INFO - DAG(s) 'example_nested_branch_dag' retrieved from /home/airflow/.local/lib/python3.12/site-packages/airflow/example_dags/example_nested_branch_dag.py
[2025-03-30T14:09:14.595+0000] {logging_mixin.py:190} INFO - [2025-03-30T14:09:14.595+0000] {dag.py:3239} INFO - Sync 1 DAGs
[2025-03-30T14:09:14.618+0000] {logging_mixin.py:190} INFO - [2025-03-30T14:09:14.617+0000] {dag.py:4180} INFO - Setting next_dagrun for example_nested_branch_dag to 2025-03-29 00:00:00+00:00, run_after=2025-03-30 00:00:00+00:00
[2025-03-30T14:09:14.637+0000] {processor.py:208} INFO - Processing /home/airflow/.local/lib/python3.12/site-packages/airflow/example_dags/example_nested_branch_dag.py took 0.086 seconds
[2025-03-30T14:09:45.478+0000] {processor.py:186} INFO - Started process (PID=1955) to work on /home/airflow/.local/lib/python3.12/site-packages/airflow/example_dags/example_nested_branch_dag.py
[2025-03-30T14:09:45.480+0000] {processor.py:914} INFO - Processing file /home/airflow/.local/lib/python3.12/site-packages/airflow/example_dags/example_nested_branch_dag.py for tasks to queue
[2025-03-30T14:09:45.481+0000] {logging_mixin.py:190} INFO - [2025-03-30T14:09:45.481+0000] {dagbag.py:588} INFO - Filling up the DagBag from /home/airflow/.local/lib/python3.12/site-packages/airflow/example_dags/example_nested_branch_dag.py
[2025-03-30T14:09:45.493+0000] {processor.py:925} INFO - DAG(s) 'example_nested_branch_dag' retrieved from /home/airflow/.local/lib/python3.12/site-packages/airflow/example_dags/example_nested_branch_dag.py
[2025-03-30T14:09:45.519+0000] {logging_mixin.py:190} INFO - [2025-03-30T14:09:45.518+0000] {dag.py:3239} INFO - Sync 1 DAGs
[2025-03-30T14:09:45.545+0000] {logging_mixin.py:190} INFO - [2025-03-30T14:09:45.545+0000] {dag.py:4180} INFO - Setting next_dagrun for example_nested_branch_dag to 2025-03-29 00:00:00+00:00, run_after=2025-03-30 00:00:00+00:00
[2025-03-30T14:09:45.564+0000] {processor.py:208} INFO - Processing /home/airflow/.local/lib/python3.12/site-packages/airflow/example_dags/example_nested_branch_dag.py took 0.096 seconds
[2025-03-30T14:10:17.450+0000] {processor.py:186} INFO - Started process (PID=2031) to work on /home/airflow/.local/lib/python3.12/site-packages/airflow/example_dags/example_nested_branch_dag.py
[2025-03-30T14:10:17.452+0000] {processor.py:914} INFO - Processing file /home/airflow/.local/lib/python3.12/site-packages/airflow/example_dags/example_nested_branch_dag.py for tasks to queue
[2025-03-30T14:10:17.457+0000] {logging_mixin.py:190} INFO - [2025-03-30T14:10:17.456+0000] {dagbag.py:588} INFO - Filling up the DagBag from /home/airflow/.local/lib/python3.12/site-packages/airflow/example_dags/example_nested_branch_dag.py
[2025-03-30T14:10:17.489+0000] {processor.py:925} INFO - DAG(s) 'example_nested_branch_dag' retrieved from /home/airflow/.local/lib/python3.12/site-packages/airflow/example_dags/example_nested_branch_dag.py
[2025-03-30T14:10:17.524+0000] {logging_mixin.py:190} INFO - [2025-03-30T14:10:17.523+0000] {dag.py:3239} INFO - Sync 1 DAGs
[2025-03-30T14:10:17.571+0000] {logging_mixin.py:190} INFO - [2025-03-30T14:10:17.569+0000] {dag.py:4180} INFO - Setting next_dagrun for example_nested_branch_dag to 2025-03-29 00:00:00+00:00, run_after=2025-03-30 00:00:00+00:00
[2025-03-30T14:10:17.607+0000] {processor.py:208} INFO - Processing /home/airflow/.local/lib/python3.12/site-packages/airflow/example_dags/example_nested_branch_dag.py took 0.181 seconds
[2025-03-30T14:10:47.767+0000] {processor.py:186} INFO - Started process (PID=2105) to work on /home/airflow/.local/lib/python3.12/site-packages/airflow/example_dags/example_nested_branch_dag.py
[2025-03-30T14:10:47.768+0000] {processor.py:914} INFO - Processing file /home/airflow/.local/lib/python3.12/site-packages/airflow/example_dags/example_nested_branch_dag.py for tasks to queue
[2025-03-30T14:10:47.769+0000] {logging_mixin.py:190} INFO - [2025-03-30T14:10:47.769+0000] {dagbag.py:588} INFO - Filling up the DagBag from /home/airflow/.local/lib/python3.12/site-packages/airflow/example_dags/example_nested_branch_dag.py
[2025-03-30T14:10:47.781+0000] {processor.py:925} INFO - DAG(s) 'example_nested_branch_dag' retrieved from /home/airflow/.local/lib/python3.12/site-packages/airflow/example_dags/example_nested_branch_dag.py
[2025-03-30T14:10:47.801+0000] {logging_mixin.py:190} INFO - [2025-03-30T14:10:47.801+0000] {dag.py:3239} INFO - Sync 1 DAGs
[2025-03-30T14:10:47.825+0000] {logging_mixin.py:190} INFO - [2025-03-30T14:10:47.825+0000] {dag.py:4180} INFO - Setting next_dagrun for example_nested_branch_dag to 2025-03-29 00:00:00+00:00, run_after=2025-03-30 00:00:00+00:00
[2025-03-30T14:10:47.844+0000] {processor.py:208} INFO - Processing /home/airflow/.local/lib/python3.12/site-packages/airflow/example_dags/example_nested_branch_dag.py took 0.086 seconds
[2025-03-30T14:11:20.113+0000] {processor.py:186} INFO - Started process (PID=2181) to work on /home/airflow/.local/lib/python3.12/site-packages/airflow/example_dags/example_nested_branch_dag.py
[2025-03-30T14:11:20.114+0000] {processor.py:914} INFO - Processing file /home/airflow/.local/lib/python3.12/site-packages/airflow/example_dags/example_nested_branch_dag.py for tasks to queue
[2025-03-30T14:11:20.121+0000] {logging_mixin.py:190} INFO - [2025-03-30T14:11:20.120+0000] {dagbag.py:588} INFO - Filling up the DagBag from /home/airflow/.local/lib/python3.12/site-packages/airflow/example_dags/example_nested_branch_dag.py
[2025-03-30T14:11:20.157+0000] {processor.py:925} INFO - DAG(s) 'example_nested_branch_dag' retrieved from /home/airflow/.local/lib/python3.12/site-packages/airflow/example_dags/example_nested_branch_dag.py
[2025-03-30T14:11:20.235+0000] {logging_mixin.py:190} INFO - [2025-03-30T14:11:20.230+0000] {dag.py:3239} INFO - Sync 1 DAGs
[2025-03-30T14:11:20.286+0000] {logging_mixin.py:190} INFO - [2025-03-30T14:11:20.286+0000] {dag.py:4180} INFO - Setting next_dagrun for example_nested_branch_dag to 2025-03-29 00:00:00+00:00, run_after=2025-03-30 00:00:00+00:00
[2025-03-30T14:11:20.364+0000] {processor.py:208} INFO - Processing /home/airflow/.local/lib/python3.12/site-packages/airflow/example_dags/example_nested_branch_dag.py took 0.285 seconds
[2025-03-30T14:11:50.659+0000] {processor.py:186} INFO - Started process (PID=2255) to work on /home/airflow/.local/lib/python3.12/site-packages/airflow/example_dags/example_nested_branch_dag.py
[2025-03-30T14:11:50.659+0000] {processor.py:914} INFO - Processing file /home/airflow/.local/lib/python3.12/site-packages/airflow/example_dags/example_nested_branch_dag.py for tasks to queue
[2025-03-30T14:11:50.661+0000] {logging_mixin.py:190} INFO - [2025-03-30T14:11:50.660+0000] {dagbag.py:588} INFO - Filling up the DagBag from /home/airflow/.local/lib/python3.12/site-packages/airflow/example_dags/example_nested_branch_dag.py
[2025-03-30T14:11:50.673+0000] {processor.py:925} INFO - DAG(s) 'example_nested_branch_dag' retrieved from /home/airflow/.local/lib/python3.12/site-packages/airflow/example_dags/example_nested_branch_dag.py
[2025-03-30T14:11:50.697+0000] {logging_mixin.py:190} INFO - [2025-03-30T14:11:50.697+0000] {dag.py:3239} INFO - Sync 1 DAGs
[2025-03-30T14:11:50.723+0000] {logging_mixin.py:190} INFO - [2025-03-30T14:11:50.722+0000] {dag.py:4180} INFO - Setting next_dagrun for example_nested_branch_dag to 2025-03-29 00:00:00+00:00, run_after=2025-03-30 00:00:00+00:00
[2025-03-30T14:11:50.745+0000] {processor.py:208} INFO - Processing /home/airflow/.local/lib/python3.12/site-packages/airflow/example_dags/example_nested_branch_dag.py took 0.096 seconds
[2025-03-30T14:12:23.484+0000] {processor.py:186} INFO - Started process (PID=2331) to work on /home/airflow/.local/lib/python3.12/site-packages/airflow/example_dags/example_nested_branch_dag.py
[2025-03-30T14:12:23.485+0000] {processor.py:914} INFO - Processing file /home/airflow/.local/lib/python3.12/site-packages/airflow/example_dags/example_nested_branch_dag.py for tasks to queue
[2025-03-30T14:12:23.486+0000] {logging_mixin.py:190} INFO - [2025-03-30T14:12:23.486+0000] {dagbag.py:588} INFO - Filling up the DagBag from /home/airflow/.local/lib/python3.12/site-packages/airflow/example_dags/example_nested_branch_dag.py
[2025-03-30T14:12:23.509+0000] {processor.py:925} INFO - DAG(s) 'example_nested_branch_dag' retrieved from /home/airflow/.local/lib/python3.12/site-packages/airflow/example_dags/example_nested_branch_dag.py
[2025-03-30T14:12:23.553+0000] {logging_mixin.py:190} INFO - [2025-03-30T14:12:23.553+0000] {dag.py:3239} INFO - Sync 1 DAGs
[2025-03-30T14:12:23.585+0000] {logging_mixin.py:190} INFO - [2025-03-30T14:12:23.584+0000] {dag.py:4180} INFO - Setting next_dagrun for example_nested_branch_dag to 2025-03-29 00:00:00+00:00, run_after=2025-03-30 00:00:00+00:00
[2025-03-30T14:12:23.611+0000] {processor.py:208} INFO - Processing /home/airflow/.local/lib/python3.12/site-packages/airflow/example_dags/example_nested_branch_dag.py took 0.142 seconds
[2025-03-30T14:12:54.724+0000] {processor.py:186} INFO - Started process (PID=2405) to work on /home/airflow/.local/lib/python3.12/site-packages/airflow/example_dags/example_nested_branch_dag.py
[2025-03-30T14:12:54.725+0000] {processor.py:914} INFO - Processing file /home/airflow/.local/lib/python3.12/site-packages/airflow/example_dags/example_nested_branch_dag.py for tasks to queue
[2025-03-30T14:12:54.726+0000] {logging_mixin.py:190} INFO - [2025-03-30T14:12:54.726+0000] {dagbag.py:588} INFO - Filling up the DagBag from /home/airflow/.local/lib/python3.12/site-packages/airflow/example_dags/example_nested_branch_dag.py
[2025-03-30T14:12:54.737+0000] {processor.py:925} INFO - DAG(s) 'example_nested_branch_dag' retrieved from /home/airflow/.local/lib/python3.12/site-packages/airflow/example_dags/example_nested_branch_dag.py
[2025-03-30T14:12:54.755+0000] {logging_mixin.py:190} INFO - [2025-03-30T14:12:54.755+0000] {dag.py:3239} INFO - Sync 1 DAGs
[2025-03-30T14:12:54.779+0000] {logging_mixin.py:190} INFO - [2025-03-30T14:12:54.779+0000] {dag.py:4180} INFO - Setting next_dagrun for example_nested_branch_dag to 2025-03-29 00:00:00+00:00, run_after=2025-03-30 00:00:00+00:00
[2025-03-30T14:12:54.798+0000] {processor.py:208} INFO - Processing /home/airflow/.local/lib/python3.12/site-packages/airflow/example_dags/example_nested_branch_dag.py took 0.082 seconds
[2025-03-30T14:13:25.731+0000] {processor.py:186} INFO - Started process (PID=2480) to work on /home/airflow/.local/lib/python3.12/site-packages/airflow/example_dags/example_nested_branch_dag.py
[2025-03-30T14:13:25.731+0000] {processor.py:914} INFO - Processing file /home/airflow/.local/lib/python3.12/site-packages/airflow/example_dags/example_nested_branch_dag.py for tasks to queue
[2025-03-30T14:13:25.732+0000] {logging_mixin.py:190} INFO - [2025-03-30T14:13:25.732+0000] {dagbag.py:588} INFO - Filling up the DagBag from /home/airflow/.local/lib/python3.12/site-packages/airflow/example_dags/example_nested_branch_dag.py
[2025-03-30T14:13:25.743+0000] {processor.py:925} INFO - DAG(s) 'example_nested_branch_dag' retrieved from /home/airflow/.local/lib/python3.12/site-packages/airflow/example_dags/example_nested_branch_dag.py
[2025-03-30T14:13:25.764+0000] {logging_mixin.py:190} INFO - [2025-03-30T14:13:25.763+0000] {dag.py:3239} INFO - Sync 1 DAGs
[2025-03-30T14:13:25.788+0000] {logging_mixin.py:190} INFO - [2025-03-30T14:13:25.787+0000] {dag.py:4180} INFO - Setting next_dagrun for example_nested_branch_dag to 2025-03-29 00:00:00+00:00, run_after=2025-03-30 00:00:00+00:00
[2025-03-30T14:13:25.803+0000] {processor.py:208} INFO - Processing /home/airflow/.local/lib/python3.12/site-packages/airflow/example_dags/example_nested_branch_dag.py took 0.080 seconds
[2025-03-30T14:13:56.508+0000] {processor.py:186} INFO - Started process (PID=2556) to work on /home/airflow/.local/lib/python3.12/site-packages/airflow/example_dags/example_nested_branch_dag.py
[2025-03-30T14:13:56.509+0000] {processor.py:914} INFO - Processing file /home/airflow/.local/lib/python3.12/site-packages/airflow/example_dags/example_nested_branch_dag.py for tasks to queue
[2025-03-30T14:13:56.510+0000] {logging_mixin.py:190} INFO - [2025-03-30T14:13:56.509+0000] {dagbag.py:588} INFO - Filling up the DagBag from /home/airflow/.local/lib/python3.12/site-packages/airflow/example_dags/example_nested_branch_dag.py
[2025-03-30T14:13:56.519+0000] {processor.py:925} INFO - DAG(s) 'example_nested_branch_dag' retrieved from /home/airflow/.local/lib/python3.12/site-packages/airflow/example_dags/example_nested_branch_dag.py
[2025-03-30T14:13:56.539+0000] {logging_mixin.py:190} INFO - [2025-03-30T14:13:56.538+0000] {dag.py:3239} INFO - Sync 1 DAGs
[2025-03-30T14:13:56.562+0000] {logging_mixin.py:190} INFO - [2025-03-30T14:13:56.562+0000] {dag.py:4180} INFO - Setting next_dagrun for example_nested_branch_dag to 2025-03-29 00:00:00+00:00, run_after=2025-03-30 00:00:00+00:00
[2025-03-30T14:13:56.576+0000] {processor.py:208} INFO - Processing /home/airflow/.local/lib/python3.12/site-packages/airflow/example_dags/example_nested_branch_dag.py took 0.076 seconds
[2025-03-30T14:14:27.880+0000] {processor.py:186} INFO - Started process (PID=2631) to work on /home/airflow/.local/lib/python3.12/site-packages/airflow/example_dags/example_nested_branch_dag.py
[2025-03-30T14:14:27.881+0000] {processor.py:914} INFO - Processing file /home/airflow/.local/lib/python3.12/site-packages/airflow/example_dags/example_nested_branch_dag.py for tasks to queue
[2025-03-30T14:14:27.883+0000] {logging_mixin.py:190} INFO - [2025-03-30T14:14:27.882+0000] {dagbag.py:588} INFO - Filling up the DagBag from /home/airflow/.local/lib/python3.12/site-packages/airflow/example_dags/example_nested_branch_dag.py
[2025-03-30T14:14:27.895+0000] {processor.py:925} INFO - DAG(s) 'example_nested_branch_dag' retrieved from /home/airflow/.local/lib/python3.12/site-packages/airflow/example_dags/example_nested_branch_dag.py
[2025-03-30T14:14:27.916+0000] {logging_mixin.py:190} INFO - [2025-03-30T14:14:27.916+0000] {dag.py:3239} INFO - Sync 1 DAGs
[2025-03-30T14:14:27.942+0000] {logging_mixin.py:190} INFO - [2025-03-30T14:14:27.942+0000] {dag.py:4180} INFO - Setting next_dagrun for example_nested_branch_dag to 2025-03-29 00:00:00+00:00, run_after=2025-03-30 00:00:00+00:00
[2025-03-30T14:14:27.974+0000] {processor.py:208} INFO - Processing /home/airflow/.local/lib/python3.12/site-packages/airflow/example_dags/example_nested_branch_dag.py took 0.106 seconds
[2025-03-30T14:14:59.093+0000] {processor.py:186} INFO - Started process (PID=2706) to work on /home/airflow/.local/lib/python3.12/site-packages/airflow/example_dags/example_nested_branch_dag.py
[2025-03-30T14:14:59.094+0000] {processor.py:914} INFO - Processing file /home/airflow/.local/lib/python3.12/site-packages/airflow/example_dags/example_nested_branch_dag.py for tasks to queue
[2025-03-30T14:14:59.095+0000] {logging_mixin.py:190} INFO - [2025-03-30T14:14:59.095+0000] {dagbag.py:588} INFO - Filling up the DagBag from /home/airflow/.local/lib/python3.12/site-packages/airflow/example_dags/example_nested_branch_dag.py
[2025-03-30T14:14:59.106+0000] {processor.py:925} INFO - DAG(s) 'example_nested_branch_dag' retrieved from /home/airflow/.local/lib/python3.12/site-packages/airflow/example_dags/example_nested_branch_dag.py
[2025-03-30T14:14:59.126+0000] {logging_mixin.py:190} INFO - [2025-03-30T14:14:59.125+0000] {dag.py:3239} INFO - Sync 1 DAGs
[2025-03-30T14:14:59.148+0000] {logging_mixin.py:190} INFO - [2025-03-30T14:14:59.148+0000] {dag.py:4180} INFO - Setting next_dagrun for example_nested_branch_dag to 2025-03-29 00:00:00+00:00, run_after=2025-03-30 00:00:00+00:00
[2025-03-30T14:14:59.167+0000] {processor.py:208} INFO - Processing /home/airflow/.local/lib/python3.12/site-packages/airflow/example_dags/example_nested_branch_dag.py took 0.082 seconds
[2025-03-30T14:15:29.594+0000] {processor.py:186} INFO - Started process (PID=2769) to work on /home/airflow/.local/lib/python3.12/site-packages/airflow/example_dags/example_nested_branch_dag.py
[2025-03-30T14:15:29.594+0000] {processor.py:914} INFO - Processing file /home/airflow/.local/lib/python3.12/site-packages/airflow/example_dags/example_nested_branch_dag.py for tasks to queue
[2025-03-30T14:15:29.596+0000] {logging_mixin.py:190} INFO - [2025-03-30T14:15:29.596+0000] {dagbag.py:588} INFO - Filling up the DagBag from /home/airflow/.local/lib/python3.12/site-packages/airflow/example_dags/example_nested_branch_dag.py
[2025-03-30T14:15:29.606+0000] {processor.py:925} INFO - DAG(s) 'example_nested_branch_dag' retrieved from /home/airflow/.local/lib/python3.12/site-packages/airflow/example_dags/example_nested_branch_dag.py
[2025-03-30T14:15:29.625+0000] {logging_mixin.py:190} INFO - [2025-03-30T14:15:29.625+0000] {dag.py:3239} INFO - Sync 1 DAGs
[2025-03-30T14:15:29.647+0000] {logging_mixin.py:190} INFO - [2025-03-30T14:15:29.647+0000] {dag.py:4180} INFO - Setting next_dagrun for example_nested_branch_dag to 2025-03-29 00:00:00+00:00, run_after=2025-03-30 00:00:00+00:00
[2025-03-30T14:15:29.664+0000] {processor.py:208} INFO - Processing /home/airflow/.local/lib/python3.12/site-packages/airflow/example_dags/example_nested_branch_dag.py took 0.079 seconds
[2025-03-30T14:16:00.422+0000] {processor.py:186} INFO - Started process (PID=2844) to work on /home/airflow/.local/lib/python3.12/site-packages/airflow/example_dags/example_nested_branch_dag.py
[2025-03-30T14:16:00.423+0000] {processor.py:914} INFO - Processing file /home/airflow/.local/lib/python3.12/site-packages/airflow/example_dags/example_nested_branch_dag.py for tasks to queue
[2025-03-30T14:16:00.424+0000] {logging_mixin.py:190} INFO - [2025-03-30T14:16:00.424+0000] {dagbag.py:588} INFO - Filling up the DagBag from /home/airflow/.local/lib/python3.12/site-packages/airflow/example_dags/example_nested_branch_dag.py
[2025-03-30T14:16:00.434+0000] {processor.py:925} INFO - DAG(s) 'example_nested_branch_dag' retrieved from /home/airflow/.local/lib/python3.12/site-packages/airflow/example_dags/example_nested_branch_dag.py
[2025-03-30T14:16:00.452+0000] {logging_mixin.py:190} INFO - [2025-03-30T14:16:00.451+0000] {dag.py:3239} INFO - Sync 1 DAGs
[2025-03-30T14:16:00.472+0000] {logging_mixin.py:190} INFO - [2025-03-30T14:16:00.472+0000] {dag.py:4180} INFO - Setting next_dagrun for example_nested_branch_dag to 2025-03-29 00:00:00+00:00, run_after=2025-03-30 00:00:00+00:00
[2025-03-30T14:16:00.486+0000] {processor.py:208} INFO - Processing /home/airflow/.local/lib/python3.12/site-packages/airflow/example_dags/example_nested_branch_dag.py took 0.070 seconds
[2025-03-30T14:16:31.199+0000] {processor.py:186} INFO - Started process (PID=2918) to work on /home/airflow/.local/lib/python3.12/site-packages/airflow/example_dags/example_nested_branch_dag.py
[2025-03-30T14:16:31.200+0000] {processor.py:914} INFO - Processing file /home/airflow/.local/lib/python3.12/site-packages/airflow/example_dags/example_nested_branch_dag.py for tasks to queue
[2025-03-30T14:16:31.201+0000] {logging_mixin.py:190} INFO - [2025-03-30T14:16:31.200+0000] {dagbag.py:588} INFO - Filling up the DagBag from /home/airflow/.local/lib/python3.12/site-packages/airflow/example_dags/example_nested_branch_dag.py
[2025-03-30T14:16:31.213+0000] {processor.py:925} INFO - DAG(s) 'example_nested_branch_dag' retrieved from /home/airflow/.local/lib/python3.12/site-packages/airflow/example_dags/example_nested_branch_dag.py
[2025-03-30T14:16:31.234+0000] {logging_mixin.py:190} INFO - [2025-03-30T14:16:31.234+0000] {dag.py:3239} INFO - Sync 1 DAGs
[2025-03-30T14:16:31.259+0000] {logging_mixin.py:190} INFO - [2025-03-30T14:16:31.258+0000] {dag.py:4180} INFO - Setting next_dagrun for example_nested_branch_dag to 2025-03-29 00:00:00+00:00, run_after=2025-03-30 00:00:00+00:00
[2025-03-30T14:16:31.286+0000] {processor.py:208} INFO - Processing /home/airflow/.local/lib/python3.12/site-packages/airflow/example_dags/example_nested_branch_dag.py took 0.096 seconds
[2025-03-30T14:17:02.267+0000] {processor.py:186} INFO - Started process (PID=2993) to work on /home/airflow/.local/lib/python3.12/site-packages/airflow/example_dags/example_nested_branch_dag.py
[2025-03-30T14:17:02.268+0000] {processor.py:914} INFO - Processing file /home/airflow/.local/lib/python3.12/site-packages/airflow/example_dags/example_nested_branch_dag.py for tasks to queue
[2025-03-30T14:17:02.269+0000] {logging_mixin.py:190} INFO - [2025-03-30T14:17:02.268+0000] {dagbag.py:588} INFO - Filling up the DagBag from /home/airflow/.local/lib/python3.12/site-packages/airflow/example_dags/example_nested_branch_dag.py
[2025-03-30T14:17:02.278+0000] {processor.py:925} INFO - DAG(s) 'example_nested_branch_dag' retrieved from /home/airflow/.local/lib/python3.12/site-packages/airflow/example_dags/example_nested_branch_dag.py
[2025-03-30T14:17:02.296+0000] {logging_mixin.py:190} INFO - [2025-03-30T14:17:02.296+0000] {dag.py:3239} INFO - Sync 1 DAGs
[2025-03-30T14:17:02.321+0000] {logging_mixin.py:190} INFO - [2025-03-30T14:17:02.321+0000] {dag.py:4180} INFO - Setting next_dagrun for example_nested_branch_dag to 2025-03-29 00:00:00+00:00, run_after=2025-03-30 00:00:00+00:00
[2025-03-30T14:17:02.344+0000] {processor.py:208} INFO - Processing /home/airflow/.local/lib/python3.12/site-packages/airflow/example_dags/example_nested_branch_dag.py took 0.084 seconds
[2025-03-30T14:17:33.551+0000] {processor.py:186} INFO - Started process (PID=3068) to work on /home/airflow/.local/lib/python3.12/site-packages/airflow/example_dags/example_nested_branch_dag.py
[2025-03-30T14:17:33.551+0000] {processor.py:914} INFO - Processing file /home/airflow/.local/lib/python3.12/site-packages/airflow/example_dags/example_nested_branch_dag.py for tasks to queue
[2025-03-30T14:17:33.553+0000] {logging_mixin.py:190} INFO - [2025-03-30T14:17:33.552+0000] {dagbag.py:588} INFO - Filling up the DagBag from /home/airflow/.local/lib/python3.12/site-packages/airflow/example_dags/example_nested_branch_dag.py
[2025-03-30T14:17:33.562+0000] {processor.py:925} INFO - DAG(s) 'example_nested_branch_dag' retrieved from /home/airflow/.local/lib/python3.12/site-packages/airflow/example_dags/example_nested_branch_dag.py
[2025-03-30T14:17:33.580+0000] {logging_mixin.py:190} INFO - [2025-03-30T14:17:33.579+0000] {dag.py:3239} INFO - Sync 1 DAGs
[2025-03-30T14:17:33.599+0000] {logging_mixin.py:190} INFO - [2025-03-30T14:17:33.598+0000] {dag.py:4180} INFO - Setting next_dagrun for example_nested_branch_dag to 2025-03-29 00:00:00+00:00, run_after=2025-03-30 00:00:00+00:00
[2025-03-30T14:17:33.614+0000] {processor.py:208} INFO - Processing /home/airflow/.local/lib/python3.12/site-packages/airflow/example_dags/example_nested_branch_dag.py took 0.071 seconds
[2025-03-30T14:18:05.500+0000] {processor.py:186} INFO - Started process (PID=3144) to work on /home/airflow/.local/lib/python3.12/site-packages/airflow/example_dags/example_nested_branch_dag.py
[2025-03-30T14:18:05.501+0000] {processor.py:914} INFO - Processing file /home/airflow/.local/lib/python3.12/site-packages/airflow/example_dags/example_nested_branch_dag.py for tasks to queue
[2025-03-30T14:18:05.502+0000] {logging_mixin.py:190} INFO - [2025-03-30T14:18:05.502+0000] {dagbag.py:588} INFO - Filling up the DagBag from /home/airflow/.local/lib/python3.12/site-packages/airflow/example_dags/example_nested_branch_dag.py
[2025-03-30T14:18:05.512+0000] {processor.py:925} INFO - DAG(s) 'example_nested_branch_dag' retrieved from /home/airflow/.local/lib/python3.12/site-packages/airflow/example_dags/example_nested_branch_dag.py
[2025-03-30T14:18:05.532+0000] {logging_mixin.py:190} INFO - [2025-03-30T14:18:05.532+0000] {dag.py:3239} INFO - Sync 1 DAGs
[2025-03-30T14:18:05.552+0000] {logging_mixin.py:190} INFO - [2025-03-30T14:18:05.552+0000] {dag.py:4180} INFO - Setting next_dagrun for example_nested_branch_dag to 2025-03-29 00:00:00+00:00, run_after=2025-03-30 00:00:00+00:00
[2025-03-30T14:18:05.569+0000] {processor.py:208} INFO - Processing /home/airflow/.local/lib/python3.12/site-packages/airflow/example_dags/example_nested_branch_dag.py took 0.077 seconds
