[2025-03-30T13:57:19.876+0000] {processor.py:186} INFO - Started process (PID=102) to work on /home/airflow/.local/lib/python3.12/site-packages/airflow/example_dags/example_python_operator.py
[2025-03-30T13:57:19.877+0000] {processor.py:914} INFO - Processing file /home/airflow/.local/lib/python3.12/site-packages/airflow/example_dags/example_python_operator.py for tasks to queue
[2025-03-30T13:57:19.881+0000] {logging_mixin.py:190} INFO - [2025-03-30T13:57:19.880+0000] {dagbag.py:588} INFO - Filling up the DagBag from /home/airflow/.local/lib/python3.12/site-packages/airflow/example_dags/example_python_operator.py
[2025-03-30T13:57:19.917+0000] {processor.py:925} INFO - DAG(s) 'example_python_operator' retrieved from /home/airflow/.local/lib/python3.12/site-packages/airflow/example_dags/example_python_operator.py
[2025-03-30T13:57:20.090+0000] {logging_mixin.py:190} INFO - [2025-03-30T13:57:20.090+0000] {dag.py:3239} INFO - Sync 1 DAGs
[2025-03-30T13:57:20.119+0000] {logging_mixin.py:190} INFO - [2025-03-30T13:57:20.119+0000] {dag.py:4180} INFO - Setting next_dagrun for example_python_operator to None, run_after=None
[2025-03-30T13:57:20.152+0000] {processor.py:208} INFO - Processing /home/airflow/.local/lib/python3.12/site-packages/airflow/example_dags/example_python_operator.py took 0.284 seconds
[2025-03-30T13:57:52.740+0000] {processor.py:186} INFO - Started process (PID=177) to work on /home/airflow/.local/lib/python3.12/site-packages/airflow/example_dags/example_python_operator.py
[2025-03-30T13:57:52.741+0000] {processor.py:914} INFO - Processing file /home/airflow/.local/lib/python3.12/site-packages/airflow/example_dags/example_python_operator.py for tasks to queue
[2025-03-30T13:57:52.745+0000] {logging_mixin.py:190} INFO - [2025-03-30T13:57:52.744+0000] {dagbag.py:588} INFO - Filling up the DagBag from /home/airflow/.local/lib/python3.12/site-packages/airflow/example_dags/example_python_operator.py
[2025-03-30T13:57:52.771+0000] {processor.py:925} INFO - DAG(s) 'example_python_operator' retrieved from /home/airflow/.local/lib/python3.12/site-packages/airflow/example_dags/example_python_operator.py
[2025-03-30T13:57:52.796+0000] {logging_mixin.py:190} INFO - [2025-03-30T13:57:52.795+0000] {dag.py:3239} INFO - Sync 1 DAGs
[2025-03-30T13:57:52.810+0000] {logging_mixin.py:190} INFO - [2025-03-30T13:57:52.810+0000] {dag.py:4180} INFO - Setting next_dagrun for example_python_operator to None, run_after=None
[2025-03-30T13:57:52.838+0000] {processor.py:208} INFO - Processing /home/airflow/.local/lib/python3.12/site-packages/airflow/example_dags/example_python_operator.py took 0.103 seconds
[2025-03-30T13:58:23.671+0000] {processor.py:186} INFO - Started process (PID=252) to work on /home/airflow/.local/lib/python3.12/site-packages/airflow/example_dags/example_python_operator.py
[2025-03-30T13:58:23.672+0000] {processor.py:914} INFO - Processing file /home/airflow/.local/lib/python3.12/site-packages/airflow/example_dags/example_python_operator.py for tasks to queue
[2025-03-30T13:58:23.674+0000] {logging_mixin.py:190} INFO - [2025-03-30T13:58:23.674+0000] {dagbag.py:588} INFO - Filling up the DagBag from /home/airflow/.local/lib/python3.12/site-packages/airflow/example_dags/example_python_operator.py
[2025-03-30T13:58:23.691+0000] {processor.py:925} INFO - DAG(s) 'example_python_operator' retrieved from /home/airflow/.local/lib/python3.12/site-packages/airflow/example_dags/example_python_operator.py
[2025-03-30T13:58:23.711+0000] {logging_mixin.py:190} INFO - [2025-03-30T13:58:23.711+0000] {dag.py:3239} INFO - Sync 1 DAGs
[2025-03-30T13:58:23.722+0000] {logging_mixin.py:190} INFO - [2025-03-30T13:58:23.722+0000] {dag.py:4180} INFO - Setting next_dagrun for example_python_operator to None, run_after=None
[2025-03-30T13:58:23.741+0000] {processor.py:208} INFO - Processing /home/airflow/.local/lib/python3.12/site-packages/airflow/example_dags/example_python_operator.py took 0.074 seconds
[2025-03-30T13:58:54.052+0000] {processor.py:186} INFO - Started process (PID=327) to work on /home/airflow/.local/lib/python3.12/site-packages/airflow/example_dags/example_python_operator.py
[2025-03-30T13:58:54.056+0000] {processor.py:914} INFO - Processing file /home/airflow/.local/lib/python3.12/site-packages/airflow/example_dags/example_python_operator.py for tasks to queue
[2025-03-30T13:58:54.058+0000] {logging_mixin.py:190} INFO - [2025-03-30T13:58:54.057+0000] {dagbag.py:588} INFO - Filling up the DagBag from /home/airflow/.local/lib/python3.12/site-packages/airflow/example_dags/example_python_operator.py
[2025-03-30T13:58:54.071+0000] {processor.py:925} INFO - DAG(s) 'example_python_operator' retrieved from /home/airflow/.local/lib/python3.12/site-packages/airflow/example_dags/example_python_operator.py
[2025-03-30T13:58:54.092+0000] {logging_mixin.py:190} INFO - [2025-03-30T13:58:54.092+0000] {dag.py:3239} INFO - Sync 1 DAGs
[2025-03-30T13:58:54.105+0000] {logging_mixin.py:190} INFO - [2025-03-30T13:58:54.105+0000] {dag.py:4180} INFO - Setting next_dagrun for example_python_operator to None, run_after=None
[2025-03-30T13:58:54.126+0000] {processor.py:208} INFO - Processing /home/airflow/.local/lib/python3.12/site-packages/airflow/example_dags/example_python_operator.py took 0.081 seconds
[2025-03-30T13:59:24.320+0000] {processor.py:186} INFO - Started process (PID=402) to work on /home/airflow/.local/lib/python3.12/site-packages/airflow/example_dags/example_python_operator.py
[2025-03-30T13:59:24.321+0000] {processor.py:914} INFO - Processing file /home/airflow/.local/lib/python3.12/site-packages/airflow/example_dags/example_python_operator.py for tasks to queue
[2025-03-30T13:59:24.323+0000] {logging_mixin.py:190} INFO - [2025-03-30T13:59:24.322+0000] {dagbag.py:588} INFO - Filling up the DagBag from /home/airflow/.local/lib/python3.12/site-packages/airflow/example_dags/example_python_operator.py
[2025-03-30T13:59:24.334+0000] {processor.py:925} INFO - DAG(s) 'example_python_operator' retrieved from /home/airflow/.local/lib/python3.12/site-packages/airflow/example_dags/example_python_operator.py
[2025-03-30T13:59:24.352+0000] {logging_mixin.py:190} INFO - [2025-03-30T13:59:24.352+0000] {dag.py:3239} INFO - Sync 1 DAGs
[2025-03-30T13:59:24.364+0000] {logging_mixin.py:190} INFO - [2025-03-30T13:59:24.364+0000] {dag.py:4180} INFO - Setting next_dagrun for example_python_operator to None, run_after=None
[2025-03-30T13:59:24.378+0000] {processor.py:208} INFO - Processing /home/airflow/.local/lib/python3.12/site-packages/airflow/example_dags/example_python_operator.py took 0.062 seconds
[2025-03-30T13:59:55.139+0000] {processor.py:186} INFO - Started process (PID=477) to work on /home/airflow/.local/lib/python3.12/site-packages/airflow/example_dags/example_python_operator.py
[2025-03-30T13:59:55.139+0000] {processor.py:914} INFO - Processing file /home/airflow/.local/lib/python3.12/site-packages/airflow/example_dags/example_python_operator.py for tasks to queue
[2025-03-30T13:59:55.141+0000] {logging_mixin.py:190} INFO - [2025-03-30T13:59:55.141+0000] {dagbag.py:588} INFO - Filling up the DagBag from /home/airflow/.local/lib/python3.12/site-packages/airflow/example_dags/example_python_operator.py
[2025-03-30T13:59:55.152+0000] {processor.py:925} INFO - DAG(s) 'example_python_operator' retrieved from /home/airflow/.local/lib/python3.12/site-packages/airflow/example_dags/example_python_operator.py
[2025-03-30T13:59:55.170+0000] {logging_mixin.py:190} INFO - [2025-03-30T13:59:55.169+0000] {dag.py:3239} INFO - Sync 1 DAGs
[2025-03-30T13:59:55.181+0000] {logging_mixin.py:190} INFO - [2025-03-30T13:59:55.181+0000] {dag.py:4180} INFO - Setting next_dagrun for example_python_operator to None, run_after=None
[2025-03-30T13:59:55.195+0000] {processor.py:208} INFO - Processing /home/airflow/.local/lib/python3.12/site-packages/airflow/example_dags/example_python_operator.py took 0.061 seconds
[2025-03-30T14:00:26.031+0000] {processor.py:186} INFO - Started process (PID=552) to work on /home/airflow/.local/lib/python3.12/site-packages/airflow/example_dags/example_python_operator.py
[2025-03-30T14:00:26.032+0000] {processor.py:914} INFO - Processing file /home/airflow/.local/lib/python3.12/site-packages/airflow/example_dags/example_python_operator.py for tasks to queue
[2025-03-30T14:00:26.034+0000] {logging_mixin.py:190} INFO - [2025-03-30T14:00:26.034+0000] {dagbag.py:588} INFO - Filling up the DagBag from /home/airflow/.local/lib/python3.12/site-packages/airflow/example_dags/example_python_operator.py
[2025-03-30T14:00:26.045+0000] {processor.py:925} INFO - DAG(s) 'example_python_operator' retrieved from /home/airflow/.local/lib/python3.12/site-packages/airflow/example_dags/example_python_operator.py
[2025-03-30T14:00:26.064+0000] {logging_mixin.py:190} INFO - [2025-03-30T14:00:26.063+0000] {dag.py:3239} INFO - Sync 1 DAGs
[2025-03-30T14:00:26.075+0000] {logging_mixin.py:190} INFO - [2025-03-30T14:00:26.075+0000] {dag.py:4180} INFO - Setting next_dagrun for example_python_operator to None, run_after=None
[2025-03-30T14:00:26.088+0000] {processor.py:208} INFO - Processing /home/airflow/.local/lib/python3.12/site-packages/airflow/example_dags/example_python_operator.py took 0.062 seconds
[2025-03-30T14:00:56.895+0000] {processor.py:186} INFO - Started process (PID=627) to work on /home/airflow/.local/lib/python3.12/site-packages/airflow/example_dags/example_python_operator.py
[2025-03-30T14:00:56.896+0000] {processor.py:914} INFO - Processing file /home/airflow/.local/lib/python3.12/site-packages/airflow/example_dags/example_python_operator.py for tasks to queue
[2025-03-30T14:00:56.898+0000] {logging_mixin.py:190} INFO - [2025-03-30T14:00:56.898+0000] {dagbag.py:588} INFO - Filling up the DagBag from /home/airflow/.local/lib/python3.12/site-packages/airflow/example_dags/example_python_operator.py
[2025-03-30T14:00:56.910+0000] {processor.py:925} INFO - DAG(s) 'example_python_operator' retrieved from /home/airflow/.local/lib/python3.12/site-packages/airflow/example_dags/example_python_operator.py
[2025-03-30T14:00:56.931+0000] {logging_mixin.py:190} INFO - [2025-03-30T14:00:56.931+0000] {dag.py:3239} INFO - Sync 1 DAGs
[2025-03-30T14:00:56.947+0000] {logging_mixin.py:190} INFO - [2025-03-30T14:00:56.946+0000] {dag.py:4180} INFO - Setting next_dagrun for example_python_operator to None, run_after=None
[2025-03-30T14:00:56.972+0000] {processor.py:208} INFO - Processing /home/airflow/.local/lib/python3.12/site-packages/airflow/example_dags/example_python_operator.py took 0.082 seconds
[2025-03-30T14:01:27.712+0000] {processor.py:186} INFO - Started process (PID=702) to work on /home/airflow/.local/lib/python3.12/site-packages/airflow/example_dags/example_python_operator.py
[2025-03-30T14:01:27.713+0000] {processor.py:914} INFO - Processing file /home/airflow/.local/lib/python3.12/site-packages/airflow/example_dags/example_python_operator.py for tasks to queue
[2025-03-30T14:01:27.715+0000] {logging_mixin.py:190} INFO - [2025-03-30T14:01:27.715+0000] {dagbag.py:588} INFO - Filling up the DagBag from /home/airflow/.local/lib/python3.12/site-packages/airflow/example_dags/example_python_operator.py
[2025-03-30T14:01:27.726+0000] {processor.py:925} INFO - DAG(s) 'example_python_operator' retrieved from /home/airflow/.local/lib/python3.12/site-packages/airflow/example_dags/example_python_operator.py
[2025-03-30T14:01:27.744+0000] {logging_mixin.py:190} INFO - [2025-03-30T14:01:27.744+0000] {dag.py:3239} INFO - Sync 1 DAGs
[2025-03-30T14:01:27.756+0000] {logging_mixin.py:190} INFO - [2025-03-30T14:01:27.755+0000] {dag.py:4180} INFO - Setting next_dagrun for example_python_operator to None, run_after=None
[2025-03-30T14:01:27.768+0000] {processor.py:208} INFO - Processing /home/airflow/.local/lib/python3.12/site-packages/airflow/example_dags/example_python_operator.py took 0.061 seconds
[2025-03-30T14:01:58.792+0000] {processor.py:186} INFO - Started process (PID=789) to work on /home/airflow/.local/lib/python3.12/site-packages/airflow/example_dags/example_python_operator.py
[2025-03-30T14:01:58.793+0000] {processor.py:914} INFO - Processing file /home/airflow/.local/lib/python3.12/site-packages/airflow/example_dags/example_python_operator.py for tasks to queue
[2025-03-30T14:01:58.795+0000] {logging_mixin.py:190} INFO - [2025-03-30T14:01:58.795+0000] {dagbag.py:588} INFO - Filling up the DagBag from /home/airflow/.local/lib/python3.12/site-packages/airflow/example_dags/example_python_operator.py
[2025-03-30T14:01:58.806+0000] {processor.py:925} INFO - DAG(s) 'example_python_operator' retrieved from /home/airflow/.local/lib/python3.12/site-packages/airflow/example_dags/example_python_operator.py
[2025-03-30T14:01:58.828+0000] {logging_mixin.py:190} INFO - [2025-03-30T14:01:58.828+0000] {dag.py:3239} INFO - Sync 1 DAGs
[2025-03-30T14:01:58.847+0000] {logging_mixin.py:190} INFO - [2025-03-30T14:01:58.846+0000] {dag.py:4180} INFO - Setting next_dagrun for example_python_operator to None, run_after=None
[2025-03-30T14:01:58.865+0000] {processor.py:208} INFO - Processing /home/airflow/.local/lib/python3.12/site-packages/airflow/example_dags/example_python_operator.py took 0.078 seconds
[2025-03-30T14:02:30.047+0000] {processor.py:186} INFO - Started process (PID=864) to work on /home/airflow/.local/lib/python3.12/site-packages/airflow/example_dags/example_python_operator.py
[2025-03-30T14:02:30.048+0000] {processor.py:914} INFO - Processing file /home/airflow/.local/lib/python3.12/site-packages/airflow/example_dags/example_python_operator.py for tasks to queue
[2025-03-30T14:02:30.050+0000] {logging_mixin.py:190} INFO - [2025-03-30T14:02:30.050+0000] {dagbag.py:588} INFO - Filling up the DagBag from /home/airflow/.local/lib/python3.12/site-packages/airflow/example_dags/example_python_operator.py
[2025-03-30T14:02:30.060+0000] {processor.py:925} INFO - DAG(s) 'example_python_operator' retrieved from /home/airflow/.local/lib/python3.12/site-packages/airflow/example_dags/example_python_operator.py
[2025-03-30T14:02:30.079+0000] {logging_mixin.py:190} INFO - [2025-03-30T14:02:30.079+0000] {dag.py:3239} INFO - Sync 1 DAGs
[2025-03-30T14:02:30.093+0000] {logging_mixin.py:190} INFO - [2025-03-30T14:02:30.093+0000] {dag.py:4180} INFO - Setting next_dagrun for example_python_operator to None, run_after=None
[2025-03-30T14:02:30.109+0000] {processor.py:208} INFO - Processing /home/airflow/.local/lib/python3.12/site-packages/airflow/example_dags/example_python_operator.py took 0.066 seconds
[2025-03-30T14:03:00.851+0000] {processor.py:186} INFO - Started process (PID=939) to work on /home/airflow/.local/lib/python3.12/site-packages/airflow/example_dags/example_python_operator.py
[2025-03-30T14:03:00.852+0000] {processor.py:914} INFO - Processing file /home/airflow/.local/lib/python3.12/site-packages/airflow/example_dags/example_python_operator.py for tasks to queue
[2025-03-30T14:03:00.854+0000] {logging_mixin.py:190} INFO - [2025-03-30T14:03:00.854+0000] {dagbag.py:588} INFO - Filling up the DagBag from /home/airflow/.local/lib/python3.12/site-packages/airflow/example_dags/example_python_operator.py
[2025-03-30T14:03:00.866+0000] {processor.py:925} INFO - DAG(s) 'example_python_operator' retrieved from /home/airflow/.local/lib/python3.12/site-packages/airflow/example_dags/example_python_operator.py
[2025-03-30T14:03:00.890+0000] {logging_mixin.py:190} INFO - [2025-03-30T14:03:00.889+0000] {dag.py:3239} INFO - Sync 1 DAGs
[2025-03-30T14:03:00.905+0000] {logging_mixin.py:190} INFO - [2025-03-30T14:03:00.905+0000] {dag.py:4180} INFO - Setting next_dagrun for example_python_operator to None, run_after=None
[2025-03-30T14:03:00.923+0000] {processor.py:208} INFO - Processing /home/airflow/.local/lib/python3.12/site-packages/airflow/example_dags/example_python_operator.py took 0.077 seconds
[2025-03-30T14:03:32.046+0000] {processor.py:186} INFO - Started process (PID=1014) to work on /home/airflow/.local/lib/python3.12/site-packages/airflow/example_dags/example_python_operator.py
[2025-03-30T14:03:32.047+0000] {processor.py:914} INFO - Processing file /home/airflow/.local/lib/python3.12/site-packages/airflow/example_dags/example_python_operator.py for tasks to queue
[2025-03-30T14:03:32.050+0000] {logging_mixin.py:190} INFO - [2025-03-30T14:03:32.049+0000] {dagbag.py:588} INFO - Filling up the DagBag from /home/airflow/.local/lib/python3.12/site-packages/airflow/example_dags/example_python_operator.py
[2025-03-30T14:03:32.062+0000] {processor.py:925} INFO - DAG(s) 'example_python_operator' retrieved from /home/airflow/.local/lib/python3.12/site-packages/airflow/example_dags/example_python_operator.py
[2025-03-30T14:03:32.085+0000] {logging_mixin.py:190} INFO - [2025-03-30T14:03:32.085+0000] {dag.py:3239} INFO - Sync 1 DAGs
[2025-03-30T14:03:32.101+0000] {logging_mixin.py:190} INFO - [2025-03-30T14:03:32.100+0000] {dag.py:4180} INFO - Setting next_dagrun for example_python_operator to None, run_after=None
[2025-03-30T14:03:32.120+0000] {processor.py:208} INFO - Processing /home/airflow/.local/lib/python3.12/site-packages/airflow/example_dags/example_python_operator.py took 0.079 seconds
[2025-03-30T14:04:02.998+0000] {processor.py:186} INFO - Started process (PID=1089) to work on /home/airflow/.local/lib/python3.12/site-packages/airflow/example_dags/example_python_operator.py
[2025-03-30T14:04:02.999+0000] {processor.py:914} INFO - Processing file /home/airflow/.local/lib/python3.12/site-packages/airflow/example_dags/example_python_operator.py for tasks to queue
[2025-03-30T14:04:03.001+0000] {logging_mixin.py:190} INFO - [2025-03-30T14:04:03.001+0000] {dagbag.py:588} INFO - Filling up the DagBag from /home/airflow/.local/lib/python3.12/site-packages/airflow/example_dags/example_python_operator.py
[2025-03-30T14:04:03.013+0000] {processor.py:925} INFO - DAG(s) 'example_python_operator' retrieved from /home/airflow/.local/lib/python3.12/site-packages/airflow/example_dags/example_python_operator.py
[2025-03-30T14:04:03.038+0000] {logging_mixin.py:190} INFO - [2025-03-30T14:04:03.037+0000] {dag.py:3239} INFO - Sync 1 DAGs
[2025-03-30T14:04:03.058+0000] {logging_mixin.py:190} INFO - [2025-03-30T14:04:03.057+0000] {dag.py:4180} INFO - Setting next_dagrun for example_python_operator to None, run_after=None
[2025-03-30T14:04:03.078+0000] {processor.py:208} INFO - Processing /home/airflow/.local/lib/python3.12/site-packages/airflow/example_dags/example_python_operator.py took 0.085 seconds
[2025-03-30T14:04:34.075+0000] {processor.py:186} INFO - Started process (PID=1164) to work on /home/airflow/.local/lib/python3.12/site-packages/airflow/example_dags/example_python_operator.py
[2025-03-30T14:04:34.076+0000] {processor.py:914} INFO - Processing file /home/airflow/.local/lib/python3.12/site-packages/airflow/example_dags/example_python_operator.py for tasks to queue
[2025-03-30T14:04:34.078+0000] {logging_mixin.py:190} INFO - [2025-03-30T14:04:34.077+0000] {dagbag.py:588} INFO - Filling up the DagBag from /home/airflow/.local/lib/python3.12/site-packages/airflow/example_dags/example_python_operator.py
[2025-03-30T14:04:34.088+0000] {processor.py:925} INFO - DAG(s) 'example_python_operator' retrieved from /home/airflow/.local/lib/python3.12/site-packages/airflow/example_dags/example_python_operator.py
[2025-03-30T14:04:34.106+0000] {logging_mixin.py:190} INFO - [2025-03-30T14:04:34.106+0000] {dag.py:3239} INFO - Sync 1 DAGs
[2025-03-30T14:04:34.118+0000] {logging_mixin.py:190} INFO - [2025-03-30T14:04:34.117+0000] {dag.py:4180} INFO - Setting next_dagrun for example_python_operator to None, run_after=None
[2025-03-30T14:04:34.131+0000] {processor.py:208} INFO - Processing /home/airflow/.local/lib/python3.12/site-packages/airflow/example_dags/example_python_operator.py took 0.060 seconds
[2025-03-30T14:05:04.937+0000] {processor.py:186} INFO - Started process (PID=1239) to work on /home/airflow/.local/lib/python3.12/site-packages/airflow/example_dags/example_python_operator.py
[2025-03-30T14:05:04.938+0000] {processor.py:914} INFO - Processing file /home/airflow/.local/lib/python3.12/site-packages/airflow/example_dags/example_python_operator.py for tasks to queue
[2025-03-30T14:05:04.940+0000] {logging_mixin.py:190} INFO - [2025-03-30T14:05:04.940+0000] {dagbag.py:588} INFO - Filling up the DagBag from /home/airflow/.local/lib/python3.12/site-packages/airflow/example_dags/example_python_operator.py
[2025-03-30T14:05:04.950+0000] {processor.py:925} INFO - DAG(s) 'example_python_operator' retrieved from /home/airflow/.local/lib/python3.12/site-packages/airflow/example_dags/example_python_operator.py
[2025-03-30T14:05:04.967+0000] {logging_mixin.py:190} INFO - [2025-03-30T14:05:04.967+0000] {dag.py:3239} INFO - Sync 1 DAGs
[2025-03-30T14:05:04.980+0000] {logging_mixin.py:190} INFO - [2025-03-30T14:05:04.980+0000] {dag.py:4180} INFO - Setting next_dagrun for example_python_operator to None, run_after=None
[2025-03-30T14:05:04.996+0000] {processor.py:208} INFO - Processing /home/airflow/.local/lib/python3.12/site-packages/airflow/example_dags/example_python_operator.py took 0.064 seconds
[2025-03-30T14:05:36.174+0000] {processor.py:186} INFO - Started process (PID=1314) to work on /home/airflow/.local/lib/python3.12/site-packages/airflow/example_dags/example_python_operator.py
[2025-03-30T14:05:36.175+0000] {processor.py:914} INFO - Processing file /home/airflow/.local/lib/python3.12/site-packages/airflow/example_dags/example_python_operator.py for tasks to queue
[2025-03-30T14:05:36.177+0000] {logging_mixin.py:190} INFO - [2025-03-30T14:05:36.177+0000] {dagbag.py:588} INFO - Filling up the DagBag from /home/airflow/.local/lib/python3.12/site-packages/airflow/example_dags/example_python_operator.py
[2025-03-30T14:05:36.189+0000] {processor.py:925} INFO - DAG(s) 'example_python_operator' retrieved from /home/airflow/.local/lib/python3.12/site-packages/airflow/example_dags/example_python_operator.py
[2025-03-30T14:05:36.213+0000] {logging_mixin.py:190} INFO - [2025-03-30T14:05:36.213+0000] {dag.py:3239} INFO - Sync 1 DAGs
[2025-03-30T14:05:36.228+0000] {logging_mixin.py:190} INFO - [2025-03-30T14:05:36.227+0000] {dag.py:4180} INFO - Setting next_dagrun for example_python_operator to None, run_after=None
[2025-03-30T14:05:36.244+0000] {processor.py:208} INFO - Processing /home/airflow/.local/lib/python3.12/site-packages/airflow/example_dags/example_python_operator.py took 0.075 seconds
[2025-03-30T14:06:06.824+0000] {processor.py:186} INFO - Started process (PID=1389) to work on /home/airflow/.local/lib/python3.12/site-packages/airflow/example_dags/example_python_operator.py
[2025-03-30T14:06:06.825+0000] {processor.py:914} INFO - Processing file /home/airflow/.local/lib/python3.12/site-packages/airflow/example_dags/example_python_operator.py for tasks to queue
[2025-03-30T14:06:06.828+0000] {logging_mixin.py:190} INFO - [2025-03-30T14:06:06.827+0000] {dagbag.py:588} INFO - Filling up the DagBag from /home/airflow/.local/lib/python3.12/site-packages/airflow/example_dags/example_python_operator.py
[2025-03-30T14:06:06.840+0000] {processor.py:925} INFO - DAG(s) 'example_python_operator' retrieved from /home/airflow/.local/lib/python3.12/site-packages/airflow/example_dags/example_python_operator.py
[2025-03-30T14:06:06.863+0000] {logging_mixin.py:190} INFO - [2025-03-30T14:06:06.862+0000] {dag.py:3239} INFO - Sync 1 DAGs
[2025-03-30T14:06:06.877+0000] {logging_mixin.py:190} INFO - [2025-03-30T14:06:06.877+0000] {dag.py:4180} INFO - Setting next_dagrun for example_python_operator to None, run_after=None
[2025-03-30T14:06:06.893+0000] {processor.py:208} INFO - Processing /home/airflow/.local/lib/python3.12/site-packages/airflow/example_dags/example_python_operator.py took 0.073 seconds
[2025-03-30T14:06:39.247+0000] {processor.py:186} INFO - Started process (PID=1499) to work on /home/airflow/.local/lib/python3.12/site-packages/airflow/example_dags/example_python_operator.py
[2025-03-30T14:06:39.248+0000] {processor.py:914} INFO - Processing file /home/airflow/.local/lib/python3.12/site-packages/airflow/example_dags/example_python_operator.py for tasks to queue
[2025-03-30T14:06:39.251+0000] {logging_mixin.py:190} INFO - [2025-03-30T14:06:39.250+0000] {dagbag.py:588} INFO - Filling up the DagBag from /home/airflow/.local/lib/python3.12/site-packages/airflow/example_dags/example_python_operator.py
[2025-03-30T14:06:39.269+0000] {processor.py:925} INFO - DAG(s) 'example_python_operator' retrieved from /home/airflow/.local/lib/python3.12/site-packages/airflow/example_dags/example_python_operator.py
[2025-03-30T14:06:39.293+0000] {logging_mixin.py:190} INFO - [2025-03-30T14:06:39.292+0000] {dag.py:3239} INFO - Sync 1 DAGs
[2025-03-30T14:06:39.312+0000] {logging_mixin.py:190} INFO - [2025-03-30T14:06:39.312+0000] {dag.py:4180} INFO - Setting next_dagrun for example_python_operator to None, run_after=None
[2025-03-30T14:06:39.347+0000] {processor.py:208} INFO - Processing /home/airflow/.local/lib/python3.12/site-packages/airflow/example_dags/example_python_operator.py took 0.120 seconds
[2025-03-30T14:07:09.647+0000] {processor.py:186} INFO - Started process (PID=1561) to work on /home/airflow/.local/lib/python3.12/site-packages/airflow/example_dags/example_python_operator.py
[2025-03-30T14:07:09.650+0000] {processor.py:914} INFO - Processing file /home/airflow/.local/lib/python3.12/site-packages/airflow/example_dags/example_python_operator.py for tasks to queue
[2025-03-30T14:07:09.653+0000] {logging_mixin.py:190} INFO - [2025-03-30T14:07:09.652+0000] {dagbag.py:588} INFO - Filling up the DagBag from /home/airflow/.local/lib/python3.12/site-packages/airflow/example_dags/example_python_operator.py
[2025-03-30T14:07:09.666+0000] {processor.py:925} INFO - DAG(s) 'example_python_operator' retrieved from /home/airflow/.local/lib/python3.12/site-packages/airflow/example_dags/example_python_operator.py
[2025-03-30T14:07:09.692+0000] {logging_mixin.py:190} INFO - [2025-03-30T14:07:09.692+0000] {dag.py:3239} INFO - Sync 1 DAGs
[2025-03-30T14:07:09.709+0000] {logging_mixin.py:190} INFO - [2025-03-30T14:07:09.709+0000] {dag.py:4180} INFO - Setting next_dagrun for example_python_operator to None, run_after=None
[2025-03-30T14:07:09.741+0000] {processor.py:208} INFO - Processing /home/airflow/.local/lib/python3.12/site-packages/airflow/example_dags/example_python_operator.py took 0.110 seconds
[2025-03-30T14:07:39.876+0000] {processor.py:186} INFO - Started process (PID=1635) to work on /home/airflow/.local/lib/python3.12/site-packages/airflow/example_dags/example_python_operator.py
[2025-03-30T14:07:39.877+0000] {processor.py:914} INFO - Processing file /home/airflow/.local/lib/python3.12/site-packages/airflow/example_dags/example_python_operator.py for tasks to queue
[2025-03-30T14:07:39.878+0000] {logging_mixin.py:190} INFO - [2025-03-30T14:07:39.878+0000] {dagbag.py:588} INFO - Filling up the DagBag from /home/airflow/.local/lib/python3.12/site-packages/airflow/example_dags/example_python_operator.py
[2025-03-30T14:07:39.892+0000] {processor.py:925} INFO - DAG(s) 'example_python_operator' retrieved from /home/airflow/.local/lib/python3.12/site-packages/airflow/example_dags/example_python_operator.py
[2025-03-30T14:07:39.914+0000] {logging_mixin.py:190} INFO - [2025-03-30T14:07:39.913+0000] {dag.py:3239} INFO - Sync 1 DAGs
[2025-03-30T14:07:39.932+0000] {logging_mixin.py:190} INFO - [2025-03-30T14:07:39.931+0000] {dag.py:4180} INFO - Setting next_dagrun for example_python_operator to None, run_after=None
[2025-03-30T14:07:39.954+0000] {processor.py:208} INFO - Processing /home/airflow/.local/lib/python3.12/site-packages/airflow/example_dags/example_python_operator.py took 0.088 seconds
[2025-03-30T14:08:11.105+0000] {processor.py:186} INFO - Started process (PID=1710) to work on /home/airflow/.local/lib/python3.12/site-packages/airflow/example_dags/example_python_operator.py
[2025-03-30T14:08:11.108+0000] {processor.py:914} INFO - Processing file /home/airflow/.local/lib/python3.12/site-packages/airflow/example_dags/example_python_operator.py for tasks to queue
[2025-03-30T14:08:11.110+0000] {logging_mixin.py:190} INFO - [2025-03-30T14:08:11.110+0000] {dagbag.py:588} INFO - Filling up the DagBag from /home/airflow/.local/lib/python3.12/site-packages/airflow/example_dags/example_python_operator.py
[2025-03-30T14:08:11.131+0000] {processor.py:925} INFO - DAG(s) 'example_python_operator' retrieved from /home/airflow/.local/lib/python3.12/site-packages/airflow/example_dags/example_python_operator.py
[2025-03-30T14:08:11.169+0000] {logging_mixin.py:190} INFO - [2025-03-30T14:08:11.168+0000] {dag.py:3239} INFO - Sync 1 DAGs
[2025-03-30T14:08:11.195+0000] {logging_mixin.py:190} INFO - [2025-03-30T14:08:11.195+0000] {dag.py:4180} INFO - Setting next_dagrun for example_python_operator to None, run_after=None
[2025-03-30T14:08:11.219+0000] {processor.py:208} INFO - Processing /home/airflow/.local/lib/python3.12/site-packages/airflow/example_dags/example_python_operator.py took 0.136 seconds
[2025-03-30T14:08:41.661+0000] {processor.py:186} INFO - Started process (PID=1784) to work on /home/airflow/.local/lib/python3.12/site-packages/airflow/example_dags/example_python_operator.py
[2025-03-30T14:08:41.662+0000] {processor.py:914} INFO - Processing file /home/airflow/.local/lib/python3.12/site-packages/airflow/example_dags/example_python_operator.py for tasks to queue
[2025-03-30T14:08:41.664+0000] {logging_mixin.py:190} INFO - [2025-03-30T14:08:41.663+0000] {dagbag.py:588} INFO - Filling up the DagBag from /home/airflow/.local/lib/python3.12/site-packages/airflow/example_dags/example_python_operator.py
[2025-03-30T14:08:41.675+0000] {processor.py:925} INFO - DAG(s) 'example_python_operator' retrieved from /home/airflow/.local/lib/python3.12/site-packages/airflow/example_dags/example_python_operator.py
[2025-03-30T14:08:41.697+0000] {logging_mixin.py:190} INFO - [2025-03-30T14:08:41.697+0000] {dag.py:3239} INFO - Sync 1 DAGs
[2025-03-30T14:08:41.712+0000] {logging_mixin.py:190} INFO - [2025-03-30T14:08:41.711+0000] {dag.py:4180} INFO - Setting next_dagrun for example_python_operator to None, run_after=None
[2025-03-30T14:08:41.729+0000] {processor.py:208} INFO - Processing /home/airflow/.local/lib/python3.12/site-packages/airflow/example_dags/example_python_operator.py took 0.077 seconds
[2025-03-30T14:09:11.839+0000] {processor.py:186} INFO - Started process (PID=1858) to work on /home/airflow/.local/lib/python3.12/site-packages/airflow/example_dags/example_python_operator.py
[2025-03-30T14:09:11.840+0000] {processor.py:914} INFO - Processing file /home/airflow/.local/lib/python3.12/site-packages/airflow/example_dags/example_python_operator.py for tasks to queue
[2025-03-30T14:09:11.841+0000] {logging_mixin.py:190} INFO - [2025-03-30T14:09:11.841+0000] {dagbag.py:588} INFO - Filling up the DagBag from /home/airflow/.local/lib/python3.12/site-packages/airflow/example_dags/example_python_operator.py
[2025-03-30T14:09:11.851+0000] {processor.py:925} INFO - DAG(s) 'example_python_operator' retrieved from /home/airflow/.local/lib/python3.12/site-packages/airflow/example_dags/example_python_operator.py
[2025-03-30T14:09:11.869+0000] {logging_mixin.py:190} INFO - [2025-03-30T14:09:11.869+0000] {dag.py:3239} INFO - Sync 1 DAGs
[2025-03-30T14:09:11.881+0000] {logging_mixin.py:190} INFO - [2025-03-30T14:09:11.880+0000] {dag.py:4180} INFO - Setting next_dagrun for example_python_operator to None, run_after=None
[2025-03-30T14:09:11.894+0000] {processor.py:208} INFO - Processing /home/airflow/.local/lib/python3.12/site-packages/airflow/example_dags/example_python_operator.py took 0.062 seconds
[2025-03-30T14:09:42.860+0000] {processor.py:186} INFO - Started process (PID=1933) to work on /home/airflow/.local/lib/python3.12/site-packages/airflow/example_dags/example_python_operator.py
[2025-03-30T14:09:42.861+0000] {processor.py:914} INFO - Processing file /home/airflow/.local/lib/python3.12/site-packages/airflow/example_dags/example_python_operator.py for tasks to queue
[2025-03-30T14:09:42.863+0000] {logging_mixin.py:190} INFO - [2025-03-30T14:09:42.862+0000] {dagbag.py:588} INFO - Filling up the DagBag from /home/airflow/.local/lib/python3.12/site-packages/airflow/example_dags/example_python_operator.py
[2025-03-30T14:09:42.875+0000] {processor.py:925} INFO - DAG(s) 'example_python_operator' retrieved from /home/airflow/.local/lib/python3.12/site-packages/airflow/example_dags/example_python_operator.py
[2025-03-30T14:09:42.896+0000] {logging_mixin.py:190} INFO - [2025-03-30T14:09:42.895+0000] {dag.py:3239} INFO - Sync 1 DAGs
[2025-03-30T14:09:42.911+0000] {logging_mixin.py:190} INFO - [2025-03-30T14:09:42.911+0000] {dag.py:4180} INFO - Setting next_dagrun for example_python_operator to None, run_after=None
[2025-03-30T14:09:42.940+0000] {processor.py:208} INFO - Processing /home/airflow/.local/lib/python3.12/site-packages/airflow/example_dags/example_python_operator.py took 0.088 seconds
[2025-03-30T14:10:13.773+0000] {processor.py:186} INFO - Started process (PID=2008) to work on /home/airflow/.local/lib/python3.12/site-packages/airflow/example_dags/example_python_operator.py
[2025-03-30T14:10:13.775+0000] {processor.py:914} INFO - Processing file /home/airflow/.local/lib/python3.12/site-packages/airflow/example_dags/example_python_operator.py for tasks to queue
[2025-03-30T14:10:13.777+0000] {logging_mixin.py:190} INFO - [2025-03-30T14:10:13.777+0000] {dagbag.py:588} INFO - Filling up the DagBag from /home/airflow/.local/lib/python3.12/site-packages/airflow/example_dags/example_python_operator.py
[2025-03-30T14:10:13.797+0000] {processor.py:925} INFO - DAG(s) 'example_python_operator' retrieved from /home/airflow/.local/lib/python3.12/site-packages/airflow/example_dags/example_python_operator.py
[2025-03-30T14:10:13.855+0000] {logging_mixin.py:190} INFO - [2025-03-30T14:10:13.854+0000] {dag.py:3239} INFO - Sync 1 DAGs
[2025-03-30T14:10:13.872+0000] {logging_mixin.py:190} INFO - [2025-03-30T14:10:13.872+0000] {dag.py:4180} INFO - Setting next_dagrun for example_python_operator to None, run_after=None
[2025-03-30T14:10:13.906+0000] {processor.py:208} INFO - Processing /home/airflow/.local/lib/python3.12/site-packages/airflow/example_dags/example_python_operator.py took 0.146 seconds
[2025-03-30T14:10:44.083+0000] {processor.py:186} INFO - Started process (PID=2083) to work on /home/airflow/.local/lib/python3.12/site-packages/airflow/example_dags/example_python_operator.py
[2025-03-30T14:10:44.084+0000] {processor.py:914} INFO - Processing file /home/airflow/.local/lib/python3.12/site-packages/airflow/example_dags/example_python_operator.py for tasks to queue
[2025-03-30T14:10:44.085+0000] {logging_mixin.py:190} INFO - [2025-03-30T14:10:44.085+0000] {dagbag.py:588} INFO - Filling up the DagBag from /home/airflow/.local/lib/python3.12/site-packages/airflow/example_dags/example_python_operator.py
[2025-03-30T14:10:44.101+0000] {processor.py:925} INFO - DAG(s) 'example_python_operator' retrieved from /home/airflow/.local/lib/python3.12/site-packages/airflow/example_dags/example_python_operator.py
[2025-03-30T14:10:44.127+0000] {logging_mixin.py:190} INFO - [2025-03-30T14:10:44.127+0000] {dag.py:3239} INFO - Sync 1 DAGs
[2025-03-30T14:10:44.144+0000] {logging_mixin.py:190} INFO - [2025-03-30T14:10:44.144+0000] {dag.py:4180} INFO - Setting next_dagrun for example_python_operator to None, run_after=None
[2025-03-30T14:10:44.161+0000] {processor.py:208} INFO - Processing /home/airflow/.local/lib/python3.12/site-packages/airflow/example_dags/example_python_operator.py took 0.086 seconds
[2025-03-30T14:11:14.687+0000] {processor.py:186} INFO - Started process (PID=2158) to work on /home/airflow/.local/lib/python3.12/site-packages/airflow/example_dags/example_python_operator.py
[2025-03-30T14:11:14.689+0000] {processor.py:914} INFO - Processing file /home/airflow/.local/lib/python3.12/site-packages/airflow/example_dags/example_python_operator.py for tasks to queue
[2025-03-30T14:11:14.691+0000] {logging_mixin.py:190} INFO - [2025-03-30T14:11:14.690+0000] {dagbag.py:588} INFO - Filling up the DagBag from /home/airflow/.local/lib/python3.12/site-packages/airflow/example_dags/example_python_operator.py
[2025-03-30T14:11:14.717+0000] {processor.py:925} INFO - DAG(s) 'example_python_operator' retrieved from /home/airflow/.local/lib/python3.12/site-packages/airflow/example_dags/example_python_operator.py
[2025-03-30T14:11:14.752+0000] {logging_mixin.py:190} INFO - [2025-03-30T14:11:14.752+0000] {dag.py:3239} INFO - Sync 1 DAGs
[2025-03-30T14:11:14.775+0000] {logging_mixin.py:190} INFO - [2025-03-30T14:11:14.775+0000] {dag.py:4180} INFO - Setting next_dagrun for example_python_operator to None, run_after=None
[2025-03-30T14:11:14.810+0000] {processor.py:208} INFO - Processing /home/airflow/.local/lib/python3.12/site-packages/airflow/example_dags/example_python_operator.py took 0.160 seconds
[2025-03-30T14:11:45.226+0000] {processor.py:186} INFO - Started process (PID=2233) to work on /home/airflow/.local/lib/python3.12/site-packages/airflow/example_dags/example_python_operator.py
[2025-03-30T14:11:45.227+0000] {processor.py:914} INFO - Processing file /home/airflow/.local/lib/python3.12/site-packages/airflow/example_dags/example_python_operator.py for tasks to queue
[2025-03-30T14:11:45.229+0000] {logging_mixin.py:190} INFO - [2025-03-30T14:11:45.229+0000] {dagbag.py:588} INFO - Filling up the DagBag from /home/airflow/.local/lib/python3.12/site-packages/airflow/example_dags/example_python_operator.py
[2025-03-30T14:11:45.249+0000] {processor.py:925} INFO - DAG(s) 'example_python_operator' retrieved from /home/airflow/.local/lib/python3.12/site-packages/airflow/example_dags/example_python_operator.py
[2025-03-30T14:11:45.272+0000] {logging_mixin.py:190} INFO - [2025-03-30T14:11:45.272+0000] {dag.py:3239} INFO - Sync 1 DAGs
[2025-03-30T14:11:45.287+0000] {logging_mixin.py:190} INFO - [2025-03-30T14:11:45.286+0000] {dag.py:4180} INFO - Setting next_dagrun for example_python_operator to None, run_after=None
[2025-03-30T14:11:45.305+0000] {processor.py:208} INFO - Processing /home/airflow/.local/lib/python3.12/site-packages/airflow/example_dags/example_python_operator.py took 0.089 seconds
[2025-03-30T14:12:15.370+0000] {processor.py:186} INFO - Started process (PID=2308) to work on /home/airflow/.local/lib/python3.12/site-packages/airflow/example_dags/example_python_operator.py
[2025-03-30T14:12:15.371+0000] {processor.py:914} INFO - Processing file /home/airflow/.local/lib/python3.12/site-packages/airflow/example_dags/example_python_operator.py for tasks to queue
[2025-03-30T14:12:15.376+0000] {logging_mixin.py:190} INFO - [2025-03-30T14:12:15.374+0000] {dagbag.py:588} INFO - Filling up the DagBag from /home/airflow/.local/lib/python3.12/site-packages/airflow/example_dags/example_python_operator.py
[2025-03-30T14:12:15.398+0000] {processor.py:925} INFO - DAG(s) 'example_python_operator' retrieved from /home/airflow/.local/lib/python3.12/site-packages/airflow/example_dags/example_python_operator.py
[2025-03-30T14:12:15.469+0000] {logging_mixin.py:190} INFO - [2025-03-30T14:12:15.468+0000] {dag.py:3239} INFO - Sync 1 DAGs
[2025-03-30T14:12:15.513+0000] {logging_mixin.py:190} INFO - [2025-03-30T14:12:15.512+0000] {dag.py:4180} INFO - Setting next_dagrun for example_python_operator to None, run_after=None
[2025-03-30T14:12:15.571+0000] {processor.py:208} INFO - Processing /home/airflow/.local/lib/python3.12/site-packages/airflow/example_dags/example_python_operator.py took 0.231 seconds
[2025-03-30T14:12:46.353+0000] {processor.py:186} INFO - Started process (PID=2377) to work on /home/airflow/.local/lib/python3.12/site-packages/airflow/example_dags/example_python_operator.py
[2025-03-30T14:12:46.353+0000] {processor.py:914} INFO - Processing file /home/airflow/.local/lib/python3.12/site-packages/airflow/example_dags/example_python_operator.py for tasks to queue
[2025-03-30T14:12:46.355+0000] {logging_mixin.py:190} INFO - [2025-03-30T14:12:46.354+0000] {dagbag.py:588} INFO - Filling up the DagBag from /home/airflow/.local/lib/python3.12/site-packages/airflow/example_dags/example_python_operator.py
[2025-03-30T14:12:46.379+0000] {processor.py:925} INFO - DAG(s) 'example_python_operator' retrieved from /home/airflow/.local/lib/python3.12/site-packages/airflow/example_dags/example_python_operator.py
[2025-03-30T14:12:46.397+0000] {logging_mixin.py:190} INFO - [2025-03-30T14:12:46.397+0000] {dag.py:3239} INFO - Sync 1 DAGs
[2025-03-30T14:12:46.409+0000] {logging_mixin.py:190} INFO - [2025-03-30T14:12:46.409+0000] {dag.py:4180} INFO - Setting next_dagrun for example_python_operator to None, run_after=None
[2025-03-30T14:12:46.424+0000] {processor.py:208} INFO - Processing /home/airflow/.local/lib/python3.12/site-packages/airflow/example_dags/example_python_operator.py took 0.079 seconds
[2025-03-30T14:13:16.833+0000] {processor.py:186} INFO - Started process (PID=2452) to work on /home/airflow/.local/lib/python3.12/site-packages/airflow/example_dags/example_python_operator.py
[2025-03-30T14:13:16.834+0000] {processor.py:914} INFO - Processing file /home/airflow/.local/lib/python3.12/site-packages/airflow/example_dags/example_python_operator.py for tasks to queue
[2025-03-30T14:13:16.835+0000] {logging_mixin.py:190} INFO - [2025-03-30T14:13:16.835+0000] {dagbag.py:588} INFO - Filling up the DagBag from /home/airflow/.local/lib/python3.12/site-packages/airflow/example_dags/example_python_operator.py
[2025-03-30T14:13:16.848+0000] {processor.py:925} INFO - DAG(s) 'example_python_operator' retrieved from /home/airflow/.local/lib/python3.12/site-packages/airflow/example_dags/example_python_operator.py
[2025-03-30T14:13:16.869+0000] {logging_mixin.py:190} INFO - [2025-03-30T14:13:16.869+0000] {dag.py:3239} INFO - Sync 1 DAGs
[2025-03-30T14:13:16.883+0000] {logging_mixin.py:190} INFO - [2025-03-30T14:13:16.883+0000] {dag.py:4180} INFO - Setting next_dagrun for example_python_operator to None, run_after=None
[2025-03-30T14:13:16.903+0000] {processor.py:208} INFO - Processing /home/airflow/.local/lib/python3.12/site-packages/airflow/example_dags/example_python_operator.py took 0.078 seconds
[2025-03-30T14:13:46.956+0000] {processor.py:186} INFO - Started process (PID=2527) to work on /home/airflow/.local/lib/python3.12/site-packages/airflow/example_dags/example_python_operator.py
[2025-03-30T14:13:46.956+0000] {processor.py:914} INFO - Processing file /home/airflow/.local/lib/python3.12/site-packages/airflow/example_dags/example_python_operator.py for tasks to queue
[2025-03-30T14:13:46.957+0000] {logging_mixin.py:190} INFO - [2025-03-30T14:13:46.957+0000] {dagbag.py:588} INFO - Filling up the DagBag from /home/airflow/.local/lib/python3.12/site-packages/airflow/example_dags/example_python_operator.py
[2025-03-30T14:13:46.968+0000] {processor.py:925} INFO - DAG(s) 'example_python_operator' retrieved from /home/airflow/.local/lib/python3.12/site-packages/airflow/example_dags/example_python_operator.py
[2025-03-30T14:13:46.988+0000] {logging_mixin.py:190} INFO - [2025-03-30T14:13:46.987+0000] {dag.py:3239} INFO - Sync 1 DAGs
[2025-03-30T14:13:47.002+0000] {logging_mixin.py:190} INFO - [2025-03-30T14:13:47.002+0000] {dag.py:4180} INFO - Setting next_dagrun for example_python_operator to None, run_after=None
[2025-03-30T14:13:47.021+0000] {processor.py:208} INFO - Processing /home/airflow/.local/lib/python3.12/site-packages/airflow/example_dags/example_python_operator.py took 0.073 seconds
[2025-03-30T14:14:17.732+0000] {processor.py:186} INFO - Started process (PID=2602) to work on /home/airflow/.local/lib/python3.12/site-packages/airflow/example_dags/example_python_operator.py
[2025-03-30T14:14:17.733+0000] {processor.py:914} INFO - Processing file /home/airflow/.local/lib/python3.12/site-packages/airflow/example_dags/example_python_operator.py for tasks to queue
[2025-03-30T14:14:17.734+0000] {logging_mixin.py:190} INFO - [2025-03-30T14:14:17.734+0000] {dagbag.py:588} INFO - Filling up the DagBag from /home/airflow/.local/lib/python3.12/site-packages/airflow/example_dags/example_python_operator.py
[2025-03-30T14:14:17.744+0000] {processor.py:925} INFO - DAG(s) 'example_python_operator' retrieved from /home/airflow/.local/lib/python3.12/site-packages/airflow/example_dags/example_python_operator.py
[2025-03-30T14:14:17.761+0000] {logging_mixin.py:190} INFO - [2025-03-30T14:14:17.760+0000] {dag.py:3239} INFO - Sync 1 DAGs
[2025-03-30T14:14:17.773+0000] {logging_mixin.py:190} INFO - [2025-03-30T14:14:17.772+0000] {dag.py:4180} INFO - Setting next_dagrun for example_python_operator to None, run_after=None
[2025-03-30T14:14:17.796+0000] {processor.py:208} INFO - Processing /home/airflow/.local/lib/python3.12/site-packages/airflow/example_dags/example_python_operator.py took 0.070 seconds
[2025-03-30T14:14:48.504+0000] {processor.py:186} INFO - Started process (PID=2677) to work on /home/airflow/.local/lib/python3.12/site-packages/airflow/example_dags/example_python_operator.py
[2025-03-30T14:14:48.505+0000] {processor.py:914} INFO - Processing file /home/airflow/.local/lib/python3.12/site-packages/airflow/example_dags/example_python_operator.py for tasks to queue
[2025-03-30T14:14:48.507+0000] {logging_mixin.py:190} INFO - [2025-03-30T14:14:48.507+0000] {dagbag.py:588} INFO - Filling up the DagBag from /home/airflow/.local/lib/python3.12/site-packages/airflow/example_dags/example_python_operator.py
[2025-03-30T14:14:48.520+0000] {processor.py:925} INFO - DAG(s) 'example_python_operator' retrieved from /home/airflow/.local/lib/python3.12/site-packages/airflow/example_dags/example_python_operator.py
[2025-03-30T14:14:48.541+0000] {logging_mixin.py:190} INFO - [2025-03-30T14:14:48.540+0000] {dag.py:3239} INFO - Sync 1 DAGs
[2025-03-30T14:14:48.557+0000] {logging_mixin.py:190} INFO - [2025-03-30T14:14:48.556+0000] {dag.py:4180} INFO - Setting next_dagrun for example_python_operator to None, run_after=None
[2025-03-30T14:14:48.585+0000] {processor.py:208} INFO - Processing /home/airflow/.local/lib/python3.12/site-packages/airflow/example_dags/example_python_operator.py took 0.089 seconds
[2025-03-30T14:15:18.760+0000] {processor.py:186} INFO - Started process (PID=2752) to work on /home/airflow/.local/lib/python3.12/site-packages/airflow/example_dags/example_python_operator.py
[2025-03-30T14:15:18.761+0000] {processor.py:914} INFO - Processing file /home/airflow/.local/lib/python3.12/site-packages/airflow/example_dags/example_python_operator.py for tasks to queue
[2025-03-30T14:15:18.762+0000] {logging_mixin.py:190} INFO - [2025-03-30T14:15:18.762+0000] {dagbag.py:588} INFO - Filling up the DagBag from /home/airflow/.local/lib/python3.12/site-packages/airflow/example_dags/example_python_operator.py
[2025-03-30T14:15:18.772+0000] {processor.py:925} INFO - DAG(s) 'example_python_operator' retrieved from /home/airflow/.local/lib/python3.12/site-packages/airflow/example_dags/example_python_operator.py
[2025-03-30T14:15:18.789+0000] {logging_mixin.py:190} INFO - [2025-03-30T14:15:18.789+0000] {dag.py:3239} INFO - Sync 1 DAGs
[2025-03-30T14:15:18.801+0000] {logging_mixin.py:190} INFO - [2025-03-30T14:15:18.801+0000] {dag.py:4180} INFO - Setting next_dagrun for example_python_operator to None, run_after=None
[2025-03-30T14:15:18.815+0000] {processor.py:208} INFO - Processing /home/airflow/.local/lib/python3.12/site-packages/airflow/example_dags/example_python_operator.py took 0.062 seconds
[2025-03-30T14:15:49.004+0000] {processor.py:186} INFO - Started process (PID=2827) to work on /home/airflow/.local/lib/python3.12/site-packages/airflow/example_dags/example_python_operator.py
[2025-03-30T14:15:49.004+0000] {processor.py:914} INFO - Processing file /home/airflow/.local/lib/python3.12/site-packages/airflow/example_dags/example_python_operator.py for tasks to queue
[2025-03-30T14:15:49.006+0000] {logging_mixin.py:190} INFO - [2025-03-30T14:15:49.006+0000] {dagbag.py:588} INFO - Filling up the DagBag from /home/airflow/.local/lib/python3.12/site-packages/airflow/example_dags/example_python_operator.py
[2025-03-30T14:15:49.018+0000] {processor.py:925} INFO - DAG(s) 'example_python_operator' retrieved from /home/airflow/.local/lib/python3.12/site-packages/airflow/example_dags/example_python_operator.py
[2025-03-30T14:15:49.038+0000] {logging_mixin.py:190} INFO - [2025-03-30T14:15:49.038+0000] {dag.py:3239} INFO - Sync 1 DAGs
[2025-03-30T14:15:49.052+0000] {logging_mixin.py:190} INFO - [2025-03-30T14:15:49.052+0000] {dag.py:4180} INFO - Setting next_dagrun for example_python_operator to None, run_after=None
[2025-03-30T14:15:49.080+0000] {processor.py:208} INFO - Processing /home/airflow/.local/lib/python3.12/site-packages/airflow/example_dags/example_python_operator.py took 0.084 seconds
[2025-03-30T14:16:19.692+0000] {processor.py:186} INFO - Started process (PID=2902) to work on /home/airflow/.local/lib/python3.12/site-packages/airflow/example_dags/example_python_operator.py
[2025-03-30T14:16:19.693+0000] {processor.py:914} INFO - Processing file /home/airflow/.local/lib/python3.12/site-packages/airflow/example_dags/example_python_operator.py for tasks to queue
[2025-03-30T14:16:19.695+0000] {logging_mixin.py:190} INFO - [2025-03-30T14:16:19.694+0000] {dagbag.py:588} INFO - Filling up the DagBag from /home/airflow/.local/lib/python3.12/site-packages/airflow/example_dags/example_python_operator.py
[2025-03-30T14:16:19.707+0000] {processor.py:925} INFO - DAG(s) 'example_python_operator' retrieved from /home/airflow/.local/lib/python3.12/site-packages/airflow/example_dags/example_python_operator.py
[2025-03-30T14:16:19.727+0000] {logging_mixin.py:190} INFO - [2025-03-30T14:16:19.726+0000] {dag.py:3239} INFO - Sync 1 DAGs
[2025-03-30T14:16:19.741+0000] {logging_mixin.py:190} INFO - [2025-03-30T14:16:19.741+0000] {dag.py:4180} INFO - Setting next_dagrun for example_python_operator to None, run_after=None
[2025-03-30T14:16:19.758+0000] {processor.py:208} INFO - Processing /home/airflow/.local/lib/python3.12/site-packages/airflow/example_dags/example_python_operator.py took 0.076 seconds
[2025-03-30T14:16:50.012+0000] {processor.py:186} INFO - Started process (PID=2977) to work on /home/airflow/.local/lib/python3.12/site-packages/airflow/example_dags/example_python_operator.py
[2025-03-30T14:16:50.013+0000] {processor.py:914} INFO - Processing file /home/airflow/.local/lib/python3.12/site-packages/airflow/example_dags/example_python_operator.py for tasks to queue
[2025-03-30T14:16:50.014+0000] {logging_mixin.py:190} INFO - [2025-03-30T14:16:50.014+0000] {dagbag.py:588} INFO - Filling up the DagBag from /home/airflow/.local/lib/python3.12/site-packages/airflow/example_dags/example_python_operator.py
[2025-03-30T14:16:50.024+0000] {processor.py:925} INFO - DAG(s) 'example_python_operator' retrieved from /home/airflow/.local/lib/python3.12/site-packages/airflow/example_dags/example_python_operator.py
[2025-03-30T14:16:50.041+0000] {logging_mixin.py:190} INFO - [2025-03-30T14:16:50.041+0000] {dag.py:3239} INFO - Sync 1 DAGs
[2025-03-30T14:16:50.053+0000] {logging_mixin.py:190} INFO - [2025-03-30T14:16:50.052+0000] {dag.py:4180} INFO - Setting next_dagrun for example_python_operator to None, run_after=None
[2025-03-30T14:16:50.078+0000] {processor.py:208} INFO - Processing /home/airflow/.local/lib/python3.12/site-packages/airflow/example_dags/example_python_operator.py took 0.073 seconds
[2025-03-30T14:17:20.255+0000] {processor.py:186} INFO - Started process (PID=3052) to work on /home/airflow/.local/lib/python3.12/site-packages/airflow/example_dags/example_python_operator.py
[2025-03-30T14:17:20.256+0000] {processor.py:914} INFO - Processing file /home/airflow/.local/lib/python3.12/site-packages/airflow/example_dags/example_python_operator.py for tasks to queue
[2025-03-30T14:17:20.257+0000] {logging_mixin.py:190} INFO - [2025-03-30T14:17:20.256+0000] {dagbag.py:588} INFO - Filling up the DagBag from /home/airflow/.local/lib/python3.12/site-packages/airflow/example_dags/example_python_operator.py
[2025-03-30T14:17:20.267+0000] {processor.py:925} INFO - DAG(s) 'example_python_operator' retrieved from /home/airflow/.local/lib/python3.12/site-packages/airflow/example_dags/example_python_operator.py
[2025-03-30T14:17:20.285+0000] {logging_mixin.py:190} INFO - [2025-03-30T14:17:20.284+0000] {dag.py:3239} INFO - Sync 1 DAGs
[2025-03-30T14:17:20.297+0000] {logging_mixin.py:190} INFO - [2025-03-30T14:17:20.296+0000] {dag.py:4180} INFO - Setting next_dagrun for example_python_operator to None, run_after=None
[2025-03-30T14:17:20.310+0000] {processor.py:208} INFO - Processing /home/airflow/.local/lib/python3.12/site-packages/airflow/example_dags/example_python_operator.py took 0.062 seconds
[2025-03-30T14:17:50.762+0000] {processor.py:186} INFO - Started process (PID=3127) to work on /home/airflow/.local/lib/python3.12/site-packages/airflow/example_dags/example_python_operator.py
[2025-03-30T14:17:50.763+0000] {processor.py:914} INFO - Processing file /home/airflow/.local/lib/python3.12/site-packages/airflow/example_dags/example_python_operator.py for tasks to queue
[2025-03-30T14:17:50.764+0000] {logging_mixin.py:190} INFO - [2025-03-30T14:17:50.764+0000] {dagbag.py:588} INFO - Filling up the DagBag from /home/airflow/.local/lib/python3.12/site-packages/airflow/example_dags/example_python_operator.py
[2025-03-30T14:17:50.775+0000] {processor.py:925} INFO - DAG(s) 'example_python_operator' retrieved from /home/airflow/.local/lib/python3.12/site-packages/airflow/example_dags/example_python_operator.py
[2025-03-30T14:17:50.794+0000] {logging_mixin.py:190} INFO - [2025-03-30T14:17:50.794+0000] {dag.py:3239} INFO - Sync 1 DAGs
[2025-03-30T14:17:50.806+0000] {logging_mixin.py:190} INFO - [2025-03-30T14:17:50.806+0000] {dag.py:4180} INFO - Setting next_dagrun for example_python_operator to None, run_after=None
[2025-03-30T14:17:50.831+0000] {processor.py:208} INFO - Processing /home/airflow/.local/lib/python3.12/site-packages/airflow/example_dags/example_python_operator.py took 0.076 seconds
[2025-03-30T14:18:21.123+0000] {processor.py:186} INFO - Started process (PID=3202) to work on /home/airflow/.local/lib/python3.12/site-packages/airflow/example_dags/example_python_operator.py
[2025-03-30T14:18:21.124+0000] {processor.py:914} INFO - Processing file /home/airflow/.local/lib/python3.12/site-packages/airflow/example_dags/example_python_operator.py for tasks to queue
[2025-03-30T14:18:21.125+0000] {logging_mixin.py:190} INFO - [2025-03-30T14:18:21.125+0000] {dagbag.py:588} INFO - Filling up the DagBag from /home/airflow/.local/lib/python3.12/site-packages/airflow/example_dags/example_python_operator.py
[2025-03-30T14:18:21.136+0000] {processor.py:925} INFO - DAG(s) 'example_python_operator' retrieved from /home/airflow/.local/lib/python3.12/site-packages/airflow/example_dags/example_python_operator.py
[2025-03-30T14:18:21.154+0000] {logging_mixin.py:190} INFO - [2025-03-30T14:18:21.154+0000] {dag.py:3239} INFO - Sync 1 DAGs
[2025-03-30T14:18:21.166+0000] {logging_mixin.py:190} INFO - [2025-03-30T14:18:21.166+0000] {dag.py:4180} INFO - Setting next_dagrun for example_python_operator to None, run_after=None
[2025-03-30T14:18:21.190+0000] {processor.py:208} INFO - Processing /home/airflow/.local/lib/python3.12/site-packages/airflow/example_dags/example_python_operator.py took 0.074 seconds
