[2025-03-30T13:57:18.578+0000] {processor.py:186} INFO - Started process (PID=99) to work on /home/airflow/.local/lib/python3.12/site-packages/airflow/example_dags/example_xcomargs.py
[2025-03-30T13:57:18.579+0000] {processor.py:914} INFO - Processing file /home/airflow/.local/lib/python3.12/site-packages/airflow/example_dags/example_xcomargs.py for tasks to queue
[2025-03-30T13:57:18.582+0000] {logging_mixin.py:190} INFO - [2025-03-30T13:57:18.581+0000] {dagbag.py:588} INFO - Filling up the DagBag from /home/airflow/.local/lib/python3.12/site-packages/airflow/example_dags/example_xcomargs.py
[2025-03-30T13:57:18.592+0000] {processor.py:925} INFO - DAG(s) 'example_xcom_args_with_operators', 'example_xcom_args' retrieved from /home/airflow/.local/lib/python3.12/site-packages/airflow/example_dags/example_xcomargs.py
[2025-03-30T13:57:18.623+0000] {logging_mixin.py:190} INFO - [2025-03-30T13:57:18.623+0000] {dag.py:3239} INFO - Sync 2 DAGs
[2025-03-30T13:57:18.638+0000] {logging_mixin.py:190} INFO - [2025-03-30T13:57:18.638+0000] {dag.py:4180} INFO - Setting next_dagrun for example_xcom_args to None, run_after=None
[2025-03-30T13:57:18.645+0000] {logging_mixin.py:190} INFO - [2025-03-30T13:57:18.645+0000] {dag.py:4180} INFO - Setting next_dagrun for example_xcom_args_with_operators to None, run_after=None
[2025-03-30T13:57:18.666+0000] {processor.py:208} INFO - Processing /home/airflow/.local/lib/python3.12/site-packages/airflow/example_dags/example_xcomargs.py took 0.093 seconds
[2025-03-30T13:57:49.621+0000] {processor.py:186} INFO - Started process (PID=174) to work on /home/airflow/.local/lib/python3.12/site-packages/airflow/example_dags/example_xcomargs.py
[2025-03-30T13:57:49.622+0000] {processor.py:914} INFO - Processing file /home/airflow/.local/lib/python3.12/site-packages/airflow/example_dags/example_xcomargs.py for tasks to queue
[2025-03-30T13:57:49.626+0000] {logging_mixin.py:190} INFO - [2025-03-30T13:57:49.625+0000] {dagbag.py:588} INFO - Filling up the DagBag from /home/airflow/.local/lib/python3.12/site-packages/airflow/example_dags/example_xcomargs.py
[2025-03-30T13:57:49.638+0000] {processor.py:925} INFO - DAG(s) 'example_xcom_args_with_operators', 'example_xcom_args' retrieved from /home/airflow/.local/lib/python3.12/site-packages/airflow/example_dags/example_xcomargs.py
[2025-03-30T13:57:49.666+0000] {logging_mixin.py:190} INFO - [2025-03-30T13:57:49.665+0000] {dag.py:3239} INFO - Sync 2 DAGs
[2025-03-30T13:57:49.686+0000] {logging_mixin.py:190} INFO - [2025-03-30T13:57:49.686+0000] {dag.py:4180} INFO - Setting next_dagrun for example_xcom_args to None, run_after=None
[2025-03-30T13:57:49.692+0000] {logging_mixin.py:190} INFO - [2025-03-30T13:57:49.691+0000] {dag.py:4180} INFO - Setting next_dagrun for example_xcom_args_with_operators to None, run_after=None
[2025-03-30T13:57:49.705+0000] {processor.py:208} INFO - Processing /home/airflow/.local/lib/python3.12/site-packages/airflow/example_dags/example_xcomargs.py took 0.090 seconds
[2025-03-30T13:58:19.838+0000] {processor.py:186} INFO - Started process (PID=249) to work on /home/airflow/.local/lib/python3.12/site-packages/airflow/example_dags/example_xcomargs.py
[2025-03-30T13:58:19.839+0000] {processor.py:914} INFO - Processing file /home/airflow/.local/lib/python3.12/site-packages/airflow/example_dags/example_xcomargs.py for tasks to queue
[2025-03-30T13:58:19.841+0000] {logging_mixin.py:190} INFO - [2025-03-30T13:58:19.841+0000] {dagbag.py:588} INFO - Filling up the DagBag from /home/airflow/.local/lib/python3.12/site-packages/airflow/example_dags/example_xcomargs.py
[2025-03-30T13:58:19.849+0000] {processor.py:925} INFO - DAG(s) 'example_xcom_args_with_operators', 'example_xcom_args' retrieved from /home/airflow/.local/lib/python3.12/site-packages/airflow/example_dags/example_xcomargs.py
[2025-03-30T13:58:19.868+0000] {logging_mixin.py:190} INFO - [2025-03-30T13:58:19.868+0000] {dag.py:3239} INFO - Sync 2 DAGs
[2025-03-30T13:58:19.882+0000] {logging_mixin.py:190} INFO - [2025-03-30T13:58:19.882+0000] {dag.py:4180} INFO - Setting next_dagrun for example_xcom_args to None, run_after=None
[2025-03-30T13:58:19.886+0000] {logging_mixin.py:190} INFO - [2025-03-30T13:58:19.886+0000] {dag.py:4180} INFO - Setting next_dagrun for example_xcom_args_with_operators to None, run_after=None
[2025-03-30T13:58:19.905+0000] {processor.py:208} INFO - Processing /home/airflow/.local/lib/python3.12/site-packages/airflow/example_dags/example_xcomargs.py took 0.071 seconds
[2025-03-30T13:58:50.865+0000] {processor.py:186} INFO - Started process (PID=324) to work on /home/airflow/.local/lib/python3.12/site-packages/airflow/example_dags/example_xcomargs.py
[2025-03-30T13:58:50.865+0000] {processor.py:914} INFO - Processing file /home/airflow/.local/lib/python3.12/site-packages/airflow/example_dags/example_xcomargs.py for tasks to queue
[2025-03-30T13:58:50.867+0000] {logging_mixin.py:190} INFO - [2025-03-30T13:58:50.867+0000] {dagbag.py:588} INFO - Filling up the DagBag from /home/airflow/.local/lib/python3.12/site-packages/airflow/example_dags/example_xcomargs.py
[2025-03-30T13:58:50.876+0000] {processor.py:925} INFO - DAG(s) 'example_xcom_args', 'example_xcom_args_with_operators' retrieved from /home/airflow/.local/lib/python3.12/site-packages/airflow/example_dags/example_xcomargs.py
[2025-03-30T13:58:50.895+0000] {logging_mixin.py:190} INFO - [2025-03-30T13:58:50.894+0000] {dag.py:3239} INFO - Sync 2 DAGs
[2025-03-30T13:58:50.907+0000] {logging_mixin.py:190} INFO - [2025-03-30T13:58:50.907+0000] {dag.py:4180} INFO - Setting next_dagrun for example_xcom_args to None, run_after=None
[2025-03-30T13:58:50.911+0000] {logging_mixin.py:190} INFO - [2025-03-30T13:58:50.911+0000] {dag.py:4180} INFO - Setting next_dagrun for example_xcom_args_with_operators to None, run_after=None
[2025-03-30T13:58:50.924+0000] {processor.py:208} INFO - Processing /home/airflow/.local/lib/python3.12/site-packages/airflow/example_dags/example_xcomargs.py took 0.064 seconds
[2025-03-30T13:59:21.176+0000] {processor.py:186} INFO - Started process (PID=399) to work on /home/airflow/.local/lib/python3.12/site-packages/airflow/example_dags/example_xcomargs.py
[2025-03-30T13:59:21.177+0000] {processor.py:914} INFO - Processing file /home/airflow/.local/lib/python3.12/site-packages/airflow/example_dags/example_xcomargs.py for tasks to queue
[2025-03-30T13:59:21.180+0000] {logging_mixin.py:190} INFO - [2025-03-30T13:59:21.180+0000] {dagbag.py:588} INFO - Filling up the DagBag from /home/airflow/.local/lib/python3.12/site-packages/airflow/example_dags/example_xcomargs.py
[2025-03-30T13:59:21.193+0000] {processor.py:925} INFO - DAG(s) 'example_xcom_args', 'example_xcom_args_with_operators' retrieved from /home/airflow/.local/lib/python3.12/site-packages/airflow/example_dags/example_xcomargs.py
[2025-03-30T13:59:21.221+0000] {logging_mixin.py:190} INFO - [2025-03-30T13:59:21.221+0000] {dag.py:3239} INFO - Sync 2 DAGs
[2025-03-30T13:59:21.233+0000] {logging_mixin.py:190} INFO - [2025-03-30T13:59:21.233+0000] {dag.py:4180} INFO - Setting next_dagrun for example_xcom_args to None, run_after=None
[2025-03-30T13:59:21.237+0000] {logging_mixin.py:190} INFO - [2025-03-30T13:59:21.237+0000] {dag.py:4180} INFO - Setting next_dagrun for example_xcom_args_with_operators to None, run_after=None
[2025-03-30T13:59:21.250+0000] {processor.py:208} INFO - Processing /home/airflow/.local/lib/python3.12/site-packages/airflow/example_dags/example_xcomargs.py took 0.080 seconds
[2025-03-30T13:59:51.512+0000] {processor.py:186} INFO - Started process (PID=473) to work on /home/airflow/.local/lib/python3.12/site-packages/airflow/example_dags/example_xcomargs.py
[2025-03-30T13:59:51.513+0000] {processor.py:914} INFO - Processing file /home/airflow/.local/lib/python3.12/site-packages/airflow/example_dags/example_xcomargs.py for tasks to queue
[2025-03-30T13:59:51.515+0000] {logging_mixin.py:190} INFO - [2025-03-30T13:59:51.515+0000] {dagbag.py:588} INFO - Filling up the DagBag from /home/airflow/.local/lib/python3.12/site-packages/airflow/example_dags/example_xcomargs.py
[2025-03-30T13:59:51.525+0000] {processor.py:925} INFO - DAG(s) 'example_xcom_args', 'example_xcom_args_with_operators' retrieved from /home/airflow/.local/lib/python3.12/site-packages/airflow/example_dags/example_xcomargs.py
[2025-03-30T13:59:51.546+0000] {logging_mixin.py:190} INFO - [2025-03-30T13:59:51.545+0000] {dag.py:3239} INFO - Sync 2 DAGs
[2025-03-30T13:59:51.558+0000] {logging_mixin.py:190} INFO - [2025-03-30T13:59:51.558+0000] {dag.py:4180} INFO - Setting next_dagrun for example_xcom_args to None, run_after=None
[2025-03-30T13:59:51.562+0000] {logging_mixin.py:190} INFO - [2025-03-30T13:59:51.562+0000] {dag.py:4180} INFO - Setting next_dagrun for example_xcom_args_with_operators to None, run_after=None
[2025-03-30T13:59:51.573+0000] {processor.py:208} INFO - Processing /home/airflow/.local/lib/python3.12/site-packages/airflow/example_dags/example_xcomargs.py took 0.066 seconds
[2025-03-30T14:00:21.685+0000] {processor.py:186} INFO - Started process (PID=548) to work on /home/airflow/.local/lib/python3.12/site-packages/airflow/example_dags/example_xcomargs.py
[2025-03-30T14:00:21.685+0000] {processor.py:914} INFO - Processing file /home/airflow/.local/lib/python3.12/site-packages/airflow/example_dags/example_xcomargs.py for tasks to queue
[2025-03-30T14:00:21.688+0000] {logging_mixin.py:190} INFO - [2025-03-30T14:00:21.687+0000] {dagbag.py:588} INFO - Filling up the DagBag from /home/airflow/.local/lib/python3.12/site-packages/airflow/example_dags/example_xcomargs.py
[2025-03-30T14:00:21.697+0000] {processor.py:925} INFO - DAG(s) 'example_xcom_args_with_operators', 'example_xcom_args' retrieved from /home/airflow/.local/lib/python3.12/site-packages/airflow/example_dags/example_xcomargs.py
[2025-03-30T14:00:21.719+0000] {logging_mixin.py:190} INFO - [2025-03-30T14:00:21.718+0000] {dag.py:3239} INFO - Sync 2 DAGs
[2025-03-30T14:00:21.733+0000] {logging_mixin.py:190} INFO - [2025-03-30T14:00:21.733+0000] {dag.py:4180} INFO - Setting next_dagrun for example_xcom_args to None, run_after=None
[2025-03-30T14:00:21.738+0000] {logging_mixin.py:190} INFO - [2025-03-30T14:00:21.738+0000] {dag.py:4180} INFO - Setting next_dagrun for example_xcom_args_with_operators to None, run_after=None
[2025-03-30T14:00:21.758+0000] {processor.py:208} INFO - Processing /home/airflow/.local/lib/python3.12/site-packages/airflow/example_dags/example_xcomargs.py took 0.077 seconds
[2025-03-30T14:00:52.141+0000] {processor.py:186} INFO - Started process (PID=623) to work on /home/airflow/.local/lib/python3.12/site-packages/airflow/example_dags/example_xcomargs.py
[2025-03-30T14:00:52.142+0000] {processor.py:914} INFO - Processing file /home/airflow/.local/lib/python3.12/site-packages/airflow/example_dags/example_xcomargs.py for tasks to queue
[2025-03-30T14:00:52.144+0000] {logging_mixin.py:190} INFO - [2025-03-30T14:00:52.144+0000] {dagbag.py:588} INFO - Filling up the DagBag from /home/airflow/.local/lib/python3.12/site-packages/airflow/example_dags/example_xcomargs.py
[2025-03-30T14:00:52.152+0000] {processor.py:925} INFO - DAG(s) 'example_xcom_args', 'example_xcom_args_with_operators' retrieved from /home/airflow/.local/lib/python3.12/site-packages/airflow/example_dags/example_xcomargs.py
[2025-03-30T14:00:52.171+0000] {logging_mixin.py:190} INFO - [2025-03-30T14:00:52.171+0000] {dag.py:3239} INFO - Sync 2 DAGs
[2025-03-30T14:00:52.185+0000] {logging_mixin.py:190} INFO - [2025-03-30T14:00:52.185+0000] {dag.py:4180} INFO - Setting next_dagrun for example_xcom_args to None, run_after=None
[2025-03-30T14:00:52.189+0000] {logging_mixin.py:190} INFO - [2025-03-30T14:00:52.189+0000] {dag.py:4180} INFO - Setting next_dagrun for example_xcom_args_with_operators to None, run_after=None
[2025-03-30T14:00:52.205+0000] {processor.py:208} INFO - Processing /home/airflow/.local/lib/python3.12/site-packages/airflow/example_dags/example_xcomargs.py took 0.068 seconds
[2025-03-30T14:01:22.926+0000] {processor.py:186} INFO - Started process (PID=698) to work on /home/airflow/.local/lib/python3.12/site-packages/airflow/example_dags/example_xcomargs.py
[2025-03-30T14:01:22.927+0000] {processor.py:914} INFO - Processing file /home/airflow/.local/lib/python3.12/site-packages/airflow/example_dags/example_xcomargs.py for tasks to queue
[2025-03-30T14:01:22.930+0000] {logging_mixin.py:190} INFO - [2025-03-30T14:01:22.929+0000] {dagbag.py:588} INFO - Filling up the DagBag from /home/airflow/.local/lib/python3.12/site-packages/airflow/example_dags/example_xcomargs.py
[2025-03-30T14:01:22.940+0000] {processor.py:925} INFO - DAG(s) 'example_xcom_args_with_operators', 'example_xcom_args' retrieved from /home/airflow/.local/lib/python3.12/site-packages/airflow/example_dags/example_xcomargs.py
[2025-03-30T14:01:22.968+0000] {logging_mixin.py:190} INFO - [2025-03-30T14:01:22.968+0000] {dag.py:3239} INFO - Sync 2 DAGs
[2025-03-30T14:01:22.986+0000] {logging_mixin.py:190} INFO - [2025-03-30T14:01:22.985+0000] {dag.py:4180} INFO - Setting next_dagrun for example_xcom_args to None, run_after=None
[2025-03-30T14:01:22.992+0000] {logging_mixin.py:190} INFO - [2025-03-30T14:01:22.991+0000] {dag.py:4180} INFO - Setting next_dagrun for example_xcom_args_with_operators to None, run_after=None
[2025-03-30T14:01:23.014+0000] {processor.py:208} INFO - Processing /home/airflow/.local/lib/python3.12/site-packages/airflow/example_dags/example_xcomargs.py took 0.093 seconds
[2025-03-30T14:01:53.306+0000] {processor.py:186} INFO - Started process (PID=785) to work on /home/airflow/.local/lib/python3.12/site-packages/airflow/example_dags/example_xcomargs.py
[2025-03-30T14:01:53.307+0000] {processor.py:914} INFO - Processing file /home/airflow/.local/lib/python3.12/site-packages/airflow/example_dags/example_xcomargs.py for tasks to queue
[2025-03-30T14:01:53.308+0000] {logging_mixin.py:190} INFO - [2025-03-30T14:01:53.308+0000] {dagbag.py:588} INFO - Filling up the DagBag from /home/airflow/.local/lib/python3.12/site-packages/airflow/example_dags/example_xcomargs.py
[2025-03-30T14:01:53.316+0000] {processor.py:925} INFO - DAG(s) 'example_xcom_args_with_operators', 'example_xcom_args' retrieved from /home/airflow/.local/lib/python3.12/site-packages/airflow/example_dags/example_xcomargs.py
[2025-03-30T14:01:53.334+0000] {logging_mixin.py:190} INFO - [2025-03-30T14:01:53.334+0000] {dag.py:3239} INFO - Sync 2 DAGs
[2025-03-30T14:01:53.346+0000] {logging_mixin.py:190} INFO - [2025-03-30T14:01:53.346+0000] {dag.py:4180} INFO - Setting next_dagrun for example_xcom_args to None, run_after=None
[2025-03-30T14:01:53.350+0000] {logging_mixin.py:190} INFO - [2025-03-30T14:01:53.350+0000] {dag.py:4180} INFO - Setting next_dagrun for example_xcom_args_with_operators to None, run_after=None
[2025-03-30T14:01:53.363+0000] {processor.py:208} INFO - Processing /home/airflow/.local/lib/python3.12/site-packages/airflow/example_dags/example_xcomargs.py took 0.061 seconds
[2025-03-30T14:02:23.640+0000] {processor.py:186} INFO - Started process (PID=860) to work on /home/airflow/.local/lib/python3.12/site-packages/airflow/example_dags/example_xcomargs.py
[2025-03-30T14:02:23.641+0000] {processor.py:914} INFO - Processing file /home/airflow/.local/lib/python3.12/site-packages/airflow/example_dags/example_xcomargs.py for tasks to queue
[2025-03-30T14:02:23.644+0000] {logging_mixin.py:190} INFO - [2025-03-30T14:02:23.643+0000] {dagbag.py:588} INFO - Filling up the DagBag from /home/airflow/.local/lib/python3.12/site-packages/airflow/example_dags/example_xcomargs.py
[2025-03-30T14:02:23.656+0000] {processor.py:925} INFO - DAG(s) 'example_xcom_args', 'example_xcom_args_with_operators' retrieved from /home/airflow/.local/lib/python3.12/site-packages/airflow/example_dags/example_xcomargs.py
[2025-03-30T14:02:23.685+0000] {logging_mixin.py:190} INFO - [2025-03-30T14:02:23.685+0000] {dag.py:3239} INFO - Sync 2 DAGs
[2025-03-30T14:02:23.705+0000] {logging_mixin.py:190} INFO - [2025-03-30T14:02:23.705+0000] {dag.py:4180} INFO - Setting next_dagrun for example_xcom_args to None, run_after=None
[2025-03-30T14:02:23.711+0000] {logging_mixin.py:190} INFO - [2025-03-30T14:02:23.710+0000] {dag.py:4180} INFO - Setting next_dagrun for example_xcom_args_with_operators to None, run_after=None
[2025-03-30T14:02:23.731+0000] {processor.py:208} INFO - Processing /home/airflow/.local/lib/python3.12/site-packages/airflow/example_dags/example_xcomargs.py took 0.097 seconds
[2025-03-30T14:02:54.111+0000] {processor.py:186} INFO - Started process (PID=935) to work on /home/airflow/.local/lib/python3.12/site-packages/airflow/example_dags/example_xcomargs.py
[2025-03-30T14:02:54.112+0000] {processor.py:914} INFO - Processing file /home/airflow/.local/lib/python3.12/site-packages/airflow/example_dags/example_xcomargs.py for tasks to queue
[2025-03-30T14:02:54.114+0000] {logging_mixin.py:190} INFO - [2025-03-30T14:02:54.113+0000] {dagbag.py:588} INFO - Filling up the DagBag from /home/airflow/.local/lib/python3.12/site-packages/airflow/example_dags/example_xcomargs.py
[2025-03-30T14:02:54.122+0000] {processor.py:925} INFO - DAG(s) 'example_xcom_args_with_operators', 'example_xcom_args' retrieved from /home/airflow/.local/lib/python3.12/site-packages/airflow/example_dags/example_xcomargs.py
[2025-03-30T14:02:54.142+0000] {logging_mixin.py:190} INFO - [2025-03-30T14:02:54.142+0000] {dag.py:3239} INFO - Sync 2 DAGs
[2025-03-30T14:02:54.155+0000] {logging_mixin.py:190} INFO - [2025-03-30T14:02:54.155+0000] {dag.py:4180} INFO - Setting next_dagrun for example_xcom_args to None, run_after=None
[2025-03-30T14:02:54.158+0000] {logging_mixin.py:190} INFO - [2025-03-30T14:02:54.158+0000] {dag.py:4180} INFO - Setting next_dagrun for example_xcom_args_with_operators to None, run_after=None
[2025-03-30T14:02:54.171+0000] {processor.py:208} INFO - Processing /home/airflow/.local/lib/python3.12/site-packages/airflow/example_dags/example_xcomargs.py took 0.065 seconds
[2025-03-30T14:03:24.704+0000] {processor.py:186} INFO - Started process (PID=1010) to work on /home/airflow/.local/lib/python3.12/site-packages/airflow/example_dags/example_xcomargs.py
[2025-03-30T14:03:24.705+0000] {processor.py:914} INFO - Processing file /home/airflow/.local/lib/python3.12/site-packages/airflow/example_dags/example_xcomargs.py for tasks to queue
[2025-03-30T14:03:24.707+0000] {logging_mixin.py:190} INFO - [2025-03-30T14:03:24.706+0000] {dagbag.py:588} INFO - Filling up the DagBag from /home/airflow/.local/lib/python3.12/site-packages/airflow/example_dags/example_xcomargs.py
[2025-03-30T14:03:24.716+0000] {processor.py:925} INFO - DAG(s) 'example_xcom_args_with_operators', 'example_xcom_args' retrieved from /home/airflow/.local/lib/python3.12/site-packages/airflow/example_dags/example_xcomargs.py
[2025-03-30T14:03:24.738+0000] {logging_mixin.py:190} INFO - [2025-03-30T14:03:24.738+0000] {dag.py:3239} INFO - Sync 2 DAGs
[2025-03-30T14:03:24.751+0000] {logging_mixin.py:190} INFO - [2025-03-30T14:03:24.751+0000] {dag.py:4180} INFO - Setting next_dagrun for example_xcom_args to None, run_after=None
[2025-03-30T14:03:24.754+0000] {logging_mixin.py:190} INFO - [2025-03-30T14:03:24.754+0000] {dag.py:4180} INFO - Setting next_dagrun for example_xcom_args_with_operators to None, run_after=None
[2025-03-30T14:03:24.766+0000] {processor.py:208} INFO - Processing /home/airflow/.local/lib/python3.12/site-packages/airflow/example_dags/example_xcomargs.py took 0.068 seconds
[2025-03-30T14:03:56.065+0000] {processor.py:186} INFO - Started process (PID=1085) to work on /home/airflow/.local/lib/python3.12/site-packages/airflow/example_dags/example_xcomargs.py
[2025-03-30T14:03:56.066+0000] {processor.py:914} INFO - Processing file /home/airflow/.local/lib/python3.12/site-packages/airflow/example_dags/example_xcomargs.py for tasks to queue
[2025-03-30T14:03:56.070+0000] {logging_mixin.py:190} INFO - [2025-03-30T14:03:56.069+0000] {dagbag.py:588} INFO - Filling up the DagBag from /home/airflow/.local/lib/python3.12/site-packages/airflow/example_dags/example_xcomargs.py
[2025-03-30T14:03:56.086+0000] {processor.py:925} INFO - DAG(s) 'example_xcom_args_with_operators', 'example_xcom_args' retrieved from /home/airflow/.local/lib/python3.12/site-packages/airflow/example_dags/example_xcomargs.py
[2025-03-30T14:03:56.126+0000] {logging_mixin.py:190} INFO - [2025-03-30T14:03:56.126+0000] {dag.py:3239} INFO - Sync 2 DAGs
[2025-03-30T14:03:56.150+0000] {logging_mixin.py:190} INFO - [2025-03-30T14:03:56.150+0000] {dag.py:4180} INFO - Setting next_dagrun for example_xcom_args to None, run_after=None
[2025-03-30T14:03:56.156+0000] {logging_mixin.py:190} INFO - [2025-03-30T14:03:56.155+0000] {dag.py:4180} INFO - Setting next_dagrun for example_xcom_args_with_operators to None, run_after=None
[2025-03-30T14:03:56.171+0000] {processor.py:208} INFO - Processing /home/airflow/.local/lib/python3.12/site-packages/airflow/example_dags/example_xcomargs.py took 0.113 seconds
[2025-03-30T14:04:26.285+0000] {processor.py:186} INFO - Started process (PID=1148) to work on /home/airflow/.local/lib/python3.12/site-packages/airflow/example_dags/example_xcomargs.py
[2025-03-30T14:04:26.286+0000] {processor.py:914} INFO - Processing file /home/airflow/.local/lib/python3.12/site-packages/airflow/example_dags/example_xcomargs.py for tasks to queue
[2025-03-30T14:04:26.288+0000] {logging_mixin.py:190} INFO - [2025-03-30T14:04:26.287+0000] {dagbag.py:588} INFO - Filling up the DagBag from /home/airflow/.local/lib/python3.12/site-packages/airflow/example_dags/example_xcomargs.py
[2025-03-30T14:04:26.296+0000] {processor.py:925} INFO - DAG(s) 'example_xcom_args', 'example_xcom_args_with_operators' retrieved from /home/airflow/.local/lib/python3.12/site-packages/airflow/example_dags/example_xcomargs.py
[2025-03-30T14:04:26.314+0000] {logging_mixin.py:190} INFO - [2025-03-30T14:04:26.314+0000] {dag.py:3239} INFO - Sync 2 DAGs
[2025-03-30T14:04:26.327+0000] {logging_mixin.py:190} INFO - [2025-03-30T14:04:26.327+0000] {dag.py:4180} INFO - Setting next_dagrun for example_xcom_args to None, run_after=None
[2025-03-30T14:04:26.331+0000] {logging_mixin.py:190} INFO - [2025-03-30T14:04:26.331+0000] {dag.py:4180} INFO - Setting next_dagrun for example_xcom_args_with_operators to None, run_after=None
[2025-03-30T14:04:26.346+0000] {processor.py:208} INFO - Processing /home/airflow/.local/lib/python3.12/site-packages/airflow/example_dags/example_xcomargs.py took 0.065 seconds
[2025-03-30T14:04:56.595+0000] {processor.py:186} INFO - Started process (PID=1235) to work on /home/airflow/.local/lib/python3.12/site-packages/airflow/example_dags/example_xcomargs.py
[2025-03-30T14:04:56.596+0000] {processor.py:914} INFO - Processing file /home/airflow/.local/lib/python3.12/site-packages/airflow/example_dags/example_xcomargs.py for tasks to queue
[2025-03-30T14:04:56.598+0000] {logging_mixin.py:190} INFO - [2025-03-30T14:04:56.597+0000] {dagbag.py:588} INFO - Filling up the DagBag from /home/airflow/.local/lib/python3.12/site-packages/airflow/example_dags/example_xcomargs.py
[2025-03-30T14:04:56.607+0000] {processor.py:925} INFO - DAG(s) 'example_xcom_args', 'example_xcom_args_with_operators' retrieved from /home/airflow/.local/lib/python3.12/site-packages/airflow/example_dags/example_xcomargs.py
[2025-03-30T14:04:56.627+0000] {logging_mixin.py:190} INFO - [2025-03-30T14:04:56.627+0000] {dag.py:3239} INFO - Sync 2 DAGs
[2025-03-30T14:04:56.641+0000] {logging_mixin.py:190} INFO - [2025-03-30T14:04:56.641+0000] {dag.py:4180} INFO - Setting next_dagrun for example_xcom_args to None, run_after=None
[2025-03-30T14:04:56.645+0000] {logging_mixin.py:190} INFO - [2025-03-30T14:04:56.644+0000] {dag.py:4180} INFO - Setting next_dagrun for example_xcom_args_with_operators to None, run_after=None
[2025-03-30T14:04:56.659+0000] {processor.py:208} INFO - Processing /home/airflow/.local/lib/python3.12/site-packages/airflow/example_dags/example_xcomargs.py took 0.069 seconds
[2025-03-30T14:05:26.742+0000] {processor.py:186} INFO - Started process (PID=1310) to work on /home/airflow/.local/lib/python3.12/site-packages/airflow/example_dags/example_xcomargs.py
[2025-03-30T14:05:26.743+0000] {processor.py:914} INFO - Processing file /home/airflow/.local/lib/python3.12/site-packages/airflow/example_dags/example_xcomargs.py for tasks to queue
[2025-03-30T14:05:26.745+0000] {logging_mixin.py:190} INFO - [2025-03-30T14:05:26.745+0000] {dagbag.py:588} INFO - Filling up the DagBag from /home/airflow/.local/lib/python3.12/site-packages/airflow/example_dags/example_xcomargs.py
[2025-03-30T14:05:26.756+0000] {processor.py:925} INFO - DAG(s) 'example_xcom_args', 'example_xcom_args_with_operators' retrieved from /home/airflow/.local/lib/python3.12/site-packages/airflow/example_dags/example_xcomargs.py
[2025-03-30T14:05:26.778+0000] {logging_mixin.py:190} INFO - [2025-03-30T14:05:26.777+0000] {dag.py:3239} INFO - Sync 2 DAGs
[2025-03-30T14:05:26.792+0000] {logging_mixin.py:190} INFO - [2025-03-30T14:05:26.791+0000] {dag.py:4180} INFO - Setting next_dagrun for example_xcom_args to None, run_after=None
[2025-03-30T14:05:26.796+0000] {logging_mixin.py:190} INFO - [2025-03-30T14:05:26.796+0000] {dag.py:4180} INFO - Setting next_dagrun for example_xcom_args_with_operators to None, run_after=None
[2025-03-30T14:05:26.810+0000] {processor.py:208} INFO - Processing /home/airflow/.local/lib/python3.12/site-packages/airflow/example_dags/example_xcomargs.py took 0.074 seconds
[2025-03-30T14:05:57.513+0000] {processor.py:186} INFO - Started process (PID=1385) to work on /home/airflow/.local/lib/python3.12/site-packages/airflow/example_dags/example_xcomargs.py
[2025-03-30T14:05:57.514+0000] {processor.py:914} INFO - Processing file /home/airflow/.local/lib/python3.12/site-packages/airflow/example_dags/example_xcomargs.py for tasks to queue
[2025-03-30T14:05:57.516+0000] {logging_mixin.py:190} INFO - [2025-03-30T14:05:57.516+0000] {dagbag.py:588} INFO - Filling up the DagBag from /home/airflow/.local/lib/python3.12/site-packages/airflow/example_dags/example_xcomargs.py
[2025-03-30T14:05:57.524+0000] {processor.py:925} INFO - DAG(s) 'example_xcom_args_with_operators', 'example_xcom_args' retrieved from /home/airflow/.local/lib/python3.12/site-packages/airflow/example_dags/example_xcomargs.py
[2025-03-30T14:05:57.542+0000] {logging_mixin.py:190} INFO - [2025-03-30T14:05:57.542+0000] {dag.py:3239} INFO - Sync 2 DAGs
[2025-03-30T14:05:57.553+0000] {logging_mixin.py:190} INFO - [2025-03-30T14:05:57.553+0000] {dag.py:4180} INFO - Setting next_dagrun for example_xcom_args to None, run_after=None
[2025-03-30T14:05:57.556+0000] {logging_mixin.py:190} INFO - [2025-03-30T14:05:57.556+0000] {dag.py:4180} INFO - Setting next_dagrun for example_xcom_args_with_operators to None, run_after=None
[2025-03-30T14:05:57.568+0000] {processor.py:208} INFO - Processing /home/airflow/.local/lib/python3.12/site-packages/airflow/example_dags/example_xcomargs.py took 0.059 seconds
[2025-03-30T14:06:27.790+0000] {processor.py:186} INFO - Started process (PID=1460) to work on /home/airflow/.local/lib/python3.12/site-packages/airflow/example_dags/example_xcomargs.py
[2025-03-30T14:06:27.791+0000] {processor.py:914} INFO - Processing file /home/airflow/.local/lib/python3.12/site-packages/airflow/example_dags/example_xcomargs.py for tasks to queue
[2025-03-30T14:06:27.793+0000] {logging_mixin.py:190} INFO - [2025-03-30T14:06:27.792+0000] {dagbag.py:588} INFO - Filling up the DagBag from /home/airflow/.local/lib/python3.12/site-packages/airflow/example_dags/example_xcomargs.py
[2025-03-30T14:06:27.802+0000] {processor.py:925} INFO - DAG(s) 'example_xcom_args_with_operators', 'example_xcom_args' retrieved from /home/airflow/.local/lib/python3.12/site-packages/airflow/example_dags/example_xcomargs.py
[2025-03-30T14:06:27.823+0000] {logging_mixin.py:190} INFO - [2025-03-30T14:06:27.822+0000] {dag.py:3239} INFO - Sync 2 DAGs
[2025-03-30T14:06:27.837+0000] {logging_mixin.py:190} INFO - [2025-03-30T14:06:27.837+0000] {dag.py:4180} INFO - Setting next_dagrun for example_xcom_args to None, run_after=None
[2025-03-30T14:06:27.841+0000] {logging_mixin.py:190} INFO - [2025-03-30T14:06:27.841+0000] {dag.py:4180} INFO - Setting next_dagrun for example_xcom_args_with_operators to None, run_after=None
[2025-03-30T14:06:27.857+0000] {processor.py:208} INFO - Processing /home/airflow/.local/lib/python3.12/site-packages/airflow/example_dags/example_xcomargs.py took 0.071 seconds
[2025-03-30T14:06:58.717+0000] {processor.py:186} INFO - Started process (PID=1557) to work on /home/airflow/.local/lib/python3.12/site-packages/airflow/example_dags/example_xcomargs.py
[2025-03-30T14:06:58.717+0000] {processor.py:914} INFO - Processing file /home/airflow/.local/lib/python3.12/site-packages/airflow/example_dags/example_xcomargs.py for tasks to queue
[2025-03-30T14:06:58.719+0000] {logging_mixin.py:190} INFO - [2025-03-30T14:06:58.718+0000] {dagbag.py:588} INFO - Filling up the DagBag from /home/airflow/.local/lib/python3.12/site-packages/airflow/example_dags/example_xcomargs.py
[2025-03-30T14:06:58.728+0000] {processor.py:925} INFO - DAG(s) 'example_xcom_args', 'example_xcom_args_with_operators' retrieved from /home/airflow/.local/lib/python3.12/site-packages/airflow/example_dags/example_xcomargs.py
[2025-03-30T14:06:58.748+0000] {logging_mixin.py:190} INFO - [2025-03-30T14:06:58.748+0000] {dag.py:3239} INFO - Sync 2 DAGs
[2025-03-30T14:06:58.762+0000] {logging_mixin.py:190} INFO - [2025-03-30T14:06:58.762+0000] {dag.py:4180} INFO - Setting next_dagrun for example_xcom_args to None, run_after=None
[2025-03-30T14:06:58.765+0000] {logging_mixin.py:190} INFO - [2025-03-30T14:06:58.765+0000] {dag.py:4180} INFO - Setting next_dagrun for example_xcom_args_with_operators to None, run_after=None
[2025-03-30T14:06:58.780+0000] {processor.py:208} INFO - Processing /home/airflow/.local/lib/python3.12/site-packages/airflow/example_dags/example_xcomargs.py took 0.071 seconds
[2025-03-30T14:07:28.929+0000] {processor.py:186} INFO - Started process (PID=1632) to work on /home/airflow/.local/lib/python3.12/site-packages/airflow/example_dags/example_xcomargs.py
[2025-03-30T14:07:28.929+0000] {processor.py:914} INFO - Processing file /home/airflow/.local/lib/python3.12/site-packages/airflow/example_dags/example_xcomargs.py for tasks to queue
[2025-03-30T14:07:28.930+0000] {logging_mixin.py:190} INFO - [2025-03-30T14:07:28.930+0000] {dagbag.py:588} INFO - Filling up the DagBag from /home/airflow/.local/lib/python3.12/site-packages/airflow/example_dags/example_xcomargs.py
[2025-03-30T14:07:28.939+0000] {processor.py:925} INFO - DAG(s) 'example_xcom_args', 'example_xcom_args_with_operators' retrieved from /home/airflow/.local/lib/python3.12/site-packages/airflow/example_dags/example_xcomargs.py
[2025-03-30T14:07:28.957+0000] {logging_mixin.py:190} INFO - [2025-03-30T14:07:28.957+0000] {dag.py:3239} INFO - Sync 2 DAGs
[2025-03-30T14:07:28.969+0000] {logging_mixin.py:190} INFO - [2025-03-30T14:07:28.969+0000] {dag.py:4180} INFO - Setting next_dagrun for example_xcom_args to None, run_after=None
[2025-03-30T14:07:28.972+0000] {logging_mixin.py:190} INFO - [2025-03-30T14:07:28.972+0000] {dag.py:4180} INFO - Setting next_dagrun for example_xcom_args_with_operators to None, run_after=None
[2025-03-30T14:07:28.985+0000] {processor.py:208} INFO - Processing /home/airflow/.local/lib/python3.12/site-packages/airflow/example_dags/example_xcomargs.py took 0.063 seconds
[2025-03-30T14:07:59.683+0000] {processor.py:186} INFO - Started process (PID=1707) to work on /home/airflow/.local/lib/python3.12/site-packages/airflow/example_dags/example_xcomargs.py
[2025-03-30T14:07:59.684+0000] {processor.py:914} INFO - Processing file /home/airflow/.local/lib/python3.12/site-packages/airflow/example_dags/example_xcomargs.py for tasks to queue
[2025-03-30T14:07:59.688+0000] {logging_mixin.py:190} INFO - [2025-03-30T14:07:59.688+0000] {dagbag.py:588} INFO - Filling up the DagBag from /home/airflow/.local/lib/python3.12/site-packages/airflow/example_dags/example_xcomargs.py
[2025-03-30T14:07:59.705+0000] {processor.py:925} INFO - DAG(s) 'example_xcom_args', 'example_xcom_args_with_operators' retrieved from /home/airflow/.local/lib/python3.12/site-packages/airflow/example_dags/example_xcomargs.py
[2025-03-30T14:07:59.741+0000] {logging_mixin.py:190} INFO - [2025-03-30T14:07:59.740+0000] {dag.py:3239} INFO - Sync 2 DAGs
[2025-03-30T14:07:59.767+0000] {logging_mixin.py:190} INFO - [2025-03-30T14:07:59.767+0000] {dag.py:4180} INFO - Setting next_dagrun for example_xcom_args to None, run_after=None
[2025-03-30T14:07:59.774+0000] {logging_mixin.py:190} INFO - [2025-03-30T14:07:59.774+0000] {dag.py:4180} INFO - Setting next_dagrun for example_xcom_args_with_operators to None, run_after=None
[2025-03-30T14:07:59.811+0000] {processor.py:208} INFO - Processing /home/airflow/.local/lib/python3.12/site-packages/airflow/example_dags/example_xcomargs.py took 0.142 seconds
[2025-03-30T14:08:30.540+0000] {processor.py:186} INFO - Started process (PID=1782) to work on /home/airflow/.local/lib/python3.12/site-packages/airflow/example_dags/example_xcomargs.py
[2025-03-30T14:08:30.541+0000] {processor.py:914} INFO - Processing file /home/airflow/.local/lib/python3.12/site-packages/airflow/example_dags/example_xcomargs.py for tasks to queue
[2025-03-30T14:08:30.544+0000] {logging_mixin.py:190} INFO - [2025-03-30T14:08:30.543+0000] {dagbag.py:588} INFO - Filling up the DagBag from /home/airflow/.local/lib/python3.12/site-packages/airflow/example_dags/example_xcomargs.py
[2025-03-30T14:08:30.559+0000] {processor.py:925} INFO - DAG(s) 'example_xcom_args', 'example_xcom_args_with_operators' retrieved from /home/airflow/.local/lib/python3.12/site-packages/airflow/example_dags/example_xcomargs.py
[2025-03-30T14:08:30.593+0000] {logging_mixin.py:190} INFO - [2025-03-30T14:08:30.593+0000] {dag.py:3239} INFO - Sync 2 DAGs
[2025-03-30T14:08:30.615+0000] {logging_mixin.py:190} INFO - [2025-03-30T14:08:30.615+0000] {dag.py:4180} INFO - Setting next_dagrun for example_xcom_args to None, run_after=None
[2025-03-30T14:08:30.621+0000] {logging_mixin.py:190} INFO - [2025-03-30T14:08:30.621+0000] {dag.py:4180} INFO - Setting next_dagrun for example_xcom_args_with_operators to None, run_after=None
[2025-03-30T14:08:30.656+0000] {processor.py:208} INFO - Processing /home/airflow/.local/lib/python3.12/site-packages/airflow/example_dags/example_xcomargs.py took 0.129 seconds
[2025-03-30T14:09:00.760+0000] {processor.py:186} INFO - Started process (PID=1857) to work on /home/airflow/.local/lib/python3.12/site-packages/airflow/example_dags/example_xcomargs.py
[2025-03-30T14:09:00.761+0000] {processor.py:914} INFO - Processing file /home/airflow/.local/lib/python3.12/site-packages/airflow/example_dags/example_xcomargs.py for tasks to queue
[2025-03-30T14:09:00.762+0000] {logging_mixin.py:190} INFO - [2025-03-30T14:09:00.761+0000] {dagbag.py:588} INFO - Filling up the DagBag from /home/airflow/.local/lib/python3.12/site-packages/airflow/example_dags/example_xcomargs.py
[2025-03-30T14:09:00.770+0000] {processor.py:925} INFO - DAG(s) 'example_xcom_args_with_operators', 'example_xcom_args' retrieved from /home/airflow/.local/lib/python3.12/site-packages/airflow/example_dags/example_xcomargs.py
[2025-03-30T14:09:00.788+0000] {logging_mixin.py:190} INFO - [2025-03-30T14:09:00.788+0000] {dag.py:3239} INFO - Sync 2 DAGs
[2025-03-30T14:09:00.801+0000] {logging_mixin.py:190} INFO - [2025-03-30T14:09:00.801+0000] {dag.py:4180} INFO - Setting next_dagrun for example_xcom_args to None, run_after=None
[2025-03-30T14:09:00.805+0000] {logging_mixin.py:190} INFO - [2025-03-30T14:09:00.805+0000] {dag.py:4180} INFO - Setting next_dagrun for example_xcom_args_with_operators to None, run_after=None
[2025-03-30T14:09:00.817+0000] {processor.py:208} INFO - Processing /home/airflow/.local/lib/python3.12/site-packages/airflow/example_dags/example_xcomargs.py took 0.064 seconds
[2025-03-30T14:09:31.719+0000] {processor.py:186} INFO - Started process (PID=1932) to work on /home/airflow/.local/lib/python3.12/site-packages/airflow/example_dags/example_xcomargs.py
[2025-03-30T14:09:31.720+0000] {processor.py:914} INFO - Processing file /home/airflow/.local/lib/python3.12/site-packages/airflow/example_dags/example_xcomargs.py for tasks to queue
[2025-03-30T14:09:31.721+0000] {logging_mixin.py:190} INFO - [2025-03-30T14:09:31.721+0000] {dagbag.py:588} INFO - Filling up the DagBag from /home/airflow/.local/lib/python3.12/site-packages/airflow/example_dags/example_xcomargs.py
[2025-03-30T14:09:31.731+0000] {processor.py:925} INFO - DAG(s) 'example_xcom_args', 'example_xcom_args_with_operators' retrieved from /home/airflow/.local/lib/python3.12/site-packages/airflow/example_dags/example_xcomargs.py
[2025-03-30T14:09:31.751+0000] {logging_mixin.py:190} INFO - [2025-03-30T14:09:31.751+0000] {dag.py:3239} INFO - Sync 2 DAGs
[2025-03-30T14:09:31.769+0000] {logging_mixin.py:190} INFO - [2025-03-30T14:09:31.769+0000] {dag.py:4180} INFO - Setting next_dagrun for example_xcom_args to None, run_after=None
[2025-03-30T14:09:31.773+0000] {logging_mixin.py:190} INFO - [2025-03-30T14:09:31.773+0000] {dag.py:4180} INFO - Setting next_dagrun for example_xcom_args_with_operators to None, run_after=None
[2025-03-30T14:09:31.785+0000] {processor.py:208} INFO - Processing /home/airflow/.local/lib/python3.12/site-packages/airflow/example_dags/example_xcomargs.py took 0.074 seconds
[2025-03-30T14:10:03.708+0000] {processor.py:186} INFO - Started process (PID=2007) to work on /home/airflow/.local/lib/python3.12/site-packages/airflow/example_dags/example_xcomargs.py
[2025-03-30T14:10:03.712+0000] {processor.py:914} INFO - Processing file /home/airflow/.local/lib/python3.12/site-packages/airflow/example_dags/example_xcomargs.py for tasks to queue
[2025-03-30T14:10:03.714+0000] {logging_mixin.py:190} INFO - [2025-03-30T14:10:03.714+0000] {dagbag.py:588} INFO - Filling up the DagBag from /home/airflow/.local/lib/python3.12/site-packages/airflow/example_dags/example_xcomargs.py
[2025-03-30T14:10:03.727+0000] {processor.py:925} INFO - DAG(s) 'example_xcom_args', 'example_xcom_args_with_operators' retrieved from /home/airflow/.local/lib/python3.12/site-packages/airflow/example_dags/example_xcomargs.py
[2025-03-30T14:10:03.764+0000] {logging_mixin.py:190} INFO - [2025-03-30T14:10:03.763+0000] {dag.py:3239} INFO - Sync 2 DAGs
[2025-03-30T14:10:03.787+0000] {logging_mixin.py:190} INFO - [2025-03-30T14:10:03.786+0000] {dag.py:4180} INFO - Setting next_dagrun for example_xcom_args to None, run_after=None
[2025-03-30T14:10:03.794+0000] {logging_mixin.py:190} INFO - [2025-03-30T14:10:03.794+0000] {dag.py:4180} INFO - Setting next_dagrun for example_xcom_args_with_operators to None, run_after=None
[2025-03-30T14:10:03.838+0000] {processor.py:208} INFO - Processing /home/airflow/.local/lib/python3.12/site-packages/airflow/example_dags/example_xcomargs.py took 0.145 seconds
[2025-03-30T14:10:33.902+0000] {processor.py:186} INFO - Started process (PID=2070) to work on /home/airflow/.local/lib/python3.12/site-packages/airflow/example_dags/example_xcomargs.py
[2025-03-30T14:10:33.904+0000] {processor.py:914} INFO - Processing file /home/airflow/.local/lib/python3.12/site-packages/airflow/example_dags/example_xcomargs.py for tasks to queue
[2025-03-30T14:10:33.905+0000] {logging_mixin.py:190} INFO - [2025-03-30T14:10:33.905+0000] {dagbag.py:588} INFO - Filling up the DagBag from /home/airflow/.local/lib/python3.12/site-packages/airflow/example_dags/example_xcomargs.py
[2025-03-30T14:10:33.916+0000] {processor.py:925} INFO - DAG(s) 'example_xcom_args_with_operators', 'example_xcom_args' retrieved from /home/airflow/.local/lib/python3.12/site-packages/airflow/example_dags/example_xcomargs.py
[2025-03-30T14:10:33.940+0000] {logging_mixin.py:190} INFO - [2025-03-30T14:10:33.939+0000] {dag.py:3239} INFO - Sync 2 DAGs
[2025-03-30T14:10:33.957+0000] {logging_mixin.py:190} INFO - [2025-03-30T14:10:33.957+0000] {dag.py:4180} INFO - Setting next_dagrun for example_xcom_args to None, run_after=None
[2025-03-30T14:10:33.962+0000] {logging_mixin.py:190} INFO - [2025-03-30T14:10:33.961+0000] {dag.py:4180} INFO - Setting next_dagrun for example_xcom_args_with_operators to None, run_after=None
[2025-03-30T14:10:33.979+0000] {processor.py:208} INFO - Processing /home/airflow/.local/lib/python3.12/site-packages/airflow/example_dags/example_xcomargs.py took 0.085 seconds
[2025-03-30T14:11:04.546+0000] {processor.py:186} INFO - Started process (PID=2145) to work on /home/airflow/.local/lib/python3.12/site-packages/airflow/example_dags/example_xcomargs.py
[2025-03-30T14:11:04.552+0000] {processor.py:914} INFO - Processing file /home/airflow/.local/lib/python3.12/site-packages/airflow/example_dags/example_xcomargs.py for tasks to queue
[2025-03-30T14:11:04.554+0000] {logging_mixin.py:190} INFO - [2025-03-30T14:11:04.553+0000] {dagbag.py:588} INFO - Filling up the DagBag from /home/airflow/.local/lib/python3.12/site-packages/airflow/example_dags/example_xcomargs.py
[2025-03-30T14:11:04.573+0000] {processor.py:925} INFO - DAG(s) 'example_xcom_args_with_operators', 'example_xcom_args' retrieved from /home/airflow/.local/lib/python3.12/site-packages/airflow/example_dags/example_xcomargs.py
[2025-03-30T14:11:04.609+0000] {logging_mixin.py:190} INFO - [2025-03-30T14:11:04.609+0000] {dag.py:3239} INFO - Sync 2 DAGs
[2025-03-30T14:11:04.629+0000] {logging_mixin.py:190} INFO - [2025-03-30T14:11:04.629+0000] {dag.py:4180} INFO - Setting next_dagrun for example_xcom_args to None, run_after=None
[2025-03-30T14:11:04.635+0000] {logging_mixin.py:190} INFO - [2025-03-30T14:11:04.635+0000] {dag.py:4180} INFO - Setting next_dagrun for example_xcom_args_with_operators to None, run_after=None
[2025-03-30T14:11:04.685+0000] {processor.py:208} INFO - Processing /home/airflow/.local/lib/python3.12/site-packages/airflow/example_dags/example_xcomargs.py took 0.160 seconds
[2025-03-30T14:11:35.072+0000] {processor.py:186} INFO - Started process (PID=2220) to work on /home/airflow/.local/lib/python3.12/site-packages/airflow/example_dags/example_xcomargs.py
[2025-03-30T14:11:35.073+0000] {processor.py:914} INFO - Processing file /home/airflow/.local/lib/python3.12/site-packages/airflow/example_dags/example_xcomargs.py for tasks to queue
[2025-03-30T14:11:35.074+0000] {logging_mixin.py:190} INFO - [2025-03-30T14:11:35.074+0000] {dagbag.py:588} INFO - Filling up the DagBag from /home/airflow/.local/lib/python3.12/site-packages/airflow/example_dags/example_xcomargs.py
[2025-03-30T14:11:35.084+0000] {processor.py:925} INFO - DAG(s) 'example_xcom_args', 'example_xcom_args_with_operators' retrieved from /home/airflow/.local/lib/python3.12/site-packages/airflow/example_dags/example_xcomargs.py
[2025-03-30T14:11:35.107+0000] {logging_mixin.py:190} INFO - [2025-03-30T14:11:35.106+0000] {dag.py:3239} INFO - Sync 2 DAGs
[2025-03-30T14:11:35.121+0000] {logging_mixin.py:190} INFO - [2025-03-30T14:11:35.121+0000] {dag.py:4180} INFO - Setting next_dagrun for example_xcom_args to None, run_after=None
[2025-03-30T14:11:35.126+0000] {logging_mixin.py:190} INFO - [2025-03-30T14:11:35.125+0000] {dag.py:4180} INFO - Setting next_dagrun for example_xcom_args_with_operators to None, run_after=None
[2025-03-30T14:11:35.140+0000] {processor.py:208} INFO - Processing /home/airflow/.local/lib/python3.12/site-packages/airflow/example_dags/example_xcomargs.py took 0.077 seconds
[2025-03-30T14:12:06.192+0000] {processor.py:186} INFO - Started process (PID=2295) to work on /home/airflow/.local/lib/python3.12/site-packages/airflow/example_dags/example_xcomargs.py
[2025-03-30T14:12:06.195+0000] {processor.py:914} INFO - Processing file /home/airflow/.local/lib/python3.12/site-packages/airflow/example_dags/example_xcomargs.py for tasks to queue
[2025-03-30T14:12:06.198+0000] {logging_mixin.py:190} INFO - [2025-03-30T14:12:06.197+0000] {dagbag.py:588} INFO - Filling up the DagBag from /home/airflow/.local/lib/python3.12/site-packages/airflow/example_dags/example_xcomargs.py
[2025-03-30T14:12:06.218+0000] {processor.py:925} INFO - DAG(s) 'example_xcom_args', 'example_xcom_args_with_operators' retrieved from /home/airflow/.local/lib/python3.12/site-packages/airflow/example_dags/example_xcomargs.py
[2025-03-30T14:12:06.255+0000] {logging_mixin.py:190} INFO - [2025-03-30T14:12:06.255+0000] {dag.py:3239} INFO - Sync 2 DAGs
[2025-03-30T14:12:06.278+0000] {logging_mixin.py:190} INFO - [2025-03-30T14:12:06.277+0000] {dag.py:4180} INFO - Setting next_dagrun for example_xcom_args to None, run_after=None
[2025-03-30T14:12:06.285+0000] {logging_mixin.py:190} INFO - [2025-03-30T14:12:06.285+0000] {dag.py:4180} INFO - Setting next_dagrun for example_xcom_args_with_operators to None, run_after=None
[2025-03-30T14:12:06.309+0000] {processor.py:208} INFO - Processing /home/airflow/.local/lib/python3.12/site-packages/airflow/example_dags/example_xcomargs.py took 0.134 seconds
[2025-03-30T14:12:37.281+0000] {processor.py:186} INFO - Started process (PID=2370) to work on /home/airflow/.local/lib/python3.12/site-packages/airflow/example_dags/example_xcomargs.py
[2025-03-30T14:12:37.282+0000] {processor.py:914} INFO - Processing file /home/airflow/.local/lib/python3.12/site-packages/airflow/example_dags/example_xcomargs.py for tasks to queue
[2025-03-30T14:12:37.283+0000] {logging_mixin.py:190} INFO - [2025-03-30T14:12:37.283+0000] {dagbag.py:588} INFO - Filling up the DagBag from /home/airflow/.local/lib/python3.12/site-packages/airflow/example_dags/example_xcomargs.py
[2025-03-30T14:12:37.293+0000] {processor.py:925} INFO - DAG(s) 'example_xcom_args_with_operators', 'example_xcom_args' retrieved from /home/airflow/.local/lib/python3.12/site-packages/airflow/example_dags/example_xcomargs.py
[2025-03-30T14:12:37.313+0000] {logging_mixin.py:190} INFO - [2025-03-30T14:12:37.313+0000] {dag.py:3239} INFO - Sync 2 DAGs
[2025-03-30T14:12:37.328+0000] {logging_mixin.py:190} INFO - [2025-03-30T14:12:37.328+0000] {dag.py:4180} INFO - Setting next_dagrun for example_xcom_args to None, run_after=None
[2025-03-30T14:12:37.332+0000] {logging_mixin.py:190} INFO - [2025-03-30T14:12:37.332+0000] {dag.py:4180} INFO - Setting next_dagrun for example_xcom_args_with_operators to None, run_after=None
[2025-03-30T14:12:37.345+0000] {processor.py:208} INFO - Processing /home/airflow/.local/lib/python3.12/site-packages/airflow/example_dags/example_xcomargs.py took 0.074 seconds
[2025-03-30T14:13:07.758+0000] {processor.py:186} INFO - Started process (PID=2445) to work on /home/airflow/.local/lib/python3.12/site-packages/airflow/example_dags/example_xcomargs.py
[2025-03-30T14:13:07.759+0000] {processor.py:914} INFO - Processing file /home/airflow/.local/lib/python3.12/site-packages/airflow/example_dags/example_xcomargs.py for tasks to queue
[2025-03-30T14:13:07.760+0000] {logging_mixin.py:190} INFO - [2025-03-30T14:13:07.759+0000] {dagbag.py:588} INFO - Filling up the DagBag from /home/airflow/.local/lib/python3.12/site-packages/airflow/example_dags/example_xcomargs.py
[2025-03-30T14:13:07.769+0000] {processor.py:925} INFO - DAG(s) 'example_xcom_args_with_operators', 'example_xcom_args' retrieved from /home/airflow/.local/lib/python3.12/site-packages/airflow/example_dags/example_xcomargs.py
[2025-03-30T14:13:07.791+0000] {logging_mixin.py:190} INFO - [2025-03-30T14:13:07.791+0000] {dag.py:3239} INFO - Sync 2 DAGs
[2025-03-30T14:13:07.805+0000] {logging_mixin.py:190} INFO - [2025-03-30T14:13:07.805+0000] {dag.py:4180} INFO - Setting next_dagrun for example_xcom_args to None, run_after=None
[2025-03-30T14:13:07.811+0000] {logging_mixin.py:190} INFO - [2025-03-30T14:13:07.811+0000] {dag.py:4180} INFO - Setting next_dagrun for example_xcom_args_with_operators to None, run_after=None
[2025-03-30T14:13:07.830+0000] {processor.py:208} INFO - Processing /home/airflow/.local/lib/python3.12/site-packages/airflow/example_dags/example_xcomargs.py took 0.081 seconds
[2025-03-30T14:13:37.875+0000] {processor.py:186} INFO - Started process (PID=2520) to work on /home/airflow/.local/lib/python3.12/site-packages/airflow/example_dags/example_xcomargs.py
[2025-03-30T14:13:37.875+0000] {processor.py:914} INFO - Processing file /home/airflow/.local/lib/python3.12/site-packages/airflow/example_dags/example_xcomargs.py for tasks to queue
[2025-03-30T14:13:37.876+0000] {logging_mixin.py:190} INFO - [2025-03-30T14:13:37.876+0000] {dagbag.py:588} INFO - Filling up the DagBag from /home/airflow/.local/lib/python3.12/site-packages/airflow/example_dags/example_xcomargs.py
[2025-03-30T14:13:37.884+0000] {processor.py:925} INFO - DAG(s) 'example_xcom_args', 'example_xcom_args_with_operators' retrieved from /home/airflow/.local/lib/python3.12/site-packages/airflow/example_dags/example_xcomargs.py
[2025-03-30T14:13:37.905+0000] {logging_mixin.py:190} INFO - [2025-03-30T14:13:37.905+0000] {dag.py:3239} INFO - Sync 2 DAGs
[2025-03-30T14:13:37.919+0000] {logging_mixin.py:190} INFO - [2025-03-30T14:13:37.919+0000] {dag.py:4180} INFO - Setting next_dagrun for example_xcom_args to None, run_after=None
[2025-03-30T14:13:37.922+0000] {logging_mixin.py:190} INFO - [2025-03-30T14:13:37.922+0000] {dag.py:4180} INFO - Setting next_dagrun for example_xcom_args_with_operators to None, run_after=None
[2025-03-30T14:13:37.948+0000] {processor.py:208} INFO - Processing /home/airflow/.local/lib/python3.12/site-packages/airflow/example_dags/example_xcomargs.py took 0.081 seconds
[2025-03-30T14:14:08.576+0000] {processor.py:186} INFO - Started process (PID=2595) to work on /home/airflow/.local/lib/python3.12/site-packages/airflow/example_dags/example_xcomargs.py
[2025-03-30T14:14:08.576+0000] {processor.py:914} INFO - Processing file /home/airflow/.local/lib/python3.12/site-packages/airflow/example_dags/example_xcomargs.py for tasks to queue
[2025-03-30T14:14:08.578+0000] {logging_mixin.py:190} INFO - [2025-03-30T14:14:08.578+0000] {dagbag.py:588} INFO - Filling up the DagBag from /home/airflow/.local/lib/python3.12/site-packages/airflow/example_dags/example_xcomargs.py
[2025-03-30T14:14:08.589+0000] {processor.py:925} INFO - DAG(s) 'example_xcom_args', 'example_xcom_args_with_operators' retrieved from /home/airflow/.local/lib/python3.12/site-packages/airflow/example_dags/example_xcomargs.py
[2025-03-30T14:14:08.613+0000] {logging_mixin.py:190} INFO - [2025-03-30T14:14:08.613+0000] {dag.py:3239} INFO - Sync 2 DAGs
[2025-03-30T14:14:08.629+0000] {logging_mixin.py:190} INFO - [2025-03-30T14:14:08.628+0000] {dag.py:4180} INFO - Setting next_dagrun for example_xcom_args to None, run_after=None
[2025-03-30T14:14:08.632+0000] {logging_mixin.py:190} INFO - [2025-03-30T14:14:08.632+0000] {dag.py:4180} INFO - Setting next_dagrun for example_xcom_args_with_operators to None, run_after=None
[2025-03-30T14:14:08.658+0000] {processor.py:208} INFO - Processing /home/airflow/.local/lib/python3.12/site-packages/airflow/example_dags/example_xcomargs.py took 0.092 seconds
[2025-03-30T14:14:39.346+0000] {processor.py:186} INFO - Started process (PID=2670) to work on /home/airflow/.local/lib/python3.12/site-packages/airflow/example_dags/example_xcomargs.py
[2025-03-30T14:14:39.347+0000] {processor.py:914} INFO - Processing file /home/airflow/.local/lib/python3.12/site-packages/airflow/example_dags/example_xcomargs.py for tasks to queue
[2025-03-30T14:14:39.348+0000] {logging_mixin.py:190} INFO - [2025-03-30T14:14:39.348+0000] {dagbag.py:588} INFO - Filling up the DagBag from /home/airflow/.local/lib/python3.12/site-packages/airflow/example_dags/example_xcomargs.py
[2025-03-30T14:14:39.357+0000] {processor.py:925} INFO - DAG(s) 'example_xcom_args', 'example_xcom_args_with_operators' retrieved from /home/airflow/.local/lib/python3.12/site-packages/airflow/example_dags/example_xcomargs.py
[2025-03-30T14:14:39.376+0000] {logging_mixin.py:190} INFO - [2025-03-30T14:14:39.376+0000] {dag.py:3239} INFO - Sync 2 DAGs
[2025-03-30T14:14:39.392+0000] {logging_mixin.py:190} INFO - [2025-03-30T14:14:39.392+0000] {dag.py:4180} INFO - Setting next_dagrun for example_xcom_args to None, run_after=None
[2025-03-30T14:14:39.395+0000] {logging_mixin.py:190} INFO - [2025-03-30T14:14:39.395+0000] {dag.py:4180} INFO - Setting next_dagrun for example_xcom_args_with_operators to None, run_after=None
[2025-03-30T14:14:39.412+0000] {processor.py:208} INFO - Processing /home/airflow/.local/lib/python3.12/site-packages/airflow/example_dags/example_xcomargs.py took 0.075 seconds
[2025-03-30T14:15:09.618+0000] {processor.py:186} INFO - Started process (PID=2745) to work on /home/airflow/.local/lib/python3.12/site-packages/airflow/example_dags/example_xcomargs.py
[2025-03-30T14:15:09.619+0000] {processor.py:914} INFO - Processing file /home/airflow/.local/lib/python3.12/site-packages/airflow/example_dags/example_xcomargs.py for tasks to queue
[2025-03-30T14:15:09.621+0000] {logging_mixin.py:190} INFO - [2025-03-30T14:15:09.620+0000] {dagbag.py:588} INFO - Filling up the DagBag from /home/airflow/.local/lib/python3.12/site-packages/airflow/example_dags/example_xcomargs.py
[2025-03-30T14:15:09.630+0000] {processor.py:925} INFO - DAG(s) 'example_xcom_args', 'example_xcom_args_with_operators' retrieved from /home/airflow/.local/lib/python3.12/site-packages/airflow/example_dags/example_xcomargs.py
[2025-03-30T14:15:09.651+0000] {logging_mixin.py:190} INFO - [2025-03-30T14:15:09.651+0000] {dag.py:3239} INFO - Sync 2 DAGs
[2025-03-30T14:15:09.665+0000] {logging_mixin.py:190} INFO - [2025-03-30T14:15:09.665+0000] {dag.py:4180} INFO - Setting next_dagrun for example_xcom_args to None, run_after=None
[2025-03-30T14:15:09.669+0000] {logging_mixin.py:190} INFO - [2025-03-30T14:15:09.669+0000] {dag.py:4180} INFO - Setting next_dagrun for example_xcom_args_with_operators to None, run_after=None
[2025-03-30T14:15:09.696+0000] {processor.py:208} INFO - Processing /home/airflow/.local/lib/python3.12/site-packages/airflow/example_dags/example_xcomargs.py took 0.085 seconds
[2025-03-30T14:15:39.925+0000] {processor.py:186} INFO - Started process (PID=2820) to work on /home/airflow/.local/lib/python3.12/site-packages/airflow/example_dags/example_xcomargs.py
[2025-03-30T14:15:39.926+0000] {processor.py:914} INFO - Processing file /home/airflow/.local/lib/python3.12/site-packages/airflow/example_dags/example_xcomargs.py for tasks to queue
[2025-03-30T14:15:39.927+0000] {logging_mixin.py:190} INFO - [2025-03-30T14:15:39.927+0000] {dagbag.py:588} INFO - Filling up the DagBag from /home/airflow/.local/lib/python3.12/site-packages/airflow/example_dags/example_xcomargs.py
[2025-03-30T14:15:39.935+0000] {processor.py:925} INFO - DAG(s) 'example_xcom_args', 'example_xcom_args_with_operators' retrieved from /home/airflow/.local/lib/python3.12/site-packages/airflow/example_dags/example_xcomargs.py
[2025-03-30T14:15:39.956+0000] {logging_mixin.py:190} INFO - [2025-03-30T14:15:39.955+0000] {dag.py:3239} INFO - Sync 2 DAGs
[2025-03-30T14:15:39.969+0000] {logging_mixin.py:190} INFO - [2025-03-30T14:15:39.969+0000] {dag.py:4180} INFO - Setting next_dagrun for example_xcom_args to None, run_after=None
[2025-03-30T14:15:39.972+0000] {logging_mixin.py:190} INFO - [2025-03-30T14:15:39.972+0000] {dag.py:4180} INFO - Setting next_dagrun for example_xcom_args_with_operators to None, run_after=None
[2025-03-30T14:15:39.998+0000] {processor.py:208} INFO - Processing /home/airflow/.local/lib/python3.12/site-packages/airflow/example_dags/example_xcomargs.py took 0.080 seconds
[2025-03-30T14:16:10.542+0000] {processor.py:186} INFO - Started process (PID=2895) to work on /home/airflow/.local/lib/python3.12/site-packages/airflow/example_dags/example_xcomargs.py
[2025-03-30T14:16:10.543+0000] {processor.py:914} INFO - Processing file /home/airflow/.local/lib/python3.12/site-packages/airflow/example_dags/example_xcomargs.py for tasks to queue
[2025-03-30T14:16:10.544+0000] {logging_mixin.py:190} INFO - [2025-03-30T14:16:10.544+0000] {dagbag.py:588} INFO - Filling up the DagBag from /home/airflow/.local/lib/python3.12/site-packages/airflow/example_dags/example_xcomargs.py
[2025-03-30T14:16:10.552+0000] {processor.py:925} INFO - DAG(s) 'example_xcom_args_with_operators', 'example_xcom_args' retrieved from /home/airflow/.local/lib/python3.12/site-packages/airflow/example_dags/example_xcomargs.py
[2025-03-30T14:16:10.570+0000] {logging_mixin.py:190} INFO - [2025-03-30T14:16:10.570+0000] {dag.py:3239} INFO - Sync 2 DAGs
[2025-03-30T14:16:10.583+0000] {logging_mixin.py:190} INFO - [2025-03-30T14:16:10.583+0000] {dag.py:4180} INFO - Setting next_dagrun for example_xcom_args to None, run_after=None
[2025-03-30T14:16:10.587+0000] {logging_mixin.py:190} INFO - [2025-03-30T14:16:10.586+0000] {dag.py:4180} INFO - Setting next_dagrun for example_xcom_args_with_operators to None, run_after=None
[2025-03-30T14:16:10.612+0000] {processor.py:208} INFO - Processing /home/airflow/.local/lib/python3.12/site-packages/airflow/example_dags/example_xcomargs.py took 0.078 seconds
[2025-03-30T14:16:40.933+0000] {processor.py:186} INFO - Started process (PID=2970) to work on /home/airflow/.local/lib/python3.12/site-packages/airflow/example_dags/example_xcomargs.py
[2025-03-30T14:16:40.934+0000] {processor.py:914} INFO - Processing file /home/airflow/.local/lib/python3.12/site-packages/airflow/example_dags/example_xcomargs.py for tasks to queue
[2025-03-30T14:16:40.935+0000] {logging_mixin.py:190} INFO - [2025-03-30T14:16:40.935+0000] {dagbag.py:588} INFO - Filling up the DagBag from /home/airflow/.local/lib/python3.12/site-packages/airflow/example_dags/example_xcomargs.py
[2025-03-30T14:16:40.943+0000] {processor.py:925} INFO - DAG(s) 'example_xcom_args', 'example_xcom_args_with_operators' retrieved from /home/airflow/.local/lib/python3.12/site-packages/airflow/example_dags/example_xcomargs.py
[2025-03-30T14:16:40.961+0000] {logging_mixin.py:190} INFO - [2025-03-30T14:16:40.961+0000] {dag.py:3239} INFO - Sync 2 DAGs
[2025-03-30T14:16:40.975+0000] {logging_mixin.py:190} INFO - [2025-03-30T14:16:40.974+0000] {dag.py:4180} INFO - Setting next_dagrun for example_xcom_args to None, run_after=None
[2025-03-30T14:16:40.978+0000] {logging_mixin.py:190} INFO - [2025-03-30T14:16:40.978+0000] {dag.py:4180} INFO - Setting next_dagrun for example_xcom_args_with_operators to None, run_after=None
[2025-03-30T14:16:41.001+0000] {processor.py:208} INFO - Processing /home/airflow/.local/lib/python3.12/site-packages/airflow/example_dags/example_xcomargs.py took 0.075 seconds
[2025-03-30T14:17:11.180+0000] {processor.py:186} INFO - Started process (PID=3045) to work on /home/airflow/.local/lib/python3.12/site-packages/airflow/example_dags/example_xcomargs.py
[2025-03-30T14:17:11.181+0000] {processor.py:914} INFO - Processing file /home/airflow/.local/lib/python3.12/site-packages/airflow/example_dags/example_xcomargs.py for tasks to queue
[2025-03-30T14:17:11.182+0000] {logging_mixin.py:190} INFO - [2025-03-30T14:17:11.182+0000] {dagbag.py:588} INFO - Filling up the DagBag from /home/airflow/.local/lib/python3.12/site-packages/airflow/example_dags/example_xcomargs.py
[2025-03-30T14:17:11.189+0000] {processor.py:925} INFO - DAG(s) 'example_xcom_args', 'example_xcom_args_with_operators' retrieved from /home/airflow/.local/lib/python3.12/site-packages/airflow/example_dags/example_xcomargs.py
[2025-03-30T14:17:11.210+0000] {logging_mixin.py:190} INFO - [2025-03-30T14:17:11.210+0000] {dag.py:3239} INFO - Sync 2 DAGs
[2025-03-30T14:17:11.223+0000] {logging_mixin.py:190} INFO - [2025-03-30T14:17:11.223+0000] {dag.py:4180} INFO - Setting next_dagrun for example_xcom_args to None, run_after=None
[2025-03-30T14:17:11.226+0000] {logging_mixin.py:190} INFO - [2025-03-30T14:17:11.226+0000] {dag.py:4180} INFO - Setting next_dagrun for example_xcom_args_with_operators to None, run_after=None
[2025-03-30T14:17:11.251+0000] {processor.py:208} INFO - Processing /home/airflow/.local/lib/python3.12/site-packages/airflow/example_dags/example_xcomargs.py took 0.080 seconds
[2025-03-30T14:17:41.680+0000] {processor.py:186} INFO - Started process (PID=3120) to work on /home/airflow/.local/lib/python3.12/site-packages/airflow/example_dags/example_xcomargs.py
[2025-03-30T14:17:41.681+0000] {processor.py:914} INFO - Processing file /home/airflow/.local/lib/python3.12/site-packages/airflow/example_dags/example_xcomargs.py for tasks to queue
[2025-03-30T14:17:41.683+0000] {logging_mixin.py:190} INFO - [2025-03-30T14:17:41.682+0000] {dagbag.py:588} INFO - Filling up the DagBag from /home/airflow/.local/lib/python3.12/site-packages/airflow/example_dags/example_xcomargs.py
[2025-03-30T14:17:41.692+0000] {processor.py:925} INFO - DAG(s) 'example_xcom_args_with_operators', 'example_xcom_args' retrieved from /home/airflow/.local/lib/python3.12/site-packages/airflow/example_dags/example_xcomargs.py
[2025-03-30T14:17:41.711+0000] {logging_mixin.py:190} INFO - [2025-03-30T14:17:41.711+0000] {dag.py:3239} INFO - Sync 2 DAGs
[2025-03-30T14:17:41.724+0000] {logging_mixin.py:190} INFO - [2025-03-30T14:17:41.724+0000] {dag.py:4180} INFO - Setting next_dagrun for example_xcom_args to None, run_after=None
[2025-03-30T14:17:41.728+0000] {logging_mixin.py:190} INFO - [2025-03-30T14:17:41.728+0000] {dag.py:4180} INFO - Setting next_dagrun for example_xcom_args_with_operators to None, run_after=None
[2025-03-30T14:17:41.755+0000] {processor.py:208} INFO - Processing /home/airflow/.local/lib/python3.12/site-packages/airflow/example_dags/example_xcomargs.py took 0.083 seconds
[2025-03-30T14:18:13.071+0000] {processor.py:186} INFO - Started process (PID=3195) to work on /home/airflow/.local/lib/python3.12/site-packages/airflow/example_dags/example_xcomargs.py
[2025-03-30T14:18:13.072+0000] {processor.py:914} INFO - Processing file /home/airflow/.local/lib/python3.12/site-packages/airflow/example_dags/example_xcomargs.py for tasks to queue
[2025-03-30T14:18:13.073+0000] {logging_mixin.py:190} INFO - [2025-03-30T14:18:13.073+0000] {dagbag.py:588} INFO - Filling up the DagBag from /home/airflow/.local/lib/python3.12/site-packages/airflow/example_dags/example_xcomargs.py
[2025-03-30T14:18:13.085+0000] {processor.py:925} INFO - DAG(s) 'example_xcom_args_with_operators', 'example_xcom_args' retrieved from /home/airflow/.local/lib/python3.12/site-packages/airflow/example_dags/example_xcomargs.py
[2025-03-30T14:18:13.116+0000] {logging_mixin.py:190} INFO - [2025-03-30T14:18:13.116+0000] {dag.py:3239} INFO - Sync 2 DAGs
[2025-03-30T14:18:13.134+0000] {logging_mixin.py:190} INFO - [2025-03-30T14:18:13.133+0000] {dag.py:4180} INFO - Setting next_dagrun for example_xcom_args to None, run_after=None
[2025-03-30T14:18:13.137+0000] {logging_mixin.py:190} INFO - [2025-03-30T14:18:13.137+0000] {dag.py:4180} INFO - Setting next_dagrun for example_xcom_args_with_operators to None, run_after=None
[2025-03-30T14:18:13.164+0000] {processor.py:208} INFO - Processing /home/airflow/.local/lib/python3.12/site-packages/airflow/example_dags/example_xcomargs.py took 0.104 seconds
