[2025-03-30T13:57:14.455+0000] {processor.py:186} INFO - Started process (PID=70) to work on /home/airflow/.local/lib/python3.12/site-packages/airflow/example_dags/example_branch_labels.py
[2025-03-30T13:57:14.463+0000] {processor.py:914} INFO - Processing file /home/airflow/.local/lib/python3.12/site-packages/airflow/example_dags/example_branch_labels.py for tasks to queue
[2025-03-30T13:57:14.470+0000] {logging_mixin.py:190} INFO - [2025-03-30T13:57:14.469+0000] {dagbag.py:588} INFO - Filling up the DagBag from /home/airflow/.local/lib/python3.12/site-packages/airflow/example_dags/example_branch_labels.py
[2025-03-30T13:57:14.515+0000] {processor.py:925} INFO - DAG(s) 'example_branch_labels' retrieved from /home/airflow/.local/lib/python3.12/site-packages/airflow/example_dags/example_branch_labels.py
[2025-03-30T13:57:14.563+0000] {logging_mixin.py:190} INFO - [2025-03-30T13:57:14.563+0000] {dag.py:3239} INFO - Sync 1 DAGs
[2025-03-30T13:57:14.603+0000] {logging_mixin.py:190} INFO - [2025-03-30T13:57:14.602+0000] {dag.py:4180} INFO - Setting next_dagrun for example_branch_labels to 2025-03-29 00:00:00+00:00, run_after=2025-03-30 00:00:00+00:00
[2025-03-30T13:57:14.633+0000] {processor.py:208} INFO - Processing /home/airflow/.local/lib/python3.12/site-packages/airflow/example_dags/example_branch_labels.py took 0.202 seconds
[2025-03-30T13:57:44.713+0000] {processor.py:186} INFO - Started process (PID=133) to work on /home/airflow/.local/lib/python3.12/site-packages/airflow/example_dags/example_branch_labels.py
[2025-03-30T13:57:44.714+0000] {processor.py:914} INFO - Processing file /home/airflow/.local/lib/python3.12/site-packages/airflow/example_dags/example_branch_labels.py for tasks to queue
[2025-03-30T13:57:44.716+0000] {logging_mixin.py:190} INFO - [2025-03-30T13:57:44.715+0000] {dagbag.py:588} INFO - Filling up the DagBag from /home/airflow/.local/lib/python3.12/site-packages/airflow/example_dags/example_branch_labels.py
[2025-03-30T13:57:44.723+0000] {processor.py:925} INFO - DAG(s) 'example_branch_labels' retrieved from /home/airflow/.local/lib/python3.12/site-packages/airflow/example_dags/example_branch_labels.py
[2025-03-30T13:57:44.739+0000] {logging_mixin.py:190} INFO - [2025-03-30T13:57:44.739+0000] {dag.py:3239} INFO - Sync 1 DAGs
[2025-03-30T13:57:44.757+0000] {logging_mixin.py:190} INFO - [2025-03-30T13:57:44.757+0000] {dag.py:4180} INFO - Setting next_dagrun for example_branch_labels to 2025-03-29 00:00:00+00:00, run_after=2025-03-30 00:00:00+00:00
[2025-03-30T13:57:44.771+0000] {processor.py:208} INFO - Processing /home/airflow/.local/lib/python3.12/site-packages/airflow/example_dags/example_branch_labels.py took 0.062 seconds
[2025-03-30T13:58:14.811+0000] {processor.py:186} INFO - Started process (PID=208) to work on /home/airflow/.local/lib/python3.12/site-packages/airflow/example_dags/example_branch_labels.py
[2025-03-30T13:58:14.813+0000] {processor.py:914} INFO - Processing file /home/airflow/.local/lib/python3.12/site-packages/airflow/example_dags/example_branch_labels.py for tasks to queue
[2025-03-30T13:58:14.815+0000] {logging_mixin.py:190} INFO - [2025-03-30T13:58:14.815+0000] {dagbag.py:588} INFO - Filling up the DagBag from /home/airflow/.local/lib/python3.12/site-packages/airflow/example_dags/example_branch_labels.py
[2025-03-30T13:58:14.823+0000] {processor.py:925} INFO - DAG(s) 'example_branch_labels' retrieved from /home/airflow/.local/lib/python3.12/site-packages/airflow/example_dags/example_branch_labels.py
[2025-03-30T13:58:14.846+0000] {logging_mixin.py:190} INFO - [2025-03-30T13:58:14.845+0000] {dag.py:3239} INFO - Sync 1 DAGs
[2025-03-30T13:58:14.873+0000] {logging_mixin.py:190} INFO - [2025-03-30T13:58:14.872+0000] {dag.py:4180} INFO - Setting next_dagrun for example_branch_labels to 2025-03-29 00:00:00+00:00, run_after=2025-03-30 00:00:00+00:00
[2025-03-30T13:58:14.903+0000] {processor.py:208} INFO - Processing /home/airflow/.local/lib/python3.12/site-packages/airflow/example_dags/example_branch_labels.py took 0.097 seconds
[2025-03-30T13:58:45.666+0000] {processor.py:186} INFO - Started process (PID=283) to work on /home/airflow/.local/lib/python3.12/site-packages/airflow/example_dags/example_branch_labels.py
[2025-03-30T13:58:45.667+0000] {processor.py:914} INFO - Processing file /home/airflow/.local/lib/python3.12/site-packages/airflow/example_dags/example_branch_labels.py for tasks to queue
[2025-03-30T13:58:45.669+0000] {logging_mixin.py:190} INFO - [2025-03-30T13:58:45.669+0000] {dagbag.py:588} INFO - Filling up the DagBag from /home/airflow/.local/lib/python3.12/site-packages/airflow/example_dags/example_branch_labels.py
[2025-03-30T13:58:45.678+0000] {processor.py:925} INFO - DAG(s) 'example_branch_labels' retrieved from /home/airflow/.local/lib/python3.12/site-packages/airflow/example_dags/example_branch_labels.py
[2025-03-30T13:58:45.695+0000] {logging_mixin.py:190} INFO - [2025-03-30T13:58:45.695+0000] {dag.py:3239} INFO - Sync 1 DAGs
[2025-03-30T13:58:45.714+0000] {logging_mixin.py:190} INFO - [2025-03-30T13:58:45.714+0000] {dag.py:4180} INFO - Setting next_dagrun for example_branch_labels to 2025-03-29 00:00:00+00:00, run_after=2025-03-30 00:00:00+00:00
[2025-03-30T13:58:45.730+0000] {processor.py:208} INFO - Processing /home/airflow/.local/lib/python3.12/site-packages/airflow/example_dags/example_branch_labels.py took 0.069 seconds
[2025-03-30T13:59:16.192+0000] {processor.py:186} INFO - Started process (PID=358) to work on /home/airflow/.local/lib/python3.12/site-packages/airflow/example_dags/example_branch_labels.py
[2025-03-30T13:59:16.194+0000] {processor.py:914} INFO - Processing file /home/airflow/.local/lib/python3.12/site-packages/airflow/example_dags/example_branch_labels.py for tasks to queue
[2025-03-30T13:59:16.198+0000] {logging_mixin.py:190} INFO - [2025-03-30T13:59:16.198+0000] {dagbag.py:588} INFO - Filling up the DagBag from /home/airflow/.local/lib/python3.12/site-packages/airflow/example_dags/example_branch_labels.py
[2025-03-30T13:59:16.214+0000] {processor.py:925} INFO - DAG(s) 'example_branch_labels' retrieved from /home/airflow/.local/lib/python3.12/site-packages/airflow/example_dags/example_branch_labels.py
[2025-03-30T13:59:16.243+0000] {logging_mixin.py:190} INFO - [2025-03-30T13:59:16.243+0000] {dag.py:3239} INFO - Sync 1 DAGs
[2025-03-30T13:59:16.277+0000] {logging_mixin.py:190} INFO - [2025-03-30T13:59:16.276+0000] {dag.py:4180} INFO - Setting next_dagrun for example_branch_labels to 2025-03-29 00:00:00+00:00, run_after=2025-03-30 00:00:00+00:00
[2025-03-30T13:59:16.302+0000] {processor.py:208} INFO - Processing /home/airflow/.local/lib/python3.12/site-packages/airflow/example_dags/example_branch_labels.py took 0.121 seconds
[2025-03-30T13:59:46.694+0000] {processor.py:186} INFO - Started process (PID=433) to work on /home/airflow/.local/lib/python3.12/site-packages/airflow/example_dags/example_branch_labels.py
[2025-03-30T13:59:46.695+0000] {processor.py:914} INFO - Processing file /home/airflow/.local/lib/python3.12/site-packages/airflow/example_dags/example_branch_labels.py for tasks to queue
[2025-03-30T13:59:46.698+0000] {logging_mixin.py:190} INFO - [2025-03-30T13:59:46.698+0000] {dagbag.py:588} INFO - Filling up the DagBag from /home/airflow/.local/lib/python3.12/site-packages/airflow/example_dags/example_branch_labels.py
[2025-03-30T13:59:46.707+0000] {processor.py:925} INFO - DAG(s) 'example_branch_labels' retrieved from /home/airflow/.local/lib/python3.12/site-packages/airflow/example_dags/example_branch_labels.py
[2025-03-30T13:59:46.728+0000] {logging_mixin.py:190} INFO - [2025-03-30T13:59:46.728+0000] {dag.py:3239} INFO - Sync 1 DAGs
[2025-03-30T13:59:46.756+0000] {logging_mixin.py:190} INFO - [2025-03-30T13:59:46.755+0000] {dag.py:4180} INFO - Setting next_dagrun for example_branch_labels to 2025-03-29 00:00:00+00:00, run_after=2025-03-30 00:00:00+00:00
[2025-03-30T13:59:46.781+0000] {processor.py:208} INFO - Processing /home/airflow/.local/lib/python3.12/site-packages/airflow/example_dags/example_branch_labels.py took 0.093 seconds
[2025-03-30T14:00:17.771+0000] {processor.py:186} INFO - Started process (PID=520) to work on /home/airflow/.local/lib/python3.12/site-packages/airflow/example_dags/example_branch_labels.py
[2025-03-30T14:00:17.772+0000] {processor.py:914} INFO - Processing file /home/airflow/.local/lib/python3.12/site-packages/airflow/example_dags/example_branch_labels.py for tasks to queue
[2025-03-30T14:00:17.774+0000] {logging_mixin.py:190} INFO - [2025-03-30T14:00:17.774+0000] {dagbag.py:588} INFO - Filling up the DagBag from /home/airflow/.local/lib/python3.12/site-packages/airflow/example_dags/example_branch_labels.py
[2025-03-30T14:00:17.782+0000] {processor.py:925} INFO - DAG(s) 'example_branch_labels' retrieved from /home/airflow/.local/lib/python3.12/site-packages/airflow/example_dags/example_branch_labels.py
[2025-03-30T14:00:17.798+0000] {logging_mixin.py:190} INFO - [2025-03-30T14:00:17.798+0000] {dag.py:3239} INFO - Sync 1 DAGs
[2025-03-30T14:00:17.818+0000] {logging_mixin.py:190} INFO - [2025-03-30T14:00:17.818+0000] {dag.py:4180} INFO - Setting next_dagrun for example_branch_labels to 2025-03-29 00:00:00+00:00, run_after=2025-03-30 00:00:00+00:00
[2025-03-30T14:00:17.833+0000] {processor.py:208} INFO - Processing /home/airflow/.local/lib/python3.12/site-packages/airflow/example_dags/example_branch_labels.py took 0.067 seconds
[2025-03-30T14:00:48.428+0000] {processor.py:186} INFO - Started process (PID=595) to work on /home/airflow/.local/lib/python3.12/site-packages/airflow/example_dags/example_branch_labels.py
[2025-03-30T14:00:48.429+0000] {processor.py:914} INFO - Processing file /home/airflow/.local/lib/python3.12/site-packages/airflow/example_dags/example_branch_labels.py for tasks to queue
[2025-03-30T14:00:48.431+0000] {logging_mixin.py:190} INFO - [2025-03-30T14:00:48.431+0000] {dagbag.py:588} INFO - Filling up the DagBag from /home/airflow/.local/lib/python3.12/site-packages/airflow/example_dags/example_branch_labels.py
[2025-03-30T14:00:48.438+0000] {processor.py:925} INFO - DAG(s) 'example_branch_labels' retrieved from /home/airflow/.local/lib/python3.12/site-packages/airflow/example_dags/example_branch_labels.py
[2025-03-30T14:00:48.456+0000] {logging_mixin.py:190} INFO - [2025-03-30T14:00:48.456+0000] {dag.py:3239} INFO - Sync 1 DAGs
[2025-03-30T14:00:48.477+0000] {logging_mixin.py:190} INFO - [2025-03-30T14:00:48.477+0000] {dag.py:4180} INFO - Setting next_dagrun for example_branch_labels to 2025-03-29 00:00:00+00:00, run_after=2025-03-30 00:00:00+00:00
[2025-03-30T14:00:48.503+0000] {processor.py:208} INFO - Processing /home/airflow/.local/lib/python3.12/site-packages/airflow/example_dags/example_branch_labels.py took 0.080 seconds
[2025-03-30T14:01:19.390+0000] {processor.py:186} INFO - Started process (PID=670) to work on /home/airflow/.local/lib/python3.12/site-packages/airflow/example_dags/example_branch_labels.py
[2025-03-30T14:01:19.391+0000] {processor.py:914} INFO - Processing file /home/airflow/.local/lib/python3.12/site-packages/airflow/example_dags/example_branch_labels.py for tasks to queue
[2025-03-30T14:01:19.396+0000] {logging_mixin.py:190} INFO - [2025-03-30T14:01:19.395+0000] {dagbag.py:588} INFO - Filling up the DagBag from /home/airflow/.local/lib/python3.12/site-packages/airflow/example_dags/example_branch_labels.py
[2025-03-30T14:01:19.404+0000] {processor.py:925} INFO - DAG(s) 'example_branch_labels' retrieved from /home/airflow/.local/lib/python3.12/site-packages/airflow/example_dags/example_branch_labels.py
[2025-03-30T14:01:19.419+0000] {logging_mixin.py:190} INFO - [2025-03-30T14:01:19.419+0000] {dag.py:3239} INFO - Sync 1 DAGs
[2025-03-30T14:01:19.438+0000] {logging_mixin.py:190} INFO - [2025-03-30T14:01:19.438+0000] {dag.py:4180} INFO - Setting next_dagrun for example_branch_labels to 2025-03-29 00:00:00+00:00, run_after=2025-03-30 00:00:00+00:00
[2025-03-30T14:01:19.465+0000] {processor.py:208} INFO - Processing /home/airflow/.local/lib/python3.12/site-packages/airflow/example_dags/example_branch_labels.py took 0.081 seconds
[2025-03-30T14:01:50.543+0000] {processor.py:186} INFO - Started process (PID=757) to work on /home/airflow/.local/lib/python3.12/site-packages/airflow/example_dags/example_branch_labels.py
[2025-03-30T14:01:50.546+0000] {processor.py:914} INFO - Processing file /home/airflow/.local/lib/python3.12/site-packages/airflow/example_dags/example_branch_labels.py for tasks to queue
[2025-03-30T14:01:50.549+0000] {logging_mixin.py:190} INFO - [2025-03-30T14:01:50.548+0000] {dagbag.py:588} INFO - Filling up the DagBag from /home/airflow/.local/lib/python3.12/site-packages/airflow/example_dags/example_branch_labels.py
[2025-03-30T14:01:50.565+0000] {processor.py:925} INFO - DAG(s) 'example_branch_labels' retrieved from /home/airflow/.local/lib/python3.12/site-packages/airflow/example_dags/example_branch_labels.py
[2025-03-30T14:01:50.582+0000] {logging_mixin.py:190} INFO - [2025-03-30T14:01:50.582+0000] {dag.py:3239} INFO - Sync 1 DAGs
[2025-03-30T14:01:50.600+0000] {logging_mixin.py:190} INFO - [2025-03-30T14:01:50.600+0000] {dag.py:4180} INFO - Setting next_dagrun for example_branch_labels to 2025-03-29 00:00:00+00:00, run_after=2025-03-30 00:00:00+00:00
[2025-03-30T14:01:50.613+0000] {processor.py:208} INFO - Processing /home/airflow/.local/lib/python3.12/site-packages/airflow/example_dags/example_branch_labels.py took 0.084 seconds
[2025-03-30T14:02:20.697+0000] {processor.py:186} INFO - Started process (PID=820) to work on /home/airflow/.local/lib/python3.12/site-packages/airflow/example_dags/example_branch_labels.py
[2025-03-30T14:02:20.698+0000] {processor.py:914} INFO - Processing file /home/airflow/.local/lib/python3.12/site-packages/airflow/example_dags/example_branch_labels.py for tasks to queue
[2025-03-30T14:02:20.701+0000] {logging_mixin.py:190} INFO - [2025-03-30T14:02:20.701+0000] {dagbag.py:588} INFO - Filling up the DagBag from /home/airflow/.local/lib/python3.12/site-packages/airflow/example_dags/example_branch_labels.py
[2025-03-30T14:02:20.713+0000] {processor.py:925} INFO - DAG(s) 'example_branch_labels' retrieved from /home/airflow/.local/lib/python3.12/site-packages/airflow/example_dags/example_branch_labels.py
[2025-03-30T14:02:20.734+0000] {logging_mixin.py:190} INFO - [2025-03-30T14:02:20.734+0000] {dag.py:3239} INFO - Sync 1 DAGs
[2025-03-30T14:02:20.759+0000] {logging_mixin.py:190} INFO - [2025-03-30T14:02:20.759+0000] {dag.py:4180} INFO - Setting next_dagrun for example_branch_labels to 2025-03-29 00:00:00+00:00, run_after=2025-03-30 00:00:00+00:00
[2025-03-30T14:02:20.778+0000] {processor.py:208} INFO - Processing /home/airflow/.local/lib/python3.12/site-packages/airflow/example_dags/example_branch_labels.py took 0.087 seconds
[2025-03-30T14:02:51.255+0000] {processor.py:186} INFO - Started process (PID=895) to work on /home/airflow/.local/lib/python3.12/site-packages/airflow/example_dags/example_branch_labels.py
[2025-03-30T14:02:51.257+0000] {processor.py:914} INFO - Processing file /home/airflow/.local/lib/python3.12/site-packages/airflow/example_dags/example_branch_labels.py for tasks to queue
[2025-03-30T14:02:51.259+0000] {logging_mixin.py:190} INFO - [2025-03-30T14:02:51.259+0000] {dagbag.py:588} INFO - Filling up the DagBag from /home/airflow/.local/lib/python3.12/site-packages/airflow/example_dags/example_branch_labels.py
[2025-03-30T14:02:51.269+0000] {processor.py:925} INFO - DAG(s) 'example_branch_labels' retrieved from /home/airflow/.local/lib/python3.12/site-packages/airflow/example_dags/example_branch_labels.py
[2025-03-30T14:02:51.294+0000] {logging_mixin.py:190} INFO - [2025-03-30T14:02:51.294+0000] {dag.py:3239} INFO - Sync 1 DAGs
[2025-03-30T14:02:51.318+0000] {logging_mixin.py:190} INFO - [2025-03-30T14:02:51.318+0000] {dag.py:4180} INFO - Setting next_dagrun for example_branch_labels to 2025-03-29 00:00:00+00:00, run_after=2025-03-30 00:00:00+00:00
[2025-03-30T14:02:51.348+0000] {processor.py:208} INFO - Processing /home/airflow/.local/lib/python3.12/site-packages/airflow/example_dags/example_branch_labels.py took 0.098 seconds
[2025-03-30T14:03:21.721+0000] {processor.py:186} INFO - Started process (PID=970) to work on /home/airflow/.local/lib/python3.12/site-packages/airflow/example_dags/example_branch_labels.py
[2025-03-30T14:03:21.722+0000] {processor.py:914} INFO - Processing file /home/airflow/.local/lib/python3.12/site-packages/airflow/example_dags/example_branch_labels.py for tasks to queue
[2025-03-30T14:03:21.724+0000] {logging_mixin.py:190} INFO - [2025-03-30T14:03:21.724+0000] {dagbag.py:588} INFO - Filling up the DagBag from /home/airflow/.local/lib/python3.12/site-packages/airflow/example_dags/example_branch_labels.py
[2025-03-30T14:03:21.733+0000] {processor.py:925} INFO - DAG(s) 'example_branch_labels' retrieved from /home/airflow/.local/lib/python3.12/site-packages/airflow/example_dags/example_branch_labels.py
[2025-03-30T14:03:21.750+0000] {logging_mixin.py:190} INFO - [2025-03-30T14:03:21.750+0000] {dag.py:3239} INFO - Sync 1 DAGs
[2025-03-30T14:03:21.769+0000] {logging_mixin.py:190} INFO - [2025-03-30T14:03:21.769+0000] {dag.py:4180} INFO - Setting next_dagrun for example_branch_labels to 2025-03-29 00:00:00+00:00, run_after=2025-03-30 00:00:00+00:00
[2025-03-30T14:03:21.785+0000] {processor.py:208} INFO - Processing /home/airflow/.local/lib/python3.12/site-packages/airflow/example_dags/example_branch_labels.py took 0.069 seconds
[2025-03-30T14:03:52.197+0000] {processor.py:186} INFO - Started process (PID=1045) to work on /home/airflow/.local/lib/python3.12/site-packages/airflow/example_dags/example_branch_labels.py
[2025-03-30T14:03:52.198+0000] {processor.py:914} INFO - Processing file /home/airflow/.local/lib/python3.12/site-packages/airflow/example_dags/example_branch_labels.py for tasks to queue
[2025-03-30T14:03:52.200+0000] {logging_mixin.py:190} INFO - [2025-03-30T14:03:52.200+0000] {dagbag.py:588} INFO - Filling up the DagBag from /home/airflow/.local/lib/python3.12/site-packages/airflow/example_dags/example_branch_labels.py
[2025-03-30T14:03:52.210+0000] {processor.py:925} INFO - DAG(s) 'example_branch_labels' retrieved from /home/airflow/.local/lib/python3.12/site-packages/airflow/example_dags/example_branch_labels.py
[2025-03-30T14:03:52.233+0000] {logging_mixin.py:190} INFO - [2025-03-30T14:03:52.232+0000] {dag.py:3239} INFO - Sync 1 DAGs
[2025-03-30T14:03:52.254+0000] {logging_mixin.py:190} INFO - [2025-03-30T14:03:52.254+0000] {dag.py:4180} INFO - Setting next_dagrun for example_branch_labels to 2025-03-29 00:00:00+00:00, run_after=2025-03-30 00:00:00+00:00
[2025-03-30T14:03:52.282+0000] {processor.py:208} INFO - Processing /home/airflow/.local/lib/python3.12/site-packages/airflow/example_dags/example_branch_labels.py took 0.089 seconds
[2025-03-30T14:04:22.600+0000] {processor.py:186} INFO - Started process (PID=1120) to work on /home/airflow/.local/lib/python3.12/site-packages/airflow/example_dags/example_branch_labels.py
[2025-03-30T14:04:22.600+0000] {processor.py:914} INFO - Processing file /home/airflow/.local/lib/python3.12/site-packages/airflow/example_dags/example_branch_labels.py for tasks to queue
[2025-03-30T14:04:22.602+0000] {logging_mixin.py:190} INFO - [2025-03-30T14:04:22.602+0000] {dagbag.py:588} INFO - Filling up the DagBag from /home/airflow/.local/lib/python3.12/site-packages/airflow/example_dags/example_branch_labels.py
[2025-03-30T14:04:22.610+0000] {processor.py:925} INFO - DAG(s) 'example_branch_labels' retrieved from /home/airflow/.local/lib/python3.12/site-packages/airflow/example_dags/example_branch_labels.py
[2025-03-30T14:04:22.635+0000] {logging_mixin.py:190} INFO - [2025-03-30T14:04:22.635+0000] {dag.py:3239} INFO - Sync 1 DAGs
[2025-03-30T14:04:22.656+0000] {logging_mixin.py:190} INFO - [2025-03-30T14:04:22.656+0000] {dag.py:4180} INFO - Setting next_dagrun for example_branch_labels to 2025-03-29 00:00:00+00:00, run_after=2025-03-30 00:00:00+00:00
[2025-03-30T14:04:22.685+0000] {processor.py:208} INFO - Processing /home/airflow/.local/lib/python3.12/site-packages/airflow/example_dags/example_branch_labels.py took 0.090 seconds
[2025-03-30T14:04:52.773+0000] {processor.py:186} INFO - Started process (PID=1207) to work on /home/airflow/.local/lib/python3.12/site-packages/airflow/example_dags/example_branch_labels.py
[2025-03-30T14:04:52.773+0000] {processor.py:914} INFO - Processing file /home/airflow/.local/lib/python3.12/site-packages/airflow/example_dags/example_branch_labels.py for tasks to queue
[2025-03-30T14:04:52.775+0000] {logging_mixin.py:190} INFO - [2025-03-30T14:04:52.775+0000] {dagbag.py:588} INFO - Filling up the DagBag from /home/airflow/.local/lib/python3.12/site-packages/airflow/example_dags/example_branch_labels.py
[2025-03-30T14:04:52.783+0000] {processor.py:925} INFO - DAG(s) 'example_branch_labels' retrieved from /home/airflow/.local/lib/python3.12/site-packages/airflow/example_dags/example_branch_labels.py
[2025-03-30T14:04:52.800+0000] {logging_mixin.py:190} INFO - [2025-03-30T14:04:52.800+0000] {dag.py:3239} INFO - Sync 1 DAGs
[2025-03-30T14:04:52.821+0000] {logging_mixin.py:190} INFO - [2025-03-30T14:04:52.821+0000] {dag.py:4180} INFO - Setting next_dagrun for example_branch_labels to 2025-03-29 00:00:00+00:00, run_after=2025-03-30 00:00:00+00:00
[2025-03-30T14:04:52.841+0000] {processor.py:208} INFO - Processing /home/airflow/.local/lib/python3.12/site-packages/airflow/example_dags/example_branch_labels.py took 0.073 seconds
[2025-03-30T14:05:22.939+0000] {processor.py:186} INFO - Started process (PID=1282) to work on /home/airflow/.local/lib/python3.12/site-packages/airflow/example_dags/example_branch_labels.py
[2025-03-30T14:05:22.940+0000] {processor.py:914} INFO - Processing file /home/airflow/.local/lib/python3.12/site-packages/airflow/example_dags/example_branch_labels.py for tasks to queue
[2025-03-30T14:05:22.942+0000] {logging_mixin.py:190} INFO - [2025-03-30T14:05:22.942+0000] {dagbag.py:588} INFO - Filling up the DagBag from /home/airflow/.local/lib/python3.12/site-packages/airflow/example_dags/example_branch_labels.py
[2025-03-30T14:05:22.950+0000] {processor.py:925} INFO - DAG(s) 'example_branch_labels' retrieved from /home/airflow/.local/lib/python3.12/site-packages/airflow/example_dags/example_branch_labels.py
[2025-03-30T14:05:22.969+0000] {logging_mixin.py:190} INFO - [2025-03-30T14:05:22.969+0000] {dag.py:3239} INFO - Sync 1 DAGs
[2025-03-30T14:05:22.988+0000] {logging_mixin.py:190} INFO - [2025-03-30T14:05:22.987+0000] {dag.py:4180} INFO - Setting next_dagrun for example_branch_labels to 2025-03-29 00:00:00+00:00, run_after=2025-03-30 00:00:00+00:00
[2025-03-30T14:05:23.014+0000] {processor.py:208} INFO - Processing /home/airflow/.local/lib/python3.12/site-packages/airflow/example_dags/example_branch_labels.py took 0.081 seconds
[2025-03-30T14:05:53.066+0000] {processor.py:186} INFO - Started process (PID=1357) to work on /home/airflow/.local/lib/python3.12/site-packages/airflow/example_dags/example_branch_labels.py
[2025-03-30T14:05:53.067+0000] {processor.py:914} INFO - Processing file /home/airflow/.local/lib/python3.12/site-packages/airflow/example_dags/example_branch_labels.py for tasks to queue
[2025-03-30T14:05:53.069+0000] {logging_mixin.py:190} INFO - [2025-03-30T14:05:53.069+0000] {dagbag.py:588} INFO - Filling up the DagBag from /home/airflow/.local/lib/python3.12/site-packages/airflow/example_dags/example_branch_labels.py
[2025-03-30T14:05:53.077+0000] {processor.py:925} INFO - DAG(s) 'example_branch_labels' retrieved from /home/airflow/.local/lib/python3.12/site-packages/airflow/example_dags/example_branch_labels.py
[2025-03-30T14:05:53.097+0000] {logging_mixin.py:190} INFO - [2025-03-30T14:05:53.097+0000] {dag.py:3239} INFO - Sync 1 DAGs
[2025-03-30T14:05:53.116+0000] {logging_mixin.py:190} INFO - [2025-03-30T14:05:53.116+0000] {dag.py:4180} INFO - Setting next_dagrun for example_branch_labels to 2025-03-29 00:00:00+00:00, run_after=2025-03-30 00:00:00+00:00
[2025-03-30T14:05:53.142+0000] {processor.py:208} INFO - Processing /home/airflow/.local/lib/python3.12/site-packages/airflow/example_dags/example_branch_labels.py took 0.080 seconds
[2025-03-30T14:06:23.297+0000] {processor.py:186} INFO - Started process (PID=1432) to work on /home/airflow/.local/lib/python3.12/site-packages/airflow/example_dags/example_branch_labels.py
[2025-03-30T14:06:23.298+0000] {processor.py:914} INFO - Processing file /home/airflow/.local/lib/python3.12/site-packages/airflow/example_dags/example_branch_labels.py for tasks to queue
[2025-03-30T14:06:23.299+0000] {logging_mixin.py:190} INFO - [2025-03-30T14:06:23.299+0000] {dagbag.py:588} INFO - Filling up the DagBag from /home/airflow/.local/lib/python3.12/site-packages/airflow/example_dags/example_branch_labels.py
[2025-03-30T14:06:23.308+0000] {processor.py:925} INFO - DAG(s) 'example_branch_labels' retrieved from /home/airflow/.local/lib/python3.12/site-packages/airflow/example_dags/example_branch_labels.py
[2025-03-30T14:06:23.327+0000] {logging_mixin.py:190} INFO - [2025-03-30T14:06:23.326+0000] {dag.py:3239} INFO - Sync 1 DAGs
[2025-03-30T14:06:23.348+0000] {logging_mixin.py:190} INFO - [2025-03-30T14:06:23.348+0000] {dag.py:4180} INFO - Setting next_dagrun for example_branch_labels to 2025-03-29 00:00:00+00:00, run_after=2025-03-30 00:00:00+00:00
[2025-03-30T14:06:23.376+0000] {processor.py:208} INFO - Processing /home/airflow/.local/lib/python3.12/site-packages/airflow/example_dags/example_branch_labels.py took 0.084 seconds
[2025-03-30T14:06:54.186+0000] {processor.py:186} INFO - Started process (PID=1529) to work on /home/airflow/.local/lib/python3.12/site-packages/airflow/example_dags/example_branch_labels.py
[2025-03-30T14:06:54.186+0000] {processor.py:914} INFO - Processing file /home/airflow/.local/lib/python3.12/site-packages/airflow/example_dags/example_branch_labels.py for tasks to queue
[2025-03-30T14:06:54.187+0000] {logging_mixin.py:190} INFO - [2025-03-30T14:06:54.187+0000] {dagbag.py:588} INFO - Filling up the DagBag from /home/airflow/.local/lib/python3.12/site-packages/airflow/example_dags/example_branch_labels.py
[2025-03-30T14:06:54.195+0000] {processor.py:925} INFO - DAG(s) 'example_branch_labels' retrieved from /home/airflow/.local/lib/python3.12/site-packages/airflow/example_dags/example_branch_labels.py
[2025-03-30T14:06:54.211+0000] {logging_mixin.py:190} INFO - [2025-03-30T14:06:54.211+0000] {dag.py:3239} INFO - Sync 1 DAGs
[2025-03-30T14:06:54.231+0000] {logging_mixin.py:190} INFO - [2025-03-30T14:06:54.230+0000] {dag.py:4180} INFO - Setting next_dagrun for example_branch_labels to 2025-03-29 00:00:00+00:00, run_after=2025-03-30 00:00:00+00:00
[2025-03-30T14:06:54.244+0000] {processor.py:208} INFO - Processing /home/airflow/.local/lib/python3.12/site-packages/airflow/example_dags/example_branch_labels.py took 0.067 seconds
[2025-03-30T14:07:24.291+0000] {processor.py:186} INFO - Started process (PID=1604) to work on /home/airflow/.local/lib/python3.12/site-packages/airflow/example_dags/example_branch_labels.py
[2025-03-30T14:07:24.292+0000] {processor.py:914} INFO - Processing file /home/airflow/.local/lib/python3.12/site-packages/airflow/example_dags/example_branch_labels.py for tasks to queue
[2025-03-30T14:07:24.294+0000] {logging_mixin.py:190} INFO - [2025-03-30T14:07:24.293+0000] {dagbag.py:588} INFO - Filling up the DagBag from /home/airflow/.local/lib/python3.12/site-packages/airflow/example_dags/example_branch_labels.py
[2025-03-30T14:07:24.303+0000] {processor.py:925} INFO - DAG(s) 'example_branch_labels' retrieved from /home/airflow/.local/lib/python3.12/site-packages/airflow/example_dags/example_branch_labels.py
[2025-03-30T14:07:24.322+0000] {logging_mixin.py:190} INFO - [2025-03-30T14:07:24.322+0000] {dag.py:3239} INFO - Sync 1 DAGs
[2025-03-30T14:07:24.345+0000] {logging_mixin.py:190} INFO - [2025-03-30T14:07:24.345+0000] {dag.py:4180} INFO - Setting next_dagrun for example_branch_labels to 2025-03-29 00:00:00+00:00, run_after=2025-03-30 00:00:00+00:00
[2025-03-30T14:07:24.375+0000] {processor.py:208} INFO - Processing /home/airflow/.local/lib/python3.12/site-packages/airflow/example_dags/example_branch_labels.py took 0.093 seconds
[2025-03-30T14:07:54.857+0000] {processor.py:186} INFO - Started process (PID=1679) to work on /home/airflow/.local/lib/python3.12/site-packages/airflow/example_dags/example_branch_labels.py
[2025-03-30T14:07:54.858+0000] {processor.py:914} INFO - Processing file /home/airflow/.local/lib/python3.12/site-packages/airflow/example_dags/example_branch_labels.py for tasks to queue
[2025-03-30T14:07:54.860+0000] {logging_mixin.py:190} INFO - [2025-03-30T14:07:54.860+0000] {dagbag.py:588} INFO - Filling up the DagBag from /home/airflow/.local/lib/python3.12/site-packages/airflow/example_dags/example_branch_labels.py
[2025-03-30T14:07:54.875+0000] {processor.py:925} INFO - DAG(s) 'example_branch_labels' retrieved from /home/airflow/.local/lib/python3.12/site-packages/airflow/example_dags/example_branch_labels.py
[2025-03-30T14:07:54.908+0000] {logging_mixin.py:190} INFO - [2025-03-30T14:07:54.907+0000] {dag.py:3239} INFO - Sync 1 DAGs
[2025-03-30T14:07:54.940+0000] {logging_mixin.py:190} INFO - [2025-03-30T14:07:54.939+0000] {dag.py:4180} INFO - Setting next_dagrun for example_branch_labels to 2025-03-29 00:00:00+00:00, run_after=2025-03-30 00:00:00+00:00
[2025-03-30T14:07:54.963+0000] {processor.py:208} INFO - Processing /home/airflow/.local/lib/python3.12/site-packages/airflow/example_dags/example_branch_labels.py took 0.119 seconds
[2025-03-30T14:08:25.761+0000] {processor.py:186} INFO - Started process (PID=1754) to work on /home/airflow/.local/lib/python3.12/site-packages/airflow/example_dags/example_branch_labels.py
[2025-03-30T14:08:25.763+0000] {processor.py:914} INFO - Processing file /home/airflow/.local/lib/python3.12/site-packages/airflow/example_dags/example_branch_labels.py for tasks to queue
[2025-03-30T14:08:25.765+0000] {logging_mixin.py:190} INFO - [2025-03-30T14:08:25.765+0000] {dagbag.py:588} INFO - Filling up the DagBag from /home/airflow/.local/lib/python3.12/site-packages/airflow/example_dags/example_branch_labels.py
[2025-03-30T14:08:25.779+0000] {processor.py:925} INFO - DAG(s) 'example_branch_labels' retrieved from /home/airflow/.local/lib/python3.12/site-packages/airflow/example_dags/example_branch_labels.py
[2025-03-30T14:08:25.810+0000] {logging_mixin.py:190} INFO - [2025-03-30T14:08:25.809+0000] {dag.py:3239} INFO - Sync 1 DAGs
[2025-03-30T14:08:25.847+0000] {logging_mixin.py:190} INFO - [2025-03-30T14:08:25.847+0000] {dag.py:4180} INFO - Setting next_dagrun for example_branch_labels to 2025-03-29 00:00:00+00:00, run_after=2025-03-30 00:00:00+00:00
[2025-03-30T14:08:25.884+0000] {processor.py:208} INFO - Processing /home/airflow/.local/lib/python3.12/site-packages/airflow/example_dags/example_branch_labels.py took 0.138 seconds
[2025-03-30T14:08:56.490+0000] {processor.py:186} INFO - Started process (PID=1818) to work on /home/airflow/.local/lib/python3.12/site-packages/airflow/example_dags/example_branch_labels.py
[2025-03-30T14:08:56.494+0000] {processor.py:914} INFO - Processing file /home/airflow/.local/lib/python3.12/site-packages/airflow/example_dags/example_branch_labels.py for tasks to queue
[2025-03-30T14:08:56.496+0000] {logging_mixin.py:190} INFO - [2025-03-30T14:08:56.496+0000] {dagbag.py:588} INFO - Filling up the DagBag from /home/airflow/.local/lib/python3.12/site-packages/airflow/example_dags/example_branch_labels.py
[2025-03-30T14:08:56.515+0000] {processor.py:925} INFO - DAG(s) 'example_branch_labels' retrieved from /home/airflow/.local/lib/python3.12/site-packages/airflow/example_dags/example_branch_labels.py
[2025-03-30T14:08:56.546+0000] {logging_mixin.py:190} INFO - [2025-03-30T14:08:56.546+0000] {dag.py:3239} INFO - Sync 1 DAGs
[2025-03-30T14:08:56.588+0000] {logging_mixin.py:190} INFO - [2025-03-30T14:08:56.588+0000] {dag.py:4180} INFO - Setting next_dagrun for example_branch_labels to 2025-03-29 00:00:00+00:00, run_after=2025-03-30 00:00:00+00:00
[2025-03-30T14:08:56.613+0000] {processor.py:208} INFO - Processing /home/airflow/.local/lib/python3.12/site-packages/airflow/example_dags/example_branch_labels.py took 0.133 seconds
[2025-03-30T14:09:26.736+0000] {processor.py:186} INFO - Started process (PID=1892) to work on /home/airflow/.local/lib/python3.12/site-packages/airflow/example_dags/example_branch_labels.py
[2025-03-30T14:09:26.737+0000] {processor.py:914} INFO - Processing file /home/airflow/.local/lib/python3.12/site-packages/airflow/example_dags/example_branch_labels.py for tasks to queue
[2025-03-30T14:09:26.738+0000] {logging_mixin.py:190} INFO - [2025-03-30T14:09:26.737+0000] {dagbag.py:588} INFO - Filling up the DagBag from /home/airflow/.local/lib/python3.12/site-packages/airflow/example_dags/example_branch_labels.py
[2025-03-30T14:09:26.747+0000] {processor.py:925} INFO - DAG(s) 'example_branch_labels' retrieved from /home/airflow/.local/lib/python3.12/site-packages/airflow/example_dags/example_branch_labels.py
[2025-03-30T14:09:26.766+0000] {logging_mixin.py:190} INFO - [2025-03-30T14:09:26.766+0000] {dag.py:3239} INFO - Sync 1 DAGs
[2025-03-30T14:09:26.788+0000] {logging_mixin.py:190} INFO - [2025-03-30T14:09:26.787+0000] {dag.py:4180} INFO - Setting next_dagrun for example_branch_labels to 2025-03-29 00:00:00+00:00, run_after=2025-03-30 00:00:00+00:00
[2025-03-30T14:09:26.803+0000] {processor.py:208} INFO - Processing /home/airflow/.local/lib/python3.12/site-packages/airflow/example_dags/example_branch_labels.py took 0.075 seconds
[2025-03-30T14:09:57.450+0000] {processor.py:186} INFO - Started process (PID=1967) to work on /home/airflow/.local/lib/python3.12/site-packages/airflow/example_dags/example_branch_labels.py
[2025-03-30T14:09:57.452+0000] {processor.py:914} INFO - Processing file /home/airflow/.local/lib/python3.12/site-packages/airflow/example_dags/example_branch_labels.py for tasks to queue
[2025-03-30T14:09:57.455+0000] {logging_mixin.py:190} INFO - [2025-03-30T14:09:57.455+0000] {dagbag.py:588} INFO - Filling up the DagBag from /home/airflow/.local/lib/python3.12/site-packages/airflow/example_dags/example_branch_labels.py
[2025-03-30T14:09:57.470+0000] {processor.py:925} INFO - DAG(s) 'example_branch_labels' retrieved from /home/airflow/.local/lib/python3.12/site-packages/airflow/example_dags/example_branch_labels.py
[2025-03-30T14:09:57.506+0000] {logging_mixin.py:190} INFO - [2025-03-30T14:09:57.505+0000] {dag.py:3239} INFO - Sync 1 DAGs
[2025-03-30T14:09:57.553+0000] {logging_mixin.py:190} INFO - [2025-03-30T14:09:57.553+0000] {dag.py:4180} INFO - Setting next_dagrun for example_branch_labels to 2025-03-29 00:00:00+00:00, run_after=2025-03-30 00:00:00+00:00
[2025-03-30T14:09:57.607+0000] {processor.py:208} INFO - Processing /home/airflow/.local/lib/python3.12/site-packages/airflow/example_dags/example_branch_labels.py took 0.172 seconds
[2025-03-30T14:10:28.108+0000] {processor.py:186} INFO - Started process (PID=2042) to work on /home/airflow/.local/lib/python3.12/site-packages/airflow/example_dags/example_branch_labels.py
[2025-03-30T14:10:28.109+0000] {processor.py:914} INFO - Processing file /home/airflow/.local/lib/python3.12/site-packages/airflow/example_dags/example_branch_labels.py for tasks to queue
[2025-03-30T14:10:28.116+0000] {logging_mixin.py:190} INFO - [2025-03-30T14:10:28.114+0000] {dagbag.py:588} INFO - Filling up the DagBag from /home/airflow/.local/lib/python3.12/site-packages/airflow/example_dags/example_branch_labels.py
[2025-03-30T14:10:28.136+0000] {processor.py:925} INFO - DAG(s) 'example_branch_labels' retrieved from /home/airflow/.local/lib/python3.12/site-packages/airflow/example_dags/example_branch_labels.py
[2025-03-30T14:10:28.166+0000] {logging_mixin.py:190} INFO - [2025-03-30T14:10:28.165+0000] {dag.py:3239} INFO - Sync 1 DAGs
[2025-03-30T14:10:28.201+0000] {logging_mixin.py:190} INFO - [2025-03-30T14:10:28.200+0000] {dag.py:4180} INFO - Setting next_dagrun for example_branch_labels to 2025-03-29 00:00:00+00:00, run_after=2025-03-30 00:00:00+00:00
[2025-03-30T14:10:28.231+0000] {processor.py:208} INFO - Processing /home/airflow/.local/lib/python3.12/site-packages/airflow/example_dags/example_branch_labels.py took 0.148 seconds
[2025-03-30T14:10:58.909+0000] {processor.py:186} INFO - Started process (PID=2117) to work on /home/airflow/.local/lib/python3.12/site-packages/airflow/example_dags/example_branch_labels.py
[2025-03-30T14:10:58.912+0000] {processor.py:914} INFO - Processing file /home/airflow/.local/lib/python3.12/site-packages/airflow/example_dags/example_branch_labels.py for tasks to queue
[2025-03-30T14:10:58.916+0000] {logging_mixin.py:190} INFO - [2025-03-30T14:10:58.916+0000] {dagbag.py:588} INFO - Filling up the DagBag from /home/airflow/.local/lib/python3.12/site-packages/airflow/example_dags/example_branch_labels.py
[2025-03-30T14:10:58.943+0000] {processor.py:925} INFO - DAG(s) 'example_branch_labels' retrieved from /home/airflow/.local/lib/python3.12/site-packages/airflow/example_dags/example_branch_labels.py
[2025-03-30T14:10:58.988+0000] {logging_mixin.py:190} INFO - [2025-03-30T14:10:58.988+0000] {dag.py:3239} INFO - Sync 1 DAGs
[2025-03-30T14:10:59.025+0000] {logging_mixin.py:190} INFO - [2025-03-30T14:10:59.025+0000] {dag.py:4180} INFO - Setting next_dagrun for example_branch_labels to 2025-03-29 00:00:00+00:00, run_after=2025-03-30 00:00:00+00:00
[2025-03-30T14:10:59.071+0000] {processor.py:208} INFO - Processing /home/airflow/.local/lib/python3.12/site-packages/airflow/example_dags/example_branch_labels.py took 0.188 seconds
[2025-03-30T14:11:29.328+0000] {processor.py:186} INFO - Started process (PID=2192) to work on /home/airflow/.local/lib/python3.12/site-packages/airflow/example_dags/example_branch_labels.py
[2025-03-30T14:11:29.328+0000] {processor.py:914} INFO - Processing file /home/airflow/.local/lib/python3.12/site-packages/airflow/example_dags/example_branch_labels.py for tasks to queue
[2025-03-30T14:11:29.329+0000] {logging_mixin.py:190} INFO - [2025-03-30T14:11:29.329+0000] {dagbag.py:588} INFO - Filling up the DagBag from /home/airflow/.local/lib/python3.12/site-packages/airflow/example_dags/example_branch_labels.py
[2025-03-30T14:11:29.338+0000] {processor.py:925} INFO - DAG(s) 'example_branch_labels' retrieved from /home/airflow/.local/lib/python3.12/site-packages/airflow/example_dags/example_branch_labels.py
[2025-03-30T14:11:29.365+0000] {logging_mixin.py:190} INFO - [2025-03-30T14:11:29.364+0000] {dag.py:3239} INFO - Sync 1 DAGs
[2025-03-30T14:11:29.388+0000] {logging_mixin.py:190} INFO - [2025-03-30T14:11:29.388+0000] {dag.py:4180} INFO - Setting next_dagrun for example_branch_labels to 2025-03-29 00:00:00+00:00, run_after=2025-03-30 00:00:00+00:00
[2025-03-30T14:11:29.410+0000] {processor.py:208} INFO - Processing /home/airflow/.local/lib/python3.12/site-packages/airflow/example_dags/example_branch_labels.py took 0.091 seconds
[2025-03-30T14:11:59.507+0000] {processor.py:186} INFO - Started process (PID=2267) to work on /home/airflow/.local/lib/python3.12/site-packages/airflow/example_dags/example_branch_labels.py
[2025-03-30T14:11:59.508+0000] {processor.py:914} INFO - Processing file /home/airflow/.local/lib/python3.12/site-packages/airflow/example_dags/example_branch_labels.py for tasks to queue
[2025-03-30T14:11:59.511+0000] {logging_mixin.py:190} INFO - [2025-03-30T14:11:59.510+0000] {dagbag.py:588} INFO - Filling up the DagBag from /home/airflow/.local/lib/python3.12/site-packages/airflow/example_dags/example_branch_labels.py
[2025-03-30T14:11:59.523+0000] {processor.py:925} INFO - DAG(s) 'example_branch_labels' retrieved from /home/airflow/.local/lib/python3.12/site-packages/airflow/example_dags/example_branch_labels.py
[2025-03-30T14:11:59.548+0000] {logging_mixin.py:190} INFO - [2025-03-30T14:11:59.547+0000] {dag.py:3239} INFO - Sync 1 DAGs
[2025-03-30T14:11:59.575+0000] {logging_mixin.py:190} INFO - [2025-03-30T14:11:59.575+0000] {dag.py:4180} INFO - Setting next_dagrun for example_branch_labels to 2025-03-29 00:00:00+00:00, run_after=2025-03-30 00:00:00+00:00
[2025-03-30T14:11:59.598+0000] {processor.py:208} INFO - Processing /home/airflow/.local/lib/python3.12/site-packages/airflow/example_dags/example_branch_labels.py took 0.101 seconds
[2025-03-30T14:12:29.710+0000] {processor.py:186} INFO - Started process (PID=2342) to work on /home/airflow/.local/lib/python3.12/site-packages/airflow/example_dags/example_branch_labels.py
[2025-03-30T14:12:29.711+0000] {processor.py:914} INFO - Processing file /home/airflow/.local/lib/python3.12/site-packages/airflow/example_dags/example_branch_labels.py for tasks to queue
[2025-03-30T14:12:29.714+0000] {logging_mixin.py:190} INFO - [2025-03-30T14:12:29.713+0000] {dagbag.py:588} INFO - Filling up the DagBag from /home/airflow/.local/lib/python3.12/site-packages/airflow/example_dags/example_branch_labels.py
[2025-03-30T14:12:29.737+0000] {processor.py:925} INFO - DAG(s) 'example_branch_labels' retrieved from /home/airflow/.local/lib/python3.12/site-packages/airflow/example_dags/example_branch_labels.py
[2025-03-30T14:12:29.771+0000] {logging_mixin.py:190} INFO - [2025-03-30T14:12:29.770+0000] {dag.py:3239} INFO - Sync 1 DAGs
[2025-03-30T14:12:29.817+0000] {logging_mixin.py:190} INFO - [2025-03-30T14:12:29.816+0000] {dag.py:4180} INFO - Setting next_dagrun for example_branch_labels to 2025-03-29 00:00:00+00:00, run_after=2025-03-30 00:00:00+00:00
[2025-03-30T14:12:29.852+0000] {processor.py:208} INFO - Processing /home/airflow/.local/lib/python3.12/site-packages/airflow/example_dags/example_branch_labels.py took 0.157 seconds
[2025-03-30T14:13:00.382+0000] {processor.py:186} INFO - Started process (PID=2417) to work on /home/airflow/.local/lib/python3.12/site-packages/airflow/example_dags/example_branch_labels.py
[2025-03-30T14:13:00.383+0000] {processor.py:914} INFO - Processing file /home/airflow/.local/lib/python3.12/site-packages/airflow/example_dags/example_branch_labels.py for tasks to queue
[2025-03-30T14:13:00.384+0000] {logging_mixin.py:190} INFO - [2025-03-30T14:13:00.384+0000] {dagbag.py:588} INFO - Filling up the DagBag from /home/airflow/.local/lib/python3.12/site-packages/airflow/example_dags/example_branch_labels.py
[2025-03-30T14:13:00.393+0000] {processor.py:925} INFO - DAG(s) 'example_branch_labels' retrieved from /home/airflow/.local/lib/python3.12/site-packages/airflow/example_dags/example_branch_labels.py
[2025-03-30T14:13:00.410+0000] {logging_mixin.py:190} INFO - [2025-03-30T14:13:00.410+0000] {dag.py:3239} INFO - Sync 1 DAGs
[2025-03-30T14:13:00.431+0000] {logging_mixin.py:190} INFO - [2025-03-30T14:13:00.431+0000] {dag.py:4180} INFO - Setting next_dagrun for example_branch_labels to 2025-03-29 00:00:00+00:00, run_after=2025-03-30 00:00:00+00:00
[2025-03-30T14:13:00.457+0000] {processor.py:208} INFO - Processing /home/airflow/.local/lib/python3.12/site-packages/airflow/example_dags/example_branch_labels.py took 0.083 seconds
[2025-03-30T14:13:31.435+0000] {processor.py:186} INFO - Started process (PID=2492) to work on /home/airflow/.local/lib/python3.12/site-packages/airflow/example_dags/example_branch_labels.py
[2025-03-30T14:13:31.436+0000] {processor.py:914} INFO - Processing file /home/airflow/.local/lib/python3.12/site-packages/airflow/example_dags/example_branch_labels.py for tasks to queue
[2025-03-30T14:13:31.437+0000] {logging_mixin.py:190} INFO - [2025-03-30T14:13:31.437+0000] {dagbag.py:588} INFO - Filling up the DagBag from /home/airflow/.local/lib/python3.12/site-packages/airflow/example_dags/example_branch_labels.py
[2025-03-30T14:13:31.446+0000] {processor.py:925} INFO - DAG(s) 'example_branch_labels' retrieved from /home/airflow/.local/lib/python3.12/site-packages/airflow/example_dags/example_branch_labels.py
[2025-03-30T14:13:31.465+0000] {logging_mixin.py:190} INFO - [2025-03-30T14:13:31.465+0000] {dag.py:3239} INFO - Sync 1 DAGs
[2025-03-30T14:13:31.487+0000] {logging_mixin.py:190} INFO - [2025-03-30T14:13:31.486+0000] {dag.py:4180} INFO - Setting next_dagrun for example_branch_labels to 2025-03-29 00:00:00+00:00, run_after=2025-03-30 00:00:00+00:00
[2025-03-30T14:13:31.504+0000] {processor.py:208} INFO - Processing /home/airflow/.local/lib/python3.12/site-packages/airflow/example_dags/example_branch_labels.py took 0.078 seconds
[2025-03-30T14:14:02.222+0000] {processor.py:186} INFO - Started process (PID=2567) to work on /home/airflow/.local/lib/python3.12/site-packages/airflow/example_dags/example_branch_labels.py
[2025-03-30T14:14:02.222+0000] {processor.py:914} INFO - Processing file /home/airflow/.local/lib/python3.12/site-packages/airflow/example_dags/example_branch_labels.py for tasks to queue
[2025-03-30T14:14:02.223+0000] {logging_mixin.py:190} INFO - [2025-03-30T14:14:02.223+0000] {dagbag.py:588} INFO - Filling up the DagBag from /home/airflow/.local/lib/python3.12/site-packages/airflow/example_dags/example_branch_labels.py
[2025-03-30T14:14:02.232+0000] {processor.py:925} INFO - DAG(s) 'example_branch_labels' retrieved from /home/airflow/.local/lib/python3.12/site-packages/airflow/example_dags/example_branch_labels.py
[2025-03-30T14:14:02.249+0000] {logging_mixin.py:190} INFO - [2025-03-30T14:14:02.249+0000] {dag.py:3239} INFO - Sync 1 DAGs
[2025-03-30T14:14:02.270+0000] {logging_mixin.py:190} INFO - [2025-03-30T14:14:02.270+0000] {dag.py:4180} INFO - Setting next_dagrun for example_branch_labels to 2025-03-29 00:00:00+00:00, run_after=2025-03-30 00:00:00+00:00
[2025-03-30T14:14:02.284+0000] {processor.py:208} INFO - Processing /home/airflow/.local/lib/python3.12/site-packages/airflow/example_dags/example_branch_labels.py took 0.071 seconds
[2025-03-30T14:14:33.011+0000] {processor.py:186} INFO - Started process (PID=2642) to work on /home/airflow/.local/lib/python3.12/site-packages/airflow/example_dags/example_branch_labels.py
[2025-03-30T14:14:33.011+0000] {processor.py:914} INFO - Processing file /home/airflow/.local/lib/python3.12/site-packages/airflow/example_dags/example_branch_labels.py for tasks to queue
[2025-03-30T14:14:33.012+0000] {logging_mixin.py:190} INFO - [2025-03-30T14:14:33.012+0000] {dagbag.py:588} INFO - Filling up the DagBag from /home/airflow/.local/lib/python3.12/site-packages/airflow/example_dags/example_branch_labels.py
[2025-03-30T14:14:33.021+0000] {processor.py:925} INFO - DAG(s) 'example_branch_labels' retrieved from /home/airflow/.local/lib/python3.12/site-packages/airflow/example_dags/example_branch_labels.py
[2025-03-30T14:14:33.037+0000] {logging_mixin.py:190} INFO - [2025-03-30T14:14:33.037+0000] {dag.py:3239} INFO - Sync 1 DAGs
[2025-03-30T14:14:33.057+0000] {logging_mixin.py:190} INFO - [2025-03-30T14:14:33.056+0000] {dag.py:4180} INFO - Setting next_dagrun for example_branch_labels to 2025-03-29 00:00:00+00:00, run_after=2025-03-30 00:00:00+00:00
[2025-03-30T14:14:33.074+0000] {processor.py:208} INFO - Processing /home/airflow/.local/lib/python3.12/site-packages/airflow/example_dags/example_branch_labels.py took 0.071 seconds
[2025-03-30T14:15:03.156+0000] {processor.py:186} INFO - Started process (PID=2717) to work on /home/airflow/.local/lib/python3.12/site-packages/airflow/example_dags/example_branch_labels.py
[2025-03-30T14:15:03.157+0000] {processor.py:914} INFO - Processing file /home/airflow/.local/lib/python3.12/site-packages/airflow/example_dags/example_branch_labels.py for tasks to queue
[2025-03-30T14:15:03.158+0000] {logging_mixin.py:190} INFO - [2025-03-30T14:15:03.157+0000] {dagbag.py:588} INFO - Filling up the DagBag from /home/airflow/.local/lib/python3.12/site-packages/airflow/example_dags/example_branch_labels.py
[2025-03-30T14:15:03.166+0000] {processor.py:925} INFO - DAG(s) 'example_branch_labels' retrieved from /home/airflow/.local/lib/python3.12/site-packages/airflow/example_dags/example_branch_labels.py
[2025-03-30T14:15:03.183+0000] {logging_mixin.py:190} INFO - [2025-03-30T14:15:03.183+0000] {dag.py:3239} INFO - Sync 1 DAGs
[2025-03-30T14:15:03.204+0000] {logging_mixin.py:190} INFO - [2025-03-30T14:15:03.203+0000] {dag.py:4180} INFO - Setting next_dagrun for example_branch_labels to 2025-03-29 00:00:00+00:00, run_after=2025-03-30 00:00:00+00:00
[2025-03-30T14:15:03.218+0000] {processor.py:208} INFO - Processing /home/airflow/.local/lib/python3.12/site-packages/airflow/example_dags/example_branch_labels.py took 0.070 seconds
[2025-03-30T14:15:33.610+0000] {processor.py:186} INFO - Started process (PID=2792) to work on /home/airflow/.local/lib/python3.12/site-packages/airflow/example_dags/example_branch_labels.py
[2025-03-30T14:15:33.611+0000] {processor.py:914} INFO - Processing file /home/airflow/.local/lib/python3.12/site-packages/airflow/example_dags/example_branch_labels.py for tasks to queue
[2025-03-30T14:15:33.612+0000] {logging_mixin.py:190} INFO - [2025-03-30T14:15:33.612+0000] {dagbag.py:588} INFO - Filling up the DagBag from /home/airflow/.local/lib/python3.12/site-packages/airflow/example_dags/example_branch_labels.py
[2025-03-30T14:15:33.621+0000] {processor.py:925} INFO - DAG(s) 'example_branch_labels' retrieved from /home/airflow/.local/lib/python3.12/site-packages/airflow/example_dags/example_branch_labels.py
[2025-03-30T14:15:33.637+0000] {logging_mixin.py:190} INFO - [2025-03-30T14:15:33.637+0000] {dag.py:3239} INFO - Sync 1 DAGs
[2025-03-30T14:15:33.656+0000] {logging_mixin.py:190} INFO - [2025-03-30T14:15:33.656+0000] {dag.py:4180} INFO - Setting next_dagrun for example_branch_labels to 2025-03-29 00:00:00+00:00, run_after=2025-03-30 00:00:00+00:00
[2025-03-30T14:15:33.681+0000] {processor.py:208} INFO - Processing /home/airflow/.local/lib/python3.12/site-packages/airflow/example_dags/example_branch_labels.py took 0.078 seconds
[2025-03-30T14:16:03.931+0000] {processor.py:186} INFO - Started process (PID=2866) to work on /home/airflow/.local/lib/python3.12/site-packages/airflow/example_dags/example_branch_labels.py
[2025-03-30T14:16:03.932+0000] {processor.py:914} INFO - Processing file /home/airflow/.local/lib/python3.12/site-packages/airflow/example_dags/example_branch_labels.py for tasks to queue
[2025-03-30T14:16:03.933+0000] {logging_mixin.py:190} INFO - [2025-03-30T14:16:03.933+0000] {dagbag.py:588} INFO - Filling up the DagBag from /home/airflow/.local/lib/python3.12/site-packages/airflow/example_dags/example_branch_labels.py
[2025-03-30T14:16:03.942+0000] {processor.py:925} INFO - DAG(s) 'example_branch_labels' retrieved from /home/airflow/.local/lib/python3.12/site-packages/airflow/example_dags/example_branch_labels.py
[2025-03-30T14:16:03.962+0000] {logging_mixin.py:190} INFO - [2025-03-30T14:16:03.962+0000] {dag.py:3239} INFO - Sync 1 DAGs
[2025-03-30T14:16:03.984+0000] {logging_mixin.py:190} INFO - [2025-03-30T14:16:03.984+0000] {dag.py:4180} INFO - Setting next_dagrun for example_branch_labels to 2025-03-29 00:00:00+00:00, run_after=2025-03-30 00:00:00+00:00
[2025-03-30T14:16:04.000+0000] {processor.py:208} INFO - Processing /home/airflow/.local/lib/python3.12/site-packages/airflow/example_dags/example_branch_labels.py took 0.078 seconds
[2025-03-30T14:16:34.615+0000] {processor.py:186} INFO - Started process (PID=2940) to work on /home/airflow/.local/lib/python3.12/site-packages/airflow/example_dags/example_branch_labels.py
[2025-03-30T14:16:34.616+0000] {processor.py:914} INFO - Processing file /home/airflow/.local/lib/python3.12/site-packages/airflow/example_dags/example_branch_labels.py for tasks to queue
[2025-03-30T14:16:34.617+0000] {logging_mixin.py:190} INFO - [2025-03-30T14:16:34.617+0000] {dagbag.py:588} INFO - Filling up the DagBag from /home/airflow/.local/lib/python3.12/site-packages/airflow/example_dags/example_branch_labels.py
[2025-03-30T14:16:34.625+0000] {processor.py:925} INFO - DAG(s) 'example_branch_labels' retrieved from /home/airflow/.local/lib/python3.12/site-packages/airflow/example_dags/example_branch_labels.py
[2025-03-30T14:16:34.642+0000] {logging_mixin.py:190} INFO - [2025-03-30T14:16:34.642+0000] {dag.py:3239} INFO - Sync 1 DAGs
[2025-03-30T14:16:34.664+0000] {logging_mixin.py:190} INFO - [2025-03-30T14:16:34.664+0000] {dag.py:4180} INFO - Setting next_dagrun for example_branch_labels to 2025-03-29 00:00:00+00:00, run_after=2025-03-30 00:00:00+00:00
[2025-03-30T14:16:34.678+0000] {processor.py:208} INFO - Processing /home/airflow/.local/lib/python3.12/site-packages/airflow/example_dags/example_branch_labels.py took 0.069 seconds
[2025-03-30T14:17:05.100+0000] {processor.py:186} INFO - Started process (PID=3003) to work on /home/airflow/.local/lib/python3.12/site-packages/airflow/example_dags/example_branch_labels.py
[2025-03-30T14:17:05.101+0000] {processor.py:914} INFO - Processing file /home/airflow/.local/lib/python3.12/site-packages/airflow/example_dags/example_branch_labels.py for tasks to queue
[2025-03-30T14:17:05.102+0000] {logging_mixin.py:190} INFO - [2025-03-30T14:17:05.102+0000] {dagbag.py:588} INFO - Filling up the DagBag from /home/airflow/.local/lib/python3.12/site-packages/airflow/example_dags/example_branch_labels.py
[2025-03-30T14:17:05.111+0000] {processor.py:925} INFO - DAG(s) 'example_branch_labels' retrieved from /home/airflow/.local/lib/python3.12/site-packages/airflow/example_dags/example_branch_labels.py
[2025-03-30T14:17:05.130+0000] {logging_mixin.py:190} INFO - [2025-03-30T14:17:05.130+0000] {dag.py:3239} INFO - Sync 1 DAGs
[2025-03-30T14:17:05.151+0000] {logging_mixin.py:190} INFO - [2025-03-30T14:17:05.150+0000] {dag.py:4180} INFO - Setting next_dagrun for example_branch_labels to 2025-03-29 00:00:00+00:00, run_after=2025-03-30 00:00:00+00:00
[2025-03-30T14:17:05.166+0000] {processor.py:208} INFO - Processing /home/airflow/.local/lib/python3.12/site-packages/airflow/example_dags/example_branch_labels.py took 0.075 seconds
[2025-03-30T14:17:35.233+0000] {processor.py:186} INFO - Started process (PID=3077) to work on /home/airflow/.local/lib/python3.12/site-packages/airflow/example_dags/example_branch_labels.py
[2025-03-30T14:17:35.234+0000] {processor.py:914} INFO - Processing file /home/airflow/.local/lib/python3.12/site-packages/airflow/example_dags/example_branch_labels.py for tasks to queue
[2025-03-30T14:17:35.235+0000] {logging_mixin.py:190} INFO - [2025-03-30T14:17:35.234+0000] {dagbag.py:588} INFO - Filling up the DagBag from /home/airflow/.local/lib/python3.12/site-packages/airflow/example_dags/example_branch_labels.py
[2025-03-30T14:17:35.243+0000] {processor.py:925} INFO - DAG(s) 'example_branch_labels' retrieved from /home/airflow/.local/lib/python3.12/site-packages/airflow/example_dags/example_branch_labels.py
[2025-03-30T14:17:35.259+0000] {logging_mixin.py:190} INFO - [2025-03-30T14:17:35.259+0000] {dag.py:3239} INFO - Sync 1 DAGs
[2025-03-30T14:17:35.279+0000] {logging_mixin.py:190} INFO - [2025-03-30T14:17:35.279+0000] {dag.py:4180} INFO - Setting next_dagrun for example_branch_labels to 2025-03-29 00:00:00+00:00, run_after=2025-03-30 00:00:00+00:00
[2025-03-30T14:17:35.296+0000] {processor.py:208} INFO - Processing /home/airflow/.local/lib/python3.12/site-packages/airflow/example_dags/example_branch_labels.py took 0.070 seconds
[2025-03-30T14:18:05.718+0000] {processor.py:186} INFO - Started process (PID=3152) to work on /home/airflow/.local/lib/python3.12/site-packages/airflow/example_dags/example_branch_labels.py
[2025-03-30T14:18:05.719+0000] {processor.py:914} INFO - Processing file /home/airflow/.local/lib/python3.12/site-packages/airflow/example_dags/example_branch_labels.py for tasks to queue
[2025-03-30T14:18:05.720+0000] {logging_mixin.py:190} INFO - [2025-03-30T14:18:05.719+0000] {dagbag.py:588} INFO - Filling up the DagBag from /home/airflow/.local/lib/python3.12/site-packages/airflow/example_dags/example_branch_labels.py
[2025-03-30T14:18:05.728+0000] {processor.py:925} INFO - DAG(s) 'example_branch_labels' retrieved from /home/airflow/.local/lib/python3.12/site-packages/airflow/example_dags/example_branch_labels.py
[2025-03-30T14:18:05.747+0000] {logging_mixin.py:190} INFO - [2025-03-30T14:18:05.746+0000] {dag.py:3239} INFO - Sync 1 DAGs
[2025-03-30T14:18:05.768+0000] {logging_mixin.py:190} INFO - [2025-03-30T14:18:05.768+0000] {dag.py:4180} INFO - Setting next_dagrun for example_branch_labels to 2025-03-29 00:00:00+00:00, run_after=2025-03-30 00:00:00+00:00
[2025-03-30T14:18:05.781+0000] {processor.py:208} INFO - Processing /home/airflow/.local/lib/python3.12/site-packages/airflow/example_dags/example_branch_labels.py took 0.071 seconds
