[2025-03-30T13:57:16.087+0000] {processor.py:186} INFO - Started process (PID=83) to work on /home/airflow/.local/lib/python3.12/site-packages/airflow/example_dags/example_branch_python_dop_operator_3.py
[2025-03-30T13:57:16.088+0000] {processor.py:914} INFO - Processing file /home/airflow/.local/lib/python3.12/site-packages/airflow/example_dags/example_branch_python_dop_operator_3.py for tasks to queue
[2025-03-30T13:57:16.091+0000] {logging_mixin.py:190} INFO - [2025-03-30T13:57:16.091+0000] {dagbag.py:588} INFO - Filling up the DagBag from /home/airflow/.local/lib/python3.12/site-packages/airflow/example_dags/example_branch_python_dop_operator_3.py
[2025-03-30T13:57:16.101+0000] {processor.py:925} INFO - DAG(s) 'example_branch_dop_operator_v3' retrieved from /home/airflow/.local/lib/python3.12/site-packages/airflow/example_dags/example_branch_python_dop_operator_3.py
[2025-03-30T13:57:16.128+0000] {logging_mixin.py:190} INFO - [2025-03-30T13:57:16.128+0000] {dag.py:3239} INFO - Sync 1 DAGs
[2025-03-30T13:57:16.155+0000] {logging_mixin.py:190} INFO - [2025-03-30T13:57:16.154+0000] {dag.py:4180} INFO - Setting next_dagrun for example_branch_dop_operator_v3 to 2025-03-30 13:56:00+00:00, run_after=2025-03-30 13:57:00+00:00
[2025-03-30T13:57:16.172+0000] {processor.py:208} INFO - Processing /home/airflow/.local/lib/python3.12/site-packages/airflow/example_dags/example_branch_python_dop_operator_3.py took 0.090 seconds
[2025-03-30T13:57:47.102+0000] {processor.py:186} INFO - Started process (PID=158) to work on /home/airflow/.local/lib/python3.12/site-packages/airflow/example_dags/example_branch_python_dop_operator_3.py
[2025-03-30T13:57:47.103+0000] {processor.py:914} INFO - Processing file /home/airflow/.local/lib/python3.12/site-packages/airflow/example_dags/example_branch_python_dop_operator_3.py for tasks to queue
[2025-03-30T13:57:47.107+0000] {logging_mixin.py:190} INFO - [2025-03-30T13:57:47.106+0000] {dagbag.py:588} INFO - Filling up the DagBag from /home/airflow/.local/lib/python3.12/site-packages/airflow/example_dags/example_branch_python_dop_operator_3.py
[2025-03-30T13:57:47.121+0000] {processor.py:925} INFO - DAG(s) 'example_branch_dop_operator_v3' retrieved from /home/airflow/.local/lib/python3.12/site-packages/airflow/example_dags/example_branch_python_dop_operator_3.py
[2025-03-30T13:57:47.146+0000] {logging_mixin.py:190} INFO - [2025-03-30T13:57:47.145+0000] {dag.py:3239} INFO - Sync 1 DAGs
[2025-03-30T13:57:47.177+0000] {logging_mixin.py:190} INFO - [2025-03-30T13:57:47.176+0000] {dag.py:4180} INFO - Setting next_dagrun for example_branch_dop_operator_v3 to 2025-03-30 13:56:00+00:00, run_after=2025-03-30 13:57:00+00:00
[2025-03-30T13:57:47.208+0000] {processor.py:208} INFO - Processing /home/airflow/.local/lib/python3.12/site-packages/airflow/example_dags/example_branch_python_dop_operator_3.py took 0.113 seconds
[2025-03-30T13:58:17.732+0000] {processor.py:186} INFO - Started process (PID=233) to work on /home/airflow/.local/lib/python3.12/site-packages/airflow/example_dags/example_branch_python_dop_operator_3.py
[2025-03-30T13:58:17.733+0000] {processor.py:914} INFO - Processing file /home/airflow/.local/lib/python3.12/site-packages/airflow/example_dags/example_branch_python_dop_operator_3.py for tasks to queue
[2025-03-30T13:58:17.734+0000] {logging_mixin.py:190} INFO - [2025-03-30T13:58:17.734+0000] {dagbag.py:588} INFO - Filling up the DagBag from /home/airflow/.local/lib/python3.12/site-packages/airflow/example_dags/example_branch_python_dop_operator_3.py
[2025-03-30T13:58:17.742+0000] {processor.py:925} INFO - DAG(s) 'example_branch_dop_operator_v3' retrieved from /home/airflow/.local/lib/python3.12/site-packages/airflow/example_dags/example_branch_python_dop_operator_3.py
[2025-03-30T13:58:17.758+0000] {logging_mixin.py:190} INFO - [2025-03-30T13:58:17.758+0000] {dag.py:3239} INFO - Sync 1 DAGs
[2025-03-30T13:58:17.780+0000] {logging_mixin.py:190} INFO - [2025-03-30T13:58:17.780+0000] {dag.py:4180} INFO - Setting next_dagrun for example_branch_dop_operator_v3 to 2025-03-30 13:57:00+00:00, run_after=2025-03-30 13:58:00+00:00
[2025-03-30T13:58:17.799+0000] {processor.py:208} INFO - Processing /home/airflow/.local/lib/python3.12/site-packages/airflow/example_dags/example_branch_python_dop_operator_3.py took 0.071 seconds
[2025-03-30T13:58:48.373+0000] {processor.py:186} INFO - Started process (PID=297) to work on /home/airflow/.local/lib/python3.12/site-packages/airflow/example_dags/example_branch_python_dop_operator_3.py
[2025-03-30T13:58:48.374+0000] {processor.py:914} INFO - Processing file /home/airflow/.local/lib/python3.12/site-packages/airflow/example_dags/example_branch_python_dop_operator_3.py for tasks to queue
[2025-03-30T13:58:48.376+0000] {logging_mixin.py:190} INFO - [2025-03-30T13:58:48.376+0000] {dagbag.py:588} INFO - Filling up the DagBag from /home/airflow/.local/lib/python3.12/site-packages/airflow/example_dags/example_branch_python_dop_operator_3.py
[2025-03-30T13:58:48.386+0000] {processor.py:925} INFO - DAG(s) 'example_branch_dop_operator_v3' retrieved from /home/airflow/.local/lib/python3.12/site-packages/airflow/example_dags/example_branch_python_dop_operator_3.py
[2025-03-30T13:58:48.425+0000] {logging_mixin.py:190} INFO - [2025-03-30T13:58:48.424+0000] {dag.py:3239} INFO - Sync 1 DAGs
[2025-03-30T13:58:48.479+0000] {logging_mixin.py:190} INFO - [2025-03-30T13:58:48.478+0000] {dag.py:4180} INFO - Setting next_dagrun for example_branch_dop_operator_v3 to 2025-03-30 13:57:00+00:00, run_after=2025-03-30 13:58:00+00:00
[2025-03-30T13:58:48.520+0000] {processor.py:208} INFO - Processing /home/airflow/.local/lib/python3.12/site-packages/airflow/example_dags/example_branch_python_dop_operator_3.py took 0.151 seconds
[2025-03-30T13:59:18.965+0000] {processor.py:186} INFO - Started process (PID=371) to work on /home/airflow/.local/lib/python3.12/site-packages/airflow/example_dags/example_branch_python_dop_operator_3.py
[2025-03-30T13:59:18.965+0000] {processor.py:914} INFO - Processing file /home/airflow/.local/lib/python3.12/site-packages/airflow/example_dags/example_branch_python_dop_operator_3.py for tasks to queue
[2025-03-30T13:59:18.968+0000] {logging_mixin.py:190} INFO - [2025-03-30T13:59:18.968+0000] {dagbag.py:588} INFO - Filling up the DagBag from /home/airflow/.local/lib/python3.12/site-packages/airflow/example_dags/example_branch_python_dop_operator_3.py
[2025-03-30T13:59:18.980+0000] {processor.py:925} INFO - DAG(s) 'example_branch_dop_operator_v3' retrieved from /home/airflow/.local/lib/python3.12/site-packages/airflow/example_dags/example_branch_python_dop_operator_3.py
[2025-03-30T13:59:19.002+0000] {logging_mixin.py:190} INFO - [2025-03-30T13:59:19.001+0000] {dag.py:3239} INFO - Sync 1 DAGs
[2025-03-30T13:59:19.029+0000] {logging_mixin.py:190} INFO - [2025-03-30T13:59:19.028+0000] {dag.py:4180} INFO - Setting next_dagrun for example_branch_dop_operator_v3 to 2025-03-30 13:58:00+00:00, run_after=2025-03-30 13:59:00+00:00
[2025-03-30T13:59:19.049+0000] {processor.py:208} INFO - Processing /home/airflow/.local/lib/python3.12/site-packages/airflow/example_dags/example_branch_python_dop_operator_3.py took 0.090 seconds
[2025-03-30T13:59:49.415+0000] {processor.py:186} INFO - Started process (PID=446) to work on /home/airflow/.local/lib/python3.12/site-packages/airflow/example_dags/example_branch_python_dop_operator_3.py
[2025-03-30T13:59:49.416+0000] {processor.py:914} INFO - Processing file /home/airflow/.local/lib/python3.12/site-packages/airflow/example_dags/example_branch_python_dop_operator_3.py for tasks to queue
[2025-03-30T13:59:49.418+0000] {logging_mixin.py:190} INFO - [2025-03-30T13:59:49.418+0000] {dagbag.py:588} INFO - Filling up the DagBag from /home/airflow/.local/lib/python3.12/site-packages/airflow/example_dags/example_branch_python_dop_operator_3.py
[2025-03-30T13:59:49.428+0000] {processor.py:925} INFO - DAG(s) 'example_branch_dop_operator_v3' retrieved from /home/airflow/.local/lib/python3.12/site-packages/airflow/example_dags/example_branch_python_dop_operator_3.py
[2025-03-30T13:59:49.446+0000] {logging_mixin.py:190} INFO - [2025-03-30T13:59:49.445+0000] {dag.py:3239} INFO - Sync 1 DAGs
[2025-03-30T13:59:49.468+0000] {logging_mixin.py:190} INFO - [2025-03-30T13:59:49.468+0000] {dag.py:4180} INFO - Setting next_dagrun for example_branch_dop_operator_v3 to 2025-03-30 13:58:00+00:00, run_after=2025-03-30 13:59:00+00:00
[2025-03-30T13:59:49.486+0000] {processor.py:208} INFO - Processing /home/airflow/.local/lib/python3.12/site-packages/airflow/example_dags/example_branch_python_dop_operator_3.py took 0.075 seconds
[2025-03-30T14:00:19.550+0000] {processor.py:186} INFO - Started process (PID=533) to work on /home/airflow/.local/lib/python3.12/site-packages/airflow/example_dags/example_branch_python_dop_operator_3.py
[2025-03-30T14:00:19.550+0000] {processor.py:914} INFO - Processing file /home/airflow/.local/lib/python3.12/site-packages/airflow/example_dags/example_branch_python_dop_operator_3.py for tasks to queue
[2025-03-30T14:00:19.553+0000] {logging_mixin.py:190} INFO - [2025-03-30T14:00:19.553+0000] {dagbag.py:588} INFO - Filling up the DagBag from /home/airflow/.local/lib/python3.12/site-packages/airflow/example_dags/example_branch_python_dop_operator_3.py
[2025-03-30T14:00:19.566+0000] {processor.py:925} INFO - DAG(s) 'example_branch_dop_operator_v3' retrieved from /home/airflow/.local/lib/python3.12/site-packages/airflow/example_dags/example_branch_python_dop_operator_3.py
[2025-03-30T14:00:19.594+0000] {logging_mixin.py:190} INFO - [2025-03-30T14:00:19.594+0000] {dag.py:3239} INFO - Sync 1 DAGs
[2025-03-30T14:00:19.636+0000] {logging_mixin.py:190} INFO - [2025-03-30T14:00:19.636+0000] {dag.py:4180} INFO - Setting next_dagrun for example_branch_dop_operator_v3 to 2025-03-30 13:59:00+00:00, run_after=2025-03-30 14:00:00+00:00
[2025-03-30T14:00:19.678+0000] {processor.py:208} INFO - Processing /home/airflow/.local/lib/python3.12/site-packages/airflow/example_dags/example_branch_python_dop_operator_3.py took 0.133 seconds
[2025-03-30T14:00:50.236+0000] {processor.py:186} INFO - Started process (PID=608) to work on /home/airflow/.local/lib/python3.12/site-packages/airflow/example_dags/example_branch_python_dop_operator_3.py
[2025-03-30T14:00:50.237+0000] {processor.py:914} INFO - Processing file /home/airflow/.local/lib/python3.12/site-packages/airflow/example_dags/example_branch_python_dop_operator_3.py for tasks to queue
[2025-03-30T14:00:50.240+0000] {logging_mixin.py:190} INFO - [2025-03-30T14:00:50.239+0000] {dagbag.py:588} INFO - Filling up the DagBag from /home/airflow/.local/lib/python3.12/site-packages/airflow/example_dags/example_branch_python_dop_operator_3.py
[2025-03-30T14:00:50.252+0000] {processor.py:925} INFO - DAG(s) 'example_branch_dop_operator_v3' retrieved from /home/airflow/.local/lib/python3.12/site-packages/airflow/example_dags/example_branch_python_dop_operator_3.py
[2025-03-30T14:00:50.272+0000] {logging_mixin.py:190} INFO - [2025-03-30T14:00:50.271+0000] {dag.py:3239} INFO - Sync 1 DAGs
[2025-03-30T14:00:50.294+0000] {logging_mixin.py:190} INFO - [2025-03-30T14:00:50.294+0000] {dag.py:4180} INFO - Setting next_dagrun for example_branch_dop_operator_v3 to 2025-03-30 13:59:00+00:00, run_after=2025-03-30 14:00:00+00:00
[2025-03-30T14:00:50.311+0000] {processor.py:208} INFO - Processing /home/airflow/.local/lib/python3.12/site-packages/airflow/example_dags/example_branch_python_dop_operator_3.py took 0.080 seconds
[2025-03-30T14:01:21.146+0000] {processor.py:186} INFO - Started process (PID=683) to work on /home/airflow/.local/lib/python3.12/site-packages/airflow/example_dags/example_branch_python_dop_operator_3.py
[2025-03-30T14:01:21.147+0000] {processor.py:914} INFO - Processing file /home/airflow/.local/lib/python3.12/site-packages/airflow/example_dags/example_branch_python_dop_operator_3.py for tasks to queue
[2025-03-30T14:01:21.149+0000] {logging_mixin.py:190} INFO - [2025-03-30T14:01:21.148+0000] {dagbag.py:588} INFO - Filling up the DagBag from /home/airflow/.local/lib/python3.12/site-packages/airflow/example_dags/example_branch_python_dop_operator_3.py
[2025-03-30T14:01:21.158+0000] {processor.py:925} INFO - DAG(s) 'example_branch_dop_operator_v3' retrieved from /home/airflow/.local/lib/python3.12/site-packages/airflow/example_dags/example_branch_python_dop_operator_3.py
[2025-03-30T14:01:21.177+0000] {logging_mixin.py:190} INFO - [2025-03-30T14:01:21.176+0000] {dag.py:3239} INFO - Sync 1 DAGs
[2025-03-30T14:01:21.201+0000] {logging_mixin.py:190} INFO - [2025-03-30T14:01:21.201+0000] {dag.py:4180} INFO - Setting next_dagrun for example_branch_dop_operator_v3 to 2025-03-30 14:00:00+00:00, run_after=2025-03-30 14:01:00+00:00
[2025-03-30T14:01:21.217+0000] {processor.py:208} INFO - Processing /home/airflow/.local/lib/python3.12/site-packages/airflow/example_dags/example_branch_python_dop_operator_3.py took 0.077 seconds
[2025-03-30T14:01:51.487+0000] {processor.py:186} INFO - Started process (PID=770) to work on /home/airflow/.local/lib/python3.12/site-packages/airflow/example_dags/example_branch_python_dop_operator_3.py
[2025-03-30T14:01:51.488+0000] {processor.py:914} INFO - Processing file /home/airflow/.local/lib/python3.12/site-packages/airflow/example_dags/example_branch_python_dop_operator_3.py for tasks to queue
[2025-03-30T14:01:51.490+0000] {logging_mixin.py:190} INFO - [2025-03-30T14:01:51.490+0000] {dagbag.py:588} INFO - Filling up the DagBag from /home/airflow/.local/lib/python3.12/site-packages/airflow/example_dags/example_branch_python_dop_operator_3.py
[2025-03-30T14:01:51.501+0000] {processor.py:925} INFO - DAG(s) 'example_branch_dop_operator_v3' retrieved from /home/airflow/.local/lib/python3.12/site-packages/airflow/example_dags/example_branch_python_dop_operator_3.py
[2025-03-30T14:01:51.519+0000] {logging_mixin.py:190} INFO - [2025-03-30T14:01:51.519+0000] {dag.py:3239} INFO - Sync 1 DAGs
[2025-03-30T14:01:51.546+0000] {logging_mixin.py:190} INFO - [2025-03-30T14:01:51.546+0000] {dag.py:4180} INFO - Setting next_dagrun for example_branch_dop_operator_v3 to 2025-03-30 14:00:00+00:00, run_after=2025-03-30 14:01:00+00:00
[2025-03-30T14:01:51.571+0000] {processor.py:208} INFO - Processing /home/airflow/.local/lib/python3.12/site-packages/airflow/example_dags/example_branch_python_dop_operator_3.py took 0.090 seconds
[2025-03-30T14:02:22.794+0000] {processor.py:186} INFO - Started process (PID=845) to work on /home/airflow/.local/lib/python3.12/site-packages/airflow/example_dags/example_branch_python_dop_operator_3.py
[2025-03-30T14:02:22.795+0000] {processor.py:914} INFO - Processing file /home/airflow/.local/lib/python3.12/site-packages/airflow/example_dags/example_branch_python_dop_operator_3.py for tasks to queue
[2025-03-30T14:02:22.797+0000] {logging_mixin.py:190} INFO - [2025-03-30T14:02:22.796+0000] {dagbag.py:588} INFO - Filling up the DagBag from /home/airflow/.local/lib/python3.12/site-packages/airflow/example_dags/example_branch_python_dop_operator_3.py
[2025-03-30T14:02:22.806+0000] {processor.py:925} INFO - DAG(s) 'example_branch_dop_operator_v3' retrieved from /home/airflow/.local/lib/python3.12/site-packages/airflow/example_dags/example_branch_python_dop_operator_3.py
[2025-03-30T14:02:22.822+0000] {logging_mixin.py:190} INFO - [2025-03-30T14:02:22.822+0000] {dag.py:3239} INFO - Sync 1 DAGs
[2025-03-30T14:02:22.847+0000] {logging_mixin.py:190} INFO - [2025-03-30T14:02:22.847+0000] {dag.py:4180} INFO - Setting next_dagrun for example_branch_dop_operator_v3 to 2025-03-30 14:01:00+00:00, run_after=2025-03-30 14:02:00+00:00
[2025-03-30T14:02:22.868+0000] {processor.py:208} INFO - Processing /home/airflow/.local/lib/python3.12/site-packages/airflow/example_dags/example_branch_python_dop_operator_3.py took 0.079 seconds
[2025-03-30T14:02:53.112+0000] {processor.py:186} INFO - Started process (PID=920) to work on /home/airflow/.local/lib/python3.12/site-packages/airflow/example_dags/example_branch_python_dop_operator_3.py
[2025-03-30T14:02:53.112+0000] {processor.py:914} INFO - Processing file /home/airflow/.local/lib/python3.12/site-packages/airflow/example_dags/example_branch_python_dop_operator_3.py for tasks to queue
[2025-03-30T14:02:53.114+0000] {logging_mixin.py:190} INFO - [2025-03-30T14:02:53.114+0000] {dagbag.py:588} INFO - Filling up the DagBag from /home/airflow/.local/lib/python3.12/site-packages/airflow/example_dags/example_branch_python_dop_operator_3.py
[2025-03-30T14:02:53.122+0000] {processor.py:925} INFO - DAG(s) 'example_branch_dop_operator_v3' retrieved from /home/airflow/.local/lib/python3.12/site-packages/airflow/example_dags/example_branch_python_dop_operator_3.py
[2025-03-30T14:02:53.139+0000] {logging_mixin.py:190} INFO - [2025-03-30T14:02:53.138+0000] {dag.py:3239} INFO - Sync 1 DAGs
[2025-03-30T14:02:53.158+0000] {logging_mixin.py:190} INFO - [2025-03-30T14:02:53.158+0000] {dag.py:4180} INFO - Setting next_dagrun for example_branch_dop_operator_v3 to 2025-03-30 14:01:00+00:00, run_after=2025-03-30 14:02:00+00:00
[2025-03-30T14:02:53.172+0000] {processor.py:208} INFO - Processing /home/airflow/.local/lib/python3.12/site-packages/airflow/example_dags/example_branch_python_dop_operator_3.py took 0.065 seconds
[2025-03-30T14:03:23.428+0000] {processor.py:186} INFO - Started process (PID=983) to work on /home/airflow/.local/lib/python3.12/site-packages/airflow/example_dags/example_branch_python_dop_operator_3.py
[2025-03-30T14:03:23.429+0000] {processor.py:914} INFO - Processing file /home/airflow/.local/lib/python3.12/site-packages/airflow/example_dags/example_branch_python_dop_operator_3.py for tasks to queue
[2025-03-30T14:03:23.431+0000] {logging_mixin.py:190} INFO - [2025-03-30T14:03:23.431+0000] {dagbag.py:588} INFO - Filling up the DagBag from /home/airflow/.local/lib/python3.12/site-packages/airflow/example_dags/example_branch_python_dop_operator_3.py
[2025-03-30T14:03:23.440+0000] {processor.py:925} INFO - DAG(s) 'example_branch_dop_operator_v3' retrieved from /home/airflow/.local/lib/python3.12/site-packages/airflow/example_dags/example_branch_python_dop_operator_3.py
[2025-03-30T14:03:23.456+0000] {logging_mixin.py:190} INFO - [2025-03-30T14:03:23.456+0000] {dag.py:3239} INFO - Sync 1 DAGs
[2025-03-30T14:03:23.479+0000] {logging_mixin.py:190} INFO - [2025-03-30T14:03:23.479+0000] {dag.py:4180} INFO - Setting next_dagrun for example_branch_dop_operator_v3 to 2025-03-30 14:02:00+00:00, run_after=2025-03-30 14:03:00+00:00
[2025-03-30T14:03:23.496+0000] {processor.py:208} INFO - Processing /home/airflow/.local/lib/python3.12/site-packages/airflow/example_dags/example_branch_python_dop_operator_3.py took 0.073 seconds
[2025-03-30T14:03:53.905+0000] {processor.py:186} INFO - Started process (PID=1058) to work on /home/airflow/.local/lib/python3.12/site-packages/airflow/example_dags/example_branch_python_dop_operator_3.py
[2025-03-30T14:03:53.906+0000] {processor.py:914} INFO - Processing file /home/airflow/.local/lib/python3.12/site-packages/airflow/example_dags/example_branch_python_dop_operator_3.py for tasks to queue
[2025-03-30T14:03:53.908+0000] {logging_mixin.py:190} INFO - [2025-03-30T14:03:53.908+0000] {dagbag.py:588} INFO - Filling up the DagBag from /home/airflow/.local/lib/python3.12/site-packages/airflow/example_dags/example_branch_python_dop_operator_3.py
[2025-03-30T14:03:53.916+0000] {processor.py:925} INFO - DAG(s) 'example_branch_dop_operator_v3' retrieved from /home/airflow/.local/lib/python3.12/site-packages/airflow/example_dags/example_branch_python_dop_operator_3.py
[2025-03-30T14:03:53.931+0000] {logging_mixin.py:190} INFO - [2025-03-30T14:03:53.931+0000] {dag.py:3239} INFO - Sync 1 DAGs
[2025-03-30T14:03:53.952+0000] {logging_mixin.py:190} INFO - [2025-03-30T14:03:53.952+0000] {dag.py:4180} INFO - Setting next_dagrun for example_branch_dop_operator_v3 to 2025-03-30 14:02:00+00:00, run_after=2025-03-30 14:03:00+00:00
[2025-03-30T14:03:53.965+0000] {processor.py:208} INFO - Processing /home/airflow/.local/lib/python3.12/site-packages/airflow/example_dags/example_branch_python_dop_operator_3.py took 0.064 seconds
[2025-03-30T14:04:24.478+0000] {processor.py:186} INFO - Started process (PID=1133) to work on /home/airflow/.local/lib/python3.12/site-packages/airflow/example_dags/example_branch_python_dop_operator_3.py
[2025-03-30T14:04:24.479+0000] {processor.py:914} INFO - Processing file /home/airflow/.local/lib/python3.12/site-packages/airflow/example_dags/example_branch_python_dop_operator_3.py for tasks to queue
[2025-03-30T14:04:24.482+0000] {logging_mixin.py:190} INFO - [2025-03-30T14:04:24.482+0000] {dagbag.py:588} INFO - Filling up the DagBag from /home/airflow/.local/lib/python3.12/site-packages/airflow/example_dags/example_branch_python_dop_operator_3.py
[2025-03-30T14:04:24.495+0000] {processor.py:925} INFO - DAG(s) 'example_branch_dop_operator_v3' retrieved from /home/airflow/.local/lib/python3.12/site-packages/airflow/example_dags/example_branch_python_dop_operator_3.py
[2025-03-30T14:04:24.521+0000] {logging_mixin.py:190} INFO - [2025-03-30T14:04:24.521+0000] {dag.py:3239} INFO - Sync 1 DAGs
[2025-03-30T14:04:24.550+0000] {logging_mixin.py:190} INFO - [2025-03-30T14:04:24.549+0000] {dag.py:4180} INFO - Setting next_dagrun for example_branch_dop_operator_v3 to 2025-03-30 14:03:00+00:00, run_after=2025-03-30 14:04:00+00:00
[2025-03-30T14:04:24.573+0000] {processor.py:208} INFO - Processing /home/airflow/.local/lib/python3.12/site-packages/airflow/example_dags/example_branch_python_dop_operator_3.py took 0.102 seconds
[2025-03-30T14:04:55.484+0000] {processor.py:186} INFO - Started process (PID=1220) to work on /home/airflow/.local/lib/python3.12/site-packages/airflow/example_dags/example_branch_python_dop_operator_3.py
[2025-03-30T14:04:55.485+0000] {processor.py:914} INFO - Processing file /home/airflow/.local/lib/python3.12/site-packages/airflow/example_dags/example_branch_python_dop_operator_3.py for tasks to queue
[2025-03-30T14:04:55.488+0000] {logging_mixin.py:190} INFO - [2025-03-30T14:04:55.488+0000] {dagbag.py:588} INFO - Filling up the DagBag from /home/airflow/.local/lib/python3.12/site-packages/airflow/example_dags/example_branch_python_dop_operator_3.py
[2025-03-30T14:04:55.501+0000] {processor.py:925} INFO - DAG(s) 'example_branch_dop_operator_v3' retrieved from /home/airflow/.local/lib/python3.12/site-packages/airflow/example_dags/example_branch_python_dop_operator_3.py
[2025-03-30T14:04:55.522+0000] {logging_mixin.py:190} INFO - [2025-03-30T14:04:55.521+0000] {dag.py:3239} INFO - Sync 1 DAGs
[2025-03-30T14:04:55.552+0000] {logging_mixin.py:190} INFO - [2025-03-30T14:04:55.552+0000] {dag.py:4180} INFO - Setting next_dagrun for example_branch_dop_operator_v3 to 2025-03-30 14:03:00+00:00, run_after=2025-03-30 14:04:00+00:00
[2025-03-30T14:04:55.572+0000] {processor.py:208} INFO - Processing /home/airflow/.local/lib/python3.12/site-packages/airflow/example_dags/example_branch_python_dop_operator_3.py took 0.094 seconds
[2025-03-30T14:05:25.742+0000] {processor.py:186} INFO - Started process (PID=1295) to work on /home/airflow/.local/lib/python3.12/site-packages/airflow/example_dags/example_branch_python_dop_operator_3.py
[2025-03-30T14:05:25.743+0000] {processor.py:914} INFO - Processing file /home/airflow/.local/lib/python3.12/site-packages/airflow/example_dags/example_branch_python_dop_operator_3.py for tasks to queue
[2025-03-30T14:05:25.745+0000] {logging_mixin.py:190} INFO - [2025-03-30T14:05:25.745+0000] {dagbag.py:588} INFO - Filling up the DagBag from /home/airflow/.local/lib/python3.12/site-packages/airflow/example_dags/example_branch_python_dop_operator_3.py
[2025-03-30T14:05:25.756+0000] {processor.py:925} INFO - DAG(s) 'example_branch_dop_operator_v3' retrieved from /home/airflow/.local/lib/python3.12/site-packages/airflow/example_dags/example_branch_python_dop_operator_3.py
[2025-03-30T14:05:25.781+0000] {logging_mixin.py:190} INFO - [2025-03-30T14:05:25.781+0000] {dag.py:3239} INFO - Sync 1 DAGs
[2025-03-30T14:05:25.807+0000] {logging_mixin.py:190} INFO - [2025-03-30T14:05:25.807+0000] {dag.py:4180} INFO - Setting next_dagrun for example_branch_dop_operator_v3 to 2025-03-30 14:04:00+00:00, run_after=2025-03-30 14:05:00+00:00
[2025-03-30T14:05:25.826+0000] {processor.py:208} INFO - Processing /home/airflow/.local/lib/python3.12/site-packages/airflow/example_dags/example_branch_python_dop_operator_3.py took 0.089 seconds
[2025-03-30T14:05:56.634+0000] {processor.py:186} INFO - Started process (PID=1370) to work on /home/airflow/.local/lib/python3.12/site-packages/airflow/example_dags/example_branch_python_dop_operator_3.py
[2025-03-30T14:05:56.635+0000] {processor.py:914} INFO - Processing file /home/airflow/.local/lib/python3.12/site-packages/airflow/example_dags/example_branch_python_dop_operator_3.py for tasks to queue
[2025-03-30T14:05:56.637+0000] {logging_mixin.py:190} INFO - [2025-03-30T14:05:56.637+0000] {dagbag.py:588} INFO - Filling up the DagBag from /home/airflow/.local/lib/python3.12/site-packages/airflow/example_dags/example_branch_python_dop_operator_3.py
[2025-03-30T14:05:56.646+0000] {processor.py:925} INFO - DAG(s) 'example_branch_dop_operator_v3' retrieved from /home/airflow/.local/lib/python3.12/site-packages/airflow/example_dags/example_branch_python_dop_operator_3.py
[2025-03-30T14:05:56.662+0000] {logging_mixin.py:190} INFO - [2025-03-30T14:05:56.661+0000] {dag.py:3239} INFO - Sync 1 DAGs
[2025-03-30T14:05:56.683+0000] {logging_mixin.py:190} INFO - [2025-03-30T14:05:56.683+0000] {dag.py:4180} INFO - Setting next_dagrun for example_branch_dop_operator_v3 to 2025-03-30 14:04:00+00:00, run_after=2025-03-30 14:05:00+00:00
[2025-03-30T14:05:56.697+0000] {processor.py:208} INFO - Processing /home/airflow/.local/lib/python3.12/site-packages/airflow/example_dags/example_branch_python_dop_operator_3.py took 0.067 seconds
[2025-03-30T14:06:26.879+0000] {processor.py:186} INFO - Started process (PID=1445) to work on /home/airflow/.local/lib/python3.12/site-packages/airflow/example_dags/example_branch_python_dop_operator_3.py
[2025-03-30T14:06:26.881+0000] {processor.py:914} INFO - Processing file /home/airflow/.local/lib/python3.12/site-packages/airflow/example_dags/example_branch_python_dop_operator_3.py for tasks to queue
[2025-03-30T14:06:26.882+0000] {logging_mixin.py:190} INFO - [2025-03-30T14:06:26.882+0000] {dagbag.py:588} INFO - Filling up the DagBag from /home/airflow/.local/lib/python3.12/site-packages/airflow/example_dags/example_branch_python_dop_operator_3.py
[2025-03-30T14:06:26.896+0000] {processor.py:925} INFO - DAG(s) 'example_branch_dop_operator_v3' retrieved from /home/airflow/.local/lib/python3.12/site-packages/airflow/example_dags/example_branch_python_dop_operator_3.py
[2025-03-30T14:06:26.923+0000] {logging_mixin.py:190} INFO - [2025-03-30T14:06:26.923+0000] {dag.py:3239} INFO - Sync 1 DAGs
[2025-03-30T14:06:26.953+0000] {logging_mixin.py:190} INFO - [2025-03-30T14:06:26.953+0000] {dag.py:4180} INFO - Setting next_dagrun for example_branch_dop_operator_v3 to 2025-03-30 14:05:00+00:00, run_after=2025-03-30 14:06:00+00:00
[2025-03-30T14:06:26.975+0000] {processor.py:208} INFO - Processing /home/airflow/.local/lib/python3.12/site-packages/airflow/example_dags/example_branch_python_dop_operator_3.py took 0.102 seconds
[2025-03-30T14:06:57.804+0000] {processor.py:186} INFO - Started process (PID=1542) to work on /home/airflow/.local/lib/python3.12/site-packages/airflow/example_dags/example_branch_python_dop_operator_3.py
[2025-03-30T14:06:57.805+0000] {processor.py:914} INFO - Processing file /home/airflow/.local/lib/python3.12/site-packages/airflow/example_dags/example_branch_python_dop_operator_3.py for tasks to queue
[2025-03-30T14:06:57.806+0000] {logging_mixin.py:190} INFO - [2025-03-30T14:06:57.806+0000] {dagbag.py:588} INFO - Filling up the DagBag from /home/airflow/.local/lib/python3.12/site-packages/airflow/example_dags/example_branch_python_dop_operator_3.py
[2025-03-30T14:06:57.815+0000] {processor.py:925} INFO - DAG(s) 'example_branch_dop_operator_v3' retrieved from /home/airflow/.local/lib/python3.12/site-packages/airflow/example_dags/example_branch_python_dop_operator_3.py
[2025-03-30T14:06:57.832+0000] {logging_mixin.py:190} INFO - [2025-03-30T14:06:57.832+0000] {dag.py:3239} INFO - Sync 1 DAGs
[2025-03-30T14:06:57.854+0000] {logging_mixin.py:190} INFO - [2025-03-30T14:06:57.853+0000] {dag.py:4180} INFO - Setting next_dagrun for example_branch_dop_operator_v3 to 2025-03-30 14:05:00+00:00, run_after=2025-03-30 14:06:00+00:00
[2025-03-30T14:06:57.871+0000] {processor.py:208} INFO - Processing /home/airflow/.local/lib/python3.12/site-packages/airflow/example_dags/example_branch_python_dop_operator_3.py took 0.075 seconds
[2025-03-30T14:07:27.957+0000] {processor.py:186} INFO - Started process (PID=1617) to work on /home/airflow/.local/lib/python3.12/site-packages/airflow/example_dags/example_branch_python_dop_operator_3.py
[2025-03-30T14:07:27.957+0000] {processor.py:914} INFO - Processing file /home/airflow/.local/lib/python3.12/site-packages/airflow/example_dags/example_branch_python_dop_operator_3.py for tasks to queue
[2025-03-30T14:07:27.959+0000] {logging_mixin.py:190} INFO - [2025-03-30T14:07:27.958+0000] {dagbag.py:588} INFO - Filling up the DagBag from /home/airflow/.local/lib/python3.12/site-packages/airflow/example_dags/example_branch_python_dop_operator_3.py
[2025-03-30T14:07:27.968+0000] {processor.py:925} INFO - DAG(s) 'example_branch_dop_operator_v3' retrieved from /home/airflow/.local/lib/python3.12/site-packages/airflow/example_dags/example_branch_python_dop_operator_3.py
[2025-03-30T14:07:27.990+0000] {logging_mixin.py:190} INFO - [2025-03-30T14:07:27.990+0000] {dag.py:3239} INFO - Sync 1 DAGs
[2025-03-30T14:07:28.018+0000] {logging_mixin.py:190} INFO - [2025-03-30T14:07:28.018+0000] {dag.py:4180} INFO - Setting next_dagrun for example_branch_dop_operator_v3 to 2025-03-30 14:06:00+00:00, run_after=2025-03-30 14:07:00+00:00
[2025-03-30T14:07:28.037+0000] {processor.py:208} INFO - Processing /home/airflow/.local/lib/python3.12/site-packages/airflow/example_dags/example_branch_python_dop_operator_3.py took 0.090 seconds
[2025-03-30T14:07:58.560+0000] {processor.py:186} INFO - Started process (PID=1692) to work on /home/airflow/.local/lib/python3.12/site-packages/airflow/example_dags/example_branch_python_dop_operator_3.py
[2025-03-30T14:07:58.560+0000] {processor.py:914} INFO - Processing file /home/airflow/.local/lib/python3.12/site-packages/airflow/example_dags/example_branch_python_dop_operator_3.py for tasks to queue
[2025-03-30T14:07:58.561+0000] {logging_mixin.py:190} INFO - [2025-03-30T14:07:58.561+0000] {dagbag.py:588} INFO - Filling up the DagBag from /home/airflow/.local/lib/python3.12/site-packages/airflow/example_dags/example_branch_python_dop_operator_3.py
[2025-03-30T14:07:58.570+0000] {processor.py:925} INFO - DAG(s) 'example_branch_dop_operator_v3' retrieved from /home/airflow/.local/lib/python3.12/site-packages/airflow/example_dags/example_branch_python_dop_operator_3.py
[2025-03-30T14:07:58.586+0000] {logging_mixin.py:190} INFO - [2025-03-30T14:07:58.586+0000] {dag.py:3239} INFO - Sync 1 DAGs
[2025-03-30T14:07:58.608+0000] {logging_mixin.py:190} INFO - [2025-03-30T14:07:58.607+0000] {dag.py:4180} INFO - Setting next_dagrun for example_branch_dop_operator_v3 to 2025-03-30 14:06:00+00:00, run_after=2025-03-30 14:07:00+00:00
[2025-03-30T14:07:58.621+0000] {processor.py:208} INFO - Processing /home/airflow/.local/lib/python3.12/site-packages/airflow/example_dags/example_branch_python_dop_operator_3.py took 0.069 seconds
[2025-03-30T14:08:28.863+0000] {processor.py:186} INFO - Started process (PID=1767) to work on /home/airflow/.local/lib/python3.12/site-packages/airflow/example_dags/example_branch_python_dop_operator_3.py
[2025-03-30T14:08:28.866+0000] {processor.py:914} INFO - Processing file /home/airflow/.local/lib/python3.12/site-packages/airflow/example_dags/example_branch_python_dop_operator_3.py for tasks to queue
[2025-03-30T14:08:28.869+0000] {logging_mixin.py:190} INFO - [2025-03-30T14:08:28.868+0000] {dagbag.py:588} INFO - Filling up the DagBag from /home/airflow/.local/lib/python3.12/site-packages/airflow/example_dags/example_branch_python_dop_operator_3.py
[2025-03-30T14:08:28.885+0000] {processor.py:925} INFO - DAG(s) 'example_branch_dop_operator_v3' retrieved from /home/airflow/.local/lib/python3.12/site-packages/airflow/example_dags/example_branch_python_dop_operator_3.py
[2025-03-30T14:08:28.911+0000] {logging_mixin.py:190} INFO - [2025-03-30T14:08:28.911+0000] {dag.py:3239} INFO - Sync 1 DAGs
[2025-03-30T14:08:28.947+0000] {logging_mixin.py:190} INFO - [2025-03-30T14:08:28.946+0000] {dag.py:4180} INFO - Setting next_dagrun for example_branch_dop_operator_v3 to 2025-03-30 14:07:00+00:00, run_after=2025-03-30 14:08:00+00:00
[2025-03-30T14:08:28.979+0000] {processor.py:208} INFO - Processing /home/airflow/.local/lib/python3.12/site-packages/airflow/example_dags/example_branch_python_dop_operator_3.py took 0.131 seconds
[2025-03-30T14:08:59.754+0000] {processor.py:186} INFO - Started process (PID=1842) to work on /home/airflow/.local/lib/python3.12/site-packages/airflow/example_dags/example_branch_python_dop_operator_3.py
[2025-03-30T14:08:59.755+0000] {processor.py:914} INFO - Processing file /home/airflow/.local/lib/python3.12/site-packages/airflow/example_dags/example_branch_python_dop_operator_3.py for tasks to queue
[2025-03-30T14:08:59.757+0000] {logging_mixin.py:190} INFO - [2025-03-30T14:08:59.757+0000] {dagbag.py:588} INFO - Filling up the DagBag from /home/airflow/.local/lib/python3.12/site-packages/airflow/example_dags/example_branch_python_dop_operator_3.py
[2025-03-30T14:08:59.772+0000] {processor.py:925} INFO - DAG(s) 'example_branch_dop_operator_v3' retrieved from /home/airflow/.local/lib/python3.12/site-packages/airflow/example_dags/example_branch_python_dop_operator_3.py
[2025-03-30T14:08:59.798+0000] {logging_mixin.py:190} INFO - [2025-03-30T14:08:59.798+0000] {dag.py:3239} INFO - Sync 1 DAGs
[2025-03-30T14:08:59.824+0000] {logging_mixin.py:190} INFO - [2025-03-30T14:08:59.823+0000] {dag.py:4180} INFO - Setting next_dagrun for example_branch_dop_operator_v3 to 2025-03-30 14:07:00+00:00, run_after=2025-03-30 14:08:00+00:00
[2025-03-30T14:08:59.840+0000] {processor.py:208} INFO - Processing /home/airflow/.local/lib/python3.12/site-packages/airflow/example_dags/example_branch_python_dop_operator_3.py took 0.097 seconds
[2025-03-30T14:09:30.781+0000] {processor.py:186} INFO - Started process (PID=1917) to work on /home/airflow/.local/lib/python3.12/site-packages/airflow/example_dags/example_branch_python_dop_operator_3.py
[2025-03-30T14:09:30.782+0000] {processor.py:914} INFO - Processing file /home/airflow/.local/lib/python3.12/site-packages/airflow/example_dags/example_branch_python_dop_operator_3.py for tasks to queue
[2025-03-30T14:09:30.783+0000] {logging_mixin.py:190} INFO - [2025-03-30T14:09:30.782+0000] {dagbag.py:588} INFO - Filling up the DagBag from /home/airflow/.local/lib/python3.12/site-packages/airflow/example_dags/example_branch_python_dop_operator_3.py
[2025-03-30T14:09:30.791+0000] {processor.py:925} INFO - DAG(s) 'example_branch_dop_operator_v3' retrieved from /home/airflow/.local/lib/python3.12/site-packages/airflow/example_dags/example_branch_python_dop_operator_3.py
[2025-03-30T14:09:30.808+0000] {logging_mixin.py:190} INFO - [2025-03-30T14:09:30.808+0000] {dag.py:3239} INFO - Sync 1 DAGs
[2025-03-30T14:09:30.829+0000] {logging_mixin.py:190} INFO - [2025-03-30T14:09:30.829+0000] {dag.py:4180} INFO - Setting next_dagrun for example_branch_dop_operator_v3 to 2025-03-30 14:08:00+00:00, run_after=2025-03-30 14:09:00+00:00
[2025-03-30T14:09:30.844+0000] {processor.py:208} INFO - Processing /home/airflow/.local/lib/python3.12/site-packages/airflow/example_dags/example_branch_python_dop_operator_3.py took 0.070 seconds
[2025-03-30T14:10:00.912+0000] {processor.py:186} INFO - Started process (PID=1980) to work on /home/airflow/.local/lib/python3.12/site-packages/airflow/example_dags/example_branch_python_dop_operator_3.py
[2025-03-30T14:10:00.915+0000] {processor.py:914} INFO - Processing file /home/airflow/.local/lib/python3.12/site-packages/airflow/example_dags/example_branch_python_dop_operator_3.py for tasks to queue
[2025-03-30T14:10:00.916+0000] {logging_mixin.py:190} INFO - [2025-03-30T14:10:00.916+0000] {dagbag.py:588} INFO - Filling up the DagBag from /home/airflow/.local/lib/python3.12/site-packages/airflow/example_dags/example_branch_python_dop_operator_3.py
[2025-03-30T14:10:00.934+0000] {processor.py:925} INFO - DAG(s) 'example_branch_dop_operator_v3' retrieved from /home/airflow/.local/lib/python3.12/site-packages/airflow/example_dags/example_branch_python_dop_operator_3.py
[2025-03-30T14:10:00.963+0000] {logging_mixin.py:190} INFO - [2025-03-30T14:10:00.962+0000] {dag.py:3239} INFO - Sync 1 DAGs
[2025-03-30T14:10:01.010+0000] {logging_mixin.py:190} INFO - [2025-03-30T14:10:01.010+0000] {dag.py:4180} INFO - Setting next_dagrun for example_branch_dop_operator_v3 to 2025-03-30 14:09:00+00:00, run_after=2025-03-30 14:10:00+00:00
[2025-03-30T14:10:01.039+0000] {processor.py:208} INFO - Processing /home/airflow/.local/lib/python3.12/site-packages/airflow/example_dags/example_branch_python_dop_operator_3.py took 0.140 seconds
[2025-03-30T14:10:31.535+0000] {processor.py:186} INFO - Started process (PID=2055) to work on /home/airflow/.local/lib/python3.12/site-packages/airflow/example_dags/example_branch_python_dop_operator_3.py
[2025-03-30T14:10:31.536+0000] {processor.py:914} INFO - Processing file /home/airflow/.local/lib/python3.12/site-packages/airflow/example_dags/example_branch_python_dop_operator_3.py for tasks to queue
[2025-03-30T14:10:31.538+0000] {logging_mixin.py:190} INFO - [2025-03-30T14:10:31.538+0000] {dagbag.py:588} INFO - Filling up the DagBag from /home/airflow/.local/lib/python3.12/site-packages/airflow/example_dags/example_branch_python_dop_operator_3.py
[2025-03-30T14:10:31.555+0000] {processor.py:925} INFO - DAG(s) 'example_branch_dop_operator_v3' retrieved from /home/airflow/.local/lib/python3.12/site-packages/airflow/example_dags/example_branch_python_dop_operator_3.py
[2025-03-30T14:10:31.583+0000] {logging_mixin.py:190} INFO - [2025-03-30T14:10:31.583+0000] {dag.py:3239} INFO - Sync 1 DAGs
[2025-03-30T14:10:31.625+0000] {logging_mixin.py:190} INFO - [2025-03-30T14:10:31.625+0000] {dag.py:4180} INFO - Setting next_dagrun for example_branch_dop_operator_v3 to 2025-03-30 14:09:00+00:00, run_after=2025-03-30 14:10:00+00:00
[2025-03-30T14:10:31.651+0000] {processor.py:208} INFO - Processing /home/airflow/.local/lib/python3.12/site-packages/airflow/example_dags/example_branch_python_dop_operator_3.py took 0.131 seconds
[2025-03-30T14:11:02.568+0000] {processor.py:186} INFO - Started process (PID=2130) to work on /home/airflow/.local/lib/python3.12/site-packages/airflow/example_dags/example_branch_python_dop_operator_3.py
[2025-03-30T14:11:02.571+0000] {processor.py:914} INFO - Processing file /home/airflow/.local/lib/python3.12/site-packages/airflow/example_dags/example_branch_python_dop_operator_3.py for tasks to queue
[2025-03-30T14:11:02.575+0000] {logging_mixin.py:190} INFO - [2025-03-30T14:11:02.574+0000] {dagbag.py:588} INFO - Filling up the DagBag from /home/airflow/.local/lib/python3.12/site-packages/airflow/example_dags/example_branch_python_dop_operator_3.py
[2025-03-30T14:11:02.593+0000] {processor.py:925} INFO - DAG(s) 'example_branch_dop_operator_v3' retrieved from /home/airflow/.local/lib/python3.12/site-packages/airflow/example_dags/example_branch_python_dop_operator_3.py
[2025-03-30T14:11:02.632+0000] {logging_mixin.py:190} INFO - [2025-03-30T14:11:02.631+0000] {dag.py:3239} INFO - Sync 1 DAGs
[2025-03-30T14:11:02.697+0000] {logging_mixin.py:190} INFO - [2025-03-30T14:11:02.696+0000] {dag.py:4180} INFO - Setting next_dagrun for example_branch_dop_operator_v3 to 2025-03-30 14:10:00+00:00, run_after=2025-03-30 14:11:00+00:00
[2025-03-30T14:11:02.729+0000] {processor.py:208} INFO - Processing /home/airflow/.local/lib/python3.12/site-packages/airflow/example_dags/example_branch_python_dop_operator_3.py took 0.198 seconds
[2025-03-30T14:11:32.991+0000] {processor.py:186} INFO - Started process (PID=2205) to work on /home/airflow/.local/lib/python3.12/site-packages/airflow/example_dags/example_branch_python_dop_operator_3.py
[2025-03-30T14:11:32.993+0000] {processor.py:914} INFO - Processing file /home/airflow/.local/lib/python3.12/site-packages/airflow/example_dags/example_branch_python_dop_operator_3.py for tasks to queue
[2025-03-30T14:11:32.994+0000] {logging_mixin.py:190} INFO - [2025-03-30T14:11:32.994+0000] {dagbag.py:588} INFO - Filling up the DagBag from /home/airflow/.local/lib/python3.12/site-packages/airflow/example_dags/example_branch_python_dop_operator_3.py
[2025-03-30T14:11:33.005+0000] {processor.py:925} INFO - DAG(s) 'example_branch_dop_operator_v3' retrieved from /home/airflow/.local/lib/python3.12/site-packages/airflow/example_dags/example_branch_python_dop_operator_3.py
[2025-03-30T14:11:33.024+0000] {logging_mixin.py:190} INFO - [2025-03-30T14:11:33.024+0000] {dag.py:3239} INFO - Sync 1 DAGs
[2025-03-30T14:11:33.048+0000] {logging_mixin.py:190} INFO - [2025-03-30T14:11:33.048+0000] {dag.py:4180} INFO - Setting next_dagrun for example_branch_dop_operator_v3 to 2025-03-30 14:10:00+00:00, run_after=2025-03-30 14:11:00+00:00
[2025-03-30T14:11:33.066+0000] {processor.py:208} INFO - Processing /home/airflow/.local/lib/python3.12/site-packages/airflow/example_dags/example_branch_python_dop_operator_3.py took 0.084 seconds
[2025-03-30T14:12:03.573+0000] {processor.py:186} INFO - Started process (PID=2280) to work on /home/airflow/.local/lib/python3.12/site-packages/airflow/example_dags/example_branch_python_dop_operator_3.py
[2025-03-30T14:12:03.574+0000] {processor.py:914} INFO - Processing file /home/airflow/.local/lib/python3.12/site-packages/airflow/example_dags/example_branch_python_dop_operator_3.py for tasks to queue
[2025-03-30T14:12:03.577+0000] {logging_mixin.py:190} INFO - [2025-03-30T14:12:03.576+0000] {dagbag.py:588} INFO - Filling up the DagBag from /home/airflow/.local/lib/python3.12/site-packages/airflow/example_dags/example_branch_python_dop_operator_3.py
[2025-03-30T14:12:03.594+0000] {processor.py:925} INFO - DAG(s) 'example_branch_dop_operator_v3' retrieved from /home/airflow/.local/lib/python3.12/site-packages/airflow/example_dags/example_branch_python_dop_operator_3.py
[2025-03-30T14:12:03.621+0000] {logging_mixin.py:190} INFO - [2025-03-30T14:12:03.621+0000] {dag.py:3239} INFO - Sync 1 DAGs
[2025-03-30T14:12:03.661+0000] {logging_mixin.py:190} INFO - [2025-03-30T14:12:03.661+0000] {dag.py:4180} INFO - Setting next_dagrun for example_branch_dop_operator_v3 to 2025-03-30 14:11:00+00:00, run_after=2025-03-30 14:12:00+00:00
[2025-03-30T14:12:03.687+0000] {processor.py:208} INFO - Processing /home/airflow/.local/lib/python3.12/site-packages/airflow/example_dags/example_branch_python_dop_operator_3.py took 0.130 seconds
[2025-03-30T14:12:34.087+0000] {processor.py:186} INFO - Started process (PID=2355) to work on /home/airflow/.local/lib/python3.12/site-packages/airflow/example_dags/example_branch_python_dop_operator_3.py
[2025-03-30T14:12:34.089+0000] {processor.py:914} INFO - Processing file /home/airflow/.local/lib/python3.12/site-packages/airflow/example_dags/example_branch_python_dop_operator_3.py for tasks to queue
[2025-03-30T14:12:34.091+0000] {logging_mixin.py:190} INFO - [2025-03-30T14:12:34.091+0000] {dagbag.py:588} INFO - Filling up the DagBag from /home/airflow/.local/lib/python3.12/site-packages/airflow/example_dags/example_branch_python_dop_operator_3.py
[2025-03-30T14:12:34.108+0000] {processor.py:925} INFO - DAG(s) 'example_branch_dop_operator_v3' retrieved from /home/airflow/.local/lib/python3.12/site-packages/airflow/example_dags/example_branch_python_dop_operator_3.py
[2025-03-30T14:12:34.135+0000] {logging_mixin.py:190} INFO - [2025-03-30T14:12:34.134+0000] {dag.py:3239} INFO - Sync 1 DAGs
[2025-03-30T14:12:34.173+0000] {logging_mixin.py:190} INFO - [2025-03-30T14:12:34.173+0000] {dag.py:4180} INFO - Setting next_dagrun for example_branch_dop_operator_v3 to 2025-03-30 14:11:00+00:00, run_after=2025-03-30 14:12:00+00:00
[2025-03-30T14:12:34.201+0000] {processor.py:208} INFO - Processing /home/airflow/.local/lib/python3.12/site-packages/airflow/example_dags/example_branch_python_dop_operator_3.py took 0.129 seconds
[2025-03-30T14:13:04.953+0000] {processor.py:186} INFO - Started process (PID=2430) to work on /home/airflow/.local/lib/python3.12/site-packages/airflow/example_dags/example_branch_python_dop_operator_3.py
[2025-03-30T14:13:04.954+0000] {processor.py:914} INFO - Processing file /home/airflow/.local/lib/python3.12/site-packages/airflow/example_dags/example_branch_python_dop_operator_3.py for tasks to queue
[2025-03-30T14:13:04.959+0000] {logging_mixin.py:190} INFO - [2025-03-30T14:13:04.959+0000] {dagbag.py:588} INFO - Filling up the DagBag from /home/airflow/.local/lib/python3.12/site-packages/airflow/example_dags/example_branch_python_dop_operator_3.py
[2025-03-30T14:13:04.969+0000] {processor.py:925} INFO - DAG(s) 'example_branch_dop_operator_v3' retrieved from /home/airflow/.local/lib/python3.12/site-packages/airflow/example_dags/example_branch_python_dop_operator_3.py
[2025-03-30T14:13:04.988+0000] {logging_mixin.py:190} INFO - [2025-03-30T14:13:04.988+0000] {dag.py:3239} INFO - Sync 1 DAGs
[2025-03-30T14:13:05.012+0000] {logging_mixin.py:190} INFO - [2025-03-30T14:13:05.011+0000] {dag.py:4180} INFO - Setting next_dagrun for example_branch_dop_operator_v3 to 2025-03-30 14:12:00+00:00, run_after=2025-03-30 14:13:00+00:00
[2025-03-30T14:13:05.028+0000] {processor.py:208} INFO - Processing /home/airflow/.local/lib/python3.12/site-packages/airflow/example_dags/example_branch_python_dop_operator_3.py took 0.084 seconds
[2025-03-30T14:13:35.120+0000] {processor.py:186} INFO - Started process (PID=2505) to work on /home/airflow/.local/lib/python3.12/site-packages/airflow/example_dags/example_branch_python_dop_operator_3.py
[2025-03-30T14:13:35.121+0000] {processor.py:914} INFO - Processing file /home/airflow/.local/lib/python3.12/site-packages/airflow/example_dags/example_branch_python_dop_operator_3.py for tasks to queue
[2025-03-30T14:13:35.122+0000] {logging_mixin.py:190} INFO - [2025-03-30T14:13:35.121+0000] {dagbag.py:588} INFO - Filling up the DagBag from /home/airflow/.local/lib/python3.12/site-packages/airflow/example_dags/example_branch_python_dop_operator_3.py
[2025-03-30T14:13:35.131+0000] {processor.py:925} INFO - DAG(s) 'example_branch_dop_operator_v3' retrieved from /home/airflow/.local/lib/python3.12/site-packages/airflow/example_dags/example_branch_python_dop_operator_3.py
[2025-03-30T14:13:35.146+0000] {logging_mixin.py:190} INFO - [2025-03-30T14:13:35.146+0000] {dag.py:3239} INFO - Sync 1 DAGs
[2025-03-30T14:13:35.169+0000] {logging_mixin.py:190} INFO - [2025-03-30T14:13:35.169+0000] {dag.py:4180} INFO - Setting next_dagrun for example_branch_dop_operator_v3 to 2025-03-30 14:12:00+00:00, run_after=2025-03-30 14:13:00+00:00
[2025-03-30T14:13:35.185+0000] {processor.py:208} INFO - Processing /home/airflow/.local/lib/python3.12/site-packages/airflow/example_dags/example_branch_python_dop_operator_3.py took 0.073 seconds
[2025-03-30T14:14:05.870+0000] {processor.py:186} INFO - Started process (PID=2580) to work on /home/airflow/.local/lib/python3.12/site-packages/airflow/example_dags/example_branch_python_dop_operator_3.py
[2025-03-30T14:14:05.871+0000] {processor.py:914} INFO - Processing file /home/airflow/.local/lib/python3.12/site-packages/airflow/example_dags/example_branch_python_dop_operator_3.py for tasks to queue
[2025-03-30T14:14:05.872+0000] {logging_mixin.py:190} INFO - [2025-03-30T14:14:05.871+0000] {dagbag.py:588} INFO - Filling up the DagBag from /home/airflow/.local/lib/python3.12/site-packages/airflow/example_dags/example_branch_python_dop_operator_3.py
[2025-03-30T14:14:05.881+0000] {processor.py:925} INFO - DAG(s) 'example_branch_dop_operator_v3' retrieved from /home/airflow/.local/lib/python3.12/site-packages/airflow/example_dags/example_branch_python_dop_operator_3.py
[2025-03-30T14:14:05.899+0000] {logging_mixin.py:190} INFO - [2025-03-30T14:14:05.899+0000] {dag.py:3239} INFO - Sync 1 DAGs
[2025-03-30T14:14:05.923+0000] {logging_mixin.py:190} INFO - [2025-03-30T14:14:05.922+0000] {dag.py:4180} INFO - Setting next_dagrun for example_branch_dop_operator_v3 to 2025-03-30 14:13:00+00:00, run_after=2025-03-30 14:14:00+00:00
[2025-03-30T14:14:05.937+0000] {processor.py:208} INFO - Processing /home/airflow/.local/lib/python3.12/site-packages/airflow/example_dags/example_branch_python_dop_operator_3.py took 0.076 seconds
[2025-03-30T14:14:36.570+0000] {processor.py:186} INFO - Started process (PID=2655) to work on /home/airflow/.local/lib/python3.12/site-packages/airflow/example_dags/example_branch_python_dop_operator_3.py
[2025-03-30T14:14:36.571+0000] {processor.py:914} INFO - Processing file /home/airflow/.local/lib/python3.12/site-packages/airflow/example_dags/example_branch_python_dop_operator_3.py for tasks to queue
[2025-03-30T14:14:36.572+0000] {logging_mixin.py:190} INFO - [2025-03-30T14:14:36.572+0000] {dagbag.py:588} INFO - Filling up the DagBag from /home/airflow/.local/lib/python3.12/site-packages/airflow/example_dags/example_branch_python_dop_operator_3.py
[2025-03-30T14:14:36.585+0000] {processor.py:925} INFO - DAG(s) 'example_branch_dop_operator_v3' retrieved from /home/airflow/.local/lib/python3.12/site-packages/airflow/example_dags/example_branch_python_dop_operator_3.py
[2025-03-30T14:14:36.608+0000] {logging_mixin.py:190} INFO - [2025-03-30T14:14:36.608+0000] {dag.py:3239} INFO - Sync 1 DAGs
[2025-03-30T14:14:36.635+0000] {logging_mixin.py:190} INFO - [2025-03-30T14:14:36.635+0000] {dag.py:4180} INFO - Setting next_dagrun for example_branch_dop_operator_v3 to 2025-03-30 14:13:00+00:00, run_after=2025-03-30 14:14:00+00:00
[2025-03-30T14:14:36.654+0000] {processor.py:208} INFO - Processing /home/airflow/.local/lib/python3.12/site-packages/airflow/example_dags/example_branch_python_dop_operator_3.py took 0.093 seconds
[2025-03-30T14:15:06.811+0000] {processor.py:186} INFO - Started process (PID=2730) to work on /home/airflow/.local/lib/python3.12/site-packages/airflow/example_dags/example_branch_python_dop_operator_3.py
[2025-03-30T14:15:06.812+0000] {processor.py:914} INFO - Processing file /home/airflow/.local/lib/python3.12/site-packages/airflow/example_dags/example_branch_python_dop_operator_3.py for tasks to queue
[2025-03-30T14:15:06.813+0000] {logging_mixin.py:190} INFO - [2025-03-30T14:15:06.813+0000] {dagbag.py:588} INFO - Filling up the DagBag from /home/airflow/.local/lib/python3.12/site-packages/airflow/example_dags/example_branch_python_dop_operator_3.py
[2025-03-30T14:15:06.822+0000] {processor.py:925} INFO - DAG(s) 'example_branch_dop_operator_v3' retrieved from /home/airflow/.local/lib/python3.12/site-packages/airflow/example_dags/example_branch_python_dop_operator_3.py
[2025-03-30T14:15:06.839+0000] {logging_mixin.py:190} INFO - [2025-03-30T14:15:06.839+0000] {dag.py:3239} INFO - Sync 1 DAGs
[2025-03-30T14:15:06.861+0000] {logging_mixin.py:190} INFO - [2025-03-30T14:15:06.861+0000] {dag.py:4180} INFO - Setting next_dagrun for example_branch_dop_operator_v3 to 2025-03-30 14:14:00+00:00, run_after=2025-03-30 14:15:00+00:00
[2025-03-30T14:15:06.878+0000] {processor.py:208} INFO - Processing /home/airflow/.local/lib/python3.12/site-packages/airflow/example_dags/example_branch_python_dop_operator_3.py took 0.075 seconds
[2025-03-30T14:15:37.247+0000] {processor.py:186} INFO - Started process (PID=2805) to work on /home/airflow/.local/lib/python3.12/site-packages/airflow/example_dags/example_branch_python_dop_operator_3.py
[2025-03-30T14:15:37.248+0000] {processor.py:914} INFO - Processing file /home/airflow/.local/lib/python3.12/site-packages/airflow/example_dags/example_branch_python_dop_operator_3.py for tasks to queue
[2025-03-30T14:15:37.249+0000] {logging_mixin.py:190} INFO - [2025-03-30T14:15:37.249+0000] {dagbag.py:588} INFO - Filling up the DagBag from /home/airflow/.local/lib/python3.12/site-packages/airflow/example_dags/example_branch_python_dop_operator_3.py
[2025-03-30T14:15:37.258+0000] {processor.py:925} INFO - DAG(s) 'example_branch_dop_operator_v3' retrieved from /home/airflow/.local/lib/python3.12/site-packages/airflow/example_dags/example_branch_python_dop_operator_3.py
[2025-03-30T14:15:37.276+0000] {logging_mixin.py:190} INFO - [2025-03-30T14:15:37.276+0000] {dag.py:3239} INFO - Sync 1 DAGs
[2025-03-30T14:15:37.297+0000] {logging_mixin.py:190} INFO - [2025-03-30T14:15:37.296+0000] {dag.py:4180} INFO - Setting next_dagrun for example_branch_dop_operator_v3 to 2025-03-30 14:14:00+00:00, run_after=2025-03-30 14:15:00+00:00
[2025-03-30T14:15:37.315+0000] {processor.py:208} INFO - Processing /home/airflow/.local/lib/python3.12/site-packages/airflow/example_dags/example_branch_python_dop_operator_3.py took 0.075 seconds
[2025-03-30T14:16:07.882+0000] {processor.py:186} INFO - Started process (PID=2880) to work on /home/airflow/.local/lib/python3.12/site-packages/airflow/example_dags/example_branch_python_dop_operator_3.py
[2025-03-30T14:16:07.882+0000] {processor.py:914} INFO - Processing file /home/airflow/.local/lib/python3.12/site-packages/airflow/example_dags/example_branch_python_dop_operator_3.py for tasks to queue
[2025-03-30T14:16:07.883+0000] {logging_mixin.py:190} INFO - [2025-03-30T14:16:07.883+0000] {dagbag.py:588} INFO - Filling up the DagBag from /home/airflow/.local/lib/python3.12/site-packages/airflow/example_dags/example_branch_python_dop_operator_3.py
[2025-03-30T14:16:07.893+0000] {processor.py:925} INFO - DAG(s) 'example_branch_dop_operator_v3' retrieved from /home/airflow/.local/lib/python3.12/site-packages/airflow/example_dags/example_branch_python_dop_operator_3.py
[2025-03-30T14:16:07.908+0000] {logging_mixin.py:190} INFO - [2025-03-30T14:16:07.908+0000] {dag.py:3239} INFO - Sync 1 DAGs
[2025-03-30T14:16:07.929+0000] {logging_mixin.py:190} INFO - [2025-03-30T14:16:07.929+0000] {dag.py:4180} INFO - Setting next_dagrun for example_branch_dop_operator_v3 to 2025-03-30 14:15:00+00:00, run_after=2025-03-30 14:16:00+00:00
[2025-03-30T14:16:07.943+0000] {processor.py:208} INFO - Processing /home/airflow/.local/lib/python3.12/site-packages/airflow/example_dags/example_branch_python_dop_operator_3.py took 0.069 seconds
[2025-03-30T14:16:38.160+0000] {processor.py:186} INFO - Started process (PID=2955) to work on /home/airflow/.local/lib/python3.12/site-packages/airflow/example_dags/example_branch_python_dop_operator_3.py
[2025-03-30T14:16:38.161+0000] {processor.py:914} INFO - Processing file /home/airflow/.local/lib/python3.12/site-packages/airflow/example_dags/example_branch_python_dop_operator_3.py for tasks to queue
[2025-03-30T14:16:38.162+0000] {logging_mixin.py:190} INFO - [2025-03-30T14:16:38.162+0000] {dagbag.py:588} INFO - Filling up the DagBag from /home/airflow/.local/lib/python3.12/site-packages/airflow/example_dags/example_branch_python_dop_operator_3.py
[2025-03-30T14:16:38.172+0000] {processor.py:925} INFO - DAG(s) 'example_branch_dop_operator_v3' retrieved from /home/airflow/.local/lib/python3.12/site-packages/airflow/example_dags/example_branch_python_dop_operator_3.py
[2025-03-30T14:16:38.193+0000] {logging_mixin.py:190} INFO - [2025-03-30T14:16:38.193+0000] {dag.py:3239} INFO - Sync 1 DAGs
[2025-03-30T14:16:38.216+0000] {logging_mixin.py:190} INFO - [2025-03-30T14:16:38.216+0000] {dag.py:4180} INFO - Setting next_dagrun for example_branch_dop_operator_v3 to 2025-03-30 14:15:00+00:00, run_after=2025-03-30 14:16:00+00:00
[2025-03-30T14:16:38.232+0000] {processor.py:208} INFO - Processing /home/airflow/.local/lib/python3.12/site-packages/airflow/example_dags/example_branch_python_dop_operator_3.py took 0.080 seconds
[2025-03-30T14:17:08.377+0000] {processor.py:186} INFO - Started process (PID=3030) to work on /home/airflow/.local/lib/python3.12/site-packages/airflow/example_dags/example_branch_python_dop_operator_3.py
[2025-03-30T14:17:08.378+0000] {processor.py:914} INFO - Processing file /home/airflow/.local/lib/python3.12/site-packages/airflow/example_dags/example_branch_python_dop_operator_3.py for tasks to queue
[2025-03-30T14:17:08.379+0000] {logging_mixin.py:190} INFO - [2025-03-30T14:17:08.378+0000] {dagbag.py:588} INFO - Filling up the DagBag from /home/airflow/.local/lib/python3.12/site-packages/airflow/example_dags/example_branch_python_dop_operator_3.py
[2025-03-30T14:17:08.390+0000] {processor.py:925} INFO - DAG(s) 'example_branch_dop_operator_v3' retrieved from /home/airflow/.local/lib/python3.12/site-packages/airflow/example_dags/example_branch_python_dop_operator_3.py
[2025-03-30T14:17:08.409+0000] {logging_mixin.py:190} INFO - [2025-03-30T14:17:08.409+0000] {dag.py:3239} INFO - Sync 1 DAGs
[2025-03-30T14:17:08.431+0000] {logging_mixin.py:190} INFO - [2025-03-30T14:17:08.431+0000] {dag.py:4180} INFO - Setting next_dagrun for example_branch_dop_operator_v3 to 2025-03-30 14:16:00+00:00, run_after=2025-03-30 14:17:00+00:00
[2025-03-30T14:17:08.450+0000] {processor.py:208} INFO - Processing /home/airflow/.local/lib/python3.12/site-packages/airflow/example_dags/example_branch_python_dop_operator_3.py took 0.082 seconds
[2025-03-30T14:17:38.847+0000] {processor.py:186} INFO - Started process (PID=3104) to work on /home/airflow/.local/lib/python3.12/site-packages/airflow/example_dags/example_branch_python_dop_operator_3.py
[2025-03-30T14:17:38.848+0000] {processor.py:914} INFO - Processing file /home/airflow/.local/lib/python3.12/site-packages/airflow/example_dags/example_branch_python_dop_operator_3.py for tasks to queue
[2025-03-30T14:17:38.849+0000] {logging_mixin.py:190} INFO - [2025-03-30T14:17:38.849+0000] {dagbag.py:588} INFO - Filling up the DagBag from /home/airflow/.local/lib/python3.12/site-packages/airflow/example_dags/example_branch_python_dop_operator_3.py
[2025-03-30T14:17:38.859+0000] {processor.py:925} INFO - DAG(s) 'example_branch_dop_operator_v3' retrieved from /home/airflow/.local/lib/python3.12/site-packages/airflow/example_dags/example_branch_python_dop_operator_3.py
[2025-03-30T14:17:38.877+0000] {logging_mixin.py:190} INFO - [2025-03-30T14:17:38.877+0000] {dag.py:3239} INFO - Sync 1 DAGs
[2025-03-30T14:17:38.900+0000] {logging_mixin.py:190} INFO - [2025-03-30T14:17:38.899+0000] {dag.py:4180} INFO - Setting next_dagrun for example_branch_dop_operator_v3 to 2025-03-30 14:16:00+00:00, run_after=2025-03-30 14:17:00+00:00
[2025-03-30T14:17:38.914+0000] {processor.py:208} INFO - Processing /home/airflow/.local/lib/python3.12/site-packages/airflow/example_dags/example_branch_python_dop_operator_3.py took 0.074 seconds
[2025-03-30T14:18:09.385+0000] {processor.py:186} INFO - Started process (PID=3166) to work on /home/airflow/.local/lib/python3.12/site-packages/airflow/example_dags/example_branch_python_dop_operator_3.py
[2025-03-30T14:18:09.386+0000] {processor.py:914} INFO - Processing file /home/airflow/.local/lib/python3.12/site-packages/airflow/example_dags/example_branch_python_dop_operator_3.py for tasks to queue
[2025-03-30T14:18:09.389+0000] {logging_mixin.py:190} INFO - [2025-03-30T14:18:09.388+0000] {dagbag.py:588} INFO - Filling up the DagBag from /home/airflow/.local/lib/python3.12/site-packages/airflow/example_dags/example_branch_python_dop_operator_3.py
[2025-03-30T14:18:09.404+0000] {processor.py:925} INFO - DAG(s) 'example_branch_dop_operator_v3' retrieved from /home/airflow/.local/lib/python3.12/site-packages/airflow/example_dags/example_branch_python_dop_operator_3.py
[2025-03-30T14:18:09.430+0000] {logging_mixin.py:190} INFO - [2025-03-30T14:18:09.430+0000] {dag.py:3239} INFO - Sync 1 DAGs
[2025-03-30T14:18:09.469+0000] {logging_mixin.py:190} INFO - [2025-03-30T14:18:09.469+0000] {dag.py:4180} INFO - Setting next_dagrun for example_branch_dop_operator_v3 to 2025-03-30 14:17:00+00:00, run_after=2025-03-30 14:18:00+00:00
[2025-03-30T14:18:09.495+0000] {processor.py:208} INFO - Processing /home/airflow/.local/lib/python3.12/site-packages/airflow/example_dags/example_branch_python_dop_operator_3.py took 0.127 seconds
