[2025-03-30T13:57:15.767+0000] {processor.py:186} INFO - Started process (PID=79) to work on /home/airflow/.local/lib/python3.12/site-packages/airflow/example_dags/tutorial.py
[2025-03-30T13:57:15.768+0000] {processor.py:914} INFO - Processing file /home/airflow/.local/lib/python3.12/site-packages/airflow/example_dags/tutorial.py for tasks to queue
[2025-03-30T13:57:15.771+0000] {logging_mixin.py:190} INFO - [2025-03-30T13:57:15.770+0000] {dagbag.py:588} INFO - Filling up the DagBag from /home/airflow/.local/lib/python3.12/site-packages/airflow/example_dags/tutorial.py
[2025-03-30T13:57:15.781+0000] {processor.py:925} INFO - DAG(s) 'tutorial' retrieved from /home/airflow/.local/lib/python3.12/site-packages/airflow/example_dags/tutorial.py
[2025-03-30T13:57:15.809+0000] {logging_mixin.py:190} INFO - [2025-03-30T13:57:15.809+0000] {dag.py:3239} INFO - Sync 1 DAGs
[2025-03-30T13:57:15.835+0000] {logging_mixin.py:190} INFO - [2025-03-30T13:57:15.835+0000] {dag.py:4180} INFO - Setting next_dagrun for tutorial to 2025-03-29 00:00:00+00:00, run_after=2025-03-30 00:00:00+00:00
[2025-03-30T13:57:15.854+0000] {processor.py:208} INFO - Processing /home/airflow/.local/lib/python3.12/site-packages/airflow/example_dags/tutorial.py took 0.095 seconds
[2025-03-30T13:57:46.730+0000] {processor.py:186} INFO - Started process (PID=154) to work on /home/airflow/.local/lib/python3.12/site-packages/airflow/example_dags/tutorial.py
[2025-03-30T13:57:46.732+0000] {processor.py:914} INFO - Processing file /home/airflow/.local/lib/python3.12/site-packages/airflow/example_dags/tutorial.py for tasks to queue
[2025-03-30T13:57:46.735+0000] {logging_mixin.py:190} INFO - [2025-03-30T13:57:46.734+0000] {dagbag.py:588} INFO - Filling up the DagBag from /home/airflow/.local/lib/python3.12/site-packages/airflow/example_dags/tutorial.py
[2025-03-30T13:57:46.748+0000] {processor.py:925} INFO - DAG(s) 'tutorial' retrieved from /home/airflow/.local/lib/python3.12/site-packages/airflow/example_dags/tutorial.py
[2025-03-30T13:57:46.780+0000] {logging_mixin.py:190} INFO - [2025-03-30T13:57:46.778+0000] {dag.py:3239} INFO - Sync 1 DAGs
[2025-03-30T13:57:46.819+0000] {logging_mixin.py:190} INFO - [2025-03-30T13:57:46.819+0000] {dag.py:4180} INFO - Setting next_dagrun for tutorial to 2025-03-29 00:00:00+00:00, run_after=2025-03-30 00:00:00+00:00
[2025-03-30T13:57:46.850+0000] {processor.py:208} INFO - Processing /home/airflow/.local/lib/python3.12/site-packages/airflow/example_dags/tutorial.py took 0.126 seconds
[2025-03-30T13:58:17.328+0000] {processor.py:186} INFO - Started process (PID=218) to work on /home/airflow/.local/lib/python3.12/site-packages/airflow/example_dags/tutorial.py
[2025-03-30T13:58:17.329+0000] {processor.py:914} INFO - Processing file /home/airflow/.local/lib/python3.12/site-packages/airflow/example_dags/tutorial.py for tasks to queue
[2025-03-30T13:58:17.331+0000] {logging_mixin.py:190} INFO - [2025-03-30T13:58:17.331+0000] {dagbag.py:588} INFO - Filling up the DagBag from /home/airflow/.local/lib/python3.12/site-packages/airflow/example_dags/tutorial.py
[2025-03-30T13:58:17.349+0000] {processor.py:925} INFO - DAG(s) 'tutorial' retrieved from /home/airflow/.local/lib/python3.12/site-packages/airflow/example_dags/tutorial.py
[2025-03-30T13:58:17.401+0000] {logging_mixin.py:190} INFO - [2025-03-30T13:58:17.401+0000] {dag.py:3239} INFO - Sync 1 DAGs
[2025-03-30T13:58:17.457+0000] {logging_mixin.py:190} INFO - [2025-03-30T13:58:17.457+0000] {dag.py:4180} INFO - Setting next_dagrun for tutorial to 2025-03-29 00:00:00+00:00, run_after=2025-03-30 00:00:00+00:00
[2025-03-30T13:58:17.482+0000] {processor.py:208} INFO - Processing /home/airflow/.local/lib/python3.12/site-packages/airflow/example_dags/tutorial.py took 0.160 seconds
[2025-03-30T13:58:48.124+0000] {processor.py:186} INFO - Started process (PID=292) to work on /home/airflow/.local/lib/python3.12/site-packages/airflow/example_dags/tutorial.py
[2025-03-30T13:58:48.125+0000] {processor.py:914} INFO - Processing file /home/airflow/.local/lib/python3.12/site-packages/airflow/example_dags/tutorial.py for tasks to queue
[2025-03-30T13:58:48.127+0000] {logging_mixin.py:190} INFO - [2025-03-30T13:58:48.127+0000] {dagbag.py:588} INFO - Filling up the DagBag from /home/airflow/.local/lib/python3.12/site-packages/airflow/example_dags/tutorial.py
[2025-03-30T13:58:48.134+0000] {processor.py:925} INFO - DAG(s) 'tutorial' retrieved from /home/airflow/.local/lib/python3.12/site-packages/airflow/example_dags/tutorial.py
[2025-03-30T13:58:48.152+0000] {logging_mixin.py:190} INFO - [2025-03-30T13:58:48.152+0000] {dag.py:3239} INFO - Sync 1 DAGs
[2025-03-30T13:58:48.173+0000] {logging_mixin.py:190} INFO - [2025-03-30T13:58:48.173+0000] {dag.py:4180} INFO - Setting next_dagrun for tutorial to 2025-03-29 00:00:00+00:00, run_after=2025-03-30 00:00:00+00:00
[2025-03-30T13:58:48.187+0000] {processor.py:208} INFO - Processing /home/airflow/.local/lib/python3.12/site-packages/airflow/example_dags/tutorial.py took 0.069 seconds
[2025-03-30T13:59:18.724+0000] {processor.py:186} INFO - Started process (PID=367) to work on /home/airflow/.local/lib/python3.12/site-packages/airflow/example_dags/tutorial.py
[2025-03-30T13:59:18.725+0000] {processor.py:914} INFO - Processing file /home/airflow/.local/lib/python3.12/site-packages/airflow/example_dags/tutorial.py for tasks to queue
[2025-03-30T13:59:18.728+0000] {logging_mixin.py:190} INFO - [2025-03-30T13:59:18.727+0000] {dagbag.py:588} INFO - Filling up the DagBag from /home/airflow/.local/lib/python3.12/site-packages/airflow/example_dags/tutorial.py
[2025-03-30T13:59:18.737+0000] {processor.py:925} INFO - DAG(s) 'tutorial' retrieved from /home/airflow/.local/lib/python3.12/site-packages/airflow/example_dags/tutorial.py
[2025-03-30T13:59:18.757+0000] {logging_mixin.py:190} INFO - [2025-03-30T13:59:18.757+0000] {dag.py:3239} INFO - Sync 1 DAGs
[2025-03-30T13:59:18.787+0000] {logging_mixin.py:190} INFO - [2025-03-30T13:59:18.786+0000] {dag.py:4180} INFO - Setting next_dagrun for tutorial to 2025-03-29 00:00:00+00:00, run_after=2025-03-30 00:00:00+00:00
[2025-03-30T13:59:18.808+0000] {processor.py:208} INFO - Processing /home/airflow/.local/lib/python3.12/site-packages/airflow/example_dags/tutorial.py took 0.090 seconds
[2025-03-30T13:59:49.179+0000] {processor.py:186} INFO - Started process (PID=442) to work on /home/airflow/.local/lib/python3.12/site-packages/airflow/example_dags/tutorial.py
[2025-03-30T13:59:49.180+0000] {processor.py:914} INFO - Processing file /home/airflow/.local/lib/python3.12/site-packages/airflow/example_dags/tutorial.py for tasks to queue
[2025-03-30T13:59:49.181+0000] {logging_mixin.py:190} INFO - [2025-03-30T13:59:49.181+0000] {dagbag.py:588} INFO - Filling up the DagBag from /home/airflow/.local/lib/python3.12/site-packages/airflow/example_dags/tutorial.py
[2025-03-30T13:59:49.188+0000] {processor.py:925} INFO - DAG(s) 'tutorial' retrieved from /home/airflow/.local/lib/python3.12/site-packages/airflow/example_dags/tutorial.py
[2025-03-30T13:59:49.203+0000] {logging_mixin.py:190} INFO - [2025-03-30T13:59:49.203+0000] {dag.py:3239} INFO - Sync 1 DAGs
[2025-03-30T13:59:49.221+0000] {logging_mixin.py:190} INFO - [2025-03-30T13:59:49.221+0000] {dag.py:4180} INFO - Setting next_dagrun for tutorial to 2025-03-29 00:00:00+00:00, run_after=2025-03-30 00:00:00+00:00
[2025-03-30T13:59:49.234+0000] {processor.py:208} INFO - Processing /home/airflow/.local/lib/python3.12/site-packages/airflow/example_dags/tutorial.py took 0.059 seconds
[2025-03-30T14:00:19.288+0000] {processor.py:186} INFO - Started process (PID=529) to work on /home/airflow/.local/lib/python3.12/site-packages/airflow/example_dags/tutorial.py
[2025-03-30T14:00:19.289+0000] {processor.py:914} INFO - Processing file /home/airflow/.local/lib/python3.12/site-packages/airflow/example_dags/tutorial.py for tasks to queue
[2025-03-30T14:00:19.292+0000] {logging_mixin.py:190} INFO - [2025-03-30T14:00:19.291+0000] {dagbag.py:588} INFO - Filling up the DagBag from /home/airflow/.local/lib/python3.12/site-packages/airflow/example_dags/tutorial.py
[2025-03-30T14:00:19.301+0000] {processor.py:925} INFO - DAG(s) 'tutorial' retrieved from /home/airflow/.local/lib/python3.12/site-packages/airflow/example_dags/tutorial.py
[2025-03-30T14:00:19.324+0000] {logging_mixin.py:190} INFO - [2025-03-30T14:00:19.323+0000] {dag.py:3239} INFO - Sync 1 DAGs
[2025-03-30T14:00:19.351+0000] {logging_mixin.py:190} INFO - [2025-03-30T14:00:19.350+0000] {dag.py:4180} INFO - Setting next_dagrun for tutorial to 2025-03-29 00:00:00+00:00, run_after=2025-03-30 00:00:00+00:00
[2025-03-30T14:00:19.373+0000] {processor.py:208} INFO - Processing /home/airflow/.local/lib/python3.12/site-packages/airflow/example_dags/tutorial.py took 0.092 seconds
[2025-03-30T14:00:50.047+0000] {processor.py:186} INFO - Started process (PID=604) to work on /home/airflow/.local/lib/python3.12/site-packages/airflow/example_dags/tutorial.py
[2025-03-30T14:00:50.048+0000] {processor.py:914} INFO - Processing file /home/airflow/.local/lib/python3.12/site-packages/airflow/example_dags/tutorial.py for tasks to queue
[2025-03-30T14:00:50.050+0000] {logging_mixin.py:190} INFO - [2025-03-30T14:00:50.050+0000] {dagbag.py:588} INFO - Filling up the DagBag from /home/airflow/.local/lib/python3.12/site-packages/airflow/example_dags/tutorial.py
[2025-03-30T14:00:50.058+0000] {processor.py:925} INFO - DAG(s) 'tutorial' retrieved from /home/airflow/.local/lib/python3.12/site-packages/airflow/example_dags/tutorial.py
[2025-03-30T14:00:50.078+0000] {logging_mixin.py:190} INFO - [2025-03-30T14:00:50.078+0000] {dag.py:3239} INFO - Sync 1 DAGs
[2025-03-30T14:00:50.102+0000] {logging_mixin.py:190} INFO - [2025-03-30T14:00:50.101+0000] {dag.py:4180} INFO - Setting next_dagrun for tutorial to 2025-03-29 00:00:00+00:00, run_after=2025-03-30 00:00:00+00:00
[2025-03-30T14:00:50.121+0000] {processor.py:208} INFO - Processing /home/airflow/.local/lib/python3.12/site-packages/airflow/example_dags/tutorial.py took 0.079 seconds
[2025-03-30T14:01:20.939+0000] {processor.py:186} INFO - Started process (PID=679) to work on /home/airflow/.local/lib/python3.12/site-packages/airflow/example_dags/tutorial.py
[2025-03-30T14:01:20.939+0000] {processor.py:914} INFO - Processing file /home/airflow/.local/lib/python3.12/site-packages/airflow/example_dags/tutorial.py for tasks to queue
[2025-03-30T14:01:20.941+0000] {logging_mixin.py:190} INFO - [2025-03-30T14:01:20.941+0000] {dagbag.py:588} INFO - Filling up the DagBag from /home/airflow/.local/lib/python3.12/site-packages/airflow/example_dags/tutorial.py
[2025-03-30T14:01:20.949+0000] {processor.py:925} INFO - DAG(s) 'tutorial' retrieved from /home/airflow/.local/lib/python3.12/site-packages/airflow/example_dags/tutorial.py
[2025-03-30T14:01:20.965+0000] {logging_mixin.py:190} INFO - [2025-03-30T14:01:20.964+0000] {dag.py:3239} INFO - Sync 1 DAGs
[2025-03-30T14:01:20.983+0000] {logging_mixin.py:190} INFO - [2025-03-30T14:01:20.982+0000] {dag.py:4180} INFO - Setting next_dagrun for tutorial to 2025-03-29 00:00:00+00:00, run_after=2025-03-30 00:00:00+00:00
[2025-03-30T14:01:21.001+0000] {processor.py:208} INFO - Processing /home/airflow/.local/lib/python3.12/site-packages/airflow/example_dags/tutorial.py took 0.067 seconds
[2025-03-30T14:01:51.298+0000] {processor.py:186} INFO - Started process (PID=766) to work on /home/airflow/.local/lib/python3.12/site-packages/airflow/example_dags/tutorial.py
[2025-03-30T14:01:51.299+0000] {processor.py:914} INFO - Processing file /home/airflow/.local/lib/python3.12/site-packages/airflow/example_dags/tutorial.py for tasks to queue
[2025-03-30T14:01:51.301+0000] {logging_mixin.py:190} INFO - [2025-03-30T14:01:51.301+0000] {dagbag.py:588} INFO - Filling up the DagBag from /home/airflow/.local/lib/python3.12/site-packages/airflow/example_dags/tutorial.py
[2025-03-30T14:01:51.309+0000] {processor.py:925} INFO - DAG(s) 'tutorial' retrieved from /home/airflow/.local/lib/python3.12/site-packages/airflow/example_dags/tutorial.py
[2025-03-30T14:01:51.326+0000] {logging_mixin.py:190} INFO - [2025-03-30T14:01:51.326+0000] {dag.py:3239} INFO - Sync 1 DAGs
[2025-03-30T14:01:51.347+0000] {logging_mixin.py:190} INFO - [2025-03-30T14:01:51.347+0000] {dag.py:4180} INFO - Setting next_dagrun for tutorial to 2025-03-29 00:00:00+00:00, run_after=2025-03-30 00:00:00+00:00
[2025-03-30T14:01:51.363+0000] {processor.py:208} INFO - Processing /home/airflow/.local/lib/python3.12/site-packages/airflow/example_dags/tutorial.py took 0.070 seconds
[2025-03-30T14:02:22.517+0000] {processor.py:186} INFO - Started process (PID=841) to work on /home/airflow/.local/lib/python3.12/site-packages/airflow/example_dags/tutorial.py
[2025-03-30T14:02:22.518+0000] {processor.py:914} INFO - Processing file /home/airflow/.local/lib/python3.12/site-packages/airflow/example_dags/tutorial.py for tasks to queue
[2025-03-30T14:02:22.521+0000] {logging_mixin.py:190} INFO - [2025-03-30T14:02:22.521+0000] {dagbag.py:588} INFO - Filling up the DagBag from /home/airflow/.local/lib/python3.12/site-packages/airflow/example_dags/tutorial.py
[2025-03-30T14:02:22.531+0000] {processor.py:925} INFO - DAG(s) 'tutorial' retrieved from /home/airflow/.local/lib/python3.12/site-packages/airflow/example_dags/tutorial.py
[2025-03-30T14:02:22.554+0000] {logging_mixin.py:190} INFO - [2025-03-30T14:02:22.554+0000] {dag.py:3239} INFO - Sync 1 DAGs
[2025-03-30T14:02:22.581+0000] {logging_mixin.py:190} INFO - [2025-03-30T14:02:22.580+0000] {dag.py:4180} INFO - Setting next_dagrun for tutorial to 2025-03-29 00:00:00+00:00, run_after=2025-03-30 00:00:00+00:00
[2025-03-30T14:02:22.610+0000] {processor.py:208} INFO - Processing /home/airflow/.local/lib/python3.12/site-packages/airflow/example_dags/tutorial.py took 0.099 seconds
[2025-03-30T14:02:52.751+0000] {processor.py:186} INFO - Started process (PID=904) to work on /home/airflow/.local/lib/python3.12/site-packages/airflow/example_dags/tutorial.py
[2025-03-30T14:02:52.752+0000] {processor.py:914} INFO - Processing file /home/airflow/.local/lib/python3.12/site-packages/airflow/example_dags/tutorial.py for tasks to queue
[2025-03-30T14:02:52.754+0000] {logging_mixin.py:190} INFO - [2025-03-30T14:02:52.753+0000] {dagbag.py:588} INFO - Filling up the DagBag from /home/airflow/.local/lib/python3.12/site-packages/airflow/example_dags/tutorial.py
[2025-03-30T14:02:52.761+0000] {processor.py:925} INFO - DAG(s) 'tutorial' retrieved from /home/airflow/.local/lib/python3.12/site-packages/airflow/example_dags/tutorial.py
[2025-03-30T14:02:52.775+0000] {logging_mixin.py:190} INFO - [2025-03-30T14:02:52.775+0000] {dag.py:3239} INFO - Sync 1 DAGs
[2025-03-30T14:02:52.796+0000] {logging_mixin.py:190} INFO - [2025-03-30T14:02:52.796+0000] {dag.py:4180} INFO - Setting next_dagrun for tutorial to 2025-03-29 00:00:00+00:00, run_after=2025-03-30 00:00:00+00:00
[2025-03-30T14:02:52.811+0000] {processor.py:208} INFO - Processing /home/airflow/.local/lib/python3.12/site-packages/airflow/example_dags/tutorial.py took 0.065 seconds
[2025-03-30T14:03:23.256+0000] {processor.py:186} INFO - Started process (PID=979) to work on /home/airflow/.local/lib/python3.12/site-packages/airflow/example_dags/tutorial.py
[2025-03-30T14:03:23.257+0000] {processor.py:914} INFO - Processing file /home/airflow/.local/lib/python3.12/site-packages/airflow/example_dags/tutorial.py for tasks to queue
[2025-03-30T14:03:23.258+0000] {logging_mixin.py:190} INFO - [2025-03-30T14:03:23.258+0000] {dagbag.py:588} INFO - Filling up the DagBag from /home/airflow/.local/lib/python3.12/site-packages/airflow/example_dags/tutorial.py
[2025-03-30T14:03:23.264+0000] {processor.py:925} INFO - DAG(s) 'tutorial' retrieved from /home/airflow/.local/lib/python3.12/site-packages/airflow/example_dags/tutorial.py
[2025-03-30T14:03:23.281+0000] {logging_mixin.py:190} INFO - [2025-03-30T14:03:23.281+0000] {dag.py:3239} INFO - Sync 1 DAGs
[2025-03-30T14:03:23.300+0000] {logging_mixin.py:190} INFO - [2025-03-30T14:03:23.300+0000] {dag.py:4180} INFO - Setting next_dagrun for tutorial to 2025-03-29 00:00:00+00:00, run_after=2025-03-30 00:00:00+00:00
[2025-03-30T14:03:23.314+0000] {processor.py:208} INFO - Processing /home/airflow/.local/lib/python3.12/site-packages/airflow/example_dags/tutorial.py took 0.062 seconds
[2025-03-30T14:03:53.667+0000] {processor.py:186} INFO - Started process (PID=1054) to work on /home/airflow/.local/lib/python3.12/site-packages/airflow/example_dags/tutorial.py
[2025-03-30T14:03:53.668+0000] {processor.py:914} INFO - Processing file /home/airflow/.local/lib/python3.12/site-packages/airflow/example_dags/tutorial.py for tasks to queue
[2025-03-30T14:03:53.670+0000] {logging_mixin.py:190} INFO - [2025-03-30T14:03:53.670+0000] {dagbag.py:588} INFO - Filling up the DagBag from /home/airflow/.local/lib/python3.12/site-packages/airflow/example_dags/tutorial.py
[2025-03-30T14:03:53.678+0000] {processor.py:925} INFO - DAG(s) 'tutorial' retrieved from /home/airflow/.local/lib/python3.12/site-packages/airflow/example_dags/tutorial.py
[2025-03-30T14:03:53.695+0000] {logging_mixin.py:190} INFO - [2025-03-30T14:03:53.695+0000] {dag.py:3239} INFO - Sync 1 DAGs
[2025-03-30T14:03:53.714+0000] {logging_mixin.py:190} INFO - [2025-03-30T14:03:53.714+0000] {dag.py:4180} INFO - Setting next_dagrun for tutorial to 2025-03-29 00:00:00+00:00, run_after=2025-03-30 00:00:00+00:00
[2025-03-30T14:03:53.729+0000] {processor.py:208} INFO - Processing /home/airflow/.local/lib/python3.12/site-packages/airflow/example_dags/tutorial.py took 0.065 seconds
[2025-03-30T14:04:24.245+0000] {processor.py:186} INFO - Started process (PID=1129) to work on /home/airflow/.local/lib/python3.12/site-packages/airflow/example_dags/tutorial.py
[2025-03-30T14:04:24.246+0000] {processor.py:914} INFO - Processing file /home/airflow/.local/lib/python3.12/site-packages/airflow/example_dags/tutorial.py for tasks to queue
[2025-03-30T14:04:24.249+0000] {logging_mixin.py:190} INFO - [2025-03-30T14:04:24.249+0000] {dagbag.py:588} INFO - Filling up the DagBag from /home/airflow/.local/lib/python3.12/site-packages/airflow/example_dags/tutorial.py
[2025-03-30T14:04:24.258+0000] {processor.py:925} INFO - DAG(s) 'tutorial' retrieved from /home/airflow/.local/lib/python3.12/site-packages/airflow/example_dags/tutorial.py
[2025-03-30T14:04:24.279+0000] {logging_mixin.py:190} INFO - [2025-03-30T14:04:24.278+0000] {dag.py:3239} INFO - Sync 1 DAGs
[2025-03-30T14:04:24.302+0000] {logging_mixin.py:190} INFO - [2025-03-30T14:04:24.302+0000] {dag.py:4180} INFO - Setting next_dagrun for tutorial to 2025-03-29 00:00:00+00:00, run_after=2025-03-30 00:00:00+00:00
[2025-03-30T14:04:24.325+0000] {processor.py:208} INFO - Processing /home/airflow/.local/lib/python3.12/site-packages/airflow/example_dags/tutorial.py took 0.085 seconds
[2025-03-30T14:04:55.256+0000] {processor.py:186} INFO - Started process (PID=1216) to work on /home/airflow/.local/lib/python3.12/site-packages/airflow/example_dags/tutorial.py
[2025-03-30T14:04:55.257+0000] {processor.py:914} INFO - Processing file /home/airflow/.local/lib/python3.12/site-packages/airflow/example_dags/tutorial.py for tasks to queue
[2025-03-30T14:04:55.259+0000] {logging_mixin.py:190} INFO - [2025-03-30T14:04:55.259+0000] {dagbag.py:588} INFO - Filling up the DagBag from /home/airflow/.local/lib/python3.12/site-packages/airflow/example_dags/tutorial.py
[2025-03-30T14:04:55.267+0000] {processor.py:925} INFO - DAG(s) 'tutorial' retrieved from /home/airflow/.local/lib/python3.12/site-packages/airflow/example_dags/tutorial.py
[2025-03-30T14:04:55.289+0000] {logging_mixin.py:190} INFO - [2025-03-30T14:04:55.289+0000] {dag.py:3239} INFO - Sync 1 DAGs
[2025-03-30T14:04:55.312+0000] {logging_mixin.py:190} INFO - [2025-03-30T14:04:55.311+0000] {dag.py:4180} INFO - Setting next_dagrun for tutorial to 2025-03-29 00:00:00+00:00, run_after=2025-03-30 00:00:00+00:00
[2025-03-30T14:04:55.347+0000] {processor.py:208} INFO - Processing /home/airflow/.local/lib/python3.12/site-packages/airflow/example_dags/tutorial.py took 0.095 seconds
[2025-03-30T14:05:25.407+0000] {processor.py:186} INFO - Started process (PID=1291) to work on /home/airflow/.local/lib/python3.12/site-packages/airflow/example_dags/tutorial.py
[2025-03-30T14:05:25.408+0000] {processor.py:914} INFO - Processing file /home/airflow/.local/lib/python3.12/site-packages/airflow/example_dags/tutorial.py for tasks to queue
[2025-03-30T14:05:25.411+0000] {logging_mixin.py:190} INFO - [2025-03-30T14:05:25.410+0000] {dagbag.py:588} INFO - Filling up the DagBag from /home/airflow/.local/lib/python3.12/site-packages/airflow/example_dags/tutorial.py
[2025-03-30T14:05:25.419+0000] {processor.py:925} INFO - DAG(s) 'tutorial' retrieved from /home/airflow/.local/lib/python3.12/site-packages/airflow/example_dags/tutorial.py
[2025-03-30T14:05:25.438+0000] {logging_mixin.py:190} INFO - [2025-03-30T14:05:25.438+0000] {dag.py:3239} INFO - Sync 1 DAGs
[2025-03-30T14:05:25.460+0000] {logging_mixin.py:190} INFO - [2025-03-30T14:05:25.460+0000] {dag.py:4180} INFO - Setting next_dagrun for tutorial to 2025-03-29 00:00:00+00:00, run_after=2025-03-30 00:00:00+00:00
[2025-03-30T14:05:25.478+0000] {processor.py:208} INFO - Processing /home/airflow/.local/lib/python3.12/site-packages/airflow/example_dags/tutorial.py took 0.075 seconds
[2025-03-30T14:05:55.532+0000] {processor.py:186} INFO - Started process (PID=1366) to work on /home/airflow/.local/lib/python3.12/site-packages/airflow/example_dags/tutorial.py
[2025-03-30T14:05:55.533+0000] {processor.py:914} INFO - Processing file /home/airflow/.local/lib/python3.12/site-packages/airflow/example_dags/tutorial.py for tasks to queue
[2025-03-30T14:05:55.535+0000] {logging_mixin.py:190} INFO - [2025-03-30T14:05:55.535+0000] {dagbag.py:588} INFO - Filling up the DagBag from /home/airflow/.local/lib/python3.12/site-packages/airflow/example_dags/tutorial.py
[2025-03-30T14:05:55.542+0000] {processor.py:925} INFO - DAG(s) 'tutorial' retrieved from /home/airflow/.local/lib/python3.12/site-packages/airflow/example_dags/tutorial.py
[2025-03-30T14:05:55.562+0000] {logging_mixin.py:190} INFO - [2025-03-30T14:05:55.562+0000] {dag.py:3239} INFO - Sync 1 DAGs
[2025-03-30T14:05:55.580+0000] {logging_mixin.py:190} INFO - [2025-03-30T14:05:55.580+0000] {dag.py:4180} INFO - Setting next_dagrun for tutorial to 2025-03-29 00:00:00+00:00, run_after=2025-03-30 00:00:00+00:00
[2025-03-30T14:05:55.596+0000] {processor.py:208} INFO - Processing /home/airflow/.local/lib/python3.12/site-packages/airflow/example_dags/tutorial.py took 0.068 seconds
[2025-03-30T14:06:25.758+0000] {processor.py:186} INFO - Started process (PID=1441) to work on /home/airflow/.local/lib/python3.12/site-packages/airflow/example_dags/tutorial.py
[2025-03-30T14:06:25.759+0000] {processor.py:914} INFO - Processing file /home/airflow/.local/lib/python3.12/site-packages/airflow/example_dags/tutorial.py for tasks to queue
[2025-03-30T14:06:25.760+0000] {logging_mixin.py:190} INFO - [2025-03-30T14:06:25.760+0000] {dagbag.py:588} INFO - Filling up the DagBag from /home/airflow/.local/lib/python3.12/site-packages/airflow/example_dags/tutorial.py
[2025-03-30T14:06:25.768+0000] {processor.py:925} INFO - DAG(s) 'tutorial' retrieved from /home/airflow/.local/lib/python3.12/site-packages/airflow/example_dags/tutorial.py
[2025-03-30T14:06:25.789+0000] {logging_mixin.py:190} INFO - [2025-03-30T14:06:25.789+0000] {dag.py:3239} INFO - Sync 1 DAGs
[2025-03-30T14:06:25.808+0000] {logging_mixin.py:190} INFO - [2025-03-30T14:06:25.807+0000] {dag.py:4180} INFO - Setting next_dagrun for tutorial to 2025-03-29 00:00:00+00:00, run_after=2025-03-30 00:00:00+00:00
[2025-03-30T14:06:25.829+0000] {processor.py:208} INFO - Processing /home/airflow/.local/lib/python3.12/site-packages/airflow/example_dags/tutorial.py took 0.075 seconds
[2025-03-30T14:06:56.669+0000] {processor.py:186} INFO - Started process (PID=1538) to work on /home/airflow/.local/lib/python3.12/site-packages/airflow/example_dags/tutorial.py
[2025-03-30T14:06:56.670+0000] {processor.py:914} INFO - Processing file /home/airflow/.local/lib/python3.12/site-packages/airflow/example_dags/tutorial.py for tasks to queue
[2025-03-30T14:06:56.672+0000] {logging_mixin.py:190} INFO - [2025-03-30T14:06:56.671+0000] {dagbag.py:588} INFO - Filling up the DagBag from /home/airflow/.local/lib/python3.12/site-packages/airflow/example_dags/tutorial.py
[2025-03-30T14:06:56.681+0000] {processor.py:925} INFO - DAG(s) 'tutorial' retrieved from /home/airflow/.local/lib/python3.12/site-packages/airflow/example_dags/tutorial.py
[2025-03-30T14:06:56.704+0000] {logging_mixin.py:190} INFO - [2025-03-30T14:06:56.703+0000] {dag.py:3239} INFO - Sync 1 DAGs
[2025-03-30T14:06:56.726+0000] {logging_mixin.py:190} INFO - [2025-03-30T14:06:56.726+0000] {dag.py:4180} INFO - Setting next_dagrun for tutorial to 2025-03-29 00:00:00+00:00, run_after=2025-03-30 00:00:00+00:00
[2025-03-30T14:06:56.754+0000] {processor.py:208} INFO - Processing /home/airflow/.local/lib/python3.12/site-packages/airflow/example_dags/tutorial.py took 0.094 seconds
[2025-03-30T14:07:26.822+0000] {processor.py:186} INFO - Started process (PID=1613) to work on /home/airflow/.local/lib/python3.12/site-packages/airflow/example_dags/tutorial.py
[2025-03-30T14:07:26.823+0000] {processor.py:914} INFO - Processing file /home/airflow/.local/lib/python3.12/site-packages/airflow/example_dags/tutorial.py for tasks to queue
[2025-03-30T14:07:26.824+0000] {logging_mixin.py:190} INFO - [2025-03-30T14:07:26.824+0000] {dagbag.py:588} INFO - Filling up the DagBag from /home/airflow/.local/lib/python3.12/site-packages/airflow/example_dags/tutorial.py
[2025-03-30T14:07:26.834+0000] {processor.py:925} INFO - DAG(s) 'tutorial' retrieved from /home/airflow/.local/lib/python3.12/site-packages/airflow/example_dags/tutorial.py
[2025-03-30T14:07:26.856+0000] {logging_mixin.py:190} INFO - [2025-03-30T14:07:26.855+0000] {dag.py:3239} INFO - Sync 1 DAGs
[2025-03-30T14:07:26.878+0000] {logging_mixin.py:190} INFO - [2025-03-30T14:07:26.878+0000] {dag.py:4180} INFO - Setting next_dagrun for tutorial to 2025-03-29 00:00:00+00:00, run_after=2025-03-30 00:00:00+00:00
[2025-03-30T14:07:26.906+0000] {processor.py:208} INFO - Processing /home/airflow/.local/lib/python3.12/site-packages/airflow/example_dags/tutorial.py took 0.092 seconds
[2025-03-30T14:07:57.418+0000] {processor.py:186} INFO - Started process (PID=1688) to work on /home/airflow/.local/lib/python3.12/site-packages/airflow/example_dags/tutorial.py
[2025-03-30T14:07:57.419+0000] {processor.py:914} INFO - Processing file /home/airflow/.local/lib/python3.12/site-packages/airflow/example_dags/tutorial.py for tasks to queue
[2025-03-30T14:07:57.421+0000] {logging_mixin.py:190} INFO - [2025-03-30T14:07:57.420+0000] {dagbag.py:588} INFO - Filling up the DagBag from /home/airflow/.local/lib/python3.12/site-packages/airflow/example_dags/tutorial.py
[2025-03-30T14:07:57.432+0000] {processor.py:925} INFO - DAG(s) 'tutorial' retrieved from /home/airflow/.local/lib/python3.12/site-packages/airflow/example_dags/tutorial.py
[2025-03-30T14:07:57.459+0000] {logging_mixin.py:190} INFO - [2025-03-30T14:07:57.458+0000] {dag.py:3239} INFO - Sync 1 DAGs
[2025-03-30T14:07:57.486+0000] {logging_mixin.py:190} INFO - [2025-03-30T14:07:57.486+0000] {dag.py:4180} INFO - Setting next_dagrun for tutorial to 2025-03-29 00:00:00+00:00, run_after=2025-03-30 00:00:00+00:00
[2025-03-30T14:07:57.509+0000] {processor.py:208} INFO - Processing /home/airflow/.local/lib/python3.12/site-packages/airflow/example_dags/tutorial.py took 0.101 seconds
[2025-03-30T14:08:27.641+0000] {processor.py:186} INFO - Started process (PID=1763) to work on /home/airflow/.local/lib/python3.12/site-packages/airflow/example_dags/tutorial.py
[2025-03-30T14:08:27.644+0000] {processor.py:914} INFO - Processing file /home/airflow/.local/lib/python3.12/site-packages/airflow/example_dags/tutorial.py for tasks to queue
[2025-03-30T14:08:27.647+0000] {logging_mixin.py:190} INFO - [2025-03-30T14:08:27.646+0000] {dagbag.py:588} INFO - Filling up the DagBag from /home/airflow/.local/lib/python3.12/site-packages/airflow/example_dags/tutorial.py
[2025-03-30T14:08:27.659+0000] {processor.py:925} INFO - DAG(s) 'tutorial' retrieved from /home/airflow/.local/lib/python3.12/site-packages/airflow/example_dags/tutorial.py
[2025-03-30T14:08:27.692+0000] {logging_mixin.py:190} INFO - [2025-03-30T14:08:27.692+0000] {dag.py:3239} INFO - Sync 1 DAGs
[2025-03-30T14:08:27.747+0000] {logging_mixin.py:190} INFO - [2025-03-30T14:08:27.747+0000] {dag.py:4180} INFO - Setting next_dagrun for tutorial to 2025-03-29 00:00:00+00:00, run_after=2025-03-30 00:00:00+00:00
[2025-03-30T14:08:27.779+0000] {processor.py:208} INFO - Processing /home/airflow/.local/lib/python3.12/site-packages/airflow/example_dags/tutorial.py took 0.153 seconds
[2025-03-30T14:08:58.419+0000] {processor.py:186} INFO - Started process (PID=1838) to work on /home/airflow/.local/lib/python3.12/site-packages/airflow/example_dags/tutorial.py
[2025-03-30T14:08:58.420+0000] {processor.py:914} INFO - Processing file /home/airflow/.local/lib/python3.12/site-packages/airflow/example_dags/tutorial.py for tasks to queue
[2025-03-30T14:08:58.421+0000] {logging_mixin.py:190} INFO - [2025-03-30T14:08:58.421+0000] {dagbag.py:588} INFO - Filling up the DagBag from /home/airflow/.local/lib/python3.12/site-packages/airflow/example_dags/tutorial.py
[2025-03-30T14:08:58.430+0000] {processor.py:925} INFO - DAG(s) 'tutorial' retrieved from /home/airflow/.local/lib/python3.12/site-packages/airflow/example_dags/tutorial.py
[2025-03-30T14:08:58.449+0000] {logging_mixin.py:190} INFO - [2025-03-30T14:08:58.449+0000] {dag.py:3239} INFO - Sync 1 DAGs
[2025-03-30T14:08:58.469+0000] {logging_mixin.py:190} INFO - [2025-03-30T14:08:58.469+0000] {dag.py:4180} INFO - Setting next_dagrun for tutorial to 2025-03-29 00:00:00+00:00, run_after=2025-03-30 00:00:00+00:00
[2025-03-30T14:08:58.485+0000] {processor.py:208} INFO - Processing /home/airflow/.local/lib/python3.12/site-packages/airflow/example_dags/tutorial.py took 0.073 seconds
[2025-03-30T14:09:29.485+0000] {processor.py:186} INFO - Started process (PID=1913) to work on /home/airflow/.local/lib/python3.12/site-packages/airflow/example_dags/tutorial.py
[2025-03-30T14:09:29.485+0000] {processor.py:914} INFO - Processing file /home/airflow/.local/lib/python3.12/site-packages/airflow/example_dags/tutorial.py for tasks to queue
[2025-03-30T14:09:29.487+0000] {logging_mixin.py:190} INFO - [2025-03-30T14:09:29.487+0000] {dagbag.py:588} INFO - Filling up the DagBag from /home/airflow/.local/lib/python3.12/site-packages/airflow/example_dags/tutorial.py
[2025-03-30T14:09:29.503+0000] {processor.py:925} INFO - DAG(s) 'tutorial' retrieved from /home/airflow/.local/lib/python3.12/site-packages/airflow/example_dags/tutorial.py
[2025-03-30T14:09:29.527+0000] {logging_mixin.py:190} INFO - [2025-03-30T14:09:29.527+0000] {dag.py:3239} INFO - Sync 1 DAGs
[2025-03-30T14:09:29.544+0000] {logging_mixin.py:190} INFO - [2025-03-30T14:09:29.544+0000] {dag.py:4180} INFO - Setting next_dagrun for tutorial to 2025-03-29 00:00:00+00:00, run_after=2025-03-30 00:00:00+00:00
[2025-03-30T14:09:29.569+0000] {processor.py:208} INFO - Processing /home/airflow/.local/lib/python3.12/site-packages/airflow/example_dags/tutorial.py took 0.107 seconds
[2025-03-30T14:09:59.665+0000] {processor.py:186} INFO - Started process (PID=1976) to work on /home/airflow/.local/lib/python3.12/site-packages/airflow/example_dags/tutorial.py
[2025-03-30T14:09:59.673+0000] {processor.py:914} INFO - Processing file /home/airflow/.local/lib/python3.12/site-packages/airflow/example_dags/tutorial.py for tasks to queue
[2025-03-30T14:09:59.682+0000] {logging_mixin.py:190} INFO - [2025-03-30T14:09:59.677+0000] {dagbag.py:588} INFO - Filling up the DagBag from /home/airflow/.local/lib/python3.12/site-packages/airflow/example_dags/tutorial.py
[2025-03-30T14:09:59.696+0000] {processor.py:925} INFO - DAG(s) 'tutorial' retrieved from /home/airflow/.local/lib/python3.12/site-packages/airflow/example_dags/tutorial.py
[2025-03-30T14:09:59.727+0000] {logging_mixin.py:190} INFO - [2025-03-30T14:09:59.727+0000] {dag.py:3239} INFO - Sync 1 DAGs
[2025-03-30T14:09:59.777+0000] {logging_mixin.py:190} INFO - [2025-03-30T14:09:59.777+0000] {dag.py:4180} INFO - Setting next_dagrun for tutorial to 2025-03-29 00:00:00+00:00, run_after=2025-03-30 00:00:00+00:00
[2025-03-30T14:09:59.814+0000] {processor.py:208} INFO - Processing /home/airflow/.local/lib/python3.12/site-packages/airflow/example_dags/tutorial.py took 0.179 seconds
[2025-03-30T14:10:30.275+0000] {processor.py:186} INFO - Started process (PID=2051) to work on /home/airflow/.local/lib/python3.12/site-packages/airflow/example_dags/tutorial.py
[2025-03-30T14:10:30.277+0000] {processor.py:914} INFO - Processing file /home/airflow/.local/lib/python3.12/site-packages/airflow/example_dags/tutorial.py for tasks to queue
[2025-03-30T14:10:30.281+0000] {logging_mixin.py:190} INFO - [2025-03-30T14:10:30.279+0000] {dagbag.py:588} INFO - Filling up the DagBag from /home/airflow/.local/lib/python3.12/site-packages/airflow/example_dags/tutorial.py
[2025-03-30T14:10:30.294+0000] {processor.py:925} INFO - DAG(s) 'tutorial' retrieved from /home/airflow/.local/lib/python3.12/site-packages/airflow/example_dags/tutorial.py
[2025-03-30T14:10:30.340+0000] {logging_mixin.py:190} INFO - [2025-03-30T14:10:30.340+0000] {dag.py:3239} INFO - Sync 1 DAGs
[2025-03-30T14:10:30.371+0000] {logging_mixin.py:190} INFO - [2025-03-30T14:10:30.370+0000] {dag.py:4180} INFO - Setting next_dagrun for tutorial to 2025-03-29 00:00:00+00:00, run_after=2025-03-30 00:00:00+00:00
[2025-03-30T14:10:30.402+0000] {processor.py:208} INFO - Processing /home/airflow/.local/lib/python3.12/site-packages/airflow/example_dags/tutorial.py took 0.153 seconds
[2025-03-30T14:11:01.093+0000] {processor.py:186} INFO - Started process (PID=2126) to work on /home/airflow/.local/lib/python3.12/site-packages/airflow/example_dags/tutorial.py
[2025-03-30T14:11:01.097+0000] {processor.py:914} INFO - Processing file /home/airflow/.local/lib/python3.12/site-packages/airflow/example_dags/tutorial.py for tasks to queue
[2025-03-30T14:11:01.100+0000] {logging_mixin.py:190} INFO - [2025-03-30T14:11:01.099+0000] {dagbag.py:588} INFO - Filling up the DagBag from /home/airflow/.local/lib/python3.12/site-packages/airflow/example_dags/tutorial.py
[2025-03-30T14:11:01.121+0000] {processor.py:925} INFO - DAG(s) 'tutorial' retrieved from /home/airflow/.local/lib/python3.12/site-packages/airflow/example_dags/tutorial.py
[2025-03-30T14:11:01.173+0000] {logging_mixin.py:190} INFO - [2025-03-30T14:11:01.173+0000] {dag.py:3239} INFO - Sync 1 DAGs
[2025-03-30T14:11:01.220+0000] {logging_mixin.py:190} INFO - [2025-03-30T14:11:01.220+0000] {dag.py:4180} INFO - Setting next_dagrun for tutorial to 2025-03-29 00:00:00+00:00, run_after=2025-03-30 00:00:00+00:00
[2025-03-30T14:11:01.274+0000] {processor.py:208} INFO - Processing /home/airflow/.local/lib/python3.12/site-packages/airflow/example_dags/tutorial.py took 0.204 seconds
[2025-03-30T14:11:31.857+0000] {processor.py:186} INFO - Started process (PID=2201) to work on /home/airflow/.local/lib/python3.12/site-packages/airflow/example_dags/tutorial.py
[2025-03-30T14:11:31.857+0000] {processor.py:914} INFO - Processing file /home/airflow/.local/lib/python3.12/site-packages/airflow/example_dags/tutorial.py for tasks to queue
[2025-03-30T14:11:31.859+0000] {logging_mixin.py:190} INFO - [2025-03-30T14:11:31.858+0000] {dagbag.py:588} INFO - Filling up the DagBag from /home/airflow/.local/lib/python3.12/site-packages/airflow/example_dags/tutorial.py
[2025-03-30T14:11:31.867+0000] {processor.py:925} INFO - DAG(s) 'tutorial' retrieved from /home/airflow/.local/lib/python3.12/site-packages/airflow/example_dags/tutorial.py
[2025-03-30T14:11:31.888+0000] {logging_mixin.py:190} INFO - [2025-03-30T14:11:31.888+0000] {dag.py:3239} INFO - Sync 1 DAGs
[2025-03-30T14:11:31.912+0000] {logging_mixin.py:190} INFO - [2025-03-30T14:11:31.912+0000] {dag.py:4180} INFO - Setting next_dagrun for tutorial to 2025-03-29 00:00:00+00:00, run_after=2025-03-30 00:00:00+00:00
[2025-03-30T14:11:31.929+0000] {processor.py:208} INFO - Processing /home/airflow/.local/lib/python3.12/site-packages/airflow/example_dags/tutorial.py took 0.082 seconds
[2025-03-30T14:12:02.266+0000] {processor.py:186} INFO - Started process (PID=2276) to work on /home/airflow/.local/lib/python3.12/site-packages/airflow/example_dags/tutorial.py
[2025-03-30T14:12:02.267+0000] {processor.py:914} INFO - Processing file /home/airflow/.local/lib/python3.12/site-packages/airflow/example_dags/tutorial.py for tasks to queue
[2025-03-30T14:12:02.271+0000] {logging_mixin.py:190} INFO - [2025-03-30T14:12:02.270+0000] {dagbag.py:588} INFO - Filling up the DagBag from /home/airflow/.local/lib/python3.12/site-packages/airflow/example_dags/tutorial.py
[2025-03-30T14:12:02.289+0000] {processor.py:925} INFO - DAG(s) 'tutorial' retrieved from /home/airflow/.local/lib/python3.12/site-packages/airflow/example_dags/tutorial.py
[2025-03-30T14:12:02.336+0000] {logging_mixin.py:190} INFO - [2025-03-30T14:12:02.335+0000] {dag.py:3239} INFO - Sync 1 DAGs
[2025-03-30T14:12:02.410+0000] {logging_mixin.py:190} INFO - [2025-03-30T14:12:02.409+0000] {dag.py:4180} INFO - Setting next_dagrun for tutorial to 2025-03-29 00:00:00+00:00, run_after=2025-03-30 00:00:00+00:00
[2025-03-30T14:12:02.457+0000] {processor.py:208} INFO - Processing /home/airflow/.local/lib/python3.12/site-packages/airflow/example_dags/tutorial.py took 0.203 seconds
[2025-03-30T14:12:32.705+0000] {processor.py:186} INFO - Started process (PID=2351) to work on /home/airflow/.local/lib/python3.12/site-packages/airflow/example_dags/tutorial.py
[2025-03-30T14:12:32.706+0000] {processor.py:914} INFO - Processing file /home/airflow/.local/lib/python3.12/site-packages/airflow/example_dags/tutorial.py for tasks to queue
[2025-03-30T14:12:32.708+0000] {logging_mixin.py:190} INFO - [2025-03-30T14:12:32.707+0000] {dagbag.py:588} INFO - Filling up the DagBag from /home/airflow/.local/lib/python3.12/site-packages/airflow/example_dags/tutorial.py
[2025-03-30T14:12:32.722+0000] {processor.py:925} INFO - DAG(s) 'tutorial' retrieved from /home/airflow/.local/lib/python3.12/site-packages/airflow/example_dags/tutorial.py
[2025-03-30T14:12:32.752+0000] {logging_mixin.py:190} INFO - [2025-03-30T14:12:32.752+0000] {dag.py:3239} INFO - Sync 1 DAGs
[2025-03-30T14:12:32.792+0000] {logging_mixin.py:190} INFO - [2025-03-30T14:12:32.792+0000] {dag.py:4180} INFO - Setting next_dagrun for tutorial to 2025-03-29 00:00:00+00:00, run_after=2025-03-30 00:00:00+00:00
[2025-03-30T14:12:32.829+0000] {processor.py:208} INFO - Processing /home/airflow/.local/lib/python3.12/site-packages/airflow/example_dags/tutorial.py took 0.137 seconds
[2025-03-30T14:13:03.763+0000] {processor.py:186} INFO - Started process (PID=2426) to work on /home/airflow/.local/lib/python3.12/site-packages/airflow/example_dags/tutorial.py
[2025-03-30T14:13:03.764+0000] {processor.py:914} INFO - Processing file /home/airflow/.local/lib/python3.12/site-packages/airflow/example_dags/tutorial.py for tasks to queue
[2025-03-30T14:13:03.766+0000] {logging_mixin.py:190} INFO - [2025-03-30T14:13:03.765+0000] {dagbag.py:588} INFO - Filling up the DagBag from /home/airflow/.local/lib/python3.12/site-packages/airflow/example_dags/tutorial.py
[2025-03-30T14:13:03.773+0000] {processor.py:925} INFO - DAG(s) 'tutorial' retrieved from /home/airflow/.local/lib/python3.12/site-packages/airflow/example_dags/tutorial.py
[2025-03-30T14:13:03.790+0000] {logging_mixin.py:190} INFO - [2025-03-30T14:13:03.790+0000] {dag.py:3239} INFO - Sync 1 DAGs
[2025-03-30T14:13:03.811+0000] {logging_mixin.py:190} INFO - [2025-03-30T14:13:03.811+0000] {dag.py:4180} INFO - Setting next_dagrun for tutorial to 2025-03-29 00:00:00+00:00, run_after=2025-03-30 00:00:00+00:00
[2025-03-30T14:13:03.826+0000] {processor.py:208} INFO - Processing /home/airflow/.local/lib/python3.12/site-packages/airflow/example_dags/tutorial.py took 0.071 seconds
[2025-03-30T14:13:33.944+0000] {processor.py:186} INFO - Started process (PID=2501) to work on /home/airflow/.local/lib/python3.12/site-packages/airflow/example_dags/tutorial.py
[2025-03-30T14:13:33.944+0000] {processor.py:914} INFO - Processing file /home/airflow/.local/lib/python3.12/site-packages/airflow/example_dags/tutorial.py for tasks to queue
[2025-03-30T14:13:33.945+0000] {logging_mixin.py:190} INFO - [2025-03-30T14:13:33.945+0000] {dagbag.py:588} INFO - Filling up the DagBag from /home/airflow/.local/lib/python3.12/site-packages/airflow/example_dags/tutorial.py
[2025-03-30T14:13:33.952+0000] {processor.py:925} INFO - DAG(s) 'tutorial' retrieved from /home/airflow/.local/lib/python3.12/site-packages/airflow/example_dags/tutorial.py
[2025-03-30T14:13:33.968+0000] {logging_mixin.py:190} INFO - [2025-03-30T14:13:33.968+0000] {dag.py:3239} INFO - Sync 1 DAGs
[2025-03-30T14:13:33.987+0000] {logging_mixin.py:190} INFO - [2025-03-30T14:13:33.987+0000] {dag.py:4180} INFO - Setting next_dagrun for tutorial to 2025-03-29 00:00:00+00:00, run_after=2025-03-30 00:00:00+00:00
[2025-03-30T14:13:34.004+0000] {processor.py:208} INFO - Processing /home/airflow/.local/lib/python3.12/site-packages/airflow/example_dags/tutorial.py took 0.068 seconds
[2025-03-30T14:14:04.659+0000] {processor.py:186} INFO - Started process (PID=2576) to work on /home/airflow/.local/lib/python3.12/site-packages/airflow/example_dags/tutorial.py
[2025-03-30T14:14:04.659+0000] {processor.py:914} INFO - Processing file /home/airflow/.local/lib/python3.12/site-packages/airflow/example_dags/tutorial.py for tasks to queue
[2025-03-30T14:14:04.660+0000] {logging_mixin.py:190} INFO - [2025-03-30T14:14:04.660+0000] {dagbag.py:588} INFO - Filling up the DagBag from /home/airflow/.local/lib/python3.12/site-packages/airflow/example_dags/tutorial.py
[2025-03-30T14:14:04.667+0000] {processor.py:925} INFO - DAG(s) 'tutorial' retrieved from /home/airflow/.local/lib/python3.12/site-packages/airflow/example_dags/tutorial.py
[2025-03-30T14:14:04.683+0000] {logging_mixin.py:190} INFO - [2025-03-30T14:14:04.683+0000] {dag.py:3239} INFO - Sync 1 DAGs
[2025-03-30T14:14:04.703+0000] {logging_mixin.py:190} INFO - [2025-03-30T14:14:04.703+0000] {dag.py:4180} INFO - Setting next_dagrun for tutorial to 2025-03-29 00:00:00+00:00, run_after=2025-03-30 00:00:00+00:00
[2025-03-30T14:14:04.730+0000] {processor.py:208} INFO - Processing /home/airflow/.local/lib/python3.12/site-packages/airflow/example_dags/tutorial.py took 0.078 seconds
[2025-03-30T14:14:35.439+0000] {processor.py:186} INFO - Started process (PID=2651) to work on /home/airflow/.local/lib/python3.12/site-packages/airflow/example_dags/tutorial.py
[2025-03-30T14:14:35.440+0000] {processor.py:914} INFO - Processing file /home/airflow/.local/lib/python3.12/site-packages/airflow/example_dags/tutorial.py for tasks to queue
[2025-03-30T14:14:35.441+0000] {logging_mixin.py:190} INFO - [2025-03-30T14:14:35.440+0000] {dagbag.py:588} INFO - Filling up the DagBag from /home/airflow/.local/lib/python3.12/site-packages/airflow/example_dags/tutorial.py
[2025-03-30T14:14:35.448+0000] {processor.py:925} INFO - DAG(s) 'tutorial' retrieved from /home/airflow/.local/lib/python3.12/site-packages/airflow/example_dags/tutorial.py
[2025-03-30T14:14:35.465+0000] {logging_mixin.py:190} INFO - [2025-03-30T14:14:35.465+0000] {dag.py:3239} INFO - Sync 1 DAGs
[2025-03-30T14:14:35.485+0000] {logging_mixin.py:190} INFO - [2025-03-30T14:14:35.485+0000] {dag.py:4180} INFO - Setting next_dagrun for tutorial to 2025-03-29 00:00:00+00:00, run_after=2025-03-30 00:00:00+00:00
[2025-03-30T14:14:35.513+0000] {processor.py:208} INFO - Processing /home/airflow/.local/lib/python3.12/site-packages/airflow/example_dags/tutorial.py took 0.082 seconds
[2025-03-30T14:15:05.569+0000] {processor.py:186} INFO - Started process (PID=2726) to work on /home/airflow/.local/lib/python3.12/site-packages/airflow/example_dags/tutorial.py
[2025-03-30T14:15:05.569+0000] {processor.py:914} INFO - Processing file /home/airflow/.local/lib/python3.12/site-packages/airflow/example_dags/tutorial.py for tasks to queue
[2025-03-30T14:15:05.570+0000] {logging_mixin.py:190} INFO - [2025-03-30T14:15:05.570+0000] {dagbag.py:588} INFO - Filling up the DagBag from /home/airflow/.local/lib/python3.12/site-packages/airflow/example_dags/tutorial.py
[2025-03-30T14:15:05.578+0000] {processor.py:925} INFO - DAG(s) 'tutorial' retrieved from /home/airflow/.local/lib/python3.12/site-packages/airflow/example_dags/tutorial.py
[2025-03-30T14:15:05.594+0000] {logging_mixin.py:190} INFO - [2025-03-30T14:15:05.594+0000] {dag.py:3239} INFO - Sync 1 DAGs
[2025-03-30T14:15:05.615+0000] {logging_mixin.py:190} INFO - [2025-03-30T14:15:05.615+0000] {dag.py:4180} INFO - Setting next_dagrun for tutorial to 2025-03-29 00:00:00+00:00, run_after=2025-03-30 00:00:00+00:00
[2025-03-30T14:15:05.637+0000] {processor.py:208} INFO - Processing /home/airflow/.local/lib/python3.12/site-packages/airflow/example_dags/tutorial.py took 0.075 seconds
[2025-03-30T14:15:36.011+0000] {processor.py:186} INFO - Started process (PID=2801) to work on /home/airflow/.local/lib/python3.12/site-packages/airflow/example_dags/tutorial.py
[2025-03-30T14:15:36.012+0000] {processor.py:914} INFO - Processing file /home/airflow/.local/lib/python3.12/site-packages/airflow/example_dags/tutorial.py for tasks to queue
[2025-03-30T14:15:36.013+0000] {logging_mixin.py:190} INFO - [2025-03-30T14:15:36.013+0000] {dagbag.py:588} INFO - Filling up the DagBag from /home/airflow/.local/lib/python3.12/site-packages/airflow/example_dags/tutorial.py
[2025-03-30T14:15:36.022+0000] {processor.py:925} INFO - DAG(s) 'tutorial' retrieved from /home/airflow/.local/lib/python3.12/site-packages/airflow/example_dags/tutorial.py
[2025-03-30T14:15:36.037+0000] {logging_mixin.py:190} INFO - [2025-03-30T14:15:36.037+0000] {dag.py:3239} INFO - Sync 1 DAGs
[2025-03-30T14:15:36.055+0000] {logging_mixin.py:190} INFO - [2025-03-30T14:15:36.054+0000] {dag.py:4180} INFO - Setting next_dagrun for tutorial to 2025-03-29 00:00:00+00:00, run_after=2025-03-30 00:00:00+00:00
[2025-03-30T14:15:36.072+0000] {processor.py:208} INFO - Processing /home/airflow/.local/lib/python3.12/site-packages/airflow/example_dags/tutorial.py took 0.068 seconds
[2025-03-30T14:16:06.713+0000] {processor.py:186} INFO - Started process (PID=2876) to work on /home/airflow/.local/lib/python3.12/site-packages/airflow/example_dags/tutorial.py
[2025-03-30T14:16:06.714+0000] {processor.py:914} INFO - Processing file /home/airflow/.local/lib/python3.12/site-packages/airflow/example_dags/tutorial.py for tasks to queue
[2025-03-30T14:16:06.715+0000] {logging_mixin.py:190} INFO - [2025-03-30T14:16:06.715+0000] {dagbag.py:588} INFO - Filling up the DagBag from /home/airflow/.local/lib/python3.12/site-packages/airflow/example_dags/tutorial.py
[2025-03-30T14:16:06.723+0000] {processor.py:925} INFO - DAG(s) 'tutorial' retrieved from /home/airflow/.local/lib/python3.12/site-packages/airflow/example_dags/tutorial.py
[2025-03-30T14:16:06.738+0000] {logging_mixin.py:190} INFO - [2025-03-30T14:16:06.738+0000] {dag.py:3239} INFO - Sync 1 DAGs
[2025-03-30T14:16:06.757+0000] {logging_mixin.py:190} INFO - [2025-03-30T14:16:06.757+0000] {dag.py:4180} INFO - Setting next_dagrun for tutorial to 2025-03-29 00:00:00+00:00, run_after=2025-03-30 00:00:00+00:00
[2025-03-30T14:16:06.779+0000] {processor.py:208} INFO - Processing /home/airflow/.local/lib/python3.12/site-packages/airflow/example_dags/tutorial.py took 0.073 seconds
[2025-03-30T14:16:37.038+0000] {processor.py:186} INFO - Started process (PID=2951) to work on /home/airflow/.local/lib/python3.12/site-packages/airflow/example_dags/tutorial.py
[2025-03-30T14:16:37.039+0000] {processor.py:914} INFO - Processing file /home/airflow/.local/lib/python3.12/site-packages/airflow/example_dags/tutorial.py for tasks to queue
[2025-03-30T14:16:37.040+0000] {logging_mixin.py:190} INFO - [2025-03-30T14:16:37.040+0000] {dagbag.py:588} INFO - Filling up the DagBag from /home/airflow/.local/lib/python3.12/site-packages/airflow/example_dags/tutorial.py
[2025-03-30T14:16:37.048+0000] {processor.py:925} INFO - DAG(s) 'tutorial' retrieved from /home/airflow/.local/lib/python3.12/site-packages/airflow/example_dags/tutorial.py
[2025-03-30T14:16:37.063+0000] {logging_mixin.py:190} INFO - [2025-03-30T14:16:37.063+0000] {dag.py:3239} INFO - Sync 1 DAGs
[2025-03-30T14:16:37.083+0000] {logging_mixin.py:190} INFO - [2025-03-30T14:16:37.083+0000] {dag.py:4180} INFO - Setting next_dagrun for tutorial to 2025-03-29 00:00:00+00:00, run_after=2025-03-30 00:00:00+00:00
[2025-03-30T14:16:37.102+0000] {processor.py:208} INFO - Processing /home/airflow/.local/lib/python3.12/site-packages/airflow/example_dags/tutorial.py took 0.071 seconds
[2025-03-30T14:17:07.479+0000] {processor.py:186} INFO - Started process (PID=3025) to work on /home/airflow/.local/lib/python3.12/site-packages/airflow/example_dags/tutorial.py
[2025-03-30T14:17:07.480+0000] {processor.py:914} INFO - Processing file /home/airflow/.local/lib/python3.12/site-packages/airflow/example_dags/tutorial.py for tasks to queue
[2025-03-30T14:17:07.481+0000] {logging_mixin.py:190} INFO - [2025-03-30T14:17:07.481+0000] {dagbag.py:588} INFO - Filling up the DagBag from /home/airflow/.local/lib/python3.12/site-packages/airflow/example_dags/tutorial.py
[2025-03-30T14:17:07.489+0000] {processor.py:925} INFO - DAG(s) 'tutorial' retrieved from /home/airflow/.local/lib/python3.12/site-packages/airflow/example_dags/tutorial.py
[2025-03-30T14:17:07.508+0000] {logging_mixin.py:190} INFO - [2025-03-30T14:17:07.507+0000] {dag.py:3239} INFO - Sync 1 DAGs
[2025-03-30T14:17:07.528+0000] {logging_mixin.py:190} INFO - [2025-03-30T14:17:07.528+0000] {dag.py:4180} INFO - Setting next_dagrun for tutorial to 2025-03-29 00:00:00+00:00, run_after=2025-03-30 00:00:00+00:00
[2025-03-30T14:17:07.545+0000] {processor.py:208} INFO - Processing /home/airflow/.local/lib/python3.12/site-packages/airflow/example_dags/tutorial.py took 0.073 seconds
[2025-03-30T14:17:37.802+0000] {processor.py:186} INFO - Started process (PID=3087) to work on /home/airflow/.local/lib/python3.12/site-packages/airflow/example_dags/tutorial.py
[2025-03-30T14:17:37.803+0000] {processor.py:914} INFO - Processing file /home/airflow/.local/lib/python3.12/site-packages/airflow/example_dags/tutorial.py for tasks to queue
[2025-03-30T14:17:37.805+0000] {logging_mixin.py:190} INFO - [2025-03-30T14:17:37.804+0000] {dagbag.py:588} INFO - Filling up the DagBag from /home/airflow/.local/lib/python3.12/site-packages/airflow/example_dags/tutorial.py
[2025-03-30T14:17:37.813+0000] {processor.py:925} INFO - DAG(s) 'tutorial' retrieved from /home/airflow/.local/lib/python3.12/site-packages/airflow/example_dags/tutorial.py
[2025-03-30T14:17:37.830+0000] {logging_mixin.py:190} INFO - [2025-03-30T14:17:37.830+0000] {dag.py:3239} INFO - Sync 1 DAGs
[2025-03-30T14:17:37.850+0000] {logging_mixin.py:190} INFO - [2025-03-30T14:17:37.850+0000] {dag.py:4180} INFO - Setting next_dagrun for tutorial to 2025-03-29 00:00:00+00:00, run_after=2025-03-30 00:00:00+00:00
[2025-03-30T14:17:37.869+0000] {processor.py:208} INFO - Processing /home/airflow/.local/lib/python3.12/site-packages/airflow/example_dags/tutorial.py took 0.076 seconds
[2025-03-30T14:18:08.184+0000] {processor.py:186} INFO - Started process (PID=3162) to work on /home/airflow/.local/lib/python3.12/site-packages/airflow/example_dags/tutorial.py
[2025-03-30T14:18:08.185+0000] {processor.py:914} INFO - Processing file /home/airflow/.local/lib/python3.12/site-packages/airflow/example_dags/tutorial.py for tasks to queue
[2025-03-30T14:18:08.186+0000] {logging_mixin.py:190} INFO - [2025-03-30T14:18:08.186+0000] {dagbag.py:588} INFO - Filling up the DagBag from /home/airflow/.local/lib/python3.12/site-packages/airflow/example_dags/tutorial.py
[2025-03-30T14:18:08.196+0000] {processor.py:925} INFO - DAG(s) 'tutorial' retrieved from /home/airflow/.local/lib/python3.12/site-packages/airflow/example_dags/tutorial.py
[2025-03-30T14:18:08.216+0000] {logging_mixin.py:190} INFO - [2025-03-30T14:18:08.216+0000] {dag.py:3239} INFO - Sync 1 DAGs
[2025-03-30T14:18:08.244+0000] {logging_mixin.py:190} INFO - [2025-03-30T14:18:08.243+0000] {dag.py:4180} INFO - Setting next_dagrun for tutorial to 2025-03-29 00:00:00+00:00, run_after=2025-03-30 00:00:00+00:00
[2025-03-30T14:18:08.266+0000] {processor.py:208} INFO - Processing /home/airflow/.local/lib/python3.12/site-packages/airflow/example_dags/tutorial.py took 0.091 seconds
