[2025-03-30T14:11:54.540+0000] {local_task_job_runner.py:123} INFO - ::group::Pre task execution logs
[2025-03-30T14:11:54.561+0000] {taskinstance.py:2614} INFO - Dependencies all met for dep_context=non-requeueable deps ti=<TaskInstance: train_pipelines.clear_some manual__2025-03-30T14:11:45.180748+00:00 [queued]>
[2025-03-30T14:11:54.569+0000] {taskinstance.py:2614} INFO - Dependencies all met for dep_context=requeueable deps ti=<TaskInstance: train_pipelines.clear_some manual__2025-03-30T14:11:45.180748+00:00 [queued]>
[2025-03-30T14:11:54.569+0000] {taskinstance.py:2867} INFO - Starting attempt 1 of 1
[2025-03-30T14:11:54.584+0000] {taskinstance.py:2890} INFO - Executing <Task(PythonOperator): clear_some> on 2025-03-30 14:11:45.180748+00:00
[2025-03-30T14:11:54.593+0000] {warnings.py:112} WARNING - /home/***/.local/lib/python3.12/site-packages/***/task/task_runner/standard_task_runner.py:70: DeprecationWarning: This process (pid=563) is multi-threaded, use of fork() may lead to deadlocks in the child.
  pid = os.fork()

[2025-03-30T14:11:54.596+0000] {standard_task_runner.py:72} INFO - Started process 576 to run task
[2025-03-30T14:11:54.595+0000] {standard_task_runner.py:104} INFO - Running: ['***', 'tasks', 'run', 'train_pipelines', 'clear_some', 'manual__2025-03-30T14:11:45.180748+00:00', '--job-id', '65', '--raw', '--subdir', 'DAGS_FOLDER/***_1.py', '--cfg-path', '/tmp/tmpk3hym2z9']
[2025-03-30T14:11:54.596+0000] {standard_task_runner.py:105} INFO - Job 65: Subtask clear_some
[2025-03-30T14:11:54.637+0000] {task_command.py:467} INFO - Running <TaskInstance: train_pipelines.clear_some manual__2025-03-30T14:11:45.180748+00:00 [running]> on host cc9d85ccd39f
[2025-03-30T14:11:54.714+0000] {taskinstance.py:3134} INFO - Exporting env vars: AIRFLOW_CTX_DAG_OWNER='***' AIRFLOW_CTX_DAG_ID='train_pipelines' AIRFLOW_CTX_TASK_ID='clear_some' AIRFLOW_CTX_EXECUTION_DATE='2025-03-30T14:11:45.180748+00:00' AIRFLOW_CTX_TRY_NUMBER='1' AIRFLOW_CTX_DAG_RUN_ID='manual__2025-03-30T14:11:45.180748+00:00'
[2025-03-30T14:11:54.715+0000] {logging_mixin.py:190} INFO - Task instance is in running state
[2025-03-30T14:11:54.716+0000] {logging_mixin.py:190} INFO -  Previous state of the Task instance: queued
[2025-03-30T14:11:54.716+0000] {logging_mixin.py:190} INFO - Current task name:clear_some state:running start_date:2025-03-30 14:11:54.561619+00:00
[2025-03-30T14:11:54.717+0000] {logging_mixin.py:190} INFO - Dag name:train_pipelines and current dag run status:running
[2025-03-30T14:11:54.717+0000] {taskinstance.py:732} INFO - ::endgroup::
[2025-03-30T14:11:55.966+0000] {python.py:240} INFO - Done. Returned value was: True
[2025-03-30T14:11:56.012+0000] {taskinstance.py:341} INFO - ::group::Post task execution logs
[2025-03-30T14:11:56.013+0000] {taskinstance.py:353} INFO - Marking task as SUCCESS. dag_id=train_pipelines, task_id=clear_some, run_id=manual__2025-03-30T14:11:45.180748+00:00, execution_date=20250330T141145, start_date=20250330T141154, end_date=20250330T141156
[2025-03-30T14:11:56.041+0000] {logging_mixin.py:190} INFO - Task instance in success state
[2025-03-30T14:11:56.044+0000] {logging_mixin.py:190} INFO -  Previous state of the Task instance: running
[2025-03-30T14:11:56.044+0000] {logging_mixin.py:190} INFO - Dag name:train_pipelines queued_at:2025-03-30 14:11:45.193877+00:00
[2025-03-30T14:11:56.045+0000] {logging_mixin.py:190} INFO - Task hostname:cc9d85ccd39f operator:PythonOperator
[2025-03-30T14:11:56.090+0000] {local_task_job_runner.py:266} INFO - Task exited with return code 0
[2025-03-30T14:11:56.113+0000] {taskinstance.py:3901} INFO - 1 downstream tasks scheduled from follow-on schedule check
[2025-03-30T14:11:56.116+0000] {local_task_job_runner.py:245} INFO - ::endgroup::
