[2025-03-30T14:07:58.227+0000] {local_task_job_runner.py:123} INFO - ::group::Pre task execution logs
[2025-03-30T14:07:58.247+0000] {taskinstance.py:2614} INFO - Dependencies all met for dep_context=non-requeueable deps ti=<TaskInstance: train_pipelines.clear_some scheduled__2025-03-30T14:00:00+00:00 [queued]>
[2025-03-30T14:07:58.256+0000] {taskinstance.py:2614} INFO - Dependencies all met for dep_context=requeueable deps ti=<TaskInstance: train_pipelines.clear_some scheduled__2025-03-30T14:00:00+00:00 [queued]>
[2025-03-30T14:07:58.256+0000] {taskinstance.py:2867} INFO - Starting attempt 1 of 1
[2025-03-30T14:07:58.271+0000] {taskinstance.py:2890} INFO - Executing <Task(PythonOperator): clear_some> on 2025-03-30 14:00:00+00:00
[2025-03-30T14:07:58.281+0000] {warnings.py:112} WARNING - /home/***/.local/lib/python3.12/site-packages/***/task/task_runner/standard_task_runner.py:70: DeprecationWarning: This process (pid=248) is multi-threaded, use of fork() may lead to deadlocks in the child.
  pid = os.fork()

[2025-03-30T14:07:58.283+0000] {standard_task_runner.py:72} INFO - Started process 261 to run task
[2025-03-30T14:07:58.283+0000] {standard_task_runner.py:104} INFO - Running: ['***', 'tasks', 'run', 'train_pipelines', 'clear_some', 'scheduled__2025-03-30T14:00:00+00:00', '--job-id', '56', '--raw', '--subdir', 'DAGS_FOLDER/***_1.py', '--cfg-path', '/tmp/tmp1av6y7ek']
[2025-03-30T14:07:58.284+0000] {standard_task_runner.py:105} INFO - Job 56: Subtask clear_some
[2025-03-30T14:07:58.322+0000] {task_command.py:467} INFO - Running <TaskInstance: train_pipelines.clear_some scheduled__2025-03-30T14:00:00+00:00 [running]> on host cc9d85ccd39f
[2025-03-30T14:07:58.392+0000] {taskinstance.py:3134} INFO - Exporting env vars: AIRFLOW_CTX_DAG_OWNER='***' AIRFLOW_CTX_DAG_ID='train_pipelines' AIRFLOW_CTX_TASK_ID='clear_some' AIRFLOW_CTX_EXECUTION_DATE='2025-03-30T14:00:00+00:00' AIRFLOW_CTX_TRY_NUMBER='1' AIRFLOW_CTX_DAG_RUN_ID='scheduled__2025-03-30T14:00:00+00:00'
[2025-03-30T14:07:58.394+0000] {logging_mixin.py:190} INFO - Task instance is in running state
[2025-03-30T14:07:58.394+0000] {logging_mixin.py:190} INFO -  Previous state of the Task instance: queued
[2025-03-30T14:07:58.394+0000] {logging_mixin.py:190} INFO - Current task name:clear_some state:running start_date:2025-03-30 14:07:58.248245+00:00
[2025-03-30T14:07:58.395+0000] {logging_mixin.py:190} INFO - Dag name:train_pipelines and current dag run status:running
[2025-03-30T14:07:58.395+0000] {taskinstance.py:732} INFO - ::endgroup::
[2025-03-30T14:07:59.918+0000] {python.py:240} INFO - Done. Returned value was: True
[2025-03-30T14:07:59.949+0000] {taskinstance.py:341} INFO - ::group::Post task execution logs
[2025-03-30T14:07:59.950+0000] {taskinstance.py:353} INFO - Marking task as SUCCESS. dag_id=train_pipelines, task_id=clear_some, run_id=scheduled__2025-03-30T14:00:00+00:00, execution_date=20250330T140000, start_date=20250330T140758, end_date=20250330T140759
[2025-03-30T14:07:59.970+0000] {logging_mixin.py:190} INFO - Task instance in success state
[2025-03-30T14:07:59.970+0000] {logging_mixin.py:190} INFO -  Previous state of the Task instance: running
[2025-03-30T14:07:59.971+0000] {logging_mixin.py:190} INFO - Dag name:train_pipelines queued_at:2025-03-30 14:07:33.627157+00:00
[2025-03-30T14:07:59.971+0000] {logging_mixin.py:190} INFO - Task hostname:cc9d85ccd39f operator:PythonOperator
[2025-03-30T14:08:00.024+0000] {local_task_job_runner.py:266} INFO - Task exited with return code 0
[2025-03-30T14:08:00.047+0000] {taskinstance.py:3901} INFO - 1 downstream tasks scheduled from follow-on schedule check
[2025-03-30T14:08:00.050+0000] {local_task_job_runner.py:245} INFO - ::endgroup::
