[2025-03-30T14:09:46.180+0000] {local_task_job_runner.py:123} INFO - ::group::Pre task execution logs
[2025-03-30T14:09:46.197+0000] {taskinstance.py:2614} INFO - Dependencies all met for dep_context=non-requeueable deps ti=<TaskInstance: train_pipelines.read_some manual__2025-03-30T14:09:41.102424+00:00 [queued]>
[2025-03-30T14:09:46.207+0000] {taskinstance.py:2614} INFO - Dependencies all met for dep_context=requeueable deps ti=<TaskInstance: train_pipelines.read_some manual__2025-03-30T14:09:41.102424+00:00 [queued]>
[2025-03-30T14:09:46.207+0000] {taskinstance.py:2867} INFO - Starting attempt 1 of 1
[2025-03-30T14:09:46.225+0000] {taskinstance.py:2890} INFO - Executing <Task(PythonOperator): read_some> on 2025-03-30 14:09:41.102424+00:00
[2025-03-30T14:09:46.237+0000] {warnings.py:112} WARNING - /home/***/.local/lib/python3.12/site-packages/***/task/task_runner/standard_task_runner.py:70: DeprecationWarning: This process (pid=336) is multi-threaded, use of fork() may lead to deadlocks in the child.
  pid = os.fork()

[2025-03-30T14:09:46.239+0000] {standard_task_runner.py:72} INFO - Started process 349 to run task
[2025-03-30T14:09:46.238+0000] {standard_task_runner.py:104} INFO - Running: ['***', 'tasks', 'run', 'train_pipelines', 'read_some', 'manual__2025-03-30T14:09:41.102424+00:00', '--job-id', '58', '--raw', '--subdir', 'DAGS_FOLDER/***_1.py', '--cfg-path', '/tmp/tmpanvg5a6e']
[2025-03-30T14:09:46.240+0000] {standard_task_runner.py:105} INFO - Job 58: Subtask read_some
[2025-03-30T14:09:46.304+0000] {task_command.py:467} INFO - Running <TaskInstance: train_pipelines.read_some manual__2025-03-30T14:09:41.102424+00:00 [running]> on host cc9d85ccd39f
[2025-03-30T14:09:46.391+0000] {taskinstance.py:3134} INFO - Exporting env vars: AIRFLOW_CTX_DAG_OWNER='***' AIRFLOW_CTX_DAG_ID='train_pipelines' AIRFLOW_CTX_TASK_ID='read_some' AIRFLOW_CTX_EXECUTION_DATE='2025-03-30T14:09:41.102424+00:00' AIRFLOW_CTX_TRY_NUMBER='1' AIRFLOW_CTX_DAG_RUN_ID='manual__2025-03-30T14:09:41.102424+00:00'
[2025-03-30T14:09:46.393+0000] {logging_mixin.py:190} INFO - Task instance is in running state
[2025-03-30T14:09:46.393+0000] {logging_mixin.py:190} INFO -  Previous state of the Task instance: queued
[2025-03-30T14:09:46.394+0000] {logging_mixin.py:190} INFO - Current task name:read_some state:running start_date:2025-03-30 14:09:46.198432+00:00
[2025-03-30T14:09:46.394+0000] {logging_mixin.py:190} INFO - Dag name:train_pipelines and current dag run status:running
[2025-03-30T14:09:46.394+0000] {taskinstance.py:732} INFO - ::endgroup::
[2025-03-30T14:09:47.246+0000] {python.py:240} INFO - Done. Returned value was:        age          job  marital  ... euribor3m nr_employed  y
0       44  blue-collar  married  ...     4.963      5228.1  0
1       53   technician  married  ...     4.021      5195.8  0
2       28   management   single  ...     0.729      4991.6  1
3       39     services  married  ...     1.405      5099.1  0
4       55      retired  married  ...     0.869      5076.2  1
...    ...          ...      ...  ...       ...         ... ..
41183   59      retired  married  ...     4.866      5228.1  0
41184   31    housemaid  married  ...     4.860      5191.0  0
41185   42       admin.   single  ...     4.857      5191.0  0
41186   48   technician  married  ...     0.742      5017.5  0
41187   25      student   single  ...     4.859      5191.0  0

[41188 rows x 21 columns]
[2025-03-30T14:09:47.439+0000] {taskinstance.py:341} INFO - ::group::Post task execution logs
[2025-03-30T14:09:47.439+0000] {taskinstance.py:353} INFO - Marking task as SUCCESS. dag_id=train_pipelines, task_id=read_some, run_id=manual__2025-03-30T14:09:41.102424+00:00, execution_date=20250330T140941, start_date=20250330T140946, end_date=20250330T140947
[2025-03-30T14:09:47.464+0000] {logging_mixin.py:190} INFO - Task instance in success state
[2025-03-30T14:09:47.464+0000] {logging_mixin.py:190} INFO -  Previous state of the Task instance: running
[2025-03-30T14:09:47.465+0000] {logging_mixin.py:190} INFO - Dag name:train_pipelines queued_at:2025-03-30 14:09:41.116178+00:00
[2025-03-30T14:09:47.465+0000] {logging_mixin.py:190} INFO - Task hostname:cc9d85ccd39f operator:PythonOperator
[2025-03-30T14:09:47.491+0000] {local_task_job_runner.py:266} INFO - Task exited with return code 0
[2025-03-30T14:09:47.521+0000] {taskinstance.py:3901} INFO - 1 downstream tasks scheduled from follow-on schedule check
[2025-03-30T14:09:47.523+0000] {local_task_job_runner.py:245} INFO - ::endgroup::
