[2025-03-30T13:57:14.183+0000] {processor.py:186} INFO - Started process (PID=57) to work on /opt/airflow/dags/airflow_1.py
[2025-03-30T13:57:14.184+0000] {processor.py:914} INFO - Processing file /opt/airflow/dags/airflow_1.py for tasks to queue
[2025-03-30T13:57:14.188+0000] {logging_mixin.py:190} INFO - [2025-03-30T13:57:14.187+0000] {dagbag.py:588} INFO - Filling up the DagBag from /opt/airflow/dags/airflow_1.py
[2025-03-30T13:57:15.521+0000] {processor.py:925} INFO - DAG(s) 'train_pipelines' retrieved from /opt/airflow/dags/airflow_1.py
[2025-03-30T13:57:15.559+0000] {logging_mixin.py:190} INFO - [2025-03-30T13:57:15.558+0000] {dag.py:3239} INFO - Sync 1 DAGs
[2025-03-30T13:57:15.590+0000] {logging_mixin.py:190} INFO - [2025-03-30T13:57:15.589+0000] {dag.py:4180} INFO - Setting next_dagrun for train_pipelines to 2025-03-30 13:50:00+00:00, run_after=2025-03-30 13:55:00+00:00
[2025-03-30T13:57:15.611+0000] {processor.py:208} INFO - Processing /opt/airflow/dags/airflow_1.py took 1.438 seconds
[2025-03-30T13:57:45.725+0000] {processor.py:186} INFO - Started process (PID=134) to work on /opt/airflow/dags/airflow_1.py
[2025-03-30T13:57:45.726+0000] {processor.py:914} INFO - Processing file /opt/airflow/dags/airflow_1.py for tasks to queue
[2025-03-30T13:57:45.729+0000] {logging_mixin.py:190} INFO - [2025-03-30T13:57:45.728+0000] {dagbag.py:588} INFO - Filling up the DagBag from /opt/airflow/dags/airflow_1.py
[2025-03-30T13:57:46.804+0000] {processor.py:925} INFO - DAG(s) 'train_pipelines' retrieved from /opt/airflow/dags/airflow_1.py
[2025-03-30T13:57:46.841+0000] {logging_mixin.py:190} INFO - [2025-03-30T13:57:46.840+0000] {dag.py:3239} INFO - Sync 1 DAGs
[2025-03-30T13:57:46.877+0000] {logging_mixin.py:190} INFO - [2025-03-30T13:57:46.877+0000] {dag.py:4180} INFO - Setting next_dagrun for train_pipelines to 2025-03-30 13:50:00+00:00, run_after=2025-03-30 13:55:00+00:00
[2025-03-30T13:57:46.913+0000] {processor.py:208} INFO - Processing /opt/airflow/dags/airflow_1.py took 1.192 seconds
[2025-03-30T13:58:17.257+0000] {processor.py:186} INFO - Started process (PID=217) to work on /opt/airflow/dags/airflow_1.py
[2025-03-30T13:58:17.258+0000] {processor.py:914} INFO - Processing file /opt/airflow/dags/airflow_1.py for tasks to queue
[2025-03-30T13:58:17.261+0000] {logging_mixin.py:190} INFO - [2025-03-30T13:58:17.260+0000] {dagbag.py:588} INFO - Filling up the DagBag from /opt/airflow/dags/airflow_1.py
[2025-03-30T13:58:17.766+0000] {processor.py:925} INFO - DAG(s) 'train_pipelines' retrieved from /opt/airflow/dags/airflow_1.py
[2025-03-30T13:58:18.021+0000] {logging_mixin.py:190} INFO - [2025-03-30T13:58:18.021+0000] {dag.py:3239} INFO - Sync 1 DAGs
[2025-03-30T13:58:18.042+0000] {logging_mixin.py:190} INFO - [2025-03-30T13:58:18.042+0000] {dag.py:4180} INFO - Setting next_dagrun for train_pipelines to 2025-03-30 13:50:00+00:00, run_after=2025-03-30 13:55:00+00:00
[2025-03-30T13:58:18.062+0000] {processor.py:208} INFO - Processing /opt/airflow/dags/airflow_1.py took 0.812 seconds
[2025-03-30T13:58:48.315+0000] {processor.py:186} INFO - Started process (PID=296) to work on /opt/airflow/dags/airflow_1.py
[2025-03-30T13:58:48.316+0000] {processor.py:914} INFO - Processing file /opt/airflow/dags/airflow_1.py for tasks to queue
[2025-03-30T13:58:48.318+0000] {logging_mixin.py:190} INFO - [2025-03-30T13:58:48.318+0000] {dagbag.py:588} INFO - Filling up the DagBag from /opt/airflow/dags/airflow_1.py
[2025-03-30T13:58:48.866+0000] {processor.py:925} INFO - DAG(s) 'train_pipelines' retrieved from /opt/airflow/dags/airflow_1.py
[2025-03-30T13:58:49.137+0000] {logging_mixin.py:190} INFO - [2025-03-30T13:58:49.136+0000] {dag.py:3239} INFO - Sync 1 DAGs
[2025-03-30T13:58:49.156+0000] {logging_mixin.py:190} INFO - [2025-03-30T13:58:49.156+0000] {dag.py:4180} INFO - Setting next_dagrun for train_pipelines to 2025-03-30 13:50:00+00:00, run_after=2025-03-30 13:55:00+00:00
[2025-03-30T13:58:49.173+0000] {processor.py:208} INFO - Processing /opt/airflow/dags/airflow_1.py took 0.863 seconds
[2025-03-30T13:59:19.254+0000] {processor.py:186} INFO - Started process (PID=377) to work on /opt/airflow/dags/airflow_1.py
[2025-03-30T13:59:19.255+0000] {processor.py:914} INFO - Processing file /opt/airflow/dags/airflow_1.py for tasks to queue
[2025-03-30T13:59:19.257+0000] {logging_mixin.py:190} INFO - [2025-03-30T13:59:19.257+0000] {dagbag.py:588} INFO - Filling up the DagBag from /opt/airflow/dags/airflow_1.py
[2025-03-30T13:59:19.772+0000] {processor.py:925} INFO - DAG(s) 'train_pipelines' retrieved from /opt/airflow/dags/airflow_1.py
[2025-03-30T13:59:19.982+0000] {logging_mixin.py:190} INFO - [2025-03-30T13:59:19.981+0000] {dag.py:3239} INFO - Sync 1 DAGs
[2025-03-30T13:59:19.997+0000] {logging_mixin.py:190} INFO - [2025-03-30T13:59:19.997+0000] {dag.py:4180} INFO - Setting next_dagrun for train_pipelines to 2025-03-30 13:50:00+00:00, run_after=2025-03-30 13:55:00+00:00
[2025-03-30T13:59:20.019+0000] {processor.py:208} INFO - Processing /opt/airflow/dags/airflow_1.py took 0.771 seconds
[2025-03-30T13:59:50.956+0000] {processor.py:186} INFO - Started process (PID=456) to work on /opt/airflow/dags/airflow_1.py
[2025-03-30T13:59:50.957+0000] {processor.py:914} INFO - Processing file /opt/airflow/dags/airflow_1.py for tasks to queue
[2025-03-30T13:59:50.959+0000] {logging_mixin.py:190} INFO - [2025-03-30T13:59:50.959+0000] {dagbag.py:588} INFO - Filling up the DagBag from /opt/airflow/dags/airflow_1.py
[2025-03-30T13:59:51.539+0000] {processor.py:925} INFO - DAG(s) 'train_pipelines' retrieved from /opt/airflow/dags/airflow_1.py
[2025-03-30T13:59:51.773+0000] {logging_mixin.py:190} INFO - [2025-03-30T13:59:51.772+0000] {dag.py:3239} INFO - Sync 1 DAGs
[2025-03-30T13:59:51.787+0000] {logging_mixin.py:190} INFO - [2025-03-30T13:59:51.787+0000] {dag.py:4180} INFO - Setting next_dagrun for train_pipelines to 2025-03-30 13:50:00+00:00, run_after=2025-03-30 13:55:00+00:00
[2025-03-30T13:59:51.809+0000] {processor.py:208} INFO - Processing /opt/airflow/dags/airflow_1.py took 0.858 seconds
[2025-03-30T13:59:58.367+0000] {processor.py:186} INFO - Started process (PID=480) to work on /opt/airflow/dags/airflow_1.py
[2025-03-30T13:59:58.368+0000] {processor.py:914} INFO - Processing file /opt/airflow/dags/airflow_1.py for tasks to queue
[2025-03-30T13:59:58.372+0000] {logging_mixin.py:190} INFO - [2025-03-30T13:59:58.371+0000] {dagbag.py:588} INFO - Filling up the DagBag from /opt/airflow/dags/airflow_1.py
[2025-03-30T13:59:59.161+0000] {processor.py:925} INFO - DAG(s) 'train_pipelines' retrieved from /opt/airflow/dags/airflow_1.py
[2025-03-30T13:59:59.175+0000] {logging_mixin.py:190} INFO - [2025-03-30T13:59:59.174+0000] {dag.py:3239} INFO - Sync 1 DAGs
[2025-03-30T13:59:59.193+0000] {logging_mixin.py:190} INFO - [2025-03-30T13:59:59.192+0000] {dag.py:4180} INFO - Setting next_dagrun for train_pipelines to 2025-03-30 13:50:00+00:00, run_after=2025-03-30 13:55:00+00:00
[2025-03-30T13:59:59.213+0000] {processor.py:208} INFO - Processing /opt/airflow/dags/airflow_1.py took 0.855 seconds
[2025-03-30T14:00:29.256+0000] {processor.py:186} INFO - Started process (PID=556) to work on /opt/airflow/dags/airflow_1.py
[2025-03-30T14:00:29.257+0000] {processor.py:914} INFO - Processing file /opt/airflow/dags/airflow_1.py for tasks to queue
[2025-03-30T14:00:29.259+0000] {logging_mixin.py:190} INFO - [2025-03-30T14:00:29.259+0000] {dagbag.py:588} INFO - Filling up the DagBag from /opt/airflow/dags/airflow_1.py
[2025-03-30T14:00:29.935+0000] {processor.py:925} INFO - DAG(s) 'train_pipelines' retrieved from /opt/airflow/dags/airflow_1.py
[2025-03-30T14:00:29.950+0000] {logging_mixin.py:190} INFO - [2025-03-30T14:00:29.950+0000] {dag.py:3239} INFO - Sync 1 DAGs
[2025-03-30T14:00:29.968+0000] {logging_mixin.py:190} INFO - [2025-03-30T14:00:29.968+0000] {dag.py:4180} INFO - Setting next_dagrun for train_pipelines to 2025-03-30 13:55:00+00:00, run_after=2025-03-30 14:00:00+00:00
[2025-03-30T14:00:29.983+0000] {processor.py:208} INFO - Processing /opt/airflow/dags/airflow_1.py took 0.732 seconds
[2025-03-30T14:01:00.103+0000] {processor.py:186} INFO - Started process (PID=630) to work on /opt/airflow/dags/airflow_1.py
[2025-03-30T14:01:00.104+0000] {processor.py:914} INFO - Processing file /opt/airflow/dags/airflow_1.py for tasks to queue
[2025-03-30T14:01:00.107+0000] {logging_mixin.py:190} INFO - [2025-03-30T14:01:00.106+0000] {dagbag.py:588} INFO - Filling up the DagBag from /opt/airflow/dags/airflow_1.py
[2025-03-30T14:01:00.879+0000] {processor.py:925} INFO - DAG(s) 'train_pipelines' retrieved from /opt/airflow/dags/airflow_1.py
[2025-03-30T14:01:00.894+0000] {logging_mixin.py:190} INFO - [2025-03-30T14:01:00.894+0000] {dag.py:3239} INFO - Sync 1 DAGs
[2025-03-30T14:01:00.911+0000] {logging_mixin.py:190} INFO - [2025-03-30T14:01:00.910+0000] {dag.py:4180} INFO - Setting next_dagrun for train_pipelines to 2025-03-30 13:55:00+00:00, run_after=2025-03-30 14:00:00+00:00
[2025-03-30T14:01:00.926+0000] {processor.py:208} INFO - Processing /opt/airflow/dags/airflow_1.py took 0.828 seconds
[2025-03-30T14:01:31.592+0000] {processor.py:186} INFO - Started process (PID=706) to work on /opt/airflow/dags/airflow_1.py
[2025-03-30T14:01:31.593+0000] {processor.py:914} INFO - Processing file /opt/airflow/dags/airflow_1.py for tasks to queue
[2025-03-30T14:01:31.595+0000] {logging_mixin.py:190} INFO - [2025-03-30T14:01:31.595+0000] {dagbag.py:588} INFO - Filling up the DagBag from /opt/airflow/dags/airflow_1.py
[2025-03-30T14:01:32.325+0000] {processor.py:925} INFO - DAG(s) 'train_pipelines' retrieved from /opt/airflow/dags/airflow_1.py
[2025-03-30T14:01:32.343+0000] {logging_mixin.py:190} INFO - [2025-03-30T14:01:32.342+0000] {dag.py:3239} INFO - Sync 1 DAGs
[2025-03-30T14:01:32.369+0000] {logging_mixin.py:190} INFO - [2025-03-30T14:01:32.369+0000] {dag.py:4180} INFO - Setting next_dagrun for train_pipelines to 2025-03-30 13:55:00+00:00, run_after=2025-03-30 14:00:00+00:00
[2025-03-30T14:01:32.390+0000] {processor.py:208} INFO - Processing /opt/airflow/dags/airflow_1.py took 0.803 seconds
[2025-03-30T14:01:50.386+0000] {processor.py:186} INFO - Started process (PID=744) to work on /opt/airflow/dags/airflow_1.py
[2025-03-30T14:01:50.387+0000] {processor.py:914} INFO - Processing file /opt/airflow/dags/airflow_1.py for tasks to queue
[2025-03-30T14:01:50.389+0000] {logging_mixin.py:190} INFO - [2025-03-30T14:01:50.389+0000] {dagbag.py:588} INFO - Filling up the DagBag from /opt/airflow/dags/airflow_1.py
[2025-03-30T14:01:51.118+0000] {processor.py:925} INFO - DAG(s) 'train_pipelines' retrieved from /opt/airflow/dags/airflow_1.py
[2025-03-30T14:01:51.133+0000] {logging_mixin.py:190} INFO - [2025-03-30T14:01:51.132+0000] {dag.py:3239} INFO - Sync 1 DAGs
[2025-03-30T14:01:51.154+0000] {logging_mixin.py:190} INFO - [2025-03-30T14:01:51.153+0000] {dag.py:4180} INFO - Setting next_dagrun for train_pipelines to 2025-03-30 13:55:00+00:00, run_after=2025-03-30 14:00:00+00:00
[2025-03-30T14:01:51.175+0000] {processor.py:208} INFO - Processing /opt/airflow/dags/airflow_1.py took 0.793 seconds
[2025-03-30T14:02:21.827+0000] {processor.py:186} INFO - Started process (PID=823) to work on /opt/airflow/dags/airflow_1.py
[2025-03-30T14:02:21.828+0000] {processor.py:914} INFO - Processing file /opt/airflow/dags/airflow_1.py for tasks to queue
[2025-03-30T14:02:21.831+0000] {logging_mixin.py:190} INFO - [2025-03-30T14:02:21.831+0000] {dagbag.py:588} INFO - Filling up the DagBag from /opt/airflow/dags/airflow_1.py
[2025-03-30T14:02:22.610+0000] {processor.py:925} INFO - DAG(s) 'train_pipelines' retrieved from /opt/airflow/dags/airflow_1.py
[2025-03-30T14:02:22.627+0000] {logging_mixin.py:190} INFO - [2025-03-30T14:02:22.626+0000] {dag.py:3239} INFO - Sync 1 DAGs
[2025-03-30T14:02:22.647+0000] {logging_mixin.py:190} INFO - [2025-03-30T14:02:22.647+0000] {dag.py:4180} INFO - Setting next_dagrun for train_pipelines to 2025-03-30 13:55:00+00:00, run_after=2025-03-30 14:00:00+00:00
[2025-03-30T14:02:22.663+0000] {processor.py:208} INFO - Processing /opt/airflow/dags/airflow_1.py took 0.841 seconds
[2025-03-30T14:02:52.777+0000] {processor.py:186} INFO - Started process (PID=905) to work on /opt/airflow/dags/airflow_1.py
[2025-03-30T14:02:52.778+0000] {processor.py:914} INFO - Processing file /opt/airflow/dags/airflow_1.py for tasks to queue
[2025-03-30T14:02:52.780+0000] {logging_mixin.py:190} INFO - [2025-03-30T14:02:52.780+0000] {dagbag.py:588} INFO - Filling up the DagBag from /opt/airflow/dags/airflow_1.py
[2025-03-30T14:02:53.450+0000] {processor.py:925} INFO - DAG(s) 'train_pipelines' retrieved from /opt/airflow/dags/airflow_1.py
[2025-03-30T14:02:53.464+0000] {logging_mixin.py:190} INFO - [2025-03-30T14:02:53.464+0000] {dag.py:3239} INFO - Sync 1 DAGs
[2025-03-30T14:02:53.482+0000] {logging_mixin.py:190} INFO - [2025-03-30T14:02:53.481+0000] {dag.py:4180} INFO - Setting next_dagrun for train_pipelines to 2025-03-30 13:55:00+00:00, run_after=2025-03-30 14:00:00+00:00
[2025-03-30T14:02:53.497+0000] {processor.py:208} INFO - Processing /opt/airflow/dags/airflow_1.py took 0.725 seconds
[2025-03-30T14:03:23.619+0000] {processor.py:186} INFO - Started process (PID=987) to work on /opt/airflow/dags/airflow_1.py
[2025-03-30T14:03:23.621+0000] {processor.py:914} INFO - Processing file /opt/airflow/dags/airflow_1.py for tasks to queue
[2025-03-30T14:03:23.623+0000] {logging_mixin.py:190} INFO - [2025-03-30T14:03:23.623+0000] {dagbag.py:588} INFO - Filling up the DagBag from /opt/airflow/dags/airflow_1.py
[2025-03-30T14:03:24.451+0000] {processor.py:925} INFO - DAG(s) 'train_pipelines' retrieved from /opt/airflow/dags/airflow_1.py
[2025-03-30T14:03:24.472+0000] {logging_mixin.py:190} INFO - [2025-03-30T14:03:24.472+0000] {dag.py:3239} INFO - Sync 1 DAGs
[2025-03-30T14:03:24.496+0000] {logging_mixin.py:190} INFO - [2025-03-30T14:03:24.496+0000] {dag.py:4180} INFO - Setting next_dagrun for train_pipelines to 2025-03-30 13:55:00+00:00, run_after=2025-03-30 14:00:00+00:00
[2025-03-30T14:03:24.510+0000] {processor.py:208} INFO - Processing /opt/airflow/dags/airflow_1.py took 0.898 seconds
[2025-03-30T14:03:55.482+0000] {processor.py:186} INFO - Started process (PID=1068) to work on /opt/airflow/dags/airflow_1.py
[2025-03-30T14:03:55.483+0000] {processor.py:914} INFO - Processing file /opt/airflow/dags/airflow_1.py for tasks to queue
[2025-03-30T14:03:55.485+0000] {logging_mixin.py:190} INFO - [2025-03-30T14:03:55.485+0000] {dagbag.py:588} INFO - Filling up the DagBag from /opt/airflow/dags/airflow_1.py
[2025-03-30T14:03:56.253+0000] {processor.py:925} INFO - DAG(s) 'train_pipelines' retrieved from /opt/airflow/dags/airflow_1.py
[2025-03-30T14:03:56.269+0000] {logging_mixin.py:190} INFO - [2025-03-30T14:03:56.268+0000] {dag.py:3239} INFO - Sync 1 DAGs
[2025-03-30T14:03:56.292+0000] {logging_mixin.py:190} INFO - [2025-03-30T14:03:56.292+0000] {dag.py:4180} INFO - Setting next_dagrun for train_pipelines to 2025-03-30 13:55:00+00:00, run_after=2025-03-30 14:00:00+00:00
[2025-03-30T14:03:56.307+0000] {processor.py:208} INFO - Processing /opt/airflow/dags/airflow_1.py took 0.831 seconds
[2025-03-30T14:04:26.371+0000] {processor.py:186} INFO - Started process (PID=1149) to work on /opt/airflow/dags/airflow_1.py
[2025-03-30T14:04:26.371+0000] {processor.py:914} INFO - Processing file /opt/airflow/dags/airflow_1.py for tasks to queue
[2025-03-30T14:04:26.373+0000] {logging_mixin.py:190} INFO - [2025-03-30T14:04:26.373+0000] {dagbag.py:588} INFO - Filling up the DagBag from /opt/airflow/dags/airflow_1.py
[2025-03-30T14:04:27.054+0000] {processor.py:925} INFO - DAG(s) 'train_pipelines' retrieved from /opt/airflow/dags/airflow_1.py
[2025-03-30T14:04:27.069+0000] {logging_mixin.py:190} INFO - [2025-03-30T14:04:27.068+0000] {dag.py:3239} INFO - Sync 1 DAGs
[2025-03-30T14:04:27.085+0000] {logging_mixin.py:190} INFO - [2025-03-30T14:04:27.085+0000] {dag.py:4180} INFO - Setting next_dagrun for train_pipelines to 2025-03-30 13:55:00+00:00, run_after=2025-03-30 14:00:00+00:00
[2025-03-30T14:04:27.097+0000] {processor.py:208} INFO - Processing /opt/airflow/dags/airflow_1.py took 0.730 seconds
[2025-03-30T14:04:49.304+0000] {processor.py:186} INFO - Started process (PID=1194) to work on /opt/airflow/dags/airflow_1.py
[2025-03-30T14:04:49.305+0000] {processor.py:914} INFO - Processing file /opt/airflow/dags/airflow_1.py for tasks to queue
[2025-03-30T14:04:49.307+0000] {logging_mixin.py:190} INFO - [2025-03-30T14:04:49.307+0000] {dagbag.py:588} INFO - Filling up the DagBag from /opt/airflow/dags/airflow_1.py
[2025-03-30T14:04:49.974+0000] {logging_mixin.py:190} INFO - [2025-03-30T14:04:49.972+0000] {dagbag.py:387} ERROR - Failed to import: /opt/airflow/dags/airflow_1.py
Traceback (most recent call last):
  File "/home/airflow/.local/lib/python3.12/site-packages/airflow/models/dagbag.py", line 383, in parse
    loader.exec_module(new_module)
  File "<frozen importlib._bootstrap_external>", line 999, in exec_module
  File "<frozen importlib._bootstrap>", line 488, in _call_with_frames_removed
  File "/opt/airflow/dags/airflow_1.py", line 17, in <module>
    import mlflow
ModuleNotFoundError: No module named 'mlflow'
[2025-03-30T14:04:49.975+0000] {processor.py:927} WARNING - No viable dags retrieved from /opt/airflow/dags/airflow_1.py
[2025-03-30T14:04:49.997+0000] {processor.py:208} INFO - Processing /opt/airflow/dags/airflow_1.py took 0.698 seconds
[2025-03-30T14:05:05.111+0000] {processor.py:186} INFO - Started process (PID=1242) to work on /opt/airflow/dags/airflow_1.py
[2025-03-30T14:05:05.111+0000] {processor.py:914} INFO - Processing file /opt/airflow/dags/airflow_1.py for tasks to queue
[2025-03-30T14:05:05.113+0000] {logging_mixin.py:190} INFO - [2025-03-30T14:05:05.113+0000] {dagbag.py:588} INFO - Filling up the DagBag from /opt/airflow/dags/airflow_1.py
[2025-03-30T14:05:05.824+0000] {logging_mixin.py:190} INFO - [2025-03-30T14:05:05.822+0000] {dagbag.py:387} ERROR - Failed to import: /opt/airflow/dags/airflow_1.py
Traceback (most recent call last):
  File "/home/airflow/.local/lib/python3.12/site-packages/airflow/models/dagbag.py", line 383, in parse
    loader.exec_module(new_module)
  File "<frozen importlib._bootstrap_external>", line 999, in exec_module
  File "<frozen importlib._bootstrap>", line 488, in _call_with_frames_removed
  File "/opt/airflow/dags/airflow_1.py", line 17, in <module>
    import mlflow
ModuleNotFoundError: No module named 'mlflow'
[2025-03-30T14:05:05.825+0000] {processor.py:927} WARNING - No viable dags retrieved from /opt/airflow/dags/airflow_1.py
[2025-03-30T14:05:05.840+0000] {processor.py:208} INFO - Processing /opt/airflow/dags/airflow_1.py took 0.734 seconds
[2025-03-30T14:05:36.385+0000] {processor.py:186} INFO - Started process (PID=1317) to work on /opt/airflow/dags/airflow_1.py
[2025-03-30T14:05:36.385+0000] {processor.py:914} INFO - Processing file /opt/airflow/dags/airflow_1.py for tasks to queue
[2025-03-30T14:05:36.387+0000] {logging_mixin.py:190} INFO - [2025-03-30T14:05:36.387+0000] {dagbag.py:588} INFO - Filling up the DagBag from /opt/airflow/dags/airflow_1.py
[2025-03-30T14:05:37.085+0000] {logging_mixin.py:190} INFO - [2025-03-30T14:05:37.083+0000] {dagbag.py:387} ERROR - Failed to import: /opt/airflow/dags/airflow_1.py
Traceback (most recent call last):
  File "/home/airflow/.local/lib/python3.12/site-packages/airflow/models/dagbag.py", line 383, in parse
    loader.exec_module(new_module)
  File "<frozen importlib._bootstrap_external>", line 999, in exec_module
  File "<frozen importlib._bootstrap>", line 488, in _call_with_frames_removed
  File "/opt/airflow/dags/airflow_1.py", line 17, in <module>
    import mlflow
ModuleNotFoundError: No module named 'mlflow'
[2025-03-30T14:05:37.086+0000] {processor.py:927} WARNING - No viable dags retrieved from /opt/airflow/dags/airflow_1.py
[2025-03-30T14:05:37.102+0000] {processor.py:208} INFO - Processing /opt/airflow/dags/airflow_1.py took 0.722 seconds
[2025-03-30T14:06:07.375+0000] {processor.py:186} INFO - Started process (PID=1399) to work on /opt/airflow/dags/airflow_1.py
[2025-03-30T14:06:07.376+0000] {processor.py:914} INFO - Processing file /opt/airflow/dags/airflow_1.py for tasks to queue
[2025-03-30T14:06:07.378+0000] {logging_mixin.py:190} INFO - [2025-03-30T14:06:07.378+0000] {dagbag.py:588} INFO - Filling up the DagBag from /opt/airflow/dags/airflow_1.py
[2025-03-30T14:06:08.073+0000] {logging_mixin.py:190} INFO - [2025-03-30T14:06:08.072+0000] {dagbag.py:387} ERROR - Failed to import: /opt/airflow/dags/airflow_1.py
Traceback (most recent call last):
  File "/home/airflow/.local/lib/python3.12/site-packages/airflow/models/dagbag.py", line 383, in parse
    loader.exec_module(new_module)
  File "<frozen importlib._bootstrap_external>", line 999, in exec_module
  File "<frozen importlib._bootstrap>", line 488, in _call_with_frames_removed
  File "/opt/airflow/dags/airflow_1.py", line 17, in <module>
    import mlflow
ModuleNotFoundError: No module named 'mlflow'
[2025-03-30T14:06:08.074+0000] {processor.py:927} WARNING - No viable dags retrieved from /opt/airflow/dags/airflow_1.py
[2025-03-30T14:06:08.088+0000] {processor.py:208} INFO - Processing /opt/airflow/dags/airflow_1.py took 0.717 seconds
[2025-03-30T14:06:28.884+0000] {processor.py:186} INFO - Started process (PID=1461) to work on /opt/airflow/dags/airflow_1.py
[2025-03-30T14:06:28.885+0000] {processor.py:914} INFO - Processing file /opt/airflow/dags/airflow_1.py for tasks to queue
[2025-03-30T14:06:28.886+0000] {logging_mixin.py:190} INFO - [2025-03-30T14:06:28.886+0000] {dagbag.py:588} INFO - Filling up the DagBag from /opt/airflow/dags/airflow_1.py
[2025-03-30T14:06:29.718+0000] {logging_mixin.py:190} WARNING - WARNING: pip is being invoked by an old script wrapper. This will fail in a future version of pip.
Please see https://github.com/pypa/pip/issues/5599 for advice on fixing the underlying issue.
To avoid this problem you can invoke Python with '-m pip' instead of running pip directly.
[2025-03-30T14:06:30.520+0000] {logging_mixin.py:190} INFO - Collecting mlflow
[2025-03-30T14:06:30.763+0000] {logging_mixin.py:190} INFO -   Downloading mlflow-2.21.2-py3-none-any.whl.metadata (30 kB)
[2025-03-30T14:06:30.990+0000] {logging_mixin.py:190} INFO - Collecting mlflow-skinny==2.21.2 (from mlflow)
[2025-03-30T14:06:31.037+0000] {logging_mixin.py:190} INFO -   Downloading mlflow_skinny-2.21.2-py3-none-any.whl.metadata (31 kB)
[2025-03-30T14:06:31.063+0000] {logging_mixin.py:190} INFO - Requirement already satisfied: Flask<4 in /home/airflow/.local/lib/python3.12/site-packages (from mlflow) (2.2.5)
[2025-03-30T14:06:31.065+0000] {logging_mixin.py:190} INFO - Requirement already satisfied: Jinja2<4,>=2.11 in /home/airflow/.local/lib/python3.12/site-packages (from mlflow) (3.1.5)
[2025-03-30T14:06:31.066+0000] {logging_mixin.py:190} INFO - Requirement already satisfied: alembic!=1.10.0,<2 in /home/airflow/.local/lib/python3.12/site-packages (from mlflow) (1.14.1)
[2025-03-30T14:06:31.067+0000] {logging_mixin.py:190} INFO - Requirement already satisfied: docker<8,>=4.0.0 in /home/airflow/.local/lib/python3.12/site-packages (from mlflow) (7.1.0)
[2025-03-30T14:06:31.255+0000] {logging_mixin.py:190} INFO - Collecting graphene<4 (from mlflow)
[2025-03-30T14:06:31.302+0000] {logging_mixin.py:190} INFO -   Downloading graphene-3.4.3-py2.py3-none-any.whl.metadata (6.9 kB)
[2025-03-30T14:06:31.314+0000] {logging_mixin.py:190} INFO - Requirement already satisfied: gunicorn<24 in /home/airflow/.local/lib/python3.12/site-packages (from mlflow) (23.0.0)
[2025-03-30T14:06:31.381+0000] {logging_mixin.py:190} INFO - Collecting markdown<4,>=3.3 (from mlflow)
[2025-03-30T14:06:31.428+0000] {logging_mixin.py:190} INFO -   Downloading Markdown-3.7-py3-none-any.whl.metadata (7.0 kB)
[2025-03-30T14:06:31.676+0000] {logging_mixin.py:190} INFO - Collecting matplotlib<4 (from mlflow)
[2025-03-30T14:06:31.726+0000] {logging_mixin.py:190} INFO -   Downloading matplotlib-3.10.1-cp312-cp312-manylinux_2_17_x86_64.manylinux2014_x86_64.whl.metadata (11 kB)
[2025-03-30T14:06:31.748+0000] {logging_mixin.py:190} INFO - Requirement already satisfied: numpy<3 in /home/airflow/.local/lib/python3.12/site-packages (from mlflow) (1.26.4)
[2025-03-30T14:06:31.749+0000] {logging_mixin.py:190} INFO - Requirement already satisfied: pandas<3 in /home/airflow/.local/lib/python3.12/site-packages (from mlflow) (2.1.4)
[2025-03-30T14:06:31.750+0000] {logging_mixin.py:190} INFO - Requirement already satisfied: pyarrow<20,>=4.0.0 in /home/airflow/.local/lib/python3.12/site-packages (from mlflow) (19.0.0)
[2025-03-30T14:06:31.750+0000] {logging_mixin.py:190} INFO - Requirement already satisfied: scikit-learn<2 in /home/airflow/.local/lib/python3.12/site-packages (from mlflow) (1.6.1)
[2025-03-30T14:06:31.751+0000] {logging_mixin.py:190} INFO - Requirement already satisfied: scipy<2 in /home/airflow/.local/lib/python3.12/site-packages (from mlflow) (1.15.2)
[2025-03-30T14:06:31.752+0000] {logging_mixin.py:190} INFO - Requirement already satisfied: sqlalchemy<3,>=1.4.0 in /home/airflow/.local/lib/python3.12/site-packages (from mlflow) (1.4.54)
[2025-03-30T14:06:31.754+0000] {logging_mixin.py:190} INFO - Requirement already satisfied: cachetools<6,>=5.0.0 in /home/airflow/.local/lib/python3.12/site-packages (from mlflow-skinny==2.21.2->mlflow) (5.5.1)
[2025-03-30T14:06:31.755+0000] {logging_mixin.py:190} INFO - Requirement already satisfied: click<9,>=7.0 in /home/airflow/.local/lib/python3.12/site-packages (from mlflow-skinny==2.21.2->mlflow) (8.1.8)
[2025-03-30T14:06:31.821+0000] {logging_mixin.py:190} INFO - Collecting cloudpickle<4 (from mlflow-skinny==2.21.2->mlflow)
[2025-03-30T14:06:31.869+0000] {logging_mixin.py:190} INFO -   Downloading cloudpickle-3.1.1-py3-none-any.whl.metadata (7.1 kB)
[2025-03-30T14:06:32.073+0000] {logging_mixin.py:190} INFO - Collecting databricks-sdk<1,>=0.20.0 (from mlflow-skinny==2.21.2->mlflow)
[2025-03-30T14:06:32.128+0000] {logging_mixin.py:190} INFO -   Downloading databricks_sdk-0.49.0-py3-none-any.whl.metadata (38 kB)
[2025-03-30T14:06:32.312+0000] {logging_mixin.py:190} INFO - Collecting fastapi<1 (from mlflow-skinny==2.21.2->mlflow)
[2025-03-30T14:06:32.372+0000] {logging_mixin.py:190} INFO -   Downloading fastapi-0.115.12-py3-none-any.whl.metadata (27 kB)
[2025-03-30T14:06:32.459+0000] {logging_mixin.py:190} INFO - Collecting gitpython<4,>=3.1.9 (from mlflow-skinny==2.21.2->mlflow)
[2025-03-30T14:06:32.506+0000] {logging_mixin.py:190} INFO -   Downloading GitPython-3.1.44-py3-none-any.whl.metadata (13 kB)
[2025-03-30T14:06:32.519+0000] {logging_mixin.py:190} INFO - Requirement already satisfied: importlib_metadata!=4.7.0,<9,>=3.7.0 in /home/airflow/.local/lib/python3.12/site-packages (from mlflow-skinny==2.21.2->mlflow) (6.11.0)
[2025-03-30T14:06:32.520+0000] {logging_mixin.py:190} INFO - Requirement already satisfied: opentelemetry-api<3,>=1.9.0 in /home/airflow/.local/lib/python3.12/site-packages (from mlflow-skinny==2.21.2->mlflow) (1.27.0)
[2025-03-30T14:06:32.520+0000] {logging_mixin.py:190} INFO - Requirement already satisfied: opentelemetry-sdk<3,>=1.9.0 in /home/airflow/.local/lib/python3.12/site-packages (from mlflow-skinny==2.21.2->mlflow) (1.27.0)
[2025-03-30T14:06:32.521+0000] {logging_mixin.py:190} INFO - Requirement already satisfied: packaging<25 in /home/airflow/.local/lib/python3.12/site-packages (from mlflow-skinny==2.21.2->mlflow) (24.2)
[2025-03-30T14:06:32.522+0000] {logging_mixin.py:190} INFO - Requirement already satisfied: protobuf<6,>=3.12.0 in /home/airflow/.local/lib/python3.12/site-packages (from mlflow-skinny==2.21.2->mlflow) (4.25.6)
[2025-03-30T14:06:32.523+0000] {logging_mixin.py:190} INFO - Requirement already satisfied: pydantic<3,>=1.10.8 in /home/airflow/.local/lib/python3.12/site-packages (from mlflow-skinny==2.21.2->mlflow) (2.10.6)
[2025-03-30T14:06:32.523+0000] {logging_mixin.py:190} INFO - Requirement already satisfied: pyyaml<7,>=5.1 in /home/airflow/.local/lib/python3.12/site-packages (from mlflow-skinny==2.21.2->mlflow) (6.0.2)
[2025-03-30T14:06:32.524+0000] {logging_mixin.py:190} INFO - Requirement already satisfied: requests<3,>=2.17.3 in /home/airflow/.local/lib/python3.12/site-packages (from mlflow-skinny==2.21.2->mlflow) (2.32.3)
[2025-03-30T14:06:32.525+0000] {logging_mixin.py:190} INFO - Requirement already satisfied: sqlparse<1,>=0.4.0 in /home/airflow/.local/lib/python3.12/site-packages (from mlflow-skinny==2.21.2->mlflow) (0.5.3)
[2025-03-30T14:06:32.526+0000] {logging_mixin.py:190} INFO - Requirement already satisfied: typing-extensions<5,>=4.0.0 in /home/airflow/.local/lib/python3.12/site-packages (from mlflow-skinny==2.21.2->mlflow) (4.12.2)
[2025-03-30T14:06:32.598+0000] {logging_mixin.py:190} INFO - Collecting uvicorn<1 (from mlflow-skinny==2.21.2->mlflow)
[2025-03-30T14:06:32.644+0000] {logging_mixin.py:190} INFO -   Downloading uvicorn-0.34.0-py3-none-any.whl.metadata (6.5 kB)
[2025-03-30T14:06:32.657+0000] {logging_mixin.py:190} INFO - Requirement already satisfied: Mako in /home/airflow/.local/lib/python3.12/site-packages (from alembic!=1.10.0,<2->mlflow) (1.3.8)
[2025-03-30T14:06:32.661+0000] {logging_mixin.py:190} INFO - Requirement already satisfied: urllib3>=1.26.0 in /home/airflow/.local/lib/python3.12/site-packages (from docker<8,>=4.0.0->mlflow) (2.3.0)
[2025-03-30T14:06:32.664+0000] {logging_mixin.py:190} INFO - Requirement already satisfied: Werkzeug>=2.2.2 in /home/airflow/.local/lib/python3.12/site-packages (from Flask<4->mlflow) (2.2.3)
[2025-03-30T14:06:32.666+0000] {logging_mixin.py:190} INFO - Requirement already satisfied: itsdangerous>=2.0 in /home/airflow/.local/lib/python3.12/site-packages (from Flask<4->mlflow) (2.2.0)
[2025-03-30T14:06:32.735+0000] {logging_mixin.py:190} INFO - Collecting graphql-core<3.3,>=3.1 (from graphene<4->mlflow)
[2025-03-30T14:06:32.782+0000] {logging_mixin.py:190} INFO -   Downloading graphql_core-3.2.6-py3-none-any.whl.metadata (11 kB)
[2025-03-30T14:06:33.011+0000] {logging_mixin.py:190} INFO - Collecting graphql-relay<3.3,>=3.1 (from graphene<4->mlflow)
[2025-03-30T14:06:33.073+0000] {logging_mixin.py:190} INFO -   Downloading graphql_relay-3.2.0-py3-none-any.whl.metadata (12 kB)
[2025-03-30T14:06:33.086+0000] {logging_mixin.py:190} INFO - Requirement already satisfied: python-dateutil<3,>=2.7.0 in /home/airflow/.local/lib/python3.12/site-packages (from graphene<4->mlflow) (2.9.0.post0)
[2025-03-30T14:06:33.094+0000] {logging_mixin.py:190} INFO - Requirement already satisfied: MarkupSafe>=2.0 in /home/airflow/.local/lib/python3.12/site-packages (from Jinja2<4,>=2.11->mlflow) (3.0.2)
[2025-03-30T14:06:33.198+0000] {logging_mixin.py:190} INFO - Collecting contourpy>=1.0.1 (from matplotlib<4->mlflow)
[2025-03-30T14:06:33.246+0000] {logging_mixin.py:190} INFO -   Downloading contourpy-1.3.1-cp312-cp312-manylinux_2_17_x86_64.manylinux2014_x86_64.whl.metadata (5.4 kB)
[2025-03-30T14:06:33.313+0000] {logging_mixin.py:190} INFO - Collecting cycler>=0.10 (from matplotlib<4->mlflow)
[2025-03-30T14:06:33.359+0000] {logging_mixin.py:190} INFO -   Downloading cycler-0.12.1-py3-none-any.whl.metadata (3.8 kB)
[2025-03-30T14:06:33.656+0000] {logging_mixin.py:190} INFO - Collecting fonttools>=4.22.0 (from matplotlib<4->mlflow)
[2025-03-30T14:06:33.706+0000] {logging_mixin.py:190} INFO -   Downloading fonttools-4.56.0-cp312-cp312-manylinux_2_5_x86_64.manylinux1_x86_64.manylinux_2_17_x86_64.manylinux2014_x86_64.whl.metadata (101 kB)
[2025-03-30T14:06:33.856+0000] {logging_mixin.py:190} INFO - Collecting kiwisolver>=1.3.1 (from matplotlib<4->mlflow)
[2025-03-30T14:06:33.903+0000] {logging_mixin.py:190} INFO -   Downloading kiwisolver-1.4.8-cp312-cp312-manylinux_2_17_x86_64.manylinux2014_x86_64.whl.metadata (6.2 kB)
[2025-03-30T14:06:34.075+0000] {logging_mixin.py:190} INFO - Collecting pillow>=8 (from matplotlib<4->mlflow)
[2025-03-30T14:06:34.126+0000] {logging_mixin.py:190} INFO -   Downloading pillow-11.1.0-cp312-cp312-manylinux_2_28_x86_64.whl.metadata (9.1 kB)
[2025-03-30T14:06:34.149+0000] {logging_mixin.py:190} INFO - Requirement already satisfied: pyparsing>=2.3.1 in /home/airflow/.local/lib/python3.12/site-packages (from matplotlib<4->mlflow) (3.2.1)
[2025-03-30T14:06:34.162+0000] {logging_mixin.py:190} INFO - Requirement already satisfied: pytz>=2020.1 in /home/airflow/.local/lib/python3.12/site-packages (from pandas<3->mlflow) (2025.1)
[2025-03-30T14:06:34.163+0000] {logging_mixin.py:190} INFO - Requirement already satisfied: tzdata>=2022.1 in /home/airflow/.local/lib/python3.12/site-packages (from pandas<3->mlflow) (2025.1)
[2025-03-30T14:06:34.171+0000] {logging_mixin.py:190} INFO - Requirement already satisfied: joblib>=1.2.0 in /home/airflow/.local/lib/python3.12/site-packages (from scikit-learn<2->mlflow) (1.4.2)
[2025-03-30T14:06:34.172+0000] {logging_mixin.py:190} INFO - Requirement already satisfied: threadpoolctl>=3.1.0 in /home/airflow/.local/lib/python3.12/site-packages (from scikit-learn<2->mlflow) (3.6.0)
[2025-03-30T14:06:34.186+0000] {logging_mixin.py:190} INFO - Requirement already satisfied: greenlet!=0.4.17 in /home/airflow/.local/lib/python3.12/site-packages (from sqlalchemy<3,>=1.4.0->mlflow) (3.1.1)
[2025-03-30T14:06:34.194+0000] {logging_mixin.py:190} INFO - Requirement already satisfied: google-auth~=2.0 in /home/airflow/.local/lib/python3.12/site-packages (from databricks-sdk<1,>=0.20.0->mlflow-skinny==2.21.2->mlflow) (2.38.0)
[2025-03-30T14:06:34.271+0000] {logging_mixin.py:190} INFO - Collecting starlette<0.47.0,>=0.40.0 (from fastapi<1->mlflow-skinny==2.21.2->mlflow)
[2025-03-30T14:06:34.318+0000] {logging_mixin.py:190} INFO -   Downloading starlette-0.46.1-py3-none-any.whl.metadata (6.2 kB)
[2025-03-30T14:06:34.398+0000] {logging_mixin.py:190} INFO - Collecting gitdb<5,>=4.0.1 (from gitpython<4,>=3.1.9->mlflow-skinny==2.21.2->mlflow)
[2025-03-30T14:06:34.445+0000] {logging_mixin.py:190} INFO -   Downloading gitdb-4.0.12-py3-none-any.whl.metadata (1.2 kB)
[2025-03-30T14:06:34.468+0000] {logging_mixin.py:190} INFO - Requirement already satisfied: zipp>=0.5 in /home/airflow/.local/lib/python3.12/site-packages (from importlib_metadata!=4.7.0,<9,>=3.7.0->mlflow-skinny==2.21.2->mlflow) (3.21.0)
[2025-03-30T14:06:34.474+0000] {logging_mixin.py:190} INFO - Requirement already satisfied: deprecated>=1.2.6 in /home/airflow/.local/lib/python3.12/site-packages (from opentelemetry-api<3,>=1.9.0->mlflow-skinny==2.21.2->mlflow) (1.2.18)
[2025-03-30T14:06:34.477+0000] {logging_mixin.py:190} INFO - Requirement already satisfied: opentelemetry-semantic-conventions==0.48b0 in /home/airflow/.local/lib/python3.12/site-packages (from opentelemetry-sdk<3,>=1.9.0->mlflow-skinny==2.21.2->mlflow) (0.48b0)
[2025-03-30T14:06:34.485+0000] {logging_mixin.py:190} INFO - Requirement already satisfied: annotated-types>=0.6.0 in /home/airflow/.local/lib/python3.12/site-packages (from pydantic<3,>=1.10.8->mlflow-skinny==2.21.2->mlflow) (0.7.0)
[2025-03-30T14:06:34.486+0000] {logging_mixin.py:190} INFO - Requirement already satisfied: pydantic-core==2.27.2 in /home/airflow/.local/lib/python3.12/site-packages (from pydantic<3,>=1.10.8->mlflow-skinny==2.21.2->mlflow) (2.27.2)
[2025-03-30T14:06:34.491+0000] {logging_mixin.py:190} INFO - Requirement already satisfied: six>=1.5 in /home/airflow/.local/lib/python3.12/site-packages (from python-dateutil<3,>=2.7.0->graphene<4->mlflow) (1.17.0)
[2025-03-30T14:06:34.496+0000] {logging_mixin.py:190} INFO - Requirement already satisfied: charset-normalizer<4,>=2 in /home/airflow/.local/lib/python3.12/site-packages (from requests<3,>=2.17.3->mlflow-skinny==2.21.2->mlflow) (3.4.1)
[2025-03-30T14:06:34.497+0000] {logging_mixin.py:190} INFO - Requirement already satisfied: idna<4,>=2.5 in /home/airflow/.local/lib/python3.12/site-packages (from requests<3,>=2.17.3->mlflow-skinny==2.21.2->mlflow) (3.10)
[2025-03-30T14:06:34.498+0000] {logging_mixin.py:190} INFO - Requirement already satisfied: certifi>=2017.4.17 in /home/airflow/.local/lib/python3.12/site-packages (from requests<3,>=2.17.3->mlflow-skinny==2.21.2->mlflow) (2025.1.31)
[2025-03-30T14:06:34.507+0000] {logging_mixin.py:190} INFO - Requirement already satisfied: h11>=0.8 in /home/airflow/.local/lib/python3.12/site-packages (from uvicorn<1->mlflow-skinny==2.21.2->mlflow) (0.14.0)
[2025-03-30T14:06:34.517+0000] {logging_mixin.py:190} INFO - Requirement already satisfied: wrapt<2,>=1.10 in /home/airflow/.local/lib/python3.12/site-packages (from deprecated>=1.2.6->opentelemetry-api<3,>=1.9.0->mlflow-skinny==2.21.2->mlflow) (1.17.2)
[2025-03-30T14:06:34.580+0000] {logging_mixin.py:190} INFO - Collecting smmap<6,>=3.0.1 (from gitdb<5,>=4.0.1->gitpython<4,>=3.1.9->mlflow-skinny==2.21.2->mlflow)
[2025-03-30T14:06:34.627+0000] {logging_mixin.py:190} INFO -   Downloading smmap-5.0.2-py3-none-any.whl.metadata (4.3 kB)
[2025-03-30T14:06:34.649+0000] {logging_mixin.py:190} INFO - Requirement already satisfied: pyasn1-modules>=0.2.1 in /home/airflow/.local/lib/python3.12/site-packages (from google-auth~=2.0->databricks-sdk<1,>=0.20.0->mlflow-skinny==2.21.2->mlflow) (0.4.0)
[2025-03-30T14:06:34.650+0000] {logging_mixin.py:190} INFO - Requirement already satisfied: rsa<5,>=3.1.4 in /home/airflow/.local/lib/python3.12/site-packages (from google-auth~=2.0->databricks-sdk<1,>=0.20.0->mlflow-skinny==2.21.2->mlflow) (4.9)
[2025-03-30T14:06:34.657+0000] {logging_mixin.py:190} INFO - Requirement already satisfied: anyio<5,>=3.6.2 in /home/airflow/.local/lib/python3.12/site-packages (from starlette<0.47.0,>=0.40.0->fastapi<1->mlflow-skinny==2.21.2->mlflow) (4.8.0)
[2025-03-30T14:06:34.663+0000] {logging_mixin.py:190} INFO - Requirement already satisfied: sniffio>=1.1 in /home/airflow/.local/lib/python3.12/site-packages (from anyio<5,>=3.6.2->starlette<0.47.0,>=0.40.0->fastapi<1->mlflow-skinny==2.21.2->mlflow) (1.3.1)
[2025-03-30T14:06:34.666+0000] {logging_mixin.py:190} INFO - Requirement already satisfied: pyasn1<0.7.0,>=0.4.6 in /home/airflow/.local/lib/python3.12/site-packages (from pyasn1-modules>=0.2.1->google-auth~=2.0->databricks-sdk<1,>=0.20.0->mlflow-skinny==2.21.2->mlflow) (0.6.1)
[2025-03-30T14:06:34.721+0000] {logging_mixin.py:190} INFO - Downloading mlflow-2.21.2-py3-none-any.whl (28.2 MB)
[2025-03-30T14:06:35.697+0000] {logging_mixin.py:190} INFO -    ━━━━━━━━━━━━━━━━━━━━━━━━━━━━━━━━━━━━━━━━ 28.2/28.2 MB 30.3 MB/s eta 0:00:00
[2025-03-30T14:06:35.746+0000] {logging_mixin.py:190} INFO - Downloading mlflow_skinny-2.21.2-py3-none-any.whl (6.1 MB)
[2025-03-30T14:06:35.925+0000] {logging_mixin.py:190} INFO -    ━━━━━━━━━━━━━━━━━━━━━━━━━━━━━━━━━━━━━━━━ 6.1/6.1 MB 34.0 MB/s eta 0:00:00
[2025-03-30T14:06:35.972+0000] {logging_mixin.py:190} INFO - Downloading graphene-3.4.3-py2.py3-none-any.whl (114 kB)
[2025-03-30T14:06:36.027+0000] {logging_mixin.py:190} INFO - Downloading Markdown-3.7-py3-none-any.whl (106 kB)
[2025-03-30T14:06:36.085+0000] {logging_mixin.py:190} INFO - Downloading matplotlib-3.10.1-cp312-cp312-manylinux_2_17_x86_64.manylinux2014_x86_64.whl (8.6 MB)
[2025-03-30T14:06:36.349+0000] {logging_mixin.py:190} INFO -    ━━━━━━━━━━━━━━━━━━━━━━━━━━━━━━━━━━━━━━━━ 8.6/8.6 MB 32.7 MB/s eta 0:00:00
[2025-03-30T14:06:36.396+0000] {logging_mixin.py:190} INFO - Downloading cloudpickle-3.1.1-py3-none-any.whl (20 kB)
[2025-03-30T14:06:36.450+0000] {logging_mixin.py:190} INFO - Downloading contourpy-1.3.1-cp312-cp312-manylinux_2_17_x86_64.manylinux2014_x86_64.whl (323 kB)
[2025-03-30T14:06:36.510+0000] {logging_mixin.py:190} INFO - Downloading cycler-0.12.1-py3-none-any.whl (8.3 kB)
[2025-03-30T14:06:36.571+0000] {logging_mixin.py:190} INFO - Downloading databricks_sdk-0.49.0-py3-none-any.whl (683 kB)
[2025-03-30T14:06:36.595+0000] {logging_mixin.py:190} INFO -    ━━━━━━━━━━━━━━━━━━━━━━━━━━━━━━━━━━━━━━━━ 684.0/684.0 kB 24.0 MB/s eta 0:00:00
[2025-03-30T14:06:36.642+0000] {logging_mixin.py:190} INFO - Downloading fastapi-0.115.12-py3-none-any.whl (95 kB)
[2025-03-30T14:06:36.702+0000] {logging_mixin.py:190} INFO - Downloading fonttools-4.56.0-cp312-cp312-manylinux_2_5_x86_64.manylinux1_x86_64.manylinux_2_17_x86_64.manylinux2014_x86_64.whl (4.9 MB)
[2025-03-30T14:06:36.845+0000] {logging_mixin.py:190} INFO -    ━━━━━━━━━━━━━━━━━━━━━━━━━━━━━━━━━━━━━━━━ 4.9/4.9 MB 33.6 MB/s eta 0:00:00
[2025-03-30T14:06:36.891+0000] {logging_mixin.py:190} INFO - Downloading GitPython-3.1.44-py3-none-any.whl (207 kB)
[2025-03-30T14:06:36.950+0000] {logging_mixin.py:190} INFO - Downloading graphql_core-3.2.6-py3-none-any.whl (203 kB)
[2025-03-30T14:06:37.010+0000] {logging_mixin.py:190} INFO - Downloading graphql_relay-3.2.0-py3-none-any.whl (16 kB)
[2025-03-30T14:06:37.069+0000] {logging_mixin.py:190} INFO - Downloading kiwisolver-1.4.8-cp312-cp312-manylinux_2_17_x86_64.manylinux2014_x86_64.whl (1.5 MB)
[2025-03-30T14:06:37.116+0000] {logging_mixin.py:190} INFO -    ━━━━━━━━━━━━━━━━━━━━━━━━━━━━━━━━━━━━━━━━ 1.5/1.5 MB 30.4 MB/s eta 0:00:00
[2025-03-30T14:06:37.163+0000] {logging_mixin.py:190} INFO - Downloading pillow-11.1.0-cp312-cp312-manylinux_2_28_x86_64.whl (4.5 MB)
[2025-03-30T14:06:37.290+0000] {logging_mixin.py:190} INFO -    ━━━━━━━━━━━━━━━━━━━━━━━━━━━━━━━━━━━━━━━━ 4.5/4.5 MB 35.4 MB/s eta 0:00:00
[2025-03-30T14:06:37.338+0000] {logging_mixin.py:190} INFO - Downloading uvicorn-0.34.0-py3-none-any.whl (62 kB)
[2025-03-30T14:06:37.391+0000] {logging_mixin.py:190} INFO - Downloading gitdb-4.0.12-py3-none-any.whl (62 kB)
[2025-03-30T14:06:37.444+0000] {logging_mixin.py:190} INFO - Downloading starlette-0.46.1-py3-none-any.whl (71 kB)
[2025-03-30T14:06:37.499+0000] {logging_mixin.py:190} INFO - Downloading smmap-5.0.2-py3-none-any.whl (24 kB)
[2025-03-30T14:06:38.131+0000] {logging_mixin.py:190} INFO - Installing collected packages: uvicorn, smmap, pillow, markdown, kiwisolver, graphql-core, fonttools, cycler, contourpy, cloudpickle, starlette, matplotlib, graphql-relay, gitdb, graphene, gitpython, fastapi, databricks-sdk, mlflow-skinny, mlflow
[2025-03-30T14:06:44.667+0000] {logging_mixin.py:190} INFO - Successfully installed cloudpickle-3.1.1 contourpy-1.3.1 cycler-0.12.1 databricks-sdk-0.49.0 fastapi-0.115.12 fonttools-4.56.0 gitdb-4.0.12 gitpython-3.1.44 graphene-3.4.3 graphql-core-3.2.6 graphql-relay-3.2.0 kiwisolver-1.4.8 markdown-3.7 matplotlib-3.10.1 mlflow-2.21.2 mlflow-skinny-2.21.2 pillow-11.1.0 smmap-5.0.2 starlette-0.46.1 uvicorn-0.34.0
[2025-03-30T14:06:44.695+0000] {logging_mixin.py:190} WARNING - 
[notice] A new release of pip is available: 25.0 -> 25.0.1
[notice] To update, run: pip install --upgrade pip
[2025-03-30T14:06:46.075+0000] {processor.py:925} INFO - DAG(s) 'train_pipelines' retrieved from /opt/airflow/dags/airflow_1.py
[2025-03-30T14:06:46.178+0000] {logging_mixin.py:190} INFO - Sync 1 DAGs
[2025-03-30T14:06:46.198+0000] {logging_mixin.py:190} INFO - Setting next_dagrun for train_pipelines to 2025-03-30 14:00:00+00:00, run_after=2025-03-30 14:05:00+00:00
[2025-03-30T14:06:46.221+0000] {processor.py:208} INFO - Processing /opt/airflow/dags/airflow_1.py took 17.343 seconds
[2025-03-30T14:07:16.300+0000] {processor.py:186} INFO - Started process (PID=1591) to work on /opt/airflow/dags/airflow_1.py
[2025-03-30T14:07:16.301+0000] {processor.py:914} INFO - Processing file /opt/airflow/dags/airflow_1.py for tasks to queue
[2025-03-30T14:07:16.302+0000] {logging_mixin.py:190} INFO - [2025-03-30T14:07:16.302+0000] {dagbag.py:588} INFO - Filling up the DagBag from /opt/airflow/dags/airflow_1.py
[2025-03-30T14:07:18.146+0000] {processor.py:925} INFO - DAG(s) 'train_pipelines' retrieved from /opt/airflow/dags/airflow_1.py
[2025-03-30T14:07:18.162+0000] {logging_mixin.py:190} INFO - [2025-03-30T14:07:18.162+0000] {dag.py:3239} INFO - Sync 1 DAGs
[2025-03-30T14:07:18.179+0000] {logging_mixin.py:190} INFO - [2025-03-30T14:07:18.179+0000] {dag.py:4180} INFO - Setting next_dagrun for train_pipelines to 2025-03-30 14:00:00+00:00, run_after=2025-03-30 14:05:00+00:00
[2025-03-30T14:07:18.203+0000] {processor.py:208} INFO - Processing /opt/airflow/dags/airflow_1.py took 1.911 seconds
[2025-03-30T14:07:48.791+0000] {processor.py:186} INFO - Started process (PID=1666) to work on /opt/airflow/dags/airflow_1.py
[2025-03-30T14:07:48.792+0000] {processor.py:914} INFO - Processing file /opt/airflow/dags/airflow_1.py for tasks to queue
[2025-03-30T14:07:48.794+0000] {logging_mixin.py:190} INFO - [2025-03-30T14:07:48.793+0000] {dagbag.py:588} INFO - Filling up the DagBag from /opt/airflow/dags/airflow_1.py
[2025-03-30T14:07:51.165+0000] {processor.py:925} INFO - DAG(s) 'train_pipelines' retrieved from /opt/airflow/dags/airflow_1.py
[2025-03-30T14:07:51.180+0000] {logging_mixin.py:190} INFO - [2025-03-30T14:07:51.179+0000] {dag.py:3239} INFO - Sync 1 DAGs
[2025-03-30T14:07:51.207+0000] {processor.py:208} INFO - Processing /opt/airflow/dags/airflow_1.py took 2.424 seconds
[2025-03-30T14:08:21.443+0000] {processor.py:186} INFO - Started process (PID=1741) to work on /opt/airflow/dags/airflow_1.py
[2025-03-30T14:08:21.445+0000] {processor.py:914} INFO - Processing file /opt/airflow/dags/airflow_1.py for tasks to queue
[2025-03-30T14:08:21.447+0000] {logging_mixin.py:190} INFO - [2025-03-30T14:08:21.447+0000] {dagbag.py:588} INFO - Filling up the DagBag from /opt/airflow/dags/airflow_1.py
[2025-03-30T14:08:25.697+0000] {processor.py:925} INFO - DAG(s) 'train_pipelines' retrieved from /opt/airflow/dags/airflow_1.py
[2025-03-30T14:08:25.717+0000] {logging_mixin.py:190} INFO - [2025-03-30T14:08:25.716+0000] {dag.py:3239} INFO - Sync 1 DAGs
[2025-03-30T14:08:25.766+0000] {processor.py:208} INFO - Processing /opt/airflow/dags/airflow_1.py took 4.337 seconds
[2025-03-30T14:08:56.350+0000] {processor.py:186} INFO - Started process (PID=1816) to work on /opt/airflow/dags/airflow_1.py
[2025-03-30T14:08:56.351+0000] {processor.py:914} INFO - Processing file /opt/airflow/dags/airflow_1.py for tasks to queue
[2025-03-30T14:08:56.353+0000] {logging_mixin.py:190} INFO - [2025-03-30T14:08:56.352+0000] {dagbag.py:588} INFO - Filling up the DagBag from /opt/airflow/dags/airflow_1.py
[2025-03-30T14:08:58.737+0000] {processor.py:925} INFO - DAG(s) 'train_pipelines' retrieved from /opt/airflow/dags/airflow_1.py
[2025-03-30T14:08:58.751+0000] {logging_mixin.py:190} INFO - [2025-03-30T14:08:58.751+0000] {dag.py:3239} INFO - Sync 1 DAGs
[2025-03-30T14:08:58.768+0000] {logging_mixin.py:190} INFO - [2025-03-30T14:08:58.767+0000] {dag.py:4180} INFO - Setting next_dagrun for train_pipelines to 2025-03-30 14:05:00+00:00, run_after=2025-03-30 14:10:00+00:00
[2025-03-30T14:08:58.779+0000] {processor.py:208} INFO - Processing /opt/airflow/dags/airflow_1.py took 2.436 seconds
[2025-03-30T14:09:29.341+0000] {processor.py:186} INFO - Started process (PID=1900) to work on /opt/airflow/dags/airflow_1.py
[2025-03-30T14:09:29.342+0000] {processor.py:914} INFO - Processing file /opt/airflow/dags/airflow_1.py for tasks to queue
[2025-03-30T14:09:29.343+0000] {logging_mixin.py:190} INFO - [2025-03-30T14:09:29.343+0000] {dagbag.py:588} INFO - Filling up the DagBag from /opt/airflow/dags/airflow_1.py
[2025-03-30T14:09:31.115+0000] {processor.py:925} INFO - DAG(s) 'train_pipelines' retrieved from /opt/airflow/dags/airflow_1.py
[2025-03-30T14:09:31.132+0000] {logging_mixin.py:190} INFO - [2025-03-30T14:09:31.132+0000] {dag.py:3239} INFO - Sync 1 DAGs
[2025-03-30T14:09:31.157+0000] {logging_mixin.py:190} INFO - [2025-03-30T14:09:31.157+0000] {dag.py:4180} INFO - Setting next_dagrun for train_pipelines to 2025-03-30 14:05:00+00:00, run_after=2025-03-30 14:10:00+00:00
[2025-03-30T14:09:31.172+0000] {processor.py:208} INFO - Processing /opt/airflow/dags/airflow_1.py took 1.838 seconds
[2025-03-30T14:10:01.275+0000] {processor.py:186} INFO - Started process (PID=1982) to work on /opt/airflow/dags/airflow_1.py
[2025-03-30T14:10:01.276+0000] {processor.py:914} INFO - Processing file /opt/airflow/dags/airflow_1.py for tasks to queue
[2025-03-30T14:10:01.279+0000] {logging_mixin.py:190} INFO - [2025-03-30T14:10:01.279+0000] {dagbag.py:588} INFO - Filling up the DagBag from /opt/airflow/dags/airflow_1.py
[2025-03-30T14:10:04.504+0000] {processor.py:925} INFO - DAG(s) 'train_pipelines' retrieved from /opt/airflow/dags/airflow_1.py
[2025-03-30T14:10:04.537+0000] {logging_mixin.py:190} INFO - [2025-03-30T14:10:04.536+0000] {dag.py:3239} INFO - Sync 1 DAGs
[2025-03-30T14:10:04.617+0000] {processor.py:208} INFO - Processing /opt/airflow/dags/airflow_1.py took 3.358 seconds
[2025-03-30T14:10:35.010+0000] {processor.py:186} INFO - Started process (PID=2071) to work on /opt/airflow/dags/airflow_1.py
[2025-03-30T14:10:35.012+0000] {processor.py:914} INFO - Processing file /opt/airflow/dags/airflow_1.py for tasks to queue
[2025-03-30T14:10:35.013+0000] {logging_mixin.py:190} INFO - [2025-03-30T14:10:35.013+0000] {dagbag.py:588} INFO - Filling up the DagBag from /opt/airflow/dags/airflow_1.py
[2025-03-30T14:10:37.165+0000] {processor.py:925} INFO - DAG(s) 'train_pipelines' retrieved from /opt/airflow/dags/airflow_1.py
[2025-03-30T14:10:37.186+0000] {logging_mixin.py:190} INFO - [2025-03-30T14:10:37.185+0000] {dag.py:3239} INFO - Sync 1 DAGs
[2025-03-30T14:10:37.220+0000] {processor.py:208} INFO - Processing /opt/airflow/dags/airflow_1.py took 2.219 seconds
[2025-03-30T14:11:07.752+0000] {processor.py:186} INFO - Started process (PID=2146) to work on /opt/airflow/dags/airflow_1.py
[2025-03-30T14:11:07.758+0000] {processor.py:914} INFO - Processing file /opt/airflow/dags/airflow_1.py for tasks to queue
[2025-03-30T14:11:07.761+0000] {logging_mixin.py:190} INFO - [2025-03-30T14:11:07.761+0000] {dagbag.py:588} INFO - Filling up the DagBag from /opt/airflow/dags/airflow_1.py
[2025-03-30T14:11:11.475+0000] {processor.py:925} INFO - DAG(s) 'train_pipelines' retrieved from /opt/airflow/dags/airflow_1.py
[2025-03-30T14:11:11.503+0000] {logging_mixin.py:190} INFO - [2025-03-30T14:11:11.502+0000] {dag.py:3239} INFO - Sync 1 DAGs
[2025-03-30T14:11:11.565+0000] {processor.py:208} INFO - Processing /opt/airflow/dags/airflow_1.py took 3.826 seconds
[2025-03-30T14:11:42.131+0000] {processor.py:186} INFO - Started process (PID=2221) to work on /opt/airflow/dags/airflow_1.py
[2025-03-30T14:11:42.132+0000] {processor.py:914} INFO - Processing file /opt/airflow/dags/airflow_1.py for tasks to queue
[2025-03-30T14:11:42.133+0000] {logging_mixin.py:190} INFO - [2025-03-30T14:11:42.133+0000] {dagbag.py:588} INFO - Filling up the DagBag from /opt/airflow/dags/airflow_1.py
[2025-03-30T14:11:44.147+0000] {processor.py:925} INFO - DAG(s) 'train_pipelines' retrieved from /opt/airflow/dags/airflow_1.py
[2025-03-30T14:11:44.161+0000] {logging_mixin.py:190} INFO - [2025-03-30T14:11:44.161+0000] {dag.py:3239} INFO - Sync 1 DAGs
[2025-03-30T14:11:44.177+0000] {logging_mixin.py:190} INFO - [2025-03-30T14:11:44.177+0000] {dag.py:4180} INFO - Setting next_dagrun for train_pipelines to 2025-03-30 14:10:00+00:00, run_after=2025-03-30 14:15:00+00:00
[2025-03-30T14:11:44.204+0000] {processor.py:208} INFO - Processing /opt/airflow/dags/airflow_1.py took 2.081 seconds
[2025-03-30T14:12:14.260+0000] {processor.py:186} INFO - Started process (PID=2296) to work on /opt/airflow/dags/airflow_1.py
[2025-03-30T14:12:14.262+0000] {processor.py:914} INFO - Processing file /opt/airflow/dags/airflow_1.py for tasks to queue
[2025-03-30T14:12:14.265+0000] {logging_mixin.py:190} INFO - [2025-03-30T14:12:14.264+0000] {dagbag.py:588} INFO - Filling up the DagBag from /opt/airflow/dags/airflow_1.py
[2025-03-30T14:12:18.541+0000] {processor.py:925} INFO - DAG(s) 'train_pipelines' retrieved from /opt/airflow/dags/airflow_1.py
[2025-03-30T14:12:18.566+0000] {logging_mixin.py:190} INFO - [2025-03-30T14:12:18.566+0000] {dag.py:3239} INFO - Sync 1 DAGs
[2025-03-30T14:12:18.610+0000] {processor.py:208} INFO - Processing /opt/airflow/dags/airflow_1.py took 4.361 seconds
[2025-03-30T14:12:48.689+0000] {processor.py:186} INFO - Started process (PID=2383) to work on /opt/airflow/dags/airflow_1.py
[2025-03-30T14:12:48.690+0000] {processor.py:914} INFO - Processing file /opt/airflow/dags/airflow_1.py for tasks to queue
[2025-03-30T14:12:48.691+0000] {logging_mixin.py:190} INFO - [2025-03-30T14:12:48.691+0000] {dagbag.py:588} INFO - Filling up the DagBag from /opt/airflow/dags/airflow_1.py
[2025-03-30T14:12:50.739+0000] {processor.py:925} INFO - DAG(s) 'train_pipelines' retrieved from /opt/airflow/dags/airflow_1.py
[2025-03-30T14:12:50.756+0000] {logging_mixin.py:190} INFO - [2025-03-30T14:12:50.755+0000] {dag.py:3239} INFO - Sync 1 DAGs
[2025-03-30T14:12:50.778+0000] {logging_mixin.py:190} INFO - [2025-03-30T14:12:50.778+0000] {dag.py:4180} INFO - Setting next_dagrun for train_pipelines to 2025-03-30 14:10:00+00:00, run_after=2025-03-30 14:15:00+00:00
[2025-03-30T14:12:50.794+0000] {processor.py:208} INFO - Processing /opt/airflow/dags/airflow_1.py took 2.114 seconds
[2025-03-30T14:13:21.252+0000] {processor.py:186} INFO - Started process (PID=2459) to work on /opt/airflow/dags/airflow_1.py
[2025-03-30T14:13:21.253+0000] {processor.py:914} INFO - Processing file /opt/airflow/dags/airflow_1.py for tasks to queue
[2025-03-30T14:13:21.256+0000] {logging_mixin.py:190} INFO - [2025-03-30T14:13:21.256+0000] {dagbag.py:588} INFO - Filling up the DagBag from /opt/airflow/dags/airflow_1.py
[2025-03-30T14:13:23.163+0000] {processor.py:925} INFO - DAG(s) 'train_pipelines' retrieved from /opt/airflow/dags/airflow_1.py
[2025-03-30T14:13:23.178+0000] {logging_mixin.py:190} INFO - [2025-03-30T14:13:23.177+0000] {dag.py:3239} INFO - Sync 1 DAGs
[2025-03-30T14:13:23.194+0000] {logging_mixin.py:190} INFO - [2025-03-30T14:13:23.193+0000] {dag.py:4180} INFO - Setting next_dagrun for train_pipelines to 2025-03-30 14:10:00+00:00, run_after=2025-03-30 14:15:00+00:00
[2025-03-30T14:13:23.219+0000] {processor.py:208} INFO - Processing /opt/airflow/dags/airflow_1.py took 1.976 seconds
[2025-03-30T14:13:53.697+0000] {processor.py:186} INFO - Started process (PID=2540) to work on /opt/airflow/dags/airflow_1.py
[2025-03-30T14:13:53.698+0000] {processor.py:914} INFO - Processing file /opt/airflow/dags/airflow_1.py for tasks to queue
[2025-03-30T14:13:53.699+0000] {logging_mixin.py:190} INFO - [2025-03-30T14:13:53.699+0000] {dagbag.py:588} INFO - Filling up the DagBag from /opt/airflow/dags/airflow_1.py
[2025-03-30T14:13:55.365+0000] {processor.py:925} INFO - DAG(s) 'train_pipelines' retrieved from /opt/airflow/dags/airflow_1.py
[2025-03-30T14:13:55.380+0000] {logging_mixin.py:190} INFO - [2025-03-30T14:13:55.379+0000] {dag.py:3239} INFO - Sync 1 DAGs
[2025-03-30T14:13:55.397+0000] {logging_mixin.py:190} INFO - [2025-03-30T14:13:55.397+0000] {dag.py:4180} INFO - Setting next_dagrun for train_pipelines to 2025-03-30 14:10:00+00:00, run_after=2025-03-30 14:15:00+00:00
[2025-03-30T14:13:55.424+0000] {processor.py:208} INFO - Processing /opt/airflow/dags/airflow_1.py took 1.734 seconds
[2025-03-30T14:14:25.542+0000] {processor.py:186} INFO - Started process (PID=2615) to work on /opt/airflow/dags/airflow_1.py
[2025-03-30T14:14:25.543+0000] {processor.py:914} INFO - Processing file /opt/airflow/dags/airflow_1.py for tasks to queue
[2025-03-30T14:14:25.544+0000] {logging_mixin.py:190} INFO - [2025-03-30T14:14:25.544+0000] {dagbag.py:588} INFO - Filling up the DagBag from /opt/airflow/dags/airflow_1.py
[2025-03-30T14:14:27.396+0000] {processor.py:925} INFO - DAG(s) 'train_pipelines' retrieved from /opt/airflow/dags/airflow_1.py
[2025-03-30T14:14:27.413+0000] {logging_mixin.py:190} INFO - [2025-03-30T14:14:27.413+0000] {dag.py:3239} INFO - Sync 1 DAGs
[2025-03-30T14:14:27.433+0000] {logging_mixin.py:190} INFO - [2025-03-30T14:14:27.433+0000] {dag.py:4180} INFO - Setting next_dagrun for train_pipelines to 2025-03-30 14:10:00+00:00, run_after=2025-03-30 14:15:00+00:00
[2025-03-30T14:14:27.457+0000] {processor.py:208} INFO - Processing /opt/airflow/dags/airflow_1.py took 1.924 seconds
[2025-03-30T14:14:57.859+0000] {processor.py:186} INFO - Started process (PID=2691) to work on /opt/airflow/dags/airflow_1.py
[2025-03-30T14:14:57.860+0000] {processor.py:914} INFO - Processing file /opt/airflow/dags/airflow_1.py for tasks to queue
[2025-03-30T14:14:57.861+0000] {logging_mixin.py:190} INFO - [2025-03-30T14:14:57.861+0000] {dagbag.py:588} INFO - Filling up the DagBag from /opt/airflow/dags/airflow_1.py
[2025-03-30T14:14:59.671+0000] {processor.py:925} INFO - DAG(s) 'train_pipelines' retrieved from /opt/airflow/dags/airflow_1.py
[2025-03-30T14:14:59.690+0000] {logging_mixin.py:190} INFO - [2025-03-30T14:14:59.690+0000] {dag.py:3239} INFO - Sync 1 DAGs
[2025-03-30T14:14:59.711+0000] {logging_mixin.py:190} INFO - [2025-03-30T14:14:59.711+0000] {dag.py:4180} INFO - Setting next_dagrun for train_pipelines to 2025-03-30 14:10:00+00:00, run_after=2025-03-30 14:15:00+00:00
[2025-03-30T14:14:59.726+0000] {processor.py:208} INFO - Processing /opt/airflow/dags/airflow_1.py took 1.874 seconds
[2025-03-30T14:15:29.891+0000] {processor.py:186} INFO - Started process (PID=2775) to work on /opt/airflow/dags/airflow_1.py
[2025-03-30T14:15:29.892+0000] {processor.py:914} INFO - Processing file /opt/airflow/dags/airflow_1.py for tasks to queue
[2025-03-30T14:15:29.893+0000] {logging_mixin.py:190} INFO - [2025-03-30T14:15:29.893+0000] {dagbag.py:588} INFO - Filling up the DagBag from /opt/airflow/dags/airflow_1.py
[2025-03-30T14:15:31.623+0000] {processor.py:925} INFO - DAG(s) 'train_pipelines' retrieved from /opt/airflow/dags/airflow_1.py
[2025-03-30T14:15:31.637+0000] {logging_mixin.py:190} INFO - [2025-03-30T14:15:31.636+0000] {dag.py:3239} INFO - Sync 1 DAGs
[2025-03-30T14:15:31.652+0000] {logging_mixin.py:190} INFO - [2025-03-30T14:15:31.652+0000] {dag.py:4180} INFO - Setting next_dagrun for train_pipelines to 2025-03-30 14:10:00+00:00, run_after=2025-03-30 14:15:00+00:00
[2025-03-30T14:15:31.664+0000] {processor.py:208} INFO - Processing /opt/airflow/dags/airflow_1.py took 1.781 seconds
[2025-03-30T14:16:01.749+0000] {processor.py:186} INFO - Started process (PID=2850) to work on /opt/airflow/dags/airflow_1.py
[2025-03-30T14:16:01.750+0000] {processor.py:914} INFO - Processing file /opt/airflow/dags/airflow_1.py for tasks to queue
[2025-03-30T14:16:01.751+0000] {logging_mixin.py:190} INFO - [2025-03-30T14:16:01.751+0000] {dagbag.py:588} INFO - Filling up the DagBag from /opt/airflow/dags/airflow_1.py
[2025-03-30T14:16:03.677+0000] {processor.py:925} INFO - DAG(s) 'train_pipelines' retrieved from /opt/airflow/dags/airflow_1.py
[2025-03-30T14:16:03.700+0000] {logging_mixin.py:190} INFO - [2025-03-30T14:16:03.699+0000] {dag.py:3239} INFO - Sync 1 DAGs
[2025-03-30T14:16:03.724+0000] {logging_mixin.py:190} INFO - [2025-03-30T14:16:03.724+0000] {dag.py:4180} INFO - Setting next_dagrun for train_pipelines to 2025-03-30 14:10:00+00:00, run_after=2025-03-30 14:15:00+00:00
[2025-03-30T14:16:03.740+0000] {processor.py:208} INFO - Processing /opt/airflow/dags/airflow_1.py took 2.000 seconds
[2025-03-30T14:16:33.865+0000] {processor.py:186} INFO - Started process (PID=2926) to work on /opt/airflow/dags/airflow_1.py
[2025-03-30T14:16:33.866+0000] {processor.py:914} INFO - Processing file /opt/airflow/dags/airflow_1.py for tasks to queue
[2025-03-30T14:16:33.867+0000] {logging_mixin.py:190} INFO - [2025-03-30T14:16:33.867+0000] {dagbag.py:588} INFO - Filling up the DagBag from /opt/airflow/dags/airflow_1.py
[2025-03-30T14:16:35.636+0000] {processor.py:925} INFO - DAG(s) 'train_pipelines' retrieved from /opt/airflow/dags/airflow_1.py
[2025-03-30T14:16:35.655+0000] {logging_mixin.py:190} INFO - [2025-03-30T14:16:35.654+0000] {dag.py:3239} INFO - Sync 1 DAGs
[2025-03-30T14:16:35.672+0000] {logging_mixin.py:190} INFO - [2025-03-30T14:16:35.672+0000] {dag.py:4180} INFO - Setting next_dagrun for train_pipelines to 2025-03-30 14:10:00+00:00, run_after=2025-03-30 14:15:00+00:00
[2025-03-30T14:16:35.687+0000] {processor.py:208} INFO - Processing /opt/airflow/dags/airflow_1.py took 1.831 seconds
[2025-03-30T14:17:06.333+0000] {processor.py:186} INFO - Started process (PID=3007) to work on /opt/airflow/dags/airflow_1.py
[2025-03-30T14:17:06.334+0000] {processor.py:914} INFO - Processing file /opt/airflow/dags/airflow_1.py for tasks to queue
[2025-03-30T14:17:06.335+0000] {logging_mixin.py:190} INFO - [2025-03-30T14:17:06.335+0000] {dagbag.py:588} INFO - Filling up the DagBag from /opt/airflow/dags/airflow_1.py
[2025-03-30T14:17:08.103+0000] {processor.py:925} INFO - DAG(s) 'train_pipelines' retrieved from /opt/airflow/dags/airflow_1.py
[2025-03-30T14:17:08.119+0000] {logging_mixin.py:190} INFO - [2025-03-30T14:17:08.119+0000] {dag.py:3239} INFO - Sync 1 DAGs
[2025-03-30T14:17:08.134+0000] {logging_mixin.py:190} INFO - [2025-03-30T14:17:08.134+0000] {dag.py:4180} INFO - Setting next_dagrun for train_pipelines to 2025-03-30 14:10:00+00:00, run_after=2025-03-30 14:15:00+00:00
[2025-03-30T14:17:08.158+0000] {processor.py:208} INFO - Processing /opt/airflow/dags/airflow_1.py took 1.832 seconds
[2025-03-30T14:17:38.509+0000] {processor.py:186} INFO - Started process (PID=3089) to work on /opt/airflow/dags/airflow_1.py
[2025-03-30T14:17:38.510+0000] {processor.py:914} INFO - Processing file /opt/airflow/dags/airflow_1.py for tasks to queue
[2025-03-30T14:17:38.511+0000] {logging_mixin.py:190} INFO - [2025-03-30T14:17:38.511+0000] {dagbag.py:588} INFO - Filling up the DagBag from /opt/airflow/dags/airflow_1.py
[2025-03-30T14:17:40.399+0000] {processor.py:925} INFO - DAG(s) 'train_pipelines' retrieved from /opt/airflow/dags/airflow_1.py
[2025-03-30T14:17:40.416+0000] {logging_mixin.py:190} INFO - [2025-03-30T14:17:40.415+0000] {dag.py:3239} INFO - Sync 1 DAGs
[2025-03-30T14:17:40.432+0000] {logging_mixin.py:190} INFO - [2025-03-30T14:17:40.432+0000] {dag.py:4180} INFO - Setting next_dagrun for train_pipelines to 2025-03-30 14:10:00+00:00, run_after=2025-03-30 14:15:00+00:00
[2025-03-30T14:17:40.450+0000] {processor.py:208} INFO - Processing /opt/airflow/dags/airflow_1.py took 1.948 seconds
[2025-03-30T14:18:10.528+0000] {processor.py:186} INFO - Started process (PID=3168) to work on /opt/airflow/dags/airflow_1.py
[2025-03-30T14:18:10.529+0000] {processor.py:914} INFO - Processing file /opt/airflow/dags/airflow_1.py for tasks to queue
[2025-03-30T14:18:10.532+0000] {logging_mixin.py:190} INFO - [2025-03-30T14:18:10.531+0000] {dagbag.py:588} INFO - Filling up the DagBag from /opt/airflow/dags/airflow_1.py
[2025-03-30T14:18:12.830+0000] {processor.py:925} INFO - DAG(s) 'train_pipelines' retrieved from /opt/airflow/dags/airflow_1.py
[2025-03-30T14:18:12.850+0000] {logging_mixin.py:190} INFO - [2025-03-30T14:18:12.849+0000] {dag.py:3239} INFO - Sync 1 DAGs
[2025-03-30T14:18:12.872+0000] {logging_mixin.py:190} INFO - [2025-03-30T14:18:12.871+0000] {dag.py:4180} INFO - Setting next_dagrun for train_pipelines to 2025-03-30 14:10:00+00:00, run_after=2025-03-30 14:15:00+00:00
[2025-03-30T14:18:12.892+0000] {processor.py:208} INFO - Processing /opt/airflow/dags/airflow_1.py took 2.375 seconds
